         #Time  Core     P_PKG     P_PP0    P_DRAM  Core     P_PKG     P_PP0    P_DRAM
 1494890227.44     0     28.16      0.00      8.06    12     27.70      0.00      8.36
 1494890227.54     0     43.78      0.00     14.55    12     42.84      0.00     14.87
 1494890227.64     0     54.04      0.00     15.54    12     53.80      0.00     15.99
 1494890227.74     0     60.09      0.00     14.17    12     59.58      0.00     14.90
 1494890227.84     0     54.17      0.00     11.74    12     55.29      0.00     12.13
 1494890227.94     0     55.84      0.00     11.90    12     53.65      0.00     12.54
 1494890228.04     0     54.98      0.00     10.87    12     54.08      0.00     11.28
 1494890228.14     0     60.45      0.00     13.73    12     60.16      0.00     14.07
 1494890228.24     0     61.55      0.00     14.58    12     59.81      0.00     14.63
 1494890228.34     0     58.25      0.00     12.99    12     58.70      0.00     13.97
 1494890228.44     0     59.83      0.00     13.24    12     57.83      0.00     13.62
 1494890228.55     0     59.45      0.00     13.83    12     59.58      0.00     14.98
 1494890228.65     0     64.04      0.00     15.36    12     62.63      0.00     14.94
 1494890228.75     0     57.43      0.00     13.22    12     57.84      0.00     13.12
 1494890228.85     0     62.50      0.00     14.97    12     61.00      0.00     15.31
 1494890228.95     0     59.10      0.00     13.29    12     59.16      0.00     13.99
 1494890229.05     0     54.29      0.00      9.83    12     52.49      0.00     10.13
 1494890229.15     0     56.28      0.00     11.22    12     55.57      0.00     11.56
 1494890229.25     0     58.29      0.00     14.02    12     58.66      0.00     14.47
 1494890229.35     0     60.02      0.00     14.44    12     60.00      0.00     14.81
 1494890229.45     0     60.70      0.00     14.17    12     59.80      0.00     14.43
 1494890229.55     0     58.86      0.00     12.13    12     57.60      0.00     12.69
 1494890229.65     0     61.97      0.00     14.59    12     61.89      0.00     14.80
 1494890229.75     0     60.38      0.00     13.76    12     57.20      0.00     12.78
 1494890229.85     0     61.66      0.00     14.81    12     61.85      0.00     15.46
 1494890229.95     0     61.02      0.00     13.89    12     59.33      0.00     14.44
 1494890230.05     0     55.73      0.00     10.09    12     55.16      0.00     11.12
 1494890230.15     0     51.72      0.00      9.12    12     48.94      0.00      9.25
 1494890230.25     0     58.34      0.00     13.67    12     57.82      0.00     13.93
 1494890230.35     0     61.56      0.00     14.88    12     61.47      0.00     15.13
 1494890230.46     0     58.72      0.00     12.85    12     58.52      0.00     14.26
 1494890230.56     0     60.11      0.00     13.17    12     58.10      0.00     13.71
 1494890230.66     0     59.05      0.00     13.28    12     59.64      0.00     14.99
 1494890230.76     0     61.98      0.00     14.97    12     61.11      0.00     14.38
 1494890230.86     0     59.84      0.00     13.99    12     58.39      0.00     13.91
 1494890230.96     0     61.63      0.00     14.68    12     60.71      0.00     15.28
 1494890231.06     0     58.26      0.00     11.84    12     58.36      0.00     12.43
 1494890231.16     0     58.32      0.00     11.70    12     55.84      0.00     12.00
 1494890231.26     0     58.08      0.00     13.43    12     59.81      0.00     13.95
 1494890231.36     0     60.77      0.00     14.61    12     61.08      0.00     15.20
 1494890231.46     0     61.07      0.00     13.52    12     59.17      0.00     14.25
 1494890231.56     0     58.68      0.00     12.34    12     57.85      0.00     12.81
 1494890231.66     0     60.27      0.00     14.08    12     60.52      0.00     15.54
 1494890231.76     0     63.04      0.00     15.52    12     62.24      0.00     15.73
 1494890231.86     0     58.85      0.00     12.68    12     55.46      0.00     11.98
 1494890231.96     0     60.77      0.00     14.40    12     60.30      0.00     14.82
 1494890232.06     0     58.58      0.00     12.07    12     59.88      0.00     13.58
 1494890232.16     0     58.63      0.00     12.15    12     58.46      0.00     12.39
 1494890232.26     0     60.13      0.00     14.71    12     60.01      0.00     14.61
 1494890232.36     0     58.94      0.00     13.53    12     60.41      0.00     14.20
 1494890232.46     0     62.31      0.00     14.18    12     59.17      0.00     14.63
 1494890232.56     0     59.06      0.00     12.31    12     56.99      0.00     12.82
 1494890232.66     0     59.28      0.00     13.19    12     59.95      0.00     15.02
 1494890232.77     0     61.03      0.00     14.25    12     61.13      0.00     15.46
 1494890232.87     0     58.73      0.00     13.80    12     59.02      0.00     13.13
 1494890232.97     0     62.17      0.00     14.86    12     60.56      0.00     14.68
 1494890233.07     0     59.95      0.00     12.04    12     59.33      0.00     12.91
 1494890233.17     0     60.31      0.00     12.60    12     58.06      0.00     12.87
 1494890233.27     0     58.65      0.00     14.65    12     59.57      0.00     14.93
 1494890233.37     0     59.61      0.00     13.49    12     58.53      0.00     13.69
 1494890233.47     0     60.83      0.00     13.66    12     58.75      0.00     14.10
 1494890233.57     0     60.74      0.00     13.25    12     57.10      0.00     13.18
 1494890233.67     0     61.71      0.00     14.67    12     61.78      0.00     15.96
 1494890233.77     0     59.77      0.00     13.59    12     58.42      0.00     13.83
 1494890233.87     0     59.56      0.00     13.74    12     58.89      0.00     13.04
 1494890233.97     0     62.33      0.00     14.97    12     60.49      0.00     14.36
 1494890234.07     0     57.97      0.00     11.15    12     56.20      0.00     11.48
 1494890234.17     0     50.01      0.00      9.04    12     47.76      0.00      9.50
 1494890234.27     0     56.21      0.00     12.92    12     56.04      0.00     13.75
 1494890234.37     0     62.59      0.00     15.54    12     62.49      0.00     15.77
 1494890234.47     0     55.52      0.00     11.14    12     53.68      0.00     11.87
 1494890234.57     0     60.15      0.00     13.11    12     59.71      0.00     13.70
 1494890234.67     0     58.63      0.00     13.83    12     59.12      0.00     15.01
 1494890234.77     0     60.41      0.00     13.85    12     61.55      0.00     15.06
 1494890234.87     0     59.24      0.00     13.73    12     57.91      0.00     13.71
 1494890234.98     0     62.64      0.00     15.19    12     60.39      0.00     14.37
 1494890235.08     0     58.32      0.00     12.41    12     58.57      0.00     13.44
 1494890235.18     0     58.25      0.00     11.58    12     56.46      0.00     11.96
 1494890235.28     0     59.16      0.00     13.54    12     57.98      0.00     14.27
 1494890235.38     0     61.39      0.00     14.56    12     61.29      0.00     15.16
 1494890235.48     0     57.94      0.00     12.23    12     56.12      0.00     13.02
 1494890235.58     0     58.88      0.00     12.19    12     57.77      0.00     12.81
 1494890235.68     0     62.70      0.00     14.81    12     61.30      0.00     15.20
 1494890235.78     0     61.02      0.00     14.29    12     61.72      0.00     15.37
 1494890235.88     0     59.19      0.00     13.05    12     56.45      0.00     13.24
 1494890235.98     0     61.07      0.00     14.62    12     60.31      0.00     14.50
 1494890236.08     0     61.56      0.00     14.18    12     59.54      0.00     13.71
 1494890236.18     0     54.28      0.00      9.26    12     52.57      0.00      9.73
 1494890236.28     0     56.43      0.00     11.12    12     53.03      0.00     11.41
 1494890236.38     0     58.03      0.00     14.01    12     57.71      0.00     14.66
 1494890236.48     0     58.47      0.00     13.26    12     59.79      0.00     14.11
 1494890236.58     0     60.30      0.00     14.39    12     59.35      0.00     14.63
 1494890236.68     0     59.05      0.00     12.11    12     57.48      0.00     12.53
 1494890236.79     0     61.01      0.00     14.52    12     60.16      0.00     15.27
 1494890236.89     0     61.68      0.00     14.76    12     61.24      0.00     14.92
 1494890236.99     0     58.55      0.00     13.05    12     58.16      0.00     13.74
 1494890237.09     0     61.29      0.00     14.65    12     59.29      0.00     14.30
 1494890237.19     0     60.77      0.00     11.94    12     58.62      0.00     12.24
 1494890237.29     0     58.79      0.00     12.21    12     57.03      0.00     12.59
 1494890237.39     0     57.83      0.00     13.73    12     58.66      0.00     14.55
 1494890237.49     0     61.28      0.00     14.26    12     60.78      0.00     14.66
 1494890237.59     0     61.39      0.00     13.84    12     61.16      0.00     14.19
 1494890237.69     0     59.10      0.00     12.17    12     56.54      0.00     12.37
 1494890237.79     0     61.66      0.00     14.74    12     60.75      0.00     15.71
 1494890237.89     0     61.10      0.00     14.61    12     60.45      0.00     15.21
 1494890237.99     0     59.73      0.00     12.84    12     58.40      0.00     12.67
 1494890238.09     0     62.11      0.00     14.90    12     60.28      0.00     14.45
 1494890238.19     0     59.64      0.00     13.36    12     57.36      0.00     12.64
 1494890238.29     0     54.96      0.00      9.45    12     51.65      0.00      9.96
 1494890238.39     0     54.88      0.00     10.73    12     53.37      0.00     11.22
 1494890238.49     0     58.76      0.00     14.15    12     57.43      0.00     14.20
 1494890238.59     0     60.30      0.00     13.57    12     59.05      0.00     14.26
 1494890238.70     0     60.42      0.00     14.09    12     60.28      0.00     14.35
 1494890238.80     0     58.29      0.00     12.52    12     56.49      0.00     12.51
 1494890238.90     0     59.59      0.00     13.83    12     59.45      0.00     14.64
 1494890239.00     0     61.89      0.00     15.04    12     61.58      0.00     15.35
 1494890239.10     0     60.38      0.00     13.97    12     59.38      0.00     13.85
 1494890239.20     0     62.17      0.00     15.26    12     61.67      0.00     14.85
 1494890239.30     0     56.51      0.00     11.07    12     54.96      0.00     11.50
 1494890239.40     0     59.86      0.00     13.05    12     58.68      0.00     13.50
 1494890239.50     0     59.77      0.00     14.11    12     58.02      0.00     14.51
 1494890239.60     0     59.45      0.00     13.42    12     60.80      0.00     14.47
 1494890239.70     0     60.69      0.00     14.28    12     59.87      0.00     14.10
 1494890239.80     0     59.80      0.00     12.97    12     57.39      0.00     13.28
 1494890239.90     0     62.35      0.00     15.36    12     61.61      0.00     15.71
 1494890240.00     0     58.45      0.00     13.17    12     58.04      0.00     13.08
 1494890240.10     0     59.59      0.00     12.79    12     58.83      0.00     13.49
 1494890240.20     0     62.23      0.00     14.97    12     62.02      0.00     15.29
 1494890240.31     0     58.55      0.00     11.03    12     54.39      0.00     11.19
 1494890240.41     0     59.23      0.00     12.57    12     58.08      0.00     13.10
 1494890240.51     0     59.05      0.00     14.25    12     57.64      0.00     14.44
 1494890240.61     0     60.85      0.00     13.61    12     61.44      0.00     15.11
 1494890240.71     0     60.75      0.00     13.80    12     59.77      0.00     14.17
 1494890240.81     0     57.73      0.00     13.22    12     57.97      0.00     13.26
 1494890240.91     0     60.60      0.00     14.13    12     59.14      0.00     14.77
 1494890241.01     0     60.75      0.00     14.20    12     60.05      0.00     14.42
 1494890241.11     0     60.56      0.00     14.21    12     60.29      0.00     14.51
 1494890241.21     0     62.26      0.00     14.83    12     63.06      0.00     15.37
 1494890241.31     0     55.14      0.00     10.15    12     51.87      0.00     10.14
 1494890241.41     0     51.38      0.00      9.08    12     48.78      0.00      9.33
 1494890241.51     0     58.69      0.00     13.46    12     56.41      0.00     14.02
 1494890241.61     0     62.04      0.00     15.08    12     61.44      0.00     15.01
 1494890241.71     0     57.48      0.00     12.43    12     58.54      0.00     13.34
 1494890241.81     0     60.97      0.00     13.30    12     59.55      0.00     13.75
 1494890241.92     0     60.83      0.00     14.43    12     60.29      0.00     15.38
 1494890242.02     0     62.44      0.00     15.08    12     62.04      0.00     15.90
 1494890242.12     0     58.69      0.00     12.50    12     58.02      0.00     12.42
 1494890242.22     0     62.16      0.00     15.09    12     60.73      0.00     15.11
 1494890242.32     0     59.83      0.00     13.31    12     58.02      0.00     13.48
 1494890242.42     0     57.22      0.00     11.58    12     56.12      0.00     11.78
 1494890242.52     0     59.83      0.00     13.93    12     58.47      0.00     14.27
 1494890242.62     0     61.29      0.00     14.81    12     60.03      0.00     15.11
 1494890242.72     0     59.93      0.00     13.07    12     59.84      0.00     14.43
 1494890242.82     0     58.51      0.00     12.48    12     57.99      0.00     12.51
 1494890242.92     0     59.67      0.00     14.35    12     59.11      0.00     14.73
 1494890243.02     0     61.27      0.00     14.29    12     61.01      0.00     15.54
 1494890243.12     0     59.92      0.00     13.97    12     58.82      0.00     13.87
 1494890243.22     0     62.77      0.00     15.30    12     62.29      0.00     15.77
 1494890243.32     0     57.82      0.00     12.62    12     59.34      0.00     13.04
 1494890243.42     0     56.51      0.00     11.26    12     54.00      0.00     11.12
 1494890243.53     0     59.53      0.00     14.08    12     58.35      0.00     13.77
 1494890243.63     0     61.45      0.00     14.34    12     59.36      0.00     14.87
 1494890243.73     0     60.04      0.00     13.25    12     60.14      0.00     14.04
 1494890243.83     0     57.08      0.00     11.99    12     55.20      0.00     12.49
 1494890243.93     0     60.23      0.00     15.23    12     60.23      0.00     15.13
 1494890244.03     0     61.73      0.00     14.75    12     61.46      0.00     15.57
 1494890244.13     0     58.77      0.00     12.14    12     57.31      0.00     12.07
 1494890244.23     0     61.69      0.00     13.92    12     59.51      0.00     14.77
 1494890244.33     0     61.45      0.00     13.37    12     60.60      0.00     14.07
 1494890244.43     0     56.02      0.00     10.04    12     53.64      0.00     10.30
 1494890244.53     0     55.21      0.00     11.18    12     53.25      0.00     11.19
 1494890244.63     0     58.91      0.00     13.99    12     55.44      0.00     13.99
 1494890244.73     0     60.90      0.00     13.85    12     60.78      0.00     14.91
 1494890244.83     0     60.36      0.00     13.77    12     60.28      0.00     14.37
 1494890244.93     0     58.88      0.00     12.30    12     58.95      0.00     12.84
 1494890245.03     0     60.03      0.00     13.74    12     59.39      0.00     15.19
 1494890245.13     0     60.92      0.00     13.86    12     59.30      0.00     13.90
 1494890245.23     0     62.03      0.00     15.19    12     60.84      0.00     14.82
 1494890245.34     0     61.21      0.00     15.08    12     62.11      0.00     15.56
 1494890245.44     0     57.92      0.00     10.63    12     55.55      0.00     10.76
 1494890245.54     0     59.90      0.00     13.07    12     58.97      0.00     12.84
 1494890245.64     0     58.27      0.00     13.97    12     56.91      0.00     14.15
 1494890245.74     0     61.40      0.00     14.00    12     59.32      0.00     14.68
 1494890245.84     0     61.42      0.00     13.98    12     61.18      0.00     14.57
 1494890245.94     0     56.98      0.00     11.86    12     56.21      0.00     12.42
 1494890246.04     0     61.90      0.00     15.40    12     61.34      0.00     15.74
 1494890246.14     0     58.81      0.00     12.40    12     57.24      0.00     12.96
 1494890246.24     0     60.15      0.00     13.55    12     59.04      0.00     14.27
 1494890246.34     0     60.91      0.00     13.95    12     60.64      0.00     15.00
 1494890246.44     0     60.93      0.00     11.99    12     59.40      0.00     12.19
 1494890246.54     0     52.40      0.00      9.09    12     49.80      0.00      9.16
 1494890246.64     0     58.06      0.00     13.50    12     56.49      0.00     13.92
 1494890246.74     0     62.01      0.00     15.34    12     60.69      0.00     14.89
 1494890246.84     0     57.15      0.00     12.29    12     59.13      0.00     13.72
 1494890246.94     0     61.13      0.00     13.61    12     59.29      0.00     13.82
 1494890247.04     0     59.57      0.00     14.41    12     59.86      0.00     15.12
 1494890247.14     0     61.95      0.00     14.10    12     60.75      0.00     15.22
 1494890247.24     0     55.21      0.00     10.80    12     53.51      0.00     11.24
 1494890247.34     0     62.43      0.00     15.13    12     61.36      0.00     15.62
 1494890247.44     0     59.18      0.00     13.48    12     58.24      0.00     13.51
 1494890247.54     0     58.44      0.00     11.46    12     56.22      0.00     11.51
 1494890247.64     0     58.73      0.00     13.54    12     56.93      0.00     13.13
 1494890247.75     0     62.38      0.00     15.42    12     60.65      0.00     15.14
 1494890247.85     0     58.66      0.00     12.67    12     59.19      0.00     13.71
 1494890247.95     0     60.82      0.00     13.52    12     60.40      0.00     13.78
 1494890248.05     0     61.17      0.00     14.76    12     61.10      0.00     15.27
 1494890248.15     0     62.72      0.00     15.08    12     62.06      0.00     16.06
 1494890248.25     0     59.13      0.00     12.34    12     57.16      0.00     12.92
 1494890248.35     0     60.88      0.00     14.04    12     59.45      0.00     14.97
 1494890248.45     0     62.55      0.00     15.16    12     61.68      0.00     15.55
 1494890248.55     0     54.86      0.00      9.60    12     53.14      0.00     10.16
 1494890248.65     0     56.49      0.00     11.12    12     54.27      0.00     11.19
 1494890248.75     0     59.70      0.00     14.27    12     57.92      0.00     14.00
 1494890248.85     0     59.68      0.00     13.51    12     60.58      0.00     14.73
 1494890248.95     0     61.85      0.00     14.08    12     60.76      0.00     14.64
 1494890249.05     0     58.97      0.00     12.35    12     58.19      0.00     12.96
 1494890249.15     0     61.74      0.00     14.92    12     60.32      0.00     15.42
 1494890249.26     0     62.10      0.00     14.66    12     60.95      0.00     15.55
 1494890249.36     0     58.30      0.00     12.14    12     57.19      0.00     12.98
 1494890249.46     0     62.82      0.00     15.31    12     62.30      0.00     15.56
 1494890249.56     0     57.46      0.00     11.75    12     57.02      0.00     12.00
 1494890249.66     0     59.13      0.00     12.18    12     57.06      0.00     12.17
 1494890249.76     0     59.31      0.00     14.72    12     57.63      0.00     14.29
 1494890249.86     0     61.19      0.00     13.99    12     60.34      0.00     14.59
 1494890249.96     0     60.04      0.00     13.95    12     60.39      0.00     14.21
 1494890250.06     0     58.91      0.00     11.41    12     57.46      0.00     12.18
 1494890250.16     0     62.08      0.00     15.33    12     61.22      0.00     15.75
 1494890250.26     0     61.45      0.00     14.42    12     60.11      0.00     15.29
 1494890250.36     0     56.01      0.00     10.75    12     54.76      0.00     10.93
 1494890250.46     0     61.72      0.00     14.48    12     59.86      0.00     15.01
 1494890250.56     0     61.96      0.00     13.50    12     61.66      0.00     13.80
 1494890250.66     0     57.78      0.00     11.56    12     56.38      0.00     11.65
 1494890250.76     0     58.99      0.00     14.51    12     57.51      0.00     13.81
 1494890250.86     0     61.07      0.00     14.38    12     61.33      0.00     15.28
 1494890250.96     0     61.38      0.00     14.32    12     60.10      0.00     14.38
 1494890251.07     0     59.76      0.00     12.92    12     59.59      0.00     13.77
 1494890251.17     0     60.76      0.00     14.36    12     60.43      0.00     15.06
 1494890251.27     0     60.94      0.00     14.03    12     59.43      0.00     14.86
 1494890251.37     0     59.47      0.00     12.94    12     58.33      0.00     13.45
 1494890251.47     0     62.25      0.00     14.51    12     61.84      0.00     15.37
 1494890251.57     0     58.73      0.00     11.54    12     57.45      0.00     11.74
 1494890251.67     0     59.78      0.00     12.43    12     58.16      0.00     12.87
 1494890251.77     0     58.99      0.00     14.05    12     56.98      0.00     14.04
 1494890251.87     0     60.60      0.00     14.04    12     60.39      0.00     14.53
 1494890251.97     0     60.39      0.00     14.07    12     59.77      0.00     14.00
 1494890252.07     0     59.52      0.00     12.83    12     58.25      0.00     13.18
 1494890252.17     0     61.17      0.00     15.21    12     61.41      0.00     15.83
 1494890252.27     0     59.62      0.00     13.64    12     59.36      0.00     14.09
 1494890252.37     0     58.81      0.00     11.92    12     56.98      0.00     13.20
 1494890252.47     0     61.23      0.00     14.34    12     61.04      0.00     14.80
 1494890252.57     0     60.55      0.00     12.53    12     59.52      0.00     12.87
 1494890252.68     0     59.86      0.00     12.66    12     57.78      0.00     12.71
 1494890252.78     0     60.12      0.00     15.21    12     59.12      0.00     15.05
 1494890252.88     0     60.40      0.00     13.95    12     59.72      0.00     14.15
 1494890252.98     0     60.33      0.00     14.18    12     60.95      0.00     14.59
 1494890253.08     0     60.01      0.00     13.28    12     58.96      0.00     13.87
 1494890253.18     0     60.17      0.00     14.47    12     59.52      0.00     14.33
 1494890253.28     0     60.07      0.00     13.13    12     58.10      0.00     13.19
 1494890253.38     0     61.15      0.00     14.28    12     61.41      0.00     15.44
 1494890253.48     0     61.78      0.00     15.00    12     61.30      0.00     15.04
 1494890253.58     0     58.46      0.00     10.94    12     57.28      0.00     11.61
 1494890253.68     0     60.28      0.00     13.03    12     59.66      0.00     13.73
 1494890253.78     0     59.52      0.00     14.22    12     57.38      0.00     14.92
 1494890253.88     0     60.71      0.00     14.24    12     59.62      0.00     14.44
 1494890253.98     0     61.99      0.00     13.91    12     60.17      0.00     14.57
 1494890254.08     0     61.51      0.00     14.40    12     60.82      0.00     14.77
 1494890254.18     0     60.73      0.00     14.32    12     60.48      0.00     15.30
 1494890254.28     0     59.48      0.00     13.05    12     58.11      0.00     13.20
 1494890254.38     0     61.44      0.00     14.23    12     58.99      0.00     15.09
 1494890254.48     0     60.81      0.00     13.92    12     60.76      0.00     14.84
 1494890254.58     0     58.18      0.00     11.15    12     57.51      0.00     11.67
 1494890254.68     0     60.45      0.00     13.72    12     59.06      0.00     14.04
 1494890254.78     0     61.68      0.00     14.51    12     59.90      0.00     14.83
 1494890254.88     0     57.78      0.00     12.35    12     57.09      0.00     13.39
 1494890254.98     0     59.47      0.00     13.26    12     58.63      0.00     13.21
 1494890255.08     0     62.37      0.00     14.46    12     60.50      0.00     14.35
 1494890255.18     0     61.45      0.00     14.55    12     61.39      0.00     15.20
 1494890255.28     0     57.14      0.00     11.90    12     56.29      0.00     12.52
 1494890255.39     0     60.36      0.00     14.06    12     59.33      0.00     15.01
 1494890255.49     0     61.06      0.00     14.52    12     60.51      0.00     14.88
 1494890255.59     0     59.19      0.00     11.32    12     57.48      0.00     11.73
 1494890255.69     0     60.01      0.00     13.54    12     59.57      0.00     14.19
 1494890255.79     0     61.87      0.00     14.85    12     61.37      0.00     15.50
 1494890255.89     0     57.08      0.00     12.02    12     55.83      0.00     12.79
 1494890255.99     0     59.76      0.00     13.31    12     58.38      0.00     13.51
 1494890256.09     0     62.13      0.00     14.73    12     61.25      0.00     14.81
 1494890256.19     0     63.14      0.00     14.95    12     61.97      0.00     15.41
 1494890256.29     0     56.85      0.00     12.06    12     56.79      0.00     12.81
 1494890256.39     0     61.52      0.00     14.40    12     59.61      0.00     15.04
 1494890256.49     0     61.33      0.00     13.57    12     59.97      0.00     14.43
 1494890256.59     0     57.04      0.00     10.65    12     55.83      0.00     11.08
 1494890256.69     0     61.15      0.00     13.67    12     58.40      0.00     13.92
 1494890256.79     0     61.92      0.00     14.56    12     61.63      0.00     15.61
 1494890256.89     0     57.17      0.00     12.25    12     55.27      0.00     12.23
 1494890256.99     0     60.10      0.00     14.16    12     57.91      0.00     13.98
 1494890257.09     0     61.79      0.00     14.78    12     60.20      0.00     14.40
 1494890257.19     0     61.81      0.00     14.22    12     61.87      0.00     15.36
 1494890257.29     0     59.41      0.00     13.11    12     56.69      0.00     12.82
 1494890257.39     0     62.07      0.00     15.29    12     61.88      0.00     15.73
 1494890257.49     0     59.66      0.00     13.54    12     59.65      0.00     14.28
 1494890257.59     0     59.40      0.00     11.49    12     57.51      0.00     11.86
 1494890257.69     0     59.23      0.00     13.21    12     58.05      0.00     14.32
 1494890257.79     0     63.44      0.00     15.43    12     62.17      0.00     15.72
 1494890257.89     0     57.40      0.00     11.97    12     54.73      0.00     12.01
 1494890257.99     0     58.02      0.00     12.01    12     56.70      0.00     12.24
 1494890258.09     0     59.87      0.00     14.81    12     60.09      0.00     14.61
 1494890258.20     0     62.25      0.00     14.74    12     62.63      0.00     15.12
 1494890258.30     0     59.37      0.00     12.86    12     56.45      0.00     12.80
 1494890258.40     0     61.87      0.00     14.66    12     60.54      0.00     14.94
 1494890258.50     0     60.66      0.00     13.67    12     60.99      0.00     14.78
 1494890258.60     0     59.76      0.00     12.05    12     57.94      0.00     12.51
 1494890258.70     0     52.24      0.00      9.06    12     49.92      0.00      9.77
 1494890258.80     0     59.96      0.00     13.61    12     59.54      0.00     14.79
 1494890258.90     0     62.91      0.00     15.76    12     62.21      0.00     15.06
 1494890259.00     0     58.11      0.00     12.71    12     57.13      0.00     13.17
 1494890259.10     0     60.93      0.00     13.48    12     57.02      0.00     13.80
 1494890259.20     0     62.29      0.00     15.19    12     60.85      0.00     15.16
 1494890259.30     0     62.33      0.00     14.55    12     61.72      0.00     15.26
 1494890259.40     0     54.48      0.00     11.85    12     55.95      0.00     12.29
 1494890259.50     0     61.91      0.00     14.99    12     60.95      0.00     15.35
 1494890259.60     0     59.05      0.00     12.16    12     59.31      0.00     12.71
 1494890259.70     0     56.69      0.00     11.23    12     55.69      0.00     11.63
 1494890259.80     0     61.46      0.00     13.98    12     59.40      0.00     14.86
 1494890259.90     0     61.24      0.00     14.88    12     60.77      0.00     15.17
 1494890260.00     0     61.47      0.00     14.14    12     60.16      0.00     14.24
 1494890260.10     0     58.07      0.00     12.73    12     57.04      0.00     13.01
 1494890260.20     0     63.12      0.00     15.44    12     62.62      0.00     15.87
 1494890260.30     0     59.09      0.00     14.06    12     58.97      0.00     14.02
 1494890260.40     0     57.32      0.00     12.71    12     57.44      0.00     13.14
 1494890260.50     0     60.34      0.00     13.71    12     58.99      0.00     14.84
 1494890260.61     0     60.61      0.00     12.05    12     59.65      0.00     13.02
 1494890260.71     0     52.23      0.00      9.09    12     49.34      0.00      9.66
 1494890260.81     0     56.26      0.00     12.07    12     53.92      0.00     12.96
 1494890260.91     0     61.95      0.00     14.72    12     61.61      0.00     15.15
 1494890261.01     0     60.49      0.00     13.66    12     58.22      0.00     13.61
 1494890261.11     0     59.17      0.00     12.67    12     58.94      0.00     13.38
 1494890261.21     0     60.65      0.00     14.40    12     58.45      0.00     14.60
 1494890261.31     0     63.06      0.00     14.64    12     63.45      0.00     15.47
 1494890261.41     0     57.88      0.00     12.59    12     56.30      0.00     12.67
 1494890261.51     0     61.62      0.00     15.17    12     60.76      0.00     15.24
 1494890261.61     0     59.68      0.00     12.71    12     59.82      0.00     14.12
 1494890261.71     0     54.66      0.00      9.78    12     52.11      0.00     10.20
 1494890261.81     0     56.47      0.00     11.18    12     53.81      0.00     11.19
 1494890261.91     0     60.31      0.00     14.18    12     57.29      0.00     14.44
 1494890262.01     0     60.18      0.00     13.80    12     59.54      0.00     14.68
 1494890262.11     0     61.55      0.00     14.38    12     59.59      0.00     14.24
 1494890262.21     0     58.02      0.00     11.80    12     55.93      0.00     11.87
 1494890262.31     0     62.54      0.00     15.21    12     61.59      0.00     15.52
 1494890262.41     0     58.06      0.00     13.10    12     58.00      0.00     12.76
 1494890262.51     0     61.37      0.00     14.20    12     60.54      0.00     14.56
 1494890262.61     0     61.46      0.00     14.59    12     60.91      0.00     15.34
 1494890262.71     0     56.96      0.00     10.64    12     56.47      0.00     11.29
 1494890262.82     0     50.67      0.00      9.16    12     47.97      0.00      9.50
 1494890262.92     0     54.86      0.00     12.56    12     54.30      0.00     13.05
 1494890263.02     0     62.49      0.00     15.42    12     62.05      0.00     15.67
 1494890263.12     0     59.48      0.00     12.71    12     57.02      0.00     13.21
 1494890263.22     0     59.28      0.00     12.75    12     57.77      0.00     13.41
 1494890263.32     0     59.80      0.00     14.26    12     59.39      0.00     14.86
 1494890263.42     0     62.81      0.00     15.15    12     62.75      0.00     15.40
 1494890263.52     0     56.95      0.00     12.83    12     55.90      0.00     12.49
 1494890263.62     0     62.38      0.00     15.42    12     62.63      0.00     15.82
 1494890263.72     0     56.88      0.00     12.40    12     58.81      0.00     13.53
 1494890263.82     0     54.04      0.00      9.53    12     51.91      0.00      9.88
 1494890263.92     0     56.41      0.00     11.22    12     54.50      0.00     11.74
 1494890264.02     0     59.54      0.00     14.04    12     57.28      0.00     14.53
 1494890264.12     0     60.74      0.00     14.39    12     60.89      0.00     14.97
 1494890264.22     0     60.61      0.00     13.31    12     60.19      0.00     14.19
 1494890264.32     0     59.92      0.00     12.92    12     56.77      0.00     12.98
 1494890264.42     0     63.37      0.00     15.19    12     60.96      0.00     14.76
 1494890264.52     0     57.87      0.00     12.15    12     57.32      0.00     12.31
 1494890264.62     0     60.93      0.00     14.73    12     59.58      0.00     14.86
 1494890264.72     0     62.09      0.00     14.69    12     61.58      0.00     14.97
 1494890264.82     0     56.24      0.00     10.13    12     54.68      0.00     10.78
 1494890264.92     0     54.78      0.00     10.25    12     52.28      0.00     10.95
 1494890265.02     0     59.89      0.00     14.42    12     59.16      0.00     14.67
 1494890265.12     0     61.85      0.00     14.96    12     61.39      0.00     15.08
 1494890265.23     0     60.80      0.00     14.07    12     59.62      0.00     14.34
 1494890265.33     0     57.26      0.00     11.91    12     55.99      0.00     12.04
 1494890265.43     0     60.17      0.00     13.97    12     59.90      0.00     14.93
 1494890265.53     0     62.78      0.00     15.24    12     61.63      0.00     14.51
 1494890265.63     0     56.65      0.00     11.74    12     55.27      0.00     12.13
 1494890265.73     0     63.28      0.00     15.24    12     62.68      0.00     15.56
 1494890265.83     0     57.81      0.00     11.36    12     57.04      0.00     12.28
 1494890265.93     0     53.31      0.00     10.02    12     51.19      0.00     10.16
 1494890266.03     0     54.03      0.00     11.14    12     53.02      0.00     11.79
 1494890266.13     0     60.25      0.00     14.54    12     60.21      0.00     15.05
 1494890266.23     0     59.97      0.00     13.31    12     58.26      0.00     13.37
 1494890266.33     0     58.92      0.00     13.44    12     58.57      0.00     13.55
 1494890266.43     0     59.84      0.00     13.01    12     58.12      0.00     13.52
 1494890266.53     0     62.07      0.00     14.87    12     60.14      0.00     14.17
 1494890266.63     0     60.86      0.00     14.32    12     60.48      0.00     13.93
 1494890266.73     0     60.57      0.00     14.24    12     57.85      0.00     15.12
 1494890266.83     0     60.45      0.00     14.27    12     60.14      0.00     14.88
 1494890266.93     0     52.75      0.00      8.63    12     51.86      0.00      9.60
 1494890267.03     0     53.69      0.00     10.31    12     51.62      0.00     10.55
 1494890267.13     0     58.14      0.00     13.70    12     58.30      0.00     14.23
 1494890267.23     0     60.79      0.00     14.32    12     59.37      0.00     14.46
 1494890267.33     0     61.59      0.00     13.80    12     60.18      0.00     14.79
 1494890267.44     0     58.11      0.00     11.45    12     56.40      0.00     11.86
 1494890267.54     0     59.29      0.00     14.39    12     58.95      0.00     13.93
 1494890267.64     0     61.92      0.00     15.20    12     62.37      0.00     15.26
 1494890267.74     0     58.98      0.00     12.94    12     55.49      0.00     12.71
 1494890267.84     0     62.39      0.00     15.22    12     62.02      0.00     15.57
 1494890267.94     0     57.27      0.00     11.34    12     57.98      0.00     12.60
 1494890268.04     0     54.24      0.00     10.13    12     52.23      0.00     10.42
 1494890268.14     0     55.50      0.00     11.50    12     54.68      0.00     11.68
 1494890268.24     0     59.79      0.00     14.87    12     59.81      0.00     15.19
 1494890268.34     0     57.98      0.00     12.54    12     57.43      0.00     12.86
 1494890268.44     0     61.32      0.00     14.17    12     60.68      0.00     14.62
 1494890268.54     0     60.58      0.00     14.14    12     60.83      0.00     14.41
 1494890268.64     0     61.53      0.00     15.10    12     59.64      0.00     13.68
 1494890268.74     0     61.04      0.00     13.76    12     60.20      0.00     13.58
 1494890268.84     0     60.83      0.00     13.50    12     60.45      0.00     14.68
 1494890268.94     0     59.51      0.00     13.97    12     60.60      0.00     14.73
 1494890269.04     0     61.09      0.00     12.60    12     59.67      0.00     13.56
 1494890269.14     0     56.03      0.00     10.86    12     54.09      0.00     11.39
 1494890269.24     0     59.52      0.00     14.25    12     57.96      0.00     14.54
 1494890269.34     0     61.39      0.00     14.86    12     60.57      0.00     14.54
 1494890269.44     0     61.08      0.00     13.72    12     59.50      0.00     14.23
 1494890269.54     0     58.10      0.00     12.18    12     56.48      0.00     12.81
 1494890269.64     0     60.90      0.00     14.89    12     59.80      0.00     14.99
 1494890269.74     0     61.61      0.00     14.46    12     60.12      0.00     14.26
 1494890269.84     0     59.12      0.00     12.92    12     58.92      0.00     13.73
 1494890269.95     0     61.07      0.00     14.82    12     60.98      0.00     14.45
 1494890270.05     0     60.56      0.00     12.80    12     59.84      0.00     13.33
 1494890270.15     0     53.41      0.00      9.70    12     51.24      0.00     10.13
 1494890270.25     0     54.06      0.00     11.77    12     52.72      0.00     12.15
 1494890270.35     0     61.83      0.00     15.07    12     61.81      0.00     15.38
 1494890270.45     0     59.33      0.00     12.90    12     57.97      0.00     13.32
 1494890270.55     0     60.61      0.00     13.73    12     59.25      0.00     14.16
 1494890270.65     0     61.13      0.00     14.91    12     60.16      0.00     15.45
 1494890270.75     0     62.77      0.00     15.30    12     61.80      0.00     15.20
 1494890270.85     0     59.18      0.00     13.31    12     56.97      0.00     12.98
 1494890270.95     0     58.75      0.00     13.33    12     59.73      0.00     14.89
 1494890271.05     0     60.40      0.00     13.30    12     60.25      0.00     13.89
 1494890271.15     0     53.98      0.00      9.66    12     51.91      0.00     10.15
 1494890271.25     0     54.95      0.00     11.33    12     53.39      0.00     11.79
 1494890271.35     0     59.61      0.00     14.33    12     58.85      0.00     14.84
 1494890271.45     0     60.89      0.00     14.18    12     59.89      0.00     14.32
 1494890271.55     0     60.61      0.00     14.22    12     58.64      0.00     14.65
 1494890271.65     0     59.83      0.00     13.04    12     57.52      0.00     13.48
 1494890271.75     0     59.69      0.00     14.32    12     58.81      0.00     14.90
 1494890271.86     0     60.78      0.00     13.82    12     58.34      0.00     12.99
 1494890271.96     0     62.15      0.00     15.36    12     61.92      0.00     15.55
 1494890272.06     0     60.73      0.00     14.36    12     60.50      0.00     14.86
 1494890272.16     0     55.88      0.00      9.67    12     53.25      0.00     10.10
 1494890272.26     0     52.99      0.00      9.56    12     49.79      0.00      9.90
 1494890272.36     0     59.08      0.00     14.01    12     58.77      0.00     14.38
 1494890272.46     0     61.31      0.00     14.40    12     60.92      0.00     15.40
 1494890272.56     0     59.99      0.00     13.63    12     58.71      0.00     14.00
 1494890272.66     0     58.51      0.00     13.39    12     58.10      0.00     13.81
 1494890272.76     0     60.63      0.00     14.54    12     59.34      0.00     14.90
 1494890272.86     0     63.20      0.00     15.56    12     62.42      0.00     15.65
 1494890272.96     0     58.64      0.00     12.74    12     57.67      0.00     12.92
 1494890273.06     0     61.48      0.00     14.76    12     60.55      0.00     14.63
 1494890273.16     0     59.08      0.00     12.05    12     57.63      0.00     12.35
 1494890273.26     0     53.23      0.00      9.93    12     51.22      0.00     10.33
 1494890273.36     0     54.71      0.00     11.67    12     52.17      0.00     11.95
 1494890273.46     0     59.26      0.00     13.71    12     59.57      0.00     14.71
 1494890273.56     0     59.47      0.00     13.21    12     57.69      0.00     13.36
 1494890273.66     0     59.70      0.00     13.98    12     58.65      0.00     14.01
 1494890273.76     0     61.09      0.00     14.59    12     59.07      0.00     14.91
 1494890273.86     0     60.29      0.00     13.95    12     59.80      0.00     14.59
 1494890273.96     0     61.11      0.00     13.75    12     59.85      0.00     13.47
 1494890274.07     0     62.14      0.00     14.98    12     61.24      0.00     15.75
 1494890274.17     0     59.94      0.00     13.56    12     58.91      0.00     13.91
 1494890274.27     0     59.21      0.00     11.50    12     56.76      0.00     11.84
 1494890274.37     0     59.40      0.00     13.35    12     58.00      0.00     13.56
 1494890274.47     0     62.03      0.00     15.61    12     62.41      0.00     15.91
 1494890274.57     0     58.80      0.00     12.84    12     57.43      0.00     12.93
 1494890274.67     0     59.81      0.00     13.55    12     58.97      0.00     13.83
 1494890274.77     0     61.10      0.00     14.49    12     59.89      0.00     15.17
 1494890274.87     0     63.80      0.00     15.73    12     62.02      0.00     15.79
 1494890274.97     0     59.02      0.00     12.34    12     58.27      0.00     12.25
 1494890275.07     0     62.26      0.00     15.61    12     61.30      0.00     15.04
 1494890275.17     0     57.23      0.00     11.19    12     55.09      0.00     11.39
 1494890275.27     0     57.26      0.00     11.25    12     55.57      0.00     11.72
 1494890275.37     0     58.78      0.00     13.45    12     57.57      0.00     13.62
 1494890275.47     0     62.01      0.00     14.53    12     59.99      0.00     14.58
 1494890275.57     0     58.06      0.00     12.72    12     59.70      0.00     13.93
 1494890275.67     0     60.63      0.00     13.69    12     58.76      0.00     13.95
 1494890275.77     0     60.49      0.00     14.36    12     59.13      0.00     14.54
 1494890275.87     0     61.57      0.00     14.67    12     60.18      0.00     15.14
 1494890275.97     0     60.38      0.00     13.31    12     58.53      0.00     13.65
 1494890276.08     0     62.55      0.00     15.38    12     61.78      0.00     15.18
 1494890276.18     0     57.69      0.00     12.47    12     56.99      0.00     12.89
 1494890276.28     0     58.73      0.00     11.39    12     56.14      0.00     11.73
 1494890276.38     0     58.82      0.00     13.67    12     58.45      0.00     14.33
 1494890276.48     0     62.77      0.00     15.49    12     61.23      0.00     15.45
 1494890276.58     0     59.98      0.00     13.37    12     59.98      0.00     14.06
 1494890276.68     0     59.85      0.00     13.15    12     58.33      0.00     13.31
 1494890276.78     0     61.56      0.00     14.78    12     59.95      0.00     15.17
 1494890276.88     0     63.06      0.00     15.63    12     61.59      0.00     15.61
 1494890276.98     0     58.90      0.00     12.75    12     58.27      0.00     13.09
 1494890277.08     0     63.24      0.00     15.63    12     60.51      0.00     14.28
 1494890277.18     0     59.02      0.00     12.45    12     57.71      0.00     12.70
 1494890277.28     0     57.35      0.00     11.40    12     55.74      0.00     11.82
 1494890277.38     0     59.32      0.00     14.17    12     57.67      0.00     14.28
 1494890277.48     0     62.22      0.00     15.03    12     60.25      0.00     14.69
 1494890277.58     0     58.88      0.00     12.90    12     59.18      0.00     13.97
 1494890277.68     0     59.23      0.00     13.64    12     58.44      0.00     13.78
 1494890277.78     0     59.91      0.00     13.93    12     58.89      0.00     14.96
 1494890277.88     0     61.55      0.00     14.94    12     60.80      0.00     15.38
 1494890277.98     0     60.22      0.00     13.58    12     59.58      0.00     13.86
 1494890278.08     0     62.40      0.00     15.84    12     62.94      0.00     15.26
 1494890278.18     0     56.93      0.00     10.88    12     54.65      0.00     11.27
 1494890278.28     0     56.76      0.00     11.38    12     54.85      0.00     11.75
 1494890278.38     0     59.58      0.00     14.05    12     58.36      0.00     14.44
 1494890278.48     0     61.91      0.00     14.92    12     60.12      0.00     14.43
 1494890278.58     0     59.46      0.00     12.71    12     59.17      0.00     13.67
 1494890278.68     0     59.50      0.00     12.31    12     58.66      0.00     12.77
 1494890278.78     0     60.65      0.00     14.61    12     59.10      0.00     15.25
 1494890278.89     0     62.62      0.00     15.21    12     61.38      0.00     15.59
 1494890278.99     0     59.40      0.00     13.57    12     57.83      0.00     13.59
 1494890279.09     0     62.99      0.00     15.94    12     62.93      0.00     15.48
 1494890279.19     0     58.34      0.00     13.25    12     58.16      0.00     14.06
 1494890279.29     0     51.34      0.00      8.73    12     48.21      0.00      9.09
 1494890279.39     0     55.06      0.00     10.58    12     52.62      0.00     10.89
 1494890279.49     0     58.20      0.00     14.11    12     56.97      0.00     14.09
 1494890279.59     0     60.77      0.00     13.86    12     60.63      0.00     14.92
 1494890279.69     0     60.41      0.00     13.99    12     59.52      0.00     14.13
 1494890279.79     0     58.94      0.00     13.07    12     57.77      0.00     13.06
 1494890279.89     0     61.37      0.00     14.40    12     58.56      0.00     14.80
 1494890279.99     0     62.09      0.00     14.65    12     61.18      0.00     15.37
 1494890280.09     0     59.38      0.00     12.87    12     58.58      0.00     13.60
 1494890280.19     0     62.09      0.00     15.72    12     62.98      0.00     15.62
 1494890280.29     0     57.99      0.00     10.61    12     56.37      0.00     11.15
 1494890280.39     0     57.21      0.00     11.53    12     55.85      0.00     11.95
 1494890280.49     0     59.03      0.00     14.09    12     57.36      0.00     14.21
 1494890280.59     0     60.62      0.00     14.18    12     59.94      0.00     15.20
 1494890280.69     0     57.42      0.00     12.63    12     58.78      0.00     13.19
 1494890280.79     0     59.67      0.00     13.10    12     57.41      0.00     12.77
 1494890280.89     0     60.90      0.00     14.40    12     59.07      0.00     14.95
 1494890280.99     0     62.89      0.00     15.56    12     61.56      0.00     15.55
 1494890281.09     0     60.24      0.00     13.07    12     58.99      0.00     13.66
 1494890281.19     0     61.80      0.00     15.00    12     60.86      0.00     15.15
 1494890281.29     0     58.54      0.00     11.37    12     56.66      0.00     11.51
 1494890281.39     0     57.60      0.00     11.07    12     55.33      0.00     11.37
 1494890281.49     0     59.08      0.00     13.87    12     56.84      0.00     13.94
 1494890281.60     0     60.94      0.00     14.63    12     59.51      0.00     14.68
 1494890281.70     0     58.48      0.00     12.39    12     58.96      0.00     13.98
 1494890281.80     0     61.31      0.00     13.61    12     59.77      0.00     13.50
 1494890281.90     0     60.28      0.00     14.32    12     58.73      0.00     14.71
 1494890282.00     0     61.52      0.00     14.41    12     60.26      0.00     15.27
 1494890282.10     0     58.39      0.00     12.91    12     58.12      0.00     13.17
 1494890282.20     0     62.69      0.00     14.89    12     62.25      0.00     15.10
 1494890282.30     0     59.84      0.00     13.34    12     56.83      0.00     12.87
 1494890282.40     0     57.79      0.00     11.35    12     55.91      0.00     11.61
 1494890282.50     0     58.94      0.00     13.36    12     56.60      0.00     14.08
 1494890282.60     0     62.27      0.00     15.16    12     60.89      0.00     15.41
 1494890282.70     0     59.13      0.00     12.66    12     59.97      0.00     13.59
 1494890282.80     0     60.79      0.00     13.54    12     59.18      0.00     13.28
 1494890282.90     0     60.94      0.00     15.13    12     59.75      0.00     15.26
 1494890283.00     0     62.22      0.00     15.15    12     61.17      0.00     15.52
 1494890283.10     0     59.29      0.00     13.29    12     58.52      0.00     13.77
 1494890283.20     0     60.63      0.00     14.14    12     60.65      0.00     14.70
 1494890283.30     0     56.26      0.00     12.47    12     56.42      0.00     12.71
 1494890283.40     0     53.50      0.00      9.94    12     50.84      0.00     10.26
 1494890283.50     0     54.54      0.00     10.90    12     52.47      0.00     11.30
 1494890283.60     0     59.55      0.00     14.00    12     58.01      0.00     14.77
 1494890283.70     0     61.63      0.00     13.88    12     59.88      0.00     14.71
 1494890283.81     0     59.51      0.00     14.01    12     59.66      0.00     14.27
 1494890283.91     0     58.71      0.00     12.92    12     57.32      0.00     13.20
 1494890284.01     0     60.52      0.00     14.18    12     59.35      0.00     15.02
 1494890284.11     0     61.02      0.00     14.57    12     60.19      0.00     14.86
 1494890284.21     0     59.69      0.00     13.23    12     59.13      0.00     13.92
 1494890284.31     0     62.63      0.00     15.37    12     62.62      0.00     15.62
 1494890284.41     0     55.88      0.00     10.34    12     54.86      0.00     10.36
 1494890284.51     0     58.60      0.00     12.48    12     56.99      0.00     12.64
 1494890284.61     0     60.38      0.00     14.46    12     57.90      0.00     14.87
 1494890284.71     0     61.11      0.00     14.20    12     59.47      0.00     14.87
 1494890284.81     0     61.20      0.00     14.18    12     60.51      0.00     14.57
 1494890284.91     0     59.03      0.00     13.19    12     58.04      0.00     13.33
 1494890285.01     0     61.43      0.00     14.93    12     60.24      0.00     15.56
 1494890285.11     0     60.69      0.00     14.17    12     59.22      0.00     14.50
 1494890285.21     0     60.11      0.00     14.01    12     58.96      0.00     14.21
 1494890285.31     0     62.12      0.00     14.31    12     61.71      0.00     15.39
 1494890285.41     0     57.26      0.00     10.39    12     57.15      0.00     11.12
 1494890285.51     0     51.49      0.00      9.08    12     48.71      0.00      9.37
 1494890285.61     0     56.36      0.00     13.06    12     54.68      0.00     13.53
 1494890285.71     0     62.83      0.00     15.32    12     60.59      0.00     14.79
 1494890285.81     0     58.58      0.00     12.67    12     58.97      0.00     13.97
 1494890285.92     0     60.43      0.00     13.60    12     59.00      0.00     13.98
 1494890286.02     0     60.41      0.00     14.61    12     58.94      0.00     14.75
 1494890286.12     0     61.49      0.00     14.33    12     61.17      0.00     15.00
 1494890286.22     0     59.80      0.00     13.61    12     58.28      0.00     13.75
 1494890286.32     0     62.63      0.00     15.00    12     61.83      0.00     15.61
 1494890286.42     0     58.42      0.00     12.52    12     56.98      0.00     12.85
 1494890286.52     0     56.11      0.00     10.44    12     53.97      0.00     10.60
 1494890286.62     0     59.44      0.00     13.75    12     56.90      0.00     14.29
 1494890286.72     0     61.51      0.00     14.87    12     59.06      0.00     14.85
 1494890286.82     0     59.31      0.00     12.92    12     58.89      0.00     13.85
 1494890286.92     0     58.26      0.00     12.44    12     57.50      0.00     12.87
 1494890287.02     0     61.60      0.00     14.73    12     61.50      0.00     15.17
 1494890287.12     0     61.36      0.00     15.10    12     59.94      0.00     15.19
 1494890287.22     0     61.36      0.00     13.57    12     59.02      0.00     13.68
 1494890287.32     0     60.76      0.00     14.18    12     60.05      0.00     14.74
 1494890287.42     0     61.15      0.00     14.05    12     60.04      0.00     14.34
 1494890287.52     0     52.55      0.00      8.40    12     48.53      0.00      8.60
 1494890287.62     0     58.96      0.00     12.70    12     57.14      0.00     13.03
 1494890287.72     0     60.21      0.00     14.95    12     57.35      0.00     14.20
 1494890287.82     0     59.61      0.00     13.20    12     59.96      0.00     14.52
 1494890287.93     0     61.04      0.00     14.27    12     60.50      0.00     14.58
 1494890288.03     0     58.72      0.00     12.67    12     57.04      0.00     12.47
 1494890288.13     0     60.80      0.00     14.20    12     59.14      0.00     14.94
 1494890288.23     0     61.42      0.00     14.60    12     59.97      0.00     15.20
 1494890288.33     0     59.60      0.00     12.98    12     59.25      0.00     13.54
 1494890288.43     0     62.99      0.00     15.15    12     62.96      0.00     15.86
 1494890288.53     0     57.60      0.00     10.52    12     55.40      0.00     10.73
 1494890288.63     0     56.76      0.00     11.50    12     54.94      0.00     11.38
 1494890288.73     0     60.31      0.00     14.62    12     56.66      0.00     14.31
 1494890288.83     0     61.30      0.00     14.32    12     60.24      0.00     15.11
 1494890288.93     0     60.71      0.00     13.68    12     59.69      0.00     14.09
 1494890289.03     0     59.19      0.00     12.89    12     58.20      0.00     12.64
 1494890289.13     0     61.59      0.00     14.60    12     61.66      0.00     15.36
 1494890289.23     0     61.43      0.00     15.12    12     60.07      0.00     15.44
 1494890289.33     0     58.88      0.00     12.70    12     57.27      0.00     13.15
 1494890289.43     0     59.42      0.00     13.62    12     60.31      0.00     15.02
 1494890289.53     0     59.74      0.00     13.95    12     59.95      0.00     14.04
 1494890289.63     0     53.81      0.00      9.03    12     51.03      0.00      9.28
 1494890289.73     0     59.07      0.00     12.91    12     57.30      0.00     13.17
 1494890289.83     0     59.72      0.00     14.67    12     59.18      0.00     14.97
 1494890289.94     0     59.92      0.00     13.48    12     59.53      0.00     14.70
 1494890290.04     0     60.14      0.00     14.37    12     59.29      0.00     14.03
 1494890290.14     0     58.18      0.00     12.61    12     57.53      0.00     12.90
 1494890290.24     0     60.35      0.00     13.57    12     58.75      0.00     14.75
 1494890290.34     0     60.70      0.00     13.68    12     59.79      0.00     14.02
 1494890290.44     0     61.19      0.00     14.28    12     60.60      0.00     14.69
 1494890290.54     0     62.90      0.00     15.70    12     61.94      0.00     15.20
 1494890290.64     0     54.92      0.00      9.74    12     54.91      0.00     10.62
 1494890290.74     0     59.43      0.00     12.91    12     57.44      0.00     12.89
 1494890290.84     0     60.80      0.00     14.80    12     58.32      0.00     14.99
 1494890290.94     0     59.22      0.00     12.83    12     58.50      0.00     13.57
 1494890291.04     0     59.62      0.00     14.08    12     59.86      0.00     14.28
 1494890291.14     0     58.24      0.00     12.45    12     58.71      0.00     12.95
 1494890291.24     0     61.24      0.00     14.09    12     60.55      0.00     15.55
 1494890291.34     0     60.11      0.00     14.21    12     59.64      0.00     14.78
 1494890291.44     0     58.51      0.00     12.34    12     58.09      0.00     13.08
 1494890291.55     0     61.80      0.00     14.74    12     61.04      0.00     15.09
 1494890291.65     0     57.83      0.00     11.38    12     56.76      0.00     11.58
 1494890291.75     0     55.60      0.00     10.74    12     53.70      0.00     10.84
 1494890291.85     0     59.19      0.00     14.31    12     57.84      0.00     14.45
 1494890291.95     0     61.61      0.00     14.32    12     60.91      0.00     15.34
 1494890292.05     0     60.95      0.00     14.09    12     59.67      0.00     14.75
 1494890292.15     0     58.72      0.00     12.19    12     57.91      0.00     12.77
 1494890292.25     0     62.11      0.00     15.23    12     60.51      0.00     15.24
 1494890292.35     0     60.55      0.00     14.35    12     59.84      0.00     14.50
 1494890292.45     0     57.95      0.00     12.47    12     57.08      0.00     12.44
 1494890292.55     0     61.20      0.00     14.30    12     59.75      0.00     14.94
 1494890292.65     0     60.47      0.00     12.39    12     59.21      0.00     12.95
 1494890292.75     0     57.79      0.00     11.18    12     55.76      0.00     11.36
 1494890292.85     0     60.06      0.00     14.08    12     56.95      0.00     13.19
 1494890292.95     0     61.94      0.00     14.45    12     60.57      0.00     15.69
 1494890293.05     0     57.95      0.00     12.64    12     58.24      0.00     13.37
 1494890293.15     0     59.60      0.00     12.60    12     59.66      0.00     13.09
 1494890293.25     0     62.73      0.00     14.77    12     60.10      0.00     15.31
 1494890293.35     0     62.36      0.00     14.54    12     62.17      0.00     15.57
 1494890293.45     0     58.55      0.00     12.25    12     57.60      0.00     12.95
 1494890293.55     0     59.45      0.00     13.77    12     59.63      0.00     14.81
 1494890293.65     0     60.03      0.00     12.94    12     58.62      0.00     12.85
 1494890293.75     0     58.22      0.00     11.23    12     56.46      0.00     11.54
 1494890293.85     0     59.44      0.00     13.66    12     56.12      0.00     13.05
 1494890293.96     0     61.99      0.00     15.50    12     62.24      0.00     15.79
 1494890294.06     0     57.00      0.00     12.09    12     55.49      0.00     12.39
 1494890294.16     0     59.77      0.00     13.28    12     59.71      0.00     13.64
 1494890294.26     0     61.19      0.00     14.66    12     61.03      0.00     15.13
 1494890294.36     0     62.59      0.00     14.73    12     62.21      0.00     15.12
 1494890294.46     0     59.61      0.00     13.46    12     57.46      0.00     13.40
 1494890294.56     0     60.71      0.00     14.33    12     61.26      0.00     15.29
 1494890294.66     0     59.73      0.00     12.54    12     58.47      0.00     12.85
 1494890294.76     0     57.62      0.00     10.75    12     56.27      0.00     11.38
 1494890294.86     0     59.28      0.00     13.55    12     56.37      0.00     13.73
 1494890294.96     0     62.84      0.00     15.98    12     61.44      0.00     15.15
 1494890295.06     0     57.69      0.00     12.12    12     57.41      0.00     13.06
 1494890295.16     0     59.71      0.00     13.03    12     59.48      0.00     13.16
 1494890295.26     0     61.95      0.00     15.21    12     62.17      0.00     15.15
 1494890295.36     0     62.15      0.00     15.36    12     62.39      0.00     15.46
 1494890295.46     0     58.40      0.00     12.55    12     56.67      0.00     13.35
 1494890295.56     0     59.87      0.00     13.48    12     59.36      0.00     14.57
 1494890295.66     0     58.89      0.00     12.26    12     59.07      0.00     13.14
 1494890295.76     0     54.92      0.00      9.92    12     52.72      0.00     10.38
 1494890295.86     0     55.08      0.00     11.05    12     53.18      0.00     11.32
 1494890295.96     0     57.54      0.00     13.73    12     56.23      0.00     13.66
 1494890296.06     0     60.61      0.00     13.62    12     58.30      0.00     13.66
 1494890296.16     0     60.53      0.00     14.23    12     59.61      0.00     14.56
 1494890296.27     0     58.47      0.00     12.13    12     58.14      0.00     12.78
 1494890296.37     0     62.94      0.00     14.81    12     60.75      0.00     15.09
 1494890296.47     0     59.93      0.00     13.34    12     59.72      0.00     14.08
 1494890296.57     0     61.02      0.00     14.34    12     60.28      0.00     15.09
 1494890296.67     0     62.73      0.00     15.16    12     61.66      0.00     15.07
 1494890296.77     0     55.77      0.00      9.79    12     54.80      0.00     10.67
 1494890296.87     0     59.55      0.00     12.55    12     58.53      0.00     13.18
 1494890296.97     0     59.75      0.00     14.52    12     59.98      0.00     14.79
 1494890297.07     0     59.92      0.00     13.36    12     57.67      0.00     12.09
 1494890297.17     0     60.50      0.00     13.94    12     58.87      0.00     14.46
 1494890297.27     0     58.26      0.00     12.85    12     59.56      0.00     13.04
 1494890297.37     0     61.62      0.00     15.03    12     61.16      0.00     15.21
 1494890297.47     0     61.07      0.00     14.45    12     59.18      0.00     14.44
 1494890297.57     0     60.49      0.00     13.37    12     59.76      0.00     14.31
 1494890297.67     0     61.72      0.00     15.06    12     60.48      0.00     14.60
 1494890297.77     0     58.42      0.00     11.33    12     57.63      0.00     11.93
 1494890297.87     0     55.89      0.00     10.71    12     54.52      0.00     11.10
 1494890297.98     0     60.87      0.00     14.16    12     57.58      0.00     14.33
 1494890298.08     0     59.35      0.00     13.50    12     56.09      0.00     13.30
 1494890298.18     0     60.96      0.00     14.29    12     59.74      0.00     14.17
 1494890298.28     0     59.52      0.00     12.67    12     58.45      0.00     12.92
 1494890298.38     0     61.56      0.00     14.59    12     61.06      0.00     14.89
 1494890298.48     0     62.15      0.00     14.56    12     60.99      0.00     14.71
 1494890298.58     0     58.14      0.00     12.48    12     58.61      0.00     13.58
 1494890298.68     0     60.36      0.00     14.49    12     59.95      0.00     14.96
 1494890298.78     0     60.91      0.00     12.89    12     59.29      0.00     12.75
 1494890298.88     0     55.92      0.00     10.43    12     54.01      0.00     11.03
 1494890298.98     0     60.19      0.00     14.34    12     60.40      0.00     14.57
 1494890299.08     0     61.39      0.00     14.94    12     61.26      0.00     15.49
 1494890299.18     0     57.82      0.00     12.72    12     57.13      0.00     12.55
 1494890299.28     0     59.33      0.00     12.87    12     59.02      0.00     12.86
 1494890299.38     0     61.24      0.00     15.04    12     60.14      0.00     14.99
 1494890299.48     0     61.95      0.00     14.94    12     61.40      0.00     15.55
 1494890299.58     0     59.37      0.00     12.87    12     58.98      0.00     13.07
 1494890299.68     0     62.11      0.00     14.67    12     59.66      0.00     14.94
 1494890299.78     0     61.43      0.00     14.60    12     60.78      0.00     15.03
 1494890299.88     0     55.38      0.00      9.96    12     53.61      0.00     10.39
 1494890299.98     0     56.00      0.00     10.98    12     55.24      0.00     11.92
 1494890300.08     0     60.57      0.00     14.74    12     59.45      0.00     14.52
 1494890300.18     0     61.55      0.00     14.31    12     60.22      0.00     14.66
 1494890300.28     0     60.44      0.00     14.47    12     59.82      0.00     14.09
 1494890300.38     0     56.57      0.00     12.10    12     57.97      0.00     12.69
 1494890300.49     0     62.11      0.00     14.75    12     60.81      0.00     15.05
 1494890300.59     0     61.44      0.00     14.19    12     60.20      0.00     14.61
 1494890300.69     0     58.13      0.00     12.69    12     58.22      0.00     12.87
 1494890300.79     0     62.04      0.00     15.07    12     60.71      0.00     15.03
 1494890300.89     0     58.08      0.00     11.33    12     57.41      0.00     12.02
 1494890300.99     0     54.04      0.00      9.95    12     51.05      0.00     10.30
 1494890301.09     0     58.96      0.00     13.31    12     57.59      0.00     14.25
 1494890301.19     0     62.85      0.00     15.51    12     62.21      0.00     16.03
 1494890301.29     0     60.19      0.00     13.65    12     58.12      0.00     13.19
 1494890301.39     0     59.69      0.00     12.37    12     58.43      0.00     12.69
 1494890301.49     0     60.80      0.00     14.48    12     59.54      0.00     14.64
 1494890301.59     0     62.65      0.00     15.54    12     61.02      0.00     14.86
 1494890301.69     0     60.46      0.00     12.99    12     58.96      0.00     13.74
 1494890301.79     0     61.51      0.00     14.21    12     59.43      0.00     14.75
 1494890301.89     0     60.07      0.00     13.16    12     61.12      0.00     13.89
 1494890301.99     0     54.53      0.00      9.65    12     51.91      0.00     10.17
 1494890302.09     0     59.10      0.00     13.53    12     57.28      0.00     13.63
 1494890302.20     0     61.89      0.00     14.92    12     61.45      0.00     15.53
 1494890302.30     0     59.41      0.00     12.96    12     57.93      0.00     13.21
 1494890302.40     0     59.17      0.00     12.57    12     57.67      0.00     12.27
 1494890302.50     0     60.64      0.00     14.48    12     60.48      0.00     14.85
 1494890302.60     0     62.32      0.00     14.62    12     62.06      0.00     15.11
 1494890302.70     0     57.40      0.00     11.80    12     57.74      0.00     12.10
 1494890302.80     0     60.83      0.00     14.86    12     58.81      0.00     14.77
 1494890302.90     0     60.98      0.00     14.60    12     61.46      0.00     15.40
 1494890303.00     0     55.18      0.00      9.70    12     53.54      0.00      9.97
 1494890303.10     0     55.38      0.00     10.69    12     52.28      0.00     11.04
 1494890303.20     0     59.03      0.00     14.04    12     57.75      0.00     14.73
 1494890303.30     0     61.77      0.00     14.87    12     59.96      0.00     14.90
 1494890303.40     0     61.30      0.00     14.13    12     60.30      0.00     13.48
 1494890303.50     0     57.79      0.00     11.89    12     56.35      0.00     12.24
 1494890303.60     0     62.36      0.00     15.32    12     61.93      0.00     15.65
 1494890303.70     0     58.80      0.00     13.19    12     59.31      0.00     14.34
 1494890303.80     0     59.87      0.00     13.30    12     59.05      0.00     13.46
 1494890303.91     0     60.93      0.00     14.32    12     59.79      0.00     14.70
 1494890304.01     0     60.23      0.00     12.27    12     60.29      0.00     12.79
 1494890304.11     0     52.13      0.00      9.01    12     49.48      0.00      9.54
 1494890304.21     0     55.57      0.00     12.23    12     54.35      0.00     12.75
 1494890304.31     0     61.45      0.00     15.01    12     60.13      0.00     14.98
 1494890304.41     0     59.37      0.00     13.63    12     60.08      0.00     14.42
 1494890304.51     0     61.02      0.00     13.41    12     58.52      0.00     12.89
 1494890304.61     0     61.27      0.00     14.41    12     59.61      0.00     14.76
 1494890304.71     0     61.63      0.00     14.75    12     62.33      0.00     15.46
 1494890304.81     0     58.99      0.00     12.66    12     56.75      0.00     12.83
 1494890304.91     0     60.53      0.00     14.44    12     58.95      0.00     15.05
 1494890305.01     0     61.40      0.00     13.86    12     60.70      0.00     14.36
 1494890305.11     0     55.36      0.00      9.67    12     52.97      0.00     10.15
 1494890305.21     0     58.88      0.00     12.76    12     56.81      0.00     12.89
 1494890305.31     0     59.29      0.00     14.13    12     58.78      0.00     14.51
 1494890305.41     0     60.46      0.00     14.00    12     59.17      0.00     14.20
 1494890305.51     0     60.14      0.00     13.55    12     59.15      0.00     13.54
 1494890305.61     0     62.12      0.00     14.02    12     59.33      0.00     13.86
 1494890305.71     0     62.56      0.00     15.56    12     63.39      0.00     15.31
 1494890305.81     0     54.68      0.00     11.65    12     52.29      0.00     12.10
 1494890305.91     0     60.41      0.00     14.23    12     60.14      0.00     14.63
 1494890306.01     0     60.57      0.00     13.84    12     59.89      0.00     14.80
 1494890306.12     0     55.47      0.00      9.74    12     53.61      0.00     10.38
 1494890306.22     0     53.66      0.00      9.95    12     50.87      0.00     10.49
 1494890306.32     0     59.38      0.00     13.56    12     59.12      0.00     14.07
 1494890306.42     0     61.41      0.00     15.23    12     60.12      0.00     15.39
 1494890306.52     0     61.06      0.00     13.94    12     59.33      0.00     13.66
 1494890306.62     0     59.74      0.00     13.58    12     58.69      0.00     13.11
 1494890306.72     0     62.16      0.00     14.96    12     59.82      0.00     14.05
 1494890306.82     0     62.09      0.00     15.13    12     61.31      0.00     15.13
 1494890306.92     0     53.81      0.00     10.86    12     54.81      0.00     11.89
 1494890307.02     0     61.19      0.00     14.93    12     59.42      0.00     14.95
 1494890307.12     0     61.40      0.00     13.03    12     59.00      0.00     13.35
 1494890307.22     0     53.97      0.00      9.66    12     51.34      0.00     10.26
 1494890307.32     0     55.54      0.00     11.41    12     53.67      0.00     11.75
 1494890307.42     0     58.71      0.00     14.12    12     59.49      0.00     14.83
 1494890307.52     0     60.29      0.00     13.87    12     59.21      0.00     14.41
 1494890307.62     0     59.77      0.00     13.52    12     58.46      0.00     13.89
 1494890307.72     0     61.79      0.00     13.74    12     58.79      0.00     13.11
 1494890307.82     0     62.48      0.00     15.11    12     61.66      0.00     15.03
 1494890307.92     0     56.50      0.00     11.57    12     55.00      0.00     11.53
 1494890308.02     0     60.36      0.00     14.07    12     60.87      0.00     15.00
 1494890308.12     0     61.04      0.00     14.37    12     60.16      0.00     14.82
 1494890308.22     0     57.33      0.00     10.36    12     55.43      0.00     11.23
 1494890308.32     0     51.33      0.00      9.25    12     48.48      0.00      9.61
 1494890308.42     0     60.06      0.00     14.18    12     59.60      0.00     14.52
 1494890308.52     0     61.82      0.00     15.56    12     61.17      0.00     15.49
 1494890308.62     0     59.75      0.00     13.92    12     58.59      0.00     14.09
 1494890308.72     0     57.68      0.00     11.57    12     56.71      0.00     11.73
 1494890308.83     0     63.39      0.00     15.39    12     61.26      0.00     14.80
 1494890308.93     0     62.05      0.00     14.38    12     61.53      0.00     15.16
 1494890309.03     0     56.70      0.00     11.30    12     56.57      0.00     11.41
 1494890309.13     0     62.02      0.00     14.64    12     60.39      0.00     15.69
 1494890309.23     0     58.27      0.00     12.63    12     59.40      0.00     13.76
 1494890309.33     0     54.83      0.00      9.82    12     51.66      0.00     10.24
 1494890309.43     0     55.40      0.00     11.05    12     55.11      0.00     11.87
 1494890309.53     0     58.59      0.00     13.93    12     57.20      0.00     14.24
 1494890309.63     0     61.51      0.00     14.89    12     60.63      0.00     15.31
 1494890309.73     0     61.59      0.00     13.89    12     60.35      0.00     14.66
 1494890309.83     0     59.81      0.00     12.50    12     57.88      0.00     12.06
 1494890309.93     0     62.04      0.00     14.78    12     61.44      0.00     15.14
 1494890310.03     0     55.07      0.00     12.08    12     53.82      0.00     12.02
 1494890310.13     0     59.79      0.00     13.65    12     58.30      0.00     14.00
 1494890310.23     0     60.16      0.00     14.32    12     59.63      0.00     14.82
 1494890310.33     0     59.47      0.00     13.11    12     59.41      0.00     14.27
 1494890310.43     0     54.58      0.00      9.82    12     52.57      0.00     10.21
 1494890310.53     0     55.11      0.00     10.99    12     53.60      0.00     11.37
 1494890310.63     0     58.99      0.00     14.67    12     58.20      0.00     15.26
 1494890310.73     0     59.89      0.00     13.55    12     57.93      0.00     13.93
 1494890310.83     0     60.72      0.00     14.34    12     60.36      0.00     14.12
 1494890310.93     0     58.01      0.00     12.23    12     57.28      0.00     12.40
 1494890311.03     0     61.42      0.00     15.02    12     60.53      0.00     15.01
 1494890311.13     0     60.40      0.00     13.34    12     58.34      0.00     13.68
 1494890311.23     0     60.25      0.00     13.99    12     58.70      0.00     14.60
 1494890311.33     0     61.92      0.00     14.90    12     62.48      0.00     15.23
 1494890311.43     0     55.33      0.00     10.42    12     55.62      0.00     10.97
 1494890311.53     0     53.52      0.00     10.17    12     51.24      0.00     10.56
 1494890311.64     0     59.22      0.00     13.87    12     57.59      0.00     14.10
 1494890311.74     0     60.37      0.00     14.55    12     60.39      0.00     15.15
 1494890311.84     0     60.49      0.00     13.09    12     59.76      0.00     14.19
 1494890311.94     0     58.81      0.00     11.80    12     56.64      0.00     11.80
 1494890312.04     0     62.58      0.00     15.48    12     62.19      0.00     15.69
 1494890312.14     0     62.61      0.00     15.54    12     61.69      0.00     15.57
 1494890312.24     0     58.14      0.00     11.86    12     56.31      0.00     11.70
 1494890312.34     0     60.49      0.00     13.86    12     58.97      0.00     14.63
 1494890312.44     0     58.65      0.00     12.62    12     59.26      0.00     13.25
 1494890312.54     0     53.97      0.00      9.79    12     51.93      0.00     10.06
 1494890312.64     0     55.45      0.00     11.34    12     55.09      0.00     11.84
 1494890312.74     0     57.96      0.00     13.71    12     57.03      0.00     14.55
 1494890312.84     0     60.91      0.00     14.17    12     59.84      0.00     14.80
 1494890312.94     0     60.69      0.00     13.75    12     59.72      0.00     13.94
 1494890313.04     0     60.28      0.00     13.34    12     59.11      0.00     13.34
 1494890313.14     0     61.83      0.00     14.97    12     59.95      0.00     14.85
 1494890313.24     0     60.01      0.00     12.93    12     57.67      0.00     12.87
 1494890313.34     0     59.99      0.00     14.46    12     59.23      0.00     14.93
 1494890313.45     0     60.81      0.00     13.64    12     60.74      0.00     14.97
 1494890313.55     0     54.67      0.00      9.72    12     54.33      0.00     10.31
 1494890313.65     0     58.11      0.00     11.85    12     56.31      0.00     12.41
 1494890313.75     0     59.73      0.00     14.47    12     57.86      0.00     14.46
 1494890313.85     0     59.89      0.00     13.64    12     59.42      0.00     14.61
 1494890313.95     0     61.31      0.00     13.89    12     59.96      0.00     14.61
 1494890314.05     0     59.00      0.00     12.06    12     56.97      0.00     11.60
 1494890314.15     0     63.23      0.00     15.82    12     61.86      0.00     15.23
 1494890314.25     0     60.00      0.00     13.55    12     59.27      0.00     13.87
 1494890314.35     0     58.45      0.00     12.86    12     56.11      0.00     12.99
 1494890314.45     0     61.63      0.00     14.02    12     60.74      0.00     15.17
 1494890314.55     0     58.32      0.00     11.88    12     58.44      0.00     12.54
 1494890314.65     0     53.32      0.00      9.62    12     50.49      0.00      9.86
 1494890314.75     0     58.26      0.00     13.90    12     58.40      0.00     14.18
 1494890314.85     0     61.90      0.00     14.82    12     60.92      0.00     15.11
 1494890314.95     0     59.49      0.00     13.01    12     58.17      0.00     14.03
 1494890315.05     0     59.78      0.00     12.38    12     58.77      0.00     12.53
 1494890315.15     0     60.79      0.00     14.61    12     59.65      0.00     14.12
 1494890315.25     0     62.04      0.00     15.17    12     60.08      0.00     14.56
 1494890315.35     0     58.67      0.00     12.38    12     57.76      0.00     12.90
 1494890315.45     0     62.76      0.00     15.64    12     61.73      0.00     15.70
 1494890315.55     0     56.33      0.00     12.06    12     57.19      0.00     12.44
 1494890315.65     0     54.33      0.00      9.98    12     52.24      0.00     10.21
 1494890315.75     0     54.84      0.00     10.97    12     54.02      0.00     11.80
 1494890315.86     0     58.96      0.00     14.04    12     55.18      0.00     13.79
 1494890315.96     0     62.08      0.00     14.49    12     60.60      0.00     15.41
 1494890316.06     0     59.78      0.00     13.36    12     61.01      0.00     14.71
 1494890316.16     0     59.98      0.00     13.01    12     56.91      0.00     11.65
 1494890316.26     0     62.26      0.00     15.50    12     61.09      0.00     14.34
 1494890316.36     0     56.24      0.00     12.26    12     55.39      0.00     12.65
 1494890316.46     0     56.97      0.00     12.50    12     56.74      0.00     13.51
 1494890316.56     0     60.15      0.00     13.57    12     59.51      0.00     14.82
 1494890316.66     0     60.72      0.00     12.52    12     60.26      0.00     13.06
 1494890316.76     0     53.56      0.00      9.88    12     51.30      0.00     10.32
 1494890316.86     0     59.34      0.00     13.96    12     58.35      0.00     14.37
 1494890316.96     0     61.55      0.00     14.88    12     61.04      0.00     15.57
 1494890317.06     0     59.29      0.00     13.03    12     60.50      0.00     14.38
 1494890317.16     0     59.29      0.00     11.44    12     56.17      0.00     11.55
 1494890317.26     0     61.71      0.00     15.25    12     60.17      0.00     13.58
 1494890317.36     0     62.30      0.00     15.19    12     61.62      0.00     15.47
 1494890317.46     0     57.09      0.00     12.15    12     56.10      0.00     12.54
 1494890317.56     0     59.29      0.00     13.43    12     59.60      0.00     15.27
 1494890317.66     0     60.89      0.00     13.57    12     61.27      0.00     14.31
 1494890317.76     0     28.40      0.00      4.40    12     27.13      0.00      4.64
 1494890317.86     0     17.20      0.00      2.46    12     17.76      0.00      2.99
