         #Time  Core     P_PKG     P_PP0    P_DRAM  Core     P_PKG     P_PP0    P_DRAM
 1493057180.01     0     26.36      0.00      7.29    12     28.49      0.00      7.28
 1493057180.11     0     49.70      0.00     14.49    12     52.27      0.00     14.70
 1493057180.21     0     63.06      0.00     14.14    12     64.86      0.00     14.53
 1493057180.31     0     58.18      0.00     10.36    12     57.58      0.00     10.68
 1493057180.41     0     64.01      0.00     11.08    12     64.51      0.00     11.01
 1493057180.51     0     69.87      0.00     12.86    12     71.56      0.00     13.33
 1493057180.61     0     68.75      0.00     14.31    12     69.37      0.00     14.81
 1493057180.71     0     69.11      0.00     13.31    12     69.01      0.00     13.87
 1493057180.81     0     70.85      0.00     13.51    12     70.03      0.00     14.17
 1493057180.91     0     68.29      0.00     13.00    12     69.41      0.00     13.17
 1493057181.01     0     72.38      0.00     14.42    12     73.37      0.00     14.18
 1493057181.11     0     73.26      0.00     13.11    12     72.45      0.00     13.06
 1493057181.21     0     71.84      0.00     13.89    12     70.73      0.00     14.24
 1493057181.31     0     68.12      0.00     13.42    12     68.73      0.00     13.79
 1493057181.41     0     69.98      0.00     13.34    12     71.10      0.00     13.54
 1493057181.51     0     70.86      0.00     14.57    12     71.47      0.00     14.30
 1493057181.61     0     70.19      0.00     13.20    12     70.31      0.00     13.31
 1493057181.72     0     71.22      0.00     14.24    12     70.99      0.00     14.83
 1493057181.82     0     72.37      0.00     12.47    12     72.66      0.00     12.98
 1493057181.92     0     69.82      0.00     14.47    12     70.06      0.00     14.60
 1493057182.02     0     70.33      0.00     13.59    12     70.49      0.00     13.68
 1493057182.12     0     69.97      0.00     13.25    12     67.98      0.00     12.84
 1493057182.22     0     71.77      0.00     13.64    12     72.24      0.00     14.85
 1493057182.32     0     69.08      0.00     12.58    12     69.27      0.00     12.85
 1493057182.42     0     71.61      0.00     14.40    12     70.88      0.00     14.58
 1493057182.52     0     74.26      0.00     13.50    12     74.72      0.00     13.56
 1493057182.62     0     69.26      0.00     14.06    12     69.64      0.00     14.55
 1493057182.72     0     68.75      0.00     12.80    12     69.38      0.00     13.45
 1493057182.82     0     70.66      0.00     13.69    12     69.64      0.00     13.84
 1493057182.92     0     69.55      0.00     13.49    12     69.85      0.00     13.79
 1493057183.02     0     72.10      0.00     14.56    12     71.72      0.00     14.32
 1493057183.12     0     71.43      0.00     12.31    12     71.02      0.00     12.33
 1493057183.22     0     72.85      0.00     13.89    12     72.05      0.00     14.55
 1493057183.32     0     68.06      0.00     13.67    12     68.41      0.00     14.11
 1493057183.42     0     68.81      0.00     13.24    12     70.38      0.00     13.31
 1493057183.52     0     70.01      0.00     14.51    12     72.36      0.00     14.15
 1493057183.63     0     70.02      0.00     13.23    12     70.61      0.00     13.33
 1493057183.73     0     72.20      0.00     14.06    12     70.99      0.00     14.35
 1493057183.83     0     71.45      0.00     12.12    12     71.41      0.00     12.47
 1493057183.93     0     69.74      0.00     14.39    12     70.02      0.00     14.66
 1493057184.03     0     68.84      0.00     13.27    12     70.30      0.00     12.74
 1493057184.13     0     70.46      0.00     12.92    12     69.06      0.00     12.47
 1493057184.23     0     71.93      0.00     13.92    12     71.05      0.00     14.71
 1493057184.33     0     70.57      0.00     13.58    12     70.33      0.00     13.91
 1493057184.43     0     71.45      0.00     14.12    12     73.41      0.00     14.29
 1493057184.53     0     71.29      0.00     11.91    12     72.01      0.00     12.19
 1493057184.63     0     69.08      0.00     14.41    12     70.76      0.00     14.99
 1493057184.73     0     70.04      0.00     13.43    12     68.64      0.00     13.91
 1493057184.83     0     69.04      0.00     13.08    12     69.72      0.00     13.76
 1493057184.93     0     70.82      0.00     14.33    12     71.67      0.00     14.86
 1493057185.03     0     69.08      0.00     13.40    12     70.22      0.00     13.18
 1493057185.13     0     71.56      0.00     13.45    12     72.08      0.00     13.44
 1493057185.23     0     73.28      0.00     12.65    12     70.88      0.00     13.00
 1493057185.33     0     71.56      0.00     13.99    12     70.41      0.00     14.57
 1493057185.43     0     68.70      0.00     12.91    12     69.82      0.00     12.98
 1493057185.53     0     71.58      0.00     14.32    12     71.99      0.00     14.36
 1493057185.63     0     68.32      0.00     13.05    12     69.04      0.00     13.32
 1493057185.73     0     72.10      0.00     14.33    12     71.30      0.00     15.00
 1493057185.83     0     71.31      0.00     12.14    12     70.88      0.00     12.83
 1493057185.93     0     69.75      0.00     13.36    12     68.78      0.00     13.61
 1493057186.03     0     69.47      0.00     13.84    12     69.46      0.00     13.78
 1493057186.13     0     70.28      0.00     12.88    12     70.29      0.00     12.16
 1493057186.23     0     70.70      0.00     13.91    12     70.59      0.00     14.52
 1493057186.33     0     70.71      0.00     12.60    12     69.86      0.00     13.05
 1493057186.43     0     71.72      0.00     14.63    12     72.45      0.00     14.87
 1493057186.54     0     72.53      0.00     12.58    12     72.10      0.00     12.72
 1493057186.64     0     69.22      0.00     14.02    12     70.34      0.00     14.57
 1493057186.74     0     68.50      0.00     13.12    12     68.66      0.00     13.75
 1493057186.84     0     69.69      0.00     12.78    12     69.09      0.00     13.78
 1493057186.94     0     71.28      0.00     14.21    12     72.03      0.00     14.98
 1493057187.04     0     70.62      0.00     13.33    12     70.92      0.00     13.40
 1493057187.14     0     70.84      0.00     14.13    12     71.72      0.00     13.74
 1493057187.24     0     70.66      0.00     12.60    12     71.11      0.00     12.62
 1493057187.34     0     68.86      0.00     12.96    12     66.56      0.00     13.11
 1493057187.44     0     68.98      0.00     13.38    12     69.24      0.00     13.99
 1493057187.54     0     69.63      0.00     13.14    12     71.15      0.00     13.17
 1493057187.64     0     69.99      0.00     14.36    12     70.41      0.00     15.15
 1493057187.74     0     70.73      0.00     12.93    12     69.53      0.00     12.98
 1493057187.84     0     70.44      0.00     14.29    12     71.52      0.00     14.67
 1493057187.94     0     72.68      0.00     12.31    12     72.91      0.00     12.85
 1493057188.04     0     69.48      0.00     13.99    12     70.00      0.00     14.15
 1493057188.14     0     68.50      0.00     12.79    12     68.16      0.00     12.73
 1493057188.24     0     70.32      0.00     13.10    12     70.08      0.00     13.56
 1493057188.35     0     71.97      0.00     14.22    12     72.20      0.00     15.03
 1493057188.45     0     69.61      0.00     13.29    12     69.84      0.00     13.43
 1493057188.55     0     68.84      0.00     13.53    12     70.97      0.00     13.50
 1493057188.65     0     72.25      0.00     12.51    12     72.88      0.00     13.04
 1493057188.75     0     68.83      0.00     14.67    12     69.38      0.00     14.95
 1493057188.85     0     69.50      0.00     12.85    12     68.42      0.00     13.39
 1493057188.95     0     69.76      0.00     13.23    12     70.19      0.00     13.22
 1493057189.05     0     69.90      0.00     13.82    12     71.79      0.00     13.80
 1493057189.15     0     70.61      0.00     13.06    12     70.06      0.00     13.07
 1493057189.25     0     70.93      0.00     12.35    12     72.43      0.00     13.36
 1493057189.35     0     72.40      0.00     13.43    12     71.17      0.00     13.77
 1493057189.45     0     69.10      0.00     14.24    12     69.82      0.00     14.78
 1493057189.55     0     67.73      0.00     12.56    12     68.72      0.00     12.48
 1493057189.65     0     70.86      0.00     14.54    12     71.54      0.00     15.01
 1493057189.75     0     68.94      0.00     12.76    12     69.96      0.00     13.52
 1493057189.85     0     70.69      0.00     14.26    12     70.62      0.00     14.94
 1493057189.95     0     72.34      0.00     12.55    12     72.15      0.00     13.06
 1493057190.05     0     71.26      0.00     13.56    12     71.20      0.00     14.07
 1493057190.15     0     69.19      0.00     12.95    12     68.82      0.00     12.92
 1493057190.25     0     72.00      0.00     12.96    12     70.61      0.00     12.79
 1493057190.35     0     69.59      0.00     14.14    12     70.71      0.00     15.21
 1493057190.45     0     69.46      0.00     12.86    12     69.72      0.00     13.46
 1493057190.55     0     70.35      0.00     13.75    12     72.35      0.00     14.74
 1493057190.66     0     68.94      0.00     11.21    12     70.38      0.00     11.79
 1493057190.76     0     68.55      0.00     13.11    12     70.61      0.00     13.61
 1493057190.86     0     69.63      0.00     13.06    12     67.39      0.00     13.08
 1493057190.96     0     69.61      0.00     12.80    12     69.93      0.00     13.56
 1493057191.06     0     71.33      0.00     13.98    12     72.30      0.00     14.87
 1493057191.16     0     70.59      0.00     12.91    12     71.92      0.00     12.24
 1493057191.26     0     71.78      0.00     13.92    12     70.94      0.00     14.14
 1493057191.36     0     71.61      0.00     12.31    12     71.55      0.00     12.36
 1493057191.46     0     71.15      0.00     14.16    12     71.87      0.00     14.48
 1493057191.56     0     70.07      0.00     13.70    12     71.53      0.00     14.02
 1493057191.66     0     70.50      0.00     12.52    12     70.70      0.00     13.03
 1493057191.76     0     68.64      0.00     14.17    12     71.88      0.00     14.40
 1493057191.86     0     70.37      0.00     12.60    12     70.27      0.00     13.29
 1493057191.96     0     72.25      0.00     13.85    12     71.52      0.00     14.78
 1493057192.06     0     75.02      0.00     12.94    12     75.67      0.00     13.55
 1493057192.16     0     70.76      0.00     14.33    12     70.57      0.00     14.38
 1493057192.26     0     71.01      0.00     12.66    12     69.52      0.00     12.33
 1493057192.36     0     69.37      0.00     12.32    12     68.62      0.00     12.79
 1493057192.47     0     70.55      0.00     14.07    12     71.67      0.00     14.83
 1493057192.57     0     70.32      0.00     13.35    12     71.78      0.00     13.41
 1493057192.67     0     72.32      0.00     13.93    12     74.02      0.00     13.95
 1493057192.77     0     71.05      0.00     12.01    12     71.60      0.00     12.44
 1493057192.87     0     69.63      0.00     13.99    12     69.98      0.00     14.74
 1493057192.97     0     69.36      0.00     12.75    12     69.50      0.00     13.49
 1493057193.07     0     70.20      0.00     13.05    12     70.20      0.00     13.70
 1493057193.17     0     72.86      0.00     14.38    12     73.58      0.00     14.00
 1493057193.27     0     72.04      0.00     13.04    12     71.40      0.00     13.20
 1493057193.37     0     69.30      0.00     12.31    12     70.60      0.00     12.72
 1493057193.47     0     72.12      0.00     13.31    12     71.64      0.00     13.66
 1493057193.57     0     69.07      0.00     13.63    12     70.15      0.00     14.54
 1493057193.67     0     68.92      0.00     12.79    12     69.77      0.00     12.69
 1493057193.77     0     72.17      0.00     13.23    12     73.75      0.00     13.75
 1493057193.87     0     70.16      0.00     13.00    12     70.49      0.00     13.08
 1493057193.97     0     72.46      0.00     14.29    12     71.95      0.00     14.28
 1493057194.07     0     72.37      0.00     14.07    12     71.30      0.00     14.38
 1493057194.17     0     72.06      0.00     11.66    12     70.91      0.00     11.84
 1493057194.27     0     71.91      0.00     14.40    12     71.79      0.00     13.92
 1493057194.37     0     69.84      0.00     12.78    12     67.78      0.00     12.36
 1493057194.47     0     68.97      0.00     12.94    12     70.04      0.00     13.55
 1493057194.57     0     70.97      0.00     14.11    12     71.96      0.00     14.72
 1493057194.67     0     70.96      0.00     13.51    12     71.51      0.00     13.64
 1493057194.78     0     73.59      0.00     13.70    12     72.75      0.00     13.30
 1493057194.88     0     75.36      0.00     13.69    12     75.29      0.00     13.81
 1493057194.98     0     69.20      0.00     13.66    12     69.20      0.00     14.38
 1493057195.08     0     69.67      0.00     12.99    12     69.60      0.00     13.29
 1493057195.18     0     70.83      0.00     13.74    12     70.30      0.00     13.03
 1493057195.28     0     70.50      0.00     14.03    12     72.57      0.00     13.59
 1493057195.38     0     71.41      0.00     13.42    12     71.83      0.00     13.34
 1493057195.48     0     72.25      0.00     13.09    12     72.81      0.00     13.22
 1493057195.58     0     70.43      0.00     13.22    12     70.32      0.00     13.65
 1493057195.68     0     71.03      0.00     14.31    12     71.56      0.00     14.47
 1493057195.78     0     68.84      0.00     12.70    12     69.01      0.00     12.57
 1493057195.88     0     74.21      0.00     14.38    12     74.04      0.00     14.38
 1493057195.98     0     67.84      0.00     12.31    12     68.13      0.00     13.27
 1493057196.08     0     71.57      0.00     14.11    12     71.04      0.00     14.68
 1493057196.18     0     71.58      0.00     12.55    12     71.67      0.00     12.70
 1493057196.28     0     74.71      0.00     13.78    12     74.54      0.00     14.15
 1493057196.38     0     69.21      0.00     13.09    12     69.60      0.00     13.07
 1493057196.48     0     69.87      0.00     12.31    12     70.16      0.00     12.46
 1493057196.58     0     70.62      0.00     14.60    12     71.21      0.00     14.63
 1493057196.68     0     71.91      0.00     13.69    12     71.09      0.00     13.53
 1493057196.78     0     73.24      0.00     14.76    12     73.35      0.00     13.98
 1493057196.89     0     73.01      0.00     12.22    12     71.60      0.00     11.80
 1493057196.99     0     68.51      0.00     12.69    12     69.24      0.00     12.77
 1493057197.09     0     70.46      0.00     13.51    12     68.32      0.00     14.32
 1493057197.19     0     66.81      0.00     11.58    12     68.13      0.00     12.52
 1493057197.29     0     73.19      0.00     14.44    12     73.75      0.00     14.70
 1493057197.39     0     70.50      0.00     12.33    12     68.51      0.00     12.20
 1493057197.49     0     71.70      0.00     14.14    12     71.56      0.00     13.55
 1493057197.59     0     73.11      0.00     12.81    12     72.27      0.00     12.90
 1493057197.69     0     71.79      0.00     13.75    12     73.13      0.00     14.49
 1493057197.79     0     69.26      0.00     13.75    12     70.05      0.00     13.39
 1493057197.89     0     70.57      0.00     12.13    12     70.22      0.00     12.29
 1493057197.99     0     73.07      0.00     14.63    12     72.87      0.00     14.44
 1493057198.09     0     70.24      0.00     12.40    12     70.82      0.00     12.99
 1493057198.19     0     70.93      0.00     14.29    12     70.19      0.00     14.83
 1493057198.29     0     72.47      0.00     12.63    12     72.63      0.00     12.56
 1493057198.39     0     69.22      0.00     12.35    12     68.85      0.00     12.19
 1493057198.49     0     68.65      0.00     13.41    12     69.31      0.00     12.54
 1493057198.59     0     69.75      0.00     12.60    12     69.98      0.00     12.54
 1493057198.69     0     70.36      0.00     14.74    12     71.03      0.00     14.90
 1493057198.79     0     69.82      0.00     12.54    12     70.03      0.00     12.69
 1493057198.89     0     71.42      0.00     14.12    12     73.17      0.00     14.08
 1493057198.99     0     73.48      0.00     12.66    12     73.34      0.00     12.62
 1493057199.09     0     71.73      0.00     13.31    12     71.50      0.00     14.27
 1493057199.19     0     69.66      0.00     14.03    12     68.63      0.00     13.62
 1493057199.30     0     71.56      0.00     12.83    12     70.21      0.00     12.90
 1493057199.40     0     71.01      0.00     14.05    12     73.31      0.00     14.40
 1493057199.50     0     71.88      0.00     12.41    12     69.61      0.00     12.17
 1493057199.60     0     69.74      0.00     14.23    12     72.16      0.00     14.55
 1493057199.70     0     70.45      0.00     12.14    12     71.85      0.00     12.55
 1493057199.80     0     71.69      0.00     13.75    12     71.38      0.00     14.47
 1493057199.90     0     70.80      0.00     13.00    12     70.76      0.00     13.35
 1493057200.00     0     70.48      0.00     13.00    12     71.92      0.00     12.62
 1493057200.10     0     69.25      0.00     13.91    12     70.29      0.00     14.87
 1493057200.20     0     70.96      0.00     12.76    12     70.65      0.00     13.54
 1493057200.30     0     73.89      0.00     14.75    12     71.49      0.00     14.21
 1493057200.40     0     72.41      0.00     12.31    12     73.33      0.00     12.87
 1493057200.50     0     73.09      0.00     14.18    12     72.01      0.00     14.08
 1493057200.60     0     68.09      0.00     12.61    12     69.59      0.00     12.54
 1493057200.70     0     70.48      0.00     13.59    12     70.55      0.00     13.25
 1493057200.80     0     71.57      0.00     14.40    12     71.13      0.00     14.51
 1493057200.90     0     71.05      0.00     13.02    12     71.40      0.00     13.00
 1493057201.00     0     72.78      0.00     13.76    12     72.94      0.00     14.44
 1493057201.10     0     66.21      0.00     11.08    12     66.08      0.00     11.47
 1493057201.20     0     67.38      0.00     12.05    12     67.47      0.00     12.49
 1493057201.30     0     70.90      0.00     14.15    12     70.52      0.00     14.27
 1493057201.40     0     71.21      0.00     12.84    12     69.01      0.00     12.48
 1493057201.51     0     71.36      0.00     13.50    12     71.71      0.00     13.64
 1493057201.61     0     69.77      0.00     12.98    12     70.33      0.00     12.30
 1493057201.71     0     71.55      0.00     14.15    12     71.65      0.00     13.68
 1493057201.81     0     73.03      0.00     13.50    12     72.19      0.00     13.56
 1493057201.91     0     74.48      0.00     14.01    12     73.50      0.00     14.04
 1493057202.01     0     70.67      0.00     13.68    12     71.04      0.00     14.06
 1493057202.11     0     68.04      0.00     11.81    12     67.31      0.00     11.33
 1493057202.21     0     72.25      0.00     14.34    12     71.71      0.00     14.77
 1493057202.31     0     68.15      0.00     12.85    12     67.47      0.00     12.14
 1493057202.41     0     72.05      0.00     14.39    12     71.77      0.00     14.55
 1493057202.51     0     73.24      0.00     13.11    12     72.67      0.00     12.57
 1493057202.61     0     71.57      0.00     13.40    12     72.97      0.00     13.32
 1493057202.71     0     68.55      0.00     13.56    12     69.12      0.00     13.13
 1493057202.81     0     69.47      0.00     13.29    12     69.06      0.00     12.67
 1493057202.91     0     72.91      0.00     14.69    12     71.95      0.00     14.53
 1493057203.01     0     72.31      0.00     12.99    12     73.44      0.00     12.71
 1493057203.11     0     72.13      0.00     14.63    12     72.04      0.00     14.27
 1493057203.21     0     72.58      0.00     12.71    12     73.90      0.00     13.17
 1493057203.31     0     71.86      0.00     14.20    12     70.21      0.00     13.83
 1493057203.41     0     71.08      0.00     13.46    12     69.24      0.00     13.67
 1493057203.51     0     72.43      0.00     12.79    12     71.02      0.00     13.24
 1493057203.62     0     70.59      0.00     14.10    12     72.02      0.00     13.85
 1493057203.72     0     70.38      0.00     12.82    12     70.70      0.00     13.00
 1493057203.82     0     70.53      0.00     14.72    12     71.13      0.00     14.51
 1493057203.92     0     72.85      0.00     12.66    12     73.90      0.00     12.83
 1493057204.02     0     73.82      0.00     14.08    12     73.49      0.00     14.23
 1493057204.12     0     69.24      0.00     13.32    12     71.72      0.00     13.83
 1493057204.22     0     70.08      0.00     13.10    12     69.95      0.00     12.68
 1493057204.32     0     71.10      0.00     14.17    12     71.99      0.00     14.56
 1493057204.42     0     71.62      0.00     13.20    12     69.25      0.00     12.48
 1493057204.52     0     73.92      0.00     14.04    12     73.77      0.00     14.76
 1493057204.62     0     67.13      0.00     10.47    12     66.47      0.00      9.99
 1493057204.72     0     70.52      0.00     14.13    12     72.48      0.00     13.92
 1493057204.82     0     70.07      0.00     13.42    12     68.18      0.00     13.21
 1493057204.92     0     69.97      0.00     13.10    12     69.03      0.00     13.36
 1493057205.02     0     72.23      0.00     14.26    12     72.55      0.00     14.55
 1493057205.12     0     70.59      0.00     12.55    12     71.77      0.00     13.44
 1493057205.22     0     70.30      0.00     14.15    12     71.76      0.00     14.63
 1493057205.32     0     72.21      0.00     12.37    12     71.81      0.00     12.86
 1493057205.43     0     71.85      0.00     13.69    12     69.91      0.00     14.53
 1493057205.53     0     70.84      0.00     13.23    12     70.15      0.00     12.95
 1493057205.63     0     69.55      0.00     12.91    12     71.72      0.00     12.80
 1493057205.73     0     70.83      0.00     13.94    12     71.16      0.00     14.10
 1493057205.83     0     70.09      0.00     12.76    12     68.33      0.00     11.94
 1493057205.93     0     72.23      0.00     14.02    12     72.44      0.00     14.52
 1493057206.03     0     74.34      0.00     12.81    12     74.46      0.00     12.82
 1493057206.13     0     70.64      0.00     14.00    12     69.99      0.00     14.52
 1493057206.23     0     69.94      0.00     12.87    12     71.83      0.00     14.04
 1493057206.33     0     69.92      0.00     13.26    12     70.08      0.00     13.04
 1493057206.43     0     72.58      0.00     14.00    12     70.53      0.00     14.58
 1493057206.53     0     70.94      0.00     12.91    12     70.08      0.00     12.63
 1493057206.63     0     71.15      0.00     14.28    12     73.10      0.00     13.99
 1493057206.73     0     72.79      0.00     12.53    12     74.39      0.00     12.75
 1493057206.83     0     70.80      0.00     14.23    12     70.32      0.00     14.19
 1493057206.93     0     67.47      0.00     12.75    12     67.57      0.00     12.74
 1493057207.03     0     71.69      0.00     13.59    12     69.78      0.00     13.38
 1493057207.13     0     73.33      0.00     14.83    12     73.47      0.00     14.36
 1493057207.23     0     69.62      0.00     12.83    12     70.04      0.00     13.13
 1493057207.33     0     71.72      0.00     13.24    12     70.86      0.00     13.42
 1493057207.43     0     74.45      0.00     13.39    12     74.00      0.00     13.70
 1493057207.53     0     70.29      0.00     13.38    12     69.70      0.00     14.51
 1493057207.63     0     71.89      0.00     13.39    12     72.35      0.00     13.20
 1493057207.73     0     70.29      0.00     12.80    12     71.91      0.00     13.09
 1493057207.84     0     69.72      0.00     13.15    12     70.47      0.00     13.19
 1493057207.94     0     69.85      0.00     13.24    12     69.65      0.00     13.51
 1493057208.04     0     72.31      0.00     14.11    12     72.89      0.00     14.69
 1493057208.14     0     68.72      0.00     11.22    12     67.22      0.00     11.46
 1493057208.24     0     71.82      0.00     13.64    12     73.94      0.00     14.88
 1493057208.34     0     69.91      0.00     13.64    12     70.77      0.00     13.78
 1493057208.44     0     71.10      0.00     13.64    12     69.75      0.00     12.98
 1493057208.54     0     73.13      0.00     14.36    12     71.05      0.00     14.27
 1493057208.64     0     70.53      0.00     12.53    12     71.68      0.00     13.15
 1493057208.74     0     71.92      0.00     14.08    12     73.00      0.00     13.74
 1493057208.84     0     73.26      0.00     12.17    12     71.95      0.00     12.44
 1493057208.94     0     68.43      0.00     13.77    12     70.54      0.00     14.55
 1493057209.04     0     71.29      0.00     12.94    12     70.23      0.00     13.34
 1493057209.14     0     69.94      0.00     13.00    12     70.82      0.00     13.06
 1493057209.24     0     71.03      0.00     13.87    12     73.14      0.00     14.75
 1493057209.34     0     70.21      0.00     12.90    12     69.67      0.00     12.97
 1493057209.44     0     72.75      0.00     14.05    12     71.73      0.00     14.52
 1493057209.54     0     74.12      0.00     12.61    12     73.51      0.00     12.75
 1493057209.64     0     69.76      0.00     13.76    12     70.54      0.00     14.46
 1493057209.74     0     70.32      0.00     13.09    12     70.28      0.00     13.24
 1493057209.85     0     68.78      0.00     12.61    12     70.81      0.00     12.97
 1493057209.95     0     72.50      0.00     14.55    12     72.26      0.00     14.67
 1493057210.05     0     68.69      0.00     12.00    12     69.04      0.00     12.77
 1493057210.15     0     72.42      0.00     13.45    12     71.75      0.00     13.70
 1493057210.25     0     73.40      0.00     12.79    12     75.89      0.00     13.65
 1493057210.35     0     69.03      0.00     13.93    12     72.30      0.00     14.57
 1493057210.45     0     69.84      0.00     12.78    12     69.01      0.00     13.84
 1493057210.55     0     69.06      0.00     12.65    12     69.88      0.00     13.53
 1493057210.65     0     73.52      0.00     14.94    12     71.58      0.00     13.98
 1493057210.75     0     68.94      0.00     12.29    12     69.93      0.00     12.01
 1493057210.85     0     71.59      0.00     13.29    12     71.24      0.00     12.78
 1493057210.95     0     73.32      0.00     13.21    12     74.08      0.00     13.83
 1493057211.05     0     69.19      0.00     13.15    12     68.01      0.00     14.32
 1493057211.15     0     70.85      0.00     13.11    12     70.27      0.00     13.22
 1493057211.25     0     69.83      0.00     12.87    12     71.17      0.00     13.21
 1493057211.35     0     69.96      0.00     13.93    12     71.12      0.00     13.62
 1493057211.45     0     72.96      0.00     13.38    12     70.81      0.00     13.98
 1493057211.55     0     71.24      0.00     12.33    12     70.53      0.00     13.16
 1493057211.65     0     72.77      0.00     13.02    12     73.70      0.00     13.62
 1493057211.75     0     70.48      0.00     14.07    12     71.61      0.00     14.52
 1493057211.86     0     68.41      0.00     11.95    12     68.26      0.00     11.91
 1493057211.96     0     72.55      0.00     14.10    12     71.62      0.00     14.35
 1493057212.06     0     69.27      0.00     12.23    12     69.39      0.00     13.16
 1493057212.16     0     70.78      0.00     13.67    12     70.49      0.00     13.43
 1493057212.26     0     73.10      0.00     13.22    12     74.86      0.00     14.04
 1493057212.36     0     72.38      0.00     13.28    12     73.28      0.00     13.46
 1493057212.46     0     70.76      0.00     13.87    12     68.21      0.00     14.16
 1493057212.56     0     68.08      0.00     11.96    12     67.65      0.00     12.00
 1493057212.66     0     71.49      0.00     14.04    12     72.58      0.00     14.69
 1493057212.76     0     69.82      0.00     13.07    12     70.47      0.00     12.80
 1493057212.86     0     72.29      0.00     14.03    12     72.92      0.00     13.63
 1493057212.96     0     72.13      0.00     12.45    12     72.83      0.00     12.92
 1493057213.06     0     74.19      0.00     14.16    12     72.92      0.00     14.22
 1493057213.16     0     69.42      0.00     13.20    12     68.99      0.00     13.69
 1493057213.26     0     70.12      0.00     12.76    12     70.51      0.00     12.30
 1493057213.36     0     71.03      0.00     14.33    12     72.44      0.00     14.79
 1493057213.46     0     70.89      0.00     12.68    12     69.49      0.00     12.64
 1493057213.56     0     71.86      0.00     14.40    12     70.18      0.00     14.29
 1493057213.66     0     73.64      0.00     12.64    12     72.05      0.00     12.24
 1493057213.76     0     70.59      0.00     13.85    12     72.70      0.00     13.77
 1493057213.86     0     70.49      0.00     13.55    12     71.36      0.00     13.27
 1493057213.96     0     69.32      0.00     13.05    12     69.69      0.00     12.63
 1493057214.06     0     71.91      0.00     14.33    12     70.67      0.00     14.53
 1493057214.16     0     71.55      0.00     12.57    12     70.61      0.00     12.89
 1493057214.27     0     71.87      0.00     14.19    12     74.43      0.00     14.63
 1493057214.37     0     73.51      0.00     12.36    12     73.23      0.00     12.65
 1493057214.47     0     71.04      0.00     14.00    12     70.72      0.00     14.51
 1493057214.57     0     71.15      0.00     13.32    12     69.86      0.00     13.45
 1493057214.67     0     70.96      0.00     12.83    12     68.43      0.00     11.74
 1493057214.77     0     71.21      0.00     14.34    12     72.17      0.00     14.90
 1493057214.87     0     70.50      0.00     12.51    12     70.77      0.00     12.09
 1493057214.97     0     71.31      0.00     14.52    12     71.14      0.00     14.18
 1493057215.07     0     69.70      0.00     12.97    12     70.31      0.00     12.58
 1493057215.17     0     72.05      0.00     13.18    12     70.16      0.00     13.73
 1493057215.27     0     67.98      0.00     13.14    12     69.70      0.00     13.49
 1493057215.37     0     71.86      0.00     13.26    12     71.31      0.00     13.06
 1493057215.47     0     71.52      0.00     14.30    12     72.06      0.00     14.96
 1493057215.57     0     72.48      0.00     13.20    12     70.68      0.00     13.32
 1493057215.67     0     71.59      0.00     14.37    12     72.27      0.00     14.70
 1493057215.77     0     72.26      0.00     11.95    12     71.36      0.00     12.21
 1493057215.87     0     71.71      0.00     14.08    12     74.98      0.00     14.31
 1493057215.97     0     71.79      0.00     12.74    12     70.08      0.00     12.40
 1493057216.07     0     68.17      0.00     11.75    12     68.79      0.00     11.67
 1493057216.18     0     69.58      0.00     14.39    12     70.01      0.00     14.42
 1493057216.28     0     70.74      0.00     13.23    12     70.11      0.00     12.83
 1493057216.38     0     70.67      0.00     14.38    12     74.93      0.00     14.33
 1493057216.48     0     74.89      0.00     13.01    12     73.28      0.00     12.81
 1493057216.58     0     72.91      0.00     14.10    12     70.70      0.00     14.84
 1493057216.68     0     70.18      0.00     13.09    12     70.30      0.00     13.96
 1493057216.78     0     70.27      0.00     13.12    12     70.78      0.00     12.89
 1493057216.88     0     70.32      0.00     14.17    12     71.64      0.00     14.45
 1493057216.98     0     70.89      0.00     12.42    12     70.94      0.00     12.37
 1493057217.08     0     72.63      0.00     13.73    12     74.09      0.00     14.76
 1493057217.18     0     72.83      0.00     12.57    12     73.51      0.00     12.43
 1493057217.28     0     69.91      0.00     13.62    12     71.22      0.00     14.64
 1493057217.38     0     70.57      0.00     12.80    12     70.63      0.00     13.20
 1493057217.48     0     70.72      0.00     13.16    12     71.26      0.00     13.12
 1493057217.58     0     72.94      0.00     13.94    12     72.79      0.00     14.79
 1493057217.68     0     70.04      0.00     12.87    12     69.14      0.00     13.19
 1493057217.78     0     70.58      0.00     13.29    12     72.68      0.00     14.02
 1493057217.88     0     73.34      0.00     12.42    12     75.57      0.00     13.24
 1493057217.98     0     73.46      0.00     14.19    12     72.71      0.00     14.28
 1493057218.08     0     70.61      0.00     13.02    12     69.90      0.00     13.04
 1493057218.19     0     70.67      0.00     12.55    12     69.72      0.00     13.65
 1493057218.29     0     71.05      0.00     13.80    12     72.22      0.00     14.23
 1493057218.39     0     68.38      0.00     12.66    12     69.30      0.00     12.34
 1493057218.49     0     73.51      0.00     13.79    12     74.15      0.00     13.75
 1493057218.59     0     74.51      0.00     13.22    12     73.12      0.00     13.57
 1493057218.69     0     71.80      0.00     14.30    12     69.86      0.00     14.35
 1493057218.79     0     68.71      0.00     13.02    12     69.54      0.00     12.53
 1493057218.89     0     70.85      0.00     13.93    12     72.55      0.00     13.61
 1493057218.99     0     69.69      0.00     12.38    12     69.40      0.00     11.69
 1493057219.09     0     72.13      0.00     13.81    12     71.38      0.00     14.23
 1493057219.19     0     72.11      0.00     12.38    12     71.70      0.00     12.87
 1493057219.29     0     72.56      0.00     13.34    12     74.42      0.00     14.16
 1493057219.39     0     69.86      0.00     14.11    12     72.67      0.00     14.79
 1493057219.49     0     69.31      0.00     12.21    12     68.47      0.00     11.78
 1493057219.59     0     72.39      0.00     13.95    12     71.95      0.00     14.27
 1493057219.69     0     70.75      0.00     12.60    12     68.10      0.00     12.96
 1493057219.79     0     72.42      0.00     14.19    12     71.99      0.00     14.81
 1493057219.89     0     70.88      0.00     12.41    12     73.70      0.00     12.71
 1493057219.99     0     64.84      0.00     11.09    12     65.26      0.00     11.00
 1493057220.09     0     71.03      0.00     13.67    12     71.01      0.00     14.35
 1493057220.19     0     69.23      0.00     12.22    12     68.81      0.00     12.31
 1493057220.30     0     71.56      0.00     13.24    12     71.43      0.00     14.24
 1493057220.40     0     69.33      0.00     12.89    12     69.73      0.00     12.94
 1493057220.50     0     71.38      0.00     13.88    12     73.75      0.00     14.13
 1493057220.60     0     73.48      0.00     13.08    12     71.71      0.00     13.31
 1493057220.70     0     73.63      0.00     13.57    12     72.31      0.00     14.23
 1493057220.80     0     70.34      0.00     14.32    12     70.21      0.00     14.54
 1493057220.90     0     68.99      0.00     12.28    12     68.99      0.00     12.68
 1493057221.00     0     72.83      0.00     14.75    12     73.13      0.00     13.87
 1493057221.10     0     71.07      0.00     12.58    12     71.86      0.00     13.37
 1493057221.20     0     72.37      0.00     14.72    12     71.52      0.00     14.71
 1493057221.30     0     70.74      0.00     11.76    12     71.18      0.00     12.45
 1493057221.40     0     67.58      0.00     12.13    12     67.03      0.00     12.51
 1493057221.50     0     71.24      0.00     14.46    12     73.51      0.00     14.34
 1493057221.60     0     67.97      0.00     11.83    12     68.06      0.00     11.71
 1493057221.70     0     72.54      0.00     14.40    12     72.39      0.00     14.29
 1493057221.80     0     69.36      0.00     12.42    12     69.20      0.00     12.95
 1493057221.91     0     71.59      0.00     14.27    12     72.42      0.00     14.75
 1493057222.01     0     71.18      0.00     13.62    12     72.18      0.00     13.52
 1493057222.11     0     68.77      0.00     11.70    12     70.88      0.00     12.26
 1493057222.21     0     71.34      0.00     14.27    12     70.57      0.00     14.57
 1493057222.31     0     69.74      0.00     13.16    12     69.48      0.00     13.45
 1493057222.41     0     69.82      0.00     13.23    12     70.31      0.00     13.34
 1493057222.51     0     71.27      0.00     14.56    12     72.34      0.00     14.46
 1493057222.61     0     70.85      0.00     12.92    12     72.58      0.00     13.49
 1493057222.71     0     71.92      0.00     12.89    12     72.18      0.00     13.53
 1493057222.81     0     71.82      0.00     13.10    12     71.66      0.00     13.16
 1493057222.91     0     70.12      0.00     13.74    12     70.14      0.00     14.22
 1493057223.01     0     67.75      0.00     12.14    12     68.92      0.00     12.48
 1493057223.11     0     74.94      0.00     14.05    12     73.56      0.00     13.88
 1493057223.21     0     71.13      0.00     12.91    12     69.80      0.00     13.27
 1493057223.31     0     71.03      0.00     14.71    12     71.29      0.00     14.31
 1493057223.41     0     72.19      0.00     12.66    12     72.80      0.00     12.79
 1493057223.51     0     72.08      0.00     13.83    12     75.33      0.00     14.59
 1493057223.61     0     67.94      0.00     13.26    12     68.06      0.00     12.97
 1493057223.71     0     72.29      0.00     13.18    12     70.00      0.00     12.68
 1493057223.81     0     69.92      0.00     14.46    12     70.52      0.00     13.80
 1493057223.92     0     71.05      0.00     12.95    12     70.48      0.00     13.47
 1493057224.02     0     72.18      0.00     14.33    12     72.28      0.00     14.22
 1493057224.12     0     71.04      0.00     12.18    12     71.91      0.00     11.76
 1493057224.22     0     73.90      0.00     13.79    12     73.63      0.00     14.74
 1493057224.32     0     70.31      0.00     13.15    12     70.76      0.00     13.61
 1493057224.42     0     70.09      0.00     12.52    12     71.57      0.00     13.32
 1493057224.52     0     71.68      0.00     14.35    12     71.75      0.00     14.57
 1493057224.62     0     70.95      0.00     12.90    12     70.21      0.00     13.06
 1493057224.72     0     71.58      0.00     14.20    12     71.77      0.00     14.68
 1493057224.82     0     74.00      0.00     12.60    12     73.64      0.00     12.95
 1493057224.92     0     69.90      0.00     14.05    12     69.99      0.00     14.68
 1493057225.02     0     70.23      0.00     13.34    12     70.60      0.00     13.44
 1493057225.12     0     72.62      0.00     13.01    12     71.56      0.00     12.77
 1493057225.22     0     72.26      0.00     13.73    12     73.03      0.00     14.01
 1493057225.32     0     70.48      0.00     12.99    12     69.25      0.00     12.89
 1493057225.43     0     70.24      0.00     12.97    12     72.41      0.00     13.85
 1493057225.53     0     74.08      0.00     13.05    12     75.17      0.00     13.28
 1493057225.63     0     71.62      0.00     13.88    12     72.15      0.00     14.44
 1493057225.73     0     70.27      0.00     12.92    12     70.86      0.00     13.64
 1493057225.83     0     70.46      0.00     12.79    12     69.06      0.00     12.86
 1493057225.93     0     70.44      0.00     14.24    12     71.82      0.00     14.37
 1493057226.03     0     69.79      0.00     13.69    12     70.83      0.00     13.41
 1493057226.13     0     73.79      0.00     13.40    12     74.71      0.00     13.24
 1493057226.23     0     71.02      0.00     12.79    12     73.37      0.00     13.06
 1493057226.33     0     71.21      0.00     14.06    12     71.27      0.00     14.69
 1493057226.43     0     67.53      0.00     11.98    12     68.68      0.00     12.82
 1493057226.53     0     73.10      0.00     14.46    12     73.90      0.00     14.89
 1493057226.63     0     68.98      0.00     12.41    12     69.31      0.00     12.58
 1493057226.73     0     73.39      0.00     14.10    12     71.85      0.00     14.48
 1493057226.83     0     71.88      0.00     12.23    12     70.98      0.00     12.21
 1493057226.93     0     72.79      0.00     13.60    12     72.49      0.00     14.29
 1493057227.03     0     68.44      0.00     13.54    12     68.97      0.00     13.73
 1493057227.13     0     70.92      0.00     12.88    12     69.93      0.00     12.32
 1493057227.23     0     71.09      0.00     14.48    12     69.79      0.00     13.04
 1493057227.33     0     70.27      0.00     12.39    12     69.17      0.00     12.28
 1493057227.44     0     70.44      0.00     14.15    12     71.39      0.00     14.96
 1493057227.54     0     73.86      0.00     12.77    12     73.23      0.00     12.73
 1493057227.64     0     70.34      0.00     14.06    12     70.80      0.00     14.10
 1493057227.74     0     68.89      0.00     13.17    12     68.80      0.00     13.04
 1493057227.84     0     70.97      0.00     13.51    12     70.47      0.00     13.70
 1493057227.94     0     69.38      0.00     14.32    12     71.64      0.00     14.77
 1493057228.04     0     69.43      0.00     13.47    12     70.14      0.00     13.63
 1493057228.14     0     71.96      0.00     14.24    12     72.17      0.00     14.55
 1493057228.24     0     73.70      0.00     12.18    12     73.58      0.00     12.07
 1493057228.34     0     68.67      0.00     14.16    12     67.64      0.00     13.61
 1493057228.44     0     70.37      0.00     13.38    12     70.23      0.00     13.79
 1493057228.54     0     69.66      0.00     12.76    12     69.66      0.00     13.37
 1493057228.64     0     71.31      0.00     14.08    12     71.98      0.00     14.88
 1493057228.74     0     69.31      0.00     13.16    12     69.43      0.00     12.89
 1493057228.84     0     72.32      0.00     14.81    12     71.63      0.00     14.46
 1493057228.94     0     66.23      0.00     11.41    12     68.27      0.00     11.37
 1493057229.04     0     69.81      0.00     14.58    12     68.86      0.00     14.70
 1493057229.14     0     69.27      0.00     13.26    12     70.37      0.00     14.22
 1493057229.25     0     69.82      0.00     13.28    12     69.81      0.00     13.04
 1493057229.35     0     71.85      0.00     14.18    12     71.64      0.00     13.97
 1493057229.45     0     68.50      0.00     12.38    12     69.18      0.00     12.75
 1493057229.55     0     72.27      0.00     14.33    12     72.39      0.00     14.36
 1493057229.65     0     72.57      0.00     12.01    12     71.65      0.00     12.18
 1493057229.75     0     70.52      0.00     13.73    12     69.51      0.00     14.13
 1493057229.85     0     69.39      0.00     13.14    12     70.18      0.00     12.94
 1493057229.95     0     69.16      0.00     13.33    12     68.61      0.00     13.30
 1493057230.05     0     70.82      0.00     14.43    12     71.41      0.00     14.49
 1493057230.15     0     68.96      0.00     12.70    12     69.67      0.00     13.42
 1493057230.25     0     71.72      0.00     13.83    12     71.55      0.00     13.73
 1493057230.35     0     72.18      0.00     12.73    12     72.89      0.00     12.86
 1493057230.45     0     67.58      0.00     14.00    12     69.29      0.00     14.55
 1493057230.55     0     69.30      0.00     13.59    12     69.48      0.00     13.85
 1493057230.65     0     69.87      0.00     13.58    12     70.90      0.00     14.06
 1493057230.75     0     69.96      0.00     12.63    12     69.66      0.00     13.35
 1493057230.85     0     72.55      0.00     13.77    12     71.01      0.00     14.12
 1493057230.95     0     72.18      0.00     13.01    12     72.28      0.00     12.85
 1493057231.05     0     68.84      0.00     13.11    12     68.90      0.00     13.15
 1493057231.15     0     70.13      0.00     14.67    12     70.07      0.00     15.05
 1493057231.25     0     67.05      0.00     11.62    12     67.56      0.00     12.24
 1493057231.36     0     72.35      0.00     14.75    12     72.09      0.00     14.14
 1493057231.46     0     69.11      0.00     12.59    12     68.87      0.00     12.82
 1493057231.56     0     70.68      0.00     14.47    12     71.79      0.00     14.93
 1493057231.66     0     71.85      0.00     12.53    12     72.06      0.00     12.93
 1493057231.76     0     67.74      0.00     11.79    12     67.63      0.00     12.01
 1493057231.86     0     69.08      0.00     14.10    12     68.78      0.00     14.51
 1493057231.96     0     66.99      0.00     12.30    12     68.57      0.00     12.44
 1493057232.06     0     71.52      0.00     14.70    12     71.80      0.00     15.09
 1493057232.16     0     69.18      0.00     12.64    12     69.21      0.00     13.02
 1493057232.26     0     71.11      0.00     14.00    12     71.65      0.00     14.78
 1493057232.36     0     71.79      0.00     12.37    12     71.71      0.00     12.34
 1493057232.46     0     70.47      0.00     13.75    12     72.06      0.00     14.27
 1493057232.56     0     69.00      0.00     13.65    12     69.40      0.00     13.37
 1493057232.66     0     70.78      0.00     12.95    12     70.20      0.00     13.39
 1493057232.76     0     71.59      0.00     14.37    12     71.25      0.00     14.87
 1493057232.86     0     69.99      0.00     12.77    12     70.50      0.00     12.70
 1493057232.97     0     69.57      0.00     14.40    12     72.19      0.00     14.83
 1493057233.07     0     65.46      0.00     10.34    12     65.91      0.00     10.44
 1493057233.17     0     68.84      0.00     12.47    12     68.53      0.00     13.22
 1493057233.27     0     68.57      0.00     13.43    12     69.17      0.00     14.44
 1493057233.37     0     68.71      0.00     12.59    12     69.64      0.00     12.45
 1493057233.47     0     70.25      0.00     14.45    12     70.87      0.00     14.54
 1493057233.57     0     70.12      0.00     12.61    12     70.59      0.00     12.55
 1493057233.67     0     71.27      0.00     14.52    12     70.32      0.00     14.92
 1493057233.77     0     70.73      0.00     11.65    12     70.34      0.00     12.23
 1493057233.87     0     72.39      0.00     14.12    12     72.08      0.00     14.24
 1493057233.97     0     67.41      0.00     13.31    12     68.07      0.00     13.45
 1493057234.07     0     70.45      0.00     13.30    12     70.28      0.00     13.53
 1493057234.17     0     70.53      0.00     14.67    12     71.66      0.00     14.96
 1493057234.27     0     69.29      0.00     12.68    12     69.03      0.00     12.94
 1493057234.37     0     70.93      0.00     14.36    12     70.19      0.00     14.74
 1493057234.47     0     71.95      0.00     12.35    12     71.92      0.00     12.11
 1493057234.57     0     68.82      0.00     14.28    12     70.71      0.00     14.54
 1493057234.67     0     68.99      0.00     13.46    12     68.83      0.00     14.01
 1493057234.77     0     71.24      0.00     13.24    12     70.84      0.00     13.80
 1493057234.87     0     70.26      0.00     14.04    12     71.15      0.00     14.13
 1493057234.97     0     68.36      0.00     12.72    12     69.29      0.00     12.76
 1493057235.07     0     70.63      0.00     14.31    12     71.07      0.00     14.65
 1493057235.17     0     72.62      0.00     12.30    12     71.92      0.00     12.49
 1493057235.27     0     69.32      0.00     14.27    12     68.84      0.00     14.81
 1493057235.37     0     67.83      0.00     12.76    12     68.72      0.00     13.38
 1493057235.47     0     69.35      0.00     12.85    12     69.72      0.00     12.66
 1493057235.58     0     71.60      0.00     14.81    12     71.11      0.00     14.28
 1493057235.68     0     68.33      0.00     12.24    12     69.13      0.00     12.73
 1493057235.78     0     71.31      0.00     14.05    12     72.48      0.00     14.69
 1493057235.88     0     68.54      0.00     10.63    12     68.23      0.00     10.98
 1493057235.98     0     71.02      0.00     14.86    12     72.51      0.00     15.12
 1493057236.08     0     68.22      0.00     13.56    12     69.18      0.00     13.92
 1493057236.18     0     69.01      0.00     13.10    12     68.88      0.00     13.43
 1493057236.28     0     69.89      0.00     14.00    12     71.93      0.00     14.84
 1493057236.38     0     69.11      0.00     12.00    12     67.69      0.00     12.54
 1493057236.48     0     72.03      0.00     14.25    12     73.14      0.00     14.02
 1493057236.58     0     71.64      0.00     12.15    12     72.00      0.00     12.29
 1493057236.68     0     69.00      0.00     14.46    12     69.10      0.00     14.45
 1493057236.78     0     68.36      0.00     12.86    12     68.45      0.00     13.70
 1493057236.88     0     69.79      0.00     13.02    12     69.56      0.00     13.34
 1493057236.98     0     70.58      0.00     14.79    12     72.41      0.00     14.66
 1493057237.08     0     67.54      0.00     12.71    12     69.27      0.00     12.71
 1493057237.18     0     70.99      0.00     13.99    12     70.79      0.00     14.15
 1493057237.28     0     72.32      0.00     12.37    12     71.25      0.00     12.84
 1493057237.38     0     69.26      0.00     13.98    12     69.02      0.00     14.41
 1493057237.48     0     69.44      0.00     13.48    12     70.00      0.00     13.59
 1493057237.58     0     68.76      0.00     13.17    12     70.00      0.00     13.18
 1493057237.68     0     71.19      0.00     13.81    12     71.82      0.00     14.02
 1493057237.78     0     70.33      0.00     13.22    12     69.85      0.00     13.75
 1493057237.88     0     71.91      0.00     12.86    12     73.26      0.00     13.89
 1493057237.98     0     70.80      0.00     13.12    12     71.84      0.00     13.13
 1493057238.09     0     68.95      0.00     14.12    12     69.94      0.00     14.03
 1493057238.19     0     67.33      0.00     12.23    12     66.16      0.00     12.31
 1493057238.29     0     72.69      0.00     14.65    12     71.13      0.00     15.01
 1493057238.39     0     67.42      0.00     12.05    12     67.85      0.00     12.71
 1493057238.49     0     71.76      0.00     14.26    12     70.98      0.00     14.95
 1493057238.59     0     71.47      0.00     12.73    12     71.67      0.00     12.07
 1493057238.69     0     70.39      0.00     13.46    12     71.18      0.00     13.88
 1493057238.79     0     68.09      0.00     13.28    12     69.74      0.00     14.26
 1493057238.89     0     70.48      0.00     12.70    12     69.76      0.00     13.19
 1493057238.99     0     69.76      0.00     14.74    12     70.38      0.00     15.02
 1493057239.09     0     68.64      0.00     12.23    12     69.81      0.00     12.08
 1493057239.19     0     70.55      0.00     14.23    12     69.86      0.00     14.60
 1493057239.29     0     70.57      0.00     11.89    12     70.82      0.00     12.20
 1493057239.39     0     73.68      0.00     13.69    12     70.13      0.00     14.16
 1493057239.49     0     68.07      0.00     13.06    12     68.50      0.00     13.14
 1493057239.59     0     68.52      0.00     12.65    12     69.37      0.00     12.39
 1493057239.69     0     70.13      0.00     14.59    12     70.27      0.00     14.57
 1493057239.79     0     71.03      0.00     12.48    12     70.40      0.00     13.19
 1493057239.89     0     69.89      0.00     14.37    12     71.16      0.00     14.98
 1493057239.99     0     71.83      0.00     11.96    12     72.49      0.00     11.94
 1493057240.09     0     69.28      0.00     13.92    12     69.82      0.00     13.87
 1493057240.19     0     68.49      0.00     13.30    12     68.99      0.00     13.64
 1493057240.30     0     69.04      0.00     13.18    12     69.14      0.00     13.52
 1493057240.40     0     70.86      0.00     13.91    12     70.81      0.00     14.67
 1493057240.50     0     69.51      0.00     12.66    12     69.14      0.00     12.95
 1493057240.60     0     71.50      0.00     14.56    12     71.31      0.00     13.84
 1493057240.70     0     40.54      0.00      6.68    12     41.17      0.00      6.50
 1493057240.80     0     14.45      0.00      2.19    12     17.56      0.00      2.35
 1493057240.90     0     14.27      0.00      2.09    12     17.13      0.00      2.30
 1493057241.00     0     13.12      0.00      2.08    12     15.64      0.00      2.13
 1493057241.10     0     15.52      0.00      2.69    12     19.82      0.00      2.96
 1493057241.20     0     19.68      0.00      3.81    12     20.85      0.00      3.88
