         #Time  Core     P_PKG     P_PP0    P_DRAM  Core     P_PKG     P_PP0    P_DRAM
 1494583582.30     0     22.89      0.00      4.88    12     21.04      0.00      4.89
 1494583582.40     0     24.41      0.00      5.83    12     20.69      0.00      4.60
 1494583582.50     0     29.03      0.00      5.34    12     23.37      0.00      4.12
 1494583582.60     0     31.48      0.00      4.73    12     25.74      0.00      4.17
 1494583582.70     0     31.47      0.00      4.77    12     25.46      0.00      4.13
 1494583582.80     0     31.67      0.00      5.28    12     25.52      0.00      4.03
 1494583582.90     0     32.24      0.00      6.18    12     25.51      0.00      4.06
 1494583583.00     0     32.26      0.00      6.46    12     25.57      0.00      4.12
 1494583583.10     0     32.23      0.00      6.67    12     25.57      0.00      4.07
 1494583583.20     0     32.21      0.00      6.50    12     25.56      0.00      4.11
 1494583583.30     0     32.25      0.00      6.33    12     25.55      0.00      4.21
 1494583583.40     0     32.01      0.00      5.84    12     25.59      0.00      4.18
 1494583583.50     0     31.18      0.00      4.43    12     25.48      0.00      4.01
 1494583583.60     0     31.17      0.00      4.42    12     25.54      0.00      4.15
 1494583583.70     0     31.22      0.00      4.39    12     25.55      0.00      4.14
 1494583583.80     0     31.17      0.00      4.39    12     25.77      0.00      4.23
 1494583583.90     0     31.21      0.00      4.37    12     25.51      0.00      4.05
 1494583584.00     0     31.50      0.00      4.46    12     25.54      0.00      3.98
 1494583584.10     0     31.24      0.00      4.42    12     25.52      0.00      3.96
 1494583584.20     0     31.18      0.00      4.40    12     25.49      0.00      4.09
 1494583584.30     0     31.27      0.00      4.45    12     25.51      0.00      4.15
 1494583584.40     0     31.15      0.00      4.43    12     25.53      0.00      4.17
 1494583584.50     0     31.19      0.00      4.42    12     25.52      0.00      4.02
 1494583584.60     0     31.22      0.00      4.33    12     25.50      0.00      4.08
 1494583584.70     0     31.18      0.00      4.43    12     25.52      0.00      4.15
 1494583584.80     0     31.19      0.00      4.32    12     25.50      0.00      4.13
 1494583584.90     0     31.25      0.00      4.40    12     25.57      0.00      4.16
 1494583585.00     0     31.18      0.00      4.42    12     25.49      0.00      4.14
 1494583585.10     0     31.19      0.00      4.40    12     25.74      0.00      4.20
 1494583585.20     0     31.22      0.00      4.42    12     25.51      0.00      4.14
 1494583585.30     0     31.50      0.00      4.44    12     25.48      0.00      4.12
 1494583585.40     0     31.20      0.00      4.42    12     25.53      0.00      4.10
 1494583585.50     0     31.26      0.00      4.41    12     25.53      0.00      4.08
 1494583585.60     0     31.17      0.00      4.40    12     25.51      0.00      4.19
 1494583585.70     0     31.17      0.00      4.35    12     25.54      0.00      4.15
 1494583585.80     0     31.22      0.00      4.40    12     25.51      0.00      4.13
 1494583585.90     0     31.21      0.00      4.40    12     25.51      0.00      4.17
 1494583586.00     0     31.21      0.00      4.41    12     25.51      0.00      4.07
 1494583586.10     0     31.25      0.00      4.40    12     25.51      0.00      4.16
 1494583586.20     0     31.17      0.00      4.27    12     25.50      0.00      4.15
 1494583586.30     0     31.20      0.00      4.42    12     25.52      0.00      4.09
 1494583586.40     0     31.22      0.00      4.43    12     25.50      0.00      4.17
 1494583586.50     0     31.21      0.00      4.43    12     25.76      0.00      4.13
 1494583586.60     0     31.16      0.00      4.44    12     25.48      0.00      4.05
 1494583586.70     0     31.19      0.00      4.37    12     25.48      0.00      4.15
 1494583586.80     0     31.46      0.00      4.42    12     25.53      0.00      4.20
 1494583586.90     0     31.22      0.00      4.37    12     25.48      0.00      4.17
 1494583587.00     0     31.21      0.00      4.42    12     25.54      0.00      4.03
 1494583587.10     0     31.24      0.00      4.40    12     25.57      0.00      4.19
 1494583587.20     0     31.24      0.00      4.42    12     25.51      0.00      4.17
 1494583587.30     0     31.20      0.00      4.41    12     25.50      0.00      4.14
 1494583587.41     0     31.19      0.00      4.43    12     25.47      0.00      4.09
 1494583587.51     0     31.25      0.00      4.44    12     25.53      0.00      4.11
 1494583587.61     0     31.21      0.00      4.44    12     25.46      0.00      4.00
 1494583587.71     0     31.23      0.00      4.37    12     25.73      0.00      4.22
 1494583587.81     0     31.25      0.00      4.32    12     25.50      0.00      4.12
 1494583587.91     0     31.25      0.00      4.38    12     25.50      0.00      4.14
 1494583588.01     0     31.20      0.00      4.38    12     25.45      0.00      4.14
 1494583588.11     0     31.20      0.00      4.43    12     25.51      0.00      4.15
 1494583588.21     0     31.56      0.00      4.46    12     25.57      0.00      4.12
 1494583588.31     0     31.28      0.00      4.42    12     25.51      0.00      4.12
 1494583588.41     0     31.29      0.00      4.43    12     25.53      0.00      4.14
 1494583588.51     0     31.26      0.00      4.46    12     25.50      0.00      4.11
 1494583588.61     0     31.33      0.00      4.43    12     25.52      0.00      4.15
 1494583588.71     0     31.22      0.00      4.41    12     25.49      0.00      4.13
 1494583588.81     0     31.19      0.00      4.43    12     25.52      0.00      4.02
 1494583588.91     0     31.23      0.00      4.36    12     25.49      0.00      4.08
 1494583589.01     0     31.24      0.00      4.45    12     25.46      0.00      4.00
 1494583589.11     0     31.21      0.00      4.42    12     25.75      0.00      4.16
 1494583589.21     0     31.23      0.00      4.36    12     25.50      0.00      4.07
 1494583589.31     0     31.19      0.00      4.42    12     25.46      0.00      4.17
 1494583589.41     0     31.23      0.00      4.43    12     25.54      0.00      4.14
 1494583589.51     0     31.25      0.00      4.41    12     25.45      0.00      4.11
 1494583589.61     0     31.26      0.00      4.44    12     25.50      0.00      4.13
 1494583589.71     0     31.27      0.00      4.43    12     25.49      0.00      4.08
 1494583589.81     0     31.56      0.00      4.44    12     25.48      0.00      4.01
 1494583589.91     0     31.24      0.00      4.42    12     25.46      0.00      4.10
 1494583590.01     0     31.26      0.00      4.43    12     25.56      0.00      4.20
 1494583590.11     0     31.24      0.00      4.39    12     25.48      0.00      4.08
 1494583590.21     0     31.22      0.00      4.38    12     25.51      0.00      4.08
 1494583590.31     0     31.26      0.00      4.41    12     25.48      0.00      4.13
 1494583590.41     0     31.23      0.00      4.42    12     25.75      0.00      4.13
 1494583590.51     0     31.24      0.00      4.42    12     25.26      0.00      4.06
 1494583590.61     0     31.23      0.00      4.42    12     25.76      0.00      4.20
 1494583590.71     0     31.21      0.00      4.43    12     25.53      0.00      4.05
 1494583590.81     0     31.29      0.00      4.43    12     25.54      0.00      4.16
 1494583590.91     0     31.25      0.00      4.44    12     25.55      0.00      4.19
 1494583591.01     0     31.22      0.00      4.43    12     25.52      0.00      4.00
 1494583591.11     0     31.55      0.00      4.42    12     25.56      0.00      4.17
 1494583591.21     0     31.24      0.00      4.42    12     25.57      0.00      4.16
 1494583591.31     0     31.20      0.00      4.40    12     25.55      0.00      4.15
 1494583591.41     0     31.18      0.00      4.33    12     25.51      0.00      4.15
 1494583591.51     0     31.22      0.00      4.38    12     25.58      0.00      4.06
 1494583591.61     0     31.22      0.00      4.43    12     25.59      0.00      4.13
 1494583591.71     0     31.23      0.00      4.41    12     25.52      0.00      4.13
 1494583591.81     0     31.28      0.00      4.44    12     25.79      0.00      4.06
 1494583591.91     0     31.28      0.00      4.42    12     25.54      0.00      4.09
 1494583592.01     0     31.19      0.00      4.41    12     25.53      0.00      4.15
 1494583592.11     0     31.18      0.00      4.41    12     25.50      0.00      4.16
 1494583592.21     0     31.23      0.00      4.41    12     25.54      0.00      4.09
 1494583592.31     0     31.22      0.00      4.37    12     25.51      0.00      4.15
 1494583592.41     0     31.26      0.00      4.37    12     25.53      0.00      4.08
 1494583592.51     0     31.58      0.00      4.31    12     25.54      0.00      4.09
 1494583592.61     0     31.25      0.00      4.37    12     25.51      0.00      3.97
 1494583592.71     0     31.27      0.00      4.41    12     25.52      0.00      4.08
 1494583592.81     0     31.23      0.00      4.38    12     25.56      0.00      4.13
 1494583592.91     0     31.25      0.00      4.42    12     25.50      0.00      4.12
 1494583593.01     0     31.25      0.00      4.41    12     25.52      0.00      4.07
 1494583593.11     0     31.25      0.00      4.41    12     25.81      0.00      4.20
 1494583593.21     0     31.20      0.00      4.43    12     25.54      0.00      4.11
 1494583593.31     0     31.21      0.00      4.41    12     25.52      0.00      4.11
 1494583593.41     0     31.22      0.00      4.42    12     25.54      0.00      4.07
 1494583593.51     0     31.21      0.00      4.35    12     25.53      0.00      4.19
 1494583593.62     0     31.21      0.00      4.33    12     25.51      0.00      4.11
 1494583593.72     0     31.20      0.00      4.42    12     25.53      0.00      3.96
 1494583593.82     0     31.23      0.00      4.43    12     25.57      0.00      4.11
 1494583593.92     0     31.56      0.00      4.45    12     25.52      0.00      4.18
 1494583594.02     0     31.27      0.00      4.42    12     25.46      0.00      4.16
 1494583594.12     0     31.22      0.00      4.41    12     25.54      0.00      4.04
 1494583594.22     0     31.21      0.00      4.28    12     25.53      0.00      4.12
 1494583594.32     0     31.27      0.00      4.40    12     25.55      0.00      4.14
 1494583594.42     0     31.22      0.00      4.41    12     25.77      0.00      3.97
 1494583594.52     0     31.23      0.00      4.40    12     25.52      0.00      4.06
 1494583594.62     0     31.21      0.00      4.42    12     25.53      0.00      4.07
 1494583594.72     0     31.22      0.00      4.36    12     25.53      0.00      4.06
 1494583594.82     0     31.25      0.00      4.40    12     25.51      0.00      4.09
 1494583594.92     0     31.22      0.00      4.41    12     25.51      0.00      4.04
 1494583595.02     0     31.25      0.00      4.43    12     25.54      0.00      4.14
 1494583595.12     0     31.29      0.00      4.42    12     25.52      0.00      4.09
 1494583595.22     0     31.24      0.00      4.41    12     25.52      0.00      4.16
 1494583595.32     0     31.20      0.00      4.42    12     25.52      0.00      4.02
 1494583595.42     0     31.51      0.00      4.35    12     25.52      0.00      4.09
 1494583595.52     0     31.20      0.00      4.40    12     25.54      0.00      4.08
 1494583595.62     0     31.21      0.00      4.41    12     25.46      0.00      4.04
 1494583595.72     0     31.23      0.00      4.42    12     25.74      0.00      4.09
 1494583595.82     0     31.21      0.00      4.36    12     25.52      0.00      4.16
 1494583595.92     0     31.22      0.00      4.38    12     25.48      0.00      4.16
 1494583596.02     0     31.26      0.00      4.38    12     25.49      0.00      4.00
 1494583596.12     0     31.19      0.00      4.37    12     25.51      0.00      4.06
 1494583596.22     0     31.22      0.00      4.41    12     25.50      0.00      4.09
 1494583596.32     0     31.21      0.00      4.35    12     25.54      0.00      4.15
 1494583596.42     0     31.37      0.00      4.40    12     25.55      0.00      4.04
 1494583596.52     0     31.17      0.00      4.31    12     25.52      0.00      4.09
 1494583596.62     0     31.41      0.00      4.31    12     25.55      0.00      4.03
 1494583596.72     0     31.23      0.00      4.42    12     25.53      0.00      4.11
 1494583596.82     0     31.64      0.00      4.38    12     25.53      0.00      4.04
 1494583596.92     0     31.60      0.00      4.40    12     25.75      0.00      4.24
 1494583597.02     0     31.23      0.00      4.41    12     25.54      0.00      4.14
 1494583597.12     0     31.17      0.00      4.43    12     25.55      0.00      4.02
 1494583597.22     0     31.27      0.00      4.41    12     25.51      0.00      4.05
 1494583597.32     0     31.36      0.00      4.38    12     25.53      0.00      4.07
 1494583597.42     0     31.27      0.00      4.41    12     25.54      0.00      4.12
 1494583597.52     0     31.17      0.00      4.40    12     25.48      0.00      4.14
 1494583597.62     0     31.21      0.00      4.36    12     25.50      0.00      4.06
 1494583597.72     0     31.18      0.00      4.37    12     25.49      0.00      4.13
 1494583597.82     0     31.25      0.00      4.41    12     25.51      0.00      4.11
 1494583597.92     0     31.27      0.00      4.42    12     25.49      0.00      4.11
 1494583598.02     0     31.16      0.00      4.41    12     25.49      0.00      3.90
 1494583598.12     0     31.32      0.00      4.31    12     25.44      0.00      4.17
 1494583598.22     0     31.41      0.00      4.41    12     25.50      0.00      4.09
 1494583598.32     0     31.58      0.00      4.43    12     25.75      0.00      4.22
 1494583598.42     0     31.71      0.00      4.44    12     25.51      0.00      4.12
 1494583598.52     0     31.57      0.00      4.38    12     25.49      0.00      4.13
 1494583598.62     0     31.34      0.00      4.42    12     25.54      0.00      4.06
 1494583598.72     0     31.29      0.00      4.40    12     25.44      0.00      4.14
 1494583598.82     0     31.29      0.00      4.35    12     25.50      0.00      4.14
 1494583598.92     0     31.38      0.00      4.40    12     25.49      0.00      4.11
 1494583599.02     0     31.68      0.00      4.40    12     25.44      0.00      4.12
 1494583599.12     0     31.33      0.00      4.37    12     25.49      0.00      4.03
 1494583599.22     0     31.28      0.00      4.41    12     25.50      0.00      4.12
 1494583599.32     0     31.40      0.00      4.44    12     25.50      0.00      4.12
 1494583599.42     0     31.81      0.00      4.66    12     25.68      0.00      4.51
 1494583599.52     0     31.45      0.00      4.42    12     25.73      0.00      4.21
 1494583599.62     0     31.54      0.00      4.38    12     25.50      0.00      4.18
 1494583599.73     0     31.52      0.00      4.43    12     25.53      0.00      4.03
 1494583599.83     0     31.90      0.00      4.44    12     25.48      0.00      4.15
 1494583599.93     0     31.52      0.00      4.35    12     25.52      0.00      4.13
 1494583600.03     0     31.44      0.00      4.39    12     25.57      0.00      4.09
 1494583600.13     0     31.47      0.00      4.41    12     25.51      0.00      4.15
 1494583600.23     0     31.62      0.00      4.36    12     25.49      0.00      4.11
 1494583600.33     0     31.63      0.00      4.40    12     25.52      0.00      4.13
 1494583600.43     0     31.69      0.00      4.43    12     25.52      0.00      4.02
 1494583600.53     0     31.56      0.00      4.42    12     25.47      0.00      4.18
 1494583600.63     0     31.57      0.00      4.37    12     25.52      0.00      4.08
 1494583600.73     0     31.40      0.00      4.41    12     25.46      0.00      4.18
 1494583600.83     0     31.54      0.00      4.42    12     25.47      0.00      4.11
 1494583600.93     0     31.59      0.00      4.40    12     25.51      0.00      4.04
 1494583601.03     0     31.57      0.00      4.41    12     25.73      0.00      4.18
 1494583601.13     0     31.71      0.00      4.44    12     25.51      0.00      4.07
 1494583601.23     0     31.53      0.00      4.26    12     25.49      0.00      4.08
 1494583601.33     0     31.57      0.00      4.36    12     25.51      0.00      4.15
 1494583601.43     0     31.62      0.00      4.37    12     25.49      0.00      4.09
 1494583601.53     0     31.63      0.00      4.44    12     25.50      0.00      4.10
 1494583601.63     0     31.60      0.00      4.33    12     25.49      0.00      4.09
 1494583601.73     0     31.54      0.00      4.36    12     25.52      0.00      4.04
 1494583601.83     0     31.46      0.00      4.40    12     25.49      0.00      4.14
 1494583601.93     0     31.52      0.00      4.36    12     25.48      0.00      4.07
 1494583602.03     0     31.52      0.00      4.35    12     25.57      0.00      4.12
 1494583602.13     0     31.58      0.00      4.40    12     25.47      0.00      4.15
 1494583602.23     0     31.54      0.00      4.40    12     25.76      0.00      4.11
 1494583602.33     0     31.57      0.00      4.36    12     25.51      0.00      4.01
 1494583602.43     0     31.61      0.00      4.41    12     25.49      0.00      4.10
 1494583602.53     0     31.60      0.00      4.35    12     25.47      0.00      4.07
 1494583602.63     0     31.95      0.00      4.45    12     25.48      0.00      4.11
 1494583602.73     0     31.61      0.00      4.41    12     25.45      0.00      4.10
 1494583602.83     0     31.59      0.00      4.42    12     25.46      0.00      4.03
 1494583602.93     0     31.61      0.00      4.41    12     25.49      0.00      4.19
 1494583603.03     0     31.64      0.00      4.42    12     25.49      0.00      4.04
 1494583603.13     0     31.58      0.00      4.38    12     25.49      0.00      4.15
 1494583603.23     0     31.52      0.00      4.36    12     25.53      0.00      4.10
 1494583603.33     0     31.56      0.00      4.41    12     25.43      0.00      4.10
 1494583603.43     0     31.77      0.00      4.47    12     25.54      0.00      4.11
 1494583603.53     0     31.61      0.00      4.41    12     25.49      0.00      4.08
 1494583603.63     0     31.63      0.00      4.40    12     25.72      0.00      4.14
 1494583603.73     0     31.51      0.00      4.44    12     25.50      0.00      3.97
 1494583603.83     0     31.55      0.00      4.42    12     25.47      0.00      4.06
 1494583603.93     0     31.58      0.00      4.33    12     25.50      0.00      3.92
 1494583604.03     0     31.84      0.00      4.45    12     25.51      0.00      4.11
 1494583604.13     0     31.56      0.00      4.36    12     25.51      0.00      4.12
 1494583604.23     0     31.54      0.00      4.41    12     25.50      0.00      4.07
 1494583604.33     0     31.63      0.00      4.43    12     25.55      0.00      4.11
 1494583604.43     0     31.57      0.00      4.36    12     25.45      0.00      4.15
 1494583604.53     0     31.60      0.00      4.37    12     25.52      0.00      4.13
 1494583604.63     0     31.63      0.00      4.40    12     25.51      0.00      4.13
 1494583604.73     0     31.66      0.00      4.30    12     25.46      0.00      4.18
 1494583604.83     0     31.71      0.00      4.39    12     25.75      0.00      4.16
 1494583604.93     0     31.66      0.00      4.36    12     25.50      0.00      4.12
 1494583605.03     0     31.70      0.00      4.36    12     25.50      0.00      4.07
 1494583605.13     0     31.65      0.00      4.37    12     25.51      0.00      4.04
 1494583605.23     0     31.65      0.00      4.33    12     25.45      0.00      4.13
 1494583605.33     0     31.73      0.00      4.37    12     25.48      0.00      4.01
 1494583605.43     0     32.02      0.00      4.47    12     25.49      0.00      4.10
 1494583605.53     0     31.71      0.00      4.41    12     25.43      0.00      4.12
 1494583605.63     0     31.64      0.00      4.40    12     25.50      0.00      4.18
 1494583605.73     0     31.63      0.00      4.39    12     25.43      0.00      4.06
 1494583605.83     0     31.66      0.00      4.42    12     25.42      0.00      4.18
 1494583605.94     0     31.60      0.00      4.44    12     25.48      0.00      4.04
 1494583606.04     0     31.63      0.00      4.36    12     25.52      0.00      4.09
 1494583606.14     0     31.63      0.00      4.39    12     25.47      0.00      4.04
 1494583606.24     0     31.64      0.00      4.41    12     25.73      0.00      4.17
 1494583606.34     0     31.65      0.00      4.41    12     25.49      0.00      4.12
 1494583606.44     0     31.62      0.00      4.39    12     25.47      0.00      3.97
 1494583606.54     0     31.62      0.00      4.37    12     25.45      0.00      4.17
 1494583606.64     0     31.62      0.00      4.42    12     25.48      0.00      4.18
 1494583606.74     0     31.97      0.00      4.41    12     25.46      0.00      4.15
 1494583606.84     0     31.64      0.00      4.46    12     25.45      0.00      4.13
 1494583606.94     0     31.61      0.00      4.42    12     25.42      0.00      4.13
 1494583607.04     0     31.65      0.00      4.45    12     25.45      0.00      3.94
 1494583607.14     0     31.70      0.00      4.37    12     25.47      0.00      4.08
 1494583607.24     0     31.66      0.00      4.32    12     25.50      0.00      4.19
 1494583607.34     0     31.68      0.00      4.40    12     25.53      0.00      4.16
 1494583607.44     0     31.71      0.00      4.40    12     25.48      0.00      4.12
 1494583607.54     0     31.73      0.00      4.34    12     25.75      0.00      4.18
 1494583607.64     0     31.71      0.00      4.42    12     25.52      0.00      4.02
 1494583607.74     0     31.66      0.00      4.39    12     25.47      0.00      4.16
 1494583607.84     0     31.63      0.00      4.41    12     25.55      0.00      4.10
 1494583607.94     0     31.63      0.00      4.28    12     25.47      0.00      4.02
 1494583608.04     0     31.72      0.00      4.41    12     25.51      0.00      4.12
 1494583608.14     0     31.57      0.00      4.44    12     25.50      0.00      4.14
 1494583608.24     0     31.64      0.00      4.42    12     25.51      0.00      4.13
 1494583608.34     0     31.95      0.00      4.44    12     25.52      0.00      4.09
 1494583608.44     0     31.61      0.00      4.42    12     25.49      0.00      4.18
 1494583608.54     0     31.67      0.00      4.28    12     25.47      0.00      4.20
 1494583608.64     0     31.61      0.00      4.41    12     25.49      0.00      4.08
 1494583608.74     0     31.58      0.00      4.36    12     25.68      0.00      4.09
 1494583608.84     0     31.61      0.00      4.36    12     25.46      0.00      4.05
 1494583608.94     0     31.65      0.00      4.40    12     25.51      0.00      4.07
 1494583609.04     0     31.67      0.00      4.40    12     25.45      0.00      4.21
 1494583609.14     0     31.68      0.00      4.41    12     25.47      0.00      4.18
 1494583609.24     0     31.65      0.00      4.43    12     25.46      0.00      4.04
 1494583609.34     0     31.65      0.00      4.40    12     25.42      0.00      4.13
 1494583609.44     0     31.68      0.00      4.41    12     25.48      0.00      4.14
 1494583609.54     0     31.64      0.00      4.42    12     25.47      0.00      4.18
 1494583609.64     0     31.68      0.00      4.36    12     25.46      0.00      4.18
 1494583609.74     0     32.00      0.00      4.44    12     25.46      0.00      4.09
 1494583609.84     0     31.68      0.00      4.36    12     25.49      0.00      4.19
 1494583609.94     0     31.67      0.00      4.40    12     25.46      0.00      4.03
 1494583610.04     0     31.64      0.00      4.41    12     25.50      0.00      4.13
 1494583610.14     0     31.75      0.00      4.36    12     25.47      0.00      4.17
 1494583610.24     0     31.63      0.00      4.43    12     25.72      0.00      4.22
 1494583610.34     0     31.68      0.00      4.42    12     25.47      0.00      4.09
 1494583610.44     0     31.71      0.00      4.41    12     25.47      0.00      4.16
 1494583610.54     0     31.58      0.00      4.40    12     25.49      0.00      4.11
 1494583610.64     0     31.64      0.00      4.40    12     25.50      0.00      4.02
 1494583610.74     0     31.61      0.00      4.36    12     25.50      0.00      4.10
 1494583610.84     0     31.61      0.00      4.34    12     25.49      0.00      4.18
 1494583610.94     0     31.57      0.00      4.41    12     25.53      0.00      4.15
 1494583611.04     0     31.90      0.00      4.42    12     25.47      0.00      4.15
 1494583611.14     0     31.59      0.00      4.41    12     25.47      0.00      4.19
 1494583611.24     0     31.60      0.00      4.42    12     25.50      0.00      4.06
 1494583611.34     0     31.65      0.00      4.36    12     25.44      0.00      4.15
 1494583611.44     0     31.67      0.00      4.42    12     25.75      0.00      4.16
 1494583611.54     0     31.61      0.00      4.38    12     25.52      0.00      4.06
 1494583611.64     0     31.61      0.00      4.42    12     25.52      0.00      4.10
 1494583611.74     0     31.68      0.00      4.41    12     25.51      0.00      4.11
 1494583611.84     0     31.64      0.00      4.36    12     25.50      0.00      4.11
 1494583611.94     0     31.64      0.00      4.31    12     25.43      0.00      4.03
 1494583612.04     0     31.69      0.00      4.38    12     25.49      0.00      4.13
 1494583612.15     0     31.62      0.00      4.40    12     25.47      0.00      4.12
 1494583612.25     0     31.63      0.00      4.41    12     25.51      0.00      4.12
 1494583612.35     0     31.66      0.00      4.40    12     25.52      0.00      4.15
 1494583612.45     0     31.63      0.00      4.44    12     25.49      0.00      4.16
 1494583612.55     0     31.99      0.00      4.45    12     25.46      0.00      4.17
 1494583612.65     0     31.63      0.00      4.42    12     25.44      0.00      4.06
 1494583612.75     0     31.64      0.00      4.41    12     25.47      0.00      4.11
 1494583612.85     0     31.60      0.00      4.39    12     25.77      0.00      4.11
 1494583612.95     0     31.65      0.00      4.39    12     25.49      0.00      4.14
 1494583613.05     0     31.59      0.00      4.40    12     25.47      0.00      4.15
 1494583613.15     0     31.60      0.00      4.39    12     25.48      0.00      4.09
 1494583613.25     0     31.61      0.00      4.41    12     25.49      0.00      4.01
 1494583613.35     0     31.63      0.00      4.42    12     25.49      0.00      4.11
 1494583613.45     0     31.74      0.00      4.36    12     25.53      0.00      3.97
 1494583613.55     0     31.62      0.00      4.43    12     25.49      0.00      4.16
 1494583613.65     0     31.57      0.00      4.42    12     25.45      0.00      4.16
 1494583613.75     0     31.67      0.00      4.37    12     25.50      0.00      4.11
 1494583613.85     0     31.60      0.00      4.42    12     25.48      0.00      4.13
 1494583613.95     0     31.66      0.00      4.41    12     25.48      0.00      4.09
 1494583614.05     0     31.91      0.00      4.40    12     25.45      0.00      4.17
 1494583614.15     0     31.64      0.00      4.37    12     25.75      0.00      4.15
 1494583614.25     0     31.63      0.00      4.41    12     25.50      0.00      4.16
 1494583614.35     0     31.64      0.00      4.39    12     25.48      0.00      4.08
 1494583614.45     0     31.58      0.00      4.36    12     25.50      0.00      4.13
 1494583614.55     0     31.70      0.00      4.39    12     25.51      0.00      4.11
 1494583614.65     0     31.58      0.00      4.37    12     25.55      0.00      3.97
 1494583614.75     0     31.55      0.00      4.32    12     25.46      0.00      4.17
 1494583614.85     0     31.66      0.00      4.36    12     25.48      0.00      4.09
 1494583614.95     0     31.64      0.00      4.31    12     25.46      0.00      4.07
 1494583615.05     0     31.62      0.00      4.40    12     25.47      0.00      4.15
 1494583615.15     0     31.60      0.00      4.32    12     25.47      0.00      4.10
 1494583615.25     0     31.57      0.00      4.41    12     25.48      0.00      4.06
 1494583615.35     0     31.57      0.00      4.36    12     25.49      0.00      4.05
 1494583615.45     0     31.90      0.00      4.48    12     25.76      0.00      4.12
 1494583615.55     0     31.72      0.00      4.40    12     25.51      0.00      4.13
 1494583615.65     0     31.66      0.00      4.41    12     25.50      0.00      4.05
 1494583615.75     0     31.65      0.00      4.38    12     25.47      0.00      4.18
 1494583615.85     0     31.61      0.00      4.40    12     25.47      0.00      4.19
 1494583615.95     0     31.60      0.00      4.36    12     25.43      0.00      4.09
 1494583616.05     0     31.53      0.00      4.40    12     25.46      0.00      4.03
 1494583616.15     0     31.57      0.00      4.40    12     25.45      0.00      4.11
 1494583616.25     0     31.55      0.00      4.36    12     25.50      0.00      4.18
 1494583616.35     0     31.65      0.00      4.32    12     25.46      0.00      4.13
 1494583616.45     0     31.58      0.00      4.43    12     25.49      0.00      4.17
 1494583616.55     0     31.60      0.00      4.37    12     25.46      0.00      4.10
 1494583616.65     0     31.62      0.00      4.37    12     25.43      0.00      4.03
 1494583616.75     0     31.54      0.00      4.41    12     25.75      0.00      4.17
 1494583616.85     0     31.86      0.00      4.46    12     25.49      0.00      4.16
 1494583616.95     0     31.57      0.00      4.39    12     25.54      0.00      4.30
 1494583617.05     0     31.59      0.00      4.40    12     25.48      0.00      4.16
 1494583617.15     0     31.55      0.00      4.37    12     25.45      0.00      4.05
 1494583617.25     0     31.60      0.00      4.40    12     25.47      0.00      4.04
 1494583617.35     0     31.53      0.00      4.40    12     25.48      0.00      4.13
 1494583617.45     0     31.58      0.00      4.37    12     25.44      0.00      4.17
 1494583617.55     0     31.57      0.00      4.36    12     25.43      0.00      4.06
 1494583617.65     0     31.58      0.00      4.37    12     25.46      0.00      4.04
 1494583617.75     0     31.59      0.00      4.41    12     25.49      0.00      4.15
 1494583617.85     0     31.56      0.00      4.43    12     25.44      0.00      4.17
 1494583617.95     0     31.59      0.00      4.34    12     25.46      0.00      4.01
 1494583618.05     0     31.60      0.00      4.40    12     25.41      0.00      4.06
 1494583618.15     0     31.60      0.00      4.32    12     25.74      0.00      4.07
 1494583618.26     0     31.87      0.00      4.40    12     25.41      0.00      4.15
 1494583618.36     0     31.55      0.00      4.40    12     25.42      0.00      4.09
 1494583618.46     0     31.58      0.00      4.42    12     25.36      0.00      4.12
 1494583618.56     0     31.55      0.00      4.39    12     25.38      0.00      4.07
 1494583618.66     0     31.64      0.00      4.39    12     25.42      0.00      3.96
 1494583618.76     0     31.57      0.00      4.36    12     25.46      0.00      3.92
 1494583618.86     0     31.64      0.00      4.27    12     25.48      0.00      4.12
 1494583618.96     0     31.60      0.00      4.36    12     25.45      0.00      4.01
 1494583619.06     0     31.57      0.00      4.43    12     25.39      0.00      4.17
 1494583619.16     0     31.55      0.00      4.31    12     25.43      0.00      4.01
 1494583619.26     0     31.52      0.00      4.41    12     25.52      0.00      4.06
 1494583619.36     0     31.53      0.00      4.40    12     25.37      0.00      4.19
 1494583619.46     0     31.51      0.00      4.38    12     25.65      0.00      4.20
 1494583619.56     0     31.51      0.00      4.41    12     25.41      0.00      4.05
 1494583619.66     0     31.85      0.00      4.45    12     25.43      0.00      4.07
 1494583619.76     0     31.56      0.00      4.34    12     25.40      0.00      4.06
 1494583619.86     0     31.58      0.00      4.40    12     25.39      0.00      4.20
 1494583619.96     0     31.47      0.00      4.39    12     25.41      0.00      4.11
 1494583620.06     0     31.52      0.00      4.53    12     25.49      0.00      4.09
 1494583620.16     0     31.51      0.00      4.33    12     25.43      0.00      4.10
 1494583620.26     0     31.54      0.00      4.37    12     25.42      0.00      4.07
 1494583620.36     0     31.53      0.00      4.41    12     25.47      0.00      4.19
 1494583620.46     0     31.53      0.00      4.40    12     25.42      0.00      4.16
 1494583620.56     0     31.53      0.00      4.31    12     25.47      0.00      4.04
 1494583620.66     0     31.60      0.00      4.40    12     25.47      0.00      4.07
 1494583620.76     0     31.53      0.00      4.41    12     25.70      0.00      4.16
 1494583620.86     0     31.58      0.00      4.42    12     25.43      0.00      4.04
 1494583620.96     0     31.63      0.00      4.41    12     25.43      0.00      4.09
 1494583621.06     0     31.89      0.00      4.47    12     25.46      0.00      4.05
 1494583621.16     0     32.01      0.00      4.46    12     25.45      0.00      4.10
 1494583621.26     0     31.57      0.00      4.33    12     25.46      0.00      3.99
 1494583621.36     0     31.56      0.00      4.43    12     25.47      0.00      4.02
 1494583621.46     0     31.44      0.00      4.39    12     25.48      0.00      4.17
 1494583621.56     0     31.53      0.00      4.40    12     25.52      0.00      4.15
 1494583621.66     0     31.50      0.00      4.39    12     25.46      0.00      4.12
 1494583621.76     0     31.53      0.00      4.31    12     25.48      0.00      4.12
 1494583621.86     0     31.56      0.00      4.40    12     25.47      0.00      4.09
 1494583621.96     0     31.57      0.00      4.40    12     25.73      0.00      4.20
 1494583622.06     0     31.54      0.00      4.35    12     25.46      0.00      4.18
 1494583622.16     0     31.44      0.00      4.41    12     25.48      0.00      4.12
 1494583622.26     0     31.46      0.00      4.46    12     25.45      0.00      4.10
 1494583622.36     0     31.49      0.00      4.42    12     25.43      0.00      4.08
 1494583622.46     0     31.79      0.00      4.40    12     25.43      0.00      4.06
 1494583622.56     0     31.46      0.00      4.40    12     25.45      0.00      4.11
 1494583622.66     0     31.47      0.00      4.41    12     25.44      0.00      4.09
 1494583622.76     0     31.51      0.00      4.42    12     25.44      0.00      4.18
 1494583622.86     0     31.46      0.00      4.40    12     25.43      0.00      4.09
 1494583622.96     0     31.47      0.00      4.41    12     25.40      0.00      4.00
 1494583623.06     0     31.41      0.00      4.41    12     25.41      0.00      4.08
 1494583623.16     0     31.50      0.00      4.39    12     25.40      0.00      4.04
 1494583623.26     0     31.44      0.00      4.37    12     25.46      0.00      4.10
 1494583623.36     0     31.49      0.00      4.35    12     25.69      0.00      4.08
 1494583623.46     0     31.54      0.00      4.37    12     25.39      0.00      4.08
 1494583623.56     0     31.53      0.00      4.38    12     25.42      0.00      4.13
 1494583623.66     0     31.46      0.00      4.40    12     25.45      0.00      4.04
 1494583623.76     0     31.45      0.00      4.43    12     25.46      0.00      4.19
 1494583623.86     0     31.79      0.00      4.45    12     25.51      0.00      4.13
 1494583623.96     0     31.42      0.00      4.37    12     25.47      0.00      4.19
 1494583624.06     0     31.42      0.00      4.33    12     25.50      0.00      4.14
 1494583624.16     0     31.50      0.00      4.35    12     25.51      0.00      4.12
 1494583624.26     0     31.45      0.00      4.41    12     25.44      0.00      4.12
 1494583624.36     0     31.43      0.00      4.28    12     25.48      0.00      4.06
 1494583624.47     0     31.46      0.00      4.37    12     25.47      0.00      4.06
 1494583624.57     0     31.45      0.00      4.36    12     25.46      0.00      4.17
 1494583624.67     0     31.47      0.00      4.35    12     25.71      0.00      4.22
 1494583624.77     0     31.46      0.00      4.41    12     25.43      0.00      4.09
 1494583624.87     0     31.54      0.00      4.31    12     25.39      0.00      4.17
 1494583624.97     0     31.45      0.00      4.36    12     25.46      0.00      4.10
 1494583625.07     0     31.51      0.00      4.41    12     25.41      0.00      4.21
 1494583625.17     0     31.49      0.00      4.27    12     25.41      0.00      4.11
 1494583625.27     0     31.51      0.00      4.40    12     25.47      0.00      4.18
 1494583625.37     0     31.77      0.00      4.44    12     25.44      0.00      4.08
 1494583625.47     0     31.47      0.00      4.32    12     25.46      0.00      4.13
 1494583625.57     0     31.50      0.00      4.41    12     25.47      0.00      4.08
 1494583625.67     0     31.47      0.00      4.36    12     25.46      0.00      4.19
 1494583625.77     0     31.47      0.00      4.32    12     25.46      0.00      4.05
 1494583625.87     0     31.50      0.00      4.42    12     25.71      0.00      4.17
 1494583625.97     0     31.44      0.00      4.40    12     25.46      0.00      4.05
 1494583626.07     0     31.49      0.00      4.37    12     25.54      0.00      4.14
 1494583626.17     0     31.45      0.00      4.42    12     25.50      0.00      4.20
 1494583626.27     0     31.51      0.00      4.40    12     25.43      0.00      4.20
 1494583626.37     0     31.46      0.00      4.40    12     25.46      0.00      4.08
 1494583626.47     0     31.52      0.00      4.42    12     25.47      0.00      4.13
 1494583626.57     0     31.55      0.00      4.46    12     25.47      0.00      4.12
 1494583626.67     0     31.83      0.00      4.45    12     25.43      0.00      4.12
 1494583626.77     0     31.48      0.00      4.34    12     25.46      0.00      4.14
 1494583626.87     0     31.52      0.00      4.40    12     25.45      0.00      4.11
 1494583626.97     0     31.46      0.00      4.40    12     25.45      0.00      4.11
 1494583627.07     0     31.47      0.00      4.42    12     25.41      0.00      4.18
 1494583627.17     0     31.55      0.00      4.39    12     25.45      0.00      4.10
 1494583627.27     0     31.50      0.00      4.40    12     25.74      0.00      4.20
 1494583627.37     0     31.51      0.00      4.42    12     25.43      0.00      4.15
 1494583627.47     0     31.51      0.00      4.40    12     25.47      0.00      4.06
 1494583627.57     0     31.48      0.00      4.41    12     25.49      0.00      4.12
 1494583627.67     0     31.52      0.00      4.44    12     25.48      0.00      4.08
 1494583627.77     0     31.55      0.00      4.37    12     25.42      0.00      4.07
 1494583627.87     0     31.56      0.00      4.43    12     25.42      0.00      4.13
 1494583627.97     0     31.55      0.00      4.41    12     25.45      0.00      4.18
 1494583628.07     0     31.84      0.00      4.45    12     25.48      0.00      3.98
 1494583628.17     0     31.54      0.00      4.41    12     25.45      0.00      4.08
 1494583628.27     0     31.51      0.00      4.35    12     25.49      0.00      4.06
 1494583628.37     0     31.47      0.00      4.37    12     25.50      0.00      4.16
 1494583628.47     0     31.56      0.00      4.40    12     25.48      0.00      4.19
 1494583628.57     0     31.47      0.00      4.41    12     25.72      0.00      4.08
 1494583628.67     0     31.50      0.00      4.41    12     25.44      0.00      4.06
 1494583628.77     0     31.51      0.00      4.43    12     25.44      0.00      4.04
 1494583628.87     0     31.47      0.00      4.41    12     25.46      0.00      4.00
 1494583628.97     0     31.47      0.00      4.41    12     25.43      0.00      4.12
 1494583629.07     0     31.48      0.00      4.39    12     25.42      0.00      4.02
 1494583629.17     0     31.45      0.00      4.41    12     25.41      0.00      4.10
 1494583629.27     0     31.49      0.00      4.42    12     25.44      0.00      4.16
 1494583629.37     0     31.44      0.00      4.41    12     25.46      0.00      4.03
 1494583629.47     0     31.78      0.00      4.45    12     25.45      0.00      4.15
 1494583629.57     0     31.41      0.00      4.40    12     25.49      0.00      4.17
 1494583629.67     0     31.45      0.00      4.42    12     25.43      0.00      4.20
 1494583629.77     0     31.45      0.00      4.44    12     25.48      0.00      4.07
 1494583629.87     0     31.37      0.00      4.43    12     25.46      0.00      4.13
 1494583629.97     0     31.37      0.00      4.40    12     25.64      0.00      4.16
 1494583630.07     0     31.37      0.00      4.37    12     25.44      0.00      4.11
 1494583630.17     0     31.38      0.00      4.36    12     25.42      0.00      4.03
 1494583630.27     0     31.42      0.00      4.39    12     25.43      0.00      3.98
 1494583630.37     0     31.43      0.00      4.40    12     25.44      0.00      4.16
 1494583630.47     0     31.49      0.00      4.35    12     25.43      0.00      4.13
 1494583630.58     0     31.51      0.00      4.40    12     25.48      0.00      4.11
 1494583630.68     0     31.49      0.00      4.36    12     25.47      0.00      3.98
 1494583630.78     0     31.53      0.00      4.38    12     25.44      0.00      4.19
 1494583630.88     0     31.91      0.00      4.65    12     25.45      0.00      4.29
 1494583630.98     0     32.67      0.00      6.86    12     25.48      0.00      4.25
 1494583631.08     0     32.33      0.00      6.67    12     25.46      0.00      4.12
 1494583631.18     0     32.35      0.00      6.74    12     25.49      0.00      4.12
 1494583631.28     0     32.34      0.00      6.69    12     25.75      0.00      4.19
 1494583631.38     0     32.32      0.00      6.66    12     25.51      0.00      4.01
 1494583631.48     0     32.25      0.00      6.59    12     25.46      0.00      4.03
 1494583631.58     0     49.02      0.00     11.41    12     40.45      0.00      6.56
 1494583631.68     0     32.14      0.00      7.25    12     27.68      0.00      4.34
 1494583631.78     0     32.53      0.00      7.01    12     25.49      0.00      4.13
 1494583631.88     0     32.60      0.00      7.11    12     25.44      0.00      4.20
 1494583631.98     0     32.61      0.00      6.94    12     25.46      0.00      4.14
 1494583632.08     0     32.58      0.00      7.03    12     25.43      0.00      4.09
 1494583632.18     0     32.55      0.00      7.21    12     25.38      0.00      4.15
 1494583632.28     0     31.98      0.00      6.04    12     25.51      0.00      4.10
 1494583632.38     0     32.12      0.00      6.48    12     25.44      0.00      4.12
 1494583632.48     0     32.10      0.00      6.46    12     25.71      0.00      4.20
 1494583632.58     0     32.10      0.00      6.41    12     25.47      0.00      4.20
 1494583632.68     0     32.30      0.00      6.63    12     25.39      0.00      4.12
 1494583632.78     0     32.44      0.00      6.48    12     25.41      0.00      4.17
 1494583632.88     0     32.38      0.00      6.47    12     25.43      0.00      4.08
 1494583632.98     0     32.42      0.00      6.25    12     25.36      0.00      4.25
 1494583633.08     0     32.40      0.00      6.37    12     25.43      0.00      4.14
 1494583633.18     0     32.42      0.00      6.42    12     25.44      0.00      4.08
 1494583633.28     0     32.38      0.00      6.43    12     25.46      0.00      4.14
 1494583633.38     0     32.29      0.00      6.56    12     25.46      0.00      4.03
 1494583633.48     0     32.33      0.00      6.80    12     25.48      0.00      4.15
 1494583633.58     0     32.00      0.00      5.96    12     25.46      0.00      4.19
 1494583633.68     0     32.28      0.00      5.76    12     25.44      0.00      4.01
 1494583633.78     0     31.74      0.00      5.89    12     25.72      0.00      4.08
 1494583633.88     0     32.13      0.00      5.91    12     25.48      0.00      4.12
 1494583633.98     0     31.73      0.00      5.66    12     25.47      0.00      4.16
 1494583634.08     0     31.73      0.00      5.53    12     25.45      0.00      4.13
 1494583634.18     0     31.69      0.00      5.61    12     25.44      0.00      4.16
 1494583634.28     0     31.58      0.00      5.80    12     25.49      0.00      4.08
 1494583634.38     0     31.47      0.00      5.94    12     25.47      0.00      4.08
 1494583634.48     0     31.44      0.00      5.96    12     25.51      0.00      4.03
 1494583634.58     0     31.38      0.00      6.00    12     25.48      0.00      4.10
 1494583634.68     0     31.35      0.00      6.11    12     25.47      0.00      4.07
 1494583634.78     0     31.29      0.00      5.98    12     25.46      0.00      4.12
 1494583634.88     0     31.34      0.00      6.14    12     25.45      0.00      4.06
 1494583634.98     0     31.28      0.00      6.29    12     25.48      0.00      4.12
 1494583635.08     0     31.29      0.00      6.30    12     25.72      0.00      4.15
 1494583635.18     0     31.58      0.00      6.38    12     25.29      0.00      3.95
 1494583635.28     0     31.30      0.00      6.34    12     25.73      0.00      4.22
 1494583635.38     0     31.27      0.00      6.28    12     25.46      0.00      4.14
 1494583635.48     0     31.30      0.00      6.38    12     25.49      0.00      4.10
 1494583635.58     0     31.25      0.00      6.38    12     25.51      0.00      3.99
 1494583635.68     0     31.21      0.00      6.32    12     25.55      0.00      4.10
 1494583635.78     0     31.22      0.00      6.33    12     25.49      0.00      4.11
 1494583635.88     0     31.27      0.00      6.41    12     25.46      0.00      4.10
 1494583635.98     0     31.27      0.00      6.41    12     25.44      0.00      4.06
 1494583636.08     0     31.19      0.00      6.42    12     25.45      0.00      4.10
 1494583636.18     0     31.25      0.00      6.41    12     25.45      0.00      4.09
 1494583636.28     0     31.23      0.00      6.39    12     25.48      0.00      4.17
 1494583636.38     0     31.22      0.00      6.41    12     25.43      0.00      4.14
 1494583636.48     0     31.20      0.00      6.43    12     25.67      0.00      4.13
 1494583636.58     0     31.54      0.00      6.48    12     25.44      0.00      3.99
 1494583636.69     0     31.23      0.00      6.30    12     25.47      0.00      4.07
 1494583636.79     0     31.24      0.00      6.41    12     25.44      0.00      4.16
 1494583636.89     0     31.25      0.00      6.43    12     25.47      0.00      4.06
 1494583636.99     0     31.19      0.00      6.41    12     25.44      0.00      4.14
 1494583637.09     0     31.24      0.00      6.36    12     25.46      0.00      4.02
 1494583637.19     0     31.23      0.00      6.36    12     25.54      0.00      4.14
 1494583637.29     0     31.23      0.00      6.36    12     25.48      0.00      3.93
 1494583637.39     0     31.23      0.00      6.41    12     25.49      0.00      4.17
 1494583637.49     0     31.25      0.00      6.35    12     25.45      0.00      4.06
 1494583637.59     0     31.21      0.00      6.41    12     25.43      0.00      4.25
 1494583637.69     0     31.22      0.00      6.42    12     25.45      0.00      4.07
 1494583637.79     0     31.23      0.00      6.41    12     25.74      0.00      4.11
 1494583637.89     0     31.22      0.00      6.41    12     25.50      0.00      4.16
 1494583637.99     0     31.24      0.00      6.33    12     25.47      0.00      4.06
 1494583638.09     0     31.29      0.00      6.40    12     25.56      0.00      4.10
 1494583638.19     0     31.55      0.00      6.32    12     25.50      0.00      4.06
 1494583638.29     0     31.25      0.00      6.38    12     25.46      0.00      4.12
 1494583638.39     0     31.27      0.00      6.39    12     25.47      0.00      4.07
 1494583638.49     0     31.23      0.00      6.32    12     25.47      0.00      4.04
 1494583638.59     0     31.26      0.00      6.30    12     25.48      0.00      4.02
 1494583638.69     0     31.23      0.00      6.30    12     25.47      0.00      4.12
 1494583638.79     0     31.28      0.00      6.20    12     25.46      0.00      4.13
 1494583638.89     0     31.31      0.00      6.14    12     25.47      0.00      4.03
 1494583638.99     0     31.27      0.00      6.10    12     25.46      0.00      4.11
 1494583639.09     0     31.31      0.00      6.01    12     25.41      0.00      4.14
 1494583639.19     0     31.89      0.00      5.94    12     25.90      0.00      4.53
 1494583639.29     0     32.40      0.00      5.81    12     25.91      0.00      4.91
 1494583639.39     0     32.40      0.00      5.83    12     25.97      0.00      4.88
 1494583639.49     0     32.41      0.00      5.69    12     25.91      0.00      4.86
 1494583639.59     0     32.76      0.00      5.65    12     26.07      0.00      4.91
 1494583639.69     0     32.42      0.00      5.59    12     25.96      0.00      4.91
 1494583639.79     0     32.49      0.00      6.15    12     25.94      0.00      4.91
 1494583639.89     0     32.59      0.00      6.12    12     25.84      0.00      4.72
 1494583639.99     0     32.58      0.00      6.17    12     25.48      0.00      3.99
 1494583640.09     0     32.61      0.00      6.20    12     25.49      0.00      4.03
 1494583640.19     0     32.63      0.00      6.11    12     25.48      0.00      4.13
 1494583640.29     0     32.50      0.00      4.40    12     25.44      0.00      4.11
 1494583640.39     0     32.44      0.00      4.41    12     25.48      0.00      4.13
 1494583640.49     0     32.69      0.00      4.82    12     25.46      0.00      4.09
 1494583640.59     0     33.07      0.00      5.92    12     25.67      0.00      4.09
 1494583640.69     0     33.12      0.00      5.91    12     25.37      0.00      4.05
 1494583640.79     0     33.89      0.00      6.90    12     25.44      0.00      4.07
 1494583640.89     0     34.51      0.00      7.02    12     25.47      0.00      4.16
 1494583640.99     0     33.56      0.00      6.97    12     25.51      0.00      4.08
 1494583641.09     0     33.45      0.00      7.03    12     25.51      0.00      4.13
 1494583641.19     0     33.72      0.00      6.85    12     25.49      0.00      4.17
 1494583641.29     0     34.37      0.00      7.79    12     25.48      0.00      4.16
 1494583641.39     0     34.45      0.00      5.25    12     25.48      0.00      4.14
 1494583641.49     0     32.93      0.00      6.40    12     25.52      0.00      4.09
 1494583641.59     0     34.44      0.00      5.97    12     25.47      0.00      4.11
 1494583641.69     0     34.12      0.00      4.60    12     25.47      0.00      4.13
 1494583641.79     0     54.64      0.00     10.85    12     43.53      0.00     10.44
 1494583641.89     0     65.07      0.00      9.11    12     46.93      0.00      6.09
 1494583641.99     0     48.67      0.00      7.71    12     52.77      0.00      5.86
 1494583642.09     0     39.57      0.00      6.72    12     54.00      0.00      5.92
 1494583642.19     0     39.57      0.00      6.80    12     53.43      0.00      5.92
 1494583642.29     0     30.51      0.00      7.25    12     59.63      0.00      6.19
 1494583642.39     0     27.97      0.00      7.69    12     61.33      0.00      6.39
 1494583642.49     0     64.68      0.00     12.94    12     63.99      0.00     12.70
 1494583642.59     0     67.13      0.00     13.35    12     66.22      0.00     11.32
 1494583642.69     0     46.35      0.00      9.68    12     45.28      0.00      8.10
 1494583642.79     0     33.12      0.00      7.05    12     26.86      0.00      4.86
 1494583642.89     0     32.90      0.00      7.29    12     26.87      0.00      4.87
 1494583642.99     0     32.89      0.00      7.48    12     26.92      0.00      5.36
 1494583643.10     0     32.44      0.00      4.94    12     27.35      0.00      7.84
 1494583643.20     0     32.41      0.00      4.43    12     26.41      0.00      7.64
 1494583643.30     0     32.35      0.00      4.41    12     26.16      0.00      8.19
 1494583643.40     0     32.34      0.00      5.21    12     26.04      0.00      7.52
 1494583643.50     0     32.00      0.00      5.82    12     25.62      0.00      5.30
 1494583643.60     0     31.45      0.00      4.40    12     25.43      0.00      4.04
 1494583643.70     0     31.45      0.00      4.41    12     25.44      0.00      4.08
 1494583643.80     0     31.44      0.00      4.38    12     25.46      0.00      4.14
 1494583643.90     0     31.69      0.00      4.62    12     25.68      0.00      4.23
 1494583644.00     0     31.88      0.00      6.18    12     25.42      0.00      4.07
 1494583644.10     0     31.93      0.00      6.28    12     25.46      0.00      4.11
 1494583644.20     0     31.85      0.00      5.96    12     25.51      0.00      5.02
 1494583644.30     0     31.58      0.00      5.40    12     25.72      0.00      6.24
 1494583644.40     0     31.63      0.00      5.44    12     25.72      0.00      5.82
 1494583644.50     0     32.72      0.00      6.37    12     25.83      0.00      4.71
 1494583644.60     0     32.73      0.00      6.49    12     25.50      0.00      4.02
 1494583644.70     0     32.46      0.00      6.34    12     25.49      0.00      4.07
 1494583644.80     0     32.41      0.00      6.28    12     25.49      0.00      4.11
 1494583644.90     0     32.46      0.00      6.24    12     25.48      0.00      4.91
 1494583645.00     0     32.40      0.00      5.86    12     25.62      0.00      5.77
 1494583645.10     0     32.34      0.00      6.23    12     25.61      0.00      6.40
 1494583645.20     0     32.36      0.00      5.88    12     25.68      0.00      5.97
 1494583645.30     0     32.38      0.00      6.05    12     25.64      0.00      6.10
 1494583645.40     0     32.23      0.00      6.09    12     25.82      0.00      5.22
 1494583645.50     0     32.16      0.00      6.34    12     25.50      0.00      4.72
 1494583645.60     0     32.15      0.00      6.05    12     25.50      0.00      4.21
 1494583645.70     0     31.26      0.00      5.58    12     25.54      0.00      5.42
 1494583645.80     0     31.56      0.00      5.37    12     25.57      0.00      5.29
 1494583645.90     0     31.55      0.00      5.42    12     25.58      0.00      5.45
 1494583646.00     0     31.17      0.00      5.48    12     25.58      0.00      5.34
 1494583646.10     0     31.49      0.00      5.53    12     25.57      0.00      5.62
 1494583646.20     0     31.18      0.00      5.51    12     25.54      0.00      5.37
 1494583646.30     0     31.18      0.00      5.55    12     25.57      0.00      5.50
 1494583646.40     0     31.21      0.00      5.50    12     25.51      0.00      5.57
 1494583646.50     0     31.21      0.00      5.53    12     25.56      0.00      5.54
 1494583646.60     0     31.25      0.00      5.50    12     25.55      0.00      5.46
 1494583646.70     0     31.19      0.00      5.53    12     25.55      0.00      5.32
 1494583646.80     0     31.17      0.00      5.48    12     25.84      0.00      5.70
 1494583646.90     0     31.20      0.00      5.54    12     25.56      0.00      5.41
 1494583647.00     0     31.20      0.00      5.54    12     25.60      0.00      5.26
 1494583647.10     0     31.16      0.00      5.39    12     25.59      0.00      5.81
 1494583647.20     0     31.20      0.00      5.56    12     25.59      0.00      5.25
 1494583647.30     0     31.21      0.00      5.55    12     25.57      0.00      5.36
 1494583647.40     0     31.19      0.00      5.41    12     25.55      0.00      5.34
 1494583647.50     0     31.17      0.00      5.51    12     25.62      0.00      5.49
 1494583647.60     0     31.51      0.00      5.60    12     25.50      0.00      5.42
 1494583647.70     0     30.91      0.00      5.50    12     25.54      0.00      5.27
 1494583647.80     0     31.46      0.00      5.54    12     25.62      0.00      5.82
 1494583647.90     0     31.20      0.00      5.56    12     25.57      0.00      5.33
 1494583648.00     0     31.15      0.00      5.56    12     25.60      0.00      5.31
 1494583648.10     0     31.21      0.00      5.47    12     25.80      0.00      5.43
 1494583648.20     0     31.19      0.00      5.49    12     25.59      0.00      5.58
 1494583648.30     0     31.18      0.00      5.57    12     25.58      0.00      5.32
 1494583648.40     0     31.19      0.00      5.57    12     25.60      0.00      5.22
 1494583648.50     0     31.44      0.00      5.59    12     25.56      0.00      5.68
 1494583648.60     0     31.22      0.00      5.64    12     25.53      0.00      5.26
 1494583648.70     0     31.24      0.00      5.59    12     25.61      0.00      5.24
 1494583648.80     0     31.17      0.00      5.53    12     25.59      0.00      5.24
 1494583648.90     0     31.15      0.00      5.37    12     25.61      0.00      5.76
 1494583649.00     0     31.47      0.00      5.57    12     25.57      0.00      5.24
 1494583649.10     0     31.18      0.00      5.62    12     25.54      0.00      5.23
 1494583649.20     0     31.21      0.00      5.51    12     25.55      0.00      5.23
 1494583649.30     0     31.18      0.00      5.50    12     25.58      0.00      5.40
 1494583649.41     0     31.14      0.00      5.51    12     25.82      0.00      5.51
 1494583649.51     0     31.14      0.00      5.57    12     25.59      0.00      4.91
 1494583649.61     0     31.17      0.00      5.50    12     25.54      0.00      5.21
 1494583649.71     0     31.16      0.00      5.55    12     25.56      0.00      5.17
 1494583649.81     0     31.20      0.00      5.47    12     25.53      0.00      5.52
 1494583649.91     0     31.27      0.00      5.53    12     25.47      0.00      5.13
 1494583650.01     0     31.19      0.00      5.56    12     25.53      0.00      5.08
 1494583650.11     0     31.19      0.00      5.55    12     25.55      0.00      5.16
 1494583650.21     0     31.18      0.00      5.53    12     25.54      0.00      5.26
 1494583650.31     0     31.18      0.00      5.48    12     25.57      0.00      5.34
 1494583650.41     0     31.50      0.00      5.55    12     25.58      0.00      5.20
 1494583650.51     0     31.18      0.00      5.55    12     25.52      0.00      5.09
 1494583650.61     0     31.18      0.00      5.46    12     25.51      0.00      5.14
 1494583650.71     0     31.20      0.00      5.53    12     25.47      0.00      5.13
 1494583650.81     0     31.19      0.00      5.47    12     25.74      0.00      5.15
 1494583650.91     0     31.21      0.00      5.41    12     25.51      0.00      5.17
 1494583651.01     0     31.21      0.00      5.49    12     25.51      0.00      5.19
 1494583651.11     0     31.21      0.00      5.42    12     25.53      0.00      5.40
 1494583651.21     0     31.18      0.00      5.45    12     25.53      0.00      5.05
 1494583651.31     0     31.20      0.00      5.51    12     25.55      0.00      5.16
 1494583651.41     0     31.22      0.00      5.40    12     25.50      0.00      5.00
 1494583651.51     0     31.21      0.00      5.50    12     25.54      0.00      4.84
 1494583651.61     0     31.24      0.00      5.48    12     25.52      0.00      4.87
 1494583651.71     0     31.23      0.00      5.43    12     25.57      0.00      4.86
 1494583651.81     0     31.22      0.00      5.48    12     25.58      0.00      5.02
 1494583651.91     0     31.52      0.00      5.45    12     25.55      0.00      4.92
 1494583652.01     0     31.28      0.00      5.34    12     25.53      0.00      5.11
 1494583652.11     0     31.23      0.00      5.49    12     25.80      0.00      5.03
 1494583652.21     0     31.27      0.00      5.44    12     25.51      0.00      4.75
 1494583652.31     0     31.24      0.00      5.32    12     25.49      0.00      4.87
 1494583652.41     0     31.22      0.00      5.42    12     25.53      0.00      4.92
 1494583652.51     0     31.25      0.00      5.43    12     25.54      0.00      4.74
 1494583652.61     0     31.20      0.00      5.40    12     25.53      0.00      4.77
 1494583652.71     0     31.25      0.00      5.42    12     25.56      0.00      4.73
 1494583652.81     0     31.20      0.00      5.40    12     25.49      0.00      4.57
 1494583652.91     0     31.28      0.00      5.36    12     25.46      0.00      4.54
 1494583653.01     0     31.26      0.00      5.39    12     25.47      0.00      4.63
 1494583653.11     0     31.25      0.00      5.41    12     25.48      0.00      4.56
 1494583653.21     0     31.27      0.00      5.38    12     25.44      0.00      4.32
 1494583653.31     0     31.25      0.00      5.30    12     25.49      0.00      4.47
 1494583653.41     0     31.58      0.00      5.38    12     25.50      0.00      4.29
 1494583653.51     0     31.32      0.00      5.34    12     25.80      0.00      4.34
 1494583653.61     0     31.32      0.00      5.34    12     25.50      0.00      4.21
 1494583653.71     0     31.37      0.00      5.37    12     25.53      0.00      4.20
 1494583653.81     0     31.82      0.00      6.06    12     25.57      0.00      4.52
 1494583653.91     0     32.35      0.00      6.36    12     25.55      0.00      4.78
 1494583654.01     0     32.27      0.00      6.01    12     25.54      0.00      4.02
 1494583654.11     0     32.27      0.00      6.14    12     25.50      0.00      4.15
 1494583654.21     0     32.15      0.00      5.49    12     25.68      0.00      6.18
 1494583654.31     0     32.01      0.00      5.44    12     25.68      0.00      6.30
 1494583654.41     0     32.09      0.00      5.39    12     25.73      0.00      6.05
 1494583654.51     0     32.13      0.00      4.40    12     25.48      0.00      4.19
 1494583654.61     0     32.46      0.00      5.67    12     25.54      0.00      4.52
 1494583654.71     0     33.59      0.00      6.88    12     25.80      0.00      4.89
 1494583654.81     0     33.30      0.00      5.94    12     25.53      0.00      4.39
 1494583654.91     0     32.58      0.00      6.39    12     25.52      0.00      4.04
 1494583655.01     0     32.50      0.00      6.28    12     25.55      0.00      4.95
 1494583655.11     0     32.37      0.00      5.52    12     25.78      0.00      6.61
 1494583655.21     0     32.39      0.00      5.47    12     25.76      0.00      6.65
 1494583655.31     0     32.50      0.00      6.89    12     25.53      0.00      4.87
 1494583655.41     0     32.99      0.00      5.44    12     25.60      0.00      4.89
 1494583655.51     0     34.40      0.00      4.81    12     25.50      0.00      4.22
 1494583655.62     0     34.08      0.00      6.13    12     25.55      0.00      4.82
 1494583655.72     0     34.34      0.00      6.67    12     26.37      0.00      4.53
 1494583655.82     0     33.92      0.00      6.89    12     25.55      0.00      4.06
 1494583655.92     0     33.96      0.00      6.54    12     25.57      0.00      4.19
 1494583656.02     0     33.87      0.00      6.58    12     25.77      0.00      4.08
 1494583656.12     0     33.93      0.00      6.47    12     25.53      0.00      4.12
 1494583656.22     0     33.85      0.00      6.51    12     25.49      0.00      4.05
 1494583656.32     0     34.20      0.00      6.61    12     25.46      0.00      4.14
 1494583656.42     0     33.88      0.00      6.26    12     25.52      0.00      4.09
 1494583656.52     0     34.46      0.00      8.37    12     25.60      0.00      4.16
 1494583656.62     0     34.30      0.00      6.77    12     25.55      0.00      4.10
 1494583656.72     0     33.90      0.00      6.96    12     25.58      0.00      4.03
 1494583656.82     0     33.91      0.00      6.87    12     25.52      0.00      4.18
 1494583656.92     0     33.17      0.00      7.09    12     25.52      0.00      4.20
 1494583657.02     0     33.58      0.00      6.22    12     25.60      0.00      4.31
 1494583657.12     0     34.43      0.00      5.87    12     25.51      0.00      4.26
 1494583657.22     0     34.52      0.00      5.88    12     25.49      0.00      4.12
 1494583657.32     0     34.44      0.00      5.87    12     25.77      0.00      4.08
 1494583657.42     0     34.52      0.00      5.69    12     25.52      0.00      4.09
 1494583657.52     0     34.49      0.00      5.87    12     25.51      0.00      4.11
 1494583657.62     0     34.75      0.00      5.88    12     25.48      0.00      4.09
 1494583657.72     0     34.51      0.00      5.88    12     25.50      0.00      4.08
 1494583657.82     0     32.29      0.00      5.83    12     25.49      0.00      4.03
 1494583657.92     0     31.33      0.00      5.90    12     25.53      0.00      4.14
 1494583658.02     0     31.33      0.00      5.87    12     25.52      0.00      4.17
 1494583658.12     0     31.35      0.00      5.89    12     25.51      0.00      4.19
 1494583658.22     0     31.24      0.00      5.82    12     25.50      0.00      4.17
 1494583658.32     0     31.27      0.00      5.93    12     25.53      0.00      4.13
 1494583658.42     0     31.31      0.00      5.87    12     25.51      0.00      4.06
 1494583658.52     0     31.35      0.00      5.84    12     25.76      0.00      4.22
 1494583658.62     0     31.27      0.00      5.87    12     25.54      0.00      4.19
 1494583658.72     0     31.29      0.00      5.87    12     25.57      0.00      4.11
 1494583658.82     0     31.29      0.00      5.86    12     25.54      0.00      4.06
 1494583658.92     0     31.68      0.00      5.86    12     25.55      0.00      4.20
 1494583659.02     0     31.23      0.00      5.91    12     25.51      0.00      4.12
 1494583659.12     0     31.28      0.00      5.86    12     25.53      0.00      4.14
 1494583659.22     0     31.28      0.00      5.87    12     25.51      0.00      4.15
 1494583659.32     0     31.41      0.00      5.85    12     25.52      0.00      4.17
 1494583659.42     0     31.22      0.00      5.87    12     25.45      0.00      4.05
 1494583659.52     0     31.25      0.00      5.86    12     25.49      0.00      4.14
 1494583659.62     0     31.77      0.00      4.95    12     25.53      0.00      4.17
 1494583659.72     0     32.48      0.00      4.62    12     25.47      0.00      4.10
 1494583659.82     0     32.33      0.00      6.33    12     25.73      0.00      4.37
 1494583659.92     0     31.84      0.00      5.88    12     25.54      0.00      4.13
 1494583660.02     0     31.94      0.00      6.02    12     25.55      0.00      4.20
 1494583660.12     0     36.41      0.00      6.74    12     29.68      0.00      6.10
 1494583660.22     0     65.55      0.00     12.02    12     48.63      0.00     12.02
 1494583660.32     0     49.37      0.00     12.57    12     56.42      0.00      9.65
 1494583660.42     0     44.52      0.00      7.96    12     40.73      0.00      7.40
 1494583660.52     0     66.60      0.00     12.62    12     63.14      0.00     10.22
 1494583660.62     0     66.09      0.00     12.67    12     61.99      0.00      9.73
 1494583660.72     0     47.29      0.00      9.87    12     53.66      0.00      9.52
 1494583660.82     0     46.66      0.00      8.04    12     42.53      0.00      7.86
 1494583660.92     0     31.83      0.00      6.01    12     25.62      0.00      5.78
 1494583661.02     0     32.30      0.00      6.33    12     25.55      0.00      4.58
 1494583661.12     0     32.37      0.00      6.65    12     25.53      0.00      4.07
 1494583661.22     0     32.39      0.00      6.40    12     25.58      0.00      4.76
 1494583661.32     0     32.34      0.00      6.16    12     25.66      0.00      6.28
 1494583661.42     0     32.40      0.00      6.03    12     25.67      0.00      6.05
 1494583661.53     0     32.17      0.00      6.45    12     25.60      0.00      5.33
 1494583661.63     0     35.29      0.00      4.87    12     25.51      0.00      4.19
 1494583661.73     0     52.71      0.00      8.87    12     46.44      0.00      9.10
 1494583661.83     0     64.71      0.00     13.24    12     63.70      0.00     12.77
 1494583661.93     0     30.68      0.00      4.57    12     31.70      0.00      5.45
 1494583662.03     0     35.38      0.00      5.50    12     28.30      0.00      5.04
 1494583662.13     0     67.92      0.00     10.66    12     65.30      0.00     10.97
 1494583662.23     0     66.46      0.00      6.36    12     63.43      0.00      6.16
 1494583662.33     0     66.28      0.00      6.25    12     63.51      0.00      5.98
 1494583662.43     0     66.41      0.00      6.31    12     63.31      0.00      5.96
 1494583662.53     0     66.32      0.00      6.29    12     63.40      0.00      5.99
 1494583662.63     0     66.26      0.00      6.23    12     63.45      0.00      5.84
 1494583662.73     0     66.35      0.00      6.27    12     63.39      0.00      5.96
 1494583662.83     0     66.31      0.00      6.29    12     63.35      0.00      5.86
 1494583662.93     0     66.33      0.00      6.27    12     63.40      0.00      5.86
 1494583663.03     0     66.34      0.00      6.37    12     63.48      0.00      5.96
 1494583663.13     0     66.31      0.00      6.35    12     63.41      0.00      5.99
 1494583663.23     0     66.35      0.00      6.32    12     63.45      0.00      5.80
 1494583663.33     0     66.37      0.00      6.32    12     63.42      0.00      5.94
 1494583663.43     0     66.31      0.00      6.27    12     63.52      0.00      5.86
 1494583663.53     0     66.42      0.00      6.19    12     63.40      0.00      5.90
 1494583663.63     0     66.26      0.00      6.28    12     63.43      0.00      5.84
 1494583663.73     0     66.29      0.00      6.15    12     63.43      0.00      5.93
 1494583663.83     0     66.35      0.00      6.31    12     63.39      0.00      5.99
 1494583663.93     0     66.31      0.00      6.34    12     63.49      0.00      6.05
 1494583664.03     0     66.35      0.00      6.29    12     63.40      0.00      5.85
 1494583664.13     0     66.36      0.00      6.33    12     63.43      0.00      6.01
 1494583664.23     0     66.29      0.00      6.31    12     63.44      0.00      5.93
 1494583664.33     0     66.32      0.00      6.34    12     63.42      0.00      5.92
 1494583664.43     0     66.35      0.00      6.32    12     63.42      0.00      6.00
 1494583664.53     0     66.41      0.00      6.35    12     63.52      0.00      6.05
 1494583664.63     0     66.39      0.00      6.37    12     63.48      0.00      5.93
 1494583664.73     0     66.18      0.00      6.34    12     63.48      0.00      6.06
 1494583664.83     0     66.34      0.00      6.33    12     63.48      0.00      6.06
 1494583664.93     0     52.47      0.00      6.41    12     61.66      0.00      6.49
 1494583665.03     0     66.02      0.00     11.55    12     66.30      0.00     11.31
 1494583665.13     0     66.63      0.00      6.86    12     64.10      0.00      6.40
 1494583665.23     0     66.30      0.00      6.94    12     64.21      0.00      6.47
 1494583665.33     0     66.38      0.00      6.97    12     64.19      0.00      6.42
 1494583665.43     0     66.27      0.00      6.91    12     64.17      0.00      6.56
 1494583665.53     0     66.34      0.00      6.81    12     64.07      0.00      6.25
 1494583665.63     0     66.93      0.00      7.00    12     64.12      0.00      6.62
 1494583665.73     0     65.74      0.00      6.82    12     64.17      0.00      6.58
 1494583665.83     0     66.38      0.00      6.81    12     64.17      0.00      6.45
 1494583665.93     0     66.28      0.00      6.90    12     63.98      0.00      6.41
 1494583666.03     0     66.96      0.00      7.00    12     64.13      0.00      6.41
 1494583666.13     0     66.35      0.00      6.96    12     63.92      0.00      6.08
 1494583666.23     0     66.36      0.00      6.96    12     64.04      0.00      6.25
 1494583666.33     0     66.30      0.00      7.19    12     64.07      0.00      6.33
 1494583666.43     0     66.29      0.00      6.98    12     63.88      0.00      6.05
 1494583666.53     0     66.34      0.00      7.12    12     64.04      0.00      6.23
 1494583666.63     0     66.36      0.00      7.17    12     63.96      0.00      6.31
 1494583666.73     0     65.69      0.00      7.11    12     63.97      0.00      6.38
 1494583666.83     0     66.97      0.00      7.30    12     64.02      0.00      6.31
 1494583666.93     0     66.28      0.00      7.05    12     64.02      0.00      6.37
 1494583667.03     0     66.33      0.00      7.18    12     64.08      0.00      6.24
 1494583667.13     0     66.29      0.00      7.26    12     64.15      0.00      6.33
 1494583667.23     0     66.32      0.00      7.18    12     64.06      0.00      6.31
 1494583667.33     0     66.38      0.00      7.14    12     64.02      0.00      6.36
 1494583667.43     0     66.29      0.00      7.19    12     64.09      0.00      6.35
 1494583667.53     0     66.34      0.00      7.14    12     64.04      0.00      6.31
 1494583667.63     0     66.33      0.00      7.10    12     64.16      0.00      6.37
 1494583667.73     0     66.41      0.00      6.91    12     63.98      0.00      6.42
 1494583667.83     0     66.27      0.00      6.95    12     64.10      0.00      6.41
 1494583667.93     0     66.31      0.00      6.97    12     64.17      0.00      6.22
 1494583668.03     0     58.05      0.00      6.49    12     58.55      0.00      6.28
 1494583668.13     0     31.59      0.00      4.41    12     25.75      0.00      4.13
 1494583668.23     0     31.52      0.00      4.40    12     25.46      0.00      4.07
 1494583668.33     0     31.50      0.00      4.39    12     25.49      0.00      4.06
 1494583668.43     0     31.51      0.00      4.41    12     25.50      0.00      4.13
 1494583668.53     0     31.59      0.00      4.45    12     25.52      0.00      4.03
 1494583668.63     0     31.52      0.00      4.42    12     25.53      0.00      4.11
 1494583668.73     0     31.50      0.00      4.39    12     25.51      0.00      4.02
 1494583668.83     0     31.57      0.00      4.41    12     25.48      0.00      4.15
 1494583668.93     0     31.50      0.00      4.42    12     25.46      0.00      4.15
 1494583669.03     0     31.49      0.00      4.32    12     25.46      0.00      4.02
 1494583669.13     0     31.50      0.00      4.39    12     25.42      0.00      4.09
 1494583669.23     0     31.88      0.00      4.40    12     25.51      0.00      4.14
 1494583669.33     0     31.50      0.00      4.40    12     25.48      0.00      4.05
 1494583669.43     0     31.51      0.00      4.40    12     25.46      0.00      4.13
 1494583669.53     0     31.48      0.00      4.41    12     25.68      0.00      4.08
 1494583669.64     0     31.48      0.00      4.43    12     25.50      0.00      4.08
 1494583669.74     0     31.46      0.00      4.40    12     25.43      0.00      4.07
 1494583669.84     0     31.45      0.00      4.35    12     25.47      0.00      4.11
 1494583669.94     0     31.50      0.00      4.40    12     25.45      0.00      4.05
 1494583670.04     0     31.52      0.00      4.42    12     25.50      0.00      4.06
 1494583670.14     0     31.56      0.00      4.39    12     25.48      0.00      4.12
 1494583670.24     0     31.37      0.00      4.40    12     25.49      0.00      4.11
 1494583670.34     0     31.40      0.00      4.36    12     25.45      0.00      4.12
 1494583670.44     0     31.46      0.00      4.36    12     25.45      0.00      4.11
 1494583670.54     0     31.44      0.00      4.42    12     25.48      0.00      3.97
 1494583670.64     0     31.45      0.00      4.42    12     25.47      0.00      4.13
 1494583670.74     0     32.46      0.00      6.39    12     25.58      0.00      5.01
 1494583670.84     0     36.89      0.00      7.41    12     29.28      0.00      5.50
 1494583670.94     0     32.11      0.00      6.67    12     25.46      0.00      4.14
 1494583671.04     0     32.49      0.00      6.15    12     25.47      0.00      4.16
 1494583671.14     0     31.78      0.00      5.73    12     25.70      0.00      4.21
 1494583671.24     0     31.37      0.00      5.51    12     25.44      0.00      4.12
 1494583671.34     0     31.41      0.00      5.39    12     25.48      0.00      4.16
 1494583671.44     0     31.43      0.00      5.39    12     25.49      0.00      4.22
 1494583671.54     0     31.48      0.00      5.42    12     25.48      0.00      4.23
 1494583671.64     0     31.47      0.00      5.45    12     25.50      0.00      4.10
 1494583671.74     0     31.33      0.00      5.42    12     25.49      0.00      4.07
 1494583671.84     0     31.29      0.00      5.61    12     25.47      0.00      4.14
 1494583671.94     0     31.42      0.00      5.47    12     25.46      0.00      4.18
 1494583672.04     0     31.53      0.00      5.46    12     25.43      0.00      4.19
 1494583672.14     0     31.86      0.00      5.40    12     25.47      0.00      4.13
 1494583672.24     0     32.24      0.00      6.13    12     25.43      0.00      4.18
 1494583672.34     0     32.24      0.00      5.56    12     25.40      0.00      4.23
 1494583672.44     0     33.37      0.00      5.76    12     25.71      0.00      4.24
 1494583672.54     0     34.84      0.00      5.02    12     25.52      0.00      4.26
 1494583672.64     0     35.14      0.00      4.97    12     25.47      0.00      3.93
 1494583672.74     0     33.28      0.00      4.93    12     25.50      0.00      4.20
 1494583672.84     0     32.43      0.00      4.88    12     25.41      0.00      4.11
 1494583672.94     0     31.62      0.00      4.51    12     25.45      0.00      4.13
 1494583673.04     0     31.78      0.00      4.39    12     25.42      0.00      4.13
 1494583673.14     0     53.28      0.00      6.53    12     39.47      0.00      7.53
 1494583673.24     0     55.51      0.00      5.60    12     47.93      0.00      7.02
 1494583673.34     0     55.62      0.00      5.60    12     54.08      0.00      6.93
 1494583673.44     0     55.63      0.00      5.57    12     54.10      0.00      7.01
 1494583673.54     0     55.69      0.00      5.51    12     54.20      0.00      6.95
 1494583673.64     0     55.56      0.00      5.57    12     54.08      0.00      7.01
 1494583673.74     0     55.64      0.00      5.56    12     53.50      0.00      6.94
 1494583673.84     0     56.43      0.00      6.62    12     40.18      0.00      6.63
 1494583673.94     0     67.97      0.00     10.31    12     67.52      0.00      9.44
 1494583674.04     0     63.71      0.00      9.42    12     64.54      0.00      8.99
 1494583674.14     0     42.35      0.00      6.23    12     35.75      0.00      5.66
 1494583674.24     0     33.10      0.00      5.98    12     25.74      0.00      5.93
 1494583674.34     0     40.20      0.00      6.24    12     34.38      0.00      6.14
 1494583674.44     0     43.67      0.00      6.30    12     36.18      0.00      6.01
 1494583674.54     0     67.00      0.00      6.81    12     65.08      0.00      6.96
 1494583674.64     0     66.38      0.00      6.80    12     65.12      0.00      6.93
 1494583674.74     0     64.83      0.00      8.38    12     65.33      0.00      8.45
 1494583674.84     0     66.32      0.00      8.24    12     66.32      0.00      8.39
 1494583674.94     0     66.35      0.00      8.19    12     66.33      0.00      8.30
 1494583675.04     0     58.32      0.00      7.26    12     55.65      0.00      7.41
 1494583675.14     0     31.61      0.00      4.41    12     25.53      0.00      4.16
 1494583675.24     0     31.87      0.00      4.42    12     25.54      0.00      4.09
 1494583675.34     0     35.66      0.00      6.83    12     29.00      0.00      5.33
 1494583675.44     0     32.50      0.00      6.51    12     25.49      0.00      4.04
 1494583675.54     0     31.86      0.00      5.50    12     25.75      0.00      4.20
 1494583675.64     0     31.49      0.00      5.37    12     25.46      0.00      3.96
 1494583675.74     0     31.77      0.00      5.38    12     25.48      0.00      4.13
 1494583675.84     0     31.37      0.00      5.32    12     25.50      0.00      4.04
 1494583675.94     0     31.50      0.00      5.29    12     25.48      0.00      4.15
 1494583676.05     0     31.40      0.00      5.31    12     25.48      0.00      4.17
 1494583676.15     0     31.94      0.00      5.41    12     25.49      0.00      4.15
 1494583676.25     0     34.00      0.00      5.35    12     25.50      0.00      4.71
 1494583676.35     0     35.50      0.00      4.87    12     25.42      0.00      4.12
 1494583676.45     0     34.24      0.00      4.64    12     25.45      0.00      4.11
 1494583676.55     0     32.82      0.00      4.87    12     25.45      0.00      4.13
 1494583676.65     0     31.65      0.00      4.81    12     25.48      0.00      4.24
 1494583676.75     0     31.63      0.00      4.49    12     25.45      0.00      4.06
 1494583676.85     0     31.83      0.00      4.40    12     25.48      0.00      4.15
 1494583676.95     0     55.70      0.00      6.99    12     51.81      0.00      5.64
 1494583677.05     0     47.63      0.00      6.42    12     54.58      0.00      5.44
 1494583677.15     0     47.64      0.00      6.39    12     45.96      0.00      5.28
 1494583677.25     0     49.75      0.00      6.94    12     47.62      0.00      6.11
 1494583677.35     0     66.55      0.00      8.46    12     67.33      0.00      8.28
 1494583677.45     0     66.83      0.00      8.55    12     66.23      0.00      8.33
 1494583677.55     0     48.63      0.00      6.44    12     43.27      0.00      6.20
 1494583677.65     0     35.86      0.00      5.04    12     27.66      0.00      4.62
 1494583677.75     0     63.94      0.00      7.83    12     61.94      0.00      7.82
 1494583677.85     0     60.68      0.00      7.58    12     58.91      0.00      7.84
 1494583677.95     0     33.03      0.00      4.99    12     26.39      0.00      4.39
 1494583678.05     0     31.25      0.00      4.41    12     25.44      0.00      4.08
 1494583678.15     0     33.20      0.00      4.76    12     25.48      0.00      4.27
 1494583678.25     0     34.79      0.00      4.82    12     25.47      0.00      4.32
 1494583678.35     0     33.79      0.00      4.38    12     25.44      0.00      4.21
 1494583678.45     0     33.76      0.00      4.42    12     25.65      0.00      4.22
 1494583678.55     0     51.87      0.00      5.47    12     52.67      0.00      5.87
 1494583678.65     0     48.87      0.00      4.99    12     40.85      0.00      5.31
 1494583678.75     0     43.90      0.00      5.24    12     39.70      0.00      5.09
 1494583678.85     0     34.89      0.00      4.84    12     25.43      0.00      4.49
 1494583678.95     0     37.51      0.00      4.65    12     31.60      0.00      4.51
 1494583679.05     0     36.89      0.00      4.78    12     28.81      0.00      4.33
 1494583679.15     0     54.74      0.00      9.63    12     45.98      0.00      6.86
 1494583679.25     0     58.05      0.00     11.54    12     60.80      0.00      9.49
 1494583679.35     0     58.51      0.00     11.72    12     58.43      0.00      9.33
 1494583679.45     0     59.21      0.00     11.19    12     57.92      0.00      9.83
 1494583679.55     0     59.29      0.00     11.49    12     53.51      0.00      8.82
 1494583679.65     0     62.12      0.00     12.55    12     60.53      0.00     10.29
 1494583679.75     0     59.73      0.00     11.83    12     60.08      0.00      9.78
 1494583679.85     0     56.12      0.00      9.42    12     52.97      0.00      8.50
 1494583679.95     0     56.26      0.00      9.73    12     52.27      0.00      9.82
 1494583680.05     0     65.15      0.00     13.96    12     62.79      0.00     10.32
 1494583680.15     0     53.84      0.00     10.82    12     51.48      0.00      8.33
 1494583680.26     0     58.16      0.00     11.74    12     58.53      0.00     10.03
 1494583680.36     0     59.10      0.00     11.90    12     58.07      0.00      9.58
 1494583680.46     0     60.76      0.00     11.41    12     55.69      0.00      9.33
 1494583680.56     0     62.25      0.00     12.38    12     60.99      0.00     10.32
 1494583680.66     0     60.68      0.00     12.02    12     61.03      0.00     10.37
 1494583680.76     0     56.70      0.00      8.97    12     52.93      0.00      8.54
 1494583680.86     0     56.01      0.00      9.47    12     53.75      0.00      9.06
 1494583680.96     0     66.70      0.00     13.28    12     64.90      0.00     10.30
 1494583681.06     0     60.45      0.00     11.97    12     58.40      0.00     10.18
 1494583681.16     0     58.52      0.00     11.78    12     58.71      0.00      9.90
 1494583681.26     0     59.92      0.00     12.42    12     60.39      0.00     10.50
 1494583681.36     0     57.27      0.00     11.13    12     51.19      0.00      8.35
 1494583681.46     0     63.49      0.00     12.45    12     61.06      0.00      9.78
 1494583681.56     0     60.06      0.00     12.09    12     59.46      0.00     10.12
 1494583681.66     0     57.54      0.00      9.86    12     54.77      0.00      9.03
 1494583681.76     0     58.23      0.00     10.03    12     55.50      0.00     10.00
 1494583681.86     0     62.51      0.00     12.77    12     61.27      0.00      9.00
 1494583681.96     0     61.21      0.00     12.20    12     60.14      0.00     10.52
 1494583682.06     0     56.85      0.00     11.09    12     56.69      0.00     10.73
 1494583682.16     0     61.24      0.00     12.94    12     59.47      0.00     12.53
 1494583682.26     0     52.62      0.00     10.56    12     50.98      0.00      9.79
 1494583682.36     0     65.72      0.00     13.22    12     62.78      0.00     11.16
 1494583682.46     0     47.11      0.00      8.28    12     43.18      0.00      7.75
 1494583682.56     0     54.66      0.00     10.19    12     52.47      0.00      9.95
 1494583682.66     0     58.29      0.00      9.17    12     54.98      0.00      8.88
 1494583682.76     0     61.14      0.00     12.37    12     58.29      0.00     11.15
 1494583682.86     0     65.40      0.00     13.49    12     62.34      0.00     11.59
 1494583682.96     0     47.27      0.00      7.67    12     43.67      0.00      7.54
 1494583683.06     0     54.82      0.00     11.04    12     52.98      0.00     10.35
 1494583683.16     0     58.26      0.00     11.80    12     58.41      0.00     12.14
 1494583683.26     0     58.82      0.00     11.29    12     52.53      0.00     10.29
 1494583683.36     0     62.45      0.00     13.45    12     63.99      0.00     11.63
 1494583683.46     0     49.57      0.00      8.33    12     44.85      0.00      8.13
 1494583683.56     0     55.59      0.00      9.69    12     54.56      0.00      9.77
 1494583683.66     0     57.29      0.00      9.58    12     51.78      0.00      9.32
 1494583683.76     0     67.17      0.00     13.80    12     65.51      0.00     11.99
 1494583683.86     0     53.44      0.00     10.48    12     51.54      0.00      9.79
 1494583683.96     0     52.64      0.00     10.06    12     50.65      0.00      9.70
 1494583684.06     0     58.05      0.00     12.47    12     55.27      0.00     11.88
 1494583684.16     0     54.35      0.00     10.33    12     54.87      0.00     10.50
 1494583684.26     0     65.56      0.00     12.89    12     60.46      0.00     11.08
 1494583684.36     0     57.86      0.00     11.24    12     57.86      0.00     10.50
 1494583684.46     0     51.38      0.00      8.89    12     47.81      0.00      8.90
 1494583684.56     0     57.25      0.00      9.08    12     52.78      0.00      8.28
 1494583684.67     0     59.69      0.00     10.72    12     55.97      0.00     10.60
 1494583684.77     0     65.20      0.00     13.56    12     63.42      0.00     12.21
 1494583684.87     0     46.64      0.00      8.49    12     45.29      0.00      8.31
 1494583684.97     0     56.38      0.00     10.82    12     53.48      0.00     10.13
 1494583685.07     0     59.88      0.00     12.76    12     56.36      0.00     12.16
 1494583685.17     0     53.64      0.00      9.81    12     52.74      0.00     10.70
 1494583685.27     0     61.82      0.00     12.36    12     61.45      0.00     13.25
 1494583685.37     0     49.83      0.00      9.45    12     47.22      0.00      9.28
 1494583685.47     0     55.37      0.00     10.47    12     51.53      0.00      9.79
 1494583685.57     0     54.85      0.00      8.30    12     51.61      0.00      8.26
 1494583685.67     0     59.73      0.00     11.80    12     61.44      0.00     12.16
 1494583685.77     0     65.15      0.00     13.17    12     61.96      0.00     13.09
 1494583685.87     0     40.09      0.00      6.56    12     37.41      0.00      7.22
 1494583685.97     0     53.07      0.00     10.05    12     52.70      0.00     11.00
 1494583686.07     0     59.51      0.00     12.40    12     56.51      0.00     12.55
 1494583686.17     0     54.09      0.00      9.98    12     51.57      0.00     10.11
 1494583686.27     0     66.91      0.00     13.31    12     64.87      0.00     13.69
 1494583686.37     0     39.58      0.00      6.99    12     36.79      0.00      6.90
 1494583686.47     0     55.11      0.00     10.49    12     52.22      0.00      9.14
 1494583686.57     0     53.75      0.00      8.37    12     50.00      0.00      8.41
 1494583686.67     0     55.50      0.00     11.23    12     57.30      0.00     11.46
 1494583686.77     0     65.60      0.00     13.36    12     60.85      0.00     12.66
 1494583686.87     0     50.48      0.00      7.40    12     39.16      0.00      7.25
 1494583686.97     0     52.75      0.00      9.89    12     51.31      0.00     10.76
 1494583687.07     0     58.42      0.00     11.94    12     54.86      0.00     12.42
 1494583687.17     0     54.12      0.00      9.66    12     50.62      0.00      9.81
 1494583687.27     0     66.23      0.00     13.41    12     64.97      0.00     13.88
 1494583687.37     0     48.79      0.00      8.79    12     46.44      0.00      8.79
 1494583687.47     0     54.35      0.00      9.68    12     48.09      0.00      9.03
 1494583687.57     0     56.11      0.00      8.82    12     53.27      0.00      8.47
 1494583687.67     0     61.30      0.00     11.17    12     57.87      0.00     11.46
 1494583687.77     0     66.83      0.00     13.66    12     64.43      0.00     13.74
 1494583687.87     0     38.59      0.00      5.53    12     39.04      0.00      6.78
 1494583687.97     0     56.44      0.00     10.54    12     53.61      0.00     10.71
 1494583688.07     0     58.81      0.00     12.47    12     56.45      0.00     12.80
 1494583688.18     0     56.13      0.00     10.15    12     55.31      0.00     11.14
 1494583688.28     0     61.53      0.00     12.42    12     60.83      0.00     12.85
 1494583688.38     0     57.39      0.00     10.00    12     49.29      0.00     10.50
 1494583688.48     0     52.74      0.00      8.04    12     44.13      0.00      8.10
 1494583688.58     0     55.75      0.00      8.57    12     51.70      0.00      8.21
 1494583688.68     0     56.65      0.00      9.77    12     52.58      0.00      9.77
 1494583688.78     0     63.15      0.00     12.98    12     62.93      0.00     13.19
 1494583688.88     0     45.79      0.00      8.46    12     45.53      0.00      8.69
 1494583688.98     0     50.76      0.00      9.52    12     48.68      0.00      9.60
 1494583689.08     0     60.48      0.00     12.62    12     55.92      0.00     12.54
 1494583689.18     0     61.61      0.00     12.39    12     58.90      0.00     13.39
 1494583689.28     0     55.28      0.00     10.18    12     54.74      0.00     11.22
 1494583689.38     0     61.06      0.00     11.77    12     57.13      0.00     11.61
 1494583689.48     0     59.28      0.00     11.36    12     58.97      0.00     12.27
 1494583689.58     0     53.90      0.00      9.03    12     47.70      0.00      8.56
 1494583689.68     0     54.84      0.00      8.53    12     50.56      0.00      7.95
 1494583689.78     0     58.93      0.00     10.65    12     56.97      0.00     10.69
 1494583689.88     0     64.95      0.00     12.47    12     65.98      0.00     14.18
 1494583689.98     0     51.82      0.00     10.59    12     48.69      0.00     10.27
 1494583690.08     0     61.70      0.00     13.23    12     59.21      0.00     13.15
 1494583690.18     0     52.70      0.00      9.52    12     50.45      0.00     10.13
 1494583690.28     0     65.84      0.00     13.32    12     64.00      0.00     13.48
 1494583690.38     0     52.38      0.00      9.16    12     50.23      0.00      9.85
 1494583690.48     0     56.54      0.00      8.87    12     52.71      0.00      8.63
 1494583690.58     0     55.53      0.00      9.59    12     52.24      0.00      9.57
 1494583690.68     0     62.93      0.00     13.07    12     60.26      0.00     11.55
 1494583690.78     0     54.09      0.00     10.82    12     54.22      0.00     10.94
 1494583690.88     0     54.10      0.00     10.53    12     55.74      0.00     11.17
 1494583690.98     0     52.55      0.00      9.46    12     50.57      0.00      9.68
 1494583691.08     0     66.43      0.00     13.50    12     64.68      0.00     14.02
 1494583691.18     0     58.79      0.00     10.43    12     55.52      0.00     10.88
 1494583691.28     0     54.91      0.00      9.43    12     52.02      0.00      8.97
 1494583691.38     0     58.07      0.00      9.12    12     53.96      0.00      9.33
 1494583691.48     0     64.36      0.00     13.01    12     64.69      0.00     13.37
 1494583691.58     0     55.04      0.00     10.15    12     51.51      0.00     10.46
 1494583691.68     0     58.26      0.00     10.63    12     52.15      0.00     10.50
 1494583691.78     0     54.01      0.00     10.84    12     54.64      0.00     11.18
 1494583691.89     0     62.00      0.00     11.44    12     59.71      0.00     12.43
 1494583691.99     0     57.86      0.00     10.92    12     56.09      0.00     11.19
 1494583692.09     0     57.75      0.00     10.60    12     55.51      0.00     10.03
 1494583692.19     0     57.93      0.00      9.52    12     54.07      0.00      9.38
 1494583692.29     0     57.77      0.00     11.53    12     61.93      0.00     12.72
 1494583692.39     0     61.44      0.00     12.29    12     54.57      0.00     11.30
 1494583692.49     0     55.28      0.00     10.17    12     52.68      0.00     10.44
 1494583692.59     0     59.46      0.00     12.33    12     57.30      0.00     12.45
 1494583692.69     0     56.10      0.00     10.25    12     54.63      0.00     10.80
 1494583692.79     0     65.31      0.00     12.71    12     63.67      0.00     12.93
 1494583692.89     0     52.74      0.00      8.75    12     48.10      0.00      9.01
 1494583692.99     0     58.67      0.00      9.23    12     55.33      0.00      8.98
 1494583693.09     0     61.27      0.00     10.77    12     58.34      0.00     11.18
 1494583693.19     0     63.75      0.00     13.33    12     63.65      0.00     13.80
 1494583693.29     0     52.10      0.00      9.30    12     50.30      0.00      9.89
 1494583693.39     0     56.25      0.00     11.48    12     53.68      0.00     11.46
 1494583693.49     0     54.12      0.00      9.68    12     50.69      0.00      9.82
 1494583693.59     0     65.14      0.00     13.08    12     63.20      0.00     13.73
 1494583693.69     0     60.60      0.00     11.07    12     58.07      0.00     11.99
 1494583693.79     0     53.07      0.00      8.24    12     48.60      0.00      8.17
 1494583693.89     0     57.44      0.00      9.85    12     55.51      0.00      9.55
 1494583693.99     0     61.57      0.00     12.14    12     61.12      0.00     12.72
 1494583694.09     0     55.36      0.00     11.18    12     55.20      0.00     10.92
 1494583694.19     0     51.59      0.00      8.91    12     48.90      0.00      9.64
 1494583694.29     0     59.15      0.00     12.50    12     57.82      0.00     12.89
 1494583694.39     0     55.21      0.00     10.31    12     51.32      0.00     10.39
 1494583694.49     0     66.65      0.00     13.70    12     65.56      0.00     13.86
 1494583694.59     0     56.45      0.00      9.97    12     53.67      0.00     10.47
 1494583694.69     0     54.34      0.00      8.93    12     51.90      0.00      8.30
 1494583694.79     0     59.47      0.00     10.51    12     56.91      0.00     10.92
 1494583694.89     0     66.14      0.00     13.24    12     64.47      0.00     12.60
 1494583694.99     0     58.71      0.00     10.70    12     55.39      0.00     10.91
 1494583695.09     0     55.58      0.00     10.32    12     53.24      0.00     11.45
 1494583695.19     0     62.62      0.00     13.00    12     59.31      0.00     12.95
 1494583695.30     0     56.91      0.00     10.33    12     52.47      0.00     10.54
 1494583695.40     0     65.37      0.00     13.38    12     64.48      0.00     13.26
 1494583695.50     0     57.89      0.00     10.68    12     54.25      0.00     10.90
 1494583695.60     0     50.94      0.00      8.55    12     47.30      0.00      8.18
 1494583695.70     0     54.69      0.00      9.43    12     52.29      0.00      9.39
 1494583695.80     0     66.25      0.00     12.12    12     66.02      0.00     14.14
 1494583695.90     0     55.67      0.00      9.94    12     50.38      0.00      9.79
 1494583696.00     0     54.17      0.00     10.42    12     53.97      0.00     11.06
 1494583696.10     0     31.47      0.00      5.36    12     27.46      0.00      5.38
 1494583696.20     0     16.79      0.00      2.53    12     15.63      0.00      3.03
 1494583696.30     0     21.02      0.00      3.93    12     19.09      0.00      4.35
