         #Time  Core     P_PKG     P_PP0    P_DRAM  Core     P_PKG     P_PP0    P_DRAM
 1494573833.43     0     25.79      0.00      6.43    12     26.48      0.00      6.56
 1494573833.53     0     43.85      0.00     11.91    12     51.97      0.00     13.22
 1494573833.63     0     56.91      0.00     13.10    12     58.79      0.00     13.88
 1494573833.73     0     54.62      0.00     10.23    12     52.29      0.00     10.96
 1494573833.83     0     54.23      0.00     10.82    12     56.31      0.00     11.73
 1494573833.93     0     57.76      0.00     13.58    12     58.24      0.00     14.28
 1494573834.03     0     56.57      0.00     11.23    12     54.42      0.00     12.31
 1494573834.13     0     60.12      0.00     13.39    12     58.90      0.00     14.45
 1494573834.23     0     58.50      0.00     11.71    12     56.57      0.00     12.69
 1494573834.33     0     57.73      0.00     13.22    12     57.82      0.00     13.77
 1494573834.43     0     57.86      0.00     10.44    12     57.18      0.00     11.20
 1494573834.53     0     57.24      0.00     12.53    12     56.63      0.00     13.45
 1494573834.63     0     55.29      0.00     10.71    12     54.68      0.00     11.89
 1494573834.73     0     58.22      0.00     13.93    12     59.01      0.00     15.00
 1494573834.84     0     59.61      0.00     12.14    12     58.58      0.00     12.10
 1494573834.94     0     58.14      0.00     13.30    12     57.91      0.00     14.18
 1494573835.04     0     55.76      0.00     10.58    12     55.57      0.00     11.22
 1494573835.14     0     57.23      0.00     12.77    12     56.78      0.00     13.94
 1494573835.24     0     55.30      0.00     10.79    12     54.84      0.00     11.78
 1494573835.34     0     59.46      0.00     14.19    12     60.24      0.00     14.64
 1494573835.44     0     57.44      0.00     12.41    12     57.11      0.00     13.26
 1494573835.54     0     57.95      0.00     12.84    12     57.83      0.00     13.54
 1494573835.64     0     57.97      0.00     10.03    12     54.58      0.00     11.20
 1494573835.74     0     56.64      0.00     13.28    12     57.56      0.00     14.27
 1494573835.84     0     55.33      0.00     10.88    12     55.51      0.00     11.89
 1494573835.94     0     58.66      0.00     13.09    12     59.49      0.00     14.52
 1494573836.04     0     58.60      0.00     12.09    12     56.15      0.00     12.76
 1494573836.14     0     58.81      0.00     13.26    12     57.88      0.00     14.38
 1494573836.24     0     55.83      0.00     10.21    12     56.54      0.00     10.89
 1494573836.34     0     57.22      0.00     13.03    12     57.47      0.00     13.69
 1494573836.44     0     54.76      0.00     11.24    12     55.94      0.00     12.35
 1494573836.54     0     58.40      0.00     12.58    12     58.31      0.00     12.70
 1494573836.64     0     58.74      0.00     12.29    12     57.98      0.00     13.20
 1494573836.74     0     58.62      0.00     13.52    12     58.18      0.00     14.39
 1494573836.84     0     56.45      0.00     10.05    12     57.96      0.00     10.32
 1494573836.94     0     57.63      0.00     13.34    12     57.53      0.00     14.13
 1494573837.04     0     56.75      0.00     11.75    12     54.90      0.00     12.68
 1494573837.14     0     57.12      0.00     12.23    12     57.05      0.00     13.57
 1494573837.24     0     58.45      0.00     11.55    12     58.06      0.00     12.61
 1494573837.34     0     59.39      0.00     13.66    12     59.01      0.00     14.89
 1494573837.45     0     53.48      0.00      9.96    12     53.88      0.00     10.50
 1494573837.55     0     57.75      0.00     13.04    12     58.01      0.00     13.76
 1494573837.65     0     56.80      0.00     12.08    12     55.40      0.00     12.08
 1494573837.75     0     57.93      0.00     11.70    12     58.38      0.00     12.90
 1494573837.85     0     57.93      0.00     11.68    12     57.73      0.00     12.10
 1494573837.95     0     58.75      0.00     13.36    12     58.69      0.00     14.18
 1494573838.05     0     59.03      0.00     10.23    12     56.15      0.00     10.91
 1494573838.15     0     57.13      0.00     12.35    12     56.45      0.00     13.81
 1494573838.25     0     57.00      0.00     12.18    12     55.96      0.00     13.33
 1494573838.35     0     57.49      0.00     12.53    12     57.72      0.00     13.50
 1494573838.45     0     56.48      0.00     11.48    12     56.55      0.00     12.34
 1494573838.55     0     59.06      0.00     13.55    12     60.34      0.00     14.59
 1494573838.65     0     58.95      0.00     10.03    12     57.12      0.00     11.03
 1494573838.75     0     56.56      0.00     12.74    12     55.65      0.00     12.83
 1494573838.85     0     56.70      0.00     12.32    12     57.58      0.00     13.82
 1494573838.95     0     57.80      0.00     12.06    12     57.87      0.00     12.49
 1494573839.05     0     58.37      0.00     12.68    12     57.53      0.00     13.33
 1494573839.15     0     58.39      0.00     12.66    12     56.70      0.00     13.68
 1494573839.25     0     56.36      0.00     10.17    12     56.52      0.00     11.67
 1494573839.35     0     58.33      0.00     12.70    12     58.34      0.00     13.61
 1494573839.45     0     56.83      0.00     12.10    12     56.86      0.00     12.56
 1494573839.55     0     57.61      0.00     11.63    12     58.01      0.00     12.42
 1494573839.66     0     58.32      0.00     13.26    12     57.58      0.00     13.68
 1494573839.76     0     57.15      0.00     11.07    12     57.56      0.00     12.89
 1494573839.86     0     58.64      0.00     12.66    12     58.32      0.00     12.81
 1494573839.96     0     59.92      0.00     11.17    12     57.83      0.00     11.71
 1494573840.06     0     58.24      0.00     12.31    12     58.28      0.00     13.96
 1494573840.16     0     57.31      0.00     10.74    12     56.04      0.00     12.35
 1494573840.26     0     58.85      0.00     13.72    12     58.73      0.00     14.55
 1494573840.36     0     56.43      0.00     11.02    12     57.24      0.00     12.88
 1494573840.46     0     57.93      0.00     11.96    12     57.17      0.00     12.60
 1494573840.56     0     57.70      0.00     10.78    12     56.45      0.00     11.40
 1494573840.66     0     58.20      0.00     13.04    12     58.00      0.00     14.12
 1494573840.76     0     55.63      0.00     10.52    12     56.05      0.00     11.82
 1494573840.86     0     58.29      0.00     13.10    12     58.09      0.00     14.61
 1494573840.96     0     58.22      0.00     11.23    12     57.98      0.00     12.44
 1494573841.06     0     57.60      0.00     12.20    12     57.21      0.00     13.96
 1494573841.16     0     57.08      0.00     10.59    12     55.58      0.00     11.30
 1494573841.26     0     57.75      0.00     13.03    12     58.33      0.00     14.27
 1494573841.36     0     56.46      0.00     10.57    12     56.49      0.00     12.07
 1494573841.46     0     59.31      0.00     12.62    12     59.39      0.00     14.66
 1494573841.56     0     56.43      0.00     11.55    12     56.94      0.00     11.83
 1494573841.66     0     58.20      0.00     12.52    12     57.97      0.00     12.95
 1494573841.76     0     56.72      0.00     10.59    12     57.69      0.00     11.57
 1494573841.87     0     58.38      0.00     13.18    12     58.03      0.00     14.10
 1494573841.97     0     55.61      0.00     10.54    12     55.52      0.00     11.18
 1494573842.07     0     58.82      0.00     12.64    12     59.11      0.00     14.38
 1494573842.17     0     58.82      0.00     11.16    12     57.48      0.00     12.23
 1494573842.27     0     58.19      0.00     13.45    12     57.75      0.00     14.39
 1494573842.37     0     55.73      0.00      9.64    12     56.85      0.00     10.81
 1494573842.47     0     57.44      0.00     13.06    12     56.85      0.00     14.04
 1494573842.57     0     57.11      0.00     10.80    12     56.31      0.00     11.98
 1494573842.67     0     59.39      0.00     12.86    12     58.66      0.00     12.96
 1494573842.77     0     58.61      0.00     11.26    12     57.81      0.00     12.81
 1494573842.87     0     58.75      0.00     13.30    12     58.32      0.00     14.32
 1494573842.97     0     56.01      0.00      9.87    12     56.80      0.00     10.57
 1494573843.07     0     57.63      0.00     12.72    12     57.75      0.00     14.37
 1494573843.17     0     55.85      0.00     11.30    12     55.31      0.00     13.01
 1494573843.27     0     58.09      0.00     11.97    12     57.97      0.00     13.36
 1494573843.38     0     58.35      0.00     11.77    12     56.91      0.00     12.69
 1494573843.48     0     58.25      0.00     13.18    12     58.76      0.00     14.76
 1494573843.58     0     55.94      0.00      9.53    12     56.29      0.00     10.68
 1494573843.68     0     57.46      0.00     13.05    12     56.78      0.00     13.66
 1494573843.78     0     57.32      0.00     11.45    12     56.64      0.00     13.10
 1494573843.88     0     57.57      0.00     12.24    12     57.18      0.00     12.85
 1494573843.98     0     58.57      0.00     11.25    12     58.23      0.00     12.61
 1494573844.08     0     59.87      0.00     13.43    12     60.51      0.00     13.99
 1494573844.18     0     56.22      0.00      9.27    12     56.68      0.00     10.08
 1494573844.28     0     56.78      0.00     12.60    12     56.96      0.00     14.30
 1494573844.38     0     58.86      0.00     12.73    12     58.79      0.00     13.05
 1494573844.48     0     57.31      0.00     11.80    12     57.65      0.00     12.45
 1494573844.58     0     58.87      0.00     12.08    12     58.54      0.00     12.47
 1494573844.68     0     59.22      0.00     13.00    12     59.25      0.00     14.00
 1494573844.78     0     55.20      0.00      9.62    12     57.06      0.00     10.25
 1494573844.88     0     57.88      0.00     13.11    12     57.43      0.00     14.35
 1494573844.98     0     57.55      0.00     12.38    12     57.69      0.00     13.33
 1494573845.08     0     57.88      0.00     11.37    12     58.59      0.00     12.25
 1494573845.18     0     57.65      0.00     11.12    12     56.74      0.00     12.36
 1494573845.28     0     57.89      0.00     13.07    12     58.80      0.00     14.21
 1494573845.38     0     57.39      0.00     10.16    12     56.62      0.00     11.19
 1494573845.49     0     57.84      0.00     12.30    12     56.84      0.00     13.32
 1494573845.59     0     56.73      0.00     12.40    12     57.82      0.00     13.03
 1494573845.69     0     58.50      0.00     12.09    12     57.25      0.00     12.01
 1494573845.79     0     57.63      0.00     11.99    12     57.40      0.00     12.94
 1494573845.89     0     58.98      0.00     12.88    12     58.89      0.00     13.59
 1494573845.99     0     58.48      0.00     12.23    12     57.52      0.00     13.05
 1494573846.09     0     57.19      0.00     11.63    12     57.49      0.00     12.63
 1494573846.19     0     57.74      0.00     12.25    12     56.76      0.00     12.99
 1494573846.29     0     56.96      0.00     11.26    12     57.46      0.00     12.81
 1494573846.39     0     59.41      0.00     13.75    12     58.16      0.00     14.01
 1494573846.49     0     56.85      0.00     10.61    12     56.61      0.00     11.53
 1494573846.59     0     58.92      0.00     12.17    12     58.65      0.00     13.38
 1494573846.69     0     56.89      0.00     10.70    12     56.24      0.00     11.59
 1494573846.79     0     58.44      0.00     12.84    12     57.57      0.00     13.63
 1494573846.89     0     56.09      0.00     11.32    12     57.15      0.00     12.07
 1494573846.99     0     59.17      0.00     13.83    12     58.91      0.00     14.47
 1494573847.09     0     58.08      0.00     10.77    12     59.09      0.00     11.72
 1494573847.19     0     57.99      0.00     12.79    12     57.66      0.00     13.56
 1494573847.29     0     56.19      0.00     10.62    12     56.11      0.00     11.52
 1494573847.39     0     55.69      0.00     12.44    12     56.50      0.00     13.83
 1494573847.49     0     55.42      0.00     10.49    12     55.65      0.00     11.48
 1494573847.60     0     60.06      0.00     13.95    12     60.01      0.00     14.33
 1494573847.70     0     57.28      0.00     11.97    12     57.42      0.00     12.17
 1494573847.80     0     58.47      0.00     12.97    12     58.21      0.00     13.52
 1494573847.90     0     57.63      0.00     10.45    12     55.52      0.00     10.82
 1494573848.00     0     56.44      0.00     12.18    12     56.89      0.00     14.13
 1494573848.10     0     57.09      0.00     11.10    12     56.69      0.00     12.06
 1494573848.20     0     60.59      0.00     13.94    12     59.89      0.00     13.36
 1494573848.30     0     58.28      0.00     11.29    12     57.65      0.00     11.77
 1494573848.40     0     58.50      0.00     12.58    12     58.77      0.00     14.50
 1494573848.50     0     57.15      0.00      9.50    12     54.95      0.00     10.39
 1494573848.60     0     57.60      0.00     13.09    12     58.15      0.00     13.65
 1494573848.70     0     56.19      0.00     11.43    12     57.07      0.00     12.35
 1494573848.80     0     58.45      0.00     12.32    12     56.62      0.00     12.23
 1494573848.90     0     58.18      0.00     11.63    12     56.91      0.00     12.52
 1494573849.00     0     59.61      0.00     13.47    12     60.07      0.00     14.42
 1494573849.10     0     59.19      0.00     10.40    12     57.76      0.00     11.08
 1494573849.20     0     57.70      0.00     13.69    12     59.09      0.00     13.58
 1494573849.30     0     57.52      0.00     12.82    12     56.93      0.00     12.92
 1494573849.40     0     56.63      0.00     12.04    12     56.55      0.00     13.08
 1494573849.50     0     57.63      0.00     11.48    12     58.34      0.00     12.05
 1494573849.61     0     59.40      0.00     13.51    12     60.18      0.00     14.42
 1494573849.71     0     55.70      0.00      9.69    12     56.51      0.00     10.32
 1494573849.81     0     57.61      0.00     12.99    12     57.54      0.00     13.86
 1494573849.91     0     57.59      0.00     12.01    12     57.36      0.00     13.39
 1494573850.01     0     58.65      0.00     12.52    12     58.41      0.00     13.17
 1494573850.11     0     58.45      0.00     11.94    12     59.52      0.00     12.09
 1494573850.21     0     60.28      0.00     13.54    12     59.17      0.00     14.30
 1494573850.31     0     58.02      0.00      9.73    12     56.87      0.00     10.92
 1494573850.41     0     57.46      0.00     13.14    12     57.68      0.00     14.36
 1494573850.51     0     57.62      0.00     11.95    12     58.14      0.00     12.85
 1494573850.61     0     57.29      0.00     12.39    12     58.15      0.00     12.34
 1494573850.71     0     59.39      0.00     11.83    12     58.73      0.00     12.94
 1494573850.81     0     59.77      0.00     13.59    12     58.54      0.00     13.69
 1494573850.91     0     57.53      0.00     10.42    12     56.50      0.00     11.17
 1494573851.01     0     58.67      0.00     13.63    12     58.47      0.00     14.36
 1494573851.11     0     57.06      0.00     11.59    12     57.93      0.00     12.91
 1494573851.21     0     58.87      0.00     13.11    12     59.13      0.00     13.05
 1494573851.31     0     58.85      0.00     11.94    12     57.09      0.00     12.35
 1494573851.42     0     58.21      0.00     12.62    12     56.47      0.00     14.01
 1494573851.52     0     56.60      0.00     10.43    12     58.74      0.00     11.26
 1494573851.62     0     58.25      0.00     13.54    12     58.24      0.00     14.03
 1494573851.72     0     57.17      0.00     12.14    12     57.32      0.00     12.56
 1494573851.82     0     57.73      0.00     12.26    12     57.67      0.00     12.03
 1494573851.92     0     58.47      0.00     11.51    12     56.73      0.00     12.53
 1494573852.02     0     59.36      0.00     13.35    12     59.58      0.00     14.56
 1494573852.12     0     57.78      0.00     11.34    12     59.29      0.00     11.77
 1494573852.22     0     57.67      0.00     13.46    12     58.76      0.00     13.36
 1494573852.32     0     56.56      0.00     12.38    12     56.54      0.00     12.27
 1494573852.42     0     57.74      0.00     12.35    12     57.13      0.00     13.15
 1494573852.52     0     58.69      0.00     12.91    12     57.40      0.00     12.99
 1494573852.62     0     59.03      0.00     12.29    12     59.38      0.00     14.03
 1494573852.72     0     58.79      0.00     10.61    12     57.14      0.00     11.12
 1494573852.82     0     57.91      0.00     12.14    12     57.83      0.00     13.57
 1494573852.92     0     56.59      0.00     12.11    12     55.99      0.00     12.21
 1494573853.02     0     57.97      0.00     11.80    12     57.50      0.00     12.95
 1494573853.13     0     59.41      0.00     13.18    12     59.30      0.00     13.88
 1494573853.23     0     58.88      0.00     12.58    12     59.29      0.00     12.98
 1494573853.33     0     55.83      0.00     10.42    12     57.17      0.00     11.21
 1494573853.43     0     59.49      0.00     12.51    12     57.85      0.00     12.97
 1494573853.53     0     56.35      0.00     12.76    12     56.22      0.00     12.77
 1494573853.63     0     58.24      0.00     12.64    12     59.33      0.00     11.89
 1494573853.73     0     59.20      0.00     13.52    12     58.87      0.00     14.20
 1494573853.83     0     57.14      0.00     11.59    12     58.24      0.00     12.16
 1494573853.93     0     58.08      0.00     10.09    12     55.96      0.00     11.19
 1494573854.03     0     58.65      0.00     11.68    12     57.70      0.00     12.43
 1494573854.13     0     56.68      0.00     12.13    12     57.02      0.00     13.59
 1494573854.23     0     58.24      0.00     12.01    12     58.68      0.00     12.51
 1494573854.33     0     58.02      0.00     13.29    12     59.14      0.00     14.07
 1494573854.43     0     58.75      0.00     11.70    12     58.24      0.00     12.80
 1494573854.53     0     57.57      0.00     11.90    12     56.26      0.00     12.72
 1494573854.63     0     57.53      0.00     11.39    12     56.92      0.00     12.43
 1494573854.73     0     56.90      0.00     12.22    12     56.35      0.00     12.40
 1494573854.83     0     57.04      0.00     12.07    12     57.94      0.00     12.56
 1494573854.93     0     60.02      0.00     12.96    12     58.90      0.00     13.79
 1494573855.04     0     57.98      0.00     11.54    12     56.23      0.00     12.25
 1494573855.14     0     59.52      0.00     12.08    12     59.45      0.00     13.38
 1494573855.24     0     58.42      0.00     11.67    12     58.16      0.00     13.37
 1494573855.34     0     57.44      0.00     12.05    12     57.57      0.00     13.26
 1494573855.44     0     57.91      0.00     11.71    12     57.93      0.00     12.34
 1494573855.54     0     59.02      0.00     12.96    12     58.16      0.00     14.41
 1494573855.64     0     57.78      0.00     11.52    12     57.62      0.00     12.09
 1494573855.74     0     58.25      0.00     12.22    12     57.70      0.00     12.89
 1494573855.84     0     56.04      0.00     10.83    12     55.08      0.00     11.74
 1494573855.94     0     57.95      0.00     12.18    12     56.94      0.00     12.78
 1494573856.04     0     58.78      0.00     11.05    12     57.60      0.00     12.07
 1494573856.14     0     59.81      0.00     13.40    12     59.57      0.00     14.74
 1494573856.24     0     57.19      0.00     11.84    12     57.70      0.00     12.32
 1494573856.34     0     58.05      0.00     12.47    12     58.12      0.00     12.47
 1494573856.44     0     56.04      0.00     10.32    12     55.86      0.00     11.12
 1494573856.54     0     58.59      0.00     12.92    12     57.58      0.00     14.07
 1494573856.64     0     57.69      0.00     11.02    12     57.35      0.00     12.30
 1494573856.74     0     59.79      0.00     13.28    12     59.84      0.00     14.41
 1494573856.85     0     57.82      0.00     11.63    12     56.32      0.00     11.09
 1494573856.95     0     58.82      0.00     12.21    12     59.40      0.00     12.90
 1494573857.05     0     57.35      0.00     10.39    12     54.83      0.00     11.63
 1494573857.15     0     58.95      0.00     12.71    12     58.77      0.00     14.42
 1494573857.25     0     56.99      0.00     11.09    12     56.99      0.00     11.16
 1494573857.35     0     58.47      0.00     13.05    12     59.43      0.00     14.15
 1494573857.45     0     58.90      0.00     12.07    12     57.03      0.00     12.57
 1494573857.55     0     58.33      0.00     12.24    12     58.50      0.00     13.20
 1494573857.65     0     54.74      0.00     10.44    12     55.27      0.00     11.49
 1494573857.75     0     57.38      0.00     13.39    12     58.31      0.00     14.03
 1494573857.85     0     55.40      0.00     10.82    12     56.56      0.00     11.40
 1494573857.95     0     60.75      0.00     13.09    12     59.88      0.00     14.05
 1494573858.05     0     59.30      0.00     11.01    12     56.09      0.00     11.56
 1494573858.15     0     59.31      0.00     13.57    12     59.20      0.00     14.35
 1494573858.25     0     56.54      0.00     10.40    12     55.33      0.00     11.66
 1494573858.35     0     58.11      0.00     13.41    12     58.76      0.00     14.00
 1494573858.45     0     57.00      0.00     11.78    12     56.88      0.00     12.79
 1494573858.55     0     57.33      0.00     12.03    12     57.36      0.00     12.81
 1494573858.66     0     58.15      0.00     11.10    12     57.01      0.00     11.81
 1494573858.76     0     58.19      0.00     13.86    12     58.64      0.00     13.43
 1494573858.86     0     56.89      0.00     10.13    12     56.79      0.00     11.24
 1494573858.96     0     58.40      0.00     12.91    12     58.92      0.00     13.96
 1494573859.06     0     58.80      0.00     12.05    12     57.39      0.00     12.26
 1494573859.16     0     57.85      0.00     12.75    12     56.57      0.00     12.58
 1494573859.26     0     58.50      0.00     12.20    12     59.04      0.00     12.05
 1494573859.36     0     59.73      0.00     13.69    12     58.89      0.00     13.84
 1494573859.46     0     53.87      0.00      9.78    12     56.13      0.00     10.22
 1494573859.56     0     56.34      0.00     13.05    12     56.00      0.00     13.66
 1494573859.66     0     56.28      0.00     12.33    12     56.17      0.00     12.76
 1494573859.76     0     58.09      0.00     11.74    12     58.57      0.00     12.48
 1494573859.86     0     56.22      0.00     12.35    12     57.29      0.00     12.86
 1494573859.96     0     59.51      0.00     12.65    12     59.68      0.00     13.15
 1494573860.06     0     59.57      0.00     10.47    12     58.04      0.00     11.23
 1494573860.16     0     57.82      0.00     13.04    12     57.92      0.00     13.27
 1494573860.26     0     56.69      0.00     11.89    12     56.20      0.00     12.32
 1494573860.36     0     56.63      0.00     12.14    12     58.01      0.00     12.96
 1494573860.46     0     57.84      0.00     12.62    12     57.20      0.00     12.54
 1494573860.56     0     58.72      0.00     12.59    12     57.99      0.00     13.64
 1494573860.66     0     57.16      0.00     11.28    12     57.88      0.00     11.74
 1494573860.76     0     57.71      0.00     13.07    12     56.70      0.00     13.15
 1494573860.86     0     56.41      0.00     12.59    12     56.28      0.00     12.76
 1494573860.96     0     58.60      0.00     11.95    12     58.76      0.00     12.54
 1494573861.06     0     58.83      0.00     12.58    12     58.44      0.00     11.98
 1494573861.16     0     58.90      0.00     13.28    12     58.73      0.00     13.55
 1494573861.26     0     56.90      0.00     10.28    12     56.48      0.00     10.79
 1494573861.37     0     57.21      0.00     13.09    12     59.10      0.00     14.10
 1494573861.47     0     57.51      0.00     12.58    12     56.90      0.00     12.82
 1494573861.57     0     57.76      0.00     11.85    12     57.98      0.00     13.02
 1494573861.67     0     57.76      0.00     12.93    12     56.42      0.00     13.31
 1494573861.77     0     59.41      0.00     12.64    12     58.60      0.00     13.18
 1494573861.87     0     56.23      0.00     11.63    12     57.48      0.00     11.61
 1494573861.97     0     58.35      0.00     12.69    12     58.86      0.00     13.72
 1494573862.07     0     59.40      0.00     12.18    12     58.01      0.00     12.53
 1494573862.17     0     58.16      0.00     12.31    12     57.47      0.00     12.13
 1494573862.27     0     56.19      0.00     11.93    12     56.13      0.00     13.06
 1494573862.37     0     58.90      0.00     13.75    12     59.14      0.00     14.29
 1494573862.47     0     56.18      0.00      9.85    12     55.52      0.00     10.81
 1494573862.57     0     55.53      0.00     12.25    12     56.29      0.00     13.31
 1494573862.67     0     57.45      0.00     12.61    12     56.22      0.00     12.93
 1494573862.77     0     56.88      0.00     11.51    12     57.18      0.00     13.16
 1494573862.87     0     57.32      0.00     13.21    12     57.89      0.00     13.14
 1494573862.97     0     60.12      0.00     13.56    12     59.81      0.00     13.74
 1494573863.07     0     57.11      0.00     10.56    12     55.11      0.00     10.59
 1494573863.17     0     56.87      0.00     13.02    12     56.94      0.00     13.57
 1494573863.27     0     56.86      0.00     12.47    12     55.84      0.00     12.70
 1494573863.37     0     56.41      0.00     12.46    12     57.53      0.00     13.47
 1494573863.47     0     58.39      0.00     12.30    12     58.05      0.00     12.75
 1494573863.57     0     58.78      0.00     13.21    12     59.68      0.00     14.00
 1494573863.67     0     55.49      0.00     10.58    12     55.63      0.00     11.59
 1494573863.77     0     55.48      0.00     13.19    12     56.69      0.00     13.65
 1494573863.88     0     56.20      0.00     12.41    12     56.67      0.00     13.39
 1494573863.98     0     57.93      0.00     11.44    12     58.92      0.00     12.44
 1494573864.08     0     58.81      0.00     13.11    12     58.25      0.00     13.04
 1494573864.18     0     59.26      0.00     12.96    12     59.11      0.00     13.30
 1494573864.28     0     57.47      0.00     11.25    12     57.09      0.00     12.15
 1494573864.38     0     56.98      0.00     11.40    12     56.98      0.00     12.15
 1494573864.48     0     57.81      0.00     12.63    12     58.10      0.00     13.78
 1494573864.58     0     57.34      0.00     12.08    12     58.12      0.00     12.59
 1494573864.68     0     58.60      0.00     13.90    12     59.08      0.00     14.62
 1494573864.78     0     56.54      0.00     11.46    12     56.30      0.00     12.56
 1494573864.88     0     57.80      0.00     12.31    12     57.15      0.00     13.20
 1494573864.98     0     56.85      0.00     10.73    12     56.31      0.00     11.94
 1494573865.08     0     59.03      0.00     12.70    12     58.45      0.00     13.31
 1494573865.18     0     58.60      0.00     11.11    12     56.78      0.00     11.52
 1494573865.28     0     58.13      0.00     13.03    12     58.51      0.00     14.47
 1494573865.38     0     57.62      0.00     11.77    12     57.34      0.00     13.07
 1494573865.48     0     58.08      0.00     12.72    12     58.69      0.00     13.08
 1494573865.58     0     57.19      0.00     11.61    12     56.60      0.00     12.27
 1494573865.68     0     58.07      0.00     12.98    12     57.79      0.00     13.42
 1494573865.78     0     55.86      0.00     11.48    12     54.95      0.00     12.11
 1494573865.88     0     58.76      0.00     13.72    12     58.50      0.00     14.37
 1494573865.98     0     57.97      0.00     11.26    12     58.10      0.00     12.73
 1494573866.09     0     58.49      0.00     11.85    12     57.85      0.00     13.02
 1494573866.19     0     56.69      0.00     10.64    12     56.29      0.00     11.57
 1494573866.29     0     58.15      0.00     12.99    12     57.14      0.00     13.84
 1494573866.39     0     55.58      0.00     10.86    12     55.65      0.00     12.14
 1494573866.49     0     59.37      0.00     12.94    12     59.62      0.00     14.60
 1494573866.59     0     58.91      0.00     11.62    12     57.46      0.00     12.24
 1494573866.69     0     56.37      0.00     12.60    12     57.73      0.00     13.57
 1494573866.79     0     56.92      0.00     11.46    12     55.07      0.00     12.39
 1494573866.89     0     58.15      0.00     13.05    12     56.87      0.00     13.97
 1494573866.99     0     56.78      0.00     11.35    12     56.42      0.00     12.58
 1494573867.09     0     59.65      0.00     14.13    12     59.16      0.00     14.62
 1494573867.19     0     56.25      0.00     11.06    12     57.90      0.00     12.00
 1494573867.29     0     56.87      0.00     12.03    12     57.51      0.00     13.06
 1494573867.39     0     56.32      0.00     11.46    12     56.13      0.00     12.22
 1494573867.49     0     58.08      0.00     13.06    12     57.71      0.00     13.97
 1494573867.59     0     56.42      0.00     11.41    12     57.49      0.00     12.24
 1494573867.69     0     58.80      0.00     13.45    12     58.66      0.00     14.40
 1494573867.79     0     57.18      0.00     11.88    12     57.97      0.00     12.75
 1494573867.89     0     57.90      0.00     12.28    12     55.50      0.00     12.73
 1494573867.99     0     56.07      0.00     10.94    12     55.42      0.00     11.78
 1494573868.09     0     56.62      0.00     13.02    12     58.02      0.00     13.83
 1494573868.19     0     56.06      0.00     10.61    12     56.50      0.00     11.74
 1494573868.29     0     58.97      0.00     13.42    12     59.60      0.00     14.37
 1494573868.39     0     56.43      0.00     11.77    12     56.17      0.00     12.55
 1494573868.50     0     58.15      0.00     12.39    12     57.91      0.00     13.88
 1494573868.60     0     56.72      0.00     11.43    12     57.45      0.00     12.06
 1494573868.70     0     58.38      0.00     13.21    12     58.49      0.00     13.89
 1494573868.80     0     56.85      0.00     11.02    12     57.22      0.00     11.76
 1494573868.90     0     58.07      0.00     12.89    12     57.18      0.00     14.66
 1494573869.00     0     57.96      0.00     11.23    12     57.67      0.00     12.36
 1494573869.10     0     57.19      0.00     12.91    12     58.04      0.00     13.62
 1494573869.20     0     57.02      0.00     10.24    12     57.78      0.00     10.79
 1494573869.30     0     57.14      0.00     12.51    12     56.70      0.00     13.50
 1494573869.40     0     55.47      0.00     11.51    12     55.25      0.00     12.51
 1494573869.50     0     59.06      0.00     13.76    12     59.56      0.00     15.08
 1494573869.60     0     58.44      0.00     11.90    12     57.21      0.00     12.71
 1494573869.70     0     57.55      0.00     13.59    12     59.25      0.00     13.87
 1494573869.80     0     56.39      0.00     10.40    12     57.06      0.00     11.15
 1494573869.90     0     56.50      0.00     12.67    12     55.01      0.00     13.52
 1494573870.00     0     55.70      0.00     10.96    12     55.53      0.00     12.13
 1494573870.10     0     58.39      0.00     13.08    12     58.61      0.00     14.25
 1494573870.20     0     58.29      0.00     11.52    12     59.58      0.00     12.12
 1494573870.30     0     58.64      0.00     13.55    12     58.54      0.00     14.06
 1494573870.40     0     57.54      0.00     10.88    12     55.48      0.00     11.67
 1494573870.51     0     56.18      0.00     12.69    12     57.32      0.00     14.04
 1494573870.61     0     57.36      0.00     12.27    12     56.85      0.00     13.20
 1494573870.71     0     59.09      0.00     12.35    12     59.52      0.00     13.56
 1494573870.81     0     56.23      0.00     11.22    12     56.56      0.00     11.74
 1494573870.91     0     59.62      0.00     13.83    12     59.46      0.00     14.81
 1494573871.01     0     58.43      0.00     10.32    12     56.42      0.00     11.15
 1494573871.11     0     57.31      0.00     12.46    12     57.09      0.00     13.72
 1494573871.21     0     57.13      0.00     11.82    12     57.38      0.00     12.73
 1494573871.31     0     58.54      0.00     12.59    12     58.28      0.00     12.88
 1494573871.41     0     56.33      0.00     11.88    12     55.97      0.00     12.56
 1494573871.51     0     58.04      0.00     13.31    12     58.45      0.00     14.25
 1494573871.61     0     58.71      0.00     11.05    12     56.94      0.00     12.04
 1494573871.71     0     56.93      0.00     13.29    12     57.97      0.00     14.06
 1494573871.81     0     57.51      0.00     12.32    12     57.28      0.00     13.05
 1494573871.91     0     57.69      0.00     12.56    12     57.53      0.00     13.55
 1494573872.01     0     55.28      0.00     11.47    12     56.53      0.00     12.82
 1494573872.12     0     58.73      0.00     13.38    12     59.13      0.00     14.50
 1494573872.22     0     55.51      0.00      9.29    12     56.80      0.00     10.38
 1494573872.32     0     55.80      0.00     13.12    12     55.99      0.00     13.36
 1494573872.42     0     57.24      0.00     11.69    12     56.22      0.00     12.80
 1494573872.52     0     56.43      0.00     12.24    12     57.50      0.00     13.72
 1494573872.62     0     56.48      0.00     11.94    12     56.58      0.00     13.10
 1494573872.72     0     60.95      0.00     14.06    12     60.68      0.00     14.78
 1494573872.82     0     54.79      0.00      9.82    12     54.67      0.00     10.33
 1494573872.92     0     55.98      0.00     12.09    12     56.65      0.00     13.37
 1494573873.02     0     56.61      0.00     12.15    12     55.62      0.00     12.86
 1494573873.12     0     58.34      0.00     12.09    12     57.07      0.00     13.41
 1494573873.22     0     58.07      0.00     13.17    12     58.18      0.00     13.98
 1494573873.32     0     57.94      0.00     11.87    12     58.45      0.00     12.39
 1494573873.42     0     55.98      0.00     10.55    12     55.82      0.00     10.99
 1494573873.52     0     56.83      0.00     12.39    12     56.30      0.00     13.35
 1494573873.62     0     56.87      0.00     12.15    12     55.95      0.00     12.91
 1494573873.72     0     55.70      0.00     11.82    12     57.32      0.00     13.22
 1494573873.82     0     58.83      0.00     13.58    12     58.63      0.00     14.37
 1494573873.92     0     58.96      0.00     12.51    12     58.32      0.00     13.11
 1494573874.02     0     56.38      0.00     10.41    12     56.85      0.00     11.58
 1494573874.12     0     57.91      0.00     12.40    12     56.42      0.00     13.61
 1494573874.22     0     56.98      0.00     12.03    12     55.82      0.00     12.70
 1494573874.32     0     56.85      0.00     11.77    12     57.73      0.00     12.44
 1494573874.42     0     57.81      0.00     13.24    12     59.28      0.00     13.85
 1494573874.53     0     58.81      0.00     12.74    12     58.71      0.00     13.21
 1494573874.63     0     58.25      0.00     11.27    12     57.36      0.00     12.25
 1494573874.73     0     57.24      0.00     12.94    12     57.97      0.00     14.08
 1494573874.83     0     57.82      0.00     12.49    12     57.17      0.00     13.28
 1494573874.93     0     55.98      0.00     11.75    12     57.34      0.00     12.79
 1494573875.03     0     57.59      0.00     12.53    12     58.03      0.00     14.04
 1494573875.13     0     59.68      0.00     12.86    12     58.78      0.00     14.11
 1494573875.23     0     55.00      0.00     10.23    12     55.25      0.00     11.19
 1494573875.33     0     55.07      0.00     12.61    12     55.85      0.00     13.25
 1494573875.43     0     56.95      0.00     12.10    12     56.79      0.00     12.39
 1494573875.53     0     58.17      0.00     12.76    12     58.20      0.00     13.52
 1494573875.63     0     56.74      0.00     12.05    12     57.03      0.00     13.77
 1494573875.73     0     58.28      0.00     12.83    12     58.12      0.00     13.82
 1494573875.83     0     57.59      0.00      9.92    12     56.94      0.00     10.93
 1494573875.93     0     58.54      0.00     12.76    12     57.64      0.00     13.50
 1494573876.03     0     56.39      0.00     11.80    12     55.52      0.00     12.39
 1494573876.13     0     57.82      0.00     11.25    12     55.58      0.00     12.97
 1494573876.23     0     58.83      0.00     12.92    12     58.70      0.00     13.75
 1494573876.33     0     57.92      0.00     11.81    12     57.89      0.00     13.06
 1494573876.43     0     57.57      0.00     11.69    12     57.86      0.00     11.92
 1494573876.53     0     54.95      0.00     11.32    12     56.18      0.00     12.00
 1494573876.63     0     56.97      0.00     13.36    12     56.49      0.00     14.00
 1494573876.73     0     56.53      0.00     11.86    12     56.00      0.00     12.71
 1494573876.83     0     59.39      0.00     13.71    12     59.57      0.00     15.05
 1494573876.93     0     57.40      0.00     11.45    12     57.59      0.00     12.39
 1494573877.04     0     58.28      0.00     11.78    12     57.38      0.00     12.70
 1494573877.14     0     55.71      0.00     11.56    12     56.14      0.00     12.52
 1494573877.24     0     58.43      0.00     12.80    12     58.06      0.00     13.99
 1494573877.34     0     58.05      0.00     11.63    12     57.23      0.00     12.20
 1494573877.44     0     58.66      0.00     13.37    12     58.44      0.00     14.17
 1494573877.54     0     57.70      0.00     12.15    12     57.40      0.00     12.53
 1494573877.64     0     56.27      0.00     12.03    12     56.64      0.00     13.12
 1494573877.74     0     57.52      0.00     10.88    12     56.08      0.00     12.26
 1494573877.84     0     57.10      0.00     13.10    12     57.62      0.00     14.10
 1494573877.94     0     55.83      0.00     11.33    12     55.82      0.00     11.64
 1494573878.04     0     59.69      0.00     13.70    12     58.84      0.00     14.69
 1494573878.14     0     55.34      0.00     11.81    12     55.72      0.00     12.96
 1494573878.24     0     58.65      0.00     11.89    12     57.75      0.00     13.42
 1494573878.34     0     55.52      0.00     10.19    12     53.66      0.00     11.52
 1494573878.44     0     57.17      0.00     12.37    12     57.68      0.00     12.72
 1494573878.54     0     56.27      0.00     11.29    12     57.38      0.00     11.40
 1494573878.64     0     58.33      0.00     13.74    12     57.99      0.00     14.43
 1494573878.74     0     58.48      0.00     12.37    12     57.86      0.00     13.41
 1494573878.84     0     57.41      0.00     12.16    12     57.36      0.00     13.22
 1494573878.94     0     55.13      0.00     10.18    12     55.14      0.00     11.28
 1494573879.04     0     57.45      0.00     13.68    12     57.56      0.00     14.08
 1494573879.15     0     56.11      0.00     10.44    12     55.51      0.00     11.29
 1494573879.25     0     60.22      0.00     14.35    12     59.55      0.00     15.00
 1494573879.35     0     57.16      0.00     11.29    12     57.43      0.00     12.12
 1494573879.45     0     58.14      0.00     13.14    12     58.40      0.00     14.01
 1494573879.55     0     55.94      0.00     10.12    12     57.65      0.00     10.39
 1494573879.65     0     56.59      0.00     12.53    12     56.75      0.00     13.98
 1494573879.75     0     56.99      0.00     11.27    12     55.44      0.00     12.36
 1494573879.85     0     58.99      0.00     13.58    12     58.53      0.00     14.81
 1494573879.95     0     56.51      0.00     11.01    12     57.47      0.00     12.70
 1494573880.05     0     58.89      0.00     13.23    12     58.25      0.00     14.46
 1494573880.15     0     54.37      0.00      9.58    12     54.35      0.00     10.43
 1494573880.25     0     58.34      0.00     12.98    12     57.93      0.00     14.64
 1494573880.35     0     55.64      0.00     10.83    12     55.91      0.00     12.39
 1494573880.45     0     58.36      0.00     12.06    12     57.35      0.00     13.65
 1494573880.55     0     57.71      0.00     12.01    12     58.27      0.00     12.04
 1494573880.65     0     57.52      0.00     13.52    12     58.19      0.00     14.53
 1494573880.75     0     54.48      0.00      9.41    12     54.05      0.00     10.55
 1494573880.85     0     58.10      0.00     13.16    12     57.55      0.00     14.10
 1494573880.95     0     55.89      0.00     11.40    12     56.09      0.00     12.78
 1494573881.05     0     57.33      0.00     12.05    12     58.08      0.00     13.10
 1494573881.15     0     59.26      0.00     11.35    12     59.01      0.00     12.51
 1494573881.25     0     60.21      0.00     13.77    12     59.20      0.00     14.64
 1494573881.36     0     57.03      0.00      9.20    12     57.69      0.00     10.52
 1494573881.46     0     55.31      0.00     12.07    12     54.91      0.00     13.07
 1494573881.56     0     56.78      0.00     12.03    12     56.25      0.00     12.13
 1494573881.66     0     58.33      0.00     12.09    12     57.47      0.00     12.56
 1494573881.76     0     57.11      0.00     12.45    12     58.51      0.00     14.24
 1494573881.86     0     58.16      0.00     12.21    12     57.92      0.00     13.12
 1494573881.96     0     58.23      0.00     10.54    12     55.94      0.00     12.08
 1494573882.06     0     58.00      0.00     12.27    12     56.83      0.00     13.33
 1494573882.16     0     57.08      0.00     11.87    12     56.58      0.00     13.42
 1494573882.26     0     57.88      0.00     11.29    12     57.87      0.00     13.08
 1494573882.36     0     59.27      0.00     12.82    12     58.71      0.00     14.37
 1494573882.46     0     58.78      0.00     11.45    12     58.11      0.00     12.45
 1494573882.56     0     56.51      0.00     11.35    12     56.31      0.00     12.92
 1494573882.66     0     57.29      0.00     10.85    12     55.65      0.00     11.61
 1494573882.76     0     56.69      0.00     12.61    12     59.03      0.00     14.43
 1494573882.86     0     56.04      0.00     11.89    12     55.42      0.00     11.74
 1494573882.96     0     58.89      0.00     13.31    12     59.46      0.00     14.72
 1494573883.06     0     58.62      0.00     12.49    12     59.08      0.00     12.24
 1494573883.16     0     58.63      0.00     12.51    12     58.47      0.00     12.91
 1494573883.26     0     58.63      0.00     10.39    12     57.39      0.00     11.04
 1494573883.36     0     58.60      0.00     13.11    12     57.88      0.00     14.44
 1494573883.46     0     53.68      0.00     10.28    12     53.86      0.00     11.67
 1494573883.56     0     58.98      0.00     13.77    12     59.97      0.00     14.64
 1494573883.66     0     58.47      0.00     11.25    12     59.08      0.00     11.85
 1494573883.76     0     58.46      0.00     12.39    12     58.23      0.00     13.51
 1494573883.86     0     56.10      0.00      9.38    12     56.77      0.00     10.24
 1494573883.96     0     56.18      0.00     13.54    12     57.90      0.00     14.34
 1494573884.06     0     56.02      0.00     12.06    12     55.78      0.00     12.08
 1494573884.16     0     59.15      0.00     13.43    12     59.88      0.00     13.38
 1494573884.27     0     58.34      0.00     11.78    12     57.77      0.00     12.84
 1494573884.37     0     59.33      0.00     13.29    12     58.38      0.00     14.65
 1494573884.47     0     57.13      0.00      9.53    12     54.58      0.00     10.61
 1494573884.57     0     56.87      0.00     13.15    12     58.40      0.00     14.27
 1494573884.67     0     56.97      0.00     11.51    12     56.41      0.00     11.56
 1494573884.77     0     58.67      0.00     12.59    12     59.34      0.00     13.52
 1494573884.87     0     57.81      0.00     11.24    12     57.70      0.00     12.99
 1494573884.97     0     57.77      0.00     13.01    12     58.84      0.00     14.77
 1494573885.07     0     57.69      0.00      8.82    12     55.50      0.00      9.91
 1494573885.17     0     59.05      0.00     13.24    12     59.11      0.00     13.28
 1494573885.27     0     58.07      0.00     11.97    12     57.78      0.00     13.32
 1494573885.37     0     57.39      0.00     12.27    12     57.45      0.00     12.96
 1494573885.47     0     58.17      0.00     12.27    12     57.37      0.00     12.81
 1494573885.57     0     58.92      0.00     13.53    12     59.23      0.00     14.63
 1494573885.67     0     58.16      0.00     10.08    12     58.08      0.00     10.57
 1494573885.77     0     56.42      0.00     12.20    12     56.56      0.00     12.93
 1494573885.87     0     57.03      0.00     12.53    12     56.53      0.00     12.69
 1494573885.97     0     57.39      0.00     12.93    12     57.76      0.00     13.62
 1494573886.07     0     58.55      0.00     12.55    12     57.30      0.00     13.02
 1494573886.17     0     59.91      0.00     13.64    12     60.26      0.00     14.26
 1494573886.27     0     58.81      0.00     10.52    12     56.62      0.00     10.99
 1494573886.37     0     58.61      0.00     12.64    12     57.63      0.00     12.88
 1494573886.48     0     56.82      0.00     12.65    12     56.37      0.00     12.87
 1494573886.58     0     58.01      0.00     11.79    12     58.23      0.00     11.75
 1494573886.68     0     59.23      0.00     13.38    12     59.88      0.00     14.09
 1494573886.78     0     59.41      0.00     11.69    12     58.83      0.00     12.36
 1494573886.88     0     49.92      0.00      9.88    12     51.89      0.00     10.46
 1494573886.98     0     18.44      0.00      2.40    12     19.49      0.00      2.98
 1494573887.08     0     15.04      0.00      1.90    12     15.54      0.00      2.36
 1494573887.18     0     14.31      0.00      1.80    12     15.93      0.00      2.50
 1494573887.28     0     14.04      0.00      1.87    12     15.62      0.00      2.57
 1494573887.38     0     19.54      0.00      3.44    12     20.55      0.00      4.17
