         #Time  Core     P_PKG     P_PP0    P_DRAM  Core     P_PKG     P_PP0    P_DRAM
 1494581993.40     0     22.16      0.00      4.91    12     23.18      0.00      4.36
 1494581993.50     0     19.17      0.00      3.57    12     20.55      0.00      3.08
 1494581993.60     0     20.92      0.00      4.28    12     21.44      0.00      3.98
 1494581993.70     0     24.57      0.00      4.97    12     23.66      0.00      4.08
 1494581993.80     0     29.13      0.00      4.72    12     26.50      0.00      4.02
 1494581993.90     0     32.51      0.00      5.40    12     28.85      0.00      4.36
 1494581994.00     0     38.96      0.00      6.57    12     39.32      0.00      6.06
 1494581994.10     0     34.77      0.00      5.68    12     36.21      0.00      5.45
 1494581994.20     0     34.68      0.00      5.72    12     36.16      0.00      5.43
 1494581994.30     0     33.89      0.00      5.83    12     35.23      0.00      5.67
 1494581994.40     0     34.71      0.00      5.64    12     36.13      0.00      5.47
 1494581994.50     0     34.50      0.00      5.57    12     35.82      0.00      5.42
 1494581994.60     0     34.46      0.00      5.62    12     35.68      0.00      5.50
 1494581994.70     0     34.52      0.00      5.66    12     36.21      0.00      5.46
 1494581994.80     0     34.65      0.00      5.67    12     36.15      0.00      5.54
 1494581994.90     0     34.39      0.00      5.51    12     35.71      0.00      5.39
 1494581995.00     0     34.15      0.00      5.38    12     35.22      0.00      5.31
 1494581995.10     0     34.67      0.00      5.66    12     36.25      0.00      5.48
 1494581995.20     0     34.68      0.00      5.63    12     36.26      0.00      5.41
 1494581995.30     0     34.66      0.00      5.69    12     36.24      0.00      5.46
 1494581995.40     0     34.65      0.00      5.70    12     36.19      0.00      5.52
 1494581995.50     0     34.71      0.00      5.66    12     36.30      0.00      5.49
 1494581995.60     0     34.22      0.00      5.78    12     35.69      0.00      5.73
 1494581995.70     0     34.09      0.00      5.53    12     35.47      0.00      5.40
 1494581995.80     0     34.73      0.00      5.77    12     36.18      0.00      5.55
 1494581995.90     0     34.67      0.00      5.68    12     36.26      0.00      5.41
 1494581996.00     0     34.48      0.00      5.63    12     35.87      0.00      5.36
 1494581996.10     0     34.35      0.00      5.59    12     35.65      0.00      5.41
 1494581996.20     0     33.92      0.00      5.71    12     35.19      0.00      5.47
 1494581996.30     0     34.79      0.00      5.67    12     36.17      0.00      5.46
 1494581996.40     0     34.68      0.00      5.69    12     36.18      0.00      5.43
 1494581996.50     0     34.65      0.00      5.64    12     36.19      0.00      5.41
 1494581996.60     0     34.97      0.00      5.68    12     36.16      0.00      5.46
 1494581996.70     0     34.64      0.00      5.66    12     36.24      0.00      5.39
 1494581996.80     0     34.34      0.00      5.66    12     36.23      0.00      5.50
 1494581996.90     0     34.64      0.00      5.74    12     36.15      0.00      5.43
 1494581997.00     0     34.81      0.00      5.69    12     36.22      0.00      5.44
 1494581997.10     0     35.06      0.00      5.72    12     36.15      0.00      5.46
 1494581997.20     0     34.25      0.00      5.49    12     35.35      0.00      5.31
 1494581997.30     0     34.75      0.00      5.69    12     36.55      0.00      5.49
 1494581997.40     0     34.71      0.00      5.67    12     35.83      0.00      5.45
 1494581997.50     0     34.66      0.00      5.62    12     36.56      0.00      5.51
 1494581997.60     0     34.64      0.00      5.64    12     36.14      0.00      5.42
 1494581997.70     0     34.71      0.00      5.60    12     36.21      0.00      5.38
 1494581997.80     0     34.68      0.00      5.77    12     36.22      0.00      5.47
 1494581997.90     0     34.71      0.00      5.84    12     36.15      0.00      5.43
 1494581998.00     0     34.73      0.00      5.77    12     36.28      0.00      5.51
 1494581998.10     0     34.68      0.00      5.65    12     36.23      0.00      5.48
 1494581998.20     0     34.53      0.00      5.64    12     36.01      0.00      5.42
 1494581998.31     0     34.65      0.00      5.70    12     36.24      0.00      5.37
 1494581998.41     0     34.68      0.00      5.68    12     36.24      0.00      5.43
 1494581998.51     0     34.58      0.00      5.71    12     36.13      0.00      5.47
 1494581998.61     0     34.67      0.00      5.62    12     36.08      0.00      5.43
 1494581998.71     0     34.74      0.00      5.68    12     36.22      0.00      5.41
 1494581998.81     0     34.69      0.00      5.71    12     36.21      0.00      5.49
 1494581998.91     0     34.76      0.00      5.61    12     36.25      0.00      5.44
 1494581999.01     0     34.73      0.00      5.76    12     36.16      0.00      5.45
 1494581999.11     0     34.72      0.00      5.69    12     36.19      0.00      5.44
 1494581999.21     0     34.63      0.00      5.68    12     36.10      0.00      5.42
 1494581999.31     0     34.54      0.00      5.64    12     36.04      0.00      5.41
 1494581999.41     0     34.66      0.00      5.71    12     36.27      0.00      5.49
 1494581999.51     0     34.76      0.00      5.63    12     36.14      0.00      5.43
 1494581999.61     0     34.65      0.00      5.69    12     36.20      0.00      5.49
 1494581999.71     0     34.66      0.00      5.65    12     36.25      0.00      5.45
 1494581999.81     0     34.69      0.00      5.61    12     36.17      0.00      5.48
 1494581999.91     0     34.77      0.00      5.67    12     36.23      0.00      5.44
 1494582000.01     0     34.63      0.00      5.70    12     36.18      0.00      5.46
 1494582000.11     0     34.83      0.00      5.72    12     36.18      0.00      5.53
 1494582000.21     0     34.82      0.00      5.59    12     36.28      0.00      5.45
 1494582000.31     0     34.79      0.00      5.66    12     36.20      0.00      5.37
 1494582000.41     0     34.67      0.00      5.68    12     36.17      0.00      5.45
 1494582000.51     0     34.69      0.00      5.70    12     36.24      0.00      5.45
 1494582000.61     0     34.71      0.00      5.68    12     36.20      0.00      5.41
 1494582000.71     0     34.67      0.00      5.65    12     36.21      0.00      5.38
 1494582000.81     0     34.62      0.00      5.61    12     36.23      0.00      5.44
 1494582000.91     0     34.71      0.00      5.65    12     36.23      0.00      5.40
 1494582001.01     0     34.81      0.00      5.63    12     36.11      0.00      5.44
 1494582001.11     0     34.57      0.00      5.73    12     35.98      0.00      5.43
 1494582001.21     0     34.75      0.00      5.70    12     36.10      0.00      5.45
 1494582001.31     0     34.70      0.00      5.64    12     36.23      0.00      5.37
 1494582001.41     0     34.48      0.00      5.55    12     35.87      0.00      5.32
 1494582001.51     0     34.45      0.00      5.55    12     35.36      0.00      5.34
 1494582001.61     0     34.67      0.00      5.69    12     36.09      0.00      5.45
 1494582001.71     0     34.54      0.00      5.64    12     35.98      0.00      5.41
 1494582001.81     0     34.67      0.00      5.65    12     36.17      0.00      5.43
 1494582001.91     0     34.07      0.00      5.44    12     35.18      0.00      5.33
 1494582002.01     0     33.67      0.00      5.80    12     35.25      0.00      5.64
 1494582002.11     0     34.16      0.00      5.48    12     35.23      0.00      5.35
 1494582002.21     0     34.59      0.00      5.83    12     36.23      0.00      5.44
 1494582002.31     0     34.53      0.00      5.79    12     36.20      0.00      5.47
 1494582002.41     0     34.68      0.00      5.71    12     36.18      0.00      5.48
 1494582002.51     0     34.72      0.00      5.69    12     36.24      0.00      5.47
 1494582002.61     0     34.63      0.00      5.75    12     36.17      0.00      5.46
 1494582002.71     0     34.96      0.00      5.81    12     36.23      0.00      5.42
 1494582002.81     0     34.57      0.00      5.69    12     36.16      0.00      5.44
 1494582002.91     0     34.23      0.00      5.70    12     36.21      0.00      5.50
 1494582003.01     0     34.93      0.00      5.74    12     36.17      0.00      5.46
 1494582003.11     0     34.34      0.00      5.60    12     36.54      0.00      5.55
 1494582003.21     0     34.94      0.00      5.80    12     35.89      0.00      5.45
 1494582003.31     0     34.70      0.00      5.77    12     36.53      0.00      5.52
 1494582003.41     0     34.57      0.00      5.72    12     35.91      0.00      5.38
 1494582003.51     0     34.61      0.00      5.68    12     36.17      0.00      5.43
 1494582003.61     0     34.58      0.00      5.68    12     36.55      0.00      5.50
 1494582003.71     0     34.61      0.00      5.60    12     36.20      0.00      5.44
 1494582003.81     0     34.64      0.00      5.72    12     35.86      0.00      5.40
 1494582003.91     0     34.56      0.00      5.65    12     36.60      0.00      5.46
 1494582004.01     0     34.56      0.00      5.71    12     36.12      0.00      5.46
 1494582004.11     0     34.74      0.00      5.64    12     36.27      0.00      5.42
 1494582004.21     0     34.53      0.00      5.72    12     35.68      0.00      5.38
 1494582004.31     0     34.55      0.00      5.83    12     36.61      0.00      5.55
 1494582004.41     0     34.66      0.00      5.67    12     36.18      0.00      5.45
 1494582004.51     0     34.64      0.00      5.64    12     36.07      0.00      5.40
 1494582004.61     0     34.66      0.00      5.74    12     36.18      0.00      5.49
 1494582004.71     0     34.68      0.00      5.64    12     36.26      0.00      5.41
 1494582004.81     0     34.70      0.00      5.68    12     36.19      0.00      5.40
 1494582004.91     0     34.59      0.00      5.66    12     36.16      0.00      5.42
 1494582005.01     0     34.60      0.00      5.65    12     36.21      0.00      5.43
 1494582005.11     0     34.49      0.00      5.69    12     35.93      0.00      5.48
 1494582005.21     0     34.60      0.00      5.67    12     36.21      0.00      5.43
 1494582005.31     0     34.71      0.00      5.65    12     36.16      0.00      5.52
 1494582005.41     0     34.71      0.00      5.83    12     36.25      0.00      5.53
 1494582005.51     0     34.55      0.00      5.59    12     36.20      0.00      5.44
 1494582005.61     0     34.55      0.00      5.74    12     36.19      0.00      5.43
 1494582005.71     0     34.58      0.00      5.69    12     36.22      0.00      5.46
 1494582005.81     0     34.61      0.00      5.68    12     36.17      0.00      5.49
 1494582005.91     0     34.73      0.00      5.63    12     36.21      0.00      5.40
 1494582006.01     0     34.62      0.00      5.68    12     36.25      0.00      5.45
 1494582006.11     0     34.61      0.00      5.69    12     36.22      0.00      5.43
 1494582006.21     0     34.47      0.00      5.68    12     35.97      0.00      5.41
 1494582006.31     0     34.67      0.00      5.65    12     36.20      0.00      5.43
 1494582006.41     0     34.57      0.00      5.76    12     36.20      0.00      5.47
 1494582006.51     0     34.80      0.00      5.73    12     36.22      0.00      5.47
 1494582006.61     0     34.63      0.00      5.66    12     36.19      0.00      5.40
 1494582006.71     0     34.61      0.00      5.70    12     36.14      0.00      5.46
 1494582006.81     0     34.63      0.00      5.68    12     36.22      0.00      5.42
 1494582006.91     0     34.57      0.00      5.66    12     36.13      0.00      5.40
 1494582007.01     0     34.69      0.00      5.62    12     36.19      0.00      5.51
 1494582007.11     0     34.71      0.00      5.68    12     36.25      0.00      5.48
 1494582007.21     0     34.55      0.00      5.72    12     36.08      0.00      5.50
 1494582007.31     0     34.73      0.00      5.66    12     36.23      0.00      5.44
 1494582007.42     0     34.49      0.00      5.78    12     36.15      0.00      5.49
 1494582007.52     0     34.61      0.00      5.75    12     36.27      0.00      5.46
 1494582007.62     0     34.70      0.00      5.72    12     36.19      0.00      5.49
 1494582007.72     0     34.71      0.00      5.68    12     36.19      0.00      5.47
 1494582007.82     0     34.74      0.00      5.66    12     36.18      0.00      5.45
 1494582007.92     0     34.61      0.00      5.62    12     36.13      0.00      5.45
 1494582008.02     0     34.62      0.00      5.69    12     36.21      0.00      5.47
 1494582008.12     0     34.69      0.00      5.72    12     36.21      0.00      5.42
 1494582008.22     0     34.64      0.00      5.68    12     36.17      0.00      5.43
 1494582008.32     0     34.59      0.00      5.67    12     36.17      0.00      5.43
 1494582008.42     0     34.56      0.00      5.69    12     36.19      0.00      5.49
 1494582008.52     0     34.67      0.00      5.81    12     36.25      0.00      5.46
 1494582008.62     0     34.66      0.00      5.73    12     36.16      0.00      5.46
 1494582008.72     0     34.74      0.00      5.67    12     36.21      0.00      5.42
 1494582008.82     0     34.63      0.00      5.74    12     36.20      0.00      5.48
 1494582008.92     0     34.70      0.00      5.66    12     36.19      0.00      5.49
 1494582009.02     0     34.68      0.00      5.64    12     36.21      0.00      5.37
 1494582009.12     0     34.62      0.00      5.63    12     36.01      0.00      5.40
 1494582009.22     0     34.65      0.00      5.67    12     36.08      0.00      5.36
 1494582009.32     0     34.65      0.00      5.69    12     36.24      0.00      5.47
 1494582009.42     0     34.76      0.00      5.69    12     36.25      0.00      5.48
 1494582009.52     0     34.62      0.00      5.67    12     36.18      0.00      5.48
 1494582009.62     0     34.99      0.00      5.80    12     36.28      0.00      5.58
 1494582009.72     0     34.38      0.00      5.65    12     36.23      0.00      5.53
 1494582009.82     0     34.62      0.00      5.67    12     36.11      0.00      5.52
 1494582009.92     0     34.74      0.00      5.71    12     36.30      0.00      5.54
 1494582010.02     0     34.93      0.00      5.71    12     36.12      0.00      5.52
 1494582010.12     0     34.70      0.00      5.68    12     36.27      0.00      5.51
 1494582010.22     0     34.69      0.00      5.63    12     36.51      0.00      5.52
 1494582010.32     0     34.65      0.00      5.69    12     36.18      0.00      5.52
 1494582010.42     0     34.66      0.00      5.68    12     36.25      0.00      5.55
 1494582010.52     0     34.70      0.00      5.67    12     35.78      0.00      5.53
 1494582010.62     0     34.65      0.00      5.64    12     36.17      0.00      5.58
 1494582010.72     0     34.60      0.00      5.78    12     36.56      0.00      5.58
 1494582010.82     0     34.65      0.00      5.57    12     36.19      0.00      5.53
 1494582010.92     0     34.69      0.00      5.63    12     36.23      0.00      5.49
 1494582011.02     0     34.66      0.00      5.61    12     36.12      0.00      5.59
 1494582011.12     0     34.72      0.00      5.66    12     36.22      0.00      5.59
 1494582011.22     0     34.69      0.00      5.60    12     36.19      0.00      5.50
 1494582011.32     0     34.65      0.00      5.60    12     36.22      0.00      5.52
 1494582011.42     0     34.73      0.00      5.63    12     36.24      0.00      5.53
 1494582011.52     0     34.58      0.00      5.59    12     36.12      0.00      5.49
 1494582011.62     0     34.81      0.00      5.60    12     36.23      0.00      5.62
 1494582011.72     0     34.68      0.00      5.77    12     36.21      0.00      5.53
 1494582011.82     0     34.61      0.00      5.65    12     36.17      0.00      5.59
 1494582011.92     0     34.76      0.00      5.68    12     36.25      0.00      5.56
 1494582012.02     0     34.63      0.00      5.60    12     36.13      0.00      5.49
 1494582012.12     0     34.60      0.00      5.63    12     36.09      0.00      5.53
 1494582012.22     0     34.67      0.00      5.68    12     36.17      0.00      5.55
 1494582012.32     0     34.69      0.00      5.66    12     36.19      0.00      5.52
 1494582012.42     0     34.67      0.00      5.61    12     36.18      0.00      5.51
 1494582012.52     0     34.68      0.00      5.62    12     36.17      0.00      5.57
 1494582012.62     0     34.62      0.00      5.61    12     36.19      0.00      5.58
 1494582012.72     0     34.66      0.00      5.72    12     36.27      0.00      5.54
 1494582012.82     0     34.58      0.00      5.62    12     36.16      0.00      5.50
 1494582012.92     0     34.63      0.00      5.68    12     36.24      0.00      5.52
 1494582013.02     0     34.66      0.00      5.61    12     36.21      0.00      5.43
 1494582013.12     0     34.68      0.00      5.56    12     36.19      0.00      5.58
 1494582013.22     0     34.74      0.00      5.67    12     36.20      0.00      5.50
 1494582013.32     0     34.69      0.00      5.67    12     36.16      0.00      5.57
 1494582013.42     0     34.66      0.00      5.68    12     36.25      0.00      5.54
 1494582013.52     0     34.69      0.00      5.61    12     36.16      0.00      5.49
 1494582013.62     0     34.64      0.00      5.56    12     36.18      0.00      5.53
 1494582013.72     0     34.63      0.00      5.62    12     36.15      0.00      5.51
 1494582013.82     0     34.62      0.00      5.76    12     36.24      0.00      5.60
 1494582013.92     0     34.71      0.00      5.65    12     36.20      0.00      5.54
 1494582014.02     0     34.59      0.00      5.61    12     36.11      0.00      5.44
 1494582014.12     0     34.68      0.00      5.67    12     36.21      0.00      5.52
 1494582014.22     0     34.05      0.00      5.46    12     35.22      0.00      5.43
 1494582014.32     0     34.62      0.00      5.66    12     36.11      0.00      5.56
 1494582014.42     0     34.74      0.00      5.58    12     36.24      0.00      5.58
 1494582014.52     0     34.66      0.00      5.61    12     36.15      0.00      5.51
 1494582014.62     0     34.70      0.00      5.73    12     36.21      0.00      5.55
 1494582014.72     0     34.70      0.00      5.68    12     36.19      0.00      5.54
 1494582014.82     0     34.69      0.00      5.77    12     36.15      0.00      5.61
 1494582014.92     0     34.73      0.00      5.67    12     36.35      0.00      5.54
 1494582015.02     0     34.65      0.00      5.69    12     36.21      0.00      5.51
 1494582015.12     0     34.65      0.00      5.57    12     36.17      0.00      5.57
 1494582015.22     0     34.68      0.00      5.63    12     36.23      0.00      5.49
 1494582015.32     0     34.70      0.00      5.60    12     36.22      0.00      5.48
 1494582015.42     0     34.61      0.00      5.64    12     36.23      0.00      5.54
 1494582015.52     0     34.72      0.00      5.66    12     36.24      0.00      5.58
 1494582015.62     0     34.64      0.00      5.57    12     36.10      0.00      5.51
 1494582015.72     0     34.70      0.00      5.68    12     36.27      0.00      5.59
 1494582015.82     0     34.74      0.00      5.62    12     36.24      0.00      5.57
 1494582015.92     0     34.67      0.00      5.76    12     36.23      0.00      5.53
 1494582016.02     0     34.74      0.00      5.68    12     36.23      0.00      5.58
 1494582016.12     0     34.67      0.00      5.57    12     36.16      0.00      5.54
 1494582016.22     0     34.62      0.00      5.71    12     36.08      0.00      5.64
 1494582016.32     0     34.72      0.00      5.60    12     36.13      0.00      5.55
 1494582016.42     0     34.70      0.00      5.68    12     36.22      0.00      5.55
 1494582016.52     0     34.71      0.00      5.72    12     36.23      0.00      5.59
 1494582016.63     0     34.71      0.00      5.64    12     36.24      0.00      5.48
 1494582016.73     0     34.72      0.00      5.61    12     36.24      0.00      5.56
 1494582016.83     0     34.78      0.00      5.63    12     36.19      0.00      5.50
 1494582016.93     0     34.64      0.00      5.71    12     36.26      0.00      5.63
 1494582017.03     0     34.78      0.00      5.71    12     36.20      0.00      5.55
 1494582017.13     0     34.71      0.00      5.63    12     36.17      0.00      5.57
 1494582017.23     0     34.47      0.00      5.63    12     35.82      0.00      5.55
 1494582017.33     0     34.69      0.00      5.65    12     36.23      0.00      5.59
 1494582017.43     0     34.78      0.00      5.58    12     36.23      0.00      5.55
 1494582017.53     0     34.67      0.00      5.70    12     36.20      0.00      5.57
 1494582017.63     0     34.64      0.00      5.59    12     36.14      0.00      5.56
 1494582017.73     0     35.06      0.00      5.70    12     36.27      0.00      5.62
 1494582017.83     0     34.36      0.00      5.55    12     36.27      0.00      5.53
 1494582017.93     0     34.75      0.00      5.61    12     36.20      0.00      5.62
 1494582018.03     0     35.00      0.00      5.79    12     36.19      0.00      5.59
 1494582018.13     0     34.62      0.00      5.68    12     36.26      0.00      5.59
 1494582018.23     0     34.73      0.00      5.64    12     36.21      0.00      5.56
 1494582018.33     0     34.67      0.00      5.61    12     36.52      0.00      5.56
 1494582018.43     0     34.72      0.00      5.65    12     35.85      0.00      5.51
 1494582018.53     0     34.65      0.00      5.61    12     36.43      0.00      5.59
 1494582018.63     0     34.69      0.00      5.58    12     36.17      0.00      5.50
 1494582018.73     0     34.68      0.00      5.67    12     36.18      0.00      5.63
 1494582018.83     0     34.69      0.00      5.65    12     36.30      0.00      5.57
 1494582018.93     0     34.70      0.00      5.62    12     36.19      0.00      5.60
 1494582019.03     0     34.70      0.00      5.62    12     36.20      0.00      5.58
 1494582019.13     0     34.69      0.00      5.75    12     36.20      0.00      5.57
 1494582019.23     0     34.61      0.00      5.64    12     36.13      0.00      5.57
 1494582019.33     0     34.74      0.00      5.69    12     36.26      0.00      5.61
 1494582019.43     0     34.64      0.00      5.61    12     36.17      0.00      5.59
 1494582019.53     0     34.74      0.00      5.69    12     36.24      0.00      5.61
 1494582019.63     0     34.75      0.00      5.62    12     36.17      0.00      5.54
 1494582019.73     0     34.70      0.00      5.66    12     36.22      0.00      5.62
 1494582019.83     0     34.69      0.00      5.64    12     36.28      0.00      5.54
 1494582019.93     0     34.67      0.00      5.62    12     36.16      0.00      5.51
 1494582020.03     0     34.70      0.00      5.63    12     36.14      0.00      5.57
 1494582020.13     0     34.66      0.00      5.70    12     36.14      0.00      5.62
 1494582020.23     0     34.68      0.00      5.70    12     36.21      0.00      5.57
 1494582020.33     0     34.77      0.00      5.63    12     36.22      0.00      5.56
 1494582020.43     0     34.73      0.00      5.66    12     36.24      0.00      5.63
 1494582020.53     0     34.68      0.00      5.68    12     36.19      0.00      5.64
 1494582020.63     0     34.66      0.00      5.61    12     36.17      0.00      5.58
 1494582020.73     0     34.69      0.00      5.63    12     36.27      0.00      5.56
 1494582020.83     0     34.72      0.00      5.66    12     36.15      0.00      5.57
 1494582020.93     0     34.63      0.00      5.68    12     36.16      0.00      5.55
 1494582021.03     0     34.66      0.00      5.63    12     36.30      0.00      5.58
 1494582021.13     0     34.79      0.00      5.66    12     36.37      0.00      5.61
 1494582021.23     0     34.70      0.00      5.74    12     36.18      0.00      5.61
 1494582021.33     0     34.67      0.00      5.61    12     36.18      0.00      5.57
 1494582021.43     0     34.65      0.00      5.66    12     36.20      0.00      5.51
 1494582021.53     0     34.76      0.00      5.55    12     36.25      0.00      5.62
 1494582021.63     0     34.65      0.00      5.63    12     36.17      0.00      5.57
 1494582021.73     0     34.75      0.00      5.67    12     36.24      0.00      5.62
 1494582021.83     0     34.73      0.00      5.59    12     36.20      0.00      5.58
 1494582021.93     0     34.67      0.00      5.57    12     36.21      0.00      5.51
 1494582022.03     0     34.70      0.00      5.65    12     36.22      0.00      5.64
 1494582022.13     0     34.68      0.00      5.62    12     36.14      0.00      5.57
 1494582022.23     0     34.70      0.00      5.67    12     36.18      0.00      5.65
 1494582022.33     0     34.75      0.00      5.73    12     36.24      0.00      5.65
 1494582022.43     0     34.69      0.00      5.56    12     36.18      0.00      5.60
 1494582022.53     0     34.71      0.00      5.62    12     36.29      0.00      5.58
 1494582022.63     0     34.68      0.00      5.67    12     36.18      0.00      5.60
 1494582022.73     0     34.65      0.00      5.65    12     36.21      0.00      5.56
 1494582022.83     0     34.65      0.00      5.61    12     36.10      0.00      5.61
 1494582022.93     0     34.70      0.00      5.63    12     36.30      0.00      5.61
 1494582023.03     0     34.67      0.00      5.68    12     36.17      0.00      5.57
 1494582023.13     0     34.78      0.00      5.63    12     36.31      0.00      5.65
 1494582023.23     0     34.18      0.00      5.49    12     35.52      0.00      5.51
 1494582023.33     0     34.64      0.00      5.76    12     36.18      0.00      5.54
 1494582023.43     0     34.75      0.00      5.60    12     36.18      0.00      5.61
 1494582023.53     0     34.74      0.00      5.65    12     36.25      0.00      5.60
 1494582023.63     0     34.70      0.00      5.67    12     36.17      0.00      5.60
 1494582023.73     0     34.72      0.00      5.64    12     36.27      0.00      5.61
 1494582023.83     0     34.71      0.00      5.59    12     36.21      0.00      5.66
 1494582023.93     0     34.70      0.00      5.64    12     36.12      0.00      5.62
 1494582024.03     0     34.62      0.00      5.68    12     36.18      0.00      5.62
 1494582024.13     0     34.74      0.00      5.62    12     36.33      0.00      5.61
 1494582024.23     0     34.64      0.00      5.61    12     35.97      0.00      5.58
 1494582024.33     0     34.39      0.00      5.60    12     35.84      0.00      5.55
 1494582024.43     0     34.74      0.00      5.67    12     36.36      0.00      5.59
 1494582024.53     0     34.69      0.00      5.66    12     36.18      0.00      5.58
 1494582024.63     0     34.70      0.00      5.60    12     36.20      0.00      5.54
 1494582024.73     0     34.67      0.00      5.65    12     36.12      0.00      5.52
 1494582024.83     0     34.68      0.00      5.57    12     36.21      0.00      5.60
 1494582024.93     0     34.67      0.00      5.55    12     36.20      0.00      5.53
 1494582025.03     0     34.69      0.00      5.61    12     36.21      0.00      5.64
 1494582025.13     0     35.07      0.00      5.68    12     36.24      0.00      5.57
 1494582025.23     0     34.38      0.00      5.56    12     36.23      0.00      5.59
 1494582025.33     0     34.78      0.00      5.60    12     36.14      0.00      5.67
 1494582025.43     0     35.01      0.00      5.84    12     36.34      0.00      5.61
 1494582025.53     0     34.37      0.00      5.53    12     36.23      0.00      5.51
 1494582025.63     0     35.09      0.00      5.62    12     36.29      0.00      5.62
 1494582025.73     0     34.63      0.00      5.68    12     36.22      0.00      5.64
 1494582025.83     0     34.72      0.00      5.63    12     36.29      0.00      5.55
 1494582025.94     0     34.68      0.00      5.60    12     36.53      0.00      5.64
 1494582026.04     0     34.70      0.00      5.63    12     36.33      0.00      5.61
 1494582026.14     0     34.67      0.00      5.60    12     36.32      0.00      5.62
 1494582026.24     0     34.65      0.00      5.69    12     36.23      0.00      5.61
 1494582026.34     0     34.69      0.00      5.56    12     36.35      0.00      5.57
 1494582026.44     0     34.77      0.00      5.68    12     36.28      0.00      5.63
 1494582026.54     0     34.67      0.00      5.76    12     36.27      0.00      5.67
 1494582026.64     0     34.70      0.00      5.60    12     36.09      0.00      5.60
 1494582026.74     0     34.70      0.00      5.64    12     36.36      0.00      5.54
 1494582026.84     0     34.76      0.00      5.62    12     36.29      0.00      5.63
 1494582026.94     0     34.66      0.00      5.62    12     36.24      0.00      5.58
 1494582027.04     0     34.71      0.00      5.61    12     36.17      0.00      5.51
 1494582027.14     0     34.69      0.00      5.65    12     36.10      0.00      5.58
 1494582027.24     0     34.34      0.00      5.53    12     35.66      0.00      5.52
 1494582027.34     0     34.68      0.00      5.59    12     36.14      0.00      5.62
 1494582027.44     0     34.79      0.00      5.62    12     36.30      0.00      5.62
 1494582027.54     0     34.74      0.00      5.77    12     36.25      0.00      5.59
 1494582027.64     0     34.65      0.00      5.68    12     36.28      0.00      5.61
 1494582027.74     0     34.67      0.00      5.64    12     36.18      0.00      5.60
 1494582027.84     0     34.70      0.00      5.63    12     36.27      0.00      5.56
 1494582027.94     0     34.72      0.00      5.67    12     36.31      0.00      5.62
 1494582028.04     0     34.67      0.00      5.72    12     36.30      0.00      5.63
 1494582028.14     0     34.70      0.00      5.59    12     36.32      0.00      5.55
 1494582028.24     0     34.71      0.00      5.64    12     36.27      0.00      5.61
 1494582028.34     0     34.70      0.00      5.62    12     36.32      0.00      5.59
 1494582028.44     0     34.72      0.00      5.65    12     36.31      0.00      5.57
 1494582028.54     0     34.72      0.00      5.63    12     36.32      0.00      5.63
 1494582028.64     0     34.66      0.00      5.77    12     36.33      0.00      5.65
 1494582028.74     0     34.70      0.00      5.62    12     36.28      0.00      5.62
 1494582028.84     0     34.66      0.00      5.67    12     36.29      0.00      5.63
 1494582028.94     0     34.71      0.00      5.63    12     36.30      0.00      5.59
 1494582029.04     0     34.63      0.00      5.67    12     36.21      0.00      5.62
 1494582029.14     0     34.65      0.00      5.63    12     36.21      0.00      5.59
 1494582029.24     0     34.71      0.00      5.67    12     36.31      0.00      5.66
 1494582029.34     0     34.70      0.00      5.62    12     36.21      0.00      5.57
 1494582029.44     0     34.69      0.00      5.67    12     36.14      0.00      5.60
 1494582029.54     0     34.64      0.00      5.52    12     36.29      0.00      5.60
 1494582029.64     0     34.67      0.00      5.64    12     36.30      0.00      5.58
 1494582029.74     0     34.71      0.00      5.79    12     36.30      0.00      5.56
 1494582029.84     0     34.63      0.00      5.57    12     36.23      0.00      5.52
 1494582029.94     0     34.69      0.00      5.63    12     36.31      0.00      5.62
 1494582030.04     0     34.69      0.00      5.62    12     36.31      0.00      5.55
 1494582030.14     0     34.62      0.00      5.60    12     36.18      0.00      5.65
 1494582030.24     0     34.72      0.00      5.62    12     36.31      0.00      5.55
 1494582030.34     0     34.67      0.00      5.64    12     36.28      0.00      5.67
 1494582030.44     0     34.72      0.00      5.58    12     36.32      0.00      5.63
 1494582030.54     0     34.69      0.00      5.58    12     36.36      0.00      5.61
 1494582030.64     0     34.68      0.00      5.66    12     36.30      0.00      5.65
 1494582030.74     0     34.71      0.00      5.64    12     36.31      0.00      5.62
 1494582030.84     0     34.67      0.00      5.71    12     36.29      0.00      5.62
 1494582030.94     0     34.66      0.00      5.56    12     36.25      0.00      5.62
 1494582031.04     0     34.65      0.00      5.63    12     36.28      0.00      5.61
 1494582031.14     0     34.66      0.00      5.65    12     36.21      0.00      5.58
 1494582031.24     0     34.70      0.00      5.60    12     36.35      0.00      5.55
 1494582031.34     0     34.62      0.00      5.57    12     36.27      0.00      5.55
 1494582031.44     0     34.66      0.00      5.67    12     36.31      0.00      5.64
 1494582031.54     0     34.72      0.00      5.62    12     36.31      0.00      5.62
 1494582031.64     0     34.69      0.00      5.63    12     36.33      0.00      5.61
 1494582031.74     0     34.78      0.00      5.63    12     36.37      0.00      5.60
 1494582031.84     0     34.65      0.00      5.72    12     36.33      0.00      5.60
 1494582031.94     0     34.63      0.00      5.64    12     36.26      0.00      5.62
 1494582032.04     0     34.69      0.00      5.59    12     36.30      0.00      5.53
 1494582032.14     0     35.04      0.00      5.58    12     36.29      0.00      5.62
 1494582032.24     0     34.71      0.00      5.73    12     36.38      0.00      5.63
 1494582032.34     0     34.68      0.00      5.62    12     36.33      0.00      5.59
 1494582032.44     0     34.68      0.00      5.64    12     36.30      0.00      5.56
 1494582032.54     0     34.72      0.00      5.48    12     36.30      0.00      5.56
 1494582032.64     0     34.67      0.00      5.69    12     36.62      0.00      5.66
 1494582032.74     0     34.70      0.00      5.65    12     36.34      0.00      5.67
 1494582032.84     0     34.79      0.00      5.68    12     35.94      0.00      5.59
 1494582032.94     0     34.68      0.00      5.69    12     36.75      0.00      5.71
 1494582033.04     0     34.69      0.00      5.64    12     35.90      0.00      5.58
 1494582033.14     0     34.66      0.00      5.61    12     36.62      0.00      5.61
 1494582033.24     0     34.47      0.00      5.53    12     35.97      0.00      5.49
 1494582033.34     0     34.55      0.00      5.63    12     36.08      0.00      5.62
 1494582033.44     0     34.67      0.00      5.61    12     36.35      0.00      5.60
 1494582033.54     0     34.68      0.00      5.58    12     36.22      0.00      5.64
 1494582033.64     0     34.64      0.00      5.62    12     36.24      0.00      5.51
 1494582033.74     0     34.67      0.00      5.65    12     36.31      0.00      5.66
 1494582033.84     0     34.72      0.00      5.60    12     36.26      0.00      5.64
 1494582033.94     0     34.64      0.00      5.80    12     35.97      0.00      5.57
 1494582034.04     0     34.62      0.00      5.70    12     36.55      0.00      5.66
 1494582034.14     0     34.63      0.00      5.56    12     36.33      0.00      5.54
 1494582034.24     0     34.69      0.00      5.65    12     36.29      0.00      5.64
 1494582034.34     0     34.64      0.00      5.70    12     36.25      0.00      5.64
 1494582034.44     0     34.69      0.00      5.54    12     36.37      0.00      5.55
 1494582034.54     0     34.64      0.00      5.61    12     36.28      0.00      5.60
 1494582034.64     0     34.67      0.00      5.59    12     36.28      0.00      5.62
 1494582034.74     0     34.71      0.00      5.62    12     36.32      0.00      5.61
 1494582034.84     0     34.70      0.00      5.60    12     36.26      0.00      5.65
 1494582034.94     0     34.67      0.00      5.67    12     36.29      0.00      5.64
 1494582035.04     0     34.68      0.00      5.67    12     36.37      0.00      5.60
 1494582035.15     0     34.65      0.00      5.61    12     36.25      0.00      5.57
 1494582035.25     0     34.65      0.00      5.70    12     36.30      0.00      5.67
 1494582035.35     0     34.65      0.00      5.66    12     36.29      0.00      5.63
 1494582035.45     0     34.66      0.00      5.62    12     36.29      0.00      5.58
 1494582035.55     0     34.67      0.00      5.59    12     36.30      0.00      5.53
 1494582035.65     0     34.70      0.00      5.62    12     36.30      0.00      5.65
 1494582035.75     0     34.69      0.00      5.62    12     36.30      0.00      5.61
 1494582035.85     0     34.64      0.00      5.58    12     36.33      0.00      5.61
 1494582035.95     0     34.70      0.00      5.62    12     36.28      0.00      5.63
 1494582036.05     0     34.63      0.00      5.73    12     36.34      0.00      5.59
 1494582036.15     0     34.58      0.00      5.64    12     36.25      0.00      5.56
 1494582036.25     0     34.64      0.00      5.61    12     36.32      0.00      5.60
 1494582036.35     0     34.64      0.00      5.60    12     36.33      0.00      5.61
 1494582036.45     0     34.63      0.00      5.55    12     36.31      0.00      5.57
 1494582036.55     0     34.68      0.00      5.62    12     36.26      0.00      5.59
 1494582036.65     0     34.66      0.00      5.59    12     36.28      0.00      5.59
 1494582036.75     0     34.68      0.00      5.56    12     36.34      0.00      5.55
 1494582036.85     0     34.67      0.00      5.60    12     36.28      0.00      5.60
 1494582036.95     0     34.68      0.00      5.63    12     36.33      0.00      5.64
 1494582037.05     0     32.60      0.00      4.80    12     32.60      0.00      5.01
 1494582037.15     0     21.84      0.00      4.41    12     24.22      0.00      4.34
 1494582037.25     0     13.42      0.00      2.06    12     16.62      0.00      2.37
 1494582037.35     0     12.45      0.00      1.96    12     15.70      0.00      2.32
 1494582037.45     0     17.77      0.00      3.03    12     20.95      0.00      3.81
 1494582037.55     0     16.49      0.00      2.86    12     20.21      0.00      3.68
 1494582037.65     0     13.69      0.00      2.05    12     15.73      0.00      2.37
 1494582037.75     0     19.16      0.00      3.93    12     21.39      0.00      3.89
