         #Time  Core     P_PKG     P_PP0    P_DRAM  Core     P_PKG     P_PP0    P_DRAM
 1494866108.16     0     20.23      0.00      4.30    12     21.95      0.00      4.43
 1494866108.26     0     37.56      0.00     12.34    12     38.86      0.00     12.89
 1494866108.36     0     47.92      0.00     12.60    12     51.71      0.00     13.79
 1494866108.47     0     45.31      0.00      8.94    12     49.09      0.00      9.92
 1494866108.57     0     55.39      0.00     11.38    12     56.28      0.00     11.81
 1494866108.67     0     61.28      0.00     13.47    12     60.58      0.00     14.13
 1494866108.77     0     57.39      0.00     12.08    12     58.63      0.00     13.45
 1494866108.87     0     57.11      0.00     12.38    12     56.81      0.00     13.24
 1494866108.97     0     58.97      0.00     12.59    12     60.96      0.00     13.68
 1494866109.07     0     59.71      0.00     13.17    12     59.53      0.00     14.06
 1494866109.17     0     56.00      0.00     11.25    12     57.32      0.00     12.13
 1494866109.27     0     58.07      0.00     13.16    12     58.33      0.00     13.98
 1494866109.37     0     57.36      0.00     11.62    12     57.45      0.00     12.47
 1494866109.47     0     61.42      0.00     13.12    12     62.48      0.00     14.24
 1494866109.57     0     58.69      0.00     12.37    12     58.82      0.00     13.03
 1494866109.67     0     53.47      0.00     10.89    12     54.35      0.00     11.47
 1494866109.77     0     57.79      0.00     12.47    12     57.63      0.00     12.64
 1494866109.87     0     56.50      0.00     12.48    12     57.64      0.00     13.47
 1494866109.97     0     59.47      0.00     12.28    12     58.74      0.00     12.97
 1494866110.07     0     56.81      0.00     12.25    12     55.87      0.00     13.28
 1494866110.17     0     60.54      0.00     13.65    12     61.90      0.00     14.26
 1494866110.28     0     51.20      0.00     10.70    12     53.50      0.00     11.25
 1494866110.38     0     58.55      0.00     13.07    12     58.85      0.00     13.79
 1494866110.48     0     58.73      0.00     12.36    12     58.93      0.00     13.65
 1494866110.58     0     58.64      0.00     12.55    12     57.99      0.00     13.09
 1494866110.68     0     59.87      0.00     12.25    12     59.43      0.00     13.26
 1494866110.78     0     57.14      0.00     12.52    12     57.30      0.00     12.43
 1494866110.88     0     52.86      0.00     10.85    12     51.76      0.00     11.64
 1494866110.98     0     57.98      0.00     12.94    12     58.55      0.00     13.95
 1494866111.08     0     57.54      0.00     11.19    12     56.09      0.00     11.98
 1494866111.18     0     58.81      0.00     13.44    12     59.75      0.00     14.47
 1494866111.28     0     54.50      0.00     12.62    12     60.05      0.00     13.22
 1494866111.38     0     59.48      0.00     12.03    12     56.64      0.00     12.70
 1494866111.48     0     58.99      0.00     12.31    12     59.34      0.00     13.36
 1494866111.58     0     56.98      0.00     12.09    12     57.53      0.00     12.95
 1494866111.68     0     59.13      0.00     11.97    12     60.03      0.00     12.94
 1494866111.78     0     56.73      0.00     12.99    12     58.91      0.00     13.43
 1494866111.88     0     57.89      0.00     12.61    12     58.69      0.00     13.22
 1494866111.98     0     52.03      0.00     10.97    12     51.61      0.00     11.65
 1494866112.08     0     59.61      0.00     12.54    12     59.20      0.00     13.80
 1494866112.18     0     55.07      0.00     12.24    12     56.57      0.00     13.24
 1494866112.28     0     58.51      0.00     12.33    12     60.25      0.00     13.34
 1494866112.38     0     56.03      0.00     11.81    12     55.93      0.00     12.88
 1494866112.48     0     61.16      0.00     13.40    12     61.85      0.00     14.25
 1494866112.58     0     54.09      0.00     10.82    12     55.89      0.00     11.61
 1494866112.68     0     59.23      0.00     12.67    12     59.43      0.00     13.87
 1494866112.79     0     54.66      0.00     11.61    12     58.30      0.00     12.25
 1494866112.89     0     60.82      0.00     13.58    12     58.49      0.00     13.61
 1494866112.99     0     58.44      0.00     12.24    12     57.57      0.00     13.21
 1494866113.09     0     55.99      0.00     12.46    12     55.71      0.00     13.18
 1494866113.19     0     56.35      0.00     11.72    12     57.57      0.00     12.80
 1494866113.29     0     56.82      0.00     12.31    12     58.84      0.00     13.37
 1494866113.39     0     58.44      0.00     12.47    12     57.42      0.00     13.30
 1494866113.49     0     54.01      0.00     13.92    12     58.87      0.00     14.43
 1494866113.59     0     58.40      0.00     12.01    12     58.57      0.00     13.37
 1494866113.69     0     53.27      0.00     10.63    12     53.19      0.00     11.92
 1494866113.79     0     59.99      0.00     12.77    12     60.36      0.00     13.60
 1494866113.89     0     57.16      0.00     12.30    12     57.20      0.00     12.97
 1494866113.99     0     57.27      0.00     11.87    12     58.28      0.00     12.56
 1494866114.09     0     57.80      0.00     11.76    12     54.98      0.00     13.01
 1494866114.19     0     60.63      0.00     13.26    12     61.40      0.00     14.87
 1494866114.29     0     55.50      0.00     11.14    12     51.67      0.00     11.75
 1494866114.39     0     58.10      0.00     13.02    12     61.47      0.00     13.94
 1494866114.49     0     58.92      0.00     12.43    12     56.70      0.00     12.83
 1494866114.59     0     59.51      0.00     12.36    12     58.25      0.00     12.92
 1494866114.70     0     57.07      0.00     12.13    12     58.71      0.00     12.86
 1494866114.80     0     58.09      0.00     13.32    12     59.35      0.00     14.16
 1494866114.90     0     55.86      0.00     11.49    12     58.03      0.00     12.18
 1494866115.00     0     57.90      0.00     12.86    12     59.04      0.00     13.24
 1494866115.10     0     56.54      0.00     10.80    12     56.61      0.00     11.93
 1494866115.20     0     61.10      0.00     13.50    12     60.10      0.00     14.39
 1494866115.30     0     57.58      0.00     11.64    12     56.80      0.00     12.75
 1494866115.40     0     56.01      0.00     12.70    12     58.84      0.00     13.14
 1494866115.50     0     56.33      0.00     11.24    12     57.88      0.00     12.49
 1494866115.60     0     57.68      0.00     12.53    12     58.82      0.00     13.05
 1494866115.70     0     59.77      0.00     12.10    12     59.11      0.00     12.86
 1494866115.80     0     61.65      0.00     13.10    12     60.57      0.00     14.48
 1494866115.90     0     57.00      0.00     11.66    12     58.70      0.00     12.76
 1494866116.00     0     53.21      0.00     11.26    12     52.87      0.00     12.01
 1494866116.10     0     59.87      0.00     12.85    12     59.05      0.00     13.11
 1494866116.20     0     55.32      0.00     11.93    12     57.60      0.00     12.93
 1494866116.30     0     59.44      0.00     12.27    12     59.71      0.00     13.38
 1494866116.41     0     57.62      0.00     12.57    12     59.25      0.00     12.70
 1494866116.51     0     60.28      0.00     13.13    12     60.79      0.00     14.51
 1494866116.61     0     54.66      0.00     11.09    12     58.12      0.00     11.55
 1494866116.71     0     61.08      0.00     13.49    12     60.21      0.00     13.98
 1494866116.81     0     53.95      0.00     11.17    12     56.41      0.00     11.70
 1494866116.91     0     59.06      0.00     13.31    12     58.95      0.00     14.36
 1494866117.01     0     60.42      0.00     12.61    12     60.96      0.00     13.08
 1494866117.11     0     59.39      0.00     12.27    12     59.93      0.00     12.66
 1494866117.21     0     57.60      0.00     12.09    12     60.15      0.00     12.86
 1494866117.31     0     56.81      0.00     11.99    12     55.97      0.00     13.15
 1494866117.41     0     58.71      0.00     12.21    12     56.40      0.00     13.11
 1494866117.51     0     59.47      0.00     13.52    12     61.53      0.00     14.48
 1494866117.61     0     60.60      0.00     12.48    12     60.70      0.00     12.97
 1494866117.71     0     54.32      0.00     11.07    12     56.57      0.00     11.73
 1494866117.81     0     58.04      0.00     12.03    12     59.49      0.00     12.96
 1494866117.91     0     57.82      0.00     13.07    12     57.53      0.00     13.22
 1494866118.01     0     58.75      0.00     12.34    12     59.28      0.00     13.09
 1494866118.12     0     56.72      0.00     12.34    12     57.64      0.00     12.50
 1494866118.22     0     60.96      0.00     12.93    12     60.59      0.00     14.06
 1494866118.32     0     52.78      0.00     10.25    12     53.23      0.00     10.80
 1494866118.42     0     59.58      0.00     13.60    12     59.88      0.00     14.31
 1494866118.52     0     57.16      0.00     11.51    12     59.27      0.00     12.64
 1494866118.62     0     58.64      0.00     12.56    12     61.00      0.00     13.89
 1494866118.72     0     60.63      0.00     12.52    12     59.65      0.00     13.04
 1494866118.82     0     58.90      0.00     12.80    12     58.89      0.00     13.71
 1494866118.92     0     56.07      0.00     11.70    12     56.54      0.00     12.15
 1494866119.02     0     58.15      0.00     12.95    12     59.00      0.00     14.05
 1494866119.12     0     56.89      0.00     11.54    12     55.66      0.00     12.42
 1494866119.22     0     59.90      0.00     13.92    12     61.91      0.00     13.96
 1494866119.32     0     59.55      0.00     12.09    12     58.19      0.00     12.73
 1494866119.42     0     54.06      0.00     11.13    12     53.76      0.00     12.35
 1494866119.52     0     56.40      0.00     11.97    12     55.80      0.00     13.34
 1494866119.62     0     57.33      0.00     12.58    12     58.47      0.00     13.10
 1494866119.72     0     59.43      0.00     12.19    12     60.38      0.00     13.38
 1494866119.82     0     58.97      0.00     12.50    12     57.76      0.00     13.56
 1494866119.92     0     59.92      0.00     12.87    12     59.48      0.00     13.86
 1494866120.02     0     58.53      0.00     11.72    12     58.66      0.00     12.12
 1494866120.13     0     60.43      0.00     13.24    12     61.01      0.00     13.53
 1494866120.23     0     56.06      0.00     12.01    12     58.56      0.00     12.86
 1494866120.33     0     60.22      0.00     12.77    12     58.30      0.00     12.40
 1494866120.43     0     56.59      0.00     11.80    12     55.99      0.00     13.01
 1494866120.53     0     59.47      0.00     13.52    12     61.83      0.00     14.47
 1494866120.63     0     56.64      0.00     10.62    12     54.60      0.00     11.40
 1494866120.73     0     61.60      0.00     13.45    12     62.25      0.00     14.17
 1494866120.83     0     56.81      0.00     11.93    12     56.65      0.00     12.72
 1494866120.93     0     58.87      0.00     12.73    12     59.89      0.00     13.51
 1494866121.03     0     56.84      0.00     12.39    12     57.46      0.00     12.81
 1494866121.13     0     58.31      0.00     12.93    12     60.41      0.00     13.94
 1494866121.23     0     55.04      0.00     11.20    12     55.40      0.00     12.06
 1494866121.33     0     59.25      0.00     13.23    12     58.96      0.00     13.65
 1494866121.43     0     57.22      0.00     11.41    12     58.61      0.00     12.20
 1494866121.53     0     60.06      0.00     13.76    12     60.77      0.00     14.55
 1494866121.63     0     58.04      0.00     12.21    12     60.42      0.00     12.97
 1494866121.73     0     58.10      0.00     11.68    12     60.02      0.00     11.91
 1494866121.84     0     60.09      0.00     12.52    12     61.23      0.00     13.20
 1494866121.94     0     56.90      0.00     12.02    12     56.73      0.00     13.21
 1494866122.04     0     58.43      0.00     12.22    12     58.99      0.00     12.58
 1494866122.14     0     57.30      0.00     12.19    12     57.97      0.00     13.17
 1494866122.24     0     58.16      0.00     13.25    12     60.70      0.00     13.63
 1494866122.34     0     56.06      0.00     10.95    12     56.35      0.00     11.16
 1494866122.44     0     58.27      0.00     12.71    12     58.82      0.00     12.96
 1494866122.54     0     56.64      0.00     12.60    12     57.26      0.00     13.75
 1494866122.64     0     57.84      0.00     12.01    12     58.18      0.00     12.82
 1494866122.74     0     57.68      0.00     12.23    12     59.48      0.00     13.39
 1494866122.84     0     61.36      0.00     13.31    12     60.97      0.00     14.11
 1494866122.94     0     56.25      0.00     11.03    12     57.73      0.00     12.08
 1494866123.04     0     58.35      0.00     13.17    12     58.41      0.00     13.98
 1494866123.15     0     54.95      0.00     11.46    12     57.76      0.00     11.49
 1494866123.25     0     60.98      0.00     13.39    12     59.76      0.00     14.34
 1494866123.35     0     58.99      0.00     12.03    12     61.11      0.00     12.77
 1494866123.45     0     59.20      0.00     12.07    12     57.17      0.00     12.14
 1494866123.55     0     57.27      0.00     12.11    12     58.49      0.00     13.02
 1494866123.65     0     56.68      0.00     12.13    12     56.35      0.00     13.58
 1494866123.75     0     59.65      0.00     12.28    12     60.03      0.00     12.82
 1494866123.85     0     60.28      0.00     13.02    12     60.58      0.00     14.12
 1494866123.95     0     59.23      0.00     12.40    12     60.04      0.00     12.88
 1494866124.05     0     55.73      0.00     11.41    12     53.16      0.00     11.80
 1494866124.15     0     58.94      0.00     13.07    12     59.17      0.00     14.10
 1494866124.25     0     56.68      0.00     12.32    12     59.93      0.00     13.34
 1494866124.35     0     59.60      0.00     12.13    12     59.80      0.00     13.24
 1494866124.45     0     60.06      0.00     12.63    12     58.02      0.00     12.62
 1494866124.55     0     60.24      0.00     13.05    12     61.04      0.00     13.85
 1494866124.65     0     53.75      0.00      9.87    12     51.36      0.00     11.14
 1494866124.76     0     59.70      0.00     13.06    12     59.43      0.00     14.02
 1494866124.86     0     56.02      0.00     11.37    12     59.04      0.00     12.13
 1494866124.96     0     61.22      0.00     13.81    12     59.91      0.00     14.39
 1494866125.06     0     61.02      0.00     12.78    12     62.01      0.00     12.88
 1494866125.16     0     58.77      0.00     12.11    12     55.32      0.00     12.88
 1494866125.26     0     56.72      0.00     12.02    12     58.20      0.00     12.72
 1494866125.36     0     58.76      0.00     12.12    12     57.67      0.00     13.31
 1494866125.46     0     58.48      0.00     12.57    12     62.00      0.00     12.68
 1494866125.56     0     57.65      0.00     12.80    12     58.61      0.00     12.71
 1494866125.66     0     58.25      0.00     12.80    12     58.42      0.00     13.23
 1494866125.76     0     56.73      0.00     11.83    12     57.83      0.00     12.61
 1494866125.86     0     60.65      0.00     13.01    12     61.71      0.00     13.67
 1494866125.96     0     56.60      0.00     12.34    12     58.49      0.00     13.20
 1494866126.06     0     59.65      0.00     11.92    12     60.55      0.00     13.17
 1494866126.16     0     55.10      0.00     12.42    12     57.13      0.00     13.23
 1494866126.26     0     59.41      0.00     13.56    12     60.06      0.00     14.18
 1494866126.37     0     55.82      0.00     10.17    12     56.43      0.00     10.74
 1494866126.47     0     59.27      0.00     12.88    12     60.57      0.00     13.70
 1494866126.57     0     56.68      0.00     12.43    12     57.59      0.00     13.15
 1494866126.67     0     56.00      0.00     11.47    12     57.86      0.00     12.24
 1494866126.77     0     56.86      0.00     11.91    12     54.72      0.00     12.87
 1494866126.87     0     59.76      0.00     13.28    12     61.11      0.00     14.37
 1494866126.97     0     53.94      0.00     10.92    12     54.19      0.00     11.83
 1494866127.07     0     59.28      0.00     12.76    12     61.42      0.00     13.71
 1494866127.17     0     54.67      0.00     11.46    12     55.75      0.00     11.88
 1494866127.27     0     60.07      0.00     14.11    12     60.24      0.00     13.80
 1494866127.37     0     59.83      0.00     12.40    12     59.06      0.00     13.19
 1494866127.47     0     57.36      0.00     12.52    12     57.85      0.00     12.76
 1494866127.57     0     55.68      0.00     11.63    12     56.86      0.00     12.44
 1494866127.67     0     56.83      0.00     12.31    12     57.58      0.00     11.91
 1494866127.77     0     59.56      0.00     12.38    12     60.82      0.00     13.12
 1494866127.87     0     59.48      0.00     13.43    12     60.68      0.00     14.35
 1494866127.97     0     60.49      0.00     12.31    12     59.55      0.00     12.86
 1494866128.07     0     58.94      0.00     11.51    12     59.43      0.00     12.43
 1494866128.17     0     60.33      0.00     13.03    12     60.86      0.00     13.70
 1494866128.28     0     55.74      0.00     12.59    12     56.18      0.00     13.35
 1494866128.38     0     59.78      0.00     12.41    12     58.43      0.00     13.09
 1494866128.48     0     58.15      0.00     12.39    12     59.29      0.00     12.79
 1494866128.58     0     60.18      0.00     13.08    12     62.08      0.00     14.63
 1494866128.68     0     55.15      0.00     10.71    12     56.22      0.00     10.97
 1494866128.78     0     58.18      0.00     12.81    12     60.83      0.00     13.92
 1494866128.88     0     56.11      0.00     11.35    12     54.80      0.00     12.42
 1494866128.98     0     61.10      0.00     13.25    12     61.58      0.00     14.24
 1494866129.08     0     60.73      0.00     12.42    12     60.86      0.00     13.29
 1494866129.18     0     57.52      0.00     12.38    12     56.85      0.00     13.24
 1494866129.28     0     56.60      0.00     11.98    12     58.47      0.00     12.93
 1494866129.38     0     56.84      0.00     12.43    12     56.88      0.00     13.16
 1494866129.48     0     61.51      0.00     12.76    12     60.22      0.00     13.11
 1494866129.58     0     60.08      0.00     13.18    12     60.15      0.00     14.32
 1494866129.68     0     58.88      0.00     12.76    12     58.75      0.00     13.33
 1494866129.78     0     58.00      0.00     10.52    12     54.20      0.00     11.81
 1494866129.89     0     59.36      0.00     12.79    12     59.50      0.00     13.62
 1494866129.99     0     57.41      0.00     12.29    12     57.85      0.00     13.66
 1494866130.09     0     60.28      0.00     12.70    12     60.03      0.00     12.96
 1494866130.19     0     55.33      0.00     11.82    12     60.65      0.00     12.81
 1494866130.29     0     60.83      0.00     13.74    12     59.20      0.00     14.06
 1494866130.39     0     55.92      0.00     11.03    12     56.26      0.00     11.65
 1494866130.49     0     58.61      0.00     12.93    12     58.61      0.00     14.16
 1494866130.59     0     57.97      0.00     11.27    12     58.76      0.00     12.47
 1494866130.69     0     59.17      0.00     13.77    12     61.19      0.00     14.36
 1494866130.79     0     57.93      0.00     12.55    12     61.22      0.00     12.77
 1494866130.89     0     56.70      0.00     11.82    12     56.80      0.00     11.90
 1494866130.99     0     54.71      0.00     11.38    12     56.79      0.00     12.54
 1494866131.09     0     58.76      0.00     12.26    12     58.68      0.00     13.36
 1494866131.19     0     59.32      0.00     12.08    12     60.28      0.00     13.03
 1494866131.29     0     60.61      0.00     13.53    12     60.84      0.00     14.09
 1494866131.40     0     56.99      0.00     12.17    12     57.98      0.00     12.50
 1494866131.50     0     60.27      0.00     11.79    12     55.74      0.00     13.07
 1494866131.60     0     55.24      0.00     11.51    12     56.49      0.00     12.16
 1494866131.70     0     57.87      0.00     12.32    12     59.30      0.00     13.46
 1494866131.80     0     59.80      0.00     12.04    12     59.88      0.00     12.84
 1494866131.90     0     60.87      0.00     13.80    12     59.74      0.00     14.16
 1494866132.00     0     56.52      0.00     11.95    12     57.64      0.00     12.30
 1494866132.10     0     54.21      0.00     11.30    12     52.84      0.00     12.31
 1494866132.20     0     58.60      0.00     12.52    12     59.39      0.00     13.88
 1494866132.30     0     57.80      0.00     12.62    12     58.45      0.00     13.71
 1494866132.40     0     59.03      0.00     12.38    12     59.39      0.00     12.91
 1494866132.50     0     57.05      0.00     12.43    12     55.14      0.00     12.90
 1494866132.60     0     60.35      0.00     13.77    12     60.29      0.00     14.47
 1494866132.70     0     52.46      0.00     10.59    12     53.71      0.00     11.71
 1494866132.81     0     60.32      0.00     13.42    12     62.20      0.00     14.09
 1494866132.91     0     54.84      0.00     11.33    12     55.98      0.00     11.98
 1494866133.01     0     60.98      0.00     13.39    12     60.11      0.00     13.77
 1494866133.11     0     60.66      0.00     11.69    12     56.76      0.00     12.87
 1494866133.21     0     57.85      0.00     12.66    12     59.04      0.00     13.37
 1494866133.31     0     57.38      0.00     11.69    12     58.29      0.00     12.55
 1494866133.41     0     58.07      0.00     12.82    12     60.25      0.00     13.51
 1494866133.51     0     57.87      0.00     11.92    12     56.73      0.00     12.28
 1494866133.61     0     58.05      0.00     13.36    12     58.31      0.00     14.04
 1494866133.71     0     58.67      0.00     12.47    12     58.05      0.00     12.81
 1494866133.81     0     54.82      0.00     11.61    12     54.61      0.00     12.22
 1494866133.91     0     58.97      0.00     12.86    12     58.38      0.00     13.53
 1494866134.01     0     56.62      0.00     12.37    12     58.95      0.00     12.92
 1494866134.11     0     61.10      0.00     12.28    12     57.67      0.00     12.99
 1494866134.21     0     54.88      0.00     12.22    12     55.45      0.00     13.08
 1494866134.31     0     60.72      0.00     13.16    12     61.77      0.00     14.27
 1494866134.41     0     54.51      0.00     10.67    12     53.43      0.00     11.61
 1494866134.51     0     58.70      0.00     13.04    12     60.76      0.00     14.13
 1494866134.61     0     57.75      0.00     12.72    12     55.82      0.00     13.21
 1494866134.71     0     58.62      0.00     11.78    12     58.62      0.00     13.45
 1494866134.81     0     59.07      0.00     12.31    12     55.95      0.00     12.99
 1494866134.92     0     57.50      0.00     13.50    12     60.60      0.00     13.62
 1494866135.02     0     52.85      0.00     10.43    12     50.98      0.00     11.25
 1494866135.12     0     59.08      0.00     12.65    12     59.32      0.00     13.47
 1494866135.22     0     54.77      0.00     11.13    12     52.57      0.00     12.13
 1494866135.32     0     60.91      0.00     13.43    12     60.46      0.00     14.21
 1494866135.42     0     58.34      0.00     12.46    12     57.15      0.00     13.32
 1494866135.52     0     57.50      0.00     12.46    12     58.05      0.00     13.10
 1494866135.62     0     56.42      0.00     11.90    12     56.91      0.00     12.60
 1494866135.72     0     57.89      0.00     12.67    12     57.18      0.00     13.15
 1494866135.82     0     56.06      0.00     11.37    12     57.39      0.00     12.15
 1494866135.92     0     60.44      0.00     14.10    12     61.58      0.00     14.46
 1494866136.02     0     57.93      0.00     11.99    12     58.00      0.00     12.57
 1494866136.12     0     51.97      0.00     11.38    12     51.79      0.00     11.64
 1494866136.22     0     55.81      0.00     12.07    12     57.20      0.00     13.73
 1494866136.32     0     58.46      0.00     12.54    12     58.55      0.00     13.62
 1494866136.42     0     59.02      0.00     11.67    12     60.85      0.00     13.19
 1494866136.52     0     57.04      0.00     12.33    12     56.18      0.00     13.24
 1494866136.62     0     60.74      0.00     13.61    12     61.38      0.00     13.91
 1494866136.73     0     53.81      0.00     10.41    12     49.93      0.00     11.37
 1494866136.83     0     58.89      0.00     13.10    12     59.81      0.00     13.80
 1494866136.93     0     57.48      0.00     12.59    12     56.38      0.00     13.03
 1494866137.03     0     56.81      0.00     12.00    12     59.34      0.00     12.92
 1494866137.13     0     56.66      0.00     11.93    12     54.47      0.00     12.69
 1494866137.23     0     62.57      0.00     13.88    12     59.80      0.00     13.17
 1494866137.33     0     57.18      0.00     10.81    12     55.03      0.00     11.88
 1494866137.43     0     59.47      0.00     13.27    12     60.74      0.00     13.80
 1494866137.53     0     56.65      0.00     12.03    12     55.25      0.00     12.64
 1494866137.63     0     60.26      0.00     13.33    12     60.60      0.00     13.76
 1494866137.73     0     57.75      0.00     12.43    12     55.85      0.00     13.08
 1494866137.83     0     58.10      0.00     12.45    12     59.50      0.00     13.82
 1494866137.93     0     55.52      0.00     11.38    12     55.04      0.00     12.21
 1494866138.03     0     58.25      0.00     13.34    12     60.46      0.00     13.92
 1494866138.13     0     57.43      0.00     11.49    12     54.73      0.00     11.73
 1494866138.23     0     61.45      0.00     13.62    12     59.08      0.00     13.48
 1494866138.33     0     58.02      0.00     12.10    12     58.67      0.00     13.25
 1494866138.43     0     53.59      0.00     11.51    12     55.11      0.00     12.82
 1494866138.53     0     57.87      0.00     12.64    12     58.60      0.00     13.41
 1494866138.63     0     56.62      0.00     12.62    12     59.31      0.00     13.56
 1494866138.73     0     59.44      0.00     11.96    12     59.89      0.00     13.36
 1494866138.83     0     56.39      0.00     12.43    12     58.01      0.00     13.27
 1494866138.93     0     60.24      0.00     13.33    12     58.41      0.00     13.80
 1494866139.03     0     55.23      0.00     10.75    12     52.14      0.00     11.80
 1494866139.13     0     58.08      0.00     12.32    12     59.24      0.00     13.35
 1494866139.24     0     58.82      0.00     12.95    12     57.94      0.00     12.57
 1494866139.34     0     57.84      0.00     11.91    12     58.20      0.00     12.34
 1494866139.44     0     54.87      0.00     11.51    12     55.84      0.00     12.44
 1494866139.54     0     59.69      0.00     13.37    12     61.28      0.00     14.35
 1494866139.64     0     50.32      0.00      9.61    12     49.41      0.00     10.50
 1494866139.74     0     60.39      0.00     13.46    12     60.14      0.00     13.69
 1494866139.84     0     56.51      0.00     12.46    12     58.42      0.00     12.96
 1494866139.94     0     58.67      0.00     12.83    12     58.65      0.00     13.40
 1494866140.04     0     60.16      0.00     12.69    12     59.78      0.00     13.09
 1494866140.14     0     57.11      0.00     12.74    12     57.61      0.00     13.53
 1494866140.24     0     55.25      0.00     11.31    12     54.27      0.00     11.99
 1494866140.34     0     59.27      0.00     12.83    12     58.30      0.00     12.37
 1494866140.44     0     54.42      0.00     11.23    12     57.67      0.00     11.76
 1494866140.54     0     60.67      0.00     13.79    12     59.64      0.00     13.87
 1494866140.64     0     57.78      0.00     12.07    12     60.14      0.00     12.77
 1494866140.74     0     55.59      0.00     11.44    12     55.77      0.00     12.70
 1494866140.84     0     54.08      0.00     11.03    12     54.93      0.00     12.20
 1494866140.95     0     57.92      0.00     12.56    12     58.52      0.00     13.37
 1494866141.05     0     58.69      0.00     12.33    12     59.76      0.00     12.91
 1494866141.15     0     57.94      0.00     12.93    12     61.42      0.00     14.26
 1494866141.25     0     58.82      0.00     12.67    12     57.59      0.00     12.32
 1494866141.35     0     55.21      0.00     11.30    12     56.54      0.00     11.62
 1494866141.45     0     59.18      0.00     12.46    12     59.51      0.00     13.44
 1494866141.55     0     54.87      0.00     12.63    12     58.30      0.00     13.14
 1494866141.65     0     58.72      0.00     12.55    12     60.19      0.00     12.68
 1494866141.75     0     58.99      0.00     12.08    12     55.96      0.00     12.79
 1494866141.85     0     61.96      0.00     13.80    12     61.12      0.00     14.08
 1494866141.95     0     51.54      0.00      9.47    12     50.82      0.00     10.45
 1494866142.05     0     59.66      0.00     13.57    12     60.34      0.00     13.90
 1494866142.15     0     57.93      0.00     12.02    12     59.27      0.00     12.36
 1494866142.25     0     58.13      0.00     12.83    12     60.36      0.00     13.20
 1494866142.35     0     60.89      0.00     12.28    12     57.12      0.00     12.11
 1494866142.45     0     56.74      0.00     12.09    12     60.72      0.00     13.47
 1494866142.55     0     54.67      0.00     10.68    12     53.27      0.00     11.81
 1494866142.65     0     58.31      0.00     13.34    12     60.48      0.00     14.01
 1494866142.76     0     58.04      0.00     11.41    12     53.51      0.00     12.17
 1494866142.86     0     57.40      0.00     13.23    12     61.58      0.00     14.28
 1494866142.96     0     59.27      0.00     12.46    12     57.77      0.00     13.07
 1494866143.06     0     59.03      0.00     12.67    12     58.20      0.00     13.44
 1494866143.16     0     58.01      0.00     11.74    12     58.86      0.00     12.28
 1494866143.26     0     58.25      0.00     13.17    12     59.01      0.00     13.67
 1494866143.36     0     56.06      0.00     10.81    12     57.48      0.00     11.16
 1494866143.46     0     62.05      0.00     13.89    12     60.73      0.00     14.34
 1494866143.56     0     58.27      0.00     12.21    12     58.81      0.00     12.69
 1494866143.66     0     58.44      0.00     11.61    12     55.71      0.00     12.47
 1494866143.76     0     59.58      0.00     12.65    12     60.01      0.00     13.51
 1494866143.86     0     55.85      0.00     11.98    12     57.25      0.00     13.28
 1494866143.96     0     58.37      0.00     12.32    12     59.12      0.00     13.27
 1494866144.06     0     59.07      0.00     12.66    12     57.60      0.00     13.42
 1494866144.16     0     58.52      0.00     13.39    12     59.58      0.00     13.78
 1494866144.26     0     57.20      0.00     11.16    12     53.13      0.00     11.75
 1494866144.36     0     60.45      0.00     12.95    12     60.39      0.00     13.85
 1494866144.46     0     56.23      0.00     12.01    12     57.68      0.00     12.57
 1494866144.56     0     59.32      0.00     12.17    12     58.43      0.00     12.91
 1494866144.67     0     55.09      0.00     11.83    12     59.07      0.00     12.97
 1494866144.77     0     61.94      0.00     13.57    12     61.02      0.00     14.27
 1494866144.87     0     54.22      0.00     11.45    12     57.00      0.00     11.61
 1494866144.97     0     59.20      0.00     13.02    12     58.66      0.00     13.65
 1494866145.07     0     54.74      0.00     10.53    12     54.75      0.00     11.57
 1494866145.17     0     61.03      0.00     13.75    12     60.72      0.00     14.04
 1494866145.27     0     59.14      0.00     12.33    12     57.98      0.00     13.05
 1494866145.37     0     55.61      0.00     12.20    12     55.38      0.00     12.39
 1494866145.47     0     52.72      0.00     11.05    12     51.36      0.00     11.33
 1494866145.57     0     59.06      0.00     12.84    12     59.03      0.00     13.55
 1494866145.67     0     56.63      0.00     11.07    12     57.06      0.00     11.73
 1494866145.77     0     60.05      0.00     14.01    12     59.15      0.00     14.34
 1494866145.87     0     57.13      0.00     11.81    12     59.93      0.00     12.98
 1494866145.97     0     60.15      0.00     11.26    12     56.86      0.00     12.78
 1494866146.07     0     56.47      0.00     11.83    12     57.43      0.00     12.67
 1494866146.17     0     57.08      0.00     12.35    12     56.69      0.00     13.36
 1494866146.27     0     59.24      0.00     12.61    12     60.64      0.00     12.87
 1494866146.37     0     60.71      0.00     13.27    12     58.85      0.00     14.26
 1494866146.47     0     59.15      0.00     12.71    12     58.54      0.00     13.02
 1494866146.57     0     57.59      0.00     10.99    12     54.64      0.00     11.22
 1494866146.68     0     58.66      0.00     12.61    12     59.22      0.00     13.61
 1494866146.78     0     57.42      0.00     12.15    12     58.62      0.00     13.44
 1494866146.88     0     57.86      0.00     12.46    12     59.02      0.00     13.17
 1494866146.98     0     56.20      0.00     11.82    12     55.64      0.00     13.22
 1494866147.08     0     60.45      0.00     13.76    12     60.71      0.00     14.39
 1494866147.18     0     51.00      0.00      9.49    12     49.48      0.00     10.11
 1494866147.28     0     58.61      0.00     13.29    12     60.64      0.00     14.19
 1494866147.38     0     58.20      0.00     12.02    12     56.84      0.00     12.71
 1494866147.48     0     59.68      0.00     12.74    12     60.06      0.00     14.07
 1494866147.58     0     58.95      0.00     12.07    12     55.62      0.00     12.71
 1494866147.68     0     57.99      0.00     12.66    12     58.94      0.00     13.61
 1494866147.78     0     53.46      0.00     10.37    12     50.35      0.00     11.78
 1494866147.88     0     58.89      0.00     13.15    12     59.39      0.00     13.79
 1494866147.98     0     55.39      0.00     10.97    12     55.98      0.00     11.89
 1494866148.08     0     61.65      0.00     13.89    12     61.63      0.00     14.55
 1494866148.18     0     57.85      0.00     11.83    12     59.33      0.00     12.93
 1494866148.28     0     59.31      0.00     12.49    12     58.65      0.00     13.14
 1494866148.38     0     58.01      0.00     11.84    12     59.79      0.00     12.73
 1494866148.48     0     57.47      0.00     12.19    12     56.38      0.00     13.27
 1494866148.59     0     53.50      0.00     12.59    12     58.17      0.00     12.65
 1494866148.69     0     61.00      0.00     13.14    12     61.00      0.00     14.25
 1494866148.79     0     55.82      0.00     11.92    12     57.01      0.00     12.85
 1494866148.89     0     59.41      0.00     12.31    12     57.64      0.00     13.25
 1494866148.99     0     55.19      0.00     11.13    12     56.16      0.00     11.98
 1494866149.09     0     58.14      0.00     12.35    12     59.67      0.00     13.11
 1494866149.19     0     58.27      0.00     11.96    12     58.80      0.00     12.78
 1494866149.29     0     57.24      0.00     13.61    12     61.03      0.00     14.52
 1494866149.39     0     59.36      0.00     12.73    12     58.25      0.00     13.48
 1494866149.49     0     54.22      0.00     11.51    12     53.69      0.00     12.38
 1494866149.59     0     59.28      0.00     12.78    12     58.77      0.00     13.34
 1494866149.69     0     58.11      0.00     12.67    12     58.77      0.00     13.08
 1494866149.79     0     57.63      0.00     11.67    12     58.41      0.00     12.61
 1494866149.89     0     59.30      0.00     12.57    12     57.86      0.00     13.27
 1494866149.99     0     60.67      0.00     12.95    12     61.01      0.00     13.91
 1494866150.09     0     51.21      0.00     10.85    12     52.49      0.00     11.38
 1494866150.19     0     58.82      0.00     13.06    12     59.63      0.00     13.98
 1494866150.29     0     57.03      0.00     12.52    12     56.41      0.00     13.38
 1494866150.39     0     57.82      0.00     12.43    12     58.11      0.00     12.75
 1494866150.49     0     58.18      0.00     11.46    12     57.05      0.00     13.09
 1494866150.59     0     61.87      0.00     13.53    12     62.20      0.00     14.43
 1494866150.69     0     53.10      0.00      9.24    12     49.80      0.00     10.33
 1494866150.80     0     58.99      0.00     12.97    12     59.48      0.00     13.26
 1494866150.90     0     56.57      0.00     11.52    12     55.27      0.00     12.39
 1494866151.00     0     59.45      0.00     13.16    12     60.18      0.00     14.05
 1494866151.10     0     59.70      0.00     12.12    12     55.77      0.00     12.85
 1494866151.20     0     58.69      0.00     12.72    12     58.87      0.00     13.47
 1494866151.30     0     55.70      0.00     10.81    12     53.80      0.00     12.16
 1494866151.40     0     57.82      0.00     13.16    12     59.38      0.00     14.42
 1494866151.50     0     56.98      0.00     11.11    12     56.21      0.00     11.58
 1494866151.60     0     60.89      0.00     13.21    12     59.59      0.00     14.34
 1494866151.70     0     60.81      0.00     12.72    12     61.32      0.00     13.20
 1494866151.80     0     56.24      0.00     11.65    12     54.39      0.00     12.25
 1494866151.90     0     55.18      0.00     11.28    12     54.71      0.00     11.85
 1494866152.00     0     57.35      0.00     12.61    12     57.84      0.00     13.28
 1494866152.10     0     56.90      0.00     11.99    12     56.76      0.00     12.62
 1494866152.20     0     60.19      0.00     13.59    12     59.37      0.00     14.62
 1494866152.30     0     58.33      0.00     11.89    12     57.85      0.00     12.98
 1494866152.40     0     52.41      0.00     10.93    12     50.41      0.00     11.76
 1494866152.50     0     56.92      0.00     12.34    12     56.74      0.00     13.48
 1494866152.60     0     56.86      0.00     12.33    12     56.41      0.00     12.97
 1494866152.71     0     60.35      0.00     12.47    12     58.43      0.00     12.99
 1494866152.81     0     56.05      0.00     12.29    12     57.55      0.00     13.14
 1494866152.91     0     59.92      0.00     13.38    12     61.05      0.00     13.78
 1494866153.01     0     52.40      0.00     10.43    12     49.57      0.00     10.90
 1494866153.11     0     58.45      0.00     12.58    12     58.87      0.00     13.81
 1494866153.21     0     57.05      0.00     12.59    12     56.50      0.00     13.16
 1494866153.31     0     54.90      0.00     10.99    12     54.34      0.00     12.13
 1494866153.41     0     57.58      0.00     11.71    12     59.15      0.00     12.99
 1494866153.51     0     59.56      0.00     13.28    12     59.49      0.00     13.95
 1494866153.61     0     52.06      0.00     10.85    12     53.13      0.00     11.52
 1494866153.71     0     59.90      0.00     13.27    12     60.13      0.00     13.80
 1494866153.81     0     57.26      0.00     12.17    12     57.32      0.00     13.39
 1494866153.91     0     58.11      0.00     12.19    12     59.01      0.00     12.37
 1494866154.01     0     58.33      0.00     11.86    12     56.12      0.00     12.75
 1494866154.11     0     60.24      0.00     13.65    12     61.36      0.00     14.59
 1494866154.21     0     50.65      0.00      9.66    12     48.71      0.00     10.51
 1494866154.32     0     60.85      0.00     13.43    12     61.72      0.00     14.00
 1494866154.42     0     55.33      0.00     11.30    12     55.46      0.00     12.37
 1494866154.52     0     59.72      0.00     12.46    12     58.98      0.00     13.61
 1494866154.62     0     57.36      0.00     12.09    12     58.06      0.00     12.97
 1494866154.72     0     59.36      0.00     13.14    12     60.03      0.00     14.22
 1494866154.82     0     55.05      0.00     10.09    12     57.65      0.00     11.08
 1494866154.92     0     56.41      0.00     12.35    12     58.21      0.00     13.19
 1494866155.02     0     58.22      0.00     12.24    12     55.42      0.00     12.47
 1494866155.12     0     57.60      0.00     11.70    12     57.59      0.00     12.93
 1494866155.22     0     55.48      0.00     11.59    12     55.35      0.00     12.49
 1494866155.32     0     59.77      0.00     13.35    12     62.53      0.00     14.48
 1494866155.42     0     48.48      0.00     10.30    12     50.18      0.00     11.29
 1494866155.52     0     59.61      0.00     13.32    12     59.84      0.00     14.27
 1494866155.62     0     55.28      0.00     11.35    12     56.91      0.00     12.61
 1494866155.72     0     52.92      0.00     11.71    12     56.76      0.00     12.49
 1494866155.82     0     55.75      0.00     11.87    12     57.51      0.00     12.76
 1494866155.92     0     60.75      0.00     13.40    12     62.13      0.00     14.16
 1494866156.03     0     49.98      0.00     10.20    12     51.05      0.00     10.94
 1494866156.13     0     59.83      0.00     13.28    12     58.95      0.00     13.67
 1494866156.23     0     55.92      0.00     11.23    12     54.24      0.00     11.94
 1494866156.33     0     59.40      0.00     13.16    12     61.44      0.00     14.20
 1494866156.43     0     57.72      0.00     12.09    12     56.02      0.00     13.24
 1494866156.53     0     57.76      0.00     12.46    12     59.96      0.00     13.47
 1494866156.63     0     54.31      0.00     10.39    12     55.33      0.00     11.48
 1494866156.73     0     60.00      0.00     12.88    12     58.11      0.00     14.05
 1494866156.83     0     56.57      0.00     10.81    12     56.00      0.00     11.73
 1494866156.93     0     59.73      0.00     12.96    12     61.77      0.00     14.67
 1494866157.03     0     57.38      0.00     11.92    12     59.17      0.00     12.58
 1494866157.13     0     59.75      0.00     12.12    12     55.77      0.00     12.76
 1494866157.23     0     57.10      0.00     11.59    12     57.45      0.00     12.90
 1494866157.33     0     57.72      0.00     12.60    12     57.83      0.00     13.64
 1494866157.43     0     58.94      0.00     12.02    12     55.57      0.00     13.34
 1494866157.53     0     60.64      0.00     13.40    12     61.44      0.00     14.19
 1494866157.63     0     57.90      0.00     11.97    12     58.91      0.00     13.02
 1494866157.73     0     57.44      0.00     11.23    12     54.78      0.00     12.26
 1494866157.83     0     59.24      0.00     12.75    12     60.33      0.00     13.57
 1494866157.93     0     55.48      0.00     11.72    12     58.76      0.00     13.24
 1494866158.03     0     59.38      0.00     12.36    12     59.42      0.00     12.87
 1494866158.14     0     56.86      0.00     12.19    12     58.83      0.00     13.01
 1494866158.24     0     60.29      0.00     12.91    12     60.74      0.00     14.15
 1494866158.34     0     53.22      0.00     10.70    12     54.89      0.00     11.50
 1494866158.44     0     59.56      0.00     13.39    12     59.71      0.00     13.96
 1494866158.54     0     56.51      0.00     11.58    12     57.18      0.00     12.27
 1494866158.64     0     60.39      0.00     13.65    12     61.84      0.00     14.16
 1494866158.74     0     52.77      0.00     12.23    12     58.68      0.00     13.05
 1494866158.84     0     59.85      0.00     12.87    12     58.57      0.00     12.97
 1494866158.94     0     23.22      0.00      3.87    12     25.57      0.00      3.66
 1494866159.04     0     13.71      0.00      1.91    12     15.59      0.00      2.33
 1494866159.14     0     14.78      0.00      2.18    12     17.05      0.00      2.70
 1494866159.24     0     18.88      0.00      3.49    12     20.10      0.00      3.68
