         #Time  Core     P_PKG     P_PP0    P_DRAM  Core     P_PKG     P_PP0    P_DRAM
 1494583702.09     0     23.11      0.00      5.17    12     20.51      0.00      5.05
 1494583702.19     0     26.58      0.00      6.16    12     21.72      0.00      4.17
 1494583702.29     0     31.22      0.00      4.79    12     24.91      0.00      4.22
 1494583702.39     0     31.89      0.00      4.77    12     25.71      0.00      4.15
 1494583702.49     0     31.90      0.00      4.65    12     25.20      0.00      3.99
 1494583702.59     0     32.42      0.00      6.25    12     25.70      0.00      4.22
 1494583702.69     0     32.77      0.00      6.40    12     25.48      0.00      4.13
 1494583702.79     0     32.47      0.00      6.24    12     25.46      0.00      4.11
 1494583702.89     0     32.43      0.00      6.40    12     25.45      0.00      4.19
 1494583702.99     0     32.45      0.00      6.31    12     25.48      0.00      4.16
 1494583703.09     0     32.35      0.00      6.33    12     25.50      0.00      4.13
 1494583703.19     0     31.56      0.00      4.42    12     25.44      0.00      4.12
 1494583703.29     0     31.52      0.00      4.44    12     25.47      0.00      4.04
 1494583703.39     0     31.60      0.00      4.41    12     25.43      0.00      4.13
 1494583703.49     0     31.48      0.00      4.39    12     25.48      0.00      4.15
 1494583703.59     0     31.51      0.00      4.39    12     25.51      0.00      4.20
 1494583703.69     0     31.53      0.00      4.40    12     25.47      0.00      4.14
 1494583703.79     0     31.52      0.00      4.39    12     25.49      0.00      4.11
 1494583703.89     0     31.53      0.00      4.35    12     25.74      0.00      4.04
 1494583703.99     0     31.83      0.00      4.45    12     25.43      0.00      4.13
 1494583704.09     0     31.53      0.00      4.41    12     25.49      0.00      4.05
 1494583704.19     0     31.55      0.00      4.36    12     25.46      0.00      4.07
 1494583704.29     0     31.58      0.00      4.31    12     25.45      0.00      4.18
 1494583704.39     0     31.51      0.00      4.41    12     25.50      0.00      4.14
 1494583704.49     0     31.55      0.00      4.40    12     25.45      0.00      4.16
 1494583704.59     0     31.52      0.00      4.40    12     25.46      0.00      3.97
 1494583704.69     0     31.45      0.00      4.42    12     25.36      0.00      4.12
 1494583704.79     0     31.48      0.00      4.41    12     25.42      0.00      4.17
 1494583704.89     0     31.52      0.00      4.40    12     25.51      0.00      4.10
 1494583704.99     0     31.56      0.00      4.35    12     25.43      0.00      4.08
 1494583705.10     0     31.56      0.00      4.36    12     25.44      0.00      4.17
 1494583705.20     0     31.53      0.00      4.41    12     25.70      0.00      4.09
 1494583705.30     0     31.52      0.00      4.36    12     25.41      0.00      4.15
 1494583705.40     0     31.56      0.00      4.40    12     25.40      0.00      4.10
 1494583705.50     0     31.82      0.00      4.47    12     25.46      0.00      4.12
 1494583705.60     0     31.52      0.00      4.35    12     25.45      0.00      4.16
 1494583705.70     0     31.57      0.00      4.39    12     25.42      0.00      4.16
 1494583705.80     0     31.59      0.00      4.40    12     25.44      0.00      4.10
 1494583705.90     0     31.54      0.00      4.41    12     25.51      0.00      4.14
 1494583706.00     0     31.53      0.00      4.37    12     25.44      0.00      4.16
 1494583706.10     0     31.52      0.00      4.32    12     25.49      0.00      4.11
 1494583706.20     0     31.52      0.00      4.40    12     25.44      0.00      4.06
 1494583706.30     0     31.44      0.00      4.41    12     25.46      0.00      4.09
 1494583706.40     0     31.51      0.00      4.41    12     25.42      0.00      4.13
 1494583706.50     0     31.51      0.00      4.40    12     25.67      0.00      4.17
 1494583706.60     0     31.41      0.00      4.43    12     25.47      0.00      4.13
 1494583706.70     0     31.43      0.00      4.41    12     25.49      0.00      4.05
 1494583706.80     0     31.51      0.00      4.41    12     25.42      0.00      4.07
 1494583706.90     0     31.52      0.00      4.35    12     25.48      0.00      4.14
 1494583707.00     0     31.84      0.00      4.45    12     25.46      0.00      4.11
 1494583707.10     0     31.45      0.00      4.35    12     25.47      0.00      4.15
 1494583707.20     0     31.53      0.00      4.41    12     25.46      0.00      4.16
 1494583707.30     0     31.57      0.00      4.40    12     25.47      0.00      4.12
 1494583707.40     0     31.53      0.00      4.40    12     25.49      0.00      4.06
 1494583707.50     0     31.50      0.00      4.36    12     25.46      0.00      4.12
 1494583707.60     0     31.50      0.00      4.43    12     25.45      0.00      4.12
 1494583707.70     0     31.58      0.00      4.43    12     25.45      0.00      4.12
 1494583707.80     0     31.58      0.00      4.37    12     25.70      0.00      4.20
 1494583707.90     0     31.53      0.00      4.31    12     25.40      0.00      4.01
 1494583708.00     0     31.58      0.00      4.40    12     25.41      0.00      4.14
 1494583708.10     0     31.55      0.00      4.40    12     25.42      0.00      4.19
 1494583708.20     0     31.55      0.00      4.40    12     25.46      0.00      4.07
 1494583708.30     0     31.57      0.00      4.41    12     25.46      0.00      4.15
 1494583708.40     0     31.88      0.00      4.44    12     25.45      0.00      4.16
 1494583708.50     0     31.47      0.00      4.36    12     25.50      0.00      4.16
 1494583708.60     0     31.57      0.00      4.40    12     25.50      0.00      4.09
 1494583708.70     0     31.54      0.00      4.43    12     25.47      0.00      4.08
 1494583708.80     0     31.62      0.00      4.37    12     25.47      0.00      4.10
 1494583708.90     0     31.55      0.00      4.40    12     25.46      0.00      4.10
 1494583709.00     0     31.55      0.00      4.40    12     25.49      0.00      4.06
 1494583709.10     0     31.52      0.00      4.36    12     25.69      0.00      4.19
 1494583709.20     0     31.48      0.00      4.39    12     25.42      0.00      4.09
 1494583709.30     0     31.52      0.00      4.35    12     25.44      0.00      4.12
 1494583709.40     0     31.54      0.00      4.41    12     25.52      0.00      4.15
 1494583709.50     0     31.55      0.00      4.37    12     25.45      0.00      4.15
 1494583709.60     0     31.53      0.00      4.36    12     25.45      0.00      4.06
 1494583709.70     0     31.58      0.00      4.40    12     25.45      0.00      4.05
 1494583709.80     0     31.81      0.00      4.47    12     25.47      0.00      4.15
 1494583709.90     0     31.55      0.00      4.42    12     25.45      0.00      4.07
 1494583710.00     0     31.48      0.00      4.41    12     25.47      0.00      4.12
 1494583710.10     0     31.48      0.00      4.35    12     25.44      0.00      4.18
 1494583710.20     0     31.47      0.00      4.41    12     25.42      0.00      4.18
 1494583710.30     0     31.52      0.00      4.41    12     25.44      0.00      4.08
 1494583710.40     0     31.49      0.00      4.39    12     25.76      0.00      4.15
 1494583710.50     0     31.47      0.00      4.40    12     25.55      0.00      4.06
 1494583710.60     0     31.46      0.00      4.41    12     25.45      0.00      4.16
 1494583710.70     0     31.47      0.00      4.37    12     25.48      0.00      4.10
 1494583710.80     0     31.44      0.00      4.40    12     25.46      0.00      4.02
 1494583710.90     0     31.46      0.00      4.43    12     25.47      0.00      4.10
 1494583711.00     0     31.46      0.00      4.42    12     25.47      0.00      4.06
 1494583711.10     0     31.82      0.00      4.35    12     25.48      0.00      4.08
 1494583711.21     0     31.49      0.00      4.26    12     25.51      0.00      4.08
 1494583711.31     0     31.52      0.00      4.40    12     25.49      0.00      4.13
 1494583711.41     0     31.58      0.00      4.39    12     25.49      0.00      4.09
 1494583711.51     0     31.51      0.00      4.40    12     25.45      0.00      4.22
 1494583711.61     0     31.50      0.00      4.40    12     25.71      0.00      4.09
 1494583711.71     0     31.49      0.00      4.40    12     25.30      0.00      4.08
 1494583711.81     0     31.55      0.00      4.42    12     25.72      0.00      4.11
 1494583711.91     0     31.90      0.00      4.40    12     25.41      0.00      4.12
 1494583712.01     0     31.89      0.00      4.46    12     25.48      0.00      4.12
 1494583712.11     0     31.53      0.00      4.36    12     25.42      0.00      4.11
 1494583712.21     0     31.46      0.00      4.36    12     25.39      0.00      4.15
 1494583712.31     0     31.50      0.00      4.41    12     25.44      0.00      4.13
 1494583712.41     0     31.48      0.00      4.42    12     25.44      0.00      4.03
 1494583712.51     0     31.82      0.00      4.45    12     25.44      0.00      4.11
 1494583712.61     0     31.50      0.00      4.40    12     25.46      0.00      4.13
 1494583712.71     0     31.49      0.00      4.35    12     25.50      0.00      4.11
 1494583712.81     0     31.46      0.00      4.40    12     25.40      0.00      4.20
 1494583712.91     0     31.59      0.00      4.40    12     25.41      0.00      4.09
 1494583713.01     0     31.49      0.00      4.40    12     25.39      0.00      4.16
 1494583713.11     0     31.51      0.00      4.38    12     25.72      0.00      4.15
 1494583713.21     0     31.46      0.00      4.35    12     25.45      0.00      4.07
 1494583713.31     0     31.56      0.00      4.40    12     25.47      0.00      4.07
 1494583713.41     0     31.49      0.00      4.34    12     25.48      0.00      4.17
 1494583713.51     0     31.48      0.00      4.40    12     25.46      0.00      4.12
 1494583713.61     0     31.51      0.00      4.40    12     25.48      0.00      4.12
 1494583713.71     0     31.48      0.00      4.39    12     25.47      0.00      4.07
 1494583713.81     0     31.54      0.00      4.42    12     25.49      0.00      4.08
 1494583713.91     0     31.47      0.00      4.41    12     25.50      0.00      4.11
 1494583714.01     0     31.83      0.00      4.44    12     25.41      0.00      4.12
 1494583714.11     0     31.48      0.00      4.41    12     25.49      0.00      4.17
 1494583714.21     0     31.46      0.00      4.37    12     25.49      0.00      4.14
 1494583714.31     0     31.48      0.00      4.39    12     25.53      0.00      4.15
 1494583714.41     0     31.44      0.00      4.40    12     25.76      0.00      4.20
 1494583714.51     0     31.52      0.00      4.34    12     25.50      0.00      3.95
 1494583714.61     0     31.53      0.00      4.40    12     25.49      0.00      4.05
 1494583714.71     0     31.51      0.00      4.41    12     25.46      0.00      4.02
 1494583714.81     0     31.45      0.00      4.40    12     25.47      0.00      4.03
 1494583714.91     0     31.46      0.00      4.36    12     25.49      0.00      4.15
 1494583715.01     0     31.51      0.00      4.40    12     25.52      0.00      4.15
 1494583715.11     0     31.40      0.00      4.40    12     25.51      0.00      4.12
 1494583715.21     0     31.42      0.00      4.43    12     25.50      0.00      4.16
 1494583715.31     0     31.45      0.00      4.43    12     25.47      0.00      4.00
 1494583715.41     0     31.72      0.00      4.41    12     25.47      0.00      4.10
 1494583715.51     0     31.44      0.00      4.45    12     25.48      0.00      4.11
 1494583715.61     0     31.40      0.00      4.39    12     25.51      0.00      4.09
 1494583715.71     0     31.42      0.00      4.42    12     25.78      0.00      4.17
 1494583715.81     0     31.42      0.00      4.40    12     25.47      0.00      4.05
 1494583715.91     0     31.45      0.00      4.42    12     25.46      0.00      4.06
 1494583716.01     0     31.43      0.00      4.37    12     25.51      0.00      4.11
 1494583716.11     0     31.45      0.00      4.39    12     25.50      0.00      4.09
 1494583716.21     0     31.48      0.00      4.41    12     25.47      0.00      4.07
 1494583716.31     0     31.43      0.00      4.43    12     25.52      0.00      4.15
 1494583716.41     0     31.50      0.00      4.40    12     25.55      0.00      4.09
 1494583716.51     0     31.46      0.00      4.37    12     25.54      0.00      4.09
 1494583716.61     0     31.52      0.00      4.41    12     25.54      0.00      4.07
 1494583716.71     0     31.45      0.00      4.41    12     25.53      0.00      4.17
 1494583716.81     0     31.88      0.00      4.41    12     25.52      0.00      4.16
 1494583716.91     0     31.53      0.00      4.35    12     25.51      0.00      4.15
 1494583717.01     0     31.54      0.00      4.40    12     25.75      0.00      3.97
 1494583717.11     0     31.58      0.00      4.35    12     25.50      0.00      4.15
 1494583717.21     0     31.40      0.00      4.39    12     25.48      0.00      4.07
 1494583717.31     0     31.56      0.00      4.40    12     25.51      0.00      4.15
 1494583717.42     0     31.53      0.00      4.38    12     25.53      0.00      4.12
 1494583717.52     0     31.55      0.00      4.37    12     25.50      0.00      4.03
 1494583717.62     0     31.45      0.00      4.36    12     25.50      0.00      3.95
 1494583717.72     0     31.49      0.00      4.36    12     25.43      0.00      4.01
 1494583717.82     0     31.56      0.00      4.35    12     25.47      0.00      4.14
 1494583717.92     0     31.50      0.00      4.36    12     25.40      0.00      4.10
 1494583718.02     0     31.51      0.00      4.36    12     25.43      0.00      4.07
 1494583718.12     0     31.84      0.00      4.45    12     25.37      0.00      4.12
 1494583718.22     0     31.49      0.00      4.40    12     25.62      0.00      4.14
 1494583718.32     0     31.25      0.00      4.35    12     25.44      0.00      4.04
 1494583718.42     0     31.73      0.00      4.45    12     25.48      0.00      4.11
 1494583718.52     0     31.50      0.00      4.42    12     25.48      0.00      4.05
 1494583718.62     0     31.44      0.00      4.41    12     25.47      0.00      4.13
 1494583718.72     0     31.44      0.00      4.41    12     25.51      0.00      4.10
 1494583718.82     0     31.44      0.00      4.35    12     25.52      0.00      3.94
 1494583718.92     0     31.46      0.00      4.39    12     25.50      0.00      4.13
 1494583719.02     0     31.49      0.00      4.40    12     25.52      0.00      3.93
 1494583719.12     0     31.49      0.00      4.36    12     25.45      0.00      4.10
 1494583719.22     0     31.47      0.00      4.40    12     25.48      0.00      4.07
 1494583719.32     0     31.54      0.00      4.41    12     25.45      0.00      4.07
 1494583719.42     0     31.47      0.00      4.42    12     25.48      0.00      4.10
 1494583719.52     0     31.69      0.00      4.44    12     25.71      0.00      4.11
 1494583719.62     0     31.44      0.00      4.22    12     25.47      0.00      4.11
 1494583719.72     0     31.49      0.00      4.41    12     25.57      0.00      4.16
 1494583719.82     0     31.43      0.00      4.35    12     25.41      0.00      4.14
 1494583719.92     0     31.46      0.00      4.40    12     25.50      0.00      4.02
 1494583720.02     0     31.41      0.00      4.31    12     25.48      0.00      4.13
 1494583720.12     0     31.43      0.00      4.36    12     25.50      0.00      4.15
 1494583720.22     0     31.44      0.00      4.35    12     25.43      0.00      4.12
 1494583720.32     0     31.45      0.00      4.40    12     25.43      0.00      4.02
 1494583720.42     0     31.43      0.00      4.40    12     25.42      0.00      4.08
 1494583720.52     0     31.54      0.00      4.40    12     25.43      0.00      4.06
 1494583720.62     0     31.40      0.00      4.40    12     25.44      0.00      4.04
 1494583720.72     0     31.43      0.00      4.44    12     25.48      0.00      4.12
 1494583720.82     0     31.54      0.00      4.40    12     25.50      0.00      4.11
 1494583720.92     0     31.51      0.00      4.39    12     25.69      0.00      4.19
 1494583721.02     0     31.78      0.00      4.44    12     25.43      0.00      4.01
 1494583721.12     0     31.47      0.00      4.37    12     25.36      0.00      4.00
 1494583721.22     0     31.48      0.00      4.41    12     25.50      0.00      4.08
 1494583721.32     0     31.49      0.00      4.35    12     25.43      0.00      4.02
 1494583721.42     0     31.49      0.00      4.35    12     25.47      0.00      4.09
 1494583721.52     0     31.45      0.00      4.37    12     25.49      0.00      3.97
 1494583721.62     0     31.50      0.00      4.42    12     25.46      0.00      4.10
 1494583721.72     0     31.50      0.00      4.37    12     25.46      0.00      4.12
 1494583721.82     0     31.54      0.00      4.38    12     25.52      0.00      4.08
 1494583721.92     0     31.48      0.00      4.41    12     25.51      0.00      4.21
 1494583722.02     0     31.52      0.00      4.42    12     25.49      0.00      4.17
 1494583722.12     0     31.47      0.00      4.36    12     25.44      0.00      4.15
 1494583722.22     0     31.47      0.00      4.40    12     25.70      0.00      4.13
 1494583722.32     0     31.42      0.00      4.42    12     25.46      0.00      4.17
 1494583722.42     0     31.77      0.00      4.45    12     25.46      0.00      4.16
 1494583722.52     0     31.45      0.00      4.40    12     25.46      0.00      4.09
 1494583722.62     0     31.45      0.00      4.40    12     25.54      0.00      4.14
 1494583722.72     0     31.44      0.00      4.41    12     25.43      0.00      4.07
 1494583722.82     0     31.46      0.00      4.41    12     25.45      0.00      4.09
 1494583722.92     0     31.46      0.00      4.38    12     25.52      0.00      4.08
 1494583723.02     0     31.47      0.00      4.35    12     25.46      0.00      4.10
 1494583723.12     0     31.52      0.00      4.40    12     25.46      0.00      4.15
 1494583723.22     0     31.45      0.00      4.39    12     25.48      0.00      4.12
 1494583723.32     0     31.51      0.00      4.39    12     25.50      0.00      4.04
 1494583723.42     0     31.46      0.00      4.40    12     25.47      0.00      4.07
 1494583723.53     0     31.46      0.00      4.41    12     25.48      0.00      4.05
 1494583723.63     0     31.50      0.00      4.41    12     25.73      0.00      4.14
 1494583723.73     0     31.53      0.00      4.40    12     25.46      0.00      4.04
 1494583723.83     0     31.81      0.00      4.45    12     25.46      0.00      4.05
 1494583723.93     0     31.48      0.00      4.42    12     25.47      0.00      4.15
 1494583724.03     0     31.50      0.00      4.43    12     25.49      0.00      4.12
 1494583724.13     0     31.41      0.00      4.30    12     25.49      0.00      4.13
 1494583724.23     0     31.49      0.00      4.40    12     25.51      0.00      4.17
 1494583724.33     0     31.55      0.00      4.39    12     25.45      0.00      4.15
 1494583724.43     0     31.52      0.00      4.40    12     25.49      0.00      4.13
 1494583724.53     0     31.53      0.00      4.39    12     25.46      0.00      4.09
 1494583724.63     0     31.52      0.00      4.38    12     25.41      0.00      4.05
 1494583724.73     0     31.58      0.00      4.39    12     25.38      0.00      4.13
 1494583724.83     0     31.52      0.00      4.35    12     25.67      0.00      4.06
 1494583724.93     0     31.62      0.00      4.37    12     25.39      0.00      4.14
 1494583725.03     0     31.58      0.00      4.39    12     25.37      0.00      4.12
 1494583725.13     0     31.61      0.00      4.42    12     25.34      0.00      4.11
 1494583725.23     0     31.98      0.00      4.40    12     25.34      0.00      4.13
 1494583725.33     0     31.60      0.00      4.38    12     25.30      0.00      4.05
 1494583725.43     0     31.64      0.00      4.40    12     25.34      0.00      4.13
 1494583725.53     0     31.56      0.00      4.39    12     25.26      0.00      4.17
 1494583725.63     0     31.58      0.00      4.35    12     25.34      0.00      4.08
 1494583725.73     0     31.51      0.00      4.35    12     25.43      0.00      4.15
 1494583725.83     0     31.64      0.00      4.38    12     25.44      0.00      4.12
 1494583725.93     0     31.51      0.00      4.40    12     25.41      0.00      4.10
 1494583726.03     0     31.55      0.00      4.42    12     25.35      0.00      4.10
 1494583726.13     0     31.62      0.00      4.42    12     25.61      0.00      4.12
 1494583726.23     0     31.61      0.00      4.38    12     25.41      0.00      4.11
 1494583726.33     0     31.65      0.00      4.39    12     25.37      0.00      4.02
 1494583726.43     0     31.62      0.00      4.41    12     25.50      0.00      4.09
 1494583726.53     0     31.67      0.00      4.40    12     25.39      0.00      4.09
 1494583726.63     0     31.89      0.00      4.45    12     25.40      0.00      4.10
 1494583726.73     0     31.57      0.00      4.35    12     25.42      0.00      4.15
 1494583726.83     0     31.57      0.00      4.33    12     25.43      0.00      4.11
 1494583726.93     0     31.63      0.00      4.39    12     25.36      0.00      4.12
 1494583727.03     0     31.55      0.00      4.36    12     25.44      0.00      4.06
 1494583727.13     0     31.52      0.00      4.41    12     25.47      0.00      4.12
 1494583727.23     0     31.55      0.00      4.39    12     25.41      0.00      4.07
 1494583727.33     0     31.61      0.00      4.44    12     25.38      0.00      4.09
 1494583727.43     0     31.58      0.00      4.37    12     25.64      0.00      4.11
 1494583727.53     0     31.68      0.00      4.40    12     25.39      0.00      4.15
 1494583727.63     0     31.59      0.00      4.32    12     25.39      0.00      3.98
 1494583727.73     0     31.55      0.00      4.33    12     25.32      0.00      4.07
 1494583727.83     0     31.66      0.00      4.41    12     25.34      0.00      4.17
 1494583727.93     0     31.96      0.00      4.44    12     25.39      0.00      4.08
 1494583728.03     0     31.31      0.00      4.36    12     25.35      0.00      4.07
 1494583728.13     0     31.90      0.00      4.45    12     25.34      0.00      4.08
 1494583728.23     0     31.57      0.00      4.42    12     25.39      0.00      4.11
 1494583728.33     0     31.61      0.00      4.41    12     25.39      0.00      4.13
 1494583728.43     0     31.59      0.00      4.43    12     25.41      0.00      4.12
 1494583728.53     0     31.59      0.00      4.35    12     25.45      0.00      4.09
 1494583728.63     0     31.57      0.00      4.34    12     25.46      0.00      4.04
 1494583728.73     0     31.62      0.00      4.39    12     25.72      0.00      4.16
 1494583728.83     0     31.54      0.00      4.35    12     25.53      0.00      4.13
 1494583728.93     0     31.57      0.00      4.39    12     25.45      0.00      4.19
 1494583729.03     0     31.61      0.00      4.35    12     25.51      0.00      4.17
 1494583729.13     0     31.66      0.00      4.41    12     25.47      0.00      4.06
 1494583729.23     0     31.60      0.00      4.40    12     25.48      0.00      4.11
 1494583729.33     0     31.58      0.00      4.41    12     25.45      0.00      4.11
 1494583729.43     0     31.55      0.00      4.44    12     25.50      0.00      4.02
 1494583729.53     0     31.83      0.00      4.45    12     25.47      0.00      4.05
 1494583729.63     0     31.54      0.00      4.40    12     25.45      0.00      4.07
 1494583729.74     0     31.56      0.00      4.36    12     25.44      0.00      4.10
 1494583729.84     0     31.53      0.00      4.40    12     25.55      0.00      4.08
 1494583729.94     0     31.52      0.00      4.41    12     25.75      0.00      4.16
 1494583730.04     0     31.58      0.00      4.40    12     25.30      0.00      4.17
 1494583730.14     0     31.61      0.00      4.39    12     25.72      0.00      4.15
 1494583730.24     0     31.61      0.00      4.37    12     25.47      0.00      4.17
 1494583730.34     0     31.55      0.00      4.40    12     25.49      0.00      4.06
 1494583730.44     0     31.60      0.00      4.36    12     25.46      0.00      3.98
 1494583730.54     0     31.51      0.00      4.37    12     25.41      0.00      4.14
 1494583730.64     0     31.60      0.00      4.43    12     25.49      0.00      4.00
 1494583730.74     0     31.58      0.00      4.37    12     25.49      0.00      4.07
 1494583730.84     0     31.88      0.00      4.44    12     25.41      0.00      4.15
 1494583730.94     0     31.54      0.00      4.35    12     25.46      0.00      4.16
 1494583731.04     0     31.57      0.00      4.35    12     25.54      0.00      4.02
 1494583731.14     0     31.57      0.00      4.35    12     25.56      0.00      4.03
 1494583731.24     0     31.59      0.00      4.37    12     25.48      0.00      4.13
 1494583731.34     0     31.56      0.00      4.39    12     25.78      0.00      4.18
 1494583731.44     0     31.59      0.00      4.39    12     25.48      0.00      4.13
 1494583731.54     0     31.60      0.00      4.41    12     25.49      0.00      4.05
 1494583731.64     0     31.52      0.00      4.39    12     25.54      0.00      4.07
 1494583731.74     0     31.59      0.00      4.38    12     25.51      0.00      3.95
 1494583731.84     0     31.54      0.00      4.34    12     25.52      0.00      4.10
 1494583731.94     0     31.58      0.00      4.36    12     25.52      0.00      4.12
 1494583732.04     0     31.64      0.00      4.43    12     25.52      0.00      4.06
 1494583732.14     0     31.61      0.00      4.32    12     25.47      0.00      4.09
 1494583732.24     0     31.89      0.00      4.40    12     25.46      0.00      4.13
 1494583732.34     0     31.35      0.00      4.37    12     25.55      0.00      4.07
 1494583732.44     0     31.86      0.00      4.46    12     25.49      0.00      4.15
 1494583732.54     0     31.61      0.00      4.35    12     25.50      0.00      4.16
 1494583732.64     0     31.58      0.00      4.42    12     25.76      0.00      4.06
 1494583732.74     0     31.71      0.00      4.42    12     25.42      0.00      4.12
 1494583732.84     0     31.61      0.00      4.32    12     25.43      0.00      4.04
 1494583732.94     0     31.64      0.00      4.40    12     25.42      0.00      4.13
 1494583733.04     0     31.81      0.00      4.39    12     25.44      0.00      4.05
 1494583733.14     0     31.67      0.00      4.26    12     25.44      0.00      4.06
 1494583733.24     0     31.61      0.00      4.42    12     25.45      0.00      4.00
 1494583733.34     0     31.71      0.00      4.35    12     25.43      0.00      4.07
 1494583733.44     0     31.67      0.00      4.41    12     25.49      0.00      4.14
 1494583733.54     0     31.61      0.00      4.41    12     25.44      0.00      4.13
 1494583733.64     0     31.94      0.00      4.45    12     25.51      0.00      4.17
 1494583733.74     0     31.66      0.00      4.43    12     25.50      0.00      4.17
 1494583733.84     0     31.76      0.00      4.42    12     25.41      0.00      4.12
 1494583733.94     0     31.64      0.00      4.40    12     25.68      0.00      4.16
 1494583734.04     0     31.66      0.00      4.41    12     25.43      0.00      4.16
 1494583734.14     0     31.68      0.00      4.40    12     25.48      0.00      4.16
 1494583734.24     0     31.69      0.00      4.31    12     25.51      0.00      4.10
 1494583734.34     0     31.65      0.00      4.33    12     25.52      0.00      4.11
 1494583734.44     0     31.77      0.00      4.25    12     25.48      0.00      4.08
 1494583734.54     0     31.65      0.00      4.36    12     25.46      0.00      4.10
 1494583734.64     0     31.68      0.00      4.41    12     25.47      0.00      4.13
 1494583734.74     0     31.75      0.00      4.41    12     25.44      0.00      4.20
 1494583734.84     0     31.79      0.00      4.42    12     25.48      0.00      4.13
 1494583734.94     0     31.62      0.00      4.42    12     25.44      0.00      4.12
 1494583735.04     0     31.91      0.00      4.61    12     25.65      0.00      4.38
 1494583735.14     0     31.97      0.00      4.45    12     25.41      0.00      4.03
 1494583735.24     0     31.60      0.00      4.41    12     25.76      0.00      4.09
 1494583735.34     0     31.70      0.00      4.40    12     25.47      0.00      4.13
 1494583735.44     0     31.57      0.00      4.38    12     25.37      0.00      4.08
 1494583735.54     0     31.80      0.00      4.36    12     25.51      0.00      4.00
 1494583735.64     0     31.54      0.00      4.41    12     25.49      0.00      3.90
 1494583735.74     0     31.63      0.00      4.40    12     25.54      0.00      4.08
 1494583735.85     0     31.78      0.00      4.43    12     25.47      0.00      4.03
 1494583735.95     0     31.70      0.00      4.46    12     25.44      0.00      4.19
 1494583736.05     0     31.59      0.00      4.42    12     25.48      0.00      4.12
 1494583736.15     0     31.72      0.00      4.42    12     25.52      0.00      3.94
 1494583736.25     0     31.60      0.00      4.36    12     25.49      0.00      4.16
 1494583736.35     0     31.56      0.00      4.31    12     25.50      0.00      4.15
 1494583736.45     0     31.88      0.00      4.40    12     25.41      0.00      4.17
 1494583736.55     0     31.42      0.00      4.34    12     25.73      0.00      4.22
 1494583736.65     0     32.04      0.00      4.45    12     25.52      0.00      4.07
 1494583736.75     0     31.61      0.00      4.31    12     25.45      0.00      4.09
 1494583736.85     0     31.67      0.00      4.31    12     25.49      0.00      4.11
 1494583736.95     0     31.53      0.00      4.48    12     25.53      0.00      4.07
 1494583737.05     0     31.45      0.00      4.43    12     25.52      0.00      4.15
 1494583737.15     0     31.50      0.00      4.40    12     25.53      0.00      4.08
 1494583737.25     0     31.60      0.00      4.36    12     25.47      0.00      4.17
 1494583737.35     0     31.52      0.00      4.41    12     25.54      0.00      4.11
 1494583737.45     0     31.54      0.00      4.39    12     25.43      0.00      4.13
 1494583737.55     0     31.61      0.00      4.38    12     25.46      0.00      4.13
 1494583737.65     0     31.75      0.00      4.33    12     25.54      0.00      4.05
 1494583737.75     0     31.50      0.00      4.37    12     25.50      0.00      4.09
 1494583737.85     0     31.53      0.00      4.32    12     25.76      0.00      4.09
 1494583737.95     0     31.96      0.00      4.36    12     25.52      0.00      4.03
 1494583738.05     0     31.63      0.00      4.37    12     25.50      0.00      4.06
 1494583738.15     0     31.78      0.00      4.42    12     25.52      0.00      4.14
 1494583738.25     0     31.66      0.00      4.40    12     25.51      0.00      4.14
 1494583738.35     0     31.74      0.00      4.39    12     25.50      0.00      4.11
 1494583738.45     0     31.61      0.00      4.39    12     25.48      0.00      4.12
 1494583738.55     0     31.68      0.00      4.40    12     25.41      0.00      4.08
 1494583738.65     0     31.66      0.00      4.35    12     25.45      0.00      4.07
 1494583738.75     0     31.63      0.00      4.35    12     25.50      0.00      4.04
 1494583738.85     0     31.70      0.00      4.35    12     25.43      0.00      4.14
 1494583738.95     0     31.78      0.00      4.37    12     25.53      0.00      4.12
 1494583739.05     0     31.96      0.00      4.46    12     25.76      0.00      4.12
 1494583739.15     0     31.70      0.00      4.45    12     25.28      0.00      4.03
 1494583739.25     0     31.68      0.00      4.43    12     25.75      0.00      4.12
 1494583739.35     0     32.00      0.00      4.44    12     25.52      0.00      4.14
 1494583739.45     0     31.66      0.00      4.41    12     25.53      0.00      4.13
 1494583739.55     0     31.62      0.00      4.39    12     25.53      0.00      4.13
 1494583739.65     0     31.64      0.00      4.35    12     25.47      0.00      4.11
 1494583739.75     0     31.64      0.00      4.31    12     25.51      0.00      4.07
 1494583739.85     0     31.73      0.00      4.41    12     25.54      0.00      4.00
 1494583739.95     0     31.64      0.00      4.36    12     25.52      0.00      4.16
 1494583740.05     0     31.78      0.00      4.36    12     25.54      0.00      4.14
 1494583740.15     0     31.71      0.00      4.39    12     25.52      0.00      4.14
 1494583740.25     0     31.66      0.00      4.39    12     25.54      0.00      4.17
 1494583740.35     0     31.74      0.00      4.41    12     25.51      0.00      4.09
 1494583740.45     0     31.69      0.00      4.41    12     25.72      0.00      4.17
 1494583740.55     0     31.73      0.00      4.41    12     25.50      0.00      4.13
 1494583740.65     0     31.74      0.00      4.41    12     25.44      0.00      4.08
 1494583740.75     0     32.00      0.00      4.46    12     25.53      0.00      3.94
 1494583740.85     0     31.73      0.00      4.39    12     25.54      0.00      4.12
 1494583740.95     0     31.67      0.00      4.41    12     25.54      0.00      4.13
 1494583741.05     0     31.68      0.00      4.35    12     25.53      0.00      4.00
 1494583741.15     0     31.68      0.00      4.40    12     25.49      0.00      4.12
 1494583741.25     0     31.72      0.00      4.33    12     25.52      0.00      4.07
 1494583741.35     0     31.70      0.00      4.39    12     25.48      0.00      4.11
 1494583741.45     0     31.80      0.00      4.37    12     25.48      0.00      4.16
 1494583741.55     0     31.71      0.00      4.37    12     25.44      0.00      4.17
 1494583741.65     0     31.68      0.00      4.36    12     25.43      0.00      4.03
 1494583741.75     0     31.72      0.00      4.40    12     25.76      0.00      4.24
 1494583741.85     0     31.69      0.00      4.41    12     25.46      0.00      3.99
 1494583741.96     0     31.76      0.00      4.40    12     25.51      0.00      4.01
 1494583742.06     0     31.73      0.00      4.41    12     25.50      0.00      4.10
 1494583742.16     0     32.05      0.00      4.40    12     25.47      0.00      4.13
 1494583742.26     0     31.74      0.00      4.44    12     25.42      0.00      4.13
 1494583742.36     0     31.72      0.00      4.41    12     25.50      0.00      4.16
 1494583742.46     0     31.67      0.00      4.43    12     25.46      0.00      4.02
 1494583742.56     0     31.68      0.00      4.40    12     25.51      0.00      4.06
 1494583742.66     0     31.62      0.00      4.40    12     25.53      0.00      4.12
 1494583742.76     0     31.68      0.00      4.32    12     25.52      0.00      4.16
 1494583742.86     0     31.71      0.00      4.39    12     25.52      0.00      4.13
 1494583742.96     0     31.78      0.00      4.32    12     25.80      0.00      4.07
 1494583743.06     0     31.70      0.00      4.41    12     25.49      0.00      4.11
 1494583743.16     0     31.76      0.00      4.36    12     25.56      0.00      4.05
 1494583743.26     0     31.72      0.00      4.37    12     25.54      0.00      3.97
 1494583743.36     0     31.71      0.00      4.36    12     25.51      0.00      4.09
 1494583743.46     0     31.70      0.00      4.39    12     25.54      0.00      4.06
 1494583743.56     0     32.00      0.00      4.37    12     25.54      0.00      4.08
 1494583743.66     0     31.65      0.00      4.45    12     25.51      0.00      4.16
 1494583743.76     0     31.71      0.00      4.41    12     25.57      0.00      4.12
 1494583743.86     0     31.74      0.00      4.40    12     25.51      0.00      4.14
 1494583743.96     0     31.70      0.00      4.40    12     25.53      0.00      4.19
 1494583744.06     0     31.75      0.00      4.40    12     25.49      0.00      4.10
 1494583744.16     0     31.70      0.00      4.39    12     25.52      0.00      4.12
 1494583744.26     0     31.70      0.00      4.39    12     25.54      0.00      4.01
 1494583744.36     0     31.73      0.00      4.40    12     25.78      0.00      3.99
 1494583744.46     0     31.67      0.00      4.37    12     25.51      0.00      4.08
 1494583744.56     0     31.73      0.00      4.41    12     25.51      0.00      4.08
 1494583744.66     0     31.66      0.00      4.42    12     25.48      0.00      4.09
 1494583744.76     0     31.68      0.00      4.36    12     25.50      0.00      4.05
 1494583744.86     0     31.66      0.00      4.41    12     25.48      0.00      4.00
 1494583744.96     0     32.04      0.00      4.41    12     25.45      0.00      4.17
 1494583745.06     0     31.70      0.00      4.40    12     25.46      0.00      4.09
 1494583745.16     0     31.40      0.00      4.36    12     25.44      0.00      4.16
 1494583745.26     0     32.08      0.00      4.40    12     25.50      0.00      4.09
 1494583745.36     0     31.73      0.00      4.42    12     25.46      0.00      4.09
 1494583745.46     0     31.66      0.00      4.36    12     25.52      0.00      3.98
 1494583745.56     0     31.74      0.00      4.40    12     25.46      0.00      4.12
 1494583745.66     0     31.71      0.00      4.42    12     25.80      0.00      4.01
 1494583745.76     0     31.69      0.00      4.43    12     25.57      0.00      4.01
 1494583745.86     0     31.70      0.00      4.32    12     25.47      0.00      4.04
 1494583745.96     0     31.63      0.00      4.36    12     25.48      0.00      4.14
 1494583746.06     0     31.65      0.00      4.40    12     25.54      0.00      4.08
 1494583746.16     0     31.70      0.00      4.40    12     25.47      0.00      4.07
 1494583746.26     0     31.68      0.00      4.41    12     25.47      0.00      4.17
 1494583746.36     0     31.60      0.00      4.41    12     25.48      0.00      4.17
 1494583746.46     0     31.64      0.00      4.36    12     25.49      0.00      4.03
 1494583746.56     0     32.04      0.00      4.42    12     25.48      0.00      4.13
 1494583746.66     0     31.74      0.00      4.40    12     25.48      0.00      4.12
 1494583746.76     0     31.78      0.00      4.41    12     25.44      0.00      4.16
 1494583746.86     0     31.75      0.00      4.42    12     25.47      0.00      4.07
 1494583746.96     0     31.70      0.00      4.36    12     25.48      0.00      4.13
 1494583747.06     0     31.79      0.00      4.35    12     25.78      0.00      4.17
 1494583747.16     0     31.77      0.00      4.40    12     25.53      0.00      4.11
 1494583747.26     0     31.74      0.00      4.41    12     25.52      0.00      4.16
 1494583747.36     0     31.83      0.00      4.39    12     25.48      0.00      4.18
 1494583747.46     0     31.72      0.00      4.41    12     25.52      0.00      4.05
 1494583747.56     0     31.77      0.00      4.27    12     25.52      0.00      4.15
 1494583747.66     0     31.73      0.00      4.41    12     25.53      0.00      4.02
 1494583747.76     0     31.73      0.00      4.40    12     25.51      0.00      4.11
 1494583747.86     0     31.99      0.00      4.43    12     25.51      0.00      4.12
 1494583747.96     0     31.71      0.00      4.40    12     25.46      0.00      4.17
 1494583748.06     0     31.68      0.00      4.41    12     25.50      0.00      4.13
 1494583748.17     0     31.72      0.00      4.40    12     25.47      0.00      4.12
 1494583748.27     0     31.62      0.00      4.41    12     25.56      0.00      4.14
 1494583748.37     0     31.71      0.00      4.40    12     25.71      0.00      4.20
 1494583748.47     0     31.60      0.00      4.41    12     25.48      0.00      4.11
 1494583748.57     0     31.70      0.00      4.41    12     25.52      0.00      4.12
 1494583748.67     0     31.67      0.00      4.36    12     25.51      0.00      4.14
 1494583748.77     0     31.69      0.00      4.35    12     25.46      0.00      4.09
 1494583748.87     0     31.66      0.00      4.36    12     25.49      0.00      4.03
 1494583748.97     0     31.71      0.00      4.38    12     25.48      0.00      4.05
 1494583749.07     0     31.77      0.00      4.44    12     25.50      0.00      4.12
 1494583749.17     0     32.04      0.00      4.45    12     25.48      0.00      4.09
 1494583749.27     0     31.71      0.00      4.40    12     25.47      0.00      4.11
 1494583749.37     0     31.65      0.00      4.41    12     25.47      0.00      4.11
 1494583749.47     0     31.67      0.00      4.32    12     25.48      0.00      4.06
 1494583749.57     0     31.72      0.00      4.42    12     25.48      0.00      4.12
 1494583749.67     0     31.68      0.00      4.41    12     25.77      0.00      4.08
 1494583749.77     0     31.67      0.00      4.40    12     25.50      0.00      4.17
 1494583749.87     0     31.64      0.00      4.40    12     25.49      0.00      4.12
 1494583749.97     0     31.72      0.00      4.41    12     25.46      0.00      4.14
 1494583750.07     0     31.69      0.00      4.55    12     25.49      0.00      4.17
 1494583750.17     0     31.65      0.00      4.41    12     25.38      0.00      4.12
 1494583750.27     0     31.69      0.00      4.39    12     25.41      0.00      4.12
 1494583750.37     0     31.72      0.00      4.42    12     25.43      0.00      4.11
 1494583750.47     0     31.60      0.00      4.36    12     25.38      0.00      4.18
 1494583750.57     0     31.92      0.00      4.60    12     25.39      0.00      4.23
 1494583750.67     0     32.54      0.00      6.81    12     25.39      0.00      4.53
 1494583750.77     0     32.70      0.00      6.69    12     25.43      0.00      4.18
 1494583750.87     0     32.36      0.00      6.70    12     25.40      0.00      4.16
 1494583750.97     0     32.37      0.00      6.62    12     25.64      0.00      4.11
 1494583751.07     0     32.35      0.00      6.73    12     25.52      0.00      4.09
 1494583751.17     0     32.34      0.00      6.52    12     25.41      0.00      4.06
 1494583751.27     0     44.17      0.00      9.93    12     35.99      0.00      6.54
 1494583751.37     0     36.98      0.00      8.60    12     32.08      0.00      4.61
 1494583751.47     0     32.57      0.00      6.90    12     25.49      0.00      4.13
 1494583751.57     0     32.59      0.00      7.27    12     25.48      0.00      4.16
 1494583751.67     0     32.65      0.00      7.31    12     25.41      0.00      4.07
 1494583751.77     0     32.61      0.00      7.33    12     25.54      0.00      4.16
 1494583751.87     0     32.58      0.00      7.33    12     25.39      0.00      4.15
 1494583751.97     0     31.76      0.00      5.90    12     25.35      0.00      4.21
 1494583752.07     0     32.60      0.00      6.62    12     25.40      0.00      4.16
 1494583752.17     0     32.22      0.00      6.37    12     25.68      0.00      4.10
 1494583752.27     0     32.27      0.00      6.36    12     25.47      0.00      4.21
 1494583752.37     0     32.33      0.00      6.54    12     25.49      0.00      4.17
 1494583752.47     0     32.43      0.00      6.46    12     25.51      0.00      4.07
 1494583752.57     0     32.44      0.00      6.41    12     25.51      0.00      4.05
 1494583752.67     0     32.50      0.00      6.47    12     25.46      0.00      4.04
 1494583752.77     0     32.38      0.00      6.43    12     25.49      0.00      4.05
 1494583752.87     0     32.42      0.00      6.50    12     25.48      0.00      3.99
 1494583752.97     0     32.44      0.00      6.46    12     25.48      0.00      4.08
 1494583753.07     0     32.33      0.00      6.46    12     25.46      0.00      4.15
 1494583753.17     0     32.29      0.00      6.76    12     25.51      0.00      4.06
 1494583753.27     0     32.06      0.00      6.12    12     25.51      0.00      4.20
 1494583753.37     0     32.03      0.00      5.88    12     25.46      0.00      4.11
 1494583753.47     0     32.40      0.00      5.84    12     25.67      0.00      3.95
 1494583753.57     0     31.96      0.00      5.74    12     25.13      0.00      4.03
 1494583753.67     0     31.91      0.00      5.67    12     25.75      0.00      4.03
 1494583753.77     0     31.95      0.00      5.62    12     25.47      0.00      4.12
 1494583753.87     0     31.84      0.00      5.64    12     25.49      0.00      4.17
 1494583753.97     0     31.68      0.00      5.73    12     25.46      0.00      4.11
 1494583754.07     0     31.60      0.00      5.90    12     25.44      0.00      4.17
 1494583754.17     0     31.46      0.00      5.99    12     25.47      0.00      4.18
 1494583754.28     0     31.56      0.00      5.94    12     25.42      0.00      4.14
 1494583754.38     0     31.45      0.00      5.97    12     25.45      0.00      4.06
 1494583754.48     0     31.44      0.00      5.99    12     25.38      0.00      4.13
 1494583754.58     0     31.39      0.00      6.19    12     25.47      0.00      4.18
 1494583754.68     0     31.30      0.00      6.22    12     25.48      0.00      4.14
 1494583754.78     0     31.36      0.00      6.27    12     25.73      0.00      4.01
 1494583754.88     0     31.39      0.00      6.31    12     25.45      0.00      4.18
 1494583754.98     0     31.63      0.00      6.40    12     25.47      0.00      4.12
 1494583755.08     0     31.33      0.00      6.35    12     25.43      0.00      4.02
 1494583755.18     0     31.28      0.00      6.34    12     25.46      0.00      4.08
 1494583755.28     0     31.28      0.00      6.39    12     25.33      0.00      4.15
 1494583755.38     0     31.27      0.00      6.32    12     25.46      0.00      4.09
 1494583755.48     0     31.26      0.00      6.38    12     25.47      0.00      4.18
 1494583755.58     0     31.32      0.00      6.32    12     25.54      0.00      4.02
 1494583755.68     0     31.32      0.00      6.41    12     25.54      0.00      4.17
 1494583755.78     0     31.29      0.00      6.42    12     25.46      0.00      4.16
 1494583755.88     0     31.28      0.00      6.41    12     25.42      0.00      4.09
 1494583755.98     0     31.32      0.00      6.42    12     25.49      0.00      4.05
 1494583756.08     0     31.36      0.00      6.42    12     25.45      0.00      4.12
 1494583756.18     0     31.36      0.00      6.30    12     25.50      0.00      4.12
 1494583756.28     0     31.31      0.00      6.42    12     25.80      0.00      4.03
 1494583756.38     0     31.62      0.00      6.36    12     25.42      0.00      4.13
 1494583756.48     0     31.29      0.00      6.48    12     25.49      0.00      4.17
 1494583756.58     0     31.34      0.00      6.34    12     25.50      0.00      4.14
 1494583756.68     0     31.34      0.00      6.43    12     25.51      0.00      4.17
 1494583756.78     0     31.35      0.00      6.41    12     25.52      0.00      4.12
 1494583756.88     0     31.35      0.00      6.40    12     25.44      0.00      4.05
 1494583756.98     0     31.38      0.00      6.42    12     25.49      0.00      4.12
 1494583757.08     0     31.29      0.00      6.41    12     25.49      0.00      4.12
 1494583757.18     0     31.33      0.00      6.37    12     25.44      0.00      4.15
 1494583757.28     0     31.36      0.00      6.41    12     25.51      0.00      4.00
 1494583757.38     0     31.28      0.00      6.36    12     25.51      0.00      4.03
 1494583757.48     0     31.34      0.00      6.41    12     25.51      0.00      4.10
 1494583757.58     0     31.31      0.00      6.38    12     25.46      0.00      4.17
 1494583757.68     0     31.32      0.00      6.38    12     25.75      0.00      4.16
 1494583757.78     0     31.33      0.00      6.38    12     25.54      0.00      4.11
 1494583757.88     0     31.66      0.00      6.43    12     25.53      0.00      4.19
 1494583757.98     0     31.34      0.00      6.32    12     25.47      0.00      4.08
 1494583758.08     0     31.36      0.00      6.37    12     25.48      0.00      4.16
 1494583758.18     0     31.31      0.00      6.33    12     25.52      0.00      4.10
 1494583758.28     0     31.35      0.00      6.19    12     25.49      0.00      4.03
 1494583758.38     0     31.32      0.00      6.31    12     25.45      0.00      4.05
 1494583758.48     0     31.41      0.00      6.18    12     25.47      0.00      4.18
 1494583758.58     0     31.36      0.00      6.04    12     25.49      0.00      4.17
 1494583758.68     0     31.40      0.00      6.07    12     25.49      0.00      4.09
 1494583758.78     0     31.44      0.00      6.01    12     25.47      0.00      4.09
 1494583758.88     0     31.60      0.00      5.93    12     25.75      0.00      4.22
 1494583758.98     0     31.67      0.00      5.86    12     25.52      0.00      4.12
 1494583759.08     0     32.17      0.00      5.88    12     25.52      0.00      4.02
 1494583759.18     0     31.67      0.00      5.65    12     25.50      0.00      4.12
 1494583759.28     0     32.26      0.00      5.67    12     25.46      0.00      4.05
 1494583759.38     0     32.00      0.00      5.61    12     25.45      0.00      4.09
 1494583759.48     0     32.23      0.00      6.03    12     25.56      0.00      4.38
 1494583759.58     0     32.66      0.00      6.11    12     25.98      0.00      4.92
 1494583759.68     0     32.68      0.00      6.21    12     25.92      0.00      4.91
 1494583759.78     0     32.64      0.00      6.23    12     26.00      0.00      4.90
 1494583759.88     0     32.69      0.00      6.10    12     25.97      0.00      4.91
 1494583759.98     0     32.75      0.00      4.92    12     25.93      0.00      4.87
 1494583760.08     0     32.72      0.00      5.85    12     25.99      0.00      4.97
 1494583760.18     0     32.51      0.00      5.96    12     26.15      0.00      4.89
 1494583760.28     0     33.25      0.00      6.82    12     25.49      0.00      4.18
 1494583760.39     0     33.59      0.00      6.87    12     25.51      0.00      4.08
 1494583760.49     0     33.04      0.00      6.94    12     25.53      0.00      4.06
 1494583760.59     0     33.30      0.00      6.88    12     25.53      0.00      4.03
 1494583760.69     0     32.98      0.00      6.84    12     25.55      0.00      4.14
 1494583760.79     0     33.46      0.00      7.84    12     25.56      0.00      4.17
 1494583760.89     0     33.12      0.00      5.66    12     25.54      0.00      4.13
 1494583760.99     0     33.20      0.00      6.09    12     25.47      0.00      4.18
 1494583761.09     0     33.55      0.00      6.36    12     25.50      0.00      4.02
 1494583761.19     0     33.64      0.00      4.53    12     25.43      0.00      4.10
 1494583761.29     0     48.19      0.00     10.14    12     40.35      0.00      9.86
 1494583761.39     0     58.96      0.00      9.35    12     49.71      0.00      6.38
 1494583761.49     0     64.91      0.00      9.40    12     60.09      0.00      6.36
 1494583761.59     0     61.75      0.00     10.02    12     58.32      0.00      7.93
 1494583761.69     0     67.04      0.00     13.32    12     65.70      0.00     12.02
 1494583761.79     0     66.32      0.00     13.45    12     66.33      0.00     11.29
 1494583761.89     0     39.25      0.00      8.21    12     34.88      0.00      6.15
 1494583761.99     0     32.92      0.00      7.03    12     25.49      0.00      4.13
 1494583762.09     0     33.10      0.00      7.42    12     25.53      0.00      4.17
 1494583762.19     0     32.95      0.00      7.22    12     25.69      0.00      5.27
 1494583762.29     0     32.73      0.00      4.56    12     26.30      0.00      8.06
 1494583762.39     0     32.45      0.00      4.41    12     26.22      0.00      7.66
 1494583762.49     0     32.46      0.00      4.42    12     26.22      0.00      7.75
 1494583762.59     0     32.19      0.00      5.29    12     25.83      0.00      6.49
 1494583762.69     0     32.17      0.00      5.73    12     25.61      0.00      5.16
 1494583762.79     0     31.75      0.00      4.32    12     25.52      0.00      4.13
 1494583762.89     0     31.75      0.00      4.40    12     25.48      0.00      4.13
 1494583762.99     0     31.72      0.00      4.41    12     25.46      0.00      4.01
 1494583763.09     0     31.70      0.00      4.43    12     25.66      0.00      4.17
 1494583763.19     0     31.73      0.00      4.36    12     25.25      0.00      4.12
 1494583763.29     0     31.75      0.00      4.35    12     25.69      0.00      4.21
 1494583763.39     0     31.81      0.00      4.40    12     25.46      0.00      4.14
 1494583763.49     0     31.79      0.00      4.41    12     25.46      0.00      4.01
 1494583763.59     0     32.46      0.00      5.73    12     25.50      0.00      4.35
 1494583763.69     0     32.52      0.00      6.17    12     25.43      0.00      4.18
 1494583763.79     0     32.55      0.00      6.25    12     25.46      0.00      4.14
 1494583763.89     0     32.76      0.00      5.46    12     25.71      0.00      6.52
 1494583763.99     0     32.43      0.00      5.39    12     25.73      0.00      6.41
 1494583764.09     0     32.97      0.00      6.03    12     25.52      0.00      4.63
 1494583764.19     0     33.48      0.00      6.42    12     25.40      0.00      4.11
 1494583764.29     0     33.48      0.00      6.14    12     25.46      0.00      4.19
 1494583764.39     0     33.53      0.00      6.34    12     25.42      0.00      4.13
 1494583764.49     0     33.58      0.00      6.32    12     25.43      0.00      4.05
 1494583764.59     0     33.41      0.00      6.13    12     25.62      0.00      5.12
 1494583764.69     0     33.35      0.00      6.09    12     25.64      0.00      6.26
 1494583764.79     0     33.35      0.00      6.02    12     25.94      0.00      6.23
 1494583764.89     0     33.23      0.00      5.88    12     25.66      0.00      5.90
 1494583764.99     0     32.77      0.00      5.76    12     25.67      0.00      5.77
 1494583765.09     0     32.53      0.00      6.56    12     25.58      0.00      4.55
 1494583765.19     0     32.46      0.00      6.00    12     25.56      0.00      4.60
 1494583765.29     0     32.26      0.00      5.80    12     25.55      0.00      4.44
 1494583765.39     0     32.05      0.00      5.49    12     25.60      0.00      5.39
 1494583765.49     0     32.03      0.00      5.45    12     25.52      0.00      5.26
 1494583765.59     0     31.93      0.00      5.44    12     25.60      0.00      5.37
 1494583765.69     0     32.23      0.00      5.50    12     25.57      0.00      5.12
 1494583765.79     0     31.66      0.00      5.51    12     25.57      0.00      5.36
 1494583765.89     0     31.31      0.00      5.49    12     25.59      0.00      5.43
 1494583765.99     0     31.32      0.00      5.50    12     25.51      0.00      5.35
 1494583766.09     0     31.27      0.00      5.50    12     25.83      0.00      5.55
 1494583766.19     0     31.31      0.00      5.50    12     25.59      0.00      5.06
 1494583766.29     0     31.26      0.00      5.44    12     25.58      0.00      5.58
 1494583766.39     0     31.30      0.00      5.52    12     25.55      0.00      5.27
 1494583766.49     0     31.31      0.00      5.52    12     25.60      0.00      5.19
 1494583766.59     0     31.29      0.00      5.46    12     25.51      0.00      5.58
 1494583766.69     0     31.32      0.00      5.43    12     25.48      0.00      5.37
 1494583766.79     0     31.27      0.00      5.57    12     25.52      0.00      5.27
 1494583766.90     0     31.32      0.00      5.58    12     25.51      0.00      5.17
 1494583767.00     0     31.33      0.00      5.53    12     25.57      0.00      5.63
 1494583767.10     0     31.62      0.00      5.54    12     25.56      0.00      5.28
 1494583767.20     0     31.32      0.00      5.44    12     25.52      0.00      5.06
 1494583767.30     0     31.30      0.00      5.57    12     25.50      0.00      5.49
 1494583767.40     0     31.32      0.00      5.54    12     25.53      0.00      5.38
 1494583767.50     0     31.31      0.00      5.60    12     25.75      0.00      5.17
 1494583767.60     0     31.31      0.00      5.53    12     25.52      0.00      5.15
 1494583767.70     0     31.34      0.00      5.53    12     25.52      0.00      5.66
 1494583767.80     0     31.27      0.00      5.55    12     25.52      0.00      5.22
 1494583767.90     0     31.34      0.00      5.37    12     25.54      0.00      4.94
 1494583768.00     0     31.29      0.00      5.61    12     25.49      0.00      5.14
 1494583768.10     0     31.31      0.00      5.52    12     25.57      0.00      5.62
 1494583768.20     0     31.29      0.00      5.59    12     25.48      0.00      5.12
 1494583768.30     0     31.28      0.00      5.58    12     25.46      0.00      5.05
 1494583768.40     0     31.63      0.00      5.59    12     25.50      0.00      5.20
 1494583768.50     0     31.29      0.00      5.53    12     25.51      0.00      5.56
 1494583768.60     0     31.29      0.00      5.57    12     25.55      0.00      5.10
 1494583768.70     0     31.39      0.00      5.59    12     25.74      0.00      5.13
 1494583768.80     0     31.26      0.00      5.61    12     25.58      0.00      5.15
 1494583768.90     0     31.28      0.00      5.54    12     25.47      0.00      5.36
 1494583769.00     0     31.26      0.00      5.43    12     25.52      0.00      5.24
 1494583769.10     0     31.34      0.00      5.65    12     25.54      0.00      5.02
 1494583769.20     0     31.33      0.00      5.58    12     25.50      0.00      5.07
 1494583769.30     0     31.31      0.00      5.55    12     25.53      0.00      4.97
 1494583769.40     0     31.33      0.00      5.45    12     25.54      0.00      5.25
 1494583769.50     0     31.32      0.00      5.50    12     25.49      0.00      5.14
 1494583769.60     0     31.35      0.00      5.52    12     25.53      0.00      4.82
 1494583769.70     0     31.32      0.00      5.58    12     25.47      0.00      4.87
 1494583769.80     0     31.66      0.00      5.66    12     25.51      0.00      4.85
 1494583769.90     0     31.32      0.00      5.51    12     25.82      0.00      5.11
 1494583770.00     0     31.27      0.00      5.53    12     25.31      0.00      5.15
 1494583770.10     0     31.34      0.00      5.49    12     25.84      0.00      5.00
 1494583770.20     0     31.31      0.00      5.54    12     25.55      0.00      4.98
 1494583770.30     0     31.32      0.00      5.43    12     25.54      0.00      4.86
 1494583770.40     0     31.30      0.00      5.49    12     25.54      0.00      4.91
 1494583770.50     0     31.27      0.00      5.45    12     25.49      0.00      4.62
 1494583770.60     0     31.30      0.00      5.51    12     25.52      0.00      4.76
 1494583770.70     0     31.32      0.00      5.53    12     25.56      0.00      4.94
 1494583770.80     0     31.27      0.00      5.43    12     25.53      0.00      5.06
 1494583770.90     0     31.42      0.00      5.51    12     25.51      0.00      5.06
 1494583771.00     0     31.31      0.00      5.47    12     25.62      0.00      4.79
 1494583771.10     0     31.37      0.00      5.48    12     25.53      0.00      4.88
 1494583771.20     0     31.67      0.00      5.54    12     25.51      0.00      4.96
 1494583771.30     0     31.36      0.00      5.41    12     25.77      0.00      4.94
 1494583771.40     0     31.35      0.00      5.47    12     25.46      0.00      4.60
 1494583771.50     0     31.39      0.00      5.43    12     25.52      0.00      4.69
 1494583771.60     0     31.36      0.00      5.38    12     25.52      0.00      4.74
 1494583771.70     0     31.35      0.00      5.44    12     25.53      0.00      4.88
 1494583771.80     0     31.41      0.00      5.41    12     25.52      0.00      4.60
 1494583771.90     0     31.38      0.00      5.42    12     25.53      0.00      4.63
 1494583772.00     0     31.46      0.00      5.39    12     25.53      0.00      4.74
 1494583772.10     0     31.40      0.00      5.41    12     25.56      0.00      4.65
 1494583772.20     0     31.40      0.00      5.41    12     25.55      0.00      4.65
 1494583772.30     0     31.42      0.00      5.41    12     25.58      0.00      4.73
 1494583772.40     0     31.41      0.00      5.39    12     25.56      0.00      4.52
 1494583772.50     0     31.41      0.00      5.41    12     25.79      0.00      4.54
 1494583772.60     0     31.76      0.00      5.38    12     25.52      0.00      4.52
 1494583772.70     0     31.46      0.00      5.39    12     25.57      0.00      4.47
 1494583772.80     0     31.44      0.00      5.40    12     25.55      0.00      4.40
 1494583772.91     0     31.48      0.00      5.39    12     25.52      0.00      4.37
 1494583773.01     0     31.53      0.00      5.33    12     25.47      0.00      4.32
 1494583773.11     0     31.49      0.00      5.38    12     25.52      0.00      4.12
 1494583773.21     0     31.48      0.00      5.38    12     25.51      0.00      4.27
 1494583773.31     0     31.67      0.00      5.56    12     25.54      0.00      4.40
 1494583773.41     0     32.58      0.00      6.57    12     25.63      0.00      4.87
 1494583773.51     0     32.40      0.00      5.90    12     25.52      0.00      4.13
 1494583773.61     0     32.36      0.00      6.03    12     25.54      0.00      4.00
 1494583773.71     0     32.24      0.00      5.57    12     25.67      0.00      5.84
 1494583773.81     0     32.26      0.00      5.42    12     25.99      0.00      6.42
 1494583773.91     0     32.52      0.00      5.49    12     25.70      0.00      6.33
 1494583774.01     0     32.44      0.00      5.72    12     25.54      0.00      4.64
 1494583774.11     0     33.06      0.00      6.97    12     25.48      0.00      4.31
 1494583774.21     0     33.27      0.00      6.15    12     25.52      0.00      4.42
 1494583774.31     0     33.25      0.00      6.42    12     25.56      0.00      4.15
 1494583774.41     0     33.21      0.00      6.13    12     25.59      0.00      4.45
 1494583774.51     0     32.92      0.00      5.68    12     25.78      0.00      6.54
 1494583774.61     0     33.00      0.00      5.61    12     25.73      0.00      6.52
 1494583774.71     0     32.75      0.00      6.94    12     25.53      0.00      4.85
 1494583774.81     0     33.24      0.00      5.48    12     25.53      0.00      4.74
 1494583774.91     0     34.46      0.00      5.00    12     25.50      0.00      4.16
 1494583775.01     0     33.63      0.00      6.69    12     25.56      0.00      4.84
 1494583775.11     0     33.80      0.00      6.67    12     26.62      0.00      4.46
 1494583775.21     0     32.65      0.00      6.87    12     25.51      0.00      4.16
 1494583775.31     0     33.01      0.00      6.57    12     25.49      0.00      4.15
 1494583775.41     0     32.89      0.00      6.50    12     25.53      0.00      4.02
 1494583775.51     0     33.24      0.00      6.60    12     25.51      0.00      4.13
 1494583775.61     0     32.89      0.00      6.47    12     25.47      0.00      4.13
 1494583775.71     0     32.89      0.00      6.49    12     25.59      0.00      4.07
 1494583775.81     0     33.02      0.00      6.72    12     25.49      0.00      4.18
 1494583775.91     0     33.25      0.00      8.13    12     25.57      0.00      4.12
 1494583776.01     0     33.52      0.00      6.60    12     25.52      0.00      4.17
 1494583776.11     0     33.70      0.00      7.06    12     25.52      0.00      4.05
 1494583776.21     0     33.66      0.00      7.08    12     25.52      0.00      4.12
 1494583776.31     0     33.63      0.00      7.06    12     25.55      0.00      4.15
 1494583776.41     0     33.86      0.00      6.02    12     25.92      0.00      4.44
 1494583776.51     0     33.73      0.00      5.88    12     25.50      0.00      4.11
 1494583776.61     0     33.74      0.00      5.82    12     25.53      0.00      4.10
 1494583776.71     0     33.70      0.00      5.87    12     25.47      0.00      4.15
 1494583776.81     0     33.74      0.00      5.88    12     25.57      0.00      4.11
 1494583776.91     0     32.93      0.00      5.93    12     25.47      0.00      4.17
 1494583777.01     0     31.33      0.00      5.86    12     25.54      0.00      4.05
 1494583777.11     0     31.37      0.00      5.88    12     25.51      0.00      4.06
 1494583777.21     0     31.35      0.00      5.86    12     25.48      0.00      3.96
 1494583777.31     0     31.38      0.00      5.89    12     25.48      0.00      4.12
 1494583777.41     0     31.38      0.00      5.76    12     25.50      0.00      4.11
 1494583777.51     0     31.40      0.00      5.70    12     25.49      0.00      4.15
 1494583777.61     0     31.31      0.00      5.87    12     25.77      0.00      4.23
 1494583777.71     0     31.38      0.00      5.93    12     25.47      0.00      4.14
 1494583777.81     0     31.36      0.00      5.75    12     25.42      0.00      4.02
 1494583777.91     0     31.39      0.00      5.81    12     25.52      0.00      3.98
 1494583778.01     0     31.40      0.00      5.86    12     25.46      0.00      4.07
 1494583778.11     0     31.38      0.00      5.80    12     25.43      0.00      4.17
 1494583778.21     0     31.39      0.00      5.86    12     25.48      0.00      4.11
 1494583778.31     0     31.44      0.00      5.86    12     25.49      0.00      4.03
 1494583778.41     0     31.70      0.00      5.93    12     25.54      0.00      3.94
 1494583778.51     0     31.40      0.00      5.87    12     25.48      0.00      4.17
 1494583778.61     0     31.42      0.00      5.86    12     25.48      0.00      4.02
 1494583778.71     0     31.37      0.00      5.75    12     25.48      0.00      4.08
 1494583778.81     0     31.37      0.00      5.86    12     25.48      0.00      4.06
 1494583778.91     0     31.35      0.00      5.87    12     25.76      0.00      4.18
 1494583779.01     0     31.75      0.00      4.60    12     25.60      0.00      4.19
 1494583779.12     0     31.92      0.00      4.71    12     25.54      0.00      4.28
 1494583779.22     0     32.56      0.00      6.07    12     25.79      0.00      4.64
 1494583779.32     0     31.89      0.00      5.93    12     25.52      0.00      4.16
 1494583779.42     0     31.87      0.00      5.96    12     25.45      0.00      4.02
 1494583779.52     0     36.05      0.00      7.05    12     29.40      0.00      6.38
 1494583779.62     0     53.75      0.00     10.14    12     41.44      0.00      9.80
 1494583779.72     0     62.32      0.00     13.37    12     55.30      0.00     10.45
 1494583779.82     0     38.18      0.00      8.29    12     42.62      0.00      7.50
 1494583779.92     0     67.38      0.00     12.62    12     64.29      0.00     10.58
 1494583780.02     0     66.30      0.00     12.65    12     61.83      0.00      9.73
 1494583780.12     0     47.11      0.00     10.14    12     52.43      0.00      9.02
 1494583780.22     0     50.71      0.00      9.09    12     48.75      0.00      9.00
 1494583780.32     0     32.22      0.00      5.98    12     25.59      0.00      5.25
 1494583780.42     0     32.20      0.00      6.22    12     25.61      0.00      4.77
 1494583780.52     0     32.45      0.00      6.66    12     25.56      0.00      4.12
 1494583780.62     0     32.41      0.00      6.59    12     25.81      0.00      4.42
 1494583780.72     0     32.38      0.00      6.13    12     25.70      0.00      6.23
 1494583780.82     0     32.33      0.00      6.19    12     25.67      0.00      6.05
 1494583780.92     0     32.37      0.00      6.33    12     25.62      0.00      5.30
 1494583781.02     0     35.00      0.00      5.26    12     25.52      0.00      4.30
 1494583781.12     0     43.99      0.00      6.81    12     35.63      0.00      6.72
 1494583781.22     0     66.76      0.00     12.85    12     63.48      0.00     12.43
 1494583781.32     0     39.83      0.00      7.38    12     45.28      0.00      8.63
 1494583781.42     0     35.09      0.00      4.82    12     25.49      0.00      4.19
 1494583781.52     0     66.13      0.00     11.05    12     63.86      0.00     11.89
 1494583781.62     0     66.42      0.00      6.47    12     63.30      0.00      6.29
 1494583781.72     0     66.29      0.00      6.30    12     63.31      0.00      6.00
 1494583781.82     0     66.40      0.00      6.36    12     63.38      0.00      6.04
 1494583781.92     0     66.31      0.00      6.31    12     63.35      0.00      6.00
 1494583782.02     0     66.31      0.00      6.20    12     63.27      0.00      5.94
 1494583782.12     0     66.32      0.00      6.27    12     63.36      0.00      6.04
 1494583782.22     0     66.35      0.00      6.28    12     63.32      0.00      6.04
 1494583782.32     0     66.30      0.00      6.27    12     63.34      0.00      5.98
 1494583782.42     0     66.30      0.00      6.30    12     63.49      0.00      6.00
 1494583782.52     0     66.46      0.00      6.24    12     63.26      0.00      6.02
 1494583782.62     0     66.28      0.00      6.16    12     63.38      0.00      5.96
 1494583782.72     0     66.27      0.00      6.34    12     63.35      0.00      6.05
 1494583782.82     0     66.32      0.00      6.31    12     63.42      0.00      5.98
 1494583782.92     0     66.33      0.00      6.28    12     63.31      0.00      5.93
 1494583783.02     0     66.33      0.00      6.36    12     64.03      0.00      5.94
 1494583783.12     0     66.36      0.00      6.36    12     63.38      0.00      6.09
 1494583783.22     0     66.32      0.00      6.33    12     63.38      0.00      5.98
 1494583783.32     0     66.33      0.00      6.31    12     63.40      0.00      5.97
 1494583783.42     0     66.24      0.00      6.32    12     62.85      0.00      6.13
 1494583783.52     0     66.45      0.00      6.33    12     64.02      0.00      6.28
 1494583783.62     0     66.28      0.00      6.33    12     62.84      0.00      6.02
 1494583783.72     0     66.34      0.00      6.34    12     64.09      0.00      6.02
 1494583783.82     0     66.32      0.00      6.36    12     63.50      0.00      6.09
 1494583783.92     0     66.31      0.00      6.32    12     63.43      0.00      6.15
 1494583784.02     0     66.35      0.00      6.35    12     63.47      0.00      6.03
 1494583784.12     0     66.33      0.00      6.34    12     63.48      0.00      6.10
 1494583784.22     0     66.32      0.00      6.36    12     63.45      0.00      6.13
 1494583784.32     0     58.88      0.00      6.13    12     62.47      0.00      6.08
 1494583784.42     0     64.77      0.00     11.91    12     61.66      0.00     12.42
 1494583784.52     0     66.34      0.00      7.12    12     64.28      0.00      6.99
 1494583784.62     0     66.34      0.00      6.91    12     64.10      0.00      6.89
 1494583784.72     0     66.36      0.00      6.92    12     64.32      0.00      6.80
 1494583784.82     0     66.30      0.00      6.85    12     64.02      0.00      6.82
 1494583784.92     0     66.34      0.00      6.84    12     64.13      0.00      6.89
 1494583785.02     0     66.34      0.00      6.98    12     64.22      0.00      7.01
 1494583785.12     0     66.30      0.00      6.87    12     64.16      0.00      6.92
 1494583785.22     0     66.33      0.00      6.96    12     64.10      0.00      6.86
 1494583785.32     0     66.28      0.00      6.97    12     64.26      0.00      6.90
 1494583785.42     0     66.36      0.00      6.96    12     64.41      0.00      7.41
 1494583785.52     0     66.30      0.00      6.86    12     64.44      0.00      6.94
 1494583785.62     0     66.42      0.00      6.74    12     64.21      0.00      6.83
 1494583785.72     0     66.30      0.00      6.83    12     64.29      0.00      6.80
 1494583785.82     0     66.31      0.00      6.86    12     64.38      0.00      6.87
 1494583785.92     0     66.34      0.00      6.87    12     64.40      0.00      6.96
 1494583786.02     0     66.31      0.00      6.69    12     64.41      0.00      6.93
 1494583786.12     0     66.30      0.00      6.83    12     64.28      0.00      6.74
 1494583786.22     0     66.35      0.00      6.86    12     64.40      0.00      6.90
 1494583786.32     0     66.32      0.00      6.90    12     64.40      0.00      7.06
 1494583786.42     0     66.33      0.00      6.78    12     64.34      0.00      6.97
 1494583786.52     0     66.34      0.00      7.10    12     64.86      0.00      7.85
 1494583786.62     0     66.43      0.00      6.73    12     64.72      0.00      7.44
 1494583786.72     0     66.32      0.00      6.53    12     64.41      0.00      7.13
 1494583786.82     0     66.24      0.00      6.53    12     64.59      0.00      7.15
 1494583786.92     0     66.38      0.00      6.45    12     64.53      0.00      7.10
 1494583787.02     0     66.26      0.00      6.44    12     64.50      0.00      7.16
 1494583787.13     0     66.32      0.00      6.46    12     64.51      0.00      7.08
 1494583787.23     0     66.35      0.00      6.54    12     64.48      0.00      7.07
 1494583787.33     0     66.97      0.00      6.45    12     64.53      0.00      7.10
 1494583787.43     0     65.74      0.00      6.51    12     64.51      0.00      7.03
 1494583787.53     0     31.94      0.00      4.66    12     37.78      0.00      5.44
 1494583787.63     0     31.86      0.00      4.44    12     25.50      0.00      4.14
 1494583787.73     0     31.88      0.00      4.41    12     25.52      0.00      4.14
 1494583787.83     0     31.92      0.00      4.40    12     25.47      0.00      4.12
 1494583787.93     0     31.82      0.00      4.36    12     25.70      0.00      4.12
 1494583788.03     0     31.83      0.00      4.36    12     25.51      0.00      4.04
 1494583788.13     0     31.76      0.00      4.40    12     25.49      0.00      4.12
 1494583788.23     0     31.79      0.00      4.40    12     25.47      0.00      4.05
 1494583788.33     0     31.80      0.00      4.30    12     25.46      0.00      4.15
 1494583788.43     0     31.77      0.00      4.35    12     25.44      0.00      4.05
 1494583788.53     0     31.80      0.00      4.39    12     25.49      0.00      4.19
 1494583788.63     0     31.73      0.00      4.41    12     25.49      0.00      4.15
 1494583788.73     0     31.74      0.00      4.43    12     25.47      0.00      4.10
 1494583788.83     0     31.79      0.00      4.30    12     25.45      0.00      3.99
 1494583788.93     0     31.71      0.00      4.42    12     25.49      0.00      4.10
 1494583789.03     0     31.66      0.00      4.40    12     25.50      0.00      4.13
 1494583789.13     0     31.98      0.00      4.44    12     25.47      0.00      3.96
 1494583789.23     0     31.63      0.00      4.35    12     25.44      0.00      4.11
 1494583789.33     0     31.67      0.00      4.36    12     25.36      0.00      4.10
 1494583789.43     0     31.67      0.00      4.32    12     25.62      0.00      4.14
 1494583789.53     0     31.66      0.00      4.40    12     25.45      0.00      4.12
 1494583789.63     0     31.74      0.00      4.36    12     25.42      0.00      4.10
 1494583789.73     0     31.76      0.00      4.40    12     25.45      0.00      4.13
 1494583789.83     0     31.77      0.00      4.42    12     25.41      0.00      4.00
 1494583789.93     0     31.82      0.00      4.45    12     25.41      0.00      4.03
 1494583790.03     0     31.72      0.00      4.41    12     25.49      0.00      4.15
 1494583790.13     0     32.78      0.00      5.66    12     25.50      0.00      5.02
 1494583790.23     0     37.18      0.00      6.91    12     29.79      0.00      6.46
 1494583790.33     0     32.45      0.00      6.73    12     25.74      0.00      5.80
 1494583790.43     0     32.37      0.00      6.13    12     25.70      0.00      4.67
 1494583790.53     0     32.30      0.00      5.93    12     25.72      0.00      5.23
 1494583790.63     0     31.92      0.00      5.53    12     25.64      0.00      4.39
 1494583790.73     0     31.45      0.00      5.43    12     25.90      0.00      4.35
 1494583790.83     0     31.50      0.00      5.44    12     25.62      0.00      4.47
 1494583790.93     0     31.43      0.00      5.49    12     25.68      0.00      4.77
 1494583791.03     0     31.49      0.00      5.41    12     25.72      0.00      4.74
 1494583791.13     0     31.45      0.00      5.45    12     25.72      0.00      4.69
 1494583791.23     0     31.42      0.00      5.48    12     25.67      0.00      4.86
 1494583791.33     0     31.51      0.00      5.34    12     25.70      0.00      4.77
 1494583791.43     0     31.51      0.00      5.40    12     25.70      0.00      4.73
 1494583791.53     0     31.46      0.00      5.33    12     25.69      0.00      4.37
 1494583791.63     0     31.72      0.00      5.66    12     25.69      0.00      4.28
 1494583791.73     0     32.36      0.00      5.79    12     25.71      0.00      4.15
 1494583791.83     0     32.53      0.00      6.21    12     25.68      0.00      5.10
 1494583791.93     0     34.88      0.00      5.34    12     25.62      0.00      4.49
 1494583792.03     0     34.98      0.00      4.84    12     25.48      0.00      4.13
 1494583792.13     0     34.01      0.00      4.78    12     25.43      0.00      4.32
 1494583792.23     0     32.37      0.00      5.17    12     25.71      0.00      4.51
 1494583792.33     0     32.33      0.00      4.46    12     25.43      0.00      4.12
 1494583792.43     0     31.67      0.00      4.36    12     25.46      0.00      4.16
 1494583792.53     0     46.73      0.00      6.86    12     38.32      0.00      6.07
 1494583792.63     0     55.89      0.00      6.67    12     53.19      0.00      5.99
 1494583792.73     0     47.25      0.00      6.31    12     53.86      0.00      5.86
 1494583792.83     0     47.31      0.00      6.37    12     53.87      0.00      5.89
 1494583792.93     0     47.24      0.00      6.35    12     51.01      0.00      5.91
 1494583793.03     0     47.21      0.00      6.21    12     44.74      0.00      5.84
 1494583793.13     0     47.57      0.00      6.26    12     42.94      0.00      5.89
 1494583793.23     0     39.63      0.00      6.31    12     34.27      0.00      6.31
 1494583793.33     0     66.05      0.00     10.11    12     63.54      0.00      9.44
 1494583793.43     0     64.84      0.00      9.36    12     65.52      0.00      8.98
 1494583793.53     0     38.51      0.00      6.17    12     32.93      0.00      5.91
 1494583793.63     0     33.82      0.00      5.59    12     25.55      0.00      5.63
 1494583793.74     0     41.79      0.00      6.78    12     34.58      0.00      6.45
 1494583793.84     0     47.16      0.00      6.41    12     40.84      0.00      6.47
 1494583793.94     0     66.80      0.00      6.56    12     65.06      0.00      7.09
 1494583794.04     0     66.21      0.00      6.58    12     65.25      0.00      7.09
 1494583794.14     0     66.09      0.00      8.54    12     65.43      0.00      8.89
 1494583794.24     0     66.32      0.00      8.09    12     66.30      0.00      8.59
 1494583794.34     0     66.30      0.00      7.99    12     66.94      0.00      8.60
 1494583794.44     0     55.14      0.00      6.71    12     50.43      0.00      7.00
 1494583794.54     0     32.12      0.00      4.44    12     25.45      0.00      4.16
 1494583794.64     0     31.90      0.00      4.54    12     25.51      0.00      4.22
 1494583794.74     0     36.03      0.00      6.70    12     29.36      0.00      6.36
 1494583794.84     0     32.41      0.00      6.42    12     25.55      0.00      5.67
 1494583794.94     0     31.71      0.00      5.47    12     25.51      0.00      4.62
 1494583795.04     0     31.40      0.00      5.36    12     25.47      0.00      4.25
 1494583795.14     0     31.37      0.00      5.32    12     25.50      0.00      4.36
 1494583795.24     0     31.34      0.00      5.35    12     25.46      0.00      4.60
 1494583795.34     0     31.33      0.00      5.34    12     25.45      0.00      4.71
 1494583795.44     0     31.31      0.00      5.31    12     25.42      0.00      4.46
 1494583795.54     0     32.12      0.00      5.44    12     25.51      0.00      5.18
 1494583795.64     0     35.24      0.00      5.14    12     25.49      0.00      4.75
 1494583795.74     0     35.54      0.00      4.88    12     25.46      0.00      4.21
 1494583795.84     0     34.71      0.00      4.69    12     25.74      0.00      4.16
 1494583795.94     0     32.25      0.00      5.23    12     25.41      0.00      4.28
 1494583796.04     0     32.02      0.00      4.49    12     25.40      0.00      4.09
 1494583796.14     0     31.83      0.00      4.46    12     25.37      0.00      4.11
 1494583796.24     0     45.69      0.00      5.32    12     41.71      0.00      5.60
 1494583796.34     0     57.97      0.00      5.20    12     46.51      0.00      6.15
 1494583796.44     0     50.70      0.00      5.19    12     45.02      0.00      6.04
 1494583796.54     0     48.13      0.00      5.73    12     46.13      0.00      6.22
 1494583796.64     0     67.45      0.00      8.52    12     67.53      0.00      8.38
 1494583796.74     0     66.20      0.00      8.39    12     66.06      0.00      8.36
 1494583796.84     0     53.34      0.00      6.81    12     48.71      0.00      6.46
 1494583796.94     0     35.61      0.00      5.02    12     27.87      0.00      4.89
 1494583797.04     0     60.54      0.00      7.18    12     56.37      0.00      7.37
 1494583797.14     0     65.40      0.00      7.99    12     64.55      0.00      8.61
 1494583797.24     0     32.85      0.00      5.03    12     26.45      0.00      4.55
 1494583797.34     0     31.30      0.00      4.46    12     25.70      0.00      4.24
 1494583797.44     0     32.85      0.00      4.68    12     25.48      0.00      4.26
 1494583797.54     0     36.55      0.00      4.90    12     25.42      0.00      4.28
 1494583797.64     0     34.39      0.00      4.61    12     25.31      0.00      4.20
 1494583797.74     0     34.51      0.00      4.48    12     26.02      0.00      4.18
 1494583797.84     0     58.08      0.00      5.92    12     51.07      0.00      6.00
 1494583797.94     0     49.51      0.00      5.23    12     44.71      0.00      5.36
 1494583798.04     0     42.41      0.00      5.12    12     36.57      0.00      5.03
 1494583798.14     0     33.93      0.00      4.84    12     25.45      0.00      4.30
 1494583798.24     0     43.48      0.00      4.94    12     37.28      0.00      4.86
 1494583798.34     0     35.71      0.00      4.71    12     27.54      0.00      4.42
 1494583798.44     0     58.32      0.00     10.97    12     55.49      0.00     11.11
 1494583798.54     0     56.84      0.00     10.95    12     56.28      0.00     11.45
 1494583798.64     0     58.03      0.00     11.18    12     53.27      0.00     10.83
 1494583798.74     0     61.13      0.00     11.29    12     56.06      0.00     11.39
 1494583798.84     0     58.02      0.00     12.03    12     60.24      0.00     12.43
 1494583798.94     0     57.40      0.00      9.63    12     51.58      0.00      9.47
 1494583799.04     0     55.26      0.00      8.50    12     52.40      0.00      8.10
 1494583799.14     0     58.31      0.00     10.83    12     56.77      0.00     10.99
 1494583799.25     0     67.05      0.00     13.44    12     64.80      0.00     13.93
 1494583799.35     0     51.94      0.00     10.11    12     51.16      0.00     10.11
 1494583799.45     0     57.74      0.00     11.55    12     54.34      0.00     11.41
 1494583799.55     0     55.56      0.00     10.19    12     54.24      0.00     10.74
 1494583799.65     0     66.48      0.00     13.80    12     61.86      0.00     12.65
 1494583799.75     0     56.66      0.00     10.49    12     53.54      0.00     10.39
 1494583799.85     0     53.03      0.00      7.93    12     51.35      0.00      8.37
 1494583799.95     0     57.48      0.00     10.57    12     55.01      0.00     10.89
 1494583800.05     0     66.34      0.00     13.67    12     63.46      0.00     13.47
 1494583800.15     0     53.60      0.00      9.76    12     51.79      0.00     10.47
 1494583800.25     0     53.94      0.00     10.61    12     55.91      0.00     11.86
 1494583800.35     0     52.04      0.00      9.29    12     49.03      0.00      9.46
 1494583800.45     0     66.91      0.00     13.49    12     64.86      0.00     14.05
 1494583800.55     0     56.13      0.00     10.44    12     56.76      0.00     11.44
 1494583800.65     0     53.47      0.00      8.83    12     50.62      0.00      8.07
 1494583800.75     0     56.73      0.00      9.81    12     53.98      0.00      9.47
 1494583800.85     0     65.73      0.00     13.66    12     62.23      0.00     13.45
 1494583800.95     0     54.45      0.00     10.88    12     55.07      0.00     11.12
 1494583801.05     0     55.11      0.00     10.50    12     51.60      0.00     11.01
 1494583801.15     0     56.24      0.00     10.28    12     54.72      0.00     10.86
 1494583801.25     0     61.34      0.00     11.90    12     59.77      0.00     12.37
 1494583801.35     0     55.30      0.00     11.03    12     53.31      0.00     10.61
 1494583801.45     0     58.58      0.00     10.21    12     54.49      0.00     10.20
 1494583801.55     0     55.34      0.00      8.88    12     54.11      0.00      8.91
 1494583801.65     0     57.39      0.00     11.46    12     59.85      0.00     11.73
 1494583801.75     0     62.08      0.00     12.75    12     58.67      0.00     11.84
 1494583801.85     0     55.48      0.00     10.07    12     49.09      0.00     10.15
 1494583801.95     0     58.99      0.00     12.41    12     57.03      0.00     12.25
 1494583802.05     0     53.52      0.00      9.88    12     49.24      0.00      9.80
 1494583802.15     0     66.35      0.00     13.09    12     65.80      0.00     13.69
 1494583802.25     0     55.66      0.00     10.53    12     53.17      0.00     10.26
 1494583802.35     0     55.80      0.00      9.38    12     53.88      0.00      8.94
 1494583802.45     0     59.46      0.00     10.58    12     54.64      0.00     10.69
 1494583802.55     0     65.66      0.00     13.46    12     65.35      0.00     13.98
 1494583802.66     0     57.93      0.00     10.80    12     54.29      0.00     11.29
 1494583802.76     0     55.19      0.00     10.50    12     50.18      0.00     10.40
 1494583802.86     0     57.33      0.00     10.63    12     57.08      0.00     10.88
 1494583802.96     0     63.65      0.00     12.46    12     62.34      0.00     12.97
 1494583803.06     0     58.31      0.00     10.83    12     57.65      0.00     11.93
 1494583803.16     0     54.03      0.00      9.51    12     50.31      0.00      9.43
 1494583803.26     0     56.58      0.00      9.44    12     55.49      0.00      9.02
 1494583803.36     0     62.57      0.00     12.21    12     56.73      0.00     11.79
 1494583803.46     0     55.69      0.00     10.57    12     59.50      0.00     12.09
 1494583803.56     0     55.25      0.00     10.21    12     52.96      0.00     10.27
 1494583803.66     0     59.90      0.00     12.53    12     58.77      0.00     12.53
 1494583803.76     0     55.15      0.00      9.41    12     47.28      0.00      9.22
 1494583803.86     0     65.17      0.00     13.04    12     63.13      0.00     13.77
 1494583803.96     0     59.95      0.00     11.44    12     58.23      0.00     11.40
 1494583804.06     0     55.24      0.00      8.75    12     52.16      0.00      8.70
 1494583804.16     0     55.30      0.00      9.50    12     52.17      0.00      9.25
 1494583804.26     0     66.48      0.00     13.41    12     66.22      0.00     13.88
 1494583804.36     0     55.67      0.00     10.13    12     54.67      0.00     10.89
 1494583804.46     0     55.24      0.00     10.99    12     53.60      0.00     11.12
 1494583804.56     0     60.57      0.00     13.05    12     58.95      0.00     12.73
 1494583804.66     0     55.51      0.00     10.20    12     55.85      0.00     10.90
 1494583804.76     0     67.12      0.00     13.41    12     64.41      0.00     13.12
 1494583804.86     0     55.66      0.00      9.75    12     49.09      0.00      9.17
 1494583804.96     0     56.37      0.00      8.89    12     52.42      0.00      8.55
 1494583805.06     0     56.27      0.00      9.98    12     57.81      0.00     10.68
 1494583805.16     0     65.70      0.00     13.45    12     63.09      0.00     13.38
 1494583805.26     0     53.71      0.00     10.71    12     53.13      0.00     10.48
 1494583805.36     0     56.01      0.00     10.88    12     53.23      0.00     11.13
 1494583805.46     0     61.08      0.00     12.88    12     58.99      0.00     12.22
 1494583805.56     0     57.40      0.00     10.36    12     55.91      0.00     10.97
 1494583805.66     0     65.92      0.00     13.32    12     63.28      0.00     13.35
 1494583805.76     0     57.36      0.00     10.22    12     54.92      0.00     10.83
 1494583805.87     0     53.29      0.00      7.95    12     49.93      0.00      7.92
 1494583805.97     0     57.91      0.00     10.95    12     53.74      0.00     10.59
 1494583806.07     0     65.73      0.00     12.68    12     63.20      0.00     13.58
 1494583806.17     0     52.40      0.00     10.12    12     52.76      0.00     10.28
 1494583806.27     0     54.17      0.00     10.40    12     53.25      0.00     11.16
 1494583806.37     0     62.24      0.00     12.70    12     60.44      0.00     12.79
 1494583806.47     0     53.69      0.00     10.06    12     52.21      0.00      9.90
 1494583806.57     0     66.21      0.00     13.33    12     63.81      0.00     13.53
 1494583806.67     0     57.87      0.00     10.38    12     55.20      0.00     10.39
 1494583806.77     0     54.69      0.00      8.37    12     50.80      0.00      8.15
 1494583806.87     0     58.95      0.00     10.53    12     53.57      0.00     10.27
 1494583806.97     0     62.61      0.00     12.63    12     59.98      0.00     13.01
 1494583807.07     0     58.10      0.00     10.92    12     56.93      0.00     11.75
 1494583807.17     0     54.48      0.00     10.45    12     53.39      0.00     11.55
 1494583807.27     0     62.03      0.00     12.28    12     59.21      0.00     13.27
 1494583807.37     0     62.87      0.00     13.53    12     61.00      0.00     12.65
 1494583807.47     0     52.17      0.00      9.18    12     51.51      0.00      9.72
 1494583807.57     0     66.27      0.00     13.35    12     62.36      0.00     13.33
 1494583807.67     0     53.71      0.00      8.74    12     52.12      0.00      9.99
 1494583807.77     0     55.19      0.00      9.52    12     51.79      0.00      8.37
 1494583807.87     0     57.88      0.00     10.52    12     55.05      0.00     10.08
 1494583807.97     0     62.03      0.00     12.46    12     60.35      0.00     12.68
 1494583808.07     0     57.78      0.00     11.04    12     56.59      0.00     11.91
 1494583808.17     0     62.62      0.00     13.38    12     59.00      0.00     12.98
 1494583808.27     0     52.67      0.00      9.40    12     53.84      0.00     10.40
 1494583808.37     0     64.43      0.00     13.32    12     64.09      0.00     13.31
 1494583808.47     0     54.84      0.00      9.39    12     50.83      0.00      9.50
 1494583808.57     0     56.45      0.00      8.89    12     51.32      0.00      8.45
 1494583808.67     0     58.27      0.00     10.85    12     56.47      0.00     11.20
 1494583808.77     0     65.98      0.00     13.45    12     64.79      0.00     13.76
 1494583808.87     0     55.39      0.00     10.34    12     52.42      0.00     10.01
 1494583808.97     0     56.58      0.00     11.05    12     50.42      0.00     10.35
 1494583809.07     0     56.52      0.00      9.93    12     53.56      0.00     10.72
 1494583809.17     0     65.47      0.00     13.12    12     62.76      0.00     13.72
 1494583809.27     0     55.26      0.00      9.51    12     54.21      0.00     10.00
 1494583809.37     0     54.73      0.00      8.61    12     50.65      0.00      8.31
 1494583809.48     0     58.58      0.00      9.68    12     53.80      0.00      9.97
 1494583809.58     0     65.78      0.00     13.52    12     66.15      0.00     13.88
 1494583809.68     0     51.34      0.00      9.63    12     48.75      0.00      9.67
 1494583809.78     0     55.11      0.00     11.09    12     56.27      0.00     11.57
 1494583809.88     0     54.91      0.00     10.53    12     49.76      0.00      9.71
 1494583809.98     0     65.23      0.00     12.42    12     63.24      0.00     13.25
 1494583810.08     0     59.18      0.00     10.96    12     56.00      0.00     11.59
 1494583810.18     0     53.29      0.00      9.32    12     50.49      0.00      9.17
 1494583810.28     0     58.60      0.00      9.50    12     55.60      0.00      9.74
 1494583810.38     0     61.48      0.00     12.12    12     59.63      0.00     12.11
 1494583810.48     0     57.38      0.00     10.80    12     56.07      0.00     11.57
 1494583810.58     0     54.23      0.00     11.04    12     54.66      0.00     11.09
 1494583810.68     0     57.50      0.00     11.19    12     56.66      0.00     12.10
 1494583810.78     0     60.45      0.00     11.61    12     58.49      0.00     12.03
 1494583810.88     0     60.39      0.00     11.62    12     58.09      0.00     12.09
 1494583810.98     0     58.01      0.00      9.95    12     52.77      0.00      9.79
 1494583811.08     0     55.54      0.00      9.22    12     51.57      0.00      8.52
 1494583811.18     0     56.58      0.00     10.57    12     57.18      0.00     11.74
 1494583811.28     0     66.44      0.00     13.75    12     60.57      0.00     12.60
 1494583811.38     0     52.76      0.00      9.59    12     53.76      0.00     10.39
 1494583811.48     0     57.11      0.00     11.18    12     54.92      0.00     11.29
 1494583811.58     0     55.15      0.00      9.64    12     52.48      0.00     10.03
 1494583811.68     0     66.95      0.00     13.67    12     65.63      0.00     14.13
 1494583811.78     0     58.55      0.00     10.85    12     55.63      0.00     11.31
 1494583811.88     0     54.78      0.00      8.57    12     51.09      0.00      8.77
 1494583811.98     0     57.67      0.00      9.64    12     53.25      0.00      9.16
 1494583812.08     0     66.43      0.00     13.49    12     64.85      0.00     13.57
 1494583812.18     0     54.15      0.00      9.80    12     53.07      0.00     10.44
 1494583812.28     0     56.28      0.00     11.01    12     54.22      0.00     11.76
 1494583812.38     0     60.54      0.00     12.10    12     59.52      0.00     12.64
 1494583812.48     0     60.27      0.00     11.20    12     57.10      0.00     11.29
 1494583812.58     0     58.64      0.00     12.52    12     60.21      0.00     12.32
 1494583812.68     0     57.79      0.00     10.00    12     52.82      0.00      9.87
 1494583812.78     0     55.48      0.00      8.70    12     52.47      0.00      8.60
 1494583812.88     0     58.13      0.00     11.23    12     58.81      0.00     11.99
 1494583812.98     0     65.54      0.00     12.53    12     61.06      0.00     12.35
 1494583813.08     0     55.00      0.00      9.64    12     47.40      0.00      9.24
 1494583813.18     0     59.49      0.00     12.05    12     56.51      0.00     12.59
 1494583813.28     0     61.95      0.00     12.92    12     59.47      0.00     13.41
 1494583813.38     0     54.42      0.00      9.73    12     53.60      0.00     10.43
 1494583813.48     0     65.63      0.00     13.23    12     64.69      0.00     13.29
 1494583813.58     0     53.43      0.00      8.56    12     48.96      0.00      8.91
 1494583813.68     0     58.64      0.00      8.91    12     53.68      0.00      8.79
 1494583813.78     0     57.33      0.00     10.64    12     52.58      0.00     10.76
 1494583813.88     0     66.77      0.00     13.12    12     64.92      0.00     13.95
 1494583813.99     0     52.14      0.00      9.68    12     51.99      0.00     10.74
 1494583814.09     0     50.96      0.00      8.88    12     45.67      0.00      9.43
 1494583814.19     0     20.60      0.00      3.20    12     19.11      0.00      3.88
 1494583814.29     0     16.76      0.00      2.35    12     15.48      0.00      2.78
