         #Time  Core     P_PKG     P_PP0    P_DRAM  Core     P_PKG     P_PP0    P_DRAM
 1494865854.74     0     24.89      0.00      5.78    12     24.58      0.00      5.89
 1494865854.84     0     41.33      0.00     13.29    12     40.64      0.00     13.92
 1494865854.94     0     50.89      0.00     13.44    12     48.96      0.00     14.27
 1494865855.04     0     52.24      0.00      9.64    12     49.52      0.00     10.26
 1494865855.14     0     54.34      0.00     10.87    12     52.03      0.00     11.91
 1494865855.24     0     56.36      0.00     11.63    12     55.25      0.00     12.32
 1494865855.34     0     61.20      0.00     15.88    12     60.66      0.00     16.06
 1494865855.44     0     51.72      0.00      9.13    12     49.64      0.00      9.71
 1494865855.54     0     56.06      0.00     12.55    12     53.31      0.00     13.22
 1494865855.64     0     54.55      0.00     10.49    12     51.62      0.00     10.92
 1494865855.74     0     55.99      0.00     12.63    12     53.85      0.00     13.40
 1494865855.84     0     58.36      0.00     13.28    12     55.43      0.00     13.79
 1494865855.94     0     53.89      0.00     11.20    12     51.89      0.00     11.72
 1494865856.04     0     60.23      0.00     14.38    12     58.50      0.00     14.92
 1494865856.14     0     51.55      0.00      8.09    12     48.06      0.00      8.62
 1494865856.24     0     55.78      0.00     12.98    12     53.51      0.00     13.58
 1494865856.34     0     50.38      0.00     10.29    12     48.16      0.00     10.35
 1494865856.44     0     62.24      0.00     16.00    12     61.16      0.00     16.38
 1494865856.54     0     53.58      0.00     11.12    12     52.31      0.00     11.37
 1494865856.64     0     54.24      0.00      9.29    12     51.80      0.00      9.99
 1494865856.74     0     56.07      0.00     12.45    12     54.81      0.00     12.81
 1494865856.84     0     55.44      0.00     12.81    12     52.82      0.00     13.13
 1494865856.94     0     60.40      0.00     14.76    12     59.02      0.00     15.45
 1494865857.04     0     54.11      0.00     10.65    12     51.75      0.00     11.02
 1494865857.14     0     52.74      0.00     10.55    12     51.54      0.00     10.85
 1494865857.24     0     53.76      0.00     10.36    12     51.99      0.00     10.94
 1494865857.34     0     55.22      0.00     12.68    12     54.92      0.00     12.78
 1494865857.44     0     57.54      0.00     13.81    12     56.95      0.00     13.93
 1494865857.54     0     54.30      0.00     10.85    12     52.30      0.00     11.71
 1494865857.64     0     60.21      0.00     14.29    12     58.73      0.00     14.88
 1494865857.74     0     51.09      0.00      8.00    12     48.10      0.00      8.64
 1494865857.84     0     56.72      0.00     13.35    12     53.80      0.00     13.44
 1494865857.94     0     54.47      0.00     11.69    12     52.95      0.00     11.96
 1494865858.04     0     58.60      0.00     14.39    12     58.15      0.00     15.11
 1494865858.14     0     58.29      0.00     12.80    12     57.12      0.00     14.49
 1494865858.24     0     49.10      0.00      7.36    12     46.09      0.00      7.77
 1494865858.34     0     55.56      0.00     12.36    12     52.37      0.00     12.32
 1494865858.44     0     55.46      0.00     12.17    12     53.97      0.00     12.37
 1494865858.55     0     59.94      0.00     14.74    12     57.58      0.00     15.42
 1494865858.65     0     52.52      0.00     10.43    12     50.11      0.00     10.73
 1494865858.75     0     54.90      0.00     10.86    12     52.72      0.00     11.07
 1494865858.85     0     52.99      0.00     10.60    12     50.42      0.00     10.78
 1494865858.95     0     54.75      0.00     11.60    12     51.52      0.00     12.21
 1494865859.05     0     61.76      0.00     14.13    12     57.86      0.00     15.81
 1494865859.15     0     52.99      0.00     10.41    12     50.22      0.00     10.79
 1494865859.25     0     58.18      0.00     13.01    12     57.17      0.00     14.09
 1494865859.35     0     52.52      0.00      9.16    12     50.23      0.00      9.60
 1494865859.45     0     55.11      0.00     12.07    12     53.21      0.00     12.02
 1494865859.55     0     56.86      0.00     13.02    12     55.49      0.00     13.08
 1494865859.65     0     57.53      0.00     12.88    12     56.18      0.00     13.73
 1494865859.75     0     59.98      0.00     14.54    12     57.71      0.00     14.74
 1494865859.85     0     52.25      0.00      8.09    12     49.23      0.00      8.69
 1494865859.95     0     57.38      0.00     13.18    12     54.32      0.00     13.81
 1494865860.05     0     51.59      0.00     10.38    12     50.92      0.00     10.80
 1494865860.15     0     62.47      0.00     15.51    12     61.15      0.00     16.73
 1494865860.25     0     56.45      0.00     12.02    12     54.73      0.00     12.90
 1494865860.35     0     49.93      0.00      8.78    12     47.88      0.00      9.47
 1494865860.45     0     54.37      0.00     11.12    12     52.08      0.00     11.71
 1494865860.55     0     55.60      0.00     12.44    12     54.60      0.00     12.75
 1494865860.65     0     59.76      0.00     14.74    12     56.12      0.00     15.44
 1494865860.75     0     52.71      0.00      9.12    12     49.27      0.00     10.37
 1494865860.85     0     57.95      0.00     13.19    12     55.59      0.00     13.87
 1494865860.95     0     54.60      0.00     10.39    12     52.17      0.00     10.96
 1494865861.05     0     55.23      0.00     12.40    12     51.55      0.00     13.12
 1494865861.15     0     55.89      0.00     12.04    12     54.39      0.00     13.43
 1494865861.25     0     54.09      0.00     11.56    12     53.47      0.00     12.58
 1494865861.35     0     59.48      0.00     13.86    12     58.11      0.00     14.42
 1494865861.45     0     51.01      0.00      8.04    12     48.72      0.00      8.72
 1494865861.55     0     57.68      0.00     13.10    12     54.02      0.00     13.45
 1494865861.65     0     53.10      0.00     10.90    12     51.81      0.00     11.07
 1494865861.75     0     61.27      0.00     14.99    12     59.71      0.00     16.16
 1494865861.85     0     57.50      0.00     12.68    12     53.94      0.00     13.45
 1494865861.95     0     51.55      0.00      7.98    12     49.53      0.00      8.51
 1494865862.05     0     58.67      0.00     13.45    12     54.78      0.00     13.40
 1494865862.15     0     53.22      0.00     11.45    12     53.56      0.00     12.25
 1494865862.25     0     60.81      0.00     14.08    12     56.41      0.00     15.58
 1494865862.35     0     53.64      0.00      9.50    12     50.22      0.00     10.94
 1494865862.45     0     52.72      0.00     10.27    12     51.68      0.00     10.86
 1494865862.55     0     54.41      0.00     10.94    12     52.91      0.00     11.10
 1494865862.65     0     54.39      0.00     11.91    12     52.15      0.00     12.01
 1494865862.75     0     61.65      0.00     15.58    12     60.67      0.00     16.06
 1494865862.85     0     51.59      0.00      9.27    12     50.52      0.00      9.85
 1494865862.96     0     59.43      0.00     13.89    12     58.23      0.00     14.56
 1494865863.06     0     54.24      0.00      9.76    12     51.85      0.00     10.55
 1494865863.16     0     55.07      0.00     11.16    12     51.93      0.00     12.46
 1494865863.26     0     56.64      0.00     11.94    12     54.29      0.00     13.57
 1494865863.36     0     59.39      0.00     12.91    12     54.92      0.00     14.15
 1494865863.46     0     59.23      0.00     14.35    12     57.71      0.00     14.78
 1494865863.56     0     48.57      0.00      6.86    12     45.58      0.00      7.47
 1494865863.66     0     54.67      0.00     12.07    12     51.98      0.00     11.93
 1494865863.76     0     54.37      0.00     12.10    12     53.00      0.00     12.27
 1494865863.86     0     62.25      0.00     15.77    12     61.28      0.00     16.40
 1494865863.96     0     52.00      0.00     10.32    12     48.43      0.00     10.94
 1494865864.06     0     55.03      0.00     10.14    12     50.91      0.00     10.55
 1494865864.16     0     53.75      0.00     10.82    12     50.13      0.00     11.19
 1494865864.26     0     56.57      0.00     12.42    12     54.87      0.00     13.30
 1494865864.36     0     59.11      0.00     14.84    12     58.35      0.00     15.39
 1494865864.46     0     52.45      0.00      9.21    12     49.28      0.00      9.89
 1494865864.56     0     57.44      0.00     13.17    12     56.77      0.00     13.94
 1494865864.66     0     53.79      0.00      9.87    12     51.27      0.00     10.50
 1494865864.76     0     54.93      0.00     12.19    12     52.32      0.00     12.51
 1494865864.86     0     56.17      0.00     12.69    12     55.41      0.00     13.05
 1494865864.96     0     56.36      0.00     12.45    12     54.08      0.00     12.87
 1494865865.06     0     58.63      0.00     14.86    12     57.94      0.00     14.85
 1494865865.16     0     49.95      0.00      7.60    12     46.76      0.00      8.08
 1494865865.26     0     58.36      0.00     13.22    12     55.24      0.00     14.33
 1494865865.36     0     50.48      0.00     10.35    12     50.82      0.00     10.90
 1494865865.46     0     61.43      0.00     15.83    12     60.51      0.00     16.25
 1494865865.56     0     52.59      0.00     10.42    12     49.60      0.00     11.01
 1494865865.66     0     53.80      0.00     10.22    12     51.67      0.00     10.72
 1494865865.76     0     54.34      0.00     10.52    12     51.39      0.00     10.54
 1494865865.86     0     55.94      0.00     12.65    12     53.83      0.00     12.76
 1494865865.96     0     57.96      0.00     14.07    12     56.11      0.00     13.91
 1494865866.06     0     53.81      0.00     10.71    12     51.98      0.00     11.57
 1494865866.16     0     59.82      0.00     14.10    12     58.43      0.00     14.90
 1494865866.26     0     50.99      0.00      7.93    12     48.99      0.00      8.76
 1494865866.36     0     56.69      0.00     13.27    12     53.33      0.00     13.64
 1494865866.46     0     53.54      0.00     11.34    12     51.52      0.00     11.27
 1494865866.56     0     61.49      0.00     15.07    12     59.48      0.00     16.02
 1494865866.66     0     57.77      0.00     12.98    12     56.03      0.00     13.74
 1494865866.76     0     48.46      0.00      7.38    12     46.23      0.00      8.00
 1494865866.86     0     56.20      0.00     12.98    12     53.90      0.00     12.77
 1494865866.96     0     56.55      0.00     12.46    12     52.95      0.00     12.81
 1494865867.06     0     61.38      0.00     15.53    12     60.93      0.00     16.25
 1494865867.16     0     49.99      0.00      9.01    12     47.40      0.00      9.40
 1494865867.26     0     52.48      0.00     10.17    12     51.10      0.00     10.56
 1494865867.37     0     54.49      0.00     10.83    12     51.54      0.00     11.62
 1494865867.47     0     57.34      0.00     12.87    12     53.54      0.00     13.05
 1494865867.57     0     57.29      0.00     13.30    12     57.13      0.00     13.74
 1494865867.67     0     55.55      0.00     10.73    12     52.79      0.00     11.01
 1494865867.77     0     57.77      0.00     13.10    12     57.29      0.00     13.90
 1494865867.87     0     54.36      0.00      9.96    12     52.68      0.00     10.60
 1494865867.97     0     55.59      0.00     12.32    12     52.92      0.00     12.13
 1494865868.07     0     55.02      0.00     13.02    12     55.28      0.00     13.00
 1494865868.17     0     56.51      0.00     12.07    12     52.54      0.00     12.82
 1494865868.27     0     59.13      0.00     13.90    12     57.81      0.00     14.67
 1494865868.37     0     52.30      0.00      8.21    12     48.68      0.00      8.57
 1494865868.47     0     56.22      0.00     13.26    12     53.64      0.00     13.63
 1494865868.57     0     53.04      0.00     10.60    12     49.17      0.00     10.67
 1494865868.67     0     62.09      0.00     15.96    12     61.32      0.00     16.64
 1494865868.77     0     55.40      0.00     11.96    12     53.67      0.00     12.31
 1494865868.87     0     51.44      0.00      8.71    12     49.54      0.00      9.00
 1494865868.97     0     54.94      0.00     11.28    12     51.41      0.00     11.37
 1494865869.07     0     55.78      0.00     12.21    12     53.34      0.00     13.23
 1494865869.17     0     60.79      0.00     15.28    12     59.52      0.00     15.37
 1494865869.27     0     53.08      0.00      9.67    12     51.27      0.00     10.73
 1494865869.37     0     55.48      0.00     10.73    12     53.10      0.00     11.78
 1494865869.47     0     53.86      0.00     10.43    12     51.36      0.00     11.11
 1494865869.57     0     57.50      0.00     12.61    12     54.20      0.00     13.24
 1494865869.67     0     55.95      0.00     13.05    12     54.58      0.00     13.96
 1494865869.77     0     54.68      0.00     11.20    12     52.60      0.00     11.63
 1494865869.87     0     59.02      0.00     14.21    12     57.78      0.00     14.92
 1494865869.97     0     50.70      0.00      7.88    12     48.31      0.00      8.58
 1494865870.07     0     57.31      0.00     13.15    12     54.21      0.00     12.80
 1494865870.17     0     53.53      0.00     10.98    12     51.58      0.00     11.40
 1494865870.27     0     60.97      0.00     14.06    12     59.46      0.00     16.09
 1494865870.37     0     55.93      0.00     12.56    12     53.47      0.00     12.48
 1494865870.47     0     51.80      0.00      8.43    12     49.67      0.00      9.20
 1494865870.57     0     56.81      0.00     13.12    12     54.57      0.00     13.49
 1494865870.67     0     55.42      0.00     11.81    12     51.46      0.00     12.58
 1494865870.77     0     60.59      0.00     14.45    12     57.70      0.00     15.16
 1494865870.87     0     54.18      0.00     10.49    12     51.67      0.00     11.33
 1494865870.97     0     53.09      0.00     11.44    12     51.55      0.00     11.91
 1494865871.07     0     53.70      0.00     10.20    12     52.03      0.00     10.59
 1494865871.17     0     55.96      0.00     11.87    12     53.27      0.00     12.33
 1494865871.27     0     52.94      0.00     11.01    12     52.50      0.00     11.83
 1494865871.37     0     59.39      0.00     13.76    12     58.07      0.00     14.47
 1494865871.47     0     58.37      0.00     12.91    12     54.91      0.00     13.83
 1494865871.57     0     50.26      0.00      7.48    12     47.58      0.00      7.87
 1494865871.67     0     54.82      0.00     11.21    12     52.04      0.00     11.83
 1494865871.78     0     56.96      0.00     12.53    12     53.54      0.00     12.89
 1494865871.88     0     56.75      0.00     13.33    12     54.21      0.00     13.97
 1494865871.98     0     54.70      0.00      9.70    12     51.34      0.00     10.10
 1494865872.08     0     58.40      0.00     13.38    12     57.69      0.00     14.07
 1494865872.18     0     52.85      0.00      8.77    12     50.36      0.00      9.23
 1494865872.28     0     56.27      0.00     12.13    12     52.55      0.00     12.46
 1494865872.38     0     56.57      0.00     13.03    12     55.28      0.00     13.48
 1494865872.48     0     56.78      0.00     12.89    12     54.44      0.00     13.87
 1494865872.58     0     59.41      0.00     14.34    12     57.84      0.00     15.00
 1494865872.68     0     49.33      0.00      7.40    12     46.84      0.00      7.98
 1494865872.78     0     54.50      0.00     12.27    12     52.54      0.00     13.02
 1494865872.88     0     55.13      0.00     12.46    12     51.50      0.00     12.53
 1494865872.98     0     60.16      0.00     14.90    12     57.99      0.00     15.44
 1494865873.08     0     55.55      0.00     10.75    12     51.73      0.00     11.18
 1494865873.18     0     52.73      0.00      9.72    12     52.04      0.00     10.36
 1494865873.28     0     53.83      0.00     10.15    12     50.64      0.00     10.64
 1494865873.38     0     55.01      0.00     12.03    12     51.70      0.00     12.43
 1494865873.48     0     57.84      0.00     14.78    12     58.54      0.00     15.09
 1494865873.58     0     52.97      0.00      9.80    12     49.72      0.00     10.39
 1494865873.68     0     60.42      0.00     14.17    12     58.77      0.00     14.95
 1494865873.78     0     51.09      0.00      8.05    12     48.30      0.00      8.68
 1494865873.88     0     56.30      0.00     13.34    12     53.48      0.00     13.65
 1494865873.98     0     52.51      0.00     10.61    12     51.18      0.00     10.92
 1494865874.08     0     61.80      0.00     15.90    12     59.33      0.00     16.79
 1494865874.18     0     56.60      0.00     12.53    12     54.36      0.00     12.97
 1494865874.28     0     49.31      0.00      8.07    12     47.50      0.00      8.56
 1494865874.38     0     55.31      0.00     11.49    12     51.71      0.00     11.98
 1494865874.48     0     54.83      0.00     11.84    12     54.38      0.00     12.65
 1494865874.58     0     61.13      0.00     15.40    12     60.32      0.00     15.81
 1494865874.68     0     50.31      0.00      9.34    12     46.86      0.00      9.64
 1494865874.78     0     54.99      0.00     11.20    12     53.86      0.00     11.69
 1494865874.88     0     54.37      0.00     10.48    12     52.01      0.00     11.08
 1494865874.98     0     55.94      0.00     12.48    12     51.44      0.00     12.94
 1494865875.08     0     57.82      0.00     12.91    12     56.32      0.00     14.02
 1494865875.18     0     56.31      0.00     11.23    12     54.26      0.00     11.88
 1494865875.28     0     59.75      0.00     13.43    12     58.50      0.00     14.53
 1494865875.38     0     51.15      0.00      8.11    12     48.61      0.00      8.68
 1494865875.48     0     56.53      0.00     13.29    12     53.06      0.00     13.84
 1494865875.58     0     53.91      0.00     11.91    12     53.23      0.00     11.92
 1494865875.68     0     60.74      0.00     14.30    12     59.56      0.00     15.22
 1494865875.78     0     58.44      0.00     13.10    12     55.69      0.00     13.84
 1494865875.88     0     52.61      0.00      8.20    12     48.74      0.00      8.80
 1494865875.98     0     54.17      0.00     11.98    12     52.18      0.00     12.58
 1494865876.08     0     54.48      0.00     11.82    12     50.91      0.00     12.07
 1494865876.19     0     62.18      0.00     15.74    12     62.30      0.00     17.01
 1494865876.29     0     52.77      0.00     10.20    12     49.07      0.00     10.91
 1494865876.39     0     54.60      0.00     10.95    12     52.35      0.00     11.37
 1494865876.49     0     52.38      0.00      9.01    12     50.18      0.00      9.71
 1494865876.59     0     54.78      0.00     12.45    12     51.18      0.00     12.97
 1494865876.69     0     57.13      0.00     13.17    12     56.42      0.00     13.58
 1494865876.79     0     57.69      0.00     12.60    12     56.24      0.00     13.18
 1494865876.89     0     59.53      0.00     14.16    12     58.25      0.00     14.86
 1494865876.99     0     50.21      0.00      7.53    12     48.43      0.00      8.24
 1494865877.09     0     55.23      0.00     12.37    12     52.57      0.00     12.88
 1494865877.19     0     54.45      0.00     11.57    12     51.08      0.00     11.73
 1494865877.29     0     60.13      0.00     13.90    12     58.74      0.00     15.66
 1494865877.39     0     56.16      0.00     11.86    12     53.08      0.00     11.57
 1494865877.49     0     53.15      0.00      9.44    12     51.06      0.00      9.90
 1494865877.59     0     52.29      0.00      9.92    12     49.21      0.00     10.35
 1494865877.69     0     56.63      0.00     12.25    12     53.29      0.00     12.92
 1494865877.79     0     60.91      0.00     15.14    12     60.61      0.00     15.79
 1494865877.89     0     50.49      0.00      9.08    12     49.44      0.00      9.67
 1494865877.99     0     57.91      0.00     13.62    12     56.78      0.00     13.82
 1494865878.09     0     53.45      0.00      9.38    12     50.82      0.00     10.24
 1494865878.19     0     54.38      0.00     11.89    12     50.03      0.00     12.07
 1494865878.29     0     56.25      0.00     13.06    12     55.50      0.00     13.82
 1494865878.39     0     57.22      0.00     12.41    12     56.40      0.00     13.66
 1494865878.49     0     60.15      0.00     14.37    12     58.59      0.00     14.63
 1494865878.59     0     52.35      0.00      7.90    12     49.53      0.00      8.64
 1494865878.69     0     57.31      0.00     12.91    12     54.02      0.00     13.85
 1494865878.79     0     52.36      0.00     10.41    12     50.31      0.00     10.52
 1494865878.89     0     61.15      0.00     16.00    12     60.81      0.00     16.85
 1494865878.99     0     53.08      0.00     10.68    12     51.24      0.00     11.42
 1494865879.09     0     53.62      0.00      9.24    12     51.15      0.00      9.96
 1494865879.19     0     53.15      0.00     10.63    12     49.93      0.00     11.02
 1494865879.29     0     56.63      0.00     11.99    12     55.36      0.00     12.90
 1494865879.39     0     59.99      0.00     14.53    12     56.30      0.00     15.38
 1494865879.49     0     54.75      0.00     10.29    12     51.65      0.00     10.57
 1494865879.59     0     55.98      0.00     12.06    12     54.93      0.00     12.60
 1494865879.69     0     53.61      0.00     10.00    12     51.29      0.00     10.57
 1494865879.79     0     55.76      0.00     12.17    12     49.90      0.00     12.09
 1494865879.89     0     56.71      0.00     13.45    12     56.04      0.00     13.47
 1494865879.99     0     55.41      0.00     12.03    12     55.15      0.00     13.24
 1494865880.09     0     59.60      0.00     14.18    12     58.36      0.00     14.86
 1494865880.19     0     51.73      0.00      8.07    12     49.22      0.00      8.75
 1494865880.29     0     57.08      0.00     12.62    12     54.02      0.00     13.89
 1494865880.39     0     52.83      0.00     10.59    12     49.76      0.00     10.65
 1494865880.49     0     62.06      0.00     16.00    12     60.92      0.00     16.47
 1494865880.59     0     53.65      0.00     10.39    12     51.04      0.00     10.71
 1494865880.70     0     53.00      0.00      9.69    12     51.32      0.00     10.13
 1494865880.80     0     55.65      0.00     12.54    12     53.58      0.00     12.96
 1494865880.90     0     54.03      0.00     11.95    12     52.16      0.00     12.36
 1494865881.00     0     60.95      0.00     15.04    12     58.64      0.00     15.58
 1494865881.10     0     53.20      0.00     10.59    12     52.07      0.00     10.75
 1494865881.20     0     54.68      0.00     10.43    12     50.06      0.00     12.31
 1494865881.30     0     53.89      0.00     10.09    12     51.45      0.00     10.97
 1494865881.40     0     55.01      0.00     11.90    12     51.35      0.00     12.81
 1494865881.50     0     56.63      0.00     12.11    12     55.75      0.00     12.91
 1494865881.60     0     57.01      0.00     12.30    12     54.76      0.00     12.89
 1494865881.70     0     62.53      0.00     16.18    12     61.11      0.00     16.52
 1494865881.80     0     47.01      0.00      6.07    12     44.28      0.00      6.68
 1494865881.90     0     56.69      0.00     12.57    12     53.49      0.00     13.14
 1494865882.00     0     54.65      0.00     11.74    12     51.73      0.00     12.00
 1494865882.10     0     61.96      0.00     15.88    12     61.47      0.00     16.55
 1494865882.20     0     51.36      0.00     10.29    12     49.15      0.00     10.73
 1494865882.30     0     53.29      0.00      9.98    12     51.64      0.00     10.13
 1494865882.40     0     54.39      0.00     10.64    12     51.55      0.00     11.23
 1494865882.50     0     54.55      0.00     11.75    12     52.38      0.00     12.02
 1494865882.60     0     59.17      0.00     14.51    12     57.62      0.00     15.43
 1494865882.70     0     54.84      0.00     10.73    12     52.51      0.00     10.37
 1494865882.80     0     58.78      0.00     13.37    12     57.58      0.00     14.14
 1494865882.90     0     53.05      0.00      9.46    12     51.37      0.00     10.07
 1494865883.00     0     53.72      0.00     11.96    12     51.85      0.00     12.52
 1494865883.10     0     56.63      0.00     12.96    12     54.63      0.00     13.51
 1494865883.20     0     57.41      0.00     12.96    12     57.18      0.00     13.77
 1494865883.30     0     59.84      0.00     13.88    12     58.29      0.00     14.88
 1494865883.40     0     51.18      0.00      7.90    12     49.16      0.00      8.42
 1494865883.50     0     56.55      0.00     13.14    12     53.67      0.00     13.59
 1494865883.60     0     52.97      0.00     10.97    12     50.51      0.00     10.77
 1494865883.70     0     60.61      0.00     14.67    12     57.91      0.00     15.21
 1494865883.80     0     55.88      0.00     11.29    12     53.29      0.00     12.06
 1494865883.90     0     53.87      0.00      9.79    12     50.94      0.00     10.23
 1494865884.00     0     54.98      0.00     11.46    12     53.36      0.00     11.91
 1494865884.10     0     56.04      0.00     11.96    12     54.30      0.00     12.49
 1494865884.20     0     58.75      0.00     15.20    12     58.52      0.00     15.32
 1494865884.30     0     56.36      0.00     10.80    12     52.45      0.00     11.38
 1494865884.40     0     53.64      0.00     10.45    12     51.95      0.00     11.43
 1494865884.50     0     53.95      0.00     10.15    12     51.45      0.00     10.38
 1494865884.60     0     54.65      0.00     12.27    12     51.72      0.00     12.90
 1494865884.70     0     57.06      0.00     13.25    12     56.95      0.00     13.47
 1494865884.80     0     56.27      0.00     11.61    12     53.17      0.00     12.01
 1494865884.90     0     60.40      0.00     14.13    12     59.20      0.00     14.99
 1494865885.00     0     51.47      0.00      7.99    12     49.14      0.00      8.80
 1494865885.11     0     56.99      0.00     12.83    12     53.89      0.00     13.70
 1494865885.21     0     52.04      0.00     10.66    12     50.27      0.00     11.17
 1494865885.31     0     61.52      0.00     14.63    12     59.27      0.00     16.08
 1494865885.41     0     58.38      0.00     13.75    12     57.04      0.00     14.23
 1494865885.51     0     50.50      0.00      7.30    12     49.19      0.00      8.21
 1494865885.61     0     58.06      0.00     13.76    12     55.43      0.00     14.15
 1494865885.71     0     53.99      0.00     10.82    12     50.85      0.00     11.43
 1494865885.81     0     59.75      0.00     14.63    12     57.80      0.00     15.31
 1494865885.91     0     55.34      0.00     12.46    12     53.56      0.00     12.06
 1494865886.01     0     53.26      0.00      9.08    12     51.09      0.00      9.97
 1494865886.11     0     55.55      0.00     11.07    12     52.68      0.00     12.11
 1494865886.21     0     55.43      0.00     11.84    12     52.82      0.00     12.81
 1494865886.31     0     60.50      0.00     14.91    12     60.70      0.00     15.79
 1494865886.41     0     50.90      0.00      9.55    12     47.79      0.00      9.91
 1494865886.51     0     55.18      0.00     11.56    12     52.98      0.00     12.16
 1494865886.61     0     54.18      0.00      9.94    12     51.52      0.00     10.51
 1494865886.71     0     55.13      0.00     12.05    12     50.57      0.00     12.25
 1494865886.81     0     56.42      0.00     13.46    12     55.70      0.00     13.71
 1494865886.91     0     54.50      0.00     12.29    12     53.35      0.00     12.62
 1494865887.01     0     62.00      0.00     15.76    12     58.25      0.00     16.17
 1494865887.11     0     48.46      0.00      6.78    12     46.05      0.00      7.89
 1494865887.21     0     58.43      0.00     12.90    12     54.58      0.00     13.52
 1494865887.31     0     53.60      0.00     11.35    12     52.15      0.00     11.98
 1494865887.41     0     60.35      0.00     14.29    12     57.39      0.00     14.90
 1494865887.51     0     49.72      0.00      9.51    12     50.54      0.00     10.43
 1494865887.61     0     54.63      0.00     10.54    12     51.93      0.00     11.12
 1494865887.71     0     54.18      0.00     10.35    12     51.76      0.00     10.84
 1494865887.81     0     55.18      0.00     12.27    12     52.30      0.00     12.28
 1494865887.91     0     56.46      0.00     13.33    12     56.08      0.00     13.03
 1494865888.01     0     56.82      0.00     12.04    12     54.70      0.00     12.00
 1494865888.11     0     60.45      0.00     14.06    12     58.29      0.00     15.20
 1494865888.21     0     51.79      0.00      7.88    12     49.42      0.00      8.62
 1494865888.31     0     56.36      0.00     12.92    12     54.17      0.00     13.85
 1494865888.41     0     51.71      0.00     10.24    12     49.57      0.00     10.84
 1494865888.51     0     60.85      0.00     15.54    12     60.68      0.00     16.57
 1494865888.61     0     53.73      0.00     11.15    12     52.69      0.00     12.25
 1494865888.71     0     52.38      0.00      8.76    12     49.22      0.00      9.45
 1494865888.81     0     52.80      0.00     10.24    12     50.22      0.00     10.53
 1494865888.91     0     56.98      0.00     12.71    12     54.99      0.00     13.72
 1494865889.01     0     61.28      0.00     15.42    12     59.37      0.00     15.13
 1494865889.11     0     52.92      0.00     10.55    12     51.38      0.00     10.89
 1494865889.21     0     53.39      0.00     10.71    12     51.15      0.00     11.53
 1494865889.31     0     54.15      0.00     10.07    12     51.67      0.00     10.96
 1494865889.41     0     55.15      0.00     12.47    12     54.59      0.00     13.15
 1494865889.52     0     57.55      0.00     13.53    12     56.54      0.00     13.93
 1494865889.62     0     52.41      0.00     10.12    12     51.68      0.00     11.28
 1494865889.72     0     59.76      0.00     14.19    12     58.00      0.00     15.41
 1494865889.82     0     51.47      0.00      8.09    12     48.98      0.00      8.81
 1494865889.92     0     56.27      0.00     13.18    12     54.91      0.00     13.64
 1494865890.02     0     51.77      0.00     10.70    12     50.43      0.00     10.48
 1494865890.12     0     61.47      0.00     15.70    12     60.76      0.00     15.88
 1494865890.22     0     54.26      0.00     11.09    12     52.23      0.00     11.85
 1494865890.32     0     50.82      0.00      8.81    12     49.37      0.00      9.51
 1494865890.42     0     55.24      0.00     11.24    12     52.32      0.00     12.22
 1494865890.52     0     55.70      0.00     12.07    12     55.43      0.00     13.02
 1494865890.62     0     61.11      0.00     15.50    12     59.15      0.00     15.95
 1494865890.72     0     53.28      0.00      9.96    12     50.48      0.00     10.38
 1494865890.82     0     53.38      0.00     10.68    12     52.47      0.00     11.39
 1494865890.92     0     53.73      0.00     10.31    12     51.47      0.00     10.99
 1494865891.02     0     56.54      0.00     12.48    12     54.82      0.00     13.29
 1494865891.12     0     55.75      0.00     13.03    12     55.87      0.00     12.69
 1494865891.22     0     55.54      0.00     11.42    12     53.94      0.00     11.41
 1494865891.32     0     59.72      0.00     14.13    12     58.39      0.00     15.01
 1494865891.42     0     52.26      0.00      7.92    12     49.25      0.00      8.65
 1494865891.52     0     55.39      0.00     12.66    12     53.82      0.00     13.43
 1494865891.62     0     52.75      0.00     10.94    12     50.27      0.00     10.67
 1494865891.72     0     61.90      0.00     15.85    12     61.25      0.00     16.81
 1494865891.82     0     54.55      0.00     10.48    12     51.59      0.00     11.24
 1494865891.92     0     50.87      0.00      9.16    12     50.13      0.00      9.68
 1494865892.02     0     53.44      0.00     10.02    12     50.07      0.00     10.70
 1494865892.12     0     54.34      0.00     11.53    12     51.47      0.00     12.18
 1494865892.22     0     59.24      0.00     14.35    12     58.45      0.00     14.44
 1494865892.32     0     55.12      0.00     10.18    12     52.61      0.00     10.35
 1494865892.42     0     62.88      0.00     15.97    12     62.61      0.00     17.76
 1494865892.52     0     50.90      0.00      7.33    12     48.82      0.00      7.82
 1494865892.62     0     57.36      0.00     13.57    12     55.20      0.00     14.43
 1494865892.72     0     51.57      0.00     10.99    12     49.83      0.00     11.19
 1494865892.82     0     59.09      0.00     14.09    12     57.84      0.00     15.19
 1494865892.92     0     54.36      0.00     10.39    12     51.60      0.00     10.64
 1494865893.02     0     53.46      0.00     10.44    12     51.18      0.00     10.89
 1494865893.12     0     53.24      0.00      9.99    12     50.89      0.00     10.04
 1494865893.22     0     55.96      0.00     12.32    12     54.20      0.00     12.94
 1494865893.32     0     54.58      0.00     11.50    12     53.23      0.00     12.01
 1494865893.42     0     57.37      0.00     12.56    12     54.54      0.00     13.69
 1494865893.52     0     59.61      0.00     13.24    12     56.30      0.00     15.08
 1494865893.62     0     49.28      0.00      7.29    12     47.04      0.00      7.77
 1494865893.72     0     55.13      0.00     12.06    12     53.93      0.00     12.88
 1494865893.82     0     55.91      0.00     11.87    12     52.68      0.00     12.55
 1494865893.92     0     61.32      0.00     14.66    12     59.82      0.00     15.62
 1494865894.02     0     53.08      0.00      9.70    12     49.96      0.00     10.37
 1494865894.13     0     52.54      0.00     10.41    12     52.19      0.00     10.99
 1494865894.23     0     53.91      0.00     10.82    12     52.11      0.00     10.99
 1494865894.33     0     55.35      0.00     11.55    12     54.00      0.00     11.85
 1494865894.43     0     59.10      0.00     14.51    12     56.81      0.00     14.99
 1494865894.53     0     52.93      0.00     10.04    12     49.47      0.00     10.27
 1494865894.63     0     60.15      0.00     13.65    12     57.82      0.00     14.89
 1494865894.73     0     51.37      0.00      8.22    12     48.46      0.00      8.67
 1494865894.83     0     57.18      0.00     13.08    12     54.59      0.00     13.86
 1494865894.93     0     53.19      0.00     11.74    12     53.18      0.00     11.93
 1494865895.03     0     59.05      0.00     14.29    12     57.59      0.00     15.20
 1494865895.13     0     57.91      0.00     13.90    12     57.25      0.00     14.54
 1494865895.23     0     49.62      0.00      7.73    12     47.43      0.00      8.32
 1494865895.33     0     56.90      0.00     12.69    12     53.22      0.00     12.80
 1494865895.43     0     53.83      0.00     11.56    12     53.67      0.00     11.89
 1494865895.53     0     60.19      0.00     14.49    12     55.53      0.00     15.30
 1494865895.63     0     54.68      0.00     10.41    12     52.37      0.00     11.29
 1494865895.73     0     52.80      0.00      9.82    12     50.46      0.00     10.39
 1494865895.83     0     54.39      0.00     10.65    12     51.52      0.00     11.21
 1494865895.93     0     55.46      0.00     11.87    12     53.26      0.00     12.55
 1494865896.03     0     60.78      0.00     14.54    12     58.57      0.00     15.38
 1494865896.13     0     51.21      0.00      9.26    12     47.98      0.00     10.04
 1494865896.23     0     59.84      0.00     14.60    12     58.32      0.00     15.19
 1494865896.33     0     51.62      0.00      8.46    12     48.79      0.00      8.83
 1494865896.43     0     55.31      0.00     13.06    12     53.16      0.00     13.26
 1494865896.53     0     51.59      0.00     10.95    12     50.18      0.00     11.57
 1494865896.63     0     61.18      0.00     14.67    12     59.54      0.00     15.73
 1494865896.73     0     59.17      0.00     13.73    12     57.36      0.00     14.02
 1494865896.83     0     49.28      0.00      7.39    12     46.92      0.00      7.95
 1494865896.93     0     58.87      0.00     13.49    12     55.01      0.00     13.98
 1494865897.03     0     51.55      0.00     11.26    12     51.74      0.00     11.83
 1494865897.13     0     61.04      0.00     15.85    12     60.76      0.00     16.21
 1494865897.23     0     51.34      0.00      9.63    12     49.68      0.00      9.96
 1494865897.33     0     55.48      0.00     10.74    12     52.79      0.00     10.88
 1494865897.43     0     53.23      0.00     10.07    12     50.74      0.00     10.34
 1494865897.53     0     56.15      0.00     11.94    12     53.40      0.00     12.64
 1494865897.63     0     57.25      0.00     11.92    12     54.27      0.00     12.66
 1494865897.73     0     55.65      0.00     10.77    12     53.96      0.00     12.05
 1494865897.83     0     62.78      0.00     16.32    12     62.05      0.00     17.16
 1494865897.93     0     50.43      0.00      7.35    12     48.25      0.00      7.75
 1494865898.03     0     55.18      0.00     12.50    12     52.54      0.00     13.21
 1494865898.13     0     54.70      0.00     11.73    12     52.48      0.00     12.02
 1494865898.23     0     60.89      0.00     15.33    12     59.04      0.00     15.81
 1494865898.33     0     56.83      0.00     11.87    12     54.21      0.00     11.89
 1494865898.43     0     54.72      0.00      9.94    12     52.32      0.00     10.64
 1494865898.54     0     52.27      0.00      9.93    12     48.80      0.00      9.88
 1494865898.64     0     57.19      0.00     12.45    12     55.07      0.00     13.49
 1494865898.74     0     59.06      0.00     14.24    12     58.18      0.00     14.96
 1494865898.84     0     54.74      0.00     10.44    12     51.77      0.00     11.13
 1494865898.94     0     58.13      0.00     12.78    12     56.78      0.00     13.17
 1494865899.04     0     53.79      0.00      8.96    12     50.60      0.00      9.60
 1494865899.14     0     55.28      0.00     12.41    12     52.52      0.00     12.68
 1494865899.24     0     57.28      0.00     13.43    12     57.23      0.00     14.02
 1494865899.34     0     57.84      0.00     12.58    12     55.08      0.00     13.27
 1494865899.44     0     60.77      0.00     14.27    12     59.13      0.00     15.01
 1494865899.54     0     52.38      0.00      8.09    12     50.10      0.00      8.55
 1494865899.64     0     56.47      0.00     12.90    12     53.45      0.00     13.46
 1494865899.74     0     51.06      0.00     10.11    12     48.93      0.00     10.75
 1494865899.84     0     60.89      0.00     16.33    12     60.41      0.00     17.03
 1494865899.94     0     56.21      0.00     12.01    12     52.97      0.00     12.42
 1494865900.04     0     50.98      0.00      8.27    12     48.64      0.00      9.10
 1494865900.14     0     53.69      0.00     10.95    12     51.33      0.00     11.36
 1494865900.24     0     57.28      0.00     12.38    12     56.03      0.00     13.18
 1494865900.34     0     59.85      0.00     15.27    12     58.88      0.00     15.62
 1494865900.44     0     54.59      0.00     10.69    12     53.76      0.00     11.28
 1494865900.54     0     54.76      0.00     10.92    12     53.09      0.00     11.60
 1494865900.64     0     54.18      0.00     10.09    12     52.89      0.00     10.89
 1494865900.74     0     56.05      0.00     12.17    12     53.10      0.00     13.10
 1494865900.84     0     56.42      0.00     13.20    12     57.39      0.00     13.44
 1494865900.94     0     55.55      0.00     11.60    12     52.88      0.00     12.23
 1494865901.04     0     58.89      0.00     14.06    12     57.16      0.00     14.81
 1494865901.14     0     51.11      0.00      7.62    12     48.61      0.00      8.22
 1494865901.24     0     55.20      0.00     12.60    12     52.44      0.00     13.16
 1494865901.34     0     53.19      0.00     11.63    12     52.00      0.00     11.81
 1494865901.44     0     61.83      0.00     15.97    12     61.23      0.00     16.56
 1494865901.54     0     56.20      0.00     11.13    12     53.04      0.00     11.51
 1494865901.64     0     48.71      0.00      8.87    12     45.86      0.00      9.43
 1494865901.74     0     20.50      0.00      3.44    12     20.57      0.00      3.20
 1494865901.84     0     18.70      0.00      2.89    12     19.12      0.00      2.80
 1494865901.94     0     13.56      0.00      1.43    12     15.25      0.00      1.91
 1494865902.04     0     14.85      0.00      1.74    12     15.07      0.00      2.11
 1494865902.14     0     13.22      0.00      1.59    12     15.05      0.00      2.11
 1494865902.24     0     14.62      0.00      1.62    12     15.18      0.00      1.97
 1494865902.34     0     16.40      0.00      2.24    12     16.93      0.00      2.73
 1494865902.44     0     20.33      0.00      3.67    12     20.25      0.00      3.98
