         #Time  Core     P_PKG     P_PP0    P_DRAM  Core     P_PKG     P_PP0    P_DRAM
 1493657738.01     0     22.45      0.00      5.16    12     24.43      0.00      5.52
 1493657738.11     0     53.31      0.00     16.32    12     55.67      0.00     16.62
 1493657738.21     0     54.62      0.00     13.01    12     66.35      0.00     14.75
 1493657738.31     0     65.63      0.00     12.85    12     63.71      0.00     12.24
 1493657738.41     0     66.24      0.00     11.40    12     65.54      0.00     12.52
 1493657738.51     0     75.60      0.00     14.38    12     78.19      0.00     15.02
 1493657738.61     0     73.39      0.00     13.13    12     73.90      0.00     13.80
 1493657738.71     0     73.24      0.00     12.42    12     67.20      0.00     13.38
 1493657738.81     0     78.70      0.00     13.86    12     78.77      0.00     14.86
 1493657738.92     0     77.27      0.00     14.28    12     78.03      0.00     14.42
 1493657739.02     0     63.18      0.00     10.91    12     62.84      0.00     11.42
 1493657739.12     0     64.99      0.00     13.01    12     68.16      0.00     14.09
 1493657739.22     0     77.84      0.00     13.56    12     79.35      0.00     14.77
 1493657739.32     0     72.70      0.00     12.17    12     72.68      0.00     12.11
 1493657739.42     0     76.93      0.00     13.89    12     77.28      0.00     15.47
 1493657739.52     0     73.66      0.00     12.70    12     70.22      0.00     13.21
 1493657739.62     0     77.09      0.00     14.19    12     82.41      0.00     15.59
 1493657739.72     0     63.55      0.00      9.97    12     67.49      0.00     10.61
 1493657739.82     0     77.50      0.00     14.17    12     78.06      0.00     15.14
 1493657739.92     0     74.38      0.00     12.62    12     75.41      0.00     13.33
 1493657740.02     0     74.52      0.00     13.07    12     70.35      0.00     13.52
 1493657740.12     0     72.76      0.00     13.66    12     74.88      0.00     13.72
 1493657740.22     0     64.49      0.00     13.16    12     67.63      0.00     13.74
 1493657740.32     0     69.06      0.00     11.95    12     75.08      0.00     12.22
 1493657740.42     0     66.32      0.00     11.99    12     68.04      0.00     12.42
 1493657740.52     0     76.64      0.00     14.14    12     76.54      0.00     15.07
 1493657740.62     0     70.02      0.00     11.86    12     68.81      0.00     12.22
 1493657740.72     0     78.10      0.00     14.41    12     79.08      0.00     14.88
 1493657740.82     0     73.73      0.00     12.42    12     72.75      0.00     13.41
 1493657740.92     0     78.50      0.00     14.27    12     81.72      0.00     15.38
 1493657741.02     0     66.84      0.00     10.77    12     69.39      0.00     11.33
 1493657741.12     0     72.75      0.00     13.54    12     70.99      0.00     13.18
 1493657741.22     0     74.88      0.00     13.20    12     75.16      0.00     13.92
 1493657741.32     0     73.14      0.00     12.84    12     71.26      0.00     13.44
 1493657741.42     0     76.89      0.00     14.07    12     78.93      0.00     14.70
 1493657741.52     0     73.73      0.00     12.61    12     75.01      0.00     13.68
 1493657741.62     0     68.67      0.00     13.38    12     73.08      0.00     13.61
 1493657741.72     0     65.38      0.00     11.13    12     66.11      0.00     11.44
 1493657741.82     0     76.51      0.00     14.09    12     76.89      0.00     14.87
 1493657741.92     0     73.83      0.00     12.91    12     74.92      0.00     13.67
 1493657742.02     0     75.27      0.00     12.95    12     74.14      0.00     13.36
 1493657742.12     0     71.62      0.00     12.45    12     75.95      0.00     13.61
 1493657742.23     0     82.65      0.00     15.57    12     76.31      0.00     15.04
 1493657742.33     0     65.44      0.00     10.57    12     66.86      0.00     11.21
 1493657742.43     0     70.15      0.00     12.98    12     74.03      0.00     13.85
 1493657742.53     0     72.27      0.00     12.64    12     73.09      0.00     13.24
 1493657742.63     0     71.30      0.00     12.65    12     74.20      0.00     13.45
 1493657742.73     0     79.96      0.00     14.20    12     77.14      0.00     15.17
 1493657742.83     0     67.21      0.00     12.18    12     76.66      0.00     13.13
 1493657742.93     0     75.75      0.00     13.83    12     77.33      0.00     14.71
 1493657743.03     0     64.85      0.00     10.47    12     66.21      0.00     10.94
 1493657743.13     0     74.53      0.00     13.80    12     76.52      0.00     14.73
 1493657743.23     0     76.56      0.00     13.74    12     73.37      0.00     13.72
 1493657743.33     0     74.22      0.00     13.16    12     72.49      0.00     13.53
 1493657743.43     0     69.88      0.00     12.52    12     73.78      0.00     13.47
 1493657743.53     0     76.32      0.00     14.64    12     79.00      0.00     14.91
 1493657743.63     0     66.57      0.00     11.11    12     69.91      0.00     11.74
 1493657743.73     0     70.07      0.00     13.33    12     73.22      0.00     13.92
 1493657743.83     0     74.79      0.00     13.07    12     75.10      0.00     13.98
 1493657743.93     0     72.32      0.00     12.41    12     70.78      0.00     13.21
 1493657744.03     0     79.05      0.00     14.35    12     78.63      0.00     14.90
 1493657744.13     0     74.97      0.00     13.11    12     76.87      0.00     13.77
 1493657744.23     0     74.55      0.00     14.79    12     74.91      0.00     14.90
 1493657744.33     0     66.36      0.00     11.01    12     68.17      0.00     11.03
 1493657744.43     0     72.70      0.00     13.72    12     75.35      0.00     14.57
 1493657744.53     0     73.03      0.00     13.09    12     73.45      0.00     13.96
 1493657744.63     0     71.78      0.00     12.28    12     72.29      0.00     13.28
 1493657744.73     0     72.67      0.00     13.62    12     73.66      0.00     14.14
 1493657744.84     0     77.29      0.00     13.96    12     76.28      0.00     14.57
 1493657744.94     0     71.57      0.00     12.34    12     77.27      0.00     13.91
 1493657745.04     0     67.45      0.00     11.64    12     68.19      0.00     11.89
 1493657745.14     0     75.97      0.00     14.07    12     77.68      0.00     14.91
 1493657745.24     0     71.75      0.00     12.03    12     71.66      0.00     12.77
 1493657745.34     0     79.17      0.00     14.39    12     76.58      0.00     14.38
 1493657745.44     0     65.74      0.00     12.18    12     69.67      0.00     13.11
 1493657745.54     0     65.44      0.00     13.48    12     79.74      0.00     15.38
 1493657745.64     0     63.68      0.00     11.26    12     71.11      0.00     11.85
 1493657745.74     0     70.86      0.00     13.55    12     74.60      0.00     13.69
 1493657745.84     0     72.59      0.00     12.64    12     72.40      0.00     13.41
 1493657745.94     0     74.77      0.00     12.29    12     73.43      0.00     13.51
 1493657746.04     0     79.39      0.00     14.77    12     80.28      0.00     15.30
 1493657746.14     0     67.64      0.00     12.87    12     77.48      0.00     13.57
 1493657746.24     0     71.76      0.00     13.17    12     79.31      0.00     14.27
 1493657746.34     0     65.48      0.00     11.38    12     66.11      0.00     10.73
 1493657746.44     0     75.12      0.00     13.94    12     75.90      0.00     14.51
 1493657746.54     0     72.28      0.00     11.84    12     75.09      0.00     12.99
 1493657746.64     0     78.98      0.00     14.11    12     79.02      0.00     15.17
 1493657746.74     0     65.46      0.00     12.41    12     72.66      0.00     13.44
 1493657746.84     0     72.36      0.00     13.72    12     79.23      0.00     15.23
 1493657746.94     0     66.42      0.00     11.00    12     71.10      0.00     11.87
 1493657747.04     0     70.68      0.00     13.41    12     75.12      0.00     14.16
 1493657747.14     0     71.92      0.00     12.76    12     76.73      0.00     13.62
 1493657747.24     0     63.16      0.00     13.01    12     73.19      0.00     14.01
 1493657747.34     0     75.37      0.00     14.61    12     81.10      0.00     15.33
 1493657747.44     0     71.77      0.00     14.56    12     77.34      0.00     13.62
 1493657747.54     0     61.84      0.00     10.40    12     63.64      0.00     10.88
 1493657747.64     0     58.80      0.00     12.56    12     62.14      0.00     13.29
 1493657747.74     0     76.53      0.00     14.10    12     78.59      0.00     14.94
 1493657747.84     0     61.47      0.00     10.59    12     68.79      0.00     12.49
 1493657747.94     0     71.24      0.00     13.51    12     78.98      0.00     15.00
 1493657748.05     0     69.63      0.00     12.51    12     73.61      0.00     13.52
 1493657748.15     0     70.55      0.00     14.64    12     78.66      0.00     15.59
 1493657748.25     0     63.31      0.00      9.88    12     66.13      0.00     10.33
 1493657748.35     0     72.43      0.00     14.01    12     76.48      0.00     14.94
 1493657748.45     0     71.40      0.00     12.68    12     72.88      0.00     12.69
 1493657748.55     0     70.82      0.00     12.88    12     68.91      0.00     12.81
 1493657748.65     0     73.47      0.00     14.83    12     78.65      0.00     14.97
 1493657748.75     0     63.45      0.00     12.06    12     69.53      0.00     13.73
 1493657748.85     0     70.77      0.00     12.71    12     79.23      0.00     13.38
 1493657748.95     0     64.97      0.00     11.33    12     69.47      0.00     12.36
 1493657749.05     0     74.18      0.00     14.11    12     78.15      0.00     14.96
 1493657749.15     0     66.81      0.00     12.29    12     73.63      0.00     12.69
 1493657749.25     0     75.90      0.00     13.44    12     80.63      0.00     15.54
 1493657749.35     0     72.05      0.00     13.31    12     76.61      0.00     14.07
 1493657749.45     0     76.01      0.00     14.49    12     77.40      0.00     14.65
 1493657749.55     0     62.67      0.00     10.04    12     63.71      0.00     10.86
 1493657749.65     0     72.47      0.00     14.13    12     75.34      0.00     14.47
 1493657749.75     0     74.06      0.00     12.79    12     74.44      0.00     13.52
 1493657749.85     0     69.25      0.00     12.76    12     73.59      0.00     13.74
 1493657749.95     0     72.77      0.00     13.28    12     75.51      0.00     14.72
 1493657750.05     0     73.60      0.00     14.09    12     78.03      0.00     14.87
 1493657750.15     0     64.43      0.00     11.16    12     69.75      0.00     11.54
 1493657750.25     0     64.13      0.00     13.00    12     71.43      0.00     13.59
 1493657750.35     0     75.70      0.00     13.47    12     76.88      0.00     14.33
 1493657750.45     0     72.24      0.00     12.63    12     67.31      0.00     12.98
 1493657750.55     0     83.29      0.00     15.73    12     78.59      0.00     15.08
 1493657750.65     0     60.24      0.00     10.70    12     60.97      0.00     11.65
 1493657750.75     0     66.82      0.00     13.58    12     76.67      0.00     15.49
 1493657750.86     0     65.34      0.00     10.61    12     68.34      0.00     10.96
 1493657750.96     0     75.10      0.00     14.16    12     77.26      0.00     14.61
 1493657751.06     0     75.47      0.00     12.83    12     74.41      0.00     14.25
 1493657751.16     0     73.66      0.00     12.64    12     75.87      0.00     13.45
 1493657751.26     0     69.39      0.00     12.39    12     76.04      0.00     14.01
 1493657751.36     0     73.85      0.00     13.54    12     79.97      0.00     14.62
 1493657751.46     0     75.68      0.00     13.64    12     79.81      0.00     14.53
 1493657751.56     0     66.26      0.00     11.41    12     65.56      0.00     11.30
 1493657751.66     0     74.61      0.00     13.53    12     73.40      0.00     13.25
 1493657751.76     0     70.43      0.00     12.28    12     72.99      0.00     13.01
 1493657751.86     0     76.64      0.00     13.85    12     80.27      0.00     14.33
 1493657751.96     0     67.71      0.00     13.02    12     72.81      0.00     13.36
 1493657752.06     0     77.64      0.00     15.21    12     81.30      0.00     15.77
 1493657752.16     0     66.02      0.00     10.61    12     68.01      0.00     11.47
 1493657752.26     0     72.36      0.00     13.58    12     73.87      0.00     14.18
 1493657752.36     0     72.31      0.00     13.43    12     74.29      0.00     13.72
 1493657752.46     0     74.81      0.00     12.81    12     79.16      0.00     14.17
 1493657752.56     0     77.67      0.00     14.71    12     77.73      0.00     15.38
 1493657752.66     0     72.28      0.00     13.53    12     75.91      0.00     13.80
 1493657752.76     0     62.60      0.00     10.54    12     63.82      0.00     10.97
 1493657752.86     0     57.32      0.00     12.83    12     59.54      0.00     12.96
 1493657752.96     0     75.21      0.00     13.95    12     76.53      0.00     14.82
 1493657753.06     0     72.68      0.00     12.34    12     71.01      0.00     12.83
 1493657753.16     0     79.93      0.00     14.90    12     79.75      0.00     14.84
 1493657753.26     0     70.23      0.00     12.52    12     73.65      0.00     13.69
 1493657753.36     0     69.33      0.00     14.23    12     81.17      0.00     15.21
 1493657753.46     0     64.40      0.00     10.63    12     69.54      0.00     11.45
 1493657753.57     0     76.96      0.00     14.72    12     79.11      0.00     15.33
 1493657753.67     0     73.66      0.00     12.97    12     73.63      0.00     13.48
 1493657753.77     0     64.80      0.00     12.55    12     65.90      0.00     12.50
 1493657753.87     0     72.53      0.00     14.18    12     79.60      0.00     14.45
 1493657753.97     0     74.11      0.00     13.02    12     75.04      0.00     14.11
 1493657754.07     0     68.08      0.00     11.70    12     71.53      0.00     12.12
 1493657754.17     0     66.81      0.00     12.94    12     72.13      0.00     13.77
 1493657754.27     0     78.62      0.00     13.80    12     75.18      0.00     14.04
 1493657754.37     0     70.47      0.00     12.69    12     76.28      0.00     13.13
 1493657754.47     0     70.71      0.00     15.22    12     75.37      0.00     15.57
 1493657754.57     0     74.55      0.00     13.38    12     76.15      0.00     13.52
 1493657754.67     0     71.16      0.00     12.43    12     70.84      0.00     13.67
 1493657754.77     0     61.15      0.00     12.17    12     68.10      0.00     11.77
 1493657754.87     0     73.37      0.00     14.04    12     75.70      0.00     14.56
 1493657754.97     0     72.81      0.00     13.10    12     75.14      0.00     13.37
 1493657755.07     0     72.90      0.00     12.99    12     72.13      0.00     13.68
 1493657755.17     0     76.96      0.00     13.52    12     73.92      0.00     13.59
 1493657755.27     0     78.55      0.00     14.81    12     81.33      0.00     15.63
 1493657755.37     0     67.98      0.00     11.11    12     70.95      0.00     11.99
 1493657755.47     0     73.02      0.00     13.52    12     74.26      0.00     14.00
 1493657755.57     0     73.55      0.00     13.27    12     75.36      0.00     13.44
 1493657755.67     0     76.06      0.00     13.08    12     72.62      0.00     13.87
 1493657755.77     0     79.66      0.00     15.07    12     77.56      0.00     14.35
 1493657755.87     0     63.56      0.00     12.74    12     66.70      0.00     13.02
 1493657755.97     0     66.85      0.00     12.61    12     76.24      0.00     13.54
 1493657756.07     0     63.49      0.00     11.53    12     67.46      0.00     12.17
 1493657756.17     0     76.25      0.00     13.62    12     77.41      0.00     14.97
 1493657756.27     0     70.79      0.00     11.94    12     69.84      0.00     12.42
 1493657756.37     0     79.24      0.00     15.05    12     79.79      0.00     15.52
 1493657756.47     0     69.40      0.00     12.34    12     73.95      0.00     13.62
 1493657756.57     0     77.93      0.00     14.63    12     77.17      0.00     15.47
 1493657756.67     0     65.00      0.00     10.57    12     67.94      0.00     10.95
 1493657756.78     0     74.08      0.00     14.59    12     78.51      0.00     14.94
 1493657756.88     0     72.78      0.00     12.48    12     69.93      0.00     12.03
 1493657756.98     0     66.45      0.00     12.84    12     75.50      0.00     13.37
 1493657757.08     0     78.98      0.00     14.45    12     82.80      0.00     15.62
 1493657757.18     0     73.46      0.00     12.71    12     74.52      0.00     13.58
 1493657757.28     0     72.30      0.00     12.76    12     74.14      0.00     13.42
 1493657757.38     0     66.45      0.00     11.67    12     67.65      0.00     12.35
 1493657757.48     0     75.32      0.00     13.87    12     78.34      0.00     15.29
 1493657757.58     0     65.60      0.00     12.62    12     72.10      0.00     12.76
 1493657757.68     0     69.45      0.00     14.47    12     79.19      0.00     15.50
 1493657757.78     0     75.11      0.00     13.90    12     74.26      0.00     14.43
 1493657757.88     0     83.29      0.00     15.85    12     83.19      0.00     15.50
 1493657757.98     0     52.49      0.00      8.70    12     52.22      0.00      9.03
 1493657758.08     0     64.75      0.00     13.35    12     65.94      0.00     14.22
 1493657758.18     0     76.90      0.00     13.34    12     75.71      0.00     13.89
 1493657758.28     0     76.95      0.00     13.25    12     67.17      0.00     13.81
 1493657758.38     0     79.91      0.00     14.54    12     77.00      0.00     15.50
 1493657758.48     0     75.77      0.00     13.02    12     73.80      0.00     13.81
 1493657758.58     0     72.02      0.00     13.13    12     78.27      0.00     14.30
 1493657758.68     0     65.37      0.00     11.32    12     67.91      0.00     12.03
 1493657758.78     0     75.37      0.00     14.08    12     76.55      0.00     14.69
 1493657758.88     0     73.27      0.00     12.07    12     71.97      0.00     12.26
 1493657758.98     0     80.03      0.00     15.21    12     78.07      0.00     14.83
 1493657759.08     0     62.98      0.00     11.77    12     66.76      0.00     12.65
 1493657759.18     0     69.82      0.00     14.58    12     75.55      0.00     14.95
 1493657759.28     0     67.34      0.00     11.37    12     70.58      0.00     12.13
 1493657759.38     0     68.57      0.00     13.29    12     72.88      0.00     14.17
 1493657759.49     0     77.21      0.00     13.12    12     73.42      0.00     13.59
 1493657759.59     0     72.20      0.00     12.77    12     76.02      0.00     13.91
 1493657759.69     0     79.86      0.00     14.98    12     83.43      0.00     15.89
 1493657759.79     0     75.49      0.00     12.99    12     76.54      0.00     13.73
 1493657759.89     0     69.78      0.00     11.98    12     70.98      0.00     12.42
 1493657759.99     0     65.47      0.00     12.05    12     66.05      0.00     11.49
 1493657760.09     0     75.78      0.00     14.04    12     77.44      0.00     14.48
 1493657760.19     0     71.53      0.00     11.97    12     73.43      0.00     12.94
 1493657760.29     0     80.14      0.00     14.70    12     80.51      0.00     15.27
 1493657760.39     0     75.49      0.00     12.82    12     75.65      0.00     14.08
 1493657760.49     0     78.20      0.00     14.57    12     77.31      0.00     15.16
 1493657760.59     0     64.61      0.00     10.40    12     65.65      0.00     10.56
 1493657760.69     0     75.71      0.00     14.19    12     79.81      0.00     15.36
 1493657760.79     0     75.88      0.00     13.40    12     77.23      0.00     14.20
 1493657760.89     0     76.33      0.00     13.59    12     75.14      0.00     14.25
 1493657760.99     0     74.06      0.00     13.05    12     73.45      0.00     13.26
 1493657761.09     0     70.92      0.00     15.23    12     81.67      0.00     15.10
 1493657761.19     0     56.21      0.00      9.36    12     59.95      0.00     10.14
 1493657761.29     0     64.56      0.00     13.22    12     67.08      0.00     13.97
 1493657761.39     0     78.57      0.00     13.53    12     77.28      0.00     14.36
 1493657761.49     0     77.40      0.00     13.45    12     76.27      0.00     14.13
 1493657761.59     0     82.14      0.00     15.10    12     79.14      0.00     15.51
 1493657761.69     0     66.03      0.00     12.60    12     73.77      0.00     13.36
 1493657761.79     0     73.98      0.00     13.81    12     80.60      0.00     14.57
 1493657761.89     0     64.27      0.00     11.27    12     68.95      0.00     11.87
 1493657761.99     0     75.68      0.00     13.98    12     76.94      0.00     14.17
 1493657762.09     0     68.86      0.00     12.25    12     69.63      0.00     11.59
 1493657762.20     0     74.28      0.00     14.76    12     81.11      0.00     15.76
 1493657762.30     0     70.12      0.00     12.25    12     68.18      0.00     13.47
 1493657762.40     0     71.91      0.00     14.27    12     78.75      0.00     14.97
 1493657762.50     0     67.93      0.00     11.45    12     71.28      0.00     12.00
 1493657762.60     0     72.01      0.00     13.98    12     76.13      0.00     14.53
 1493657762.70     0     73.96      0.00     13.11    12     73.93      0.00     14.16
 1493657762.80     0     77.05      0.00     13.17    12     80.17      0.00     14.05
 1493657762.90     0     78.58      0.00     14.27    12     77.87      0.00     14.61
 1493657763.00     0     77.06      0.00     13.98    12     78.37      0.00     14.72
 1493657763.10     0     67.31      0.00     11.16    12     69.10      0.00     11.72
 1493657763.20     0     66.39      0.00     12.79    12     69.52      0.00     13.39
 1493657763.30     0     74.93      0.00     13.39    12     78.27      0.00     13.99
 1493657763.40     0     75.00      0.00     12.89    12     75.39      0.00     13.26
 1493657763.50     0     79.92      0.00     14.51    12     80.20      0.00     15.22
 1493657763.60     0     78.60      0.00     13.77    12     77.92      0.00     14.54
 1493657763.70     0     75.51      0.00     13.85    12     73.42      0.00     14.43
 1493657763.80     0     66.90      0.00     11.65    12     67.14      0.00     11.84
 1493657763.90     0     72.68      0.00     13.65    12     78.92      0.00     15.01
 1493657764.00     0     72.05      0.00     13.27    12     74.53      0.00     13.59
 1493657764.10     0     77.57      0.00     14.67    12     77.42      0.00     14.84
 1493657764.20     0     63.03      0.00     11.14    12     62.50      0.00     10.56
 1493657764.30     0     67.36      0.00     14.66    12     73.54      0.00     15.12
 1493657764.40     0     70.57      0.00     12.05    12     75.54      0.00     12.99
 1493657764.50     0     67.36      0.00     12.40    12     70.08      0.00     13.07
 1493657764.60     0     79.37      0.00     14.20    12     79.11      0.00     15.02
 1493657764.70     0     73.71      0.00     12.75    12     69.03      0.00     12.91
 1493657764.80     0     80.12      0.00     14.69    12     81.59      0.00     15.71
 1493657764.90     0     68.55      0.00     13.70    12     72.95      0.00     13.67
 1493657765.00     0     74.87      0.00     14.00    12     79.07      0.00     14.54
 1493657765.10     0     67.36      0.00     11.56    12     69.34      0.00     11.76
 1493657765.20     0     73.73      0.00     13.77    12     74.06      0.00     13.95
 1493657765.30     0     69.39      0.00     12.77    12     73.82      0.00     13.45
 1493657765.40     0     70.07      0.00     13.48    12     75.25      0.00     14.08
 1493657765.50     0     77.09      0.00     13.18    12     76.81      0.00     13.79
 1493657765.60     0     77.19      0.00     14.21    12     81.55      0.00     15.33
 1493657765.70     0     68.20      0.00     11.40    12     71.43      0.00     12.41
 1493657765.80     0     71.29      0.00     13.58    12     73.16      0.00     13.75
 1493657765.91     0     71.96      0.00     12.64    12     75.40      0.00     13.90
 1493657766.01     0     75.94      0.00     13.13    12     73.59      0.00     14.18
 1493657766.11     0     81.86      0.00     14.87    12     79.43      0.00     15.61
 1493657766.21     0     72.78      0.00     13.43    12     74.34      0.00     12.83
 1493657766.31     0     67.83      0.00     11.65    12     73.34      0.00     12.69
 1493657766.41     0     61.21      0.00     11.50    12     64.72      0.00     11.74
 1493657766.51     0     76.79      0.00     14.31    12     78.09      0.00     15.10
 1493657766.61     0     71.94      0.00     12.07    12     71.84      0.00     12.87
 1493657766.71     0     78.46      0.00     14.16    12     76.73      0.00     15.38
 1493657766.81     0     75.43      0.00     12.93    12     77.12      0.00     13.73
 1493657766.91     0     79.75      0.00     15.13    12     80.40      0.00     15.58
 1493657767.01     0     64.99      0.00     10.55    12     65.54      0.00     10.90
 1493657767.11     0     75.00      0.00     14.17    12     78.55      0.00     15.40
 1493657767.21     0     76.94      0.00     13.19    12     73.74      0.00     13.11
 1493657767.31     0     68.12      0.00     12.91    12     75.46      0.00     13.16
 1493657767.41     0     74.64      0.00     13.28    12     74.27      0.00     14.23
 1493657767.51     0     72.67      0.00     13.71    12     71.94      0.00     14.14
 1493657767.61     0     70.00      0.00     12.13    12     73.76      0.00     12.47
 1493657767.71     0     66.81      0.00     12.86    12     72.67      0.00     13.92
 1493657767.81     0     74.38      0.00     13.36    12     74.06      0.00     13.84
 1493657767.92     0     66.27      0.00     13.34    12     76.25      0.00     13.58
 1493657768.02     0     76.56      0.00     14.90    12     79.86      0.00     15.79
 1493657768.12     0     75.44      0.00     13.15    12     78.47      0.00     13.96
 1493657768.22     0     75.13      0.00     13.83    12     75.30      0.00     14.63
 1493657768.32     0     63.85      0.00     10.98    12     66.34      0.00     11.46
 1493657768.42     0     74.65      0.00     14.07    12     78.01      0.00     14.80
 1493657768.52     0     68.15      0.00     11.55    12     72.31      0.00     13.13
 1493657768.62     0     77.04      0.00     14.06    12     79.23      0.00     14.56
 1493657768.72     0     75.81      0.00     13.27    12     73.79      0.00     13.92
 1493657768.82     0     78.55      0.00     14.75    12     82.27      0.00     15.80
 1493657768.92     0     65.19      0.00     10.45    12     68.56      0.00     11.12
 1493657769.02     0     74.23      0.00     14.25    12     78.45      0.00     14.80
 1493657769.12     0     76.85      0.00     13.60    12     75.91      0.00     14.24
 1493657769.22     0     78.15      0.00     13.87    12     74.68      0.00     14.07
 1493657769.32     0     76.37      0.00     12.95    12     71.41      0.00     12.94
 1493657769.42     0     61.22      0.00     13.01    12     66.91      0.00     13.75
 1493657769.52     0     64.47      0.00     11.63    12     75.89      0.00     13.19
 1493657769.62     0     67.16      0.00     12.54    12     68.59      0.00     12.72
 1493657769.72     0     77.09      0.00     13.64    12     76.05      0.00     14.65
 1493657769.82     0     73.47      0.00     12.51    12     71.36      0.00     12.96
 1493657769.92     0     76.42      0.00     13.81    12     81.29      0.00     15.26
 1493657770.02     0     75.27      0.00     13.00    12     75.24      0.00     14.15
 1493657770.12     0     73.61      0.00     14.39    12     79.60      0.00     15.18
 1493657770.22     0     65.34      0.00     10.64    12     66.81      0.00     11.27
 1493657770.32     0     77.06      0.00     15.02    12     76.08      0.00     13.65
 1493657770.42     0     69.87      0.00     12.09    12     71.21      0.00     12.75
 1493657770.52     0     69.02      0.00     12.24    12     72.69      0.00     13.60
 1493657770.62     0     68.81      0.00     12.73    12     75.95      0.00     14.24
 1493657770.72     0     72.36      0.00     13.86    12     76.19      0.00     14.95
 1493657770.82     0     73.82      0.00     13.43    12     78.70      0.00     14.00
 1493657770.92     0     65.18      0.00     11.68    12     67.23      0.00     12.22
 1493657771.02     0     74.11      0.00     13.71    12     77.70      0.00     14.67
 1493657771.13     0     71.28      0.00     11.60    12     71.45      0.00     12.50
 1493657771.23     0     81.56      0.00     15.16    12     80.98      0.00     15.35
 1493657771.33     0     71.39      0.00     13.13    12     70.66      0.00     12.96
 1493657771.43     0     68.67      0.00     14.53    12     77.99      0.00     15.05
 1493657771.53     0     50.68      0.00      9.61    12     53.55      0.00     10.14
 1493657771.63     0     70.88      0.00     14.02    12     74.39      0.00     15.03
 1493657771.73     0     75.34      0.00     13.26    12     74.72      0.00     13.26
 1493657771.83     0     69.75      0.00     11.40    12     72.86      0.00     13.47
 1493657771.93     0     72.68      0.00     13.60    12     80.80      0.00     15.22
 1493657772.03     0     72.58      0.00     12.58    12     75.02      0.00     13.54
 1493657772.13     0     70.18      0.00     12.37    12     67.93      0.00     13.81
 1493657772.23     0     64.89      0.00     11.76    12     70.13      0.00     12.44
 1493657772.33     0     76.88      0.00     13.66    12     75.31      0.00     13.88
 1493657772.43     0     72.90      0.00     12.24    12     72.97      0.00     12.31
 1493657772.53     0     80.99      0.00     14.86    12     74.94      0.00     15.23
 1493657772.63     0     70.03      0.00     12.44    12     79.29      0.00     13.90
 1493657772.73     0     75.33      0.00     14.17    12     74.38      0.00     15.37
 1493657772.83     0     66.85      0.00     11.02    12     65.87      0.00     11.10
 1493657772.93     0     73.57      0.00     13.49    12     78.67      0.00     14.98
 1493657773.03     0     72.39      0.00     12.84    12     73.83      0.00     14.23
 1493657773.13     0     72.73      0.00     12.86    12     78.10      0.00     13.84
 1493657773.23     0     71.35      0.00     12.75    12     74.96      0.00     13.65
 1493657773.33     0     79.64      0.00     14.50    12     79.58      0.00     15.48
 1493657773.43     0     66.82      0.00     11.08    12     69.85      0.00     11.63
 1493657773.53     0     66.05      0.00     12.62    12     69.22      0.00     13.74
 1493657773.63     0     71.56      0.00     12.47    12     75.10      0.00     13.90
 1493657773.73     0     73.98      0.00     12.86    12     73.01      0.00     13.74
 1493657773.84     0     79.12      0.00     14.15    12     79.06      0.00     15.52
 1493657773.94     0     75.42      0.00     12.82    12     76.61      0.00     13.87
 1493657774.04     0     75.04      0.00     13.66    12     74.60      0.00     14.25
 1493657774.14     0     66.60      0.00     11.44    12     69.08      0.00     12.11
 1493657774.24     0     75.71      0.00     14.24    12     78.06      0.00     14.87
 1493657774.34     0     73.58      0.00     12.56    12     73.10      0.00     13.44
 1493657774.44     0     81.48      0.00     14.84    12     75.39      0.00     13.90
 1493657774.54     0     69.05      0.00     11.51    12     62.04      0.00     11.80
 1493657774.64     0     69.31      0.00     14.25    12     77.32      0.00     15.37
 1493657774.74     0     65.18      0.00     11.12    12     70.82      0.00     11.88
 1493657774.84     0     70.17      0.00     13.53    12     72.50      0.00     14.06
 1493657774.94     0     73.37      0.00     12.20    12     70.81      0.00     13.45
 1493657775.04     0     68.23      0.00     13.11    12     77.50      0.00     13.91
 1493657775.14     0     74.60      0.00     14.18    12     79.57      0.00     15.29
 1493657775.24     0     73.78      0.00     12.82    12     77.28      0.00     13.70
 1493657775.34     0     71.73      0.00     13.04    12     75.79      0.00     13.81
 1493657775.44     0     65.43      0.00     11.78    12     67.74      0.00     12.20
 1493657775.54     0     74.93      0.00     13.58    12     73.57      0.00     12.92
 1493657775.64     0     71.27      0.00     12.19    12     74.11      0.00     12.90
 1493657775.74     0     75.50      0.00     13.76    12     82.00      0.00     15.11
 1493657775.84     0     71.71      0.00     12.79    12     76.03      0.00     14.05
 1493657775.94     0     75.83      0.00     14.14    12     76.77      0.00     15.13
 1493657776.04     0     63.81      0.00     10.01    12     67.54      0.00     10.90
 1493657776.14     0     72.68      0.00     13.98    12     78.11      0.00     15.09
 1493657776.25     0     74.87      0.00     13.71    12     72.29      0.00     14.18
 1493657776.35     0     66.71      0.00     13.14    12     78.62      0.00     13.69
 1493657776.45     0     75.61      0.00     13.75    12     77.04      0.00     14.90
 1493657776.55     0     80.08      0.00     14.33    12     77.22      0.00     14.01
 1493657776.65     0     64.28      0.00     10.63    12     63.20      0.00     11.36
 1493657776.75     0     64.98      0.00     12.72    12     66.00      0.00     13.79
 1493657776.85     0     75.82      0.00     13.96    12     77.31      0.00     14.96
 1493657776.95     0     73.27      0.00     12.15    12     72.14      0.00     12.53
 1493657777.05     0     75.86      0.00     13.74    12     75.98      0.00     14.84
 1493657777.15     0     64.55      0.00     12.90    12     73.57      0.00     13.76
 1493657777.25     0     73.19      0.00     14.50    12     83.04      0.00     15.29
 1493657777.35     0     69.49      0.00     11.69    12     70.38      0.00     12.38
 1493657777.45     0     70.31      0.00     13.31    12     73.47      0.00     14.19
 1493657777.55     0     74.30      0.00     12.70    12     74.36      0.00     13.23
 1493657777.65     0     78.49      0.00     13.95    12     71.94      0.00     12.43
 1493657777.75     0     81.54      0.00     15.01    12     82.43      0.00     15.52
 1493657777.85     0     68.00      0.00     11.70    12     73.85      0.00     13.61
 1493657777.95     0     74.10      0.00     13.30    12     77.36      0.00     14.53
 1493657778.05     0     64.47      0.00     11.39    12     68.35      0.00     11.90
 1493657778.15     0     75.84      0.00     13.76    12     76.51      0.00     14.78
 1493657778.25     0     69.38      0.00     12.01    12     72.46      0.00     12.55
 1493657778.35     0     81.43      0.00     15.16    12     81.14      0.00     15.77
 1493657778.45     0     71.99      0.00     13.10    12     75.43      0.00     14.12
 1493657778.55     0     76.58      0.00     14.34    12     79.63      0.00     15.42
 1493657778.65     0     64.36      0.00     10.35    12     65.01      0.00     10.17
 1493657778.75     0     74.95      0.00     14.08    12     75.26      0.00     14.37
 1493657778.86     0     71.81      0.00     12.90    12     74.29      0.00     13.76
 1493657778.96     0     72.27      0.00     12.25    12     73.98      0.00     13.29
 1493657779.06     0     75.71      0.00     13.61    12     79.23      0.00     14.26
 1493657779.16     0     72.82      0.00     13.98    12     75.96      0.00     14.81
 1493657779.26     0     65.33      0.00     11.39    12     71.20      0.00     12.51
 1493657779.36     0     70.29      0.00     13.21    12     75.51      0.00     14.11
 1493657779.46     0     74.59      0.00     12.95    12     76.08      0.00     13.88
 1493657779.56     0     73.40      0.00     12.32    12     72.37      0.00     13.83
 1493657779.66     0     81.62      0.00     14.91    12     77.56      0.00     14.92
 1493657779.76     0     77.57      0.00     13.91    12     74.68      0.00     13.81
 1493657779.86     0     69.69      0.00     12.17    12     78.34      0.00     13.70
 1493657779.96     0     63.80      0.00     11.09    12     66.49      0.00     11.68
 1493657780.06     0     74.15      0.00     13.21    12     76.08      0.00     14.67
 1493657780.16     0     67.15      0.00     12.17    12     72.48      0.00     13.28
 1493657780.26     0     67.49      0.00     14.15    12     80.53      0.00     15.00
 1493657780.36     0     76.77      0.00     13.85    12     73.93      0.00     14.05
 1493657780.46     0     74.06      0.00     13.55    12     80.06      0.00     15.50
 1493657780.56     0     65.38      0.00     10.58    12     67.23      0.00     11.18
 1493657780.66     0     73.49      0.00     13.84    12     77.30      0.00     14.91
 1493657780.76     0     75.38      0.00     12.99    12     73.90      0.00     12.93
 1493657780.86     0     75.51      0.00     13.98    12     75.46      0.00     14.04
 1493657780.96     0     71.34      0.00     12.77    12     74.55      0.00     13.60
 1493657781.06     0     76.03      0.00     13.89    12     81.34      0.00     15.22
 1493657781.16     0     68.20      0.00     11.82    12     72.79      0.00     12.38
 1493657781.26     0     66.73      0.00     12.67    12     71.15      0.00     13.40
 1493657781.36     0     74.20      0.00     12.83    12     77.07      0.00     13.80
 1493657781.46     0     63.15      0.00     12.47    12     76.35      0.00     13.71
 1493657781.57     0     69.41      0.00     14.65    12     77.93      0.00     15.30
 1493657781.67     0     73.20      0.00     12.85    12     78.58      0.00     14.15
 1493657781.77     0     74.06      0.00     13.14    12     71.10      0.00     13.65
 1493657781.87     0     67.27      0.00     11.64    12     67.64      0.00     11.77
 1493657781.97     0     72.05      0.00     13.32    12     77.04      0.00     14.94
 1493657782.07     0     72.40      0.00     13.14    12     75.78      0.00     14.21
 1493657782.17     0     73.50      0.00     12.66    12     74.05      0.00     13.43
 1493657782.27     0     67.61      0.00     12.15    12     73.05      0.00     13.41
 1493657782.37     0     73.48      0.00     13.90    12     81.60      0.00     15.62
 1493657782.47     0     67.40      0.00     11.42    12     71.99      0.00     12.48
 1493657782.57     0     67.30      0.00     12.88    12     74.24      0.00     13.97
 1493657782.67     0     74.16      0.00     12.98    12     73.57      0.00     13.77
 1493657782.77     0     79.30      0.00     13.71    12     78.32      0.00     13.52
 1493657782.87     0     81.52      0.00     15.08    12     80.11      0.00     15.18
 1493657782.97     0     60.94      0.00     12.06    12     74.67      0.00     12.91
 1493657783.07     0     67.70      0.00     12.65    12     77.69      0.00     13.71
 1493657783.17     0     65.06      0.00     11.65    12     66.99      0.00     12.11
 1493657783.27     0     73.61      0.00     13.34    12     76.76      0.00     14.30
 1493657783.37     0     71.30      0.00     12.27    12     73.14      0.00     12.92
 1493657783.47     0     78.52      0.00     14.56    12     81.28      0.00     15.53
 1493657783.57     0     68.74      0.00     12.64    12     77.35      0.00     13.80
 1493657783.67     0     74.72      0.00     14.53    12     81.39      0.00     15.42
 1493657783.78     0     66.33      0.00     10.73    12     67.54      0.00     11.61
 1493657783.88     0     67.53      0.00     13.19    12     68.35      0.00     13.05
 1493657783.98     0     71.77      0.00     12.40    12     72.77      0.00     13.26
 1493657784.08     0     73.05      0.00     12.81    12     76.83      0.00     13.76
 1493657784.18     0     77.75      0.00     14.36    12     81.18      0.00     15.15
 1493657784.28     0     75.02      0.00     12.56    12     70.02      0.00     13.62
 1493657784.38     0     74.22      0.00     13.50    12     80.24      0.00     14.60
 1493657784.48     0     67.14      0.00     11.51    12     67.36      0.00     11.94
 1493657784.58     0     74.00      0.00     13.84    12     77.37      0.00     14.74
 1493657784.68     0     68.27      0.00     12.64    12     74.47      0.00     13.03
 1493657784.78     0     71.13      0.00     14.18    12     76.63      0.00     14.90
 1493657784.88     0     77.17      0.00     13.70    12     74.49      0.00     14.63
 1493657784.98     0     80.81      0.00     14.82    12     81.16      0.00     15.12
 1493657785.08     0     51.28      0.00      9.32    12     52.21      0.00      9.91
 1493657785.18     0     67.00      0.00     13.50    12     69.94      0.00     14.13
 1493657785.28     0     73.42      0.00     12.26    12     72.49      0.00     13.85
 1493657785.38     0     75.30      0.00     13.06    12     78.94      0.00     14.03
 1493657785.48     0     76.45      0.00     14.02    12     80.29      0.00     15.28
 1493657785.58     0     73.70      0.00     13.55    12     77.55      0.00     13.91
 1493657785.68     0     70.59      0.00     12.75    12     74.78      0.00     13.32
 1493657785.78     0     64.06      0.00     11.69    12     67.71      0.00     12.26
 1493657785.88     0     76.59      0.00     13.84    12     77.22      0.00     14.75
 1493657785.98     0     71.13      0.00     12.07    12     71.31      0.00     11.84
 1493657786.08     0     78.07      0.00     14.52    12     79.33      0.00     14.68
 1493657786.18     0     72.69      0.00     12.71    12     77.15      0.00     14.03
 1493657786.28     0     76.87      0.00     14.27    12     79.45      0.00     15.35
 1493657786.38     0     64.99      0.00     10.69    12     65.50      0.00     11.18
 1493657786.48     0     71.30      0.00     13.33    12     78.43      0.00     14.83
 1493657786.58     0     72.30      0.00     12.71    12     73.58      0.00     13.40
 1493657786.68     0     74.10      0.00     12.73    12     78.29      0.00     14.03
 1493657786.79     0     70.32      0.00     13.41    12     77.56      0.00     14.12
 1493657786.89     0     71.56      0.00     14.87    12     77.90      0.00     14.89
 1493657786.99     0     66.52      0.00     11.14    12     67.46      0.00     11.49
 1493657787.09     0     64.71      0.00     12.57    12     66.99      0.00     13.90
 1493657787.19     0     72.88      0.00     12.83    12     75.13      0.00     13.96
 1493657787.29     0     72.09      0.00     12.90    12     73.29      0.00     13.50
 1493657787.39     0     76.09      0.00     14.01    12     78.98      0.00     15.11
 1493657787.49     0     62.65      0.00     12.11    12     72.75      0.00     13.55
 1493657787.59     0     70.46      0.00     13.57    12     81.60      0.00     15.02
 1493657787.69     0     64.89      0.00     10.57    12     67.01      0.00     10.97
 1493657787.79     0     73.69      0.00     13.69    12     77.86      0.00     15.05
 1493657787.89     0     75.31      0.00     14.12    12     75.42      0.00     14.14
 1493657787.99     0     77.26      0.00     13.29    12     71.95      0.00     12.85
 1493657788.09     0     68.03      0.00     12.31    12     69.42      0.00     12.55
 1493657788.19     0     66.20      0.00     13.77    12     76.31      0.00     15.28
 1493657788.29     0     63.73      0.00     11.00    12     73.57      0.00     12.01
 1493657788.39     0     68.56      0.00     13.22    12     74.30      0.00     13.90
 1493657788.49     0     71.90      0.00     12.24    12     74.14      0.00     13.60
 1493657788.59     0     72.06      0.00     12.73    12     74.16      0.00     13.31
 1493657788.69     0     72.88      0.00     13.52    12     80.40      0.00     15.27
 1493657788.79     0     72.12      0.00     12.26    12     78.69      0.00     13.69
 1493657788.89     0     71.35      0.00     13.23    12     76.22      0.00     14.47
 1493657788.99     0     66.69      0.00     11.39    12     67.94      0.00     11.45
 1493657789.09     0     74.56      0.00     13.94    12     75.30      0.00     13.76
 1493657789.19     0     68.60      0.00     12.38    12     70.74      0.00     12.86
 1493657789.29     0     69.94      0.00     12.44    12     74.75      0.00     13.50
 1493657789.39     0     70.99      0.00     12.13    12     74.28      0.00     13.31
 1493657789.49     0     76.34      0.00     13.66    12     79.56      0.00     15.51
 1493657789.59     0     65.98      0.00     11.08    12     69.17      0.00     12.12
 1493657789.69     0     69.11      0.00     12.87    12     73.41      0.00     13.86
 1493657789.79     0     74.20      0.00     13.31    12     75.78      0.00     13.94
 1493657789.90     0     72.98      0.00     12.71    12     72.56      0.00     13.36
 1493657790.00     0     80.11      0.00     14.88    12     79.66      0.00     15.61
 1493657790.10     0     77.89      0.00     14.03    12     78.56      0.00     13.83
 1493657790.20     0     75.66      0.00     13.67    12     78.66      0.00     14.38
 1493657790.30     0     61.08      0.00     10.24    12     64.48      0.00     10.77
 1493657790.40     0     73.80      0.00     13.92    12     77.30      0.00     14.53
 1493657790.50     0     71.11      0.00     12.22    12     73.17      0.00     13.40
 1493657790.60     0     67.19      0.00     12.97    12     71.94      0.00     13.79
 1493657790.70     0     74.15      0.00     13.95    12     79.47      0.00     14.82
 1493657790.80     0     73.16      0.00     13.11    12     78.30      0.00     14.31
 1493657790.90     0     65.74      0.00     11.56    12     69.24      0.00     12.30
 1493657791.00     0     67.69      0.00     12.59    12     71.74      0.00     13.72
 1493657791.10     0     75.77      0.00     13.31    12     76.46      0.00     13.41
 1493657791.20     0     75.29      0.00     13.39    12     69.94      0.00     13.23
 1493657791.30     0     78.25      0.00     14.20    12     80.84      0.00     14.40
 1493657791.40     0     72.90      0.00     12.99    12     69.06      0.00     13.78
 1493657791.50     0     72.55      0.00     13.41    12     80.37      0.00     14.47
 1493657791.60     0     67.94      0.00     11.72    12     69.28      0.00     12.31
 1493657791.70     0     75.83      0.00     13.93    12     78.53      0.00     15.04
 1493657791.80     0     70.78      0.00     12.30    12     74.40      0.00     13.09
 1493657791.90     0     71.14      0.00     12.39    12     74.00      0.00     13.40
 1493657792.00     0     71.05      0.00     12.32    12     73.61      0.00     14.14
 1493657792.10     0     81.48      0.00     15.33    12     77.71      0.00     16.17
 1493657792.20     0     56.90      0.00      9.84    12     58.82      0.00     10.10
 1493657792.30     0     62.41      0.00     12.85    12     67.93      0.00     14.12
 1493657792.40     0     74.85      0.00     13.11    12     75.85      0.00     13.88
 1493657792.50     0     71.69      0.00     12.41    12     71.22      0.00     13.11
 1493657792.60     0     78.85      0.00     14.12    12     79.23      0.00     14.96
 1493657792.70     0     72.43      0.00     12.48    12     72.92      0.00     13.12
 1493657792.80     0     75.64      0.00     14.09    12     79.39      0.00     15.05
 1493657792.90     0     64.87      0.00     10.44    12     66.80      0.00     10.91
 1493657793.01     0     75.98      0.00     14.44    12     77.51      0.00     15.14
 1493657793.11     0     73.62      0.00     12.65    12     73.98      0.00     13.67
 1493657793.21     0     74.60      0.00     12.77    12     63.83      0.00     13.18
 1493657793.31     0     75.79      0.00     13.70    12     77.44      0.00     14.65
 1493657793.41     0     72.53      0.00     12.42    12     75.97      0.00     13.94
 1493657793.51     0     68.11      0.00     11.65    12     72.23      0.00     13.20
 1493657793.61     0     69.08      0.00     12.55    12     71.24      0.00     13.29
 1493657793.71     0     76.35      0.00     13.62    12     77.95      0.00     14.30
 1493657793.81     0     71.74      0.00     11.84    12     70.38      0.00     12.67
 1493657793.91     0     75.31      0.00     13.65    12     79.34      0.00     15.04
 1493657794.01     0     71.16      0.00     12.46    12     74.37      0.00     13.55
 1493657794.11     0     80.26      0.00     15.27    12     81.08      0.00     16.05
 1493657794.21     0     61.77      0.00      9.63    12     61.94      0.00      9.74
 1493657794.31     0     75.26      0.00     14.76    12     77.05      0.00     14.96
 1493657794.41     0     71.48      0.00     12.54    12     75.20      0.00     14.04
 1493657794.51     0     71.73      0.00     12.31    12     70.35      0.00     13.41
 1493657794.61     0     76.49      0.00     13.74    12     79.05      0.00     15.52
 1493657794.71     0     73.41      0.00     12.95    12     74.87      0.00     13.47
 1493657794.81     0     63.09      0.00     11.59    12     72.64      0.00     13.16
 1493657794.91     0     18.86      0.00      2.51    12     21.28      0.00      2.68
 1493657795.01     0     16.67      0.00      2.47    12     20.41      0.00      2.93
