         #Time  Core     P_PKG     P_PP0    P_DRAM  Core     P_PKG     P_PP0    P_DRAM
 1494480784.62     0     21.64      0.00      4.61    12     19.40      0.00      4.65
 1494480784.72     0     25.93      0.00      6.44    12     21.45      0.00      4.21
 1494480784.82     0     30.65      0.00      4.89    12     24.77      0.00      4.20
 1494480784.92     0     31.79      0.00      4.69    12     25.57      0.00      3.96
 1494480785.02     0     31.79      0.00      4.75    12     25.84      0.00      4.15
 1494480785.12     0     32.61      0.00      6.12    12     25.59      0.00      4.15
 1494480785.22     0     32.43      0.00      6.61    12     25.63      0.00      4.24
 1494480785.32     0     32.43      0.00      6.28    12     25.60      0.00      4.15
 1494480785.42     0     32.41      0.00      6.43    12     25.60      0.00      3.97
 1494480785.52     0     32.50      0.00      6.38    12     25.60      0.00      4.14
 1494480785.62     0     32.41      0.00      6.26    12     25.60      0.00      4.13
 1494480785.72     0     31.62      0.00      4.62    12     25.60      0.00      4.05
 1494480785.82     0     31.42      0.00      4.41    12     25.57      0.00      4.08
 1494480785.92     0     31.43      0.00      4.40    12     25.61      0.00      4.12
 1494480786.02     0     31.36      0.00      4.35    12     25.56      0.00      4.20
 1494480786.12     0     31.42      0.00      4.39    12     25.58      0.00      4.04
 1494480786.22     0     31.43      0.00      4.42    12     25.55      0.00      4.14
 1494480786.32     0     31.43      0.00      4.44    12     25.59      0.00      4.09
 1494480786.42     0     31.40      0.00      4.38    12     25.86      0.00      4.22
 1494480786.52     0     31.52      0.00      4.40    12     25.58      0.00      4.09
 1494480786.62     0     31.41      0.00      4.35    12     25.58      0.00      4.19
 1494480786.72     0     31.72      0.00      4.45    12     25.59      0.00      4.13
 1494480786.82     0     31.49      0.00      4.39    12     25.56      0.00      4.19
 1494480786.92     0     31.39      0.00      4.37    12     25.61      0.00      4.12
 1494480787.02     0     31.27      0.00      4.38    12     25.54      0.00      4.06
 1494480787.12     0     31.36      0.00      4.41    12     25.54      0.00      4.20
 1494480787.22     0     31.42      0.00      4.40    12     25.58      0.00      4.15
 1494480787.32     0     31.45      0.00      4.41    12     25.57      0.00      4.09
 1494480787.42     0     31.42      0.00      4.36    12     25.55      0.00      4.19
 1494480787.52     0     31.40      0.00      4.39    12     25.56      0.00      4.13
 1494480787.62     0     31.40      0.00      4.37    12     25.58      0.00      4.15
 1494480787.72     0     31.51      0.00      4.39    12     25.84      0.00      4.13
 1494480787.82     0     31.44      0.00      4.40    12     25.58      0.00      4.09
 1494480787.92     0     31.42      0.00      4.39    12     25.57      0.00      4.08
 1494480788.02     0     31.68      0.00      4.41    12     25.57      0.00      4.00
 1494480788.12     0     31.43      0.00      4.35    12     25.60      0.00      4.00
 1494480788.22     0     31.39      0.00      4.31    12     25.57      0.00      4.16
 1494480788.32     0     31.42      0.00      4.34    12     25.59      0.00      4.10
 1494480788.42     0     31.45      0.00      4.40    12     25.58      0.00      4.01
 1494480788.52     0     31.40      0.00      4.37    12     25.58      0.00      4.16
 1494480788.62     0     31.46      0.00      4.39    12     25.59      0.00      4.09
 1494480788.72     0     31.45      0.00      4.39    12     25.56      0.00      4.10
 1494480788.82     0     31.39      0.00      4.34    12     25.57      0.00      4.02
 1494480788.92     0     31.42      0.00      4.34    12     25.57      0.00      4.15
 1494480789.02     0     31.37      0.00      4.39    12     25.81      0.00      4.16
 1494480789.12     0     31.40      0.00      4.40    12     25.56      0.00      4.07
 1494480789.22     0     31.48      0.00      4.40    12     25.60      0.00      4.15
 1494480789.32     0     31.71      0.00      4.44    12     25.58      0.00      4.14
 1494480789.42     0     31.43      0.00      4.40    12     25.55      0.00      4.14
 1494480789.52     0     31.40      0.00      4.42    12     25.58      0.00      4.09
 1494480789.62     0     31.40      0.00      4.39    12     25.56      0.00      4.12
 1494480789.72     0     31.48      0.00      4.39    12     25.57      0.00      4.03
 1494480789.82     0     31.40      0.00      4.39    12     25.57      0.00      4.19
 1494480789.92     0     31.43      0.00      4.26    12     25.56      0.00      4.21
 1494480790.02     0     31.42      0.00      4.39    12     25.61      0.00      4.13
 1494480790.12     0     31.38      0.00      4.40    12     25.57      0.00      3.98
 1494480790.22     0     31.41      0.00      4.39    12     25.57      0.00      4.11
 1494480790.33     0     31.47      0.00      4.34    12     25.62      0.00      4.15
 1494480790.43     0     31.42      0.00      4.34    12     25.80      0.00      4.18
 1494480790.53     0     31.41      0.00      4.41    12     25.57      0.00      4.08
 1494480790.63     0     31.44      0.00      4.37    12     25.57      0.00      4.13
 1494480790.73     0     31.44      0.00      4.39    12     25.58      0.00      4.11
 1494480790.83     0     31.50      0.00      4.39    12     25.54      0.00      4.15
 1494480790.93     0     31.73      0.00      4.45    12     25.57      0.00      4.16
 1494480791.03     0     31.47      0.00      4.40    12     25.55      0.00      4.15
 1494480791.13     0     31.42      0.00      4.39    12     25.54      0.00      4.02
 1494480791.23     0     31.48      0.00      4.39    12     25.58      0.00      4.16
 1494480791.33     0     31.43      0.00      4.40    12     25.56      0.00      4.15
 1494480791.43     0     31.50      0.00      4.40    12     25.61      0.00      4.00
 1494480791.53     0     31.43      0.00      4.35    12     25.54      0.00      4.10
 1494480791.63     0     31.42      0.00      4.41    12     25.81      0.00      4.24
 1494480791.73     0     31.50      0.00      4.41    12     25.58      0.00      4.20
 1494480791.83     0     31.53      0.00      4.39    12     25.56      0.00      4.15
 1494480791.93     0     31.52      0.00      4.41    12     25.57      0.00      4.08
 1494480792.03     0     31.53      0.00      4.35    12     25.56      0.00      4.13
 1494480792.13     0     31.50      0.00      4.40    12     25.54      0.00      4.20
 1494480792.23     0     31.72      0.00      4.39    12     25.59      0.00      4.06
 1494480792.33     0     31.48      0.00      4.30    12     25.58      0.00      4.20
 1494480792.43     0     31.51      0.00      4.27    12     25.56      0.00      4.09
 1494480792.53     0     31.48      0.00      4.34    12     25.56      0.00      4.10
 1494480792.63     0     31.50      0.00      4.41    12     25.56      0.00      4.17
 1494480792.73     0     31.44      0.00      4.27    12     25.59      0.00      4.19
 1494480792.83     0     31.47      0.00      4.35    12     25.58      0.00      4.10
 1494480792.93     0     31.53      0.00      4.39    12     25.82      0.00      4.24
 1494480793.03     0     31.43      0.00      4.39    12     25.55      0.00      4.11
 1494480793.13     0     31.48      0.00      4.39    12     25.59      0.00      4.06
 1494480793.23     0     31.44      0.00      4.40    12     25.54      0.00      4.14
 1494480793.33     0     31.38      0.00      4.40    12     25.57      0.00      4.13
 1494480793.43     0     31.44      0.00      4.41    12     25.57      0.00      4.12
 1494480793.53     0     31.49      0.00      4.40    12     25.57      0.00      4.09
 1494480793.63     0     31.77      0.00      4.34    12     25.57      0.00      4.08
 1494480793.73     0     31.48      0.00      4.39    12     25.59      0.00      4.06
 1494480793.83     0     31.51      0.00      4.44    12     25.57      0.00      4.17
 1494480793.93     0     31.52      0.00      4.31    12     25.56      0.00      4.20
 1494480794.03     0     31.38      0.00      4.40    12     25.56      0.00      4.05
 1494480794.13     0     31.42      0.00      4.39    12     25.55      0.00      4.14
 1494480794.23     0     31.40      0.00      4.39    12     25.80      0.00      4.16
 1494480794.33     0     31.48      0.00      4.36    12     25.55      0.00      4.11
 1494480794.43     0     31.52      0.00      4.41    12     25.54      0.00      4.15
 1494480794.53     0     31.56      0.00      4.43    12     25.55      0.00      4.14
 1494480794.63     0     31.46      0.00      4.39    12     25.55      0.00      4.04
 1494480794.73     0     31.45      0.00      4.40    12     25.57      0.00      4.18
 1494480794.83     0     31.45      0.00      4.42    12     25.59      0.00      4.14
 1494480794.93     0     31.70      0.00      4.44    12     25.56      0.00      4.19
 1494480795.03     0     31.09      0.00      4.35    12     25.53      0.00      4.18
 1494480795.13     0     31.73      0.00      4.43    12     25.55      0.00      4.14
 1494480795.23     0     31.39      0.00      4.40    12     25.54      0.00      4.15
 1494480795.33     0     31.41      0.00      4.36    12     25.58      0.00      4.14
 1494480795.43     0     31.46      0.00      4.39    12     25.83      0.00      4.12
 1494480795.53     0     31.47      0.00      4.34    12     25.57      0.00      4.11
 1494480795.63     0     31.49      0.00      4.40    12     25.56      0.00      4.07
 1494480795.73     0     31.40      0.00      4.39    12     25.56      0.00      4.08
 1494480795.83     0     31.40      0.00      4.40    12     25.56      0.00      4.05
 1494480795.93     0     31.41      0.00      4.37    12     25.54      0.00      4.17
 1494480796.03     0     31.37      0.00      4.41    12     25.60      0.00      4.09
 1494480796.13     0     31.41      0.00      4.40    12     25.55      0.00      4.17
 1494480796.23     0     31.31      0.00      4.39    12     25.57      0.00      4.11
 1494480796.33     0     31.38      0.00      4.40    12     25.59      0.00      4.14
 1494480796.44     0     31.70      0.00      4.40    12     25.56      0.00      4.11
 1494480796.54     0     31.39      0.00      4.41    12     25.57      0.00      4.11
 1494480796.64     0     31.41      0.00      4.39    12     25.56      0.00      4.07
 1494480796.74     0     31.40      0.00      4.36    12     25.56      0.00      4.05
 1494480796.84     0     31.45      0.00      4.40    12     25.82      0.00      4.11
 1494480796.94     0     31.40      0.00      4.39    12     25.56      0.00      4.10
 1494480797.04     0     31.38      0.00      4.42    12     25.56      0.00      4.01
 1494480797.14     0     31.40      0.00      4.30    12     25.56      0.00      4.10
 1494480797.24     0     31.46      0.00      4.39    12     25.60      0.00      4.14
 1494480797.34     0     31.41      0.00      4.41    12     25.53      0.00      4.17
 1494480797.44     0     31.36      0.00      4.34    12     25.57      0.00      4.18
 1494480797.54     0     31.42      0.00      4.38    12     25.56      0.00      4.13
 1494480797.64     0     31.44      0.00      4.36    12     25.54      0.00      4.09
 1494480797.74     0     31.46      0.00      4.40    12     25.56      0.00      4.14
 1494480797.84     0     31.80      0.00      4.44    12     25.59      0.00      4.15
 1494480797.94     0     31.42      0.00      4.35    12     25.55      0.00      4.15
 1494480798.04     0     31.44      0.00      4.40    12     25.80      0.00      4.15
 1494480798.14     0     31.37      0.00      4.38    12     25.58      0.00      4.14
 1494480798.24     0     31.48      0.00      4.40    12     25.54      0.00      4.07
 1494480798.34     0     31.35      0.00      4.35    12     25.56      0.00      3.90
 1494480798.44     0     31.40      0.00      4.40    12     25.59      0.00      4.13
 1494480798.54     0     31.36      0.00      4.29    12     25.55      0.00      4.08
 1494480798.64     0     31.39      0.00      4.39    12     25.56      0.00      4.08
 1494480798.74     0     31.40      0.00      4.40    12     25.54      0.00      4.09
 1494480798.84     0     31.35      0.00      4.39    12     25.55      0.00      4.15
 1494480798.94     0     31.41      0.00      4.39    12     25.56      0.00      4.09
 1494480799.04     0     31.44      0.00      4.36    12     25.57      0.00      3.85
 1494480799.14     0     31.42      0.00      4.40    12     25.50      0.00      4.10
 1494480799.24     0     31.75      0.00      4.37    12     25.55      0.00      4.17
 1494480799.34     0     31.14      0.00      4.37    12     25.81      0.00      4.03
 1494480799.44     0     31.70      0.00      4.45    12     25.33      0.00      3.99
 1494480799.54     0     31.42      0.00      4.28    12     25.77      0.00      4.15
 1494480799.64     0     31.41      0.00      4.41    12     25.55      0.00      4.15
 1494480799.74     0     31.42      0.00      4.41    12     25.53      0.00      3.95
 1494480799.84     0     31.47      0.00      4.40    12     25.55      0.00      4.07
 1494480799.94     0     31.46      0.00      4.30    12     25.53      0.00      4.12
 1494480800.04     0     31.43      0.00      4.40    12     25.63      0.00      4.16
 1494480800.14     0     31.43      0.00      4.39    12     25.57      0.00      4.14
 1494480800.24     0     31.39      0.00      4.40    12     25.55      0.00      4.09
 1494480800.34     0     31.48      0.00      4.42    12     25.54      0.00      4.11
 1494480800.44     0     31.71      0.00      4.36    12     25.55      0.00      4.11
 1494480800.54     0     31.15      0.00      4.39    12     25.54      0.00      4.15
 1494480800.64     0     31.73      0.00      4.44    12     25.55      0.00      4.16
 1494480800.74     0     31.42      0.00      4.39    12     25.80      0.00      4.18
 1494480800.84     0     31.46      0.00      4.39    12     25.55      0.00      4.16
 1494480800.94     0     31.45      0.00      4.40    12     25.54      0.00      4.11
 1494480801.04     0     31.46      0.00      4.40    12     25.53      0.00      4.16
 1494480801.14     0     31.50      0.00      4.36    12     25.55      0.00      4.06
 1494480801.24     0     31.55      0.00      4.40    12     25.55      0.00      4.08
 1494480801.34     0     31.48      0.00      4.41    12     25.55      0.00      4.01
 1494480801.44     0     31.48      0.00      4.33    12     25.54      0.00      4.18
 1494480801.54     0     31.58      0.00      4.40    12     25.57      0.00      4.10
 1494480801.64     0     31.38      0.00      4.41    12     25.57      0.00      4.10
 1494480801.74     0     31.50      0.00      4.36    12     25.56      0.00      4.06
 1494480801.84     0     31.44      0.00      4.41    12     25.62      0.00      4.19
 1494480801.94     0     31.47      0.00      4.39    12     25.52      0.00      4.04
 1494480802.04     0     31.77      0.00      4.43    12     25.82      0.00      4.00
 1494480802.14     0     31.41      0.00      4.40    12     25.54      0.00      4.05
 1494480802.24     0     31.44      0.00      4.40    12     25.55      0.00      4.10
 1494480802.34     0     31.48      0.00      4.35    12     25.52      0.00      3.99
 1494480802.44     0     31.48      0.00      4.41    12     25.54      0.00      4.15
 1494480802.55     0     31.53      0.00      4.46    12     25.54      0.00      4.00
 1494480802.65     0     31.58      0.00      4.39    12     25.54      0.00      4.17
 1494480802.75     0     31.44      0.00      4.41    12     25.55      0.00      4.12
 1494480802.85     0     31.54      0.00      4.40    12     25.55      0.00      4.13
 1494480802.95     0     31.46      0.00      4.39    12     25.59      0.00      4.13
 1494480803.05     0     31.46      0.00      4.30    12     25.55      0.00      4.17
 1494480803.15     0     31.50      0.00      4.35    12     25.56      0.00      4.12
 1494480803.25     0     31.45      0.00      4.41    12     25.54      0.00      4.08
 1494480803.35     0     31.50      0.00      4.36    12     25.56      0.00      4.13
 1494480803.45     0     31.80      0.00      4.44    12     25.80      0.00      4.13
 1494480803.55     0     31.47      0.00      4.36    12     25.55      0.00      4.14
 1494480803.65     0     31.49      0.00      4.40    12     25.57      0.00      4.10
 1494480803.75     0     31.46      0.00      4.40    12     25.55      0.00      4.03
 1494480803.85     0     31.46      0.00      4.40    12     25.56      0.00      4.12
 1494480803.95     0     31.49      0.00      4.36    12     25.56      0.00      3.94
 1494480804.05     0     31.47      0.00      4.39    12     25.58      0.00      4.08
 1494480804.15     0     31.49      0.00      4.41    12     25.54      0.00      4.04
 1494480804.25     0     31.49      0.00      4.39    12     25.56      0.00      4.19
 1494480804.35     0     31.41      0.00      4.39    12     25.53      0.00      4.09
 1494480804.45     0     31.47      0.00      4.34    12     25.54      0.00      4.04
 1494480804.55     0     31.50      0.00      4.41    12     25.53      0.00      4.03
 1494480804.65     0     31.40      0.00      4.43    12     25.80      0.00      4.07
 1494480804.75     0     31.48      0.00      4.40    12     25.54      0.00      4.11
 1494480804.85     0     31.77      0.00      4.40    12     25.54      0.00      4.10
 1494480804.95     0     31.51      0.00      4.40    12     25.53      0.00      4.08
 1494480805.05     0     31.49      0.00      4.39    12     25.54      0.00      4.06
 1494480805.15     0     31.44      0.00      4.39    12     25.52      0.00      4.08
 1494480805.25     0     31.49      0.00      4.31    12     25.58      0.00      4.03
 1494480805.35     0     31.43      0.00      4.31    12     25.54      0.00      4.16
 1494480805.45     0     31.48      0.00      4.35    12     25.57      0.00      4.13
 1494480805.55     0     31.45      0.00      4.39    12     25.54      0.00      4.08
 1494480805.65     0     31.37      0.00      4.40    12     25.55      0.00      4.02
 1494480805.75     0     31.53      0.00      4.42    12     25.54      0.00      4.11
 1494480805.85     0     31.52      0.00      4.42    12     25.80      0.00      4.10
 1494480805.95     0     31.45      0.00      4.40    12     25.54      0.00      4.16
 1494480806.05     0     31.47      0.00      4.40    12     25.55      0.00      4.08
 1494480806.15     0     31.40      0.00      4.36    12     25.53      0.00      3.95
 1494480806.25     0     31.81      0.00      4.40    12     25.55      0.00      4.04
 1494480806.35     0     31.44      0.00      4.27    12     25.60      0.00      4.13
 1494480806.45     0     31.42      0.00      4.40    12     25.50      0.00      4.18
 1494480806.55     0     31.45      0.00      4.39    12     25.55      0.00      4.13
 1494480806.65     0     31.54      0.00      4.39    12     25.49      0.00      4.13
 1494480806.75     0     31.48      0.00      4.40    12     25.53      0.00      4.19
 1494480806.85     0     31.54      0.00      4.43    12     25.50      0.00      4.17
 1494480806.95     0     31.45      0.00      4.40    12     25.49      0.00      4.05
 1494480807.05     0     31.47      0.00      4.32    12     25.46      0.00      4.18
 1494480807.15     0     31.48      0.00      4.39    12     25.71      0.00      4.09
 1494480807.25     0     31.44      0.00      4.39    12     25.46      0.00      4.13
 1494480807.35     0     31.41      0.00      4.30    12     25.43      0.00      4.10
 1494480807.45     0     31.45      0.00      4.40    12     25.50      0.00      4.14
 1494480807.55     0     31.47      0.00      4.41    12     25.52      0.00      4.13
 1494480807.65     0     31.75      0.00      4.39    12     25.48      0.00      4.14
 1494480807.75     0     31.38      0.00      4.42    12     25.51      0.00      4.05
 1494480807.85     0     31.38      0.00      4.41    12     25.48      0.00      4.11
 1494480807.95     0     31.45      0.00      4.42    12     25.51      0.00      4.13
 1494480808.05     0     31.40      0.00      4.36    12     25.53      0.00      4.15
 1494480808.15     0     31.37      0.00      4.38    12     25.54      0.00      4.17
 1494480808.25     0     31.37      0.00      4.34    12     25.53      0.00      4.09
 1494480808.35     0     31.41      0.00      4.39    12     25.50      0.00      4.02
 1494480808.45     0     31.39      0.00      4.39    12     25.79      0.00      4.19
 1494480808.55     0     31.38      0.00      4.35    12     25.53      0.00      4.16
 1494480808.66     0     31.38      0.00      4.39    12     25.56      0.00      4.18
 1494480808.76     0     31.36      0.00      4.40    12     25.49      0.00      4.19
 1494480808.86     0     31.40      0.00      4.37    12     25.55      0.00      4.08
 1494480808.96     0     31.44      0.00      4.41    12     25.51      0.00      4.13
 1494480809.06     0     31.33      0.00      4.41    12     25.52      0.00      4.07
 1494480809.16     0     31.70      0.00      4.44    12     25.55      0.00      3.93
 1494480809.26     0     31.41      0.00      4.39    12     25.51      0.00      4.09
 1494480809.36     0     31.39      0.00      4.39    12     25.48      0.00      4.12
 1494480809.46     0     31.42      0.00      4.41    12     25.51      0.00      4.12
 1494480809.56     0     31.50      0.00      4.56    12     25.66      0.00      4.36
 1494480809.66     0     31.49      0.00      4.44    12     25.57      0.00      4.23
 1494480809.76     0     31.38      0.00      4.40    12     25.56      0.00      4.17
 1494480809.86     0     31.40      0.00      4.34    12     25.77      0.00      4.22
 1494480809.96     0     31.47      0.00      4.39    12     25.50      0.00      4.12
 1494480810.06     0     31.51      0.00      4.51    12     25.56      0.00      4.17
 1494480810.16     0     31.36      0.00      4.41    12     25.49      0.00      4.01
 1494480810.26     0     31.41      0.00      4.39    12     25.53      0.00      4.06
 1494480810.36     0     31.40      0.00      4.40    12     25.50      0.00      4.11
 1494480810.46     0     31.72      0.00      4.43    12     25.49      0.00      4.05
 1494480810.56     0     31.42      0.00      4.39    12     25.51      0.00      4.15
 1494480810.66     0     31.45      0.00      4.39    12     25.52      0.00      4.11
 1494480810.76     0     31.43      0.00      4.39    12     25.51      0.00      4.05
 1494480810.86     0     31.41      0.00      4.39    12     25.51      0.00      4.14
 1494480810.96     0     31.42      0.00      4.39    12     25.53      0.00      4.20
 1494480811.06     0     31.43      0.00      4.38    12     25.53      0.00      4.17
 1494480811.16     0     31.45      0.00      4.41    12     25.77      0.00      4.04
 1494480811.26     0     31.41      0.00      4.35    12     25.47      0.00      4.14
 1494480811.36     0     31.50      0.00      4.31    12     25.51      0.00      4.06
 1494480811.46     0     31.44      0.00      4.39    12     25.51      0.00      4.07
 1494480811.56     0     31.40      0.00      4.40    12     25.53      0.00      4.17
 1494480811.66     0     31.42      0.00      4.36    12     25.51      0.00      4.07
 1494480811.76     0     31.46      0.00      4.36    12     25.54      0.00      4.14
 1494480811.86     0     31.76      0.00      4.44    12     25.51      0.00      4.05
 1494480811.96     0     31.44      0.00      4.39    12     25.56      0.00      4.13
 1494480812.06     0     31.52      0.00      4.40    12     25.55      0.00      4.14
 1494480812.16     0     31.52      0.00      4.39    12     25.51      0.00      4.17
 1494480812.26     0     31.54      0.00      4.41    12     25.52      0.00      3.97
 1494480812.36     0     31.45      0.00      4.34    12     25.53      0.00      4.16
 1494480812.46     0     31.50      0.00      4.36    12     25.77      0.00      4.18
 1494480812.56     0     31.52      0.00      4.37    12     25.55      0.00      4.04
 1494480812.66     0     31.67      0.00      4.48    12     25.51      0.00      4.16
 1494480812.76     0     31.51      0.00      4.34    12     25.53      0.00      4.08
 1494480812.86     0     31.52      0.00      4.39    12     25.50      0.00      4.19
 1494480812.96     0     31.58      0.00      4.39    12     25.53      0.00      4.17
 1494480813.06     0     31.55      0.00      4.41    12     25.53      0.00      4.12
 1494480813.16     0     31.56      0.00      4.35    12     25.57      0.00      4.08
 1494480813.26     0     31.57      0.00      4.39    12     25.50      0.00      4.17
 1494480813.36     0     31.81      0.00      4.41    12     25.53      0.00      4.11
 1494480813.46     0     31.49      0.00      4.40    12     25.49      0.00      4.04
 1494480813.56     0     31.55      0.00      4.35    12     25.53      0.00      4.14
 1494480813.66     0     31.53      0.00      4.34    12     25.50      0.00      4.06
 1494480813.76     0     31.48      0.00      4.30    12     25.53      0.00      4.08
 1494480813.86     0     31.46      0.00      4.35    12     25.77      0.00      4.14
 1494480813.96     0     31.47      0.00      4.26    12     25.52      0.00      3.96
 1494480814.06     0     31.47      0.00      4.34    12     25.49      0.00      4.06
 1494480814.16     0     31.46      0.00      4.39    12     25.54      0.00      4.06
 1494480814.26     0     31.50      0.00      4.40    12     25.54      0.00      4.03
 1494480814.36     0     31.62      0.00      4.41    12     25.50      0.00      4.17
 1494480814.46     0     31.49      0.00      4.33    12     25.50      0.00      4.14
 1494480814.56     0     31.49      0.00      4.35    12     25.52      0.00      4.07
 1494480814.66     0     31.83      0.00      4.40    12     25.54      0.00      4.08
 1494480814.77     0     31.47      0.00      4.35    12     25.50      0.00      4.13
 1494480814.87     0     31.50      0.00      4.36    12     25.53      0.00      4.16
 1494480814.97     0     31.51      0.00      4.36    12     25.52      0.00      4.01
 1494480815.07     0     31.47      0.00      4.39    12     25.77      0.00      4.18
 1494480815.17     0     31.46      0.00      4.39    12     25.52      0.00      4.11
 1494480815.27     0     31.45      0.00      4.39    12     25.50      0.00      4.04
 1494480815.37     0     31.47      0.00      4.39    12     25.54      0.00      4.11
 1494480815.47     0     31.54      0.00      4.40    12     25.48      0.00      4.12
 1494480815.57     0     31.46      0.00      4.40    12     25.51      0.00      4.16
 1494480815.67     0     31.46      0.00      4.38    12     25.51      0.00      4.12
 1494480815.77     0     31.47      0.00      4.35    12     25.52      0.00      4.01
 1494480815.87     0     31.52      0.00      4.41    12     25.53      0.00      4.08
 1494480815.97     0     31.55      0.00      4.36    12     25.53      0.00      4.08
 1494480816.07     0     31.90      0.00      4.35    12     25.53      0.00      4.10
 1494480816.17     0     31.56      0.00      4.40    12     25.54      0.00      4.14
 1494480816.27     0     31.46      0.00      4.21    12     25.51      0.00      4.02
 1494480816.37     0     31.49      0.00      4.41    12     25.52      0.00      4.07
 1494480816.47     0     31.58      0.00      4.39    12     25.58      0.00      4.14
 1494480816.57     0     31.47      0.00      4.40    12     25.78      0.00      4.02
 1494480816.67     0     31.50      0.00      4.31    12     25.51      0.00      4.18
 1494480816.77     0     31.52      0.00      4.34    12     25.52      0.00      4.03
 1494480816.87     0     31.50      0.00      4.35    12     25.53      0.00      4.08
 1494480816.97     0     31.47      0.00      4.35    12     25.52      0.00      4.11
 1494480817.07     0     31.49      0.00      4.40    12     25.49      0.00      4.17
 1494480817.17     0     31.47      0.00      4.40    12     25.51      0.00      4.15
 1494480817.27     0     31.46      0.00      4.40    12     25.52      0.00      4.09
 1494480817.37     0     31.48      0.00      4.40    12     25.51      0.00      4.10
 1494480817.47     0     31.47      0.00      4.34    12     25.53      0.00      4.14
 1494480817.57     0     31.47      0.00      4.35    12     25.54      0.00      4.14
 1494480817.67     0     31.80      0.00      4.45    12     25.53      0.00      4.14
 1494480817.77     0     31.44      0.00      4.35    12     25.80      0.00      4.18
 1494480817.87     0     31.47      0.00      4.34    12     25.51      0.00      4.14
 1494480817.97     0     31.45      0.00      4.35    12     25.51      0.00      4.16
 1494480818.07     0     31.52      0.00      4.35    12     25.51      0.00      4.05
 1494480818.17     0     31.48      0.00      4.35    12     25.53      0.00      4.02
 1494480818.27     0     31.47      0.00      4.39    12     25.46      0.00      4.12
 1494480818.37     0     31.46      0.00      4.40    12     25.48      0.00      4.02
 1494480818.47     0     31.51      0.00      4.39    12     25.50      0.00      4.01
 1494480818.57     0     31.48      0.00      4.40    12     25.51      0.00      4.16
 1494480818.67     0     31.51      0.00      4.39    12     25.48      0.00      4.07
 1494480818.77     0     31.45      0.00      4.41    12     25.49      0.00      4.08
 1494480818.87     0     31.43      0.00      4.36    12     25.51      0.00      4.07
 1494480818.97     0     31.79      0.00      4.44    12     25.48      0.00      4.16
 1494480819.07     0     31.47      0.00      4.35    12     25.49      0.00      4.21
 1494480819.17     0     31.39      0.00      4.40    12     25.72      0.00      4.21
 1494480819.27     0     31.42      0.00      4.39    12     25.47      0.00      4.13
 1494480819.37     0     31.43      0.00      4.34    12     25.52      0.00      4.13
 1494480819.47     0     31.45      0.00      4.35    12     25.52      0.00      4.05
 1494480819.57     0     31.44      0.00      4.40    12     25.50      0.00      4.00
 1494480819.67     0     31.46      0.00      4.40    12     25.50      0.00      4.10
 1494480819.77     0     31.54      0.00      4.39    12     25.48      0.00      4.06
 1494480819.87     0     31.50      0.00      4.41    12     25.43      0.00      4.10
 1494480819.97     0     31.45      0.00      4.36    12     25.55      0.00      4.09
 1494480820.07     0     31.48      0.00      4.40    12     25.50      0.00      4.18
 1494480820.17     0     31.50      0.00      4.41    12     25.48      0.00      4.17
 1494480820.27     0     31.47      0.00      4.39    12     25.75      0.00      4.18
 1494480820.37     0     31.79      0.00      4.45    12     25.46      0.00      4.17
 1494480820.47     0     31.48      0.00      4.40    12     25.48      0.00      4.06
 1494480820.57     0     31.45      0.00      4.40    12     25.48      0.00      3.98
 1494480820.67     0     31.49      0.00      4.40    12     25.48      0.00      4.04
 1494480820.77     0     31.46      0.00      4.35    12     25.47      0.00      4.17
 1494480820.88     0     31.45      0.00      4.42    12     25.46      0.00      4.04
 1494480820.98     0     31.43      0.00      4.40    12     25.48      0.00      4.07
 1494480821.08     0     31.39      0.00      4.40    12     25.47      0.00      4.10
 1494480821.18     0     31.40      0.00      4.41    12     25.49      0.00      4.11
 1494480821.28     0     31.38      0.00      4.26    12     25.44      0.00      4.11
 1494480821.38     0     31.43      0.00      4.38    12     25.44      0.00      4.17
 1494480821.48     0     31.45      0.00      4.40    12     25.45      0.00      4.09
 1494480821.58     0     31.46      0.00      4.32    12     25.49      0.00      4.14
 1494480821.68     0     31.77      0.00      4.39    12     25.74      0.00      4.12
 1494480821.78     0     31.47      0.00      4.40    12     25.51      0.00      4.08
 1494480821.88     0     31.42      0.00      4.35    12     25.46      0.00      3.99
 1494480821.98     0     31.42      0.00      4.40    12     25.51      0.00      4.12
 1494480822.08     0     31.39      0.00      4.40    12     25.45      0.00      4.09
 1494480822.18     0     31.45      0.00      4.40    12     25.42      0.00      4.04
 1494480822.28     0     31.39      0.00      4.39    12     25.53      0.00      4.13
 1494480822.38     0     31.43      0.00      4.41    12     25.46      0.00      4.13
 1494480822.48     0     31.35      0.00      4.39    12     25.53      0.00      4.18
 1494480822.58     0     31.36      0.00      4.40    12     25.47      0.00      4.13
 1494480822.68     0     31.39      0.00      4.41    12     25.45      0.00      4.05
 1494480822.78     0     31.39      0.00      4.40    12     25.48      0.00      4.15
 1494480822.88     0     31.40      0.00      4.37    12     25.69      0.00      4.14
 1494480822.98     0     31.33      0.00      4.38    12     25.45      0.00      4.08
 1494480823.08     0     31.73      0.00      4.43    12     25.46      0.00      4.14
 1494480823.18     0     31.34      0.00      4.40    12     25.43      0.00      3.99
 1494480823.28     0     31.39      0.00      4.36    12     25.45      0.00      4.11
 1494480823.38     0     31.43      0.00      4.40    12     25.46      0.00      4.16
 1494480823.48     0     31.40      0.00      4.41    12     25.48      0.00      4.12
 1494480823.58     0     31.40      0.00      4.38    12     25.43      0.00      4.17
 1494480823.68     0     31.42      0.00      4.40    12     25.47      0.00      4.16
 1494480823.78     0     31.42      0.00      4.39    12     25.45      0.00      4.10
 1494480823.88     0     31.43      0.00      4.40    12     25.46      0.00      3.97
 1494480823.98     0     31.41      0.00      4.36    12     25.48      0.00      4.12
 1494480824.08     0     31.53      0.00      4.39    12     25.49      0.00      4.16
 1494480824.18     0     31.40      0.00      4.42    12     25.72      0.00      4.17
 1494480824.28     0     31.40      0.00      4.32    12     25.52      0.00      4.02
 1494480824.38     0     31.75      0.00      4.39    12     25.53      0.00      4.05
 1494480824.48     0     31.42      0.00      4.44    12     25.52      0.00      4.05
 1494480824.58     0     31.40      0.00      4.40    12     25.55      0.00      4.13
 1494480824.68     0     31.43      0.00      4.40    12     25.45      0.00      4.10
 1494480824.78     0     31.44      0.00      4.40    12     25.50      0.00      4.11
 1494480824.88     0     31.44      0.00      4.36    12     25.50      0.00      4.13
 1494480824.98     0     31.40      0.00      4.35    12     25.48      0.00      4.07
 1494480825.08     0     31.37      0.00      4.35    12     25.47      0.00      4.07
 1494480825.18     0     31.49      0.00      4.35    12     25.49      0.00      4.08
 1494480825.28     0     31.42      0.00      4.35    12     25.45      0.00      4.03
 1494480825.38     0     31.37      0.00      4.31    12     25.43      0.00      4.16
 1494480825.48     0     31.44      0.00      4.39    12     25.68      0.00      4.16
 1494480825.58     0     31.43      0.00      4.35    12     25.44      0.00      4.01
 1494480825.68     0     31.45      0.00      4.31    12     25.48      0.00      4.05
 1494480825.78     0     32.40      0.00      4.46    12     25.52      0.00      4.21
 1494480825.88     0     32.10      0.00      4.39    12     25.46      0.00      4.13
 1494480825.98     0     31.45      0.00      4.40    12     25.47      0.00      4.05
 1494480826.08     0     31.39      0.00      4.40    12     25.45      0.00      4.14
 1494480826.18     0     31.40      0.00      4.39    12     25.47      0.00      4.09
 1494480826.28     0     31.44      0.00      4.38    12     25.45      0.00      4.14
 1494480826.38     0     31.36      0.00      4.41    12     25.43      0.00      4.15
 1494480826.48     0     31.41      0.00      4.34    12     25.47      0.00      4.16
 1494480826.58     0     31.38      0.00      4.35    12     25.45      0.00      4.07
 1494480826.68     0     31.34      0.00      4.40    12     25.68      0.00      4.14
 1494480826.78     0     31.35      0.00      4.35    12     25.46      0.00      4.14
 1494480826.88     0     31.38      0.00      4.40    12     25.46      0.00      3.98
 1494480826.99     0     31.41      0.00      4.41    12     25.45      0.00      4.17
 1494480827.09     0     31.38      0.00      4.36    12     25.46      0.00      4.11
 1494480827.19     0     31.72      0.00      4.39    12     25.48      0.00      4.09
 1494480827.29     0     31.13      0.00      4.40    12     25.47      0.00      4.08
 1494480827.39     0     31.66      0.00      4.44    12     25.48      0.00      4.13
 1494480827.49     0     31.39      0.00      4.40    12     25.43      0.00      4.04
 1494480827.59     0     31.38      0.00      4.39    12     25.45      0.00      4.12
 1494480827.69     0     31.36      0.00      4.39    12     25.47      0.00      4.15
 1494480827.79     0     31.39      0.00      4.30    12     25.47      0.00      4.18
 1494480827.89     0     31.38      0.00      4.35    12     25.75      0.00      4.22
 1494480827.99     0     31.40      0.00      4.40    12     25.49      0.00      4.15
 1494480828.09     0     31.34      0.00      4.40    12     25.53      0.00      3.99
 1494480828.19     0     31.37      0.00      4.40    12     25.49      0.00      4.15
 1494480828.29     0     31.39      0.00      4.36    12     25.49      0.00      4.05
 1494480828.39     0     31.44      0.00      4.40    12     25.50      0.00      4.18
 1494480828.49     0     31.35      0.00      4.41    12     25.46      0.00      4.06
 1494480828.59     0     31.36      0.00      4.40    12     25.46      0.00      4.15
 1494480828.69     0     31.69      0.00      4.34    12     25.46      0.00      4.16
 1494480828.79     0     31.35      0.00      4.39    12     25.47      0.00      4.15
 1494480828.89     0     31.34      0.00      4.39    12     25.45      0.00      4.13
 1494480828.99     0     31.39      0.00      4.39    12     25.48      0.00      4.13
 1494480829.09     0     31.34      0.00      4.40    12     25.52      0.00      3.98
 1494480829.19     0     31.36      0.00      4.40    12     25.56      0.00      4.08
 1494480829.29     0     31.36      0.00      4.40    12     25.47      0.00      4.20
 1494480829.39     0     31.43      0.00      4.33    12     25.74      0.00      4.23
 1494480829.49     0     31.40      0.00      4.35    12     25.52      0.00      4.07
 1494480829.59     0     31.36      0.00      4.40    12     25.48      0.00      4.19
 1494480829.69     0     31.37      0.00      4.31    12     25.49      0.00      4.13
 1494480829.79     0     31.42      0.00      4.40    12     25.49      0.00      4.09
 1494480829.89     0     31.35      0.00      4.36    12     25.49      0.00      4.15
 1494480829.99     0     31.39      0.00      4.39    12     25.47      0.00      4.11
 1494480830.09     0     31.68      0.00      4.44    12     25.53      0.00      4.02
 1494480830.19     0     31.38      0.00      4.39    12     25.48      0.00      4.13
 1494480830.29     0     31.34      0.00      4.39    12     25.50      0.00      4.02
 1494480830.39     0     31.33      0.00      4.36    12     25.52      0.00      4.10
 1494480830.49     0     31.35      0.00      4.39    12     25.50      0.00      4.13
 1494480830.59     0     31.38      0.00      4.35    12     25.48      0.00      4.10
 1494480830.69     0     31.35      0.00      4.29    12     25.73      0.00      4.13
 1494480830.79     0     31.33      0.00      4.40    12     25.49      0.00      4.05
 1494480830.89     0     31.38      0.00      4.35    12     25.51      0.00      4.06
 1494480830.99     0     31.35      0.00      4.40    12     25.49      0.00      4.17
 1494480831.09     0     31.37      0.00      4.40    12     25.49      0.00      3.99
 1494480831.19     0     31.35      0.00      4.39    12     25.50      0.00      4.18
 1494480831.29     0     31.33      0.00      4.41    12     25.51      0.00      4.04
 1494480831.39     0     31.68      0.00      4.44    12     25.54      0.00      4.17
 1494480831.49     0     31.36      0.00      4.34    12     25.50      0.00      4.16
 1494480831.59     0     31.33      0.00      4.40    12     25.52      0.00      4.19
 1494480831.69     0     31.39      0.00      4.40    12     25.49      0.00      3.98
 1494480831.79     0     31.39      0.00      4.40    12     25.49      0.00      4.08
 1494480831.89     0     31.38      0.00      4.35    12     25.74      0.00      4.20
 1494480831.99     0     31.38      0.00      4.39    12     25.49      0.00      4.08
 1494480832.09     0     31.40      0.00      4.39    12     25.50      0.00      4.07
 1494480832.19     0     31.45      0.00      4.39    12     25.47      0.00      4.00
 1494480832.29     0     31.38      0.00      4.40    12     25.51      0.00      4.13
 1494480832.39     0     31.43      0.00      4.35    12     25.49      0.00      4.01
 1494480832.49     0     31.38      0.00      4.39    12     25.48      0.00      4.04
 1494480832.59     0     31.42      0.00      4.33    12     25.51      0.00      4.18
 1494480832.69     0     31.43      0.00      4.35    12     25.42      0.00      4.18
 1494480832.79     0     31.63      0.00      4.43    12     25.49      0.00      4.10
 1494480832.89     0     31.38      0.00      4.36    12     25.45      0.00      4.08
 1494480832.99     0     31.36      0.00      4.39    12     25.48      0.00      4.05
 1494480833.10     0     31.34      0.00      4.39    12     25.50      0.00      3.99
 1494480833.20     0     33.37      0.00      6.14    12     25.82      0.00      4.62
 1494480833.30     0     33.74      0.00      6.68    12     25.50      0.00      4.04
 1494480833.40     0     33.43      0.00      6.62    12     25.52      0.00      4.04
 1494480833.50     0     32.73      0.00      6.71    12     25.49      0.00      4.16
 1494480833.60     0     32.47      0.00      6.66    12     25.52      0.00      4.11
 1494480833.70     0     32.48      0.00      6.62    12     25.50      0.00      4.09
 1494480833.80     0     34.92      0.00      7.29    12     27.97      0.00      4.96
 1494480833.90     0     46.13      0.00     11.05    12     39.85      0.00      6.09
 1494480834.00     0     32.54      0.00      6.88    12     25.48      0.00      4.07
 1494480834.10     0     32.56      0.00      7.05    12     25.53      0.00      4.13
 1494480834.20     0     32.89      0.00      7.32    12     25.52      0.00      4.11
 1494480834.30     0     32.55      0.00      7.28    12     25.50      0.00      4.16
 1494480834.40     0     32.59      0.00      7.22    12     25.76      0.00      4.15
 1494480834.50     0     32.00      0.00      6.44    12     25.51      0.00      4.16
 1494480834.60     0     31.89      0.00      6.27    12     25.47      0.00      4.20
 1494480834.70     0     32.04      0.00      6.44    12     25.48      0.00      4.22
 1494480834.80     0     32.07      0.00      6.43    12     25.46      0.00      4.00
 1494480834.90     0     32.02      0.00      6.49    12     25.50      0.00      4.18
 1494480835.00     0     32.37      0.00      6.46    12     25.52      0.00      4.16
 1494480835.10     0     32.36      0.00      6.47    12     25.49      0.00      4.17
 1494480835.20     0     32.38      0.00      6.45    12     25.51      0.00      4.13
 1494480835.30     0     32.33      0.00      6.43    12     25.48      0.00      4.13
 1494480835.40     0     32.37      0.00      6.43    12     25.47      0.00      4.04
 1494480835.50     0     32.34      0.00      6.48    12     25.46      0.00      4.01
 1494480835.60     0     32.28      0.00      6.38    12     25.46      0.00      4.16
 1494480835.70     0     32.08      0.00      6.64    12     25.69      0.00      4.14
 1494480835.80     0     31.96      0.00      6.35    12     25.43      0.00      4.01
 1494480835.90     0     32.07      0.00      5.87    12     25.43      0.00      4.10
 1494480836.00     0     31.69      0.00      5.75    12     25.39      0.00      4.18
 1494480836.10     0     31.68      0.00      5.73    12     25.43      0.00      4.16
 1494480836.20     0     31.60      0.00      5.76    12     25.46      0.00      4.09
 1494480836.30     0     31.56      0.00      5.56    12     25.45      0.00      4.04
 1494480836.40     0     31.57      0.00      5.60    12     25.47      0.00      4.14
 1494480836.50     0     31.48      0.00      5.72    12     25.46      0.00      4.13
 1494480836.60     0     31.39      0.00      5.87    12     25.45      0.00      4.15
 1494480836.70     0     31.26      0.00      5.97    12     25.46      0.00      4.12
 1494480836.80     0     31.29      0.00      6.00    12     25.46      0.00      4.11
 1494480836.90     0     31.38      0.00      5.99    12     25.50      0.00      4.16
 1494480837.00     0     31.22      0.00      6.10    12     25.75      0.00      4.13
 1494480837.10     0     31.26      0.00      6.02    12     25.48      0.00      4.03
 1494480837.20     0     31.56      0.00      6.16    12     25.58      0.00      4.18
 1494480837.30     0     31.23      0.00      6.27    12     25.49      0.00      4.18
 1494480837.40     0     31.23      0.00      6.32    12     25.49      0.00      4.16
 1494480837.50     0     31.23      0.00      6.29    12     25.52      0.00      4.11
 1494480837.60     0     31.21      0.00      6.29    12     25.51      0.00      4.22
 1494480837.70     0     31.23      0.00      6.37    12     25.53      0.00      4.12
 1494480837.80     0     31.22      0.00      6.31    12     25.52      0.00      4.14
 1494480837.90     0     31.21      0.00      6.38    12     25.50      0.00      4.08
 1494480838.00     0     31.25      0.00      6.31    12     25.51      0.00      4.20
 1494480838.10     0     31.20      0.00      6.32    12     25.53      0.00      4.21
 1494480838.20     0     31.19      0.00      6.20    12     25.49      0.00      4.22
 1494480838.30     0     31.25      0.00      6.40    12     25.78      0.00      4.16
 1494480838.40     0     31.22      0.00      6.33    12     25.31      0.00      4.14
 1494480838.50     0     31.53      0.00      6.40    12     25.73      0.00      4.22
 1494480838.60     0     31.26      0.00      6.41    12     25.50      0.00      4.16
 1494480838.70     0     31.18      0.00      6.41    12     25.51      0.00      4.15
 1494480838.80     0     31.26      0.00      6.34    12     25.50      0.00      4.12
 1494480838.90     0     31.23      0.00      6.42    12     25.52      0.00      4.10
 1494480839.00     0     31.20      0.00      6.42    12     25.51      0.00      4.06
 1494480839.10     0     31.20      0.00      6.29    12     25.52      0.00      4.06
 1494480839.20     0     31.28      0.00      6.42    12     25.50      0.00      4.10
 1494480839.31     0     31.23      0.00      6.40    12     25.52      0.00      4.19
 1494480839.41     0     31.20      0.00      6.28    12     25.51      0.00      4.11
 1494480839.51     0     31.19      0.00      6.41    12     25.50      0.00      4.07
 1494480839.61     0     31.22      0.00      6.40    12     25.46      0.00      4.22
 1494480839.71     0     31.20      0.00      6.41    12     25.74      0.00      4.22
 1494480839.81     0     31.21      0.00      6.40    12     25.50      0.00      4.08
 1494480839.91     0     31.51      0.00      6.46    12     25.51      0.00      4.18
 1494480840.01     0     31.26      0.00      6.40    12     25.52      0.00      4.10
 1494480840.11     0     31.20      0.00      6.34    12     25.48      0.00      4.17
 1494480840.21     0     31.27      0.00      6.32    12     25.44      0.00      4.04
 1494480840.31     0     31.15      0.00      6.39    12     25.49      0.00      4.11
 1494480840.41     0     31.22      0.00      6.26    12     25.46      0.00      4.04
 1494480840.51     0     31.21      0.00      6.39    12     25.48      0.00      4.14
 1494480840.61     0     31.21      0.00      6.35    12     25.48      0.00      3.99
 1494480840.71     0     31.20      0.00      6.32    12     25.53      0.00      4.18
 1494480840.81     0     31.21      0.00      6.18    12     25.47      0.00      4.23
 1494480840.91     0     31.21      0.00      6.26    12     25.47      0.00      4.08
 1494480841.01     0     31.25      0.00      6.24    12     25.50      0.00      4.11
 1494480841.11     0     31.22      0.00      6.16    12     25.77      0.00      4.15
 1494480841.21     0     31.26      0.00      6.09    12     25.46      0.00      4.06
 1494480841.31     0     31.32      0.00      5.98    12     25.51      0.00      4.06
 1494480841.41     0     31.57      0.00      6.00    12     25.50      0.00      4.13
 1494480841.51     0     31.40      0.00      5.82    12     25.49      0.00      4.08
 1494480841.61     0     31.43      0.00      5.82    12     25.45      0.00      4.14
 1494480841.71     0     31.55      0.00      5.67    12     25.48      0.00      4.09
 1494480841.81     0     31.66      0.00      5.60    12     25.49      0.00      4.12
 1494480841.91     0     31.70      0.00      5.58    12     25.53      0.00      4.22
 1494480842.01     0     31.86      0.00      5.89    12     25.44      0.00      4.20
 1494480842.11     0     32.17      0.00      6.08    12     25.49      0.00      4.19
 1494480842.21     0     32.24      0.00      6.11    12     25.75      0.00      3.98
 1494480842.31     0     32.27      0.00      6.19    12     25.47      0.00      4.16
 1494480842.41     0     32.23      0.00      6.22    12     25.47      0.00      4.16
 1494480842.51     0     32.19      0.00      5.22    12     25.53      0.00      4.15
 1494480842.61     0     32.28      0.00      5.85    12     25.49      0.00      4.03
 1494480842.71     0     32.05      0.00      5.95    12     25.48      0.00      4.17
 1494480842.81     0     32.07      0.00      6.50    12     25.47      0.00      4.18
 1494480842.91     0     32.76      0.00      6.09    12     25.49      0.00      4.22
 1494480843.01     0     32.66      0.00      5.33    12     25.51      0.00      4.15
 1494480843.11     0     32.64      0.00      6.96    12     25.56      0.00      4.19
 1494480843.21     0     32.59      0.00      6.96    12     25.51      0.00      4.13
 1494480843.31     0     32.67      0.00      6.81    12     25.50      0.00      4.10
 1494480843.41     0     33.35      0.00      7.48    12     25.47      0.00      4.04
 1494480843.51     0     33.12      0.00      6.12    12     25.75      0.00      4.18
 1494480843.61     0     33.90      0.00      5.27    12     25.48      0.00      4.10
 1494480843.71     0     32.69      0.00      6.43    12     25.52      0.00      4.15
 1494480843.81     0     33.32      0.00      5.73    12     25.47      0.00      4.18
 1494480843.91     0     32.84      0.00      4.39    12     25.40      0.00      4.12
 1494480844.01     0     43.91      0.00      9.26    12     41.21      0.00      9.94
 1494480844.11     0     49.19      0.00      8.78    12     53.93      0.00      6.52
 1494480844.21     0     57.03      0.00      7.52    12     49.67      0.00      6.03
 1494480844.31     0     58.02      0.00      7.17    12     44.80      0.00      5.91
 1494480844.41     0     58.70      0.00      7.23    12     44.82      0.00      5.80
 1494480844.51     0     57.69      0.00      7.15    12     44.80      0.00      5.80
 1494480844.61     0     55.56      0.00      7.10    12     44.86      0.00      5.91
 1494480844.71     0     48.89      0.00      6.39    12     44.79      0.00      5.93
 1494480844.81     0     47.65      0.00      6.56    12     45.21      0.00      5.94
 1494480844.91     0     47.64      0.00      6.59    12     44.82      0.00      5.93
 1494480845.01     0     47.63      0.00      6.75    12     44.81      0.00      5.87
 1494480845.11     0     59.19      0.00     10.41    12     48.18      0.00      9.79
 1494480845.22     0     78.78      0.00     14.06    12     72.84      0.00     11.49
 1494480845.32     0     61.96      0.00     11.16    12     57.53      0.00      9.19
 1494480845.42     0     32.71      0.00      7.02    12     25.52      0.00      4.23
 1494480845.52     0     32.69      0.00      7.32    12     25.77      0.00      4.15
 1494480845.62     0     32.80      0.00      7.48    12     25.54      0.00      4.49
 1494480845.72     0     32.47      0.00      5.79    12     26.01      0.00      7.41
 1494480845.82     0     32.38      0.00      4.52    12     26.17      0.00      8.02
 1494480845.92     0     32.40      0.00      4.40    12     26.19      0.00      8.19
 1494480846.02     0     32.26      0.00      4.83    12     26.05      0.00      7.51
 1494480846.12     0     32.17      0.00      6.04    12     25.59      0.00      5.80
 1494480846.22     0     32.42      0.00      6.24    12     25.50      0.00      4.49
 1494480846.32     0     32.39      0.00      6.27    12     25.48      0.00      4.11
 1494480846.42     0     32.19      0.00      6.11    12     25.51      0.00      4.51
 1494480846.52     0     31.44      0.00      5.26    12     25.70      0.00      6.48
 1494480846.62     0     31.79      0.00      5.43    12     25.73      0.00      6.53
 1494480846.72     0     32.22      0.00      6.30    12     25.50      0.00      4.24
 1494480846.82     0     32.41      0.00      6.27    12     25.47      0.00      4.10
 1494480846.92     0     32.44      0.00      6.26    12     25.50      0.00      4.13
 1494480847.02     0     32.40      0.00      6.34    12     25.48      0.00      4.18
 1494480847.12     0     32.42      0.00      6.33    12     25.51      0.00      4.89
 1494480847.22     0     32.49      0.00      6.16    12     25.62      0.00      5.81
 1494480847.32     0     32.33      0.00      5.83    12     25.87      0.00      5.97
 1494480847.42     0     32.35      0.00      5.92    12     25.64      0.00      6.03
 1494480847.52     0     32.40      0.00      5.99    12     25.64      0.00      6.09
 1494480847.62     0     32.22      0.00      6.09    12     25.61      0.00      5.42
 1494480847.72     0     32.02      0.00      6.30    12     25.53      0.00      4.70
 1494480847.82     0     31.98      0.00      6.02    12     25.52      0.00      4.78
 1494480847.92     0     31.42      0.00      5.66    12     25.55      0.00      5.10
 1494480848.02     0     31.17      0.00      5.34    12     25.56      0.00      5.28
 1494480848.12     0     31.17      0.00      5.31    12     25.48      0.00      5.61
 1494480848.22     0     31.14      0.00      5.46    12     25.52      0.00      5.38
 1494480848.32     0     31.47      0.00      5.29    12     25.51      0.00      5.56
 1494480848.42     0     31.14      0.00      5.51    12     25.54      0.00      5.57
 1494480848.52     0     31.13      0.00      5.50    12     25.52      0.00      5.33
 1494480848.62     0     31.20      0.00      5.47    12     25.51      0.00      5.62
 1494480848.72     0     31.12      0.00      5.49    12     25.52      0.00      5.48
 1494480848.82     0     31.14      0.00      5.37    12     25.51      0.00      5.54
 1494480848.92     0     31.13      0.00      5.48    12     25.76      0.00      5.50
 1494480849.02     0     31.18      0.00      5.46    12     25.51      0.00      5.55
 1494480849.12     0     31.17      0.00      5.45    12     25.48      0.00      5.51
 1494480849.22     0     31.16      0.00      5.52    12     25.51      0.00      5.36
 1494480849.32     0     31.13      0.00      5.48    12     25.51      0.00      5.66
 1494480849.42     0     31.12      0.00      5.51    12     25.50      0.00      5.42
 1494480849.52     0     31.17      0.00      5.51    12     25.47      0.00      5.24
 1494480849.62     0     31.13      0.00      5.45    12     25.52      0.00      5.61
 1494480849.72     0     31.20      0.00      5.45    12     25.53      0.00      5.42
 1494480849.82     0     31.14      0.00      5.48    12     25.53      0.00      5.34
 1494480849.92     0     31.21      0.00      5.53    12     25.48      0.00      5.48
 1494480850.02     0     31.13      0.00      5.43    12     25.56      0.00      5.63
 1494480850.12     0     31.15      0.00      5.50    12     25.52      0.00      5.38
 1494480850.22     0     31.16      0.00      5.54    12     25.49      0.00      5.31
 1494480850.32     0     31.45      0.00      5.53    12     25.54      0.00      5.73
 1494480850.42     0     31.15      0.00      5.49    12     25.80      0.00      5.32
 1494480850.52     0     31.16      0.00      5.54    12     25.54      0.00      5.30
 1494480850.62     0     31.19      0.00      5.54    12     25.57      0.00      5.45
 1494480850.72     0     31.12      0.00      5.47    12     25.56      0.00      5.76
 1494480850.82     0     31.21      0.00      5.47    12     25.53      0.00      5.24
 1494480850.92     0     31.18      0.00      5.54    12     25.57      0.00      5.37
 1494480851.02     0     31.18      0.00      5.52    12     25.54      0.00      5.51
 1494480851.12     0     31.14      0.00      5.43    12     25.58      0.00      5.44
 1494480851.22     0     31.15      0.00      5.54    12     25.55      0.00      5.34
 1494480851.32     0     31.14      0.00      5.58    12     25.53      0.00      5.23
 1494480851.42     0     31.17      0.00      5.54    12     25.56      0.00      5.39
 1494480851.52     0     31.12      0.00      5.42    12     25.54      0.00      5.56
 1494480851.62     0     31.16      0.00      5.56    12     25.56      0.00      5.07
 1494480851.73     0     31.49      0.00      5.59    12     25.56      0.00      5.35
 1494480851.83     0     31.17      0.00      5.47    12     25.53      0.00      5.03
 1494480851.93     0     31.20      0.00      5.52    12     25.81      0.00      5.52
 1494480852.03     0     31.18      0.00      5.43    12     25.56      0.00      5.52
 1494480852.13     0     31.17      0.00      5.51    12     25.56      0.00      5.11
 1494480852.23     0     31.27      0.00      5.54    12     25.54      0.00      5.25
 1494480852.33     0     31.22      0.00      5.51    12     25.56      0.00      5.21
 1494480852.43     0     31.20      0.00      5.49    12     25.56      0.00      5.40
 1494480852.53     0     31.18      0.00      5.51    12     25.52      0.00      5.43
 1494480852.63     0     31.17      0.00      5.52    12     25.55      0.00      5.28
 1494480852.73     0     31.18      0.00      5.50    12     25.52      0.00      5.06
 1494480852.83     0     31.17      0.00      5.52    12     25.53      0.00      5.21
 1494480852.93     0     31.24      0.00      5.53    12     25.54      0.00      5.02
 1494480853.03     0     31.18      0.00      5.51    12     25.51      0.00      5.06
 1494480853.13     0     31.18      0.00      5.49    12     25.53      0.00      5.13
 1494480853.23     0     31.16      0.00      5.48    12     25.56      0.00      5.10
 1494480853.33     0     31.20      0.00      5.49    12     25.53      0.00      5.14
 1494480853.43     0     31.16      0.00      5.49    12     25.78      0.00      5.12
 1494480853.53     0     31.53      0.00      5.52    12     25.53      0.00      5.14
 1494480853.63     0     31.23      0.00      5.51    12     25.48      0.00      4.94
 1494480853.73     0     31.21      0.00      5.50    12     25.52      0.00      4.96
 1494480853.83     0     31.23      0.00      5.40    12     25.57      0.00      5.15
 1494480853.93     0     31.17      0.00      5.43    12     25.55      0.00      5.06
 1494480854.03     0     31.31      0.00      5.46    12     25.51      0.00      5.09
 1494480854.13     0     31.20      0.00      5.41    12     25.55      0.00      5.08
 1494480854.23     0     31.47      0.00      5.49    12     25.77      0.00      5.16
 1494480854.33     0     31.17      0.00      5.50    12     25.53      0.00      5.16
 1494480854.43     0     31.15      0.00      5.40    12     25.58      0.00      5.10
 1494480854.53     0     31.16      0.00      5.34    12     25.51      0.00      5.15
 1494480854.63     0     31.23      0.00      5.42    12     25.78      0.00      4.78
 1494480854.73     0     31.23      0.00      5.31    12     25.55      0.00      4.96
 1494480854.83     0     31.57      0.00      5.46    12     25.49      0.00      4.56
 1494480854.93     0     31.26      0.00      5.37    12     25.47      0.00      4.82
 1494480855.03     0     31.16      0.00      5.39    12     25.49      0.00      4.76
 1494480855.13     0     31.24      0.00      5.38    12     25.49      0.00      4.68
 1494480855.23     0     31.22      0.00      5.39    12     25.45      0.00      4.66
 1494480855.33     0     31.19      0.00      5.38    12     25.49      0.00      4.47
 1494480855.43     0     31.21      0.00      5.37    12     25.46      0.00      4.69
 1494480855.53     0     31.25      0.00      5.30    12     25.50      0.00      4.55
 1494480855.63     0     31.27      0.00      5.32    12     25.46      0.00      4.53
 1494480855.73     0     31.25      0.00      5.38    12     25.47      0.00      4.49
 1494480855.83     0     31.24      0.00      5.37    12     25.50      0.00      4.45
 1494480855.93     0     31.31      0.00      5.37    12     25.48      0.00      4.41
 1494480856.03     0     32.01      0.00      6.45    12     25.77      0.00      4.78
 1494480856.13     0     32.16      0.00      6.14    12     25.52      0.00      4.88
 1494480856.23     0     32.15      0.00      6.08    12     25.50      0.00      4.12
 1494480856.33     0     32.51      0.00      5.97    12     25.47      0.00      4.52
 1494480856.43     0     32.01      0.00      5.41    12     25.64      0.00      6.28
 1494480856.53     0     31.94      0.00      5.41    12     25.65      0.00      6.36
 1494480856.63     0     32.31      0.00      5.21    12     25.56      0.00      5.27
 1494480856.73     0     33.09      0.00      5.71    12     25.54      0.00      4.90
 1494480856.83     0     33.75      0.00      6.81    12     25.54      0.00      5.18
 1494480856.93     0     32.62      0.00      6.31    12     25.52      0.00      4.65
 1494480857.03     0     32.49      0.00      6.41    12     25.45      0.00      4.17
 1494480857.13     0     32.41      0.00      6.03    12     25.57      0.00      5.56
 1494480857.23     0     32.58      0.00      5.54    12     26.02      0.00      6.73
 1494480857.33     0     32.36      0.00      5.50    12     25.77      0.00      6.65
 1494480857.43     0     33.41      0.00      7.01    12     25.53      0.00      4.99
 1494480857.53     0     33.31      0.00      5.56    12     25.52      0.00      5.28
 1494480857.63     0     33.91      0.00      5.08    12     25.41      0.00      4.07
 1494480857.73     0     33.91      0.00      5.42    12     25.42      0.00      4.54
 1494480857.83     0     34.39      0.00      6.98    12     26.57      0.00      4.63
 1494480857.94     0     32.82      0.00      6.93    12     25.50      0.00      4.18
 1494480858.04     0     32.77      0.00      6.60    12     25.50      0.00      4.22
 1494480858.14     0     32.96      0.00      6.53    12     25.49      0.00      4.16
 1494480858.24     0     33.05      0.00      6.47    12     25.49      0.00      4.09
 1494480858.34     0     33.02      0.00      6.38    12     25.50      0.00      4.10
 1494480858.44     0     32.88      0.00      6.46    12     25.47      0.00      4.06
 1494480858.54     0     32.96      0.00      6.40    12     25.47      0.00      4.10
 1494480858.64     0     33.30      0.00      7.07    12     25.51      0.00      4.15
 1494480858.74     0     33.24      0.00      7.39    12     25.77      0.00      4.25
 1494480858.84     0     33.77      0.00      7.07    12     25.48      0.00      4.18
 1494480858.94     0     33.26      0.00      7.04    12     25.56      0.00      4.13
 1494480859.04     0     33.10      0.00      7.06    12     25.48      0.00      4.16
 1494480859.14     0     33.05      0.00      6.76    12     26.33      0.00      4.22
 1494480859.24     0     32.44      0.00      5.67    12     29.89      0.00      5.22
 1494480859.34     0     31.88      0.00      5.80    12     27.36      0.00      4.94
 1494480859.44     0     31.93      0.00      5.88    12     27.58      0.00      4.91
 1494480859.54     0     32.15      0.00      5.69    12     26.86      0.00      4.88
 1494480859.64     0     32.09      0.00      5.75    12     26.88      0.00      4.91
 1494480859.74     0     31.92      0.00      5.86    12     26.86      0.00      4.90
 1494480859.84     0     31.80      0.00      5.86    12     26.82      0.00      4.89
 1494480859.94     0     31.70      0.00      5.87    12     26.86      0.00      4.89
 1494480860.04     0     31.79      0.00      5.87    12     26.84      0.00      4.75
 1494480860.14     0     32.03      0.00      5.87    12     25.47      0.00      4.09
 1494480860.24     0     31.98      0.00      5.79    12     25.78      0.00      4.19
 1494480860.34     0     31.79      0.00      5.87    12     25.48      0.00      4.10
 1494480860.44     0     32.05      0.00      5.87    12     25.46      0.00      4.14
 1494480860.54     0     31.92      0.00      5.89    12     25.45      0.00      4.03
 1494480860.64     0     31.70      0.00      5.85    12     25.41      0.00      4.07
 1494480860.74     0     31.73      0.00      5.84    12     25.45      0.00      4.16
 1494480860.84     0     31.79      0.00      5.84    12     25.45      0.00      4.00
 1494480860.94     0     31.42      0.00      5.85    12     25.43      0.00      4.05
 1494480861.04     0     31.72      0.00      5.86    12     25.45      0.00      4.04
 1494480861.14     0     31.29      0.00      5.86    12     25.53      0.00      3.97
 1494480861.24     0     31.38      0.00      5.79    12     25.48      0.00      4.12
 1494480861.34     0     31.20      0.00      5.80    12     25.49      0.00      4.19
 1494480861.44     0     31.18      0.00      5.85    12     25.51      0.00      4.15
 1494480861.54     0     31.17      0.00      5.85    12     25.76      0.00      4.16
 1494480861.64     0     31.19      0.00      5.86    12     25.47      0.00      4.18
 1494480861.74     0     31.32      0.00      5.85    12     25.50      0.00      4.11
 1494480861.84     0     31.28      0.00      5.86    12     25.46      0.00      4.07
 1494480861.94     0     31.90      0.00      4.79    12     26.53      0.00      4.99
 1494480862.04     0     32.16      0.00      5.26    12     26.64      0.00      5.04
 1494480862.14     0     32.00      0.00      6.29    12     26.65      0.00      4.90
 1494480862.24     0     31.79      0.00      5.92    12     26.67      0.00      5.00
 1494480862.34     0     34.92      0.00      7.33    12     29.49      0.00      5.69
 1494480862.44     0     38.49      0.00      7.10    12     33.84      0.00      7.10
 1494480862.54     0     57.17      0.00     12.54    12     55.78      0.00     10.98
 1494480862.64     0     54.01      0.00     11.85    12     53.54      0.00      9.73
 1494480862.74     0     70.01      0.00     12.48    12     64.45      0.00     11.10
 1494480862.84     0     69.14      0.00     12.43    12     61.81      0.00      9.81
 1494480862.94     0     44.91      0.00      9.08    12     50.93      0.00      9.02
 1494480863.04     0     50.22      0.00      8.14    12     45.17      0.00      8.40
 1494480863.14     0     32.41      0.00      5.79    12     25.58      0.00      5.13
 1494480863.24     0     32.06      0.00      5.95    12     25.86      0.00      5.02
 1494480863.34     0     32.41      0.00      6.62    12     25.54      0.00      4.01
 1494480863.44     0     32.47      0.00      6.59    12     25.57      0.00      4.37
 1494480863.54     0     32.36      0.00      6.19    12     25.64      0.00      6.06
 1494480863.64     0     32.38      0.00      6.08    12     25.66      0.00      6.07
 1494480863.74     0     32.35      0.00      6.32    12     25.60      0.00      5.55
 1494480863.84     0     34.15      0.00      5.38    12     25.48      0.00      4.34
 1494480863.94     0     32.77      0.00      4.64    12     25.50      0.00      4.07
 1494480864.04     0     54.17      0.00      9.30    12     49.40      0.00      9.42
 1494480864.14     0     64.65      0.00     12.66    12     60.73      0.00     12.71
 1494480864.24     0     33.55      0.00      4.78    12     25.47      0.00      4.15
 1494480864.34     0     53.54      0.00      9.10    12     47.60      0.00      9.07
 1494480864.45     0     67.70      0.00      7.32    12     64.35      0.00      7.49
 1494480864.55     0     66.78      0.00      5.90    12     63.46      0.00      5.48
 1494480864.65     0     66.84      0.00      5.88    12     63.47      0.00      5.73
 1494480864.75     0     66.81      0.00      5.86    12     63.43      0.00      5.75
 1494480864.85     0     66.83      0.00      5.85    12     63.40      0.00      5.63
 1494480864.95     0     67.22      0.00      5.89    12     63.41      0.00      5.56
 1494480865.05     0     65.76      0.00      5.87    12     63.44      0.00      5.77
 1494480865.15     0     67.12      0.00      5.73    12     63.45      0.00      5.61
 1494480865.25     0     65.94      0.00      5.76    12     63.45      0.00      5.57
 1494480865.35     0     67.02      0.00      5.80    12     63.41      0.00      5.54
 1494480865.45     0     66.35      0.00      5.74    12     63.47      0.00      5.71
 1494480865.55     0     65.74      0.00      5.61    12     63.52      0.00      5.62
 1494480865.65     0     67.20      0.00      5.70    12     63.39      0.00      5.55
 1494480865.75     0     66.35      0.00      5.61    12     63.48      0.00      5.63
 1494480865.85     0     66.40      0.00      5.67    12     63.42      0.00      5.65
 1494480865.95     0     66.31      0.00      5.80    12     63.43      0.00      5.61
 1494480866.05     0     66.38      0.00      5.82    12     63.45      0.00      5.54
 1494480866.15     0     66.34      0.00      5.79    12     63.47      0.00      5.59
 1494480866.25     0     66.77      0.00      5.84    12     63.49      0.00      5.64
 1494480866.35     0     66.46      0.00      5.82    12     63.44      0.00      5.69
 1494480866.45     0     66.39      0.00      5.82    12     63.49      0.00      5.71
 1494480866.55     0     66.53      0.00      5.81    12     63.56      0.00      5.64
 1494480866.65     0     66.41      0.00      5.74    12     63.46      0.00      5.64
 1494480866.75     0     66.38      0.00      5.69    12     63.38      0.00      5.68
 1494480866.85     0     66.41      0.00      5.76    12     63.47      0.00      5.81
 1494480866.95     0     66.40      0.00      5.80    12     63.46      0.00      5.73
 1494480867.05     0     66.43      0.00      5.85    12     63.47      0.00      5.77
 1494480867.15     0     66.60      0.00      5.84    12     63.48      0.00      5.70
 1494480867.25     0     66.50      0.00      5.90    12     63.45      0.00      5.79
 1494480867.35     0     66.35      0.00      5.88    12     63.53      0.00      5.77
 1494480867.45     0     66.38      0.00      5.82    12     63.49      0.00      5.76
 1494480867.55     0     66.54      0.00      5.85    12     63.48      0.00      5.86
 1494480867.65     0     66.41      0.00      5.90    12     64.08      0.00      5.96
 1494480867.75     0     66.41      0.00      5.88    12     62.93      0.00      5.80
 1494480867.85     0     66.60      0.00      5.88    12     63.47      0.00      5.89
 1494480867.95     0     66.83      0.00      5.91    12     63.55      0.00      5.86
 1494480868.05     0     66.50      0.00      5.96    12     63.54      0.00      5.99
 1494480868.15     0     66.44      0.00      5.98    12     63.52      0.00      5.91
 1494480868.25     0     66.45      0.00      5.92    12     64.14      0.00      6.02
 1494480868.35     0     66.48      0.00      5.80    12     63.55      0.00      5.87
 1494480868.45     0     46.17      0.00      6.28    12     60.63      0.00      6.77
 1494480868.55     0     69.80      0.00     11.14    12     66.79      0.00     11.25
 1494480868.65     0     67.29      0.00      6.44    12     63.98      0.00      5.80
 1494480868.75     0     67.14      0.00      6.43    12     63.45      0.00      6.02
 1494480868.85     0     67.26      0.00      6.45    12     64.68      0.00      6.11
 1494480868.95     0     67.20      0.00      6.28    12     64.00      0.00      6.04
 1494480869.05     0     67.10      0.00      6.29    12     64.00      0.00      5.87
 1494480869.15     0     67.18      0.00      6.41    12     64.06      0.00      6.03
 1494480869.25     0     67.27      0.00      6.39    12     64.01      0.00      6.13
 1494480869.35     0     67.31      0.00      6.35    12     63.98      0.00      5.91
 1494480869.45     0     67.15      0.00      6.32    12     63.94      0.00      5.88
 1494480869.55     0     67.13      0.00      6.14    12     64.03      0.00      5.96
 1494480869.65     0     67.21      0.00      6.31    12     64.01      0.00      6.09
 1494480869.75     0     67.27      0.00      6.26    12     64.07      0.00      5.84
 1494480869.85     0     67.09      0.00      6.26    12     63.92      0.00      6.02
 1494480869.95     0     67.17      0.00      6.32    12     63.93      0.00      5.85
 1494480870.05     0     67.23      0.00      6.43    12     64.00      0.00      6.20
 1494480870.15     0     67.16      0.00      6.21    12     63.96      0.00      6.04
 1494480870.25     0     67.06      0.00      6.24    12     63.86      0.00      5.87
 1494480870.35     0     67.22      0.00      6.46    12     64.00      0.00      5.87
 1494480870.45     0     67.18      0.00      6.47    12     64.06      0.00      6.07
 1494480870.55     0     67.34      0.00      6.59    12     63.99      0.00      6.15
 1494480870.65     0     67.37      0.00      6.51    12     64.05      0.00      6.24
 1494480870.75     0     67.44      0.00      6.57    12     64.07      0.00      6.16
 1494480870.85     0     67.40      0.00      6.60    12     64.24      0.00      6.17
 1494480870.95     0     67.44      0.00      6.63    12     63.99      0.00      6.23
 1494480871.05     0     67.45      0.00      6.59    12     64.08      0.00      6.21
 1494480871.15     0     67.29      0.00      6.37    12     63.99      0.00      6.18
 1494480871.25     0     67.42      0.00      6.61    12     64.08      0.00      6.21
 1494480871.35     0     67.49      0.00      6.61    12     64.21      0.00      6.53
 1494480871.45     0     67.46      0.00      6.66    12     64.18      0.00      6.47
 1494480871.55     0     67.38      0.00      6.55    12     64.11      0.00      6.22
 1494480871.65     0     67.32      0.00      6.48    12     64.14      0.00      6.28
 1494480871.75     0     67.34      0.00      6.52    12     64.20      0.00      6.29
 1494480871.85     0     67.42      0.00      6.55    12     64.25      0.00      6.29
 1494480871.95     0     67.42      0.00      6.63    12     64.29      0.00      6.27
 1494480872.05     0     67.39      0.00      6.49    12     64.27      0.00      6.42
 1494480872.15     0     67.41      0.00      6.55    12     64.33      0.00      6.46
 1494480872.25     0     67.40      0.00      6.43    12     64.38      0.00      6.34
 1494480872.35     0     67.37      0.00      6.55    12     64.33      0.00      6.44
 1494480872.45     0     67.39      0.00      6.44    12     64.30      0.00      6.39
 1494480872.55     0     67.44      0.00      6.56    12     64.35      0.00      6.35
 1494480872.65     0     67.38      0.00      6.41    12     64.39      0.00      6.32
 1494480872.75     0     52.44      0.00      6.10    12     64.21      0.00      6.33
 1494480872.85     0     30.23      0.00      6.06    12     38.12      0.00      5.63
 1494480872.95     0     36.54      0.00      6.99    12     30.11      0.00      6.04
 1494480873.05     0     32.36      0.00      6.81    12     25.54      0.00      4.26
 1494480873.15     0     32.26      0.00      6.07    12     25.60      0.00      4.11
 1494480873.25     0     32.11      0.00      5.99    12     25.57      0.00      4.21
 1494480873.35     0     31.68      0.00      5.53    12     25.59      0.00      4.16
 1494480873.45     0     31.35      0.00      5.46    12     25.82      0.00      4.13
 1494480873.55     0     31.29      0.00      5.44    12     25.57      0.00      4.06
 1494480873.66     0     31.30      0.00      5.43    12     25.55      0.00      4.13
 1494480873.76     0     31.36      0.00      5.43    12     25.59      0.00      4.14
 1494480873.86     0     31.29      0.00      5.38    12     25.55      0.00      4.15
 1494480873.96     0     31.45      0.00      5.43    12     25.54      0.00      4.13
 1494480874.06     0     31.35      0.00      5.38    12     25.53      0.00      4.10
 1494480874.16     0     31.26      0.00      5.51    12     25.57      0.00      4.20
 1494480874.26     0     31.47      0.00      5.48    12     25.54      0.00      4.10
 1494480874.36     0     32.33      0.00      5.66    12     25.55      0.00      4.12
 1494480874.46     0     32.55      0.00      5.53    12     25.52      0.00      4.47
 1494480874.56     0     33.63      0.00      5.78    12     25.56      0.00      4.40
 1494480874.66     0     35.27      0.00      5.48    12     25.59      0.00      4.60
 1494480874.76     0     35.42      0.00      5.03    12     25.55      0.00      4.22
 1494480874.86     0     34.99      0.00      5.14    12     25.56      0.00      4.25
 1494480874.96     0     32.21      0.00      5.26    12     25.79      0.00      4.59
 1494480875.06     0     31.39      0.00      4.67    12     25.56      0.00      4.14
 1494480875.16     0     31.58      0.00      4.75    12     25.54      0.00      4.61
 1494480875.26     0     41.25      0.00      6.44    12     37.10      0.00      6.22
 1494480875.36     0     55.90      0.00      7.08    12     56.90      0.00      5.88
 1494480875.46     0     55.64      0.00      6.51    12     47.69      0.00      5.86
 1494480875.56     0     57.42      0.00      5.88    12     30.33      0.00      5.70
 1494480875.66     0     54.98      0.00      5.72    12     25.71      0.00      5.29
 1494480875.76     0     32.23      0.00      4.39    12     25.44      0.00      4.13
 1494480875.86     0     32.19      0.00      4.39    12     25.53      0.00      4.15
 1494480875.96     0     32.26      0.00      4.41    12     25.57      0.00      4.13
 1494480876.06     0     61.45      0.00      9.04    12     56.63      0.00      8.61
 1494480876.16     0     75.06      0.00     10.30    12     71.64      0.00      9.46
 1494480876.26     0     43.42      0.00      6.44    12     48.38      0.00      7.09
 1494480876.36     0     33.18      0.00      5.58    12     27.50      0.00      5.21
 1494480876.46     0     33.50      0.00      5.86    12     25.62      0.00      5.59
 1494480876.56     0     40.83      0.00      6.65    12     33.59      0.00      6.26
 1494480876.66     0     33.95      0.00      4.66    12     25.78      0.00      4.22
 1494480876.76     0     66.26      0.00      7.47    12     63.38      0.00      7.69
 1494480876.86     0     67.49      0.00      6.50    12     64.82      0.00      6.80
 1494480876.96     0     67.46      0.00      6.48    12     64.86      0.00      6.75
 1494480877.06     0     59.48      0.00      7.97    12     60.01      0.00      8.31
 1494480877.16     0     69.81      0.00      8.06    12     66.94      0.00      8.20
 1494480877.26     0     69.86      0.00      7.97    12     67.04      0.00      8.18
 1494480877.36     0     70.10      0.00      7.87    12     67.15      0.00      8.07
 1494480877.46     0     34.91      0.00      5.48    12     41.58      0.00      6.43
 1494480877.56     0     35.40      0.00      6.64    12     28.61      0.00      5.88
 1494480877.66     0     32.44      0.00      6.46    12     25.57      0.00      4.32
 1494480877.76     0     31.55      0.00      5.27    12     25.58      0.00      4.11
 1494480877.86     0     31.22      0.00      5.35    12     25.56      0.00      4.00
 1494480877.96     0     31.29      0.00      5.15    12     25.51      0.00      4.10
 1494480878.06     0     31.23      0.00      5.31    12     25.53      0.00      4.18
 1494480878.16     0     31.16      0.00      5.34    12     25.55      0.00      4.12
 1494480878.26     0     31.26      0.00      5.23    12     25.46      0.00      4.21
 1494480878.36     0     31.95      0.00      5.03    12     25.74      0.00      4.25
 1494480878.46     0     33.64      0.00      5.62    12     25.55      0.00      4.72
 1494480878.56     0     35.71      0.00      5.20    12     25.47      0.00      4.48
 1494480878.66     0     35.54      0.00      4.94    12     25.52      0.00      4.28
 1494480878.76     0     34.19      0.00      4.97    12     25.48      0.00      4.51
 1494480878.86     0     32.44      0.00      5.18    12     25.52      0.00      5.20
 1494480878.96     0     31.94      0.00      4.71    12     25.52      0.00      4.69
 1494480879.06     0     31.75      0.00      4.68    12     25.51      0.00      4.14
 1494480879.16     0     47.80      0.00      5.79    12     43.84      0.00      5.21
 1494480879.26     0     56.77      0.00      5.90    12     54.47      0.00      5.33
 1494480879.36     0     56.85      0.00      5.87    12     54.59      0.00      5.35
 1494480879.46     0     56.29      0.00      6.43    12     49.30      0.00      5.70
 1494480879.56     0     75.49      0.00      8.87    12     71.26      0.00      8.47
 1494480879.66     0     72.74      0.00      8.86    12     71.38      0.00      8.37
 1494480879.76     0     41.62      0.00      5.56    12     39.74      0.00      5.97
 1494480879.86     0     35.52      0.00      5.07    12     28.13      0.00      4.87
 1494480879.96     0     51.76      0.00      6.28    12     47.00      0.00      6.09
 1494480880.06     0     75.16      0.00      8.27    12     72.61      0.00      8.44
 1494480880.16     0     31.83      0.00      5.29    12     31.76      0.00      5.19
 1494480880.26     0     31.38      0.00      4.53    12     25.55      0.00      4.13
 1494480880.36     0     31.43      0.00      4.37    12     25.54      0.00      4.13
 1494480880.46     0     36.05      0.00      5.01    12     25.86      0.00      4.83
 1494480880.57     0     35.09      0.00      4.98    12     25.54      0.00      4.36
 1494480880.67     0     32.63      0.00      4.65    12     25.51      0.00      4.67
 1494480880.77     0     39.75      0.00      4.97    12     33.94      0.00      4.47
 1494480880.87     0     59.48      0.00      5.97    12     57.11      0.00      5.61
 1494480880.97     0     38.80      0.00      4.86    12     33.24      0.00      5.03
 1494480881.07     0     44.43      0.00      5.18    12     40.96      0.00      5.20
 1494480881.17     0     37.06      0.00      5.05    12     25.51      0.00      4.70
 1494480881.27     0     34.80      0.00      4.46    12     25.51      0.00      4.30
 1494480881.37     0     44.81      0.00      5.19    12     39.51      0.00      5.08
 1494480881.47     0     39.65      0.00      5.03    12     29.33      0.00      4.70
 1494480881.57     0     68.22      0.00     13.04    12     64.03      0.00     10.35
 1494480881.67     0     64.13      0.00     11.74    12     61.92      0.00      9.35
 1494480881.77     0     64.58      0.00     11.94    12     59.32      0.00     10.50
 1494480881.87     0     70.52      0.00     11.91    12     62.45      0.00      9.32
 1494480881.97     0     73.54      0.00     12.82    12     71.20      0.00     10.81
 1494480882.07     0     62.76      0.00     10.06    12     59.89      0.00     10.48
 1494480882.17     0     58.69      0.00      8.47    12     53.82      0.00      8.41
 1494480882.27     0     72.24      0.00     12.53    12     63.73      0.00     10.10
 1494480882.37     0     79.62      0.00     13.17    12     73.56      0.00     10.25
 1494480882.47     0     69.46      0.00     11.68    12     65.69      0.00      9.37
 1494480882.57     0     71.20      0.00     12.32    12     66.87      0.00     10.89
 1494480882.67     0     70.16      0.00     11.40    12     62.25      0.00      9.68
 1494480882.77     0     79.51      0.00     12.92    12     74.41      0.00     10.64
 1494480882.87     0     68.65      0.00     10.87    12     66.30      0.00     10.52
 1494480882.97     0     63.44      0.00      8.92    12     58.75      0.00      8.80
 1494480883.07     0     71.08      0.00     12.12    12     62.25      0.00     10.58
 1494480883.17     0     77.35      0.00     12.75    12     72.93      0.00     10.78
 1494480883.27     0     70.05      0.00     11.84    12     66.14      0.00      9.80
 1494480883.37     0     71.55      0.00     11.87    12     64.81      0.00     10.89
 1494480883.47     0     65.24      0.00     10.64    12     58.69      0.00     10.21
 1494480883.57     0     82.53      0.00     13.65    12     78.88      0.00     13.65
 1494480883.67     0     63.62      0.00      9.87    12     60.52      0.00     10.17
 1494480883.77     0     66.65      0.00     10.01    12     62.91      0.00      9.78
 1494480883.87     0     76.57      0.00     13.14    12     71.57      0.00     13.39
 1494480883.97     0     58.60      0.00      9.68    12     57.37      0.00     10.68
 1494480884.07     0     55.13      0.00      9.58    12     53.37      0.00     10.41
 1494480884.18     0     65.13      0.00     11.62    12     63.20      0.00     12.25
 1494480884.28     0     73.64      0.00     12.46    12     69.36      0.00     12.63
 1494480884.38     0     64.99      0.00     11.32    12     66.00      0.00     11.79
 1494480884.48     0     56.66      0.00      8.64    12     52.03      0.00      8.30
 1494480884.58     0     66.72      0.00      9.70    12     63.05      0.00     10.06
 1494480884.68     0     75.64      0.00     12.69    12     72.17      0.00     13.45
 1494480884.78     0     56.85      0.00      9.59    12     55.22      0.00     10.12
 1494480884.88     0     63.46      0.00     11.31    12     60.20      0.00     11.46
 1494480884.98     0     65.37      0.00     10.87    12     65.09      0.00     11.74
 1494480885.08     0     75.47      0.00     13.01    12     71.51      0.00     13.52
 1494480885.18     0     67.63      0.00     11.34    12     66.10      0.00     12.08
 1494480885.28     0     54.37      0.00      7.98    12     49.20      0.00      7.48
 1494480885.38     0     61.46      0.00      9.01    12     57.54      0.00      9.21
 1494480885.48     0     84.19      0.00     14.79    12     81.20      0.00     15.11
 1494480885.58     0     58.67      0.00      9.46    12     51.05      0.00      9.18
 1494480885.68     0     62.81      0.00     10.78    12     59.93      0.00     11.78
 1494480885.78     0     58.35      0.00      9.41    12     57.39      0.00     10.26
 1494480885.88     0     82.33      0.00     14.50    12     79.53      0.00     15.14
 1494480885.98     0     59.80      0.00      9.44    12     54.26      0.00      9.64
 1494480886.08     0     63.49      0.00      9.35    12     59.62      0.00      8.95
 1494480886.18     0     71.25      0.00     12.13    12     66.31      0.00     12.49
 1494480886.28     0     71.01      0.00     11.99    12     69.52      0.00     12.86
 1494480886.38     0     55.02      0.00      9.14    12     53.18      0.00      9.36
 1494480886.48     0     70.48      0.00     12.50    12     68.33      0.00     13.46
 1494480886.58     0     59.30      0.00      9.44    12     55.32      0.00      9.63
 1494480886.68     0     81.70      0.00     13.85    12     79.49      0.00     14.41
 1494480886.78     0     57.23      0.00      9.07    12     53.39      0.00      9.38
 1494480886.88     0     61.47      0.00      8.62    12     56.74      0.00      8.38
 1494480886.98     0     73.27      0.00     12.52    12     68.52      0.00     12.87
 1494480887.08     0     70.18      0.00     12.10    12     70.56      0.00     13.17
 1494480887.18     0     52.96      0.00      8.76    12     51.99      0.00      9.55
 1494480887.28     0     69.88      0.00     12.74    12     66.63      0.00     13.39
 1494480887.38     0     60.84      0.00      9.84    12     59.64      0.00     10.45
 1494480887.48     0     84.77      0.00     14.64    12     79.38      0.00     14.73
 1494480887.58     0     54.87      0.00      8.52    12     57.75      0.00      9.72
 1494480887.68     0     59.39      0.00      8.01    12     54.60      0.00      7.79
 1494480887.78     0     71.18      0.00     12.12    12     64.94      0.00     11.96
 1494480887.88     0     76.48      0.00     13.13    12     75.48      0.00     13.80
 1494480887.98     0     58.28      0.00      9.54    12     55.72      0.00      9.94
 1494480888.08     0     70.27      0.00     12.12    12     67.09      0.00     13.30
 1494480888.18     0     60.34      0.00      9.81    12     59.72      0.00     10.35
 1494480888.28     0     79.86      0.00     14.44    12     76.40      0.00     14.71
 1494480888.38     0     60.50      0.00     10.02    12     61.33      0.00     10.98
 1494480888.48     0     58.21      0.00      8.02    12     54.40      0.00      8.21
 1494480888.59     0     65.71      0.00     10.67    12     60.46      0.00     10.65
 1494480888.69     0     81.53      0.00     13.64    12     77.02      0.00     13.79
 1494480888.79     0     54.73      0.00      8.82    12     46.38      0.00      8.70
 1494480888.89     0     63.00      0.00     10.85    12     59.98      0.00     12.08
 1494480888.99     0     69.85      0.00     11.67    12     69.27      0.00     12.45
 1494480889.09     0     68.59      0.00     11.90    12     67.19      0.00     12.23
 1494480889.19     0     68.64      0.00     11.95    12     65.59      0.00     12.30
 1494480889.29     0     66.88      0.00     10.16    12     61.67      0.00      9.95
 1494480889.39     0     61.64      0.00      9.54    12     58.05      0.00      9.68
 1494480889.49     0     84.42      0.00     14.66    12     78.32      0.00     14.41
 1494480889.59     0     55.71      0.00      8.70    12     54.15      0.00      9.65
 1494480889.69     0     60.56      0.00     11.18    12     61.54      0.00     11.80
 1494480889.79     0     74.91      0.00     13.34    12     71.26      0.00     13.02
 1494480889.89     0     71.62      0.00     11.50    12     64.35      0.00     11.52
 1494480889.99     0     73.70      0.00     12.58    12     69.49      0.00     12.84
 1494480890.09     0     66.29      0.00     11.65    12     65.47      0.00     12.47
 1494480890.19     0     57.70      0.00      8.65    12     52.16      0.00      8.45
 1494480890.29     0     60.56      0.00      8.81    12     55.48      0.00      9.12
 1494480890.39     0     82.51      0.00     14.52    12     77.90      0.00     14.98
 1494480890.49     0     61.82      0.00     10.81    12     64.83      0.00     12.17
 1494480890.59     0     67.34      0.00     11.19    12     68.30      0.00     12.20
 1494480890.69     0     71.88      0.00     12.50    12     68.76      0.00     12.21
 1494480890.79     0     68.61      0.00     12.31    12     61.78      0.00     11.51
 1494480890.89     0     59.65      0.00      8.59    12     54.84      0.00      8.51
 1494480890.99     0     62.39      0.00      9.36    12     58.76      0.00      9.25
 1494480891.09     0     79.56      0.00     14.14    12     74.64      0.00     14.35
 1494480891.19     0     65.71      0.00     11.31    12     64.61      0.00     11.87
 1494480891.29     0     61.84      0.00     11.14    12     59.49      0.00     11.41
 1494480891.39     0     59.40      0.00      9.92    12     61.52      0.00     11.24
 1494480891.49     0     71.69      0.00     12.19    12     71.70      0.00     13.25
 1494480891.59     0     61.48      0.00      9.69    12     58.35      0.00      9.96
 1494480891.69     0     62.03      0.00      9.13    12     57.34      0.00      8.40
 1494480891.79     0     76.34      0.00     12.84    12     70.04      0.00     13.10
 1494480891.89     0     63.81      0.00     10.41    12     55.85      0.00      9.89
 1494480891.99     0     55.71      0.00      9.65    12     50.17      0.00      9.72
 1494480892.09     0     64.82      0.00     11.20    12     62.41      0.00     11.97
 1494480892.19     0     74.42      0.00     12.73    12     69.89      0.00     13.29
 1494480892.29     0     65.97      0.00     11.71    12     65.75      0.00     12.11
 1494480892.39     0     57.27      0.00      8.17    12     52.88      0.00      8.24
 1494480892.49     0     62.91      0.00      9.72    12     58.92      0.00      9.66
 1494480892.59     0     83.86      0.00     14.26    12     77.24      0.00     14.57
 1494480892.69     0     56.91      0.00      9.18    12     55.49      0.00     10.17
 1494480892.79     0     60.18      0.00     11.18    12     60.51      0.00     12.01
 1494480892.89     0     62.71      0.00     10.55    12     60.54      0.00     10.57
 1494480892.99     0     82.31      0.00     14.21    12     77.41      0.00     13.70
 1494480893.09     0     51.72      0.00      7.74    12     45.24      0.00      7.86
 1494480893.19     0     60.92      0.00      8.71    12     56.33      0.00      8.58
 1494480893.29     0     70.77      0.00     11.91    12     64.36      0.00     11.74
 1494480893.39     0     76.53      0.00     13.20    12     74.76      0.00     13.65
 1494480893.49     0     51.19      0.00      8.24    12     50.50      0.00      9.18
 1494480893.59     0     64.31      0.00     11.51    12     60.32      0.00     12.02
 1494480893.70     0     57.31      0.00      9.64    12     57.61      0.00     10.59
 1494480893.80     0     80.85      0.00     14.27    12     76.94      0.00     14.32
 1494480893.90     0     60.40      0.00      9.66    12     56.61      0.00     10.15
 1494480894.00     0     64.91      0.00      9.78    12     60.91      0.00      8.89
 1494480894.10     0     75.26      0.00     12.94    12     70.19      0.00     12.76
 1494480894.20     0     60.02      0.00     10.25    12     56.10      0.00     10.38
 1494480894.30     0     59.08      0.00     10.27    12     57.85      0.00     11.17
 1494480894.40     0     66.56      0.00     11.95    12     65.33      0.00     12.72
 1494480894.50     0     69.19      0.00     10.99    12     63.27      0.00     11.78
 1494480894.60     0     66.26      0.00     11.08    12     67.55      0.00     12.85
 1494480894.70     0     64.72      0.00     10.09    12     59.96      0.00     10.13
 1494480894.80     0     61.79      0.00      9.51    12     56.94      0.00      9.35
 1494480894.90     0     83.28      0.00     14.34    12     78.82      0.00     14.65
 1494480895.00     0     59.29      0.00      9.65    12     56.60      0.00      9.61
 1494480895.10     0     60.43      0.00     10.08    12     55.55      0.00     10.76
 1494480895.20     0     66.02      0.00     10.99    12     64.34      0.00     11.35
 1494480895.30     0     75.02      0.00     13.01    12     69.97      0.00     12.96
 1494480895.40     0     65.41      0.00     11.06    12     64.87      0.00     11.92
 1494480895.50     0     58.42      0.00      8.12    12     53.95      0.00      8.29
 1494480895.60     0     60.56      0.00      9.44    12     56.70      0.00      8.95
 1494480895.70     0     82.35      0.00     14.33    12     77.73      0.00     14.68
 1494480895.80     0     58.72      0.00      9.50    12     54.51      0.00      9.46
 1494480895.90     0     59.98      0.00     10.48    12     58.83      0.00     10.90
 1494480896.00     0     69.34      0.00     11.73    12     68.26      0.00     12.53
 1494480896.10     0     67.37      0.00     11.21    12     63.26      0.00     11.24
 1494480896.20     0     71.00      0.00     11.97    12     65.83      0.00     12.19
 1494480896.30     0     56.17      0.00      8.42    12     51.69      0.00      8.70
 1494480896.40     0     64.98      0.00      9.60    12     60.97      0.00      9.63
 1494480896.50     0     74.90      0.00     11.62    12     70.60      0.00     13.14
 1494480896.60     0     56.40      0.00      8.83    12     54.47      0.00      9.75
 1494480896.70     0     63.85      0.00     11.41    12     60.76      0.00     11.79
 1494480896.80     0     73.89      0.00     13.00    12     70.78      0.00     13.24
 1494480896.90     0     71.57      0.00     11.04    12     69.54      0.00     12.23
 1494480897.00     0     74.26      0.00     12.45    12     68.58      0.00     12.73
 1494480897.10     0     61.97      0.00     10.78    12     61.72      0.00     11.45
 1494480897.20     0     55.96      0.00      8.22    12     51.71      0.00      8.06
 1494480897.30     0     67.89      0.00     10.13    12     62.41      0.00      9.70
 1494480897.40     0     77.74      0.00     13.33    12     72.42      0.00     13.63
 1494480897.50     0     53.19      0.00      8.28    12     48.98      0.00      8.57
 1494480897.61     0     57.60      0.00     10.49    12     55.94      0.00     11.23
 1494480897.71     0     34.27      0.00      5.81    12     30.68      0.00      6.00
 1494480897.81     0     14.64      0.00      1.84    12     13.84      0.00      2.40
 1494480897.91     0     21.55      0.00      3.58    12     19.18      0.00      4.17
