         #Time  Core     P_PKG     P_PP0    P_DRAM  Core     P_PKG     P_PP0    P_DRAM
 1493393029.34     0     20.05      0.00      4.86    12     21.45      0.00      5.19
 1493393029.45     0     46.78      0.00     14.85    12     48.52      0.00     15.55
 1493393029.55     0     57.59      0.00     13.93    12     60.85      0.00     14.67
 1493393029.65     0     61.21      0.00     12.00    12     62.31      0.00     12.37
 1493393029.75     0     61.10      0.00     10.60    12     61.36      0.00     10.81
 1493393029.85     0     67.16      0.00     12.24    12     67.11      0.00     12.69
 1493393029.95     0     69.81      0.00     13.96    12     69.48      0.00     14.91
 1493393030.05     0     69.44      0.00     12.90    12     67.64      0.00     13.61
 1493393030.15     0     69.52      0.00     13.49    12     68.94      0.00     14.22
 1493393030.25     0     68.98      0.00     12.73    12     68.09      0.00     13.45
 1493393030.35     0     71.45      0.00     14.33    12     72.33      0.00     14.73
 1493393030.45     0     70.38      0.00     12.12    12     69.04      0.00     12.52
 1493393030.55     0     71.71      0.00     13.55    12     70.15      0.00     14.28
 1493393030.65     0     67.80      0.00     13.03    12     67.61      0.00     14.00
 1493393030.75     0     69.03      0.00     12.01    12     68.15      0.00     12.22
 1493393030.85     0     69.92      0.00     14.46    12     70.91      0.00     14.53
 1493393030.95     0     71.07      0.00     13.23    12     69.12      0.00     13.72
 1493393031.05     0     70.26      0.00     14.10    12     70.48      0.00     14.78
 1493393031.15     0     70.68      0.00     12.03    12     69.77      0.00     12.28
 1493393031.25     0     71.94      0.00     13.93    12     70.72      0.00     14.80
 1493393031.36     0     69.41      0.00     13.40    12     69.52      0.00     13.63
 1493393031.46     0     68.12      0.00     12.38    12     68.17      0.00     13.03
 1493393031.56     0     69.91      0.00     14.46    12     68.77      0.00     15.11
 1493393031.66     0     70.72      0.00     12.54    12     68.52      0.00     13.51
 1493393031.76     0     71.36      0.00     14.33    12     72.31      0.00     14.33
 1493393031.86     0     72.20      0.00     12.34    12     72.46      0.00     12.89
 1493393031.96     0     69.23      0.00     14.16    12     68.72      0.00     14.92
 1493393032.06     0     68.78      0.00     12.90    12     68.05      0.00     14.03
 1493393032.16     0     70.77      0.00     12.85    12     68.74      0.00     13.74
 1493393032.26     0     70.59      0.00     13.76    12     69.74      0.00     14.14
 1493393032.36     0     67.09      0.00     12.67    12     68.25      0.00     12.73
 1493393032.46     0     72.64      0.00     13.21    12     73.01      0.00     13.75
 1493393032.56     0     71.33      0.00     12.72    12     68.86      0.00     13.54
 1493393032.66     0     69.62      0.00     13.86    12     70.03      0.00     15.07
 1493393032.76     0     68.71      0.00     12.05    12     67.83      0.00     12.13
 1493393032.86     0     70.20      0.00     14.24    12     71.76      0.00     14.65
 1493393032.96     0     70.73      0.00     12.11    12     70.06      0.00     13.32
 1493393033.07     0     71.11      0.00     13.94    12     71.26      0.00     14.67
 1493393033.17     0     74.27      0.00     12.92    12     72.12      0.00     13.49
 1493393033.27     0     70.75      0.00     14.21    12     70.04      0.00     14.99
 1493393033.37     0     69.09      0.00     12.82    12     69.18      0.00     13.32
 1493393033.47     0     68.72      0.00     12.37    12     67.95      0.00     13.08
 1493393033.57     0     69.65      0.00     14.00    12     67.93      0.00     14.55
 1493393033.67     0     70.44      0.00     11.87    12     69.56      0.00     13.75
 1493393033.77     0     71.66      0.00     14.25    12     71.73      0.00     14.51
 1493393033.87     0     68.82      0.00     11.24    12     68.77      0.00     12.01
 1493393033.97     0     69.25      0.00     13.92    12     71.84      0.00     14.63
 1493393034.07     0     69.35      0.00     13.24    12     68.33      0.00     14.11
 1493393034.17     0     70.09      0.00     13.17    12     68.13      0.00     13.93
 1493393034.27     0     71.13      0.00     13.72    12     70.54      0.00     14.83
 1493393034.37     0     69.42      0.00     12.90    12     69.00      0.00     13.35
 1493393034.47     0     70.57      0.00     12.95    12     70.30      0.00     13.31
 1493393034.57     0     72.19      0.00     12.79    12     71.46      0.00     13.40
 1493393034.67     0     68.21      0.00     13.78    12     68.09      0.00     14.73
 1493393034.77     0     70.33      0.00     12.79    12     67.73      0.00     13.19
 1493393034.87     0     70.21      0.00     12.82    12     69.68      0.00     13.69
 1493393034.97     0     69.07      0.00     12.73    12     68.90      0.00     13.53
 1493393035.07     0     72.70      0.00     13.93    12     74.37      0.00     14.62
 1493393035.17     0     73.59      0.00     13.08    12     71.71      0.00     13.88
 1493393035.27     0     73.15      0.00     13.39    12     71.88      0.00     14.38
 1493393035.37     0     66.92      0.00     12.92    12     67.11      0.00     13.59
 1493393035.47     0     69.23      0.00     12.34    12     69.03      0.00     12.64
 1493393035.57     0     69.54      0.00     14.10    12     69.79      0.00     15.31
 1493393035.67     0     69.24      0.00     11.91    12     67.91      0.00     12.36
 1493393035.77     0     71.38      0.00     13.99    12     69.19      0.00     14.46
 1493393035.87     0     72.55      0.00     12.68    12     71.37      0.00     12.62
 1493393035.97     0     69.56      0.00     13.82    12     72.09      0.00     14.30
 1493393036.08     0     67.28      0.00     12.15    12     64.68      0.00     12.56
 1493393036.18     0     71.82      0.00     12.78    12     69.19      0.00     13.85
 1493393036.28     0     71.47      0.00     14.26    12     70.67      0.00     15.35
 1493393036.38     0     68.43      0.00     11.97    12     68.54      0.00     12.63
 1493393036.48     0     69.95      0.00     14.18    12     70.35      0.00     14.19
 1493393036.58     0     67.56      0.00     12.51    12     68.12      0.00     13.25
 1493393036.68     0     70.11      0.00     12.70    12     69.11      0.00     13.24
 1493393036.78     0     68.68      0.00     12.89    12     67.55      0.00     14.11
 1493393036.88     0     67.55      0.00     11.71    12     66.42      0.00     12.19
 1493393036.98     0     70.19      0.00     13.20    12     72.00      0.00     14.87
 1493393037.08     0     69.24      0.00     12.02    12     69.19      0.00     12.75
 1493393037.18     0     71.14      0.00     13.48    12     71.33      0.00     14.99
 1493393037.28     0     71.98      0.00     12.04    12     70.37      0.00     12.73
 1493393037.38     0     71.19      0.00     13.39    12     71.56      0.00     14.33
 1493393037.48     0     68.73      0.00     13.33    12     67.46      0.00     14.07
 1493393037.58     0     67.56      0.00     11.60    12     66.82      0.00     12.15
 1493393037.68     0     70.49      0.00     14.09    12     70.62      0.00     14.72
 1493393037.78     0     67.98      0.00     11.73    12     67.48      0.00     12.72
 1493393037.88     0     72.07      0.00     13.82    12     71.18      0.00     14.55
 1493393037.98     0     72.24      0.00     12.50    12     72.32      0.00     12.88
 1493393038.09     0     72.41      0.00     13.66    12     73.51      0.00     14.41
 1493393038.19     0     70.60      0.00     13.26    12     70.90      0.00     14.05
 1493393038.29     0     71.36      0.00     13.13    12     69.52      0.00     14.04
 1493393038.39     0     71.63      0.00     13.97    12     70.64      0.00     15.12
 1493393038.49     0     69.38      0.00     12.51    12     68.32      0.00     13.08
 1493393038.59     0     70.69      0.00     14.14    12     70.96      0.00     14.69
 1493393038.69     0     70.69      0.00     12.17    12     70.58      0.00     13.01
 1493393038.79     0     70.23      0.00     13.87    12     69.30      0.00     14.83
 1493393038.89     0     69.01      0.00     11.99    12     66.46      0.00     12.94
 1493393038.99     0     69.63      0.00     12.40    12     70.37      0.00     13.44
 1493393039.09     0     70.76      0.00     13.91    12     70.13      0.00     14.71
 1493393039.19     0     68.95      0.00     11.72    12     68.42      0.00     12.74
 1493393039.29     0     71.89      0.00     13.55    12     71.67      0.00     15.12
 1493393039.39     0     73.66      0.00     12.76    12     71.21      0.00     13.47
 1493393039.49     0     69.50      0.00     14.39    12     68.70      0.00     15.00
 1493393039.60     0     67.81      0.00     12.63    12     68.60      0.00     12.99
 1493393039.70     0     67.78      0.00     12.64    12     67.88      0.00     13.42
 1493393039.80     0     71.65      0.00     14.35    12     69.71      0.00     14.93
 1493393039.90     0     68.68      0.00     12.16    12     68.41      0.00     13.30
 1493393040.00     0     71.68      0.00     12.94    12     70.03      0.00     12.89
 1493393040.10     0     69.59      0.00     12.36    12     70.40      0.00     13.42
 1493393040.20     0     69.64      0.00     13.37    12     70.43      0.00     14.44
 1493393040.30     0     70.55      0.00     12.74    12     69.07      0.00     14.00
 1493393040.40     0     70.45      0.00     13.44    12     69.12      0.00     14.41
 1493393040.50     0     68.88      0.00     12.11    12     68.75      0.00     13.18
 1493393040.60     0     68.93      0.00     13.01    12     71.13      0.00     13.35
 1493393040.70     0     70.35      0.00     12.57    12     70.60      0.00     13.24
 1493393040.80     0     70.68      0.00     12.45    12     69.64      0.00     13.88
 1493393040.90     0     72.51      0.00     14.10    12     70.67      0.00     14.43
 1493393041.00     0     67.42      0.00     11.90    12     65.33      0.00     11.97
 1493393041.10     0     71.73      0.00     13.97    12     73.84      0.00     14.56
 1493393041.20     0     70.73      0.00     13.02    12     69.54      0.00     13.40
 1493393041.30     0     71.62      0.00     13.10    12     72.48      0.00     15.12
 1493393041.40     0     72.75      0.00     12.38    12     71.63      0.00     13.68
 1493393041.50     0     73.04      0.00     13.29    12     72.77      0.00     14.64
 1493393041.60     0     67.15      0.00     12.73    12     67.15      0.00     13.30
 1493393041.70     0     70.01      0.00     12.44    12     69.20      0.00     12.98
 1493393041.80     0     70.12      0.00     13.80    12     69.53      0.00     15.02
 1493393041.90     0     69.35      0.00     12.31    12     71.09      0.00     13.61
 1493393042.00     0     72.51      0.00     14.05    12     68.89      0.00     14.78
 1493393042.10     0     69.87      0.00     11.20    12     69.92      0.00     12.40
 1493393042.20     0     72.60      0.00     13.99    12     73.18      0.00     14.73
 1493393042.31     0     67.19      0.00     11.64    12     67.62      0.00     13.17
 1493393042.41     0     71.29      0.00     13.04    12     67.11      0.00     13.92
 1493393042.51     0     71.34      0.00     14.18    12     71.28      0.00     14.66
 1493393042.61     0     68.37      0.00     11.75    12     68.13      0.00     12.15
 1493393042.71     0     70.90      0.00     14.48    12     70.52      0.00     14.46
 1493393042.81     0     70.08      0.00     11.34    12     68.75      0.00     12.30
 1493393042.91     0     71.57      0.00     13.13    12     67.77      0.00     14.30
 1493393043.01     0     69.94      0.00     12.82    12     68.92      0.00     13.39
 1493393043.11     0     68.90      0.00     12.28    12     69.53      0.00     13.19
 1493393043.21     0     73.17      0.00     13.59    12     73.93      0.00     14.17
 1493393043.31     0     69.46      0.00     12.59    12     69.95      0.00     12.82
 1493393043.41     0     70.81      0.00     13.63    12     72.29      0.00     15.29
 1493393043.51     0     66.68      0.00     11.93    12     67.01      0.00     12.60
 1493393043.61     0     70.88      0.00     13.22    12     71.62      0.00     14.24
 1493393043.71     0     68.85      0.00     13.12    12     68.67      0.00     13.31
 1493393043.81     0     68.33      0.00     12.64    12     69.82      0.00     13.59
 1493393043.92     0     72.06      0.00     13.73    12     71.01      0.00     14.58
 1493393044.02     0     70.86      0.00     12.99    12     69.04      0.00     13.60
 1493393044.12     0     72.21      0.00     13.97    12     69.74      0.00     14.19
 1493393044.22     0     68.78      0.00     11.85    12     69.57      0.00     12.69
 1493393044.32     0     73.35      0.00     14.20    12     72.68      0.00     14.65
 1493393044.42     0     70.83      0.00     12.60    12     71.08      0.00     14.37
 1493393044.52     0     70.91      0.00     12.29    12     68.82      0.00     13.73
 1493393044.62     0     71.78      0.00     14.21    12     71.04      0.00     15.12
 1493393044.72     0     68.79      0.00     11.93    12     69.11      0.00     12.53
 1493393044.82     0     71.39      0.00     13.57    12     73.14      0.00     14.66
 1493393044.92     0     69.71      0.00     11.39    12     69.80      0.00     12.31
 1493393045.02     0     71.85      0.00     13.63    12     69.27      0.00     14.49
 1493393045.12     0     69.03      0.00     12.76    12     69.88      0.00     13.25
 1493393045.22     0     70.19      0.00     12.93    12     69.77      0.00     12.49
 1493393045.33     0     70.90      0.00     14.15    12     71.20      0.00     14.53
 1493393045.43     0     69.80      0.00     12.75    12     70.82      0.00     13.72
 1493393045.53     0     73.78      0.00     14.10    12     72.48      0.00     14.46
 1493393045.63     0     70.28      0.00     12.20    12     70.23      0.00     12.87
 1493393045.73     0     70.68      0.00     14.11    12     70.97      0.00     14.46
 1493393045.83     0     69.20      0.00     12.00    12     70.26      0.00     13.44
 1493393045.93     0     70.42      0.00     12.42    12     68.62      0.00     13.02
 1493393046.03     0     73.30      0.00     14.13    12     70.34      0.00     14.34
 1493393046.13     0     70.61      0.00     12.83    12     70.49      0.00     13.36
 1493393046.23     0     70.63      0.00     12.92    12     70.90      0.00     12.87
 1493393046.33     0     71.12      0.00     13.12    12     70.20      0.00     13.73
 1493393046.43     0     71.56      0.00     14.03    12     70.86      0.00     14.49
 1493393046.53     0     68.48      0.00     12.15    12     67.81      0.00     13.50
 1493393046.63     0     72.35      0.00     13.92    12     71.23      0.00     14.70
 1493393046.73     0     68.34      0.00     12.38    12     67.70      0.00     12.51
 1493393046.83     0     71.50      0.00     13.76    12     73.51      0.00     14.54
 1493393046.93     0     72.76      0.00     12.71    12     71.84      0.00     12.63
 1493393047.03     0     73.33      0.00     13.57    12     70.99      0.00     14.51
 1493393047.13     0     70.46      0.00     13.95    12     69.54      0.00     13.95
 1493393047.23     0     67.50      0.00     11.73    12     67.75      0.00     11.91
 1493393047.34     0     71.18      0.00     14.15    12     73.91      0.00     14.79
 1493393047.44     0     71.93      0.00     13.21    12     70.44      0.00     13.51
 1493393047.54     0     72.59      0.00     14.00    12     70.17      0.00     15.04
 1493393047.64     0     72.07      0.00     12.33    12     70.74      0.00     12.87
 1493393047.74     0     69.82      0.00     13.43    12     71.96      0.00     14.12
 1493393047.84     0     70.42      0.00     13.28    12     69.38      0.00     13.38
 1493393047.94     0     70.34      0.00     12.31    12     70.99      0.00     13.13
 1493393048.04     0     71.37      0.00     13.68    12     69.93      0.00     14.47
 1493393048.14     0     69.77      0.00     13.37    12     69.08      0.00     12.74
 1493393048.24     0     72.98      0.00     14.08    12     71.26      0.00     14.03
 1493393048.34     0     69.88      0.00     11.37    12     68.82      0.00     12.08
 1493393048.44     0     73.65      0.00     14.18    12     72.35      0.00     14.47
 1493393048.54     0     69.72      0.00     12.91    12     70.13      0.00     13.89
 1493393048.64     0     70.71      0.00     12.51    12     68.82      0.00     13.08
 1493393048.74     0     70.97      0.00     13.39    12     70.37      0.00     15.22
 1493393048.84     0     71.13      0.00     12.60    12     71.25      0.00     13.04
 1493393048.94     0     71.20      0.00     13.66    12     72.11      0.00     14.67
 1493393049.04     0     70.09      0.00     11.41    12     69.94      0.00     12.49
 1493393049.15     0     72.45      0.00     14.16    12     70.83      0.00     14.04
 1493393049.25     0     69.04      0.00     12.76    12     68.47      0.00     13.06
 1493393049.35     0     70.02      0.00     12.77    12     69.94      0.00     13.12
 1493393049.45     0     71.94      0.00     13.79    12     71.58      0.00     14.36
 1493393049.55     0     71.58      0.00     12.65    12     70.00      0.00     13.83
 1493393049.65     0     72.33      0.00     13.94    12     72.71      0.00     14.75
 1493393049.75     0     71.57      0.00     12.24    12     69.67      0.00     12.62
 1493393049.85     0     70.35      0.00     13.62    12     71.06      0.00     14.50
 1493393049.95     0     71.20      0.00     12.69    12     71.33      0.00     13.60
 1493393050.05     0     70.16      0.00     12.92    12     69.53      0.00     13.41
 1493393050.15     0     71.52      0.00     14.33    12     71.46      0.00     14.72
 1493393050.25     0     70.09      0.00     13.46    12     69.96      0.00     13.14
 1493393050.35     0     75.88      0.00     14.36    12     73.33      0.00     14.53
 1493393050.45     0     64.55      0.00     10.60    12     63.16      0.00     11.59
 1493393050.55     0     71.61      0.00     13.36    12     71.61      0.00     14.20
 1493393050.65     0     69.49      0.00     13.05    12     67.84      0.00     13.95
 1493393050.75     0     69.26      0.00     12.78    12     67.91      0.00     13.62
 1493393050.85     0     70.54      0.00     14.00    12     70.94      0.00     14.80
 1493393050.95     0     71.88      0.00     12.46    12     70.88      0.00     12.84
 1493393051.06     0     70.70      0.00     13.69    12     70.54      0.00     14.39
 1493393051.16     0     72.22      0.00     12.74    12     71.51      0.00     13.24
 1493393051.26     0     70.48      0.00     14.24    12     69.17      0.00     14.13
 1493393051.36     0     68.97      0.00     12.07    12     68.90      0.00     12.66
 1493393051.46     0     71.07      0.00     13.59    12     71.77      0.00     13.67
 1493393051.56     0     73.13      0.00     14.13    12     70.02      0.00     14.84
 1493393051.66     0     71.18      0.00     13.21    12     70.19      0.00     13.68
 1493393051.76     0     71.84      0.00     14.53    12     71.25      0.00     14.11
 1493393051.86     0     72.43      0.00     12.34    12     72.54      0.00     12.96
 1493393051.96     0     69.01      0.00     13.77    12     69.16      0.00     13.97
 1493393052.06     0     69.35      0.00     12.96    12     69.76      0.00     13.48
 1493393052.16     0     70.59      0.00     13.49    12     68.52      0.00     12.80
 1493393052.26     0     71.90      0.00     14.44    12     70.99      0.00     14.40
 1493393052.36     0     67.80      0.00     12.06    12     68.91      0.00     13.00
 1493393052.47     0     71.57      0.00     13.89    12     71.72      0.00     13.52
 1493393052.57     0     59.70      0.00      9.06    12     59.13      0.00      9.46
 1493393052.67     0     72.87      0.00     14.16    12     71.12      0.00     14.66
 1493393052.77     0     68.34      0.00     12.62    12     67.86      0.00     13.74
 1493393052.87     0     69.52      0.00     13.32    12     69.42      0.00     13.02
 1493393052.97     0     70.84      0.00     14.02    12     72.80      0.00     14.44
 1493393053.07     0     69.75      0.00     12.16    12     68.87      0.00     12.58
 1493393053.17     0     71.63      0.00     13.95    12     72.04      0.00     14.71
 1493393053.27     0     69.02      0.00     11.30    12     67.47      0.00     11.78
 1493393053.37     0     70.70      0.00     13.37    12     69.66      0.00     13.72
 1493393053.47     0     69.74      0.00     12.79    12     69.31      0.00     13.29
 1493393053.57     0     72.38      0.00     13.47    12     70.06      0.00     13.64
 1493393053.67     0     72.10      0.00     14.11    12     71.53      0.00     14.61
 1493393053.77     0     70.45      0.00     12.88    12     69.14      0.00     13.01
 1493393053.87     0     73.06      0.00     14.15    12     72.01      0.00     14.60
 1493393053.97     0     71.22      0.00     11.92    12     71.25      0.00     12.97
 1493393054.08     0     70.27      0.00     13.34    12     70.97      0.00     13.66
 1493393054.18     0     71.25      0.00     13.01    12     70.42      0.00     13.83
 1493393054.28     0     67.94      0.00     13.00    12     69.40      0.00     12.87
 1493393054.38     0     70.57      0.00     14.15    12     68.65      0.00     14.02
 1493393054.48     0     69.51      0.00     12.14    12     69.87      0.00     12.74
 1493393054.58     0     70.80      0.00     13.58    12     72.30      0.00     14.86
 1493393054.68     0     74.81      0.00     13.03    12     74.21      0.00     13.69
 1493393054.78     0     71.02      0.00     14.04    12     69.22      0.00     13.98
 1493393054.88     0     69.50      0.00     12.77    12     69.86      0.00     13.74
 1493393054.98     0     70.80      0.00     12.68    12     70.35      0.00     13.76
 1493393055.08     0     69.91      0.00     13.77    12     71.90      0.00     14.20
 1493393055.18     0     69.28      0.00     12.66    12     70.40      0.00     12.93
 1493393055.28     0     72.95      0.00     14.12    12     70.98      0.00     14.25
 1493393055.38     0     71.43      0.00     12.01    12     70.66      0.00     12.07
 1493393055.48     0     68.97      0.00     13.02    12     67.60      0.00     13.64
 1493393055.58     0     71.10      0.00     13.27    12     72.51      0.00     13.75
 1493393055.68     0     70.69      0.00     13.07    12     71.91      0.00     13.97
 1493393055.79     0     71.78      0.00     13.96    12     69.35      0.00     14.86
 1493393055.89     0     70.54      0.00     13.59    12     70.41      0.00     13.49
 1493393055.99     0     70.75      0.00     13.02    12     72.66      0.00     14.04
 1493393056.09     0     73.34      0.00     13.12    12     72.05      0.00     13.67
 1493393056.19     0     68.07      0.00     12.99    12     68.75      0.00     14.58
 1493393056.29     0     69.80      0.00     12.46    12     67.35      0.00     13.33
 1493393056.39     0     68.96      0.00     12.18    12     67.95      0.00     12.64
 1493393056.49     0     71.31      0.00     14.45    12     72.06      0.00     14.39
 1493393056.59     0     68.54      0.00     12.30    12     70.17      0.00     12.73
 1493393056.69     0     73.52      0.00     13.09    12     73.41      0.00     14.38
 1493393056.79     0     73.48      0.00     12.59    12     71.75      0.00     13.10
 1493393056.89     0     68.33      0.00     13.33    12     69.00      0.00     14.23
 1493393056.99     0     69.81      0.00     13.56    12     70.10      0.00     13.22
 1493393057.09     0     72.02      0.00     13.36    12     71.56      0.00     12.89
 1493393057.19     0     72.67      0.00     14.07    12     72.17      0.00     14.22
 1493393057.29     0     68.97      0.00     12.74    12     68.81      0.00     13.00
 1493393057.39     0     72.33      0.00     13.96    12     71.26      0.00     13.83
 1493393057.49     0     61.77      0.00      9.80    12     63.24      0.00     10.49
 1493393057.59     0     73.29      0.00     14.42    12     72.64      0.00     14.31
 1493393057.69     0     70.66      0.00     13.23    12     71.05      0.00     13.63
 1493393057.79     0     70.89      0.00     12.51    12     69.20      0.00     13.79
 1493393057.89     0     69.23      0.00     14.04    12     70.99      0.00     14.95
 1493393058.00     0     69.07      0.00     12.21    12     70.34      0.00     12.60
 1493393058.10     0     71.59      0.00     13.91    12     72.51      0.00     14.18
 1493393058.20     0     69.60      0.00     11.69    12     69.19      0.00     12.03
 1493393058.30     0     72.87      0.00     14.24    12     71.85      0.00     14.65
 1493393058.40     0     69.38      0.00     13.09    12     67.93      0.00     12.85
 1493393058.50     0     69.61      0.00     12.12    12     68.85      0.00     12.66
 1493393058.60     0     70.65      0.00     14.39    12     70.93      0.00     14.30
 1493393058.70     0     72.48      0.00     13.43    12     72.05      0.00     13.33
 1493393058.80     0     71.76      0.00     13.92    12     70.10      0.00     14.60
 1493393058.90     0     72.74      0.00     12.52    12     72.17      0.00     13.47
 1493393059.00     0     70.65      0.00     13.47    12     69.54      0.00     14.15
 1493393059.10     0     72.21      0.00     13.24    12     71.58      0.00     13.69
 1493393059.20     0     68.61      0.00     12.23    12     68.97      0.00     12.97
 1493393059.30     0     70.65      0.00     13.93    12     70.29      0.00     13.90
 1493393059.40     0     69.91      0.00     12.54    12     68.90      0.00     12.85
 1493393059.50     0     71.88      0.00     14.11    12     72.93      0.00     14.43
 1493393059.60     0     68.72      0.00     11.81    12     69.58      0.00     12.70
 1493393059.71     0     72.31      0.00     14.26    12     70.82      0.00     14.21
 1493393059.81     0     70.41      0.00     12.34    12     71.07      0.00     14.10
 1493393059.91     0     70.49      0.00     12.49    12     69.07      0.00     12.93
 1493393060.01     0     68.71      0.00     14.17    12     70.78      0.00     14.56
 1493393060.11     0     69.84      0.00     12.34    12     70.04      0.00     12.60
 1493393060.21     0     71.77      0.00     13.56    12     72.66      0.00     14.86
 1493393060.31     0     73.17      0.00     12.74    12     72.81      0.00     13.14
 1493393060.41     0     69.58      0.00     13.63    12     68.89      0.00     14.03
 1493393060.51     0     67.40      0.00     12.27    12     67.00      0.00     12.69
 1493393060.61     0     71.91      0.00     13.71    12     70.16      0.00     13.22
 1493393060.71     0     72.25      0.00     14.16    12     69.57      0.00     14.58
 1493393060.81     0     70.90      0.00     12.59    12     70.71      0.00     13.48
 1493393060.91     0     71.97      0.00     13.39    12     71.23      0.00     14.13
 1493393061.01     0     71.56      0.00     12.38    12     70.88      0.00     13.24
 1493393061.11     0     70.69      0.00     14.00    12     69.74      0.00     14.61
 1493393061.21     0     69.72      0.00     12.40    12     69.79      0.00     13.36
 1493393061.32     0     70.74      0.00     13.13    12     70.32      0.00     13.27
 1493393061.42     0     70.12      0.00     14.40    12     70.24      0.00     14.33
 1493393061.52     0     69.33      0.00     12.24    12     67.83      0.00     12.59
 1493393061.62     0     72.14      0.00     13.28    12     71.91      0.00     13.84
 1493393061.72     0     72.57      0.00     13.50    12     73.05      0.00     13.98
 1493393061.82     0     72.97      0.00     14.30    12     71.48      0.00     14.80
 1493393061.92     0     69.39      0.00     12.59    12     66.42      0.00     12.87
 1493393062.02     0     70.60      0.00     13.90    12     71.92      0.00     14.68
 1493393062.12     0     70.24      0.00     13.20    12     68.68      0.00     13.14
 1493393062.22     0     73.17      0.00     13.96    12     73.49      0.00     14.50
 1493393062.32     0     71.35      0.00     12.38    12     70.56      0.00     12.64
 1493393062.42     0     73.49      0.00     13.70    12     71.48      0.00     14.35
 1493393062.52     0     69.87      0.00     13.57    12     68.87      0.00     13.62
 1493393062.62     0     67.25      0.00     11.45    12     66.46      0.00     11.82
 1493393062.72     0     73.25      0.00     14.59    12     71.41      0.00     14.75
 1493393062.82     0     71.16      0.00     12.77    12     71.04      0.00     13.54
 1493393062.92     0     71.37      0.00     13.99    12     72.49      0.00     14.79
 1493393063.02     0     72.57      0.00     12.71    12     71.90      0.00     13.48
 1493393063.12     0     71.89      0.00     13.67    12     70.66      0.00     13.80
 1493393063.22     0     70.11      0.00     13.81    12     70.75      0.00     13.54
 1493393063.32     0     71.10      0.00     12.65    12     70.70      0.00     12.86
 1493393063.42     0     72.08      0.00     14.39    12     71.28      0.00     14.67
 1493393063.53     0     69.64      0.00     12.55    12     68.07      0.00     12.36
 1493393063.63     0     71.93      0.00     14.29    12     70.93      0.00     13.78
 1493393063.73     0     69.69      0.00     11.72    12     69.68      0.00     12.51
 1493393063.83     0     72.71      0.00     13.67    12     72.09      0.00     14.35
 1493393063.93     0     68.12      0.00     12.93    12     67.75      0.00     13.24
 1493393064.03     0     72.11      0.00     12.43    12     69.33      0.00     13.70
 1493393064.13     0     68.96      0.00     14.08    12     71.35      0.00     15.08
 1493393064.23     0     70.10      0.00     12.50    12     71.82      0.00     12.80
 1493393064.33     0     71.40      0.00     13.62    12     70.54      0.00     14.56
 1493393064.43     0     72.07      0.00     12.70    12     70.59      0.00     13.42
 1493393064.53     0     68.74      0.00     12.05    12     68.49      0.00     12.58
 1493393064.63     0     69.65      0.00     13.18    12     68.88      0.00     13.31
 1493393064.73     0     68.43      0.00     12.39    12     67.05      0.00     12.54
 1493393064.83     0     72.54      0.00     14.18    12     73.12      0.00     14.62
 1493393064.93     0     71.89      0.00     13.19    12     71.10      0.00     13.35
 1493393065.03     0     72.37      0.00     14.06    12     72.45      0.00     14.76
 1493393065.13     0     70.51      0.00     12.25    12     70.14      0.00     12.88
 1493393065.23     0     73.19      0.00     13.61    12     72.31      0.00     14.24
 1493393065.33     0     70.68      0.00     13.47    12     69.69      0.00     14.08
 1493393065.44     0     68.19      0.00     11.92    12     68.38      0.00     12.09
 1493393065.54     0     72.52      0.00     14.30    12     72.11      0.00     14.91
 1493393065.64     0     67.74      0.00     11.98    12     67.03      0.00     12.57
 1493393065.74     0     72.74      0.00     13.62    12     71.28      0.00     14.77
 1493393065.84     0     70.70      0.00     12.29    12     71.36      0.00     12.98
 1493393065.94     0     74.23      0.00     13.86    12     73.36      0.00     14.30
 1493393066.04     0     69.28      0.00     13.72    12     70.00      0.00     13.82
 1493393066.14     0     69.95      0.00     13.25    12     69.21      0.00     12.95
 1493393066.24     0     70.76      0.00     14.22    12     70.64      0.00     15.04
 1493393066.34     0     71.11      0.00     13.27    12     71.39      0.00     13.24
 1493393066.44     0     73.21      0.00     14.21    12     71.74      0.00     14.56
 1493393066.54     0     69.88      0.00     11.57    12     70.02      0.00     12.20
 1493393066.64     0     71.35      0.00     13.68    12     71.32      0.00     14.38
 1493393066.74     0     70.39      0.00     12.77    12     67.94      0.00     12.87
 1493393066.84     0     70.31      0.00     13.02    12     69.37      0.00     12.68
 1493393066.94     0     71.70      0.00     14.11    12     71.22      0.00     14.97
 1493393067.04     0     72.05      0.00     13.33    12     71.97      0.00     13.35
 1493393067.14     0     71.65      0.00     13.85    12     71.47      0.00     14.55
 1493393067.24     0     70.60      0.00     11.81    12     69.38      0.00     12.19
 1493393067.34     0     72.57      0.00     13.50    12     70.88      0.00     14.66
 1493393067.44     0     70.51      0.00     13.08    12     69.62      0.00     13.37
 1493393067.55     0     66.63      0.00     12.61    12     70.01      0.00     13.38
 1493393067.65     0     70.27      0.00     13.95    12     71.08      0.00     14.60
 1493393067.75     0     70.42      0.00     12.59    12     68.56      0.00     12.48
 1493393067.85     0     73.31      0.00     14.12    12     72.03      0.00     14.49
 1493393067.95     0     67.78      0.00     11.32    12     66.60      0.00     11.99
 1493393068.05     0     73.52      0.00     14.31    12     73.16      0.00     14.66
 1493393068.15     0     69.69      0.00     12.67    12     70.43      0.00     13.81
 1493393068.25     0     69.41      0.00     13.35    12     68.75      0.00     13.26
 1493393068.35     0     71.33      0.00     14.38    12     71.38      0.00     14.39
 1493393068.45     0     70.53      0.00     12.76    12     70.79      0.00     13.74
 1493393068.55     0     73.13      0.00     14.00    12     72.94      0.00     14.51
 1493393068.65     0     68.27      0.00     11.09    12     68.87      0.00     11.96
 1493393068.75     0     70.28      0.00     13.81    12     70.23      0.00     14.31
 1493393068.85     0     70.67      0.00     13.14    12     68.15      0.00     13.33
 1493393068.96     0     70.32      0.00     13.15    12     70.84      0.00     13.44
 1493393069.06     0     73.01      0.00     14.12    12     71.17      0.00     14.37
 1493393069.16     0     69.74      0.00     12.52    12     69.02      0.00     12.42
 1493393069.26     0     71.10      0.00     13.68    12     70.73      0.00     13.49
 1493393069.36     0     72.06      0.00     12.28    12     71.18      0.00     13.12
 1493393069.46     0     70.85      0.00     13.88    12     70.16      0.00     14.75
 1493393069.56     0     69.02      0.00     12.55    12     68.97      0.00     13.25
 1493393069.66     0     69.46      0.00     13.15    12     69.78      0.00     13.19
 1493393069.76     0     71.73      0.00     14.21    12     70.28      0.00     14.33
 1493393069.86     0     68.99      0.00     12.20    12     67.59      0.00     12.55
 1493393069.96     0     72.04      0.00     13.20    12     71.58      0.00     13.13
 1493393070.06     0     73.08      0.00     12.84    12     73.01      0.00     13.79
 1493393070.16     0     70.98      0.00     14.14    12     71.18      0.00     14.52
 1493393070.27     0     69.08      0.00     13.17    12     68.80      0.00     13.33
 1493393070.37     0     71.52      0.00     13.23    12     70.37      0.00     14.08
 1493393070.47     0     71.10      0.00     13.17    12     69.76      0.00     13.54
 1493393070.57     0     72.16      0.00     13.83    12     73.28      0.00     14.82
 1493393070.67     0     70.60      0.00     12.38    12     70.46      0.00     12.40
 1493393070.77     0     70.28      0.00     12.55    12     69.60      0.00     12.86
 1493393070.87     0     70.75      0.00     13.58    12     70.03      0.00     14.69
 1493393070.97     0     68.22      0.00     12.31    12     67.48      0.00     12.43
 1493393071.07     0     73.67      0.00     14.41    12     73.61      0.00     14.66
 1493393071.17     0     70.88      0.00     13.75    12     69.40      0.00     13.05
 1493393071.27     0     71.66      0.00     14.18    12     71.45      0.00     14.01
 1493393071.37     0     71.93      0.00     13.77    12     70.31      0.00     14.07
 1493393071.47     0     69.66      0.00     12.11    12     70.02      0.00     12.63
 1493393071.57     0     71.52      0.00     13.85    12     70.91      0.00     14.62
 1493393071.67     0     69.75      0.00     13.36    12     70.73      0.00     13.89
 1493393071.77     0     68.76      0.00     12.68    12     70.68      0.00     13.31
 1493393071.87     0     70.33      0.00     12.68    12     68.54      0.00     13.17
 1493393071.97     0     69.08      0.00     12.63    12     68.67      0.00     12.77
 1493393072.07     0     74.09      0.00     13.45    12     73.32      0.00     14.10
 1493393072.17     0     72.87      0.00     13.09    12     71.80      0.00     13.56
 1493393072.27     0     70.30      0.00     14.27    12     71.66      0.00     15.09
 1493393072.37     0     69.96      0.00     13.38    12     68.01      0.00     12.59
 1493393072.47     0     70.82      0.00     13.24    12     71.13      0.00     14.30
 1493393072.57     0     69.94      0.00     12.93    12     68.52      0.00     13.22
 1493393072.67     0     72.74      0.00     13.65    12     73.91      0.00     14.84
 1493393072.77     0     71.62      0.00     12.76    12     70.53      0.00     12.87
 1493393072.87     0     72.36      0.00     13.33    12     70.52      0.00     13.52
 1493393072.97     0     70.06      0.00     13.65    12     70.17      0.00     14.57
 1493393073.07     0     71.61      0.00     13.13    12     70.52      0.00     12.97
 1493393073.18     0     71.95      0.00     14.85    12     71.75      0.00     14.35
 1493393073.28     0     70.59      0.00     13.22    12     70.37      0.00     13.08
 1493393073.38     0     69.49      0.00     13.74    12     69.09      0.00     14.28
 1493393073.48     0     73.30      0.00     13.20    12     72.68      0.00     12.83
 1493393073.58     0     72.88      0.00     13.54    12     71.85      0.00     13.71
 1493393073.68     0     69.48      0.00     13.03    12     68.69      0.00     13.88
 1493393073.78     0     71.07      0.00     13.34    12     71.28      0.00     13.33
 1493393073.88     0     69.92      0.00     13.90    12     71.27      0.00     14.15
 1493393073.98     0     69.02      0.00     12.20    12     67.70      0.00     12.42
 1493393074.08     0     70.33      0.00     13.84    12     72.12      0.00     14.93
 1493393074.18     0     74.08      0.00     12.79    12     73.27      0.00     13.18
 1493393074.28     0     71.41      0.00     13.62    12     72.22      0.00     14.19
 1493393074.38     0     70.77      0.00     13.56    12     69.92      0.00     13.77
 1493393074.48     0     68.86      0.00     12.79    12     68.86      0.00     13.66
 1493393074.58     0     72.63      0.00     14.30    12     72.31      0.00     14.65
 1493393074.68     0     70.39      0.00     12.61    12     71.68      0.00     13.31
 1493393074.78     0     72.62      0.00     13.77    12     70.93      0.00     14.62
 1493393074.88     0     71.45      0.00     12.22    12     71.83      0.00     12.33
 1493393074.99     0     70.63      0.00     13.76    12     67.40      0.00     13.94
 1493393075.09     0     71.15      0.00     13.57    12     70.92      0.00     13.90
 1493393075.19     0     72.17      0.00     12.87    12     72.22      0.00     13.39
 1493393075.29     0     70.45      0.00     14.26    12     71.78      0.00     14.26
 1493393075.39     0     71.58      0.00     13.38    12     71.05      0.00     14.08
 1493393075.49     0     71.33      0.00     13.91    12     72.18      0.00     13.95
 1493393075.59     0     71.86      0.00     11.86    12     70.83      0.00     12.71
 1493393075.69     0     70.58      0.00     14.23    12     71.30      0.00     14.46
 1493393075.79     0     71.16      0.00     13.64    12     70.63      0.00     13.65
 1493393075.89     0     69.69      0.00     13.21    12     69.67      0.00     13.14
 1493393075.99     0     71.56      0.00     13.50    12     69.41      0.00     13.74
 1493393076.09     0     68.06      0.00     12.28    12     67.97      0.00     12.74
 1493393076.19     0     72.82      0.00     13.16    12     72.72      0.00     14.19
 1493393076.29     0     73.89      0.00     12.95    12     73.96      0.00     13.94
 1493393076.39     0     70.11      0.00     13.90    12     68.83      0.00     14.41
 1493393076.49     0     69.90      0.00     13.36    12     70.25      0.00     13.66
 1493393076.59     0     70.41      0.00     13.04    12     71.27      0.00     13.37
 1493393076.69     0     71.18      0.00     13.43    12     68.48      0.00     13.64
 1493393076.79     0     72.63      0.00     13.38    12     72.57      0.00     14.61
 1493393076.89     0     71.40      0.00     12.53    12     71.03      0.00     12.82
 1493393076.99     0     71.69      0.00     13.52    12     69.30      0.00     13.15
 1493393077.09     0     71.00      0.00     14.11    12     70.69      0.00     14.38
 1493393077.19     0     70.00      0.00     12.19    12     68.41      0.00     13.04
 1493393077.29     0     73.48      0.00     14.42    12     72.51      0.00     14.57
 1493393077.40     0     70.87      0.00     12.78    12     72.31      0.00     13.87
 1493393077.50     0     70.88      0.00     14.04    12     70.12      0.00     14.69
 1493393077.60     0     71.27      0.00     11.94    12     69.71      0.00     12.68
 1493393077.70     0     72.05      0.00     12.97    12     72.83      0.00     14.15
 1493393077.80     0     68.16      0.00     12.50    12     68.56      0.00     13.67
 1493393077.90     0     69.81      0.00     12.94    12     69.95      0.00     12.89
 1493393078.00     0     70.51      0.00     14.07    12     70.57      0.00     14.49
 1493393078.10     0     67.60      0.00     11.83    12     65.70      0.00     12.20
 1493393078.20     0     72.31      0.00     14.21    12     70.54      0.00     15.13
 1493393078.30     0     72.41      0.00     13.71    12     73.50      0.00     13.64
 1493393078.40     0     71.57      0.00     12.92    12     70.33      0.00     13.06
 1493393078.50     0     69.41      0.00     13.80    12     69.75      0.00     14.85
 1493393078.60     0     68.15      0.00     11.86    12     66.97      0.00     12.39
 1493393078.70     0     71.23      0.00     13.63    12     71.70      0.00     14.05
 1493393078.80     0     70.31      0.00     12.32    12     69.96      0.00     13.13
 1493393078.90     0     70.69      0.00     13.17    12     71.16      0.00     13.76
 1493393079.00     0     71.52      0.00     12.87    12     69.51      0.00     12.49
 1493393079.10     0     71.81      0.00     12.76    12     70.59      0.00     13.66
 1493393079.20     0     71.22      0.00     13.77    12     71.21      0.00     14.85
 1493393079.30     0     68.34      0.00     12.30    12     68.06      0.00     11.99
 1493393079.41     0     72.11      0.00     13.57    12     71.94      0.00     14.78
 1493393079.51     0     68.78      0.00     13.22    12     68.85      0.00     13.37
 1493393079.61     0     71.72      0.00     13.28    12     71.24      0.00     14.98
 1493393079.71     0     71.06      0.00     11.92    12     70.65      0.00     12.31
 1493393079.81     0     68.93      0.00     12.23    12     68.08      0.00     13.13
 1493393079.91     0     71.12      0.00     13.94    12     71.88      0.00     14.67
 1493393080.01     0     67.36      0.00     11.82    12     66.25      0.00     11.71
 1493393080.11     0     72.67      0.00     14.01    12     71.31      0.00     14.70
 1493393080.21     0     68.82      0.00     12.67    12     68.80      0.00     13.25
 1493393080.31     0     72.90      0.00     13.78    12     74.03      0.00     14.59
 1493393080.41     0     71.17      0.00     13.22    12     71.96      0.00     13.24
 1493393080.51     0     70.69      0.00     13.29    12     72.19      0.00     14.35
 1493393080.61     0     70.06      0.00     13.74    12     68.93      0.00     14.81
 1493393080.71     0     68.21      0.00     12.49    12     68.02      0.00     11.90
 1493393080.81     0     70.91      0.00     13.68    12     72.68      0.00     14.74
 1493393080.91     0     70.11      0.00     12.88    12     71.02      0.00     13.14
 1493393081.01     0     72.42      0.00     14.12    12     70.77      0.00     14.29
 1493393081.11     0     72.02      0.00     12.39    12     70.13      0.00     12.61
 1493393081.21     0     72.95      0.00     13.54    12     70.70      0.00     14.40
 1493393081.31     0     68.86      0.00     12.43    12     68.81      0.00     13.69
 1493393081.41     0     73.06      0.00     13.58    12     72.15      0.00     13.32
 1493393081.52     0     70.38      0.00     14.33    12     72.39      0.00     14.66
 1493393081.62     0     69.87      0.00     12.83    12     68.55      0.00     12.79
 1493393081.72     0     72.28      0.00     13.90    12     70.35      0.00     14.52
 1493393081.82     0     71.14      0.00     11.95    12     72.50      0.00     13.13
 1493393081.92     0     71.82      0.00     13.55    12     71.82      0.00     13.85
 1493393082.02     0     69.14      0.00     12.76    12     68.17      0.00     13.25
 1493393082.12     0     71.36      0.00     12.76    12     68.65      0.00     12.61
 1493393082.22     0     71.04      0.00     14.33    12     71.01      0.00     14.97
 1493393082.32     0     69.66      0.00     12.01    12     69.19      0.00     12.15
 1493393082.42     0     70.75      0.00     14.35    12     72.14      0.00     14.51
 1493393082.52     0     72.14      0.00     12.10    12     70.62      0.00     12.65
 1493393082.62     0     71.75      0.00     13.76    12     71.38      0.00     14.69
 1493393082.72     0     70.98      0.00     13.65    12     71.74      0.00     13.84
 1493393082.82     0     70.30      0.00     12.77    12     68.50      0.00     13.37
 1493393082.92     0     71.31      0.00     13.91    12     72.43      0.00     14.09
 1493393083.02     0     69.43      0.00     12.50    12     70.52      0.00     13.08
 1493393083.12     0     72.32      0.00     13.77    12     70.74      0.00     14.64
 1493393083.22     0     69.60      0.00     11.76    12     69.15      0.00     12.68
 1493393083.32     0     72.98      0.00     14.12    12     70.61      0.00     14.53
 1493393083.43     0     70.67      0.00     12.99    12     71.90      0.00     13.90
 1493393083.53     0     70.66      0.00     13.19    12     70.69      0.00     13.05
 1493393083.63     0     70.90      0.00     13.97    12     70.48      0.00     14.54
 1493393083.73     0     70.68      0.00     12.73    12     69.42      0.00     13.76
 1493393083.83     0     72.31      0.00     13.45    12     72.67      0.00     14.64
 1493393083.93     0     70.56      0.00     11.98    12     70.59      0.00     12.65
 1493393084.03     0     70.58      0.00     14.01    12     71.69      0.00     14.53
 1493393084.13     0     67.09      0.00     12.43    12     67.66      0.00     12.72
 1493393084.23     0     69.35      0.00     12.99    12     68.82      0.00     13.49
 1493393084.33     0     72.29      0.00     14.05    12     72.67      0.00     14.82
 1493393084.43     0     70.49      0.00     12.78    12     70.84      0.00     13.17
 1493393084.53     0     72.01      0.00     13.60    12     72.74      0.00     14.09
 1493393084.63     0     72.12      0.00     12.80    12     71.33      0.00     13.78
 1493393084.73     0     70.59      0.00     13.70    12     69.05      0.00     14.72
 1493393084.83     0     70.84      0.00     12.93    12     70.17      0.00     13.72
 1493393084.93     0     70.28      0.00     12.93    12     70.89      0.00     13.49
 1493393085.03     0     69.75      0.00     12.85    12     71.39      0.00     14.01
 1493393085.13     0     71.31      0.00     13.54    12     70.55      0.00     13.08
 1493393085.23     0     70.84      0.00     13.55    12     70.22      0.00     14.69
 1493393085.33     0     64.61      0.00     10.16    12     64.35      0.00     10.76
 1493393085.43     0     73.00      0.00     14.17    12     74.07      0.00     14.55
 1493393085.54     0     70.22      0.00     13.24    12     71.00      0.00     13.31
 1493393085.64     0     69.35      0.00     13.30    12     68.10      0.00     13.01
 1493393085.74     0     70.56      0.00     14.09    12     71.18      0.00     14.71
 1493393085.84     0     71.25      0.00     12.69    12     69.52      0.00     12.97
 1493393085.94     0     69.12      0.00     13.63    12     73.74      0.00     14.74
 1493393086.04     0     69.10      0.00     11.62    12     69.25      0.00     12.03
 1493393086.14     0     70.44      0.00     13.37    12     70.64      0.00     13.68
 1493393086.24     0     70.55      0.00     13.28    12     67.87      0.00     13.31
 1493393086.34     0     69.64      0.00     12.65    12     70.53      0.00     13.85
 1493393086.44     0     72.34      0.00     13.82    12     71.31      0.00     14.85
 1493393086.54     0     69.29      0.00     12.39    12     71.34      0.00     13.00
 1493393086.64     0     71.44      0.00     13.18    12     70.31      0.00     14.59
 1493393086.74     0     74.22      0.00     12.86    12     71.76      0.00     13.79
 1493393086.84     0     70.17      0.00     14.00    12     69.78      0.00     14.87
 1493393086.94     0     70.33      0.00     12.74    12     69.44      0.00     13.85
 1493393087.04     0     69.38      0.00     12.65    12     69.74      0.00     13.10
 1493393087.14     0     70.57      0.00     13.50    12     70.77      0.00     13.56
 1493393087.24     0     72.12      0.00     13.13    12     70.03      0.00     14.00
 1493393087.34     0     72.20      0.00     13.22    12     71.87      0.00     13.40
 1493393087.44     0     71.40      0.00     13.13    12     71.70      0.00     13.77
 1493393087.55     0     71.49      0.00     13.56    12     71.16      0.00     14.31
 1493393087.65     0     68.47      0.00     12.29    12     69.17      0.00     12.77
 1493393087.75     0     73.29      0.00     13.78    12     71.48      0.00     15.08
 1493393087.85     0     69.16      0.00     13.10    12     67.77      0.00     12.83
 1493393087.95     0     71.53      0.00     14.15    12     72.16      0.00     14.57
 1493393088.05     0     70.99      0.00     12.30    12     70.34      0.00     12.17
 1493393088.15     0     70.74      0.00     13.23    12     71.08      0.00     13.56
 1493393088.25     0     69.37      0.00     13.10    12     67.90      0.00     13.77
 1493393088.35     0     69.92      0.00     12.73    12     69.54      0.00     13.04
 1493393088.45     0     73.18      0.00     14.45    12     70.77      0.00     14.60
 1493393088.55     0     71.83      0.00     13.43    12     70.15      0.00     12.83
 1493393088.65     0     69.55      0.00     13.60    12     72.57      0.00     14.98
 1493393088.75     0     73.22      0.00     12.63    12     71.36      0.00     13.28
 1493393088.85     0     71.90      0.00     13.42    12     71.02      0.00     14.35
 1493393088.95     0     70.51      0.00     12.94    12     70.18      0.00     13.85
 1493393089.05     0     70.84      0.00     13.06    12     71.08      0.00     13.66
 1493393089.15     0     70.91      0.00     14.38    12     71.85      0.00     14.32
 1493393089.26     0     70.11      0.00     12.08    12     68.35      0.00     12.37
 1493393089.36     0     71.91      0.00     14.11    12     71.19      0.00     14.68
 1493393089.46     0     66.00      0.00     10.45    12     64.09      0.00     10.85
 1493393089.56     0     71.12      0.00     13.63    12     72.42      0.00     13.97
 1493393089.66     0     69.81      0.00     13.40    12     69.20      0.00     13.50
 1493393089.76     0     70.80      0.00     13.01    12     69.29      0.00     13.41
 1493393089.86     0     70.80      0.00     14.09    12     71.16      0.00     14.82
 1493393089.96     0     71.04      0.00     12.81    12     70.47      0.00     13.81
 1493393090.06     0     72.59      0.00     14.39    12     72.68      0.00     14.34
 1493393090.16     0     45.07      0.00      7.60    12     45.13      0.00      8.02
 1493393090.26     0     13.74      0.00      1.84    12     15.79      0.00      2.25
 1493393090.36     0     14.81      0.00      2.01    12     16.69      0.00      2.64
 1493393090.46     0     16.41      0.00      2.36    12     17.94      0.00      3.06
