         #Time  Core     P_PKG     P_PP0    P_DRAM  Core     P_PKG     P_PP0    P_DRAM
 1494213096.16     0     22.90      0.00      5.15    12     23.43      0.00      4.75
 1494213096.26     0     25.69      0.00      6.05    12     24.17      0.00      3.55
 1494213096.36     0     30.15      0.00      4.41    12     27.86      0.00      3.55
 1494213096.46     0     31.01      0.00      4.41    12     28.43      0.00      3.52
 1494213096.56     0     31.03      0.00      4.46    12     28.69      0.00      3.54
 1494213096.66     0     31.87      0.00      5.94    12     28.46      0.00      3.42
 1494213096.76     0     31.65      0.00      5.98    12     28.51      0.00      3.47
 1494213096.86     0     31.64      0.00      5.86    12     28.46      0.00      3.48
 1494213096.96     0     31.66      0.00      5.87    12     28.53      0.00      3.47
 1494213097.06     0     31.63      0.00      6.06    12     28.47      0.00      3.48
 1494213097.16     0     31.62      0.00      6.05    12     28.47      0.00      3.51
 1494213097.26     0     30.89      0.00      4.30    12     28.43      0.00      3.49
 1494213097.36     0     30.73      0.00      4.03    12     28.43      0.00      3.49
 1494213097.46     0     30.85      0.00      4.14    12     28.40      0.00      3.53
 1494213097.56     0     30.84      0.00      4.15    12     28.42      0.00      3.48
 1494213097.66     0     30.86      0.00      4.07    12     28.41      0.00      3.51
 1494213097.76     0     30.83      0.00      4.11    12     28.44      0.00      3.50
 1494213097.86     0     30.89      0.00      4.10    12     29.10      0.00      3.95
 1494213097.96     0     30.88      0.00      4.06    12     28.40      0.00      3.44
 1494213098.06     0     30.82      0.00      4.00    12     28.41      0.00      3.44
 1494213098.16     0     31.17      0.00      4.22    12     28.47      0.00      3.47
 1494213098.26     0     30.88      0.00      4.16    12     28.38      0.00      3.54
 1494213098.36     0     30.83      0.00      4.11    12     28.42      0.00      3.49
 1494213098.46     0     30.84      0.00      4.15    12     28.42      0.00      3.55
 1494213098.56     0     30.87      0.00      4.13    12     28.41      0.00      3.50
 1494213098.66     0     30.89      0.00      4.07    12     28.37      0.00      3.54
 1494213098.76     0     30.86      0.00      4.10    12     28.42      0.00      3.53
 1494213098.86     0     30.90      0.00      4.10    12     28.42      0.00      3.46
 1494213098.96     0     30.81      0.00      4.13    12     28.45      0.00      3.46
 1494213099.06     0     30.88      0.00      4.11    12     28.41      0.00      3.52
 1494213099.16     0     30.88      0.00      4.06    12     28.72      0.00      3.51
 1494213099.26     0     30.83      0.00      4.11    12     28.17      0.00      3.50
 1494213099.36     0     30.86      0.00      4.10    12     28.70      0.00      3.51
 1494213099.46     0     31.16      0.00      4.15    12     28.43      0.00      3.52
 1494213099.56     0     30.86      0.00      4.10    12     28.42      0.00      3.52
 1494213099.66     0     30.88      0.00      4.14    12     28.39      0.00      3.49
 1494213099.76     0     30.85      0.00      4.16    12     28.41      0.00      3.43
 1494213099.86     0     30.84      0.00      4.13    12     28.40      0.00      3.52
 1494213099.96     0     30.86      0.00      4.08    12     28.41      0.00      3.44
 1494213100.06     0     30.87      0.00      4.14    12     28.41      0.00      3.52
 1494213100.16     0     30.83      0.00      4.08    12     28.42      0.00      3.54
 1494213100.26     0     30.90      0.00      4.06    12     28.40      0.00      3.52
 1494213100.36     0     30.84      0.00      4.12    12     28.38      0.00      3.47
 1494213100.46     0     30.85      0.00      4.12    12     28.44      0.00      3.51
 1494213100.56     0     30.87      0.00      4.09    12     28.64      0.00      3.58
 1494213100.66     0     30.83      0.00      4.11    12     28.39      0.00      3.56
 1494213100.76     0     30.87      0.00      4.01    12     28.41      0.00      3.47
 1494213100.86     0     31.16      0.00      4.14    12     28.39      0.00      3.51
 1494213100.96     0     30.87      0.00      4.19    12     28.41      0.00      3.48
 1494213101.06     0     30.92      0.00      4.15    12     28.41      0.00      3.46
 1494213101.16     0     30.79      0.00      4.02    12     28.39      0.00      3.48
 1494213101.26     0     30.87      0.00      4.14    12     28.39      0.00      3.48
 1494213101.36     0     30.84      0.00      4.10    12     28.40      0.00      3.56
 1494213101.47     0     30.84      0.00      4.13    12     28.40      0.00      3.44
 1494213101.57     0     30.84      0.00      4.13    12     28.67      0.00      3.55
 1494213101.67     0     30.85      0.00      4.13    12     28.17      0.00      3.44
 1494213101.77     0     30.88      0.00      4.13    12     28.68      0.00      3.60
 1494213101.87     0     30.90      0.00      4.15    12     28.41      0.00      3.53
 1494213101.97     0     30.92      0.00      4.06    12     28.38      0.00      3.47
 1494213102.07     0     31.20      0.00      4.34    12     28.63      0.00      3.90
 1494213102.17     0     31.12      0.00      4.16    12     28.38      0.00      3.46
 1494213102.27     0     30.89      0.00      4.16    12     28.41      0.00      3.44
 1494213102.37     0     30.87      0.00      4.09    12     28.39      0.00      3.47
 1494213102.47     0     30.87      0.00      4.10    12     28.41      0.00      3.52
 1494213102.57     0     30.88      0.00      4.12    12     28.40      0.00      3.53
 1494213102.67     0     30.87      0.00      4.12    12     28.39      0.00      3.40
 1494213102.77     0     30.90      0.00      4.18    12     28.45      0.00      3.55
 1494213102.87     0     30.92      0.00      4.08    12     28.65      0.00      3.47
 1494213102.97     0     30.91      0.00      4.13    12     28.38      0.00      3.54
 1494213103.07     0     31.11      0.00      4.23    12     28.47      0.00      3.66
 1494213103.17     0     30.97      0.00      4.15    12     28.40      0.00      3.45
 1494213103.27     0     30.90      0.00      4.17    12     28.42      0.00      3.51
 1494213103.37     0     30.91      0.00      4.07    12     28.38      0.00      3.39
 1494213103.47     0     30.91      0.00      4.12    12     28.42      0.00      3.45
 1494213103.57     0     31.20      0.00      4.17    12     28.40      0.00      3.46
 1494213103.67     0     30.92      0.00      4.06    12     28.41      0.00      3.39
 1494213103.77     0     30.92      0.00      4.15    12     28.41      0.00      3.49
 1494213103.87     0     30.94      0.00      4.12    12     28.41      0.00      3.52
 1494213103.97     0     30.88      0.00      4.12    12     28.49      0.00      3.43
 1494213104.07     0     30.91      0.00      4.12    12     28.45      0.00      3.56
 1494213104.17     0     30.91      0.00      4.09    12     28.67      0.00      3.47
 1494213104.27     0     30.87      0.00      4.12    12     28.40      0.00      3.50
 1494213104.37     0     30.87      0.00      4.12    12     28.39      0.00      3.53
 1494213104.47     0     30.88      0.00      4.11    12     28.43      0.00      3.48
 1494213104.57     0     30.87      0.00      4.16    12     28.41      0.00      3.43
 1494213104.67     0     30.93      0.00      4.12    12     28.40      0.00      3.47
 1494213104.77     0     30.92      0.00      4.16    12     28.41      0.00      3.50
 1494213104.87     0     31.18      0.00      4.21    12     28.45      0.00      3.54
 1494213104.97     0     30.92      0.00      4.08    12     28.46      0.00      3.51
 1494213105.07     0     30.89      0.00      4.16    12     28.45      0.00      3.44
 1494213105.17     0     30.92      0.00      4.13    12     28.41      0.00      3.51
 1494213105.27     0     30.92      0.00      4.15    12     28.40      0.00      3.46
 1494213105.37     0     30.87      0.00      4.10    12     28.38      0.00      3.53
 1494213105.47     0     30.90      0.00      4.15    12     28.69      0.00      3.54
 1494213105.57     0     30.95      0.00      4.09    12     28.38      0.00      3.51
 1494213105.67     0     30.86      0.00      4.17    12     28.39      0.00      3.53
 1494213105.77     0     30.92      0.00      4.18    12     28.39      0.00      3.49
 1494213105.87     0     31.04      0.00      4.17    12     28.42      0.00      3.54
 1494213105.97     0     30.93      0.00      4.14    12     28.44      0.00      3.48
 1494213106.07     0     30.87      0.00      4.17    12     28.39      0.00      3.51
 1494213106.17     0     30.94      0.00      4.14    12     28.59      0.00      3.50
 1494213106.27     0     31.20      0.00      4.16    12     28.46      0.00      3.51
 1494213106.37     0     30.94      0.00      4.12    12     28.39      0.00      3.54
 1494213106.47     0     30.88      0.00      4.18    12     28.43      0.00      3.55
 1494213106.57     0     30.93      0.00      4.09    12     28.72      0.00      3.49
 1494213106.67     0     30.91      0.00      4.11    12     28.45      0.00      3.49
 1494213106.77     0     30.92      0.00      4.18    12     28.39      0.00      3.51
 1494213106.87     0     30.93      0.00      4.09    12     28.41      0.00      3.51
 1494213106.97     0     30.89      0.00      4.19    12     28.41      0.00      3.51
 1494213107.07     0     30.89      0.00      4.14    12     28.44      0.00      3.56
 1494213107.17     0     30.94      0.00      4.16    12     28.38      0.00      3.50
 1494213107.27     0     30.92      0.00      4.17    12     28.42      0.00      3.42
 1494213107.37     0     30.89      0.00      4.10    12     28.47      0.00      3.53
 1494213107.48     0     30.94      0.00      4.12    12     28.41      0.00      3.48
 1494213107.58     0     31.22      0.00      4.18    12     28.42      0.00      3.56
 1494213107.68     0     30.91      0.00      4.21    12     28.43      0.00      3.50
 1494213107.78     0     30.90      0.00      4.11    12     28.40      0.00      3.48
 1494213107.88     0     30.91      0.00      4.07    12     28.70      0.00      3.60
 1494213107.98     0     30.92      0.00      4.19    12     28.39      0.00      3.53
 1494213108.08     0     30.91      0.00      4.15    12     28.40      0.00      3.48
 1494213108.18     0     30.91      0.00      4.16    12     28.41      0.00      3.53
 1494213108.28     0     30.93      0.00      4.13    12     28.45      0.00      3.49
 1494213108.38     0     30.92      0.00      4.05    12     28.85      0.00      3.54
 1494213108.48     0     30.98      0.00      4.08    12     28.41      0.00      3.50
 1494213108.58     0     30.89      0.00      4.11    12     28.46      0.00      3.39
 1494213108.68     0     30.95      0.00      4.16    12     28.37      0.00      3.54
 1494213108.78     0     30.91      0.00      4.14    12     28.41      0.00      3.45
 1494213108.88     0     30.89      0.00      4.11    12     28.39      0.00      3.56
 1494213108.98     0     31.20      0.00      4.10    12     28.40      0.00      3.56
 1494213109.08     0     30.63      0.00      4.13    12     28.41      0.00      3.42
 1494213109.18     0     31.27      0.00      4.18    12     28.37      0.00      3.54
 1494213109.28     0     30.89      0.00      4.13    12     28.69      0.00      3.45
 1494213109.38     0     30.95      0.00      4.05    12     28.42      0.00      3.47
 1494213109.48     0     30.90      0.00      4.10    12     28.38      0.00      3.50
 1494213109.58     0     30.94      0.00      4.06    12     28.41      0.00      3.49
 1494213109.68     0     30.89      0.00      4.13    12     28.45      0.00      3.54
 1494213109.78     0     30.91      0.00      4.13    12     28.40      0.00      3.54
 1494213109.88     0     30.96      0.00      4.14    12     28.41      0.00      3.54
 1494213109.98     0     30.96      0.00      4.07    12     28.38      0.00      3.46
 1494213110.08     0     30.90      0.00      4.13    12     28.40      0.00      3.48
 1494213110.18     0     30.91      0.00      4.11    12     28.38      0.00      3.49
 1494213110.28     0     30.93      0.00      4.13    12     28.39      0.00      3.47
 1494213110.38     0     30.89      0.00      4.10    12     28.39      0.00      3.54
 1494213110.48     0     31.24      0.00      4.03    12     28.67      0.00      3.49
 1494213110.58     0     30.65      0.00      4.11    12     28.42      0.00      3.48
 1494213110.68     0     31.21      0.00      4.21    12     28.38      0.00      3.39
 1494213110.78     0     30.92      0.00      4.12    12     28.40      0.00      3.60
 1494213110.88     0     30.93      0.00      4.03    12     28.42      0.00      3.41
 1494213110.98     0     30.91      0.00      4.09    12     28.36      0.00      3.54
 1494213111.08     0     30.92      0.00      4.12    12     28.39      0.00      3.55
 1494213111.18     0     30.91      0.00      4.11    12     28.37      0.00      3.50
 1494213111.28     0     30.93      0.00      4.15    12     28.39      0.00      3.48
 1494213111.38     0     30.94      0.00      4.11    12     28.35      0.00      3.47
 1494213111.48     0     30.91      0.00      4.14    12     28.36      0.00      3.51
 1494213111.58     0     30.92      0.00      4.08    12     28.37      0.00      3.45
 1494213111.68     0     30.97      0.00      4.14    12     28.41      0.00      3.39
 1494213111.78     0     30.92      0.00      4.14    12     28.36      0.00      3.53
 1494213111.88     0     30.88      0.00      4.15    12     28.67      0.00      3.52
 1494213111.98     0     31.27      0.00      4.18    12     28.41      0.00      3.52
 1494213112.08     0     30.94      0.00      4.10    12     28.36      0.00      3.55
 1494213112.18     0     30.90      0.00      4.09    12     28.37      0.00      3.33
 1494213112.28     0     30.88      0.00      4.14    12     28.36      0.00      3.48
 1494213112.38     0     30.93      0.00      4.17    12     28.38      0.00      3.46
 1494213112.48     0     30.95      0.00      4.09    12     28.39      0.00      3.54
 1494213112.58     0     30.94      0.00      4.10    12     28.38      0.00      3.44
 1494213112.68     0     30.93      0.00      4.13    12     28.37      0.00      3.47
 1494213112.78     0     31.00      0.00      4.14    12     28.35      0.00      3.57
 1494213112.88     0     30.91      0.00      4.10    12     28.39      0.00      3.50
 1494213112.98     0     30.92      0.00      4.08    12     28.69      0.00      3.54
 1494213113.08     0     30.97      0.00      4.10    12     28.09      0.00      3.52
 1494213113.18     0     30.94      0.00      4.09    12     28.72      0.00      3.56
 1494213113.28     0     31.23      0.00      4.17    12     28.38      0.00      3.49
 1494213113.38     0     30.93      0.00      4.09    12     28.38      0.00      3.46
 1494213113.48     0     30.94      0.00      4.06    12     28.39      0.00      3.53
 1494213113.59     0     30.90      0.00      4.10    12     28.38      0.00      3.54
 1494213113.69     0     30.94      0.00      4.10    12     28.39      0.00      3.50
 1494213113.79     0     30.92      0.00      4.07    12     28.38      0.00      3.54
 1494213113.89     0     30.96      0.00      4.14    12     28.43      0.00      3.55
 1494213113.99     0     30.92      0.00      4.10    12     28.42      0.00      3.39
 1494213114.09     0     30.96      0.00      4.07    12     28.44      0.00      3.54
 1494213114.19     0     30.93      0.00      4.05    12     28.39      0.00      3.48
 1494213114.29     0     30.94      0.00      4.12    12     28.42      0.00      3.52
 1494213114.39     0     30.92      0.00      4.07    12     28.68      0.00      3.57
 1494213114.49     0     30.93      0.00      4.16    12     28.39      0.00      3.49
 1494213114.59     0     31.24      0.00      4.18    12     28.40      0.00      3.53
 1494213114.69     0     30.92      0.00      4.00    12     28.38      0.00      3.45
 1494213114.79     0     30.92      0.00      4.16    12     28.37      0.00      3.56
 1494213114.89     0     31.02      0.00      4.11    12     28.40      0.00      3.43
 1494213114.99     0     31.06      0.00      4.11    12     28.37      0.00      3.46
 1494213115.09     0     30.88      0.00      4.09    12     28.42      0.00      3.53
 1494213115.19     0     30.95      0.00      4.04    12     28.40      0.00      3.44
 1494213115.29     0     30.91      0.00      4.16    12     28.40      0.00      3.46
 1494213115.39     0     30.92      0.00      4.08    12     28.43      0.00      3.55
 1494213115.49     0     30.90      0.00      4.10    12     28.35      0.00      3.58
 1494213115.59     0     30.93      0.00      4.11    12     28.68      0.00      3.60
 1494213115.69     0     30.91      0.00      4.09    12     28.39      0.00      3.44
 1494213115.79     0     30.92      0.00      4.12    12     28.38      0.00      3.45
 1494213115.89     0     31.24      0.00      4.15    12     28.38      0.00      3.56
 1494213115.99     0     30.66      0.00      3.99    12     28.37      0.00      3.46
 1494213116.09     0     31.21      0.00      4.14    12     28.37      0.00      3.56
 1494213116.19     0     30.89      0.00      4.10    12     28.37      0.00      3.44
 1494213116.29     0     30.93      0.00      4.05    12     28.40      0.00      3.36
 1494213116.39     0     30.90      0.00      4.07    12     28.38      0.00      3.53
 1494213116.49     0     30.94      0.00      4.09    12     28.41      0.00      3.57
 1494213116.59     0     30.92      0.00      4.12    12     28.40      0.00      3.56
 1494213116.69     0     30.90      0.00      4.12    12     28.37      0.00      3.56
 1494213116.79     0     30.93      0.00      4.10    12     28.39      0.00      3.48
 1494213116.89     0     30.91      0.00      4.11    12     28.70      0.00      3.51
 1494213116.99     0     30.91      0.00      4.15    12     28.39      0.00      3.56
 1494213117.09     0     30.95      0.00      4.07    12     28.39      0.00      3.48
 1494213117.19     0     30.89      0.00      4.08    12     28.40      0.00      3.52
 1494213117.29     0     31.24      0.00      4.14    12     28.39      0.00      3.41
 1494213117.39     0     30.93      0.00      4.13    12     28.35      0.00      3.42
 1494213117.49     0     30.93      0.00      4.11    12     28.41      0.00      3.52
 1494213117.59     0     30.88      0.00      4.07    12     28.38      0.00      3.37
 1494213117.69     0     30.93      0.00      4.11    12     28.47      0.00      3.40
 1494213117.79     0     30.92      0.00      4.12    12     28.35      0.00      3.55
 1494213117.89     0     30.94      0.00      4.09    12     28.40      0.00      3.51
 1494213117.99     0     30.92      0.00      4.08    12     28.41      0.00      3.56
 1494213118.09     0     30.90      0.00      4.09    12     28.69      0.00      3.50
 1494213118.19     0     30.96      0.00      4.12    12     28.38      0.00      3.55
 1494213118.29     0     30.91      0.00      4.10    12     28.39      0.00      3.49
 1494213118.39     0     30.93      0.00      4.09    12     28.40      0.00      3.53
 1494213118.49     0     30.92      0.00      4.13    12     28.36      0.00      3.42
 1494213118.59     0     30.92      0.00      4.09    12     28.36      0.00      3.45
 1494213118.69     0     31.23      0.00      4.08    12     28.37      0.00      3.50
 1494213118.79     0     30.90      0.00      4.19    12     28.37      0.00      3.40
 1494213118.89     0     30.94      0.00      4.14    12     28.42      0.00      3.54
 1494213118.99     0     30.93      0.00      4.08    12     28.35      0.00      3.48
 1494213119.09     0     30.92      0.00      4.11    12     28.40      0.00      3.51
 1494213119.19     0     30.93      0.00      4.09    12     28.37      0.00      3.57
 1494213119.29     0     30.93      0.00      4.09    12     28.38      0.00      3.55
 1494213119.39     0     30.92      0.00      4.12    12     28.64      0.00      3.48
 1494213119.49     0     30.93      0.00      4.12    12     28.39      0.00      3.48
 1494213119.60     0     30.95      0.00      4.13    12     28.36      0.00      3.47
 1494213119.70     0     30.90      0.00      4.11    12     28.36      0.00      3.47
 1494213119.80     0     30.91      0.00      4.07    12     28.38      0.00      3.46
 1494213119.90     0     30.93      0.00      4.17    12     28.37      0.00      3.48
 1494213120.00     0     31.21      0.00      4.16    12     28.43      0.00      3.52
 1494213120.10     0     30.92      0.00      4.12    12     28.35      0.00      3.50
 1494213120.20     0     30.93      0.00      4.09    12     28.38      0.00      3.39
 1494213120.30     0     30.93      0.00      4.13    12     28.36      0.00      3.41
 1494213120.40     0     30.92      0.00      4.11    12     28.35      0.00      3.60
 1494213120.50     0     30.93      0.00      4.07    12     28.37      0.00      3.47
 1494213120.60     0     30.89      0.00      4.10    12     28.66      0.00      3.45
 1494213120.70     0     30.95      0.00      4.11    12     28.38      0.00      3.47
 1494213120.80     0     30.91      0.00      4.10    12     28.36      0.00      3.58
 1494213120.90     0     30.94      0.00      4.14    12     28.38      0.00      3.45
 1494213121.00     0     30.94      0.00      4.12    12     28.37      0.00      3.52
 1494213121.10     0     30.94      0.00      4.12    12     28.39      0.00      3.55
 1494213121.20     0     30.93      0.00      4.09    12     28.35      0.00      3.53
 1494213121.30     0     30.91      0.00      4.10    12     28.42      0.00      3.48
 1494213121.40     0     30.94      0.00      4.10    12     28.37      0.00      3.43
 1494213121.50     0     31.22      0.00      4.16    12     28.36      0.00      3.49
 1494213121.60     0     30.93      0.00      4.08    12     28.32      0.00      3.56
 1494213121.70     0     30.94      0.00      4.11    12     28.36      0.00      3.50
 1494213121.80     0     30.92      0.00      4.12    12     28.36      0.00      3.46
 1494213121.90     0     30.96      0.00      4.05    12     28.65      0.00      3.53
 1494213122.00     0     30.94      0.00      4.08    12     28.37      0.00      3.57
 1494213122.10     0     30.92      0.00      4.07    12     28.36      0.00      3.52
 1494213122.20     0     30.92      0.00      4.12    12     28.33      0.00      3.51
 1494213122.30     0     30.90      0.00      4.14    12     28.40      0.00      3.51
 1494213122.40     0     30.94      0.00      4.10    12     28.32      0.00      3.52
 1494213122.50     0     30.98      0.00      4.13    12     28.36      0.00      3.51
 1494213122.60     0     30.88      0.00      4.12    12     28.36      0.00      3.47
 1494213122.70     0     31.23      0.00      4.15    12     28.34      0.00      3.56
 1494213122.80     0     30.95      0.00      4.13    12     28.36      0.00      3.47
 1494213122.90     0     30.91      0.00      4.07    12     28.35      0.00      3.52
 1494213123.00     0     30.92      0.00      4.09    12     28.32      0.00      3.53
 1494213123.10     0     30.98      0.00      4.13    12     28.36      0.00      3.44
 1494213123.20     0     30.93      0.00      4.13    12     28.61      0.00      3.52
 1494213123.30     0     30.93      0.00      4.08    12     28.35      0.00      3.44
 1494213123.40     0     30.95      0.00      4.07    12     28.40      0.00      3.57
 1494213123.50     0     30.92      0.00      4.08    12     28.34      0.00      3.50
 1494213123.60     0     30.99      0.00      4.07    12     28.36      0.00      3.51
 1494213123.70     0     30.92      0.00      4.14    12     28.38      0.00      3.50
 1494213123.80     0     30.92      0.00      4.08    12     28.37      0.00      3.53
 1494213123.90     0     30.92      0.00      4.11    12     28.38      0.00      3.49
 1494213124.00     0     31.20      0.00      4.16    12     28.38      0.00      3.48
 1494213124.10     0     30.95      0.00      4.11    12     28.37      0.00      3.57
 1494213124.20     0     30.94      0.00      4.21    12     28.36      0.00      3.46
 1494213124.30     0     30.87      0.00      4.14    12     28.34      0.00      3.51
 1494213124.40     0     30.92      0.00      4.15    12     28.65      0.00      3.49
 1494213124.50     0     30.92      0.00      4.07    12     28.35      0.00      3.54
 1494213124.60     0     30.97      0.00      4.13    12     28.39      0.00      3.51
 1494213124.70     0     30.89      0.00      4.11    12     28.33      0.00      3.54
 1494213124.80     0     30.93      0.00      4.10    12     28.37      0.00      3.47
 1494213124.90     0     30.91      0.00      4.08    12     28.37      0.00      3.47
 1494213125.00     0     30.92      0.00      4.05    12     28.36      0.00      3.47
 1494213125.10     0     30.92      0.00      4.13    12     28.34      0.00      3.48
 1494213125.20     0     30.90      0.00      4.15    12     28.30      0.00      3.55
 1494213125.30     0     30.89      0.00      4.18    12     28.35      0.00      3.53
 1494213125.40     0     31.22      0.00      4.17    12     28.36      0.00      3.58
 1494213125.50     0     30.91      0.00      4.13    12     28.36      0.00      3.53
 1494213125.61     0     30.92      0.00      4.13    12     28.63      0.00      3.52
 1494213125.71     0     30.92      0.00      4.10    12     28.10      0.00      3.46
 1494213125.81     0     30.91      0.00      4.10    12     28.62      0.00      3.57
 1494213125.91     0     30.93      0.00      4.08    12     28.32      0.00      3.54
 1494213126.01     0     30.92      0.00      4.13    12     28.36      0.00      3.55
 1494213126.11     0     30.93      0.00      4.08    12     28.34      0.00      3.45
 1494213126.21     0     30.89      0.00      4.10    12     28.36      0.00      3.49
 1494213126.31     0     30.92      0.00      4.15    12     28.34      0.00      3.50
 1494213126.41     0     30.92      0.00      4.11    12     28.35      0.00      3.45
 1494213126.51     0     30.89      0.00      4.06    12     28.33      0.00      3.50
 1494213126.61     0     30.96      0.00      4.07    12     28.36      0.00      3.55
 1494213126.71     0     30.91      0.00      4.11    12     28.35      0.00      3.53
 1494213126.81     0     30.99      0.00      4.12    12     28.61      0.00      3.46
 1494213126.91     0     31.19      0.00      4.12    12     28.12      0.00      3.48
 1494213127.01     0     30.90      0.00      4.15    12     28.58      0.00      3.54
 1494213127.11     0     30.95      0.00      4.05    12     28.34      0.00      3.47
 1494213127.21     0     30.91      0.00      4.02    12     28.34      0.00      3.52
 1494213127.31     0     30.92      0.00      4.14    12     28.35      0.00      3.55
 1494213127.41     0     30.94      0.00      4.05    12     28.35      0.00      3.55
 1494213127.51     0     30.93      0.00      4.15    12     28.32      0.00      3.56
 1494213127.61     0     30.91      0.00      4.14    12     28.35      0.00      3.56
 1494213127.71     0     30.91      0.00      4.09    12     28.35      0.00      3.49
 1494213127.81     0     30.88      0.00      4.12    12     28.33      0.00      3.51
 1494213127.91     0     30.95      0.00      4.10    12     28.35      0.00      3.51
 1494213128.01     0     30.91      0.00      4.09    12     28.39      0.00      3.50
 1494213128.11     0     30.94      0.00      4.13    12     28.58      0.00      3.46
 1494213128.21     0     31.19      0.00      4.17    12     28.33      0.00      3.44
 1494213128.31     0     30.90      0.00      4.14    12     28.34      0.00      3.51
 1494213128.41     0     30.93      0.00      4.16    12     28.32      0.00      3.52
 1494213128.51     0     30.87      0.00      4.17    12     28.34      0.00      3.54
 1494213128.61     0     30.94      0.00      4.16    12     28.33      0.00      3.51
 1494213128.71     0     30.92      0.00      4.07    12     28.31      0.00      3.51
 1494213128.81     0     30.91      0.00      4.15    12     28.32      0.00      3.48
 1494213128.91     0     30.95      0.00      4.10    12     28.34      0.00      3.45
 1494213129.01     0     30.87      0.00      4.05    12     28.33      0.00      3.41
 1494213129.11     0     30.93      0.00      4.13    12     28.38      0.00      3.46
 1494213129.21     0     30.90      0.00      4.04    12     28.33      0.00      3.44
 1494213129.31     0     30.95      0.00      4.14    12     28.31      0.00      3.55
 1494213129.41     0     30.90      0.00      4.08    12     28.63      0.00      3.51
 1494213129.51     0     30.92      0.00      4.13    12     28.32      0.00      3.45
 1494213129.61     0     31.21      0.00      4.22    12     28.34      0.00      3.40
 1494213129.71     0     30.92      0.00      4.15    12     28.35      0.00      3.53
 1494213129.81     0     30.96      0.00      4.08    12     28.34      0.00      3.49
 1494213129.91     0     30.92      0.00      4.14    12     28.33      0.00      3.51
 1494213130.01     0     30.95      0.00      4.11    12     28.34      0.00      3.40
 1494213130.11     0     30.93      0.00      4.14    12     28.33      0.00      3.49
 1494213130.21     0     30.90      0.00      4.13    12     28.35      0.00      3.47
 1494213130.31     0     30.89      0.00      4.03    12     28.39      0.00      3.49
 1494213130.41     0     30.89      0.00      4.11    12     28.32      0.00      3.56
 1494213130.51     0     30.92      0.00      4.04    12     28.32      0.00      3.56
 1494213130.61     0     30.91      0.00      4.12    12     28.33      0.00      3.47
 1494213130.71     0     30.90      0.00      4.14    12     28.62      0.00      3.59
 1494213130.81     0     30.89      0.00      4.12    12     28.34      0.00      3.39
 1494213130.91     0     31.22      0.00      4.11    12     28.34      0.00      3.48
 1494213131.01     0     30.97      0.00      4.07    12     28.34      0.00      3.59
 1494213131.11     0     30.92      0.00      4.13    12     28.32      0.00      3.48
 1494213131.21     0     30.91      0.00      4.14    12     28.31      0.00      3.45
 1494213131.31     0     30.89      0.00      4.10    12     28.36      0.00      3.53
 1494213131.41     0     30.93      0.00      4.13    12     28.33      0.00      3.51
 1494213131.51     0     30.91      0.00      4.14    12     28.36      0.00      3.52
 1494213131.62     0     30.94      0.00      4.05    12     28.31      0.00      3.56
 1494213131.72     0     30.89      0.00      4.18    12     28.35      0.00      3.49
 1494213131.82     0     30.92      0.00      4.14    12     28.32      0.00      3.54
 1494213131.92     0     30.92      0.00      4.13    12     28.61      0.00      3.55
 1494213132.02     0     30.92      0.00      4.16    12     28.32      0.00      3.52
 1494213132.12     0     30.96      0.00      4.15    12     28.33      0.00      3.55
 1494213132.22     0     31.21      0.00      4.14    12     28.32      0.00      3.44
 1494213132.32     0     30.92      0.00      4.17    12     28.35      0.00      3.53
 1494213132.42     0     30.92      0.00      4.13    12     28.32      0.00      3.44
 1494213132.52     0     30.91      0.00      4.10    12     28.34      0.00      3.54
 1494213132.62     0     30.95      0.00      4.17    12     28.33      0.00      3.55
 1494213132.72     0     30.91      0.00      4.15    12     28.36      0.00      3.54
 1494213132.82     0     30.90      0.00      4.02    12     28.31      0.00      3.58
 1494213132.92     0     30.93      0.00      4.11    12     28.36      0.00      3.55
 1494213133.02     0     30.92      0.00      4.15    12     28.60      0.00      3.58
 1494213133.12     0     31.01      0.00      4.15    12     28.36      0.00      3.50
 1494213133.22     0     30.90      0.00      4.11    12     28.34      0.00      3.51
 1494213133.32     0     30.89      0.00      4.08    12     28.32      0.00      3.50
 1494213133.42     0     30.93      0.00      4.07    12     28.35      0.00      3.55
 1494213133.52     0     30.94      0.00      4.13    12     28.33      0.00      3.40
 1494213133.62     0     31.19      0.00      4.13    12     28.34      0.00      3.50
 1494213133.72     0     30.91      0.00      4.14    12     28.32      0.00      3.45
 1494213133.82     0     30.90      0.00      4.05    12     28.36      0.00      3.49
 1494213133.92     0     30.90      0.00      4.18    12     28.32      0.00      3.49
 1494213134.02     0     30.92      0.00      4.11    12     28.39      0.00      3.57
 1494213134.12     0     30.92      0.00      4.13    12     28.32      0.00      3.38
 1494213134.22     0     30.96      0.00      4.05    12     28.35      0.00      3.55
 1494213134.32     0     30.85      0.00      4.11    12     28.63      0.00      3.58
 1494213134.42     0     30.90      0.00      4.10    12     28.34      0.00      3.48
 1494213134.52     0     30.90      0.00      4.18    12     28.33      0.00      3.52
 1494213134.62     0     30.90      0.00      4.10    12     28.36      0.00      3.50
 1494213134.72     0     30.92      0.00      4.06    12     28.32      0.00      3.48
 1494213134.82     0     30.92      0.00      4.11    12     28.35      0.00      3.50
 1494213134.92     0     30.89      0.00      4.14    12     28.33      0.00      3.44
 1494213135.02     0     31.23      0.00      4.13    12     28.37      0.00      3.44
 1494213135.12     0     30.90      0.00      4.10    12     28.33      0.00      3.54
 1494213135.22     0     30.97      0.00      4.09    12     28.30      0.00      3.50
 1494213135.32     0     30.89      0.00      4.13    12     28.33      0.00      3.54
 1494213135.42     0     30.91      0.00      4.14    12     28.33      0.00      3.45
 1494213135.52     0     30.90      0.00      4.12    12     28.61      0.00      3.53
 1494213135.62     0     30.88      0.00      4.16    12     28.35      0.00      3.50
 1494213135.72     0     30.93      0.00      4.11    12     28.32      0.00      3.48
 1494213135.82     0     30.91      0.00      4.06    12     28.30      0.00      3.51
 1494213135.92     0     30.90      0.00      4.14    12     28.36      0.00      3.44
 1494213136.02     0     30.99      0.00      4.16    12     28.53      0.00      3.82
 1494213136.12     0     31.22      0.00      4.09    12     29.03      0.00      4.45
 1494213136.22     0     31.20      0.00      4.09    12     28.39      0.00      3.56
 1494213136.32     0     31.26      0.00      4.12    12     28.29      0.00      3.50
 1494213136.42     0     31.19      0.00      4.07    12     28.31      0.00      3.43
 1494213136.52     0     31.49      0.00      4.14    12     28.33      0.00      3.52
 1494213136.62     0     31.22      0.00      4.08    12     28.32      0.00      3.46
 1494213136.72     0     31.17      0.00      4.09    12     28.32      0.00      3.54
 1494213136.82     0     31.22      0.00      4.07    12     28.33      0.00      3.48
 1494213136.92     0     31.19      0.00      4.02    12     28.60      0.00      3.49
 1494213137.02     0     31.21      0.00      4.08    12     28.31      0.00      3.45
 1494213137.12     0     31.20      0.00      4.15    12     28.34      0.00      3.56
 1494213137.22     0     31.19      0.00      4.15    12     28.32      0.00      3.55
 1494213137.32     0     31.21      0.00      4.12    12     28.36      0.00      3.48
 1494213137.42     0     31.17      0.00      4.13    12     28.31      0.00      3.52
 1494213137.52     0     31.27      0.00      4.16    12     28.30      0.00      3.43
 1494213137.63     0     31.18      0.00      4.08    12     28.33      0.00      3.53
 1494213137.73     0     31.21      0.00      4.14    12     28.33      0.00      3.55
 1494213137.83     0     31.44      0.00      4.13    12     28.34      0.00      3.44
 1494213137.93     0     30.93      0.00      4.12    12     28.30      0.00      3.47
 1494213138.03     0     30.92      0.00      4.11    12     28.33      0.00      3.57
 1494213138.13     0     30.95      0.00      4.13    12     28.33      0.00      3.35
 1494213138.23     0     30.92      0.00      4.18    12     28.62      0.00      3.44
 1494213138.33     0     30.90      0.00      4.12    12     28.34      0.00      3.35
 1494213138.43     0     30.99      0.00      4.07    12     28.35      0.00      3.40
 1494213138.53     0     30.89      0.00      4.06    12     28.30      0.00      3.50
 1494213138.63     0     30.90      0.00      4.09    12     28.31      0.00      3.55
 1494213138.73     0     30.92      0.00      4.11    12     28.31      0.00      3.54
 1494213138.83     0     30.93      0.00      4.16    12     28.32      0.00      3.31
 1494213138.93     0     30.90      0.00      4.13    12     28.29      0.00      3.53
 1494213139.03     0     30.92      0.00      4.17    12     28.33      0.00      3.44
 1494213139.13     0     31.22      0.00      4.15    12     28.32      0.00      3.47
 1494213139.23     0     30.90      0.00      4.17    12     28.31      0.00      3.42
 1494213139.33     0     30.92      0.00      4.14    12     28.59      0.00      3.46
 1494213139.43     0     30.89      0.00      4.11    12     28.32      0.00      3.53
 1494213139.53     0     30.89      0.00      4.09    12     28.36      0.00      3.45
 1494213139.63     0     30.93      0.00      4.13    12     28.31      0.00      3.55
 1494213139.73     0     30.86      0.00      4.13    12     28.31      0.00      3.52
 1494213139.83     0     30.92      0.00      4.12    12     28.31      0.00      3.43
 1494213139.93     0     30.93      0.00      4.05    12     28.33      0.00      3.43
 1494213140.03     0     30.91      0.00      4.13    12     28.31      0.00      3.48
 1494213140.13     0     30.92      0.00      4.16    12     28.33      0.00      3.48
 1494213140.23     0     30.92      0.00      4.11    12     28.33      0.00      3.52
 1494213140.33     0     30.89      0.00      4.11    12     28.33      0.00      3.56
 1494213140.43     0     30.92      0.00      4.11    12     28.33      0.00      3.54
 1494213140.53     0     31.22      0.00      4.17    12     28.31      0.00      3.53
 1494213140.63     0     30.98      0.00      4.06    12     28.60      0.00      3.57
 1494213140.73     0     30.86      0.00      4.14    12     28.36      0.00      3.52
 1494213140.83     0     30.94      0.00      3.96    12     28.31      0.00      3.53
 1494213140.93     0     30.90      0.00      4.11    12     28.32      0.00      3.42
 1494213141.03     0     30.92      0.00      4.09    12     28.30      0.00      3.44
 1494213141.13     0     30.92      0.00      4.12    12     28.32      0.00      3.46
 1494213141.23     0     30.89      0.00      4.08    12     28.33      0.00      3.49
 1494213141.33     0     30.91      0.00      4.09    12     28.31      0.00      3.54
 1494213141.43     0     30.91      0.00      4.10    12     28.29      0.00      3.48
 1494213141.53     0     30.89      0.00      4.11    12     28.31      0.00      3.47
 1494213141.63     0     30.91      0.00      4.11    12     28.32      0.00      3.50
 1494213141.73     0     30.92      0.00      4.04    12     28.31      0.00      3.53
 1494213141.83     0     31.20      0.00      4.21    12     28.60      0.00      3.58
 1494213141.93     0     30.92      0.00      4.11    12     28.06      0.00      3.50
 1494213142.03     0     30.92      0.00      4.14    12     28.60      0.00      3.49
 1494213142.13     0     30.93      0.00      4.08    12     28.31      0.00      3.50
 1494213142.23     0     30.89      0.00      4.05    12     28.31      0.00      3.55
 1494213142.33     0     30.89      0.00      4.03    12     28.33      0.00      3.50
 1494213142.43     0     30.91      0.00      4.15    12     28.31      0.00      3.52
 1494213142.53     0     30.88      0.00      4.13    12     28.32      0.00      3.39
 1494213142.63     0     30.92      0.00      4.12    12     28.31      0.00      3.48
 1494213142.73     0     30.88      0.00      4.09    12     28.34      0.00      3.47
 1494213142.83     0     30.93      0.00      4.11    12     28.30      0.00      3.54
 1494213142.93     0     30.90      0.00      4.09    12     28.37      0.00      3.54
 1494213143.03     0     30.90      0.00      4.10    12     28.30      0.00      3.51
 1494213143.13     0     30.92      0.00      4.12    12     28.30      0.00      3.52
 1494213143.23     0     30.88      0.00      4.10    12     28.58      0.00      3.51
 1494213143.33     0     31.23      0.00      4.07    12     28.34      0.00      3.51
 1494213143.43     0     30.88      0.00      4.10    12     28.33      0.00      3.51
 1494213143.53     0     30.89      0.00      4.15    12     28.31      0.00      3.59
 1494213143.64     0     30.92      0.00      4.07    12     28.29      0.00      3.59
 1494213143.74     0     30.92      0.00      4.03    12     28.31      0.00      3.52
 1494213143.84     0     30.98      0.00      4.08    12     28.35      0.00      3.35
 1494213143.94     0     30.87      0.00      4.12    12     28.32      0.00      3.47
 1494213144.04     0     30.96      0.00      4.11    12     28.38      0.00      3.34
 1494213144.14     0     30.93      0.00      4.13    12     28.37      0.00      3.46
 1494213144.24     0     30.92      0.00      4.12    12     28.30      0.00      3.54
 1494213144.34     0     30.94      0.00      4.14    12     28.32      0.00      3.54
 1494213144.44     0     30.89      0.00      4.14    12     28.32      0.00      3.49
 1494213144.54     0     30.89      0.00      4.09    12     28.58      0.00      3.56
 1494213144.64     0     31.32      0.00      4.22    12     28.37      0.00      3.58
 1494213144.74     0     32.23      0.00      6.24    12     28.33      0.00      3.96
 1494213144.84     0     31.96      0.00      6.33    12     28.36      0.00      3.45
 1494213144.94     0     32.20      0.00      6.34    12     28.34      0.00      3.53
 1494213145.04     0     32.09      0.00      6.32    12     28.31      0.00      3.53
 1494213145.14     0     31.98      0.00      6.21    12     28.36      0.00      3.51
 1494213145.24     0     31.88      0.00      6.28    12     28.37      0.00      3.57
 1494213145.34     0     39.30      0.00      8.37    12     35.60      0.00      5.50
 1494213145.44     0     40.74      0.00      9.36    12     38.54      0.00      4.29
 1494213145.54     0     31.85      0.00      6.49    12     28.33      0.00      3.53
 1494213145.64     0     31.99      0.00      6.58    12     28.35      0.00      3.55
 1494213145.74     0     32.01      0.00      6.66    12     28.62      0.00      3.45
 1494213145.84     0     32.33      0.00      6.91    12     28.36      0.00      3.59
 1494213145.94     0     31.62      0.00      6.80    12     28.34      0.00      3.50
 1494213146.04     0     31.38      0.00      5.87    12     28.34      0.00      3.49
 1494213146.14     0     31.09      0.00      6.08    12     28.34      0.00      3.40
 1494213146.24     0     31.15      0.00      5.97    12     28.34      0.00      3.49
 1494213146.34     0     31.17      0.00      6.02    12     28.34      0.00      3.53
 1494213146.44     0     31.24      0.00      6.14    12     28.37      0.00      3.47
 1494213146.54     0     31.56      0.00      6.04    12     28.31      0.00      3.56
 1494213146.64     0     31.56      0.00      5.95    12     28.35      0.00      3.56
 1494213146.74     0     31.55      0.00      6.02    12     28.33      0.00      3.58
 1494213146.84     0     31.55      0.00      6.05    12     28.36      0.00      3.57
 1494213146.94     0     31.57      0.00      6.04    12     28.33      0.00      3.56
 1494213147.04     0     31.66      0.00      5.95    12     28.60      0.00      3.49
 1494213147.14     0     31.71      0.00      6.36    12     28.61      0.00      4.19
 1494213147.24     0     31.25      0.00      6.19    12     28.34      0.00      3.54
 1494213147.34     0     31.50      0.00      5.91    12     28.35      0.00      3.55
 1494213147.44     0     31.09      0.00      5.49    12     28.33      0.00      3.47
 1494213147.54     0     31.07      0.00      5.50    12     28.38      0.00      3.55
 1494213147.64     0     31.07      0.00      5.47    12     28.32      0.00      3.53
 1494213147.74     0     31.02      0.00      5.34    12     28.31      0.00      3.52
 1494213147.84     0     31.03      0.00      5.20    12     28.35      0.00      3.52
 1494213147.94     0     31.00      0.00      5.29    12     28.32      0.00      3.49
 1494213148.04     0     31.05      0.00      5.38    12     28.33      0.00      3.61
 1494213148.14     0     31.20      0.00      5.66    12     28.35      0.00      3.87
 1494213148.24     0     30.86      0.00      5.71    12     28.63      0.00      3.71
 1494213148.34     0     30.82      0.00      5.75    12     28.31      0.00      3.51
 1494213148.44     0     30.85      0.00      5.74    12     28.31      0.00      3.45
 1494213148.54     0     30.79      0.00      5.82    12     28.34      0.00      3.51
 1494213148.64     0     31.04      0.00      5.90    12     28.32      0.00      3.53
 1494213148.74     0     30.75      0.00      5.85    12     28.38      0.00      3.51
 1494213148.84     0     30.71      0.00      5.73    12     28.33      0.00      3.46
 1494213148.94     0     30.73      0.00      5.88    12     28.35      0.00      3.42
 1494213149.04     0     30.62      0.00      5.88    12     28.32      0.00      3.51
 1494213149.14     0     30.74      0.00      5.88    12     28.34      0.00      3.55
 1494213149.24     0     30.59      0.00      5.88    12     28.33      0.00      3.47
 1494213149.34     0     30.65      0.00      5.93    12     28.32      0.00      3.52
 1494213149.44     0     30.66      0.00      5.93    12     28.33      0.00      3.52
 1494213149.54     0     30.64      0.00      5.91    12     28.63      0.00      3.57
 1494213149.65     0     30.64      0.00      5.93    12     28.34      0.00      3.48
 1494213149.75     0     30.64      0.00      5.87    12     28.36      0.00      3.53
 1494213149.85     0     30.67      0.00      5.93    12     28.33      0.00      3.54
 1494213149.95     0     30.63      0.00      5.95    12     28.33      0.00      3.54
 1494213150.05     0     30.94      0.00      6.02    12     28.31      0.00      3.59
 1494213150.15     0     30.63      0.00      5.90    12     28.33      0.00      3.52
 1494213150.25     0     30.64      0.00      5.98    12     28.30      0.00      3.58
 1494213150.35     0     30.56      0.00      5.96    12     28.33      0.00      3.57
 1494213150.45     0     30.60      0.00      5.99    12     28.35      0.00      3.53
 1494213150.55     0     30.65      0.00      5.89    12     28.34      0.00      3.58
 1494213150.65     0     30.60      0.00      5.90    12     28.34      0.00      3.52
 1494213150.75     0     30.61      0.00      5.99    12     28.34      0.00      3.49
 1494213150.85     0     30.64      0.00      6.00    12     28.38      0.00      3.52
 1494213150.95     0     30.61      0.00      5.91    12     28.60      0.00      3.59
 1494213151.05     0     30.62      0.00      5.91    12     28.33      0.00      3.57
 1494213151.15     0     30.64      0.00      5.96    12     28.35      0.00      3.54
 1494213151.25     0     30.68      0.00      5.93    12     28.37      0.00      3.53
 1494213151.35     0     30.63      0.00      5.93    12     28.33      0.00      3.44
 1494213151.45     0     30.95      0.00      5.97    12     28.29      0.00      3.52
 1494213151.55     0     30.62      0.00      5.99    12     28.36      0.00      3.53
 1494213151.65     0     30.62      0.00      5.88    12     28.31      0.00      3.46
 1494213151.75     0     30.63      0.00      5.88    12     28.32      0.00      3.48
 1494213151.85     0     30.60      0.00      5.88    12     28.33      0.00      3.54
 1494213151.95     0     30.68      0.00      5.93    12     28.33      0.00      3.48
 1494213152.05     0     30.64      0.00      5.86    12     28.34      0.00      3.50
 1494213152.15     0     30.67      0.00      5.83    12     28.61      0.00      3.57
 1494213152.25     0     30.67      0.00      5.81    12     28.31      0.00      3.52
 1494213152.35     0     30.69      0.00      5.87    12     28.35      0.00      3.53
 1494213152.45     0     30.65      0.00      5.87    12     28.32      0.00      3.45
 1494213152.55     0     30.67      0.00      5.80    12     28.30      0.00      3.59
 1494213152.65     0     30.67      0.00      5.85    12     28.30      0.00      3.54
 1494213152.75     0     30.75      0.00      5.77    12     28.33      0.00      3.46
 1494213152.85     0     31.11      0.00      5.85    12     28.33      0.00      3.50
 1494213152.95     0     30.86      0.00      5.67    12     28.31      0.00      3.52
 1494213153.05     0     30.97      0.00      5.54    12     28.33      0.00      3.41
 1494213153.15     0     31.00      0.00      5.32    12     28.35      0.00      3.53
 1494213153.25     0     31.05      0.00      5.27    12     28.32      0.00      3.55
 1494213153.35     0     31.05      0.00      5.27    12     28.31      0.00      3.57
 1494213153.45     0     31.05      0.00      5.25    12     28.61      0.00      3.53
 1494213153.55     0     31.10      0.00      5.46    12     28.32      0.00      3.52
 1494213153.65     0     31.21      0.00      5.78    12     28.31      0.00      3.54
 1494213153.75     0     31.23      0.00      5.82    12     28.30      0.00      3.53
 1494213153.85     0     31.29      0.00      5.90    12     28.35      0.00      3.50
 1494213153.95     0     31.26      0.00      5.73    12     28.32      0.00      3.54
 1494213154.05     0     31.93      0.00      5.01    12     28.38      0.00      3.67
 1494213154.15     0     31.53      0.00      5.64    12     28.28      0.00      3.60
 1494213154.25     0     31.57      0.00      5.71    12     28.36      0.00      3.43
 1494213154.35     0     32.20      0.00      6.29    12     28.30      0.00      3.48
 1494213154.45     0     31.91      0.00      5.36    12     28.33      0.00      3.57
 1494213154.55     0     31.70      0.00      4.41    12     28.32      0.00      3.63
 1494213154.65     0     32.98      0.00      6.75    12     28.60      0.00      3.64
 1494213154.75     0     32.58      0.00      6.54    12     28.35      0.00      3.48
 1494213154.85     0     32.54      0.00      6.67    12     28.32      0.00      3.57
 1494213154.95     0     32.85      0.00      6.74    12     28.34      0.00      3.74
 1494213155.05     0     32.72      0.00      6.47    12     28.33      0.00      3.55
 1494213155.15     0     33.71      0.00      4.53    12     28.30      0.00      3.46
 1494213155.25     0     32.18      0.00      5.93    12     28.35      0.00      3.59
 1494213155.35     0     32.93      0.00      5.82    12     28.35      0.00      3.87
 1494213155.45     0     33.15      0.00      4.27    12     28.35      0.00      3.55
 1494213155.55     0     37.71      0.00      6.27    12     33.57      0.00      5.57
 1494213155.66     0     54.22      0.00      9.28    12     44.43      0.00      8.01
 1494213155.76     0     55.58      0.00      7.70    12     49.98      0.00      5.24
 1494213155.86     0     43.40      0.00      6.33    12     54.01      0.00      5.26
 1494213155.96     0     43.45      0.00      6.45    12     53.46      0.00      5.27
 1494213156.06     0     43.46      0.00      6.40    12     53.52      0.00      5.20
 1494213156.16     0     43.41      0.00      6.38    12     53.49      0.00      5.20
 1494213156.26     0     43.42      0.00      6.17    12     53.52      0.00      5.14
 1494213156.36     0     43.86      0.00      6.30    12     53.59      0.00      5.16
 1494213156.46     0     43.00      0.00      6.29    12     53.70      0.00      5.21
 1494213156.56     0     27.67      0.00      7.39    12     61.86      0.00      5.70
 1494213156.66     0     63.15      0.00     12.62    12     68.74      0.00     11.87
 1494213156.76     0     71.23      0.00     12.47    12     70.41      0.00     10.07
 1494213156.86     0     49.29      0.00      8.98    12     48.38      0.00      7.07
 1494213156.96     0     32.40      0.00      6.73    12     28.36      0.00      3.47
 1494213157.06     0     32.47      0.00      6.83    12     28.37      0.00      3.57
 1494213157.16     0     32.43      0.00      6.91    12     28.43      0.00      3.88
 1494213157.26     0     31.77      0.00      4.86    12     29.17      0.00      7.00
 1494213157.36     0     31.64      0.00      4.32    12     29.23      0.00      7.30
 1494213157.46     0     31.98      0.00      4.17    12     29.24      0.00      7.63
 1494213157.56     0     31.41      0.00      4.92    12     28.93      0.00      6.75
 1494213157.66     0     31.34      0.00      5.44    12     28.42      0.00      4.82
 1494213157.76     0     30.97      0.00      4.14    12     28.60      0.00      3.59
 1494213157.86     0     31.33      0.00      4.87    12     28.36      0.00      3.81
 1494213157.96     0     31.11      0.00      5.92    12     28.33      0.00      3.53
 1494213158.06     0     31.14      0.00      5.87    12     28.35      0.00      3.47
 1494213158.16     0     31.06      0.00      5.21    12     28.52      0.00      5.46
 1494213158.26     0     30.98      0.00      4.96    12     28.56      0.00      5.89
 1494213158.36     0     31.26      0.00      5.52    12     28.43      0.00      4.45
 1494213158.46     0     31.98      0.00      5.91    12     28.34      0.00      3.51
 1494213158.56     0     32.00      0.00      6.02    12     28.32      0.00      3.42
 1494213158.66     0     31.98      0.00      5.97    12     28.30      0.00      3.44
 1494213158.76     0     31.98      0.00      6.00    12     28.37      0.00      3.45
 1494213158.86     0     31.91      0.00      5.99    12     28.34      0.00      4.14
 1494213158.96     0     32.16      0.00      5.71    12     28.73      0.00      5.34
 1494213159.06     0     31.89      0.00      5.84    12     28.42      0.00      5.27
 1494213159.16     0     31.81      0.00      5.78    12     28.46      0.00      5.29
 1494213159.26     0     31.75      0.00      5.76    12     28.44      0.00      5.19
 1494213159.36     0     31.29      0.00      6.12    12     28.37      0.00      3.93
 1494213159.46     0     31.17      0.00      5.67    12     28.36      0.00      4.23
 1494213159.56     0     31.04      0.00      5.52    12     28.31      0.00      3.74
 1494213159.66     0     30.87      0.00      5.22    12     28.38      0.00      4.81
 1494213159.76     0     30.76      0.00      5.05    12     28.33      0.00      4.79
 1494213159.86     0     30.70      0.00      5.05    12     28.37      0.00      4.53
 1494213159.96     0     30.74      0.00      5.04    12     28.34      0.00      4.86
 1494213160.06     0     30.73      0.00      5.09    12     28.37      0.00      4.57
 1494213160.16     0     30.75      0.00      5.08    12     28.35      0.00      4.83
 1494213160.26     0     31.03      0.00      5.20    12     28.62      0.00      4.82
 1494213160.36     0     30.72      0.00      5.17    12     28.34      0.00      4.41
 1494213160.46     0     30.67      0.00      5.16    12     28.37      0.00      4.80
 1494213160.56     0     30.67      0.00      5.18    12     28.34      0.00      4.68
 1494213160.66     0     30.70      0.00      5.20    12     28.35      0.00      4.56
 1494213160.76     0     30.73      0.00      5.14    12     28.35      0.00      4.29
 1494213160.86     0     30.63      0.00      5.20    12     28.36      0.00      5.05
 1494213160.96     0     30.72      0.00      5.21    12     28.38      0.00      4.72
 1494213161.06     0     30.70      0.00      5.17    12     28.33      0.00      4.61
 1494213161.16     0     30.68      0.00      5.14    12     28.35      0.00      5.04
 1494213161.27     0     30.67      0.00      5.18    12     28.34      0.00      4.47
 1494213161.37     0     30.71      0.00      5.24    12     28.35      0.00      4.56
 1494213161.47     0     30.71      0.00      5.21    12     28.33      0.00      4.88
 1494213161.57     0     30.94      0.00      5.19    12     28.63      0.00      4.76
 1494213161.67     0     30.69      0.00      5.22    12     28.35      0.00      4.62
 1494213161.77     0     30.68      0.00      5.17    12     28.35      0.00      4.37
 1494213161.87     0     30.72      0.00      5.18    12     28.36      0.00      4.99
 1494213161.97     0     30.63      0.00      5.22    12     28.33      0.00      4.52
 1494213162.07     0     30.73      0.00      5.16    12     28.34      0.00      4.47
 1494213162.17     0     30.68      0.00      5.22    12     28.36      0.00      4.63
 1494213162.27     0     30.70      0.00      5.11    12     28.34      0.00      5.04
 1494213162.37     0     30.68      0.00      5.23    12     28.33      0.00      4.52
 1494213162.47     0     30.73      0.00      5.23    12     28.34      0.00      4.43
 1494213162.57     0     30.68      0.00      5.22    12     28.36      0.00      4.57
 1494213162.67     0     30.67      0.00      5.12    12     28.35      0.00      4.97
 1494213162.77     0     30.65      0.00      5.23    12     28.65      0.00      4.64
 1494213162.87     0     30.78      0.00      5.24    12     28.34      0.00      4.38
 1494213162.97     0     30.76      0.00      5.13    12     28.34      0.00      4.80
 1494213163.07     0     30.98      0.00      5.28    12     28.33      0.00      4.76
 1494213163.17     0     30.73      0.00      5.16    12     28.33      0.00      4.46
 1494213163.27     0     30.70      0.00      5.18    12     28.34      0.00      4.42
 1494213163.37     0     30.69      0.00      5.27    12     28.39      0.00      4.59
 1494213163.47     0     30.72      0.00      5.18    12     28.33      0.00      4.94
 1494213163.57     0     30.69      0.00      5.17    12     28.32      0.00      4.60
 1494213163.67     0     30.70      0.00      5.26    12     28.33      0.00      4.44
 1494213163.77     0     30.73      0.00      5.20    12     28.35      0.00      4.39
 1494213163.87     0     30.71      0.00      5.16    12     28.35      0.00      4.34
 1494213163.97     0     30.79      0.00      5.22    12     28.36      0.00      4.62
 1494213164.07     0     30.75      0.00      5.24    12     28.65      0.00      4.68
 1494213164.17     0     30.72      0.00      5.18    12     28.34      0.00      4.60
 1494213164.27     0     30.71      0.00      5.13    12     28.30      0.00      4.32
 1494213164.37     0     30.99      0.00      5.17    12     28.34      0.00      4.13
 1494213164.47     0     30.71      0.00      5.13    12     28.37      0.00      4.34
 1494213164.57     0     30.74      0.00      5.24    12     28.33      0.00      4.39
 1494213164.67     0     30.70      0.00      5.21    12     28.32      0.00      4.44
 1494213164.77     0     30.73      0.00      5.19    12     28.32      0.00      4.33
 1494213164.87     0     30.75      0.00      5.10    12     28.32      0.00      4.40
 1494213164.97     0     30.70      0.00      5.17    12     28.33      0.00      4.44
 1494213165.07     0     30.78      0.00      5.11    12     28.36      0.00      4.35
 1494213165.17     0     30.72      0.00      5.17    12     28.35      0.00      4.34
 1494213165.27     0     30.77      0.00      5.06    12     28.65      0.00      4.54
 1494213165.37     0     30.74      0.00      5.11    12     28.36      0.00      4.53
 1494213165.47     0     30.72      0.00      5.03    12     28.31      0.00      4.12
 1494213165.57     0     30.76      0.00      5.03    12     28.37      0.00      4.28
 1494213165.67     0     31.04      0.00      4.97    12     28.32      0.00      4.30
 1494213165.77     0     30.79      0.00      5.06    12     28.35      0.00      4.38
 1494213165.87     0     30.80      0.00      5.09    12     28.39      0.00      4.24
 1494213165.97     0     30.81      0.00      5.06    12     28.31      0.00      4.15
 1494213166.07     0     30.77      0.00      5.07    12     28.37      0.00      4.07
 1494213166.17     0     31.74      0.00      5.06    12     28.33      0.00      4.33
 1494213166.27     0     31.75      0.00      5.03    12     28.31      0.00      4.04
 1494213166.37     0     31.74      0.00      4.89    12     28.32      0.00      4.21
 1494213166.47     0     31.79      0.00      4.99    12     28.34      0.00      3.90
 1494213166.57     0     31.81      0.00      4.98    12     28.63      0.00      4.14
 1494213166.67     0     31.79      0.00      4.98    12     28.32      0.00      3.99
 1494213166.77     0     31.86      0.00      4.96    12     28.33      0.00      4.01
 1494213166.87     0     31.82      0.00      4.96    12     28.32      0.00      3.89
 1494213166.97     0     31.88      0.00      4.94    12     28.31      0.00      3.93
 1494213167.07     0     32.18      0.00      4.98    12     28.33      0.00      3.79
 1494213167.17     0     31.54      0.00      4.98    12     28.34      0.00      3.82
 1494213167.28     0     32.24      0.00      4.99    12     28.30      0.00      3.84
 1494213167.38     0     31.86      0.00      4.95    12     28.32      0.00      3.72
 1494213167.48     0     31.91      0.00      4.95    12     28.35      0.00      3.65
 1494213167.58     0     31.91      0.00      4.95    12     28.33      0.00      3.70
 1494213167.68     0     32.45      0.00      6.07    12     28.32      0.00      4.07
 1494213167.78     0     32.49      0.00      5.82    12     28.62      0.00      4.09
 1494213167.88     0     32.44      0.00      5.76    12     28.32      0.00      3.43
 1494213167.98     0     32.43      0.00      5.60    12     28.41      0.00      4.19
 1494213168.08     0     32.37      0.00      5.02    12     28.47      0.00      5.86
 1494213168.18     0     32.40      0.00      5.03    12     28.46      0.00      5.87
 1494213168.28     0     33.19      0.00      5.09    12     28.45      0.00      4.69
 1494213168.38     0     33.12      0.00      5.84    12     28.35      0.00      4.31
 1494213168.48     0     34.79      0.00      6.62    12     28.40      0.00      4.20
 1494213168.58     0     34.02      0.00      6.05    12     28.34      0.00      3.70
 1494213168.68     0     33.94      0.00      6.02    12     28.38      0.00      3.58
 1494213168.78     0     33.87      0.00      5.44    12     28.55      0.00      5.45
 1494213168.88     0     33.83      0.00      5.27    12     28.55      0.00      6.08
 1494213168.98     0     33.58      0.00      5.89    12     28.74      0.00      5.29
 1494213169.08     0     33.48      0.00      6.16    12     28.19      0.00      4.68
 1494213169.18     0     35.89      0.00      4.86    12     28.60      0.00      3.94
 1494213169.28     0     36.19      0.00      4.56    12     28.35      0.00      3.54
 1494213169.38     0     35.48      0.00      6.07    12     28.39      0.00      4.19
 1494213169.48     0     34.56      0.00      6.39    12     29.22      0.00      3.91
 1494213169.58     0     33.73      0.00      6.56    12     28.35      0.00      3.44
 1494213169.68     0     33.71      0.00      6.33    12     28.37      0.00      3.62
 1494213169.78     0     33.66      0.00      6.13    12     28.31      0.00      3.48
 1494213169.88     0     32.47      0.00      6.20    12     28.37      0.00      3.60
 1494213169.98     0     32.10      0.00      6.21    12     28.33      0.00      3.55
 1494213170.08     0     31.56      0.00      5.93    12     28.33      0.00      3.50
 1494213170.18     0     31.79      0.00      5.86    12     28.36      0.00      3.54
 1494213170.28     0     32.57      0.00      8.11    12     28.44      0.00      3.64
 1494213170.38     0     32.98      0.00      6.28    12     28.68      0.00      3.78
 1494213170.48     0     33.00      0.00      6.62    12     28.37      0.00      3.45
 1494213170.58     0     32.98      0.00      6.59    12     28.34      0.00      3.52
 1494213170.68     0     33.03      0.00      6.63    12     28.37      0.00      3.58
 1494213170.78     0     32.75      0.00      5.95    12     28.47      0.00      3.89
 1494213170.88     0     31.86      0.00      5.50    12     28.37      0.00      3.79
 1494213170.98     0     31.05      0.00      5.49    12     28.33      0.00      3.49
 1494213171.08     0     31.08      0.00      5.44    12     28.36      0.00      3.50
 1494213171.18     0     31.06      0.00      5.46    12     28.33      0.00      3.37
 1494213171.28     0     31.02      0.00      5.47    12     28.33      0.00      3.51
 1494213171.38     0     31.09      0.00      5.52    12     28.31      0.00      3.41
 1494213171.48     0     31.39      0.00      5.64    12     28.37      0.00      3.55
 1494213171.58     0     31.04      0.00      5.43    12     28.61      0.00      3.52
 1494213171.68     0     31.05      0.00      5.55    12     28.35      0.00      3.55
 1494213171.78     0     31.07      0.00      5.56    12     28.35      0.00      3.49
 1494213171.88     0     31.07      0.00      5.51    12     28.34      0.00      3.48
 1494213171.98     0     30.86      0.00      5.52    12     28.35      0.00      3.42
 1494213172.08     0     30.75      0.00      5.54    12     28.34      0.00      3.57
 1494213172.18     0     30.83      0.00      5.51    12     28.34      0.00      3.50
 1494213172.28     0     30.76      0.00      5.44    12     28.33      0.00      3.52
 1494213172.38     0     30.81      0.00      5.48    12     28.33      0.00      3.45
 1494213172.48     0     30.79      0.00      5.46    12     28.38      0.00      3.45
 1494213172.58     0     30.77      0.00      5.45    12     28.38      0.00      3.53
 1494213172.68     0     30.69      0.00      5.42    12     28.31      0.00      3.56
 1494213172.78     0     31.13      0.00      5.51    12     28.60      0.00      3.51
 1494213172.88     0     30.80      0.00      5.49    12     28.35      0.00      3.51
 1494213172.98     0     30.74      0.00      5.42    12     28.35      0.00      3.46
 1494213173.08     0     30.84      0.00      5.43    12     28.38      0.00      3.50
 1494213173.18     0     30.80      0.00      5.45    12     28.34      0.00      3.46
 1494213173.29     0     30.82      0.00      5.42    12     28.35      0.00      3.51
 1494213173.39     0     30.79      0.00      5.45    12     28.34      0.00      3.52
 1494213173.49     0     32.97      0.00      5.25    12     31.50      0.00      4.36
 1494213173.59     0     34.05      0.00      6.04    12     33.73      0.00      4.50
 1494213173.69     0     33.84      0.00      5.40    12     33.75      0.00      4.41
 1494213173.79     0     33.81      0.00      5.81    12     33.67      0.00      4.49
 1494213173.89     0     37.72      0.00      7.18    12     33.69      0.00      5.76
 1494213173.99     0     60.37      0.00     10.88    12     47.87      0.00      9.99
 1494213174.09     0     46.13      0.00     11.40    12     54.51      0.00      8.72
 1494213174.19     0     58.35      0.00      9.79    12     59.45      0.00      9.87
 1494213174.29     0     61.92      0.00     11.32    12     59.95      0.00      8.52
 1494213174.39     0     53.43      0.00     10.71    12     60.05      0.00      8.27
 1494213174.49     0     46.11      0.00      7.30    12     47.40      0.00      7.54
 1494213174.59     0     40.99      0.00      6.70    12     39.63      0.00      6.11
 1494213174.69     0     31.26      0.00      5.32    12     28.53      0.00      5.06
 1494213174.79     0     32.27      0.00      6.17    12     28.40      0.00      3.68
 1494213174.89     0     32.23      0.00      6.13    12     28.37      0.00      3.54
 1494213174.99     0     32.50      0.00      6.04    12     28.74      0.00      4.73
 1494213175.09     0     32.15      0.00      5.66    12     28.53      0.00      5.77
 1494213175.19     0     32.09      0.00      5.76    12     28.53      0.00      5.60
 1494213175.29     0     32.17      0.00      5.86    12     28.39      0.00      4.13
 1494213175.39     0     34.58      0.00      4.64    12     28.36      0.00      3.61
 1494213175.49     0     37.00      0.00      5.11    12     32.59      0.00      4.58
 1494213175.59     0     63.62      0.00     10.18    12     64.45      0.00     10.38
 1494213175.69     0     42.15      0.00      7.01    12     40.41      0.00      6.48
 1494213175.79     0     33.63      0.00      4.51    12     29.11      0.00      3.99
 1494213175.89     0     62.69      0.00      7.73    12     64.30      0.00      8.83
 1494213175.99     0     62.00      0.00      5.60    12     62.75      0.00      5.31
 1494213176.09     0     62.06      0.00      5.43    12     63.28      0.00      5.08
 1494213176.19     0     62.63      0.00      5.59    12     62.73      0.00      5.21
 1494213176.29     0     62.02      0.00      5.47    12     62.68      0.00      5.16
 1494213176.39     0     61.99      0.00      5.41    12     62.73      0.00      5.09
 1494213176.49     0     61.99      0.00      5.43    12     62.75      0.00      5.08
 1494213176.59     0     62.00      0.00      5.51    12     62.85      0.00      5.10
 1494213176.69     0     62.18      0.00      5.37    12     62.80      0.00      5.12
 1494213176.79     0     61.94      0.00      5.45    12     62.76      0.00      5.07
 1494213176.89     0     62.06      0.00      5.39    12     62.72      0.00      5.08
 1494213176.99     0     62.07      0.00      5.43    12     62.93      0.00      5.13
 1494213177.09     0     62.06      0.00      5.45    12     63.27      0.00      5.15
 1494213177.19     0     62.64      0.00      5.36    12     62.82      0.00      5.10
 1494213177.29     0     62.02      0.00      5.45    12     62.79      0.00      5.09
 1494213177.39     0     62.02      0.00      5.41    12     62.82      0.00      5.16
 1494213177.49     0     62.01      0.00      5.32    12     62.82      0.00      5.01
 1494213177.59     0     62.07      0.00      5.41    12     62.74      0.00      5.12
 1494213177.69     0     62.12      0.00      5.47    12     62.91      0.00      5.06
 1494213177.79     0     62.07      0.00      5.46    12     62.77      0.00      5.14
 1494213177.89     0     62.08      0.00      5.38    12     62.85      0.00      5.06
 1494213177.99     0     62.12      0.00      5.34    12     62.86      0.00      4.98
 1494213178.09     0     62.06      0.00      5.42    12     63.05      0.00      5.00
 1494213178.19     0     62.15      0.00      5.48    12     63.44      0.00      5.22
 1494213178.29     0     62.83      0.00      5.56    12     63.01      0.00      5.19
 1494213178.39     0     62.07      0.00      5.44    12     63.03      0.00      5.16
 1494213178.49     0     62.12      0.00      5.37    12     62.94      0.00      5.13
 1494213178.60     0     62.06      0.00      5.48    12     63.07      0.00      5.23
 1494213178.70     0     62.07      0.00      5.26    12     63.02      0.00      5.21
 1494213178.80     0     62.17      0.00      5.41    12     63.07      0.00      5.18
 1494213178.90     0     61.91      0.00      5.36    12     62.96      0.00      5.09
 1494213179.00     0     62.17      0.00      5.47    12     62.97      0.00      5.22
 1494213179.10     0     62.08      0.00      5.49    12     63.08      0.00      5.25
 1494213179.20     0     62.09      0.00      5.44    12     62.98      0.00      5.24
 1494213179.30     0     62.71      0.00      5.50    12     63.61      0.00      5.19
 1494213179.40     0     62.11      0.00      5.34    12     62.96      0.00      5.11
 1494213179.50     0     62.14      0.00      5.40    12     62.93      0.00      5.17
 1494213179.60     0     62.10      0.00      5.40    12     62.97      0.00      5.23
 1494213179.70     0     62.17      0.00      5.49    12     63.10      0.00      5.28
 1494213179.80     0     62.17      0.00      5.49    12     62.96      0.00      5.27
 1494213179.90     0     62.21      0.00      5.32    12     63.00      0.00      5.11
 1494213180.00     0     62.20      0.00      5.37    12     63.00      0.00      4.98
 1494213180.10     0     62.19      0.00      5.36    12     63.18      0.00      5.08
 1494213180.20     0     62.26      0.00      5.58    12     63.17      0.00      5.44
 1494213180.30     0     62.20      0.00      5.39    12     63.69      0.00      5.37
 1494213180.40     0     62.73      0.00      5.41    12     63.09      0.00      5.12
 1494213180.50     0     62.19      0.00      5.34    12     63.07      0.00      5.16
 1494213180.60     0     58.91      0.00      5.36    12     63.13      0.00      5.31
 1494213180.70     0     43.93      0.00      7.91    12     62.27      0.00      8.53
 1494213180.80     0     63.35      0.00      7.64    12     64.34      0.00      7.73
 1494213180.90     0     62.57      0.00      5.94    12     63.49      0.00      5.70
 1494213181.00     0     62.59      0.00      5.92    12     63.54      0.00      5.77
 1494213181.10     0     62.51      0.00      5.84    12     63.46      0.00      5.90
 1494213181.20     0     62.58      0.00      5.86    12     63.48      0.00      5.74
 1494213181.30     0     62.54      0.00      5.83    12     64.08      0.00      5.82
 1494213181.40     0     63.07      0.00      5.90    12     63.44      0.00      5.64
 1494213181.50     0     62.57      0.00      5.88    12     63.48      0.00      5.68
 1494213181.60     0     62.51      0.00      5.75    12     63.46      0.00      5.61
 1494213181.70     0     62.50      0.00      5.87    12     63.48      0.00      5.63
 1494213181.80     0     62.46      0.00      5.81    12     63.32      0.00      5.57
 1494213181.90     0     62.47      0.00      5.83    12     63.45      0.00      5.74
 1494213182.00     0     62.60      0.00      5.82    12     63.41      0.00      5.66
 1494213182.10     0     62.41      0.00      5.88    12     63.50      0.00      5.76
 1494213182.20     0     62.47      0.00      5.88    12     63.41      0.00      5.74
 1494213182.30     0     62.46      0.00      5.81    12     63.58      0.00      5.83
 1494213182.40     0     62.55      0.00      5.85    12     64.11      0.00      5.94
 1494213182.50     0     62.45      0.00      5.73    12     63.51      0.00      5.78
 1494213182.60     0     63.06      0.00      5.91    12     63.56      0.00      5.88
 1494213182.70     0     62.53      0.00      5.84    12     63.60      0.00      5.85
 1494213182.80     0     62.49      0.00      5.74    12     63.50      0.00      5.87
 1494213182.90     0     62.47      0.00      5.79    12     63.56      0.00      5.86
 1494213183.00     0     62.53      0.00      5.79    12     63.56      0.00      5.87
 1494213183.10     0     62.40      0.00      5.80    12     63.56      0.00      5.86
 1494213183.20     0     62.43      0.00      5.66    12     63.49      0.00      5.83
 1494213183.30     0     62.50      0.00      5.84    12     63.49      0.00      5.89
 1494213183.40     0     62.36      0.00      5.82    12     63.63      0.00      5.85
 1494213183.50     0     62.48      0.00      5.76    12     64.19      0.00      6.15
 1494213183.60     0     63.06      0.00      5.82    12     63.59      0.00      6.08
 1494213183.70     0     62.41      0.00      5.51    12     63.53      0.00      6.09
 1494213183.80     0     62.43      0.00      5.66    12     63.70      0.00      6.00
 1494213183.90     0     62.36      0.00      5.37    12     63.58      0.00      5.74
 1494213184.01     0     62.44      0.00      5.37    12     63.53      0.00      5.92
 1494213184.11     0     62.40      0.00      5.44    12     63.60      0.00      6.01
 1494213184.21     0     62.32      0.00      5.41    12     63.48      0.00      5.98
 1494213184.31     0     62.35      0.00      5.36    12     63.48      0.00      5.92
 1494213184.41     0     62.34      0.00      5.45    12     63.52      0.00      6.02
 1494213184.51     0     62.34      0.00      5.26    12     63.59      0.00      5.86
 1494213184.61     0     62.32      0.00      5.27    12     64.07      0.00      5.71
 1494213184.71     0     62.37      0.00      5.45    12     63.55      0.00      5.62
 1494213184.81     0     62.95      0.00      5.42    12     63.56      0.00      5.65
 1494213184.91     0     62.24      0.00      5.30    12     63.49      0.00      5.79
 1494213185.01     0     62.49      0.00      5.38    12     63.48      0.00      5.53
 1494213185.11     0     62.32      0.00      5.36    12     63.46      0.00      5.65
 1494213185.21     0     62.28      0.00      5.38    12     63.55      0.00      5.76
 1494213185.31     0     62.32      0.00      5.23    12     63.37      0.00      5.73
 1494213185.41     0     62.30      0.00      5.27    12     63.53      0.00      5.71
 1494213185.51     0     62.37      0.00      5.47    12     63.57      0.00      5.78
 1494213185.61     0     62.38      0.00      5.43    12     64.13      0.00      6.05
 1494213185.71     0     61.00      0.00      5.46    12     63.62      0.00      5.90
 1494213185.81     0     29.91      0.00      4.02    12     45.15      0.00      4.91
 1494213185.91     0     31.01      0.00      4.17    12     28.39      0.00      3.45
 1494213186.01     0     31.61      0.00      5.79    12     28.54      0.00      4.88
 1494213186.11     0     36.00      0.00      6.63    12     32.88      0.00      5.64
 1494213186.21     0     31.63      0.00      6.35    12     28.40      0.00      4.08
 1494213186.31     0     31.72      0.00      5.72    12     28.41      0.00      3.86
 1494213186.41     0     31.50      0.00      5.55    12     28.36      0.00      3.57
 1494213186.51     0     30.96      0.00      5.09    12     28.37      0.00      3.73
 1494213186.61     0     31.00      0.00      5.10    12     28.64      0.00      3.69
 1494213186.71     0     30.96      0.00      5.04    12     28.40      0.00      3.64
 1494213186.81     0     30.95      0.00      4.98    12     28.33      0.00      3.59
 1494213186.91     0     30.97      0.00      4.97    12     28.35      0.00      3.44
 1494213187.01     0     31.28      0.00      5.05    12     28.31      0.00      3.53
 1494213187.11     0     31.00      0.00      5.00    12     28.34      0.00      3.50
 1494213187.21     0     30.88      0.00      5.22    12     28.33      0.00      3.53
 1494213187.31     0     30.99      0.00      5.04    12     28.32      0.00      3.63
 1494213187.41     0     31.22      0.00      5.57    12     28.35      0.00      3.53
 1494213187.51     0     31.24      0.00      4.52    12     28.34      0.00      3.57
 1494213187.61     0     31.16      0.00      4.56    12     28.32      0.00      3.51
 1494213187.71     0     31.95      0.00      5.28    12     28.33      0.00      3.85
 1494213187.81     0     33.58      0.00      5.07    12     28.44      0.00      3.74
 1494213187.91     0     34.90      0.00      5.01    12     28.65      0.00      3.93
 1494213188.01     0     34.74      0.00      4.87    12     28.36      0.00      3.55
 1494213188.11     0     33.43      0.00      4.69    12     28.37      0.00      3.60
 1494213188.21     0     31.32      0.00      4.92    12     28.36      0.00      3.54
 1494213188.31     0     31.07      0.00      4.42    12     28.38      0.00      3.57
 1494213188.41     0     31.04      0.00      4.59    12     28.35      0.00      3.46
 1494213188.51     0     49.41      0.00      6.42    12     46.81      0.00      5.60
 1494213188.61     0     48.05      0.00      5.91    12     52.98      0.00      5.15
 1494213188.71     0     43.07      0.00      5.66    12     52.92      0.00      5.13
 1494213188.81     0     43.11      0.00      5.69    12     52.99      0.00      5.17
 1494213188.91     0     43.54      0.00      5.62    12     53.00      0.00      5.08
 1494213189.01     0     43.39      0.00      5.62    12     53.38      0.00      5.17
 1494213189.11     0     42.83      0.00      5.63    12     52.92      0.00      5.08
 1494213189.21     0     47.78      0.00      7.36    12     56.66      0.00      7.11
 1494213189.31     0     68.80      0.00      9.26    12     69.03      0.00      8.53
 1494213189.41     0     55.70      0.00      7.84    12     59.74      0.00      7.63
 1494213189.52     0     47.11      0.00      6.01    12     44.87      0.00      5.32
 1494213189.62     0     31.78      0.00      5.14    12     28.46      0.00      4.39
 1494213189.72     0     33.77      0.00      5.21    12     28.46      0.00      4.71
 1494213189.82     0     40.19      0.00      6.12    12     35.57      0.00      5.55
 1494213189.92     0     37.45      0.00      5.21    12     33.31      0.00      4.72
 1494213190.02     0     63.70      0.00      5.95    12     64.74      0.00      6.20
 1494213190.12     0     63.73      0.00      5.77    12     65.35      0.00      6.17
 1494213190.22     0     63.76      0.00      5.81    12     64.65      0.00      5.85
 1494213190.32     0     60.52      0.00      7.14    12     63.42      0.00      7.42
 1494213190.42     0     65.14      0.00      7.28    12     66.11      0.00      7.20
 1494213190.52     0     65.18      0.00      7.19    12     66.15      0.00      7.32
 1494213190.62     0     65.78      0.00      7.16    12     66.23      0.00      7.18
 1494213190.72     0     61.52      0.00      6.78    12     65.90      0.00      7.22
 1494213190.82     0     30.67      0.00      4.42    12     33.09      0.00      4.22
 1494213190.92     0     31.98      0.00      5.66    12     29.51      0.00      5.07
 1494213191.02     0     34.00      0.00      6.41    12     30.60      0.00      4.57
 1494213191.12     0     31.29      0.00      5.13    12     28.37      0.00      3.75
 1494213191.22     0     30.86      0.00      4.80    12     28.38      0.00      3.58
 1494213191.32     0     30.93      0.00      4.85    12     28.32      0.00      3.61
 1494213191.42     0     30.89      0.00      4.93    12     28.34      0.00      3.79
 1494213191.52     0     30.87      0.00      4.93    12     28.34      0.00      3.87
 1494213191.62     0     30.81      0.00      4.85    12     28.37      0.00      3.78
 1494213191.72     0     31.64      0.00      4.68    12     28.35      0.00      3.80
 1494213191.82     0     33.41      0.00      5.28    12     28.40      0.00      4.34
 1494213191.92     0     35.69      0.00      4.81    12     28.36      0.00      3.75
 1494213192.02     0     34.66      0.00      4.70    12     28.40      0.00      3.58
 1494213192.12     0     33.33      0.00      4.69    12     28.64      0.00      3.70
 1494213192.22     0     31.49      0.00      5.00    12     28.45      0.00      3.93
 1494213192.32     0     31.01      0.00      4.46    12     28.63      0.00      3.71
 1494213192.42     0     30.89      0.00      4.72    12     28.39      0.00      3.65
 1494213192.52     0     44.07      0.00      5.80    12     46.90      0.00      4.60
 1494213192.62     0     56.28      0.00      5.46    12     50.13      0.00      4.69
 1494213192.72     0     36.43      0.00      4.35    12     28.67      0.00      3.47
 1494213192.82     0     31.05      0.00      4.10    12     28.40      0.00      3.52
 1494213192.92     0     56.66      0.00      7.04    12     55.90      0.00      6.59
 1494213193.02     0     67.87      0.00      8.04    12     68.60      0.00      7.70
 1494213193.12     0     65.29      0.00      7.81    12     65.08      0.00      7.50
 1494213193.22     0     38.38      0.00      4.87    12     37.33      0.00      4.87
 1494213193.32     0     36.11      0.00      4.93    12     31.21      0.00      4.37
 1494213193.42     0     53.17      0.00      5.94    12     50.44      0.00      5.82
 1494213193.52     0     69.38      0.00      7.63    12     69.77      0.00      7.72
 1494213193.62     0     42.04      0.00      5.33    12     38.37      0.00      4.91
 1494213193.72     0     31.83      0.00      4.59    12     29.35      0.00      4.10
 1494213193.82     0     30.90      0.00      4.17    12     28.41      0.00      3.53
 1494213193.92     0     34.15      0.00      4.62    12     28.46      0.00      3.91
 1494213194.02     0     35.51      0.00      4.72    12     28.47      0.00      3.85
 1494213194.12     0     31.57      0.00      4.72    12     28.40      0.00      3.65
 1494213194.22     0     32.32      0.00      4.34    12     29.66      0.00      3.69
 1494213194.32     0     51.81      0.00      5.49    12     48.77      0.00      4.59
 1494213194.42     0     48.62      0.00      4.99    12     47.57      0.00      4.76
 1494213194.52     0     45.42      0.00      4.99    12     43.79      0.00      4.57
 1494213194.62     0     35.18      0.00      4.58    12     28.88      0.00      3.83
 1494213194.72     0     33.57      0.00      4.25    12     28.41      0.00      3.56
 1494213194.82     0     42.17      0.00      4.58    12     40.16      0.00      4.28
 1494213194.92     0     36.79      0.00      4.58    12     30.41      0.00      3.77
 1494213195.02     0     60.09      0.00     10.01    12     58.24      0.00     10.05
 1494213195.13     0     66.78      0.00     12.48    12     64.99      0.00     12.13
 1494213195.23     0     66.70      0.00     10.82    12     64.57      0.00     10.73
 1494213195.33     0     76.12      0.00     13.56    12     76.38      0.00     13.52
 1494213195.43     0     63.47      0.00     10.10    12     63.42      0.00     10.02
 1494213195.53     0     62.83      0.00      9.33    12     61.81      0.00      9.09
 1494213195.63     0     73.08      0.00     12.69    12     72.97      0.00     13.14
 1494213195.73     0     67.53      0.00     11.82    12     66.10      0.00     12.02
 1494213195.83     0     66.28      0.00     11.86    12     65.26      0.00     11.64
 1494213195.93     0     74.19      0.00     12.88    12     73.11      0.00     13.21
 1494213196.03     0     69.40      0.00     11.79    12     69.01      0.00     12.11
 1494213196.13     0     60.82      0.00      8.64    12     60.31      0.00      8.07
 1494213196.23     0     69.12      0.00     12.08    12     68.07      0.00     11.15
 1494213196.33     0     68.12      0.00     11.97    12     67.65      0.00     11.29
 1494213196.43     0     49.32      0.00      7.81    12     45.25      0.00      7.47
 1494213196.53     0     64.83      0.00     12.23    12     65.07      0.00     12.37
 1494213196.63     0     61.33      0.00     10.14    12     60.48      0.00     10.38
 1494213196.73     0     67.39      0.00     11.79    12     65.24      0.00     11.68
 1494213196.83     0     63.86      0.00     10.22    12     63.52      0.00      9.33
 1494213196.93     0     60.45      0.00      9.08    12     58.56      0.00      8.85
 1494213197.03     0     78.12      0.00     12.74    12     78.31      0.00     14.01
 1494213197.13     0     65.23      0.00     11.17    12     64.61      0.00     10.62
 1494213197.23     0     69.88      0.00     12.35    12     70.13      0.00     12.46
 1494213197.33     0     73.49      0.00     12.88    12     72.82      0.00     11.88
 1494213197.43     0     68.45      0.00     11.68    12     69.04      0.00     11.93
 1494213197.53     0     61.62      0.00      8.66    12     60.79      0.00      8.29
 1494213197.63     0     70.36      0.00     12.02    12     69.79      0.00     12.04
 1494213197.73     0     71.53      0.00     12.68    12     70.36      0.00     12.88
 1494213197.83     0     73.90      0.00     13.68    12     73.89      0.00     13.75
 1494213197.93     0     65.55      0.00     11.24    12     64.19      0.00     11.02
 1494213198.03     0     71.68      0.00     12.14    12     72.43      0.00     12.72
 1494213198.13     0     65.42      0.00     10.78    12     65.68      0.00     10.24
 1494213198.23     0     59.55      0.00      9.20    12     58.60      0.00      8.59
 1494213198.33     0     77.13      0.00     13.70    12     78.24      0.00     12.87
 1494213198.43     0     64.07      0.00     11.44    12     63.90      0.00     10.37
 1494213198.53     0     73.24      0.00     13.45    12     74.00      0.00     13.42
 1494213198.63     0     70.56      0.00     11.91    12     70.46      0.00     12.09
 1494213198.73     0     59.07      0.00      9.38    12     57.82      0.00      9.83
 1494213198.83     0     57.39      0.00      9.70    12     55.41      0.00      8.85
 1494213198.93     0     54.30      0.00      7.20    12     53.20      0.00      6.76
 1494213199.03     0     69.26      0.00     11.73    12     68.54      0.00     11.83
 1494213199.13     0     67.29      0.00     11.53    12     68.07      0.00     11.75
 1494213199.23     0     52.12      0.00      8.51    12     49.71      0.00      8.65
 1494213199.33     0     62.29      0.00     11.91    12     61.01      0.00     11.87
 1494213199.43     0     66.28      0.00     10.92    12     64.95      0.00     10.46
 1494213199.53     0     77.38      0.00     13.73    12     77.15      0.00     13.38
 1494213199.63     0     63.28      0.00     10.11    12     62.80      0.00      9.96
 1494213199.73     0     63.69      0.00      9.53    12     62.70      0.00      8.98
 1494213199.83     0     73.44      0.00     12.80    12     73.07      0.00     13.00
 1494213199.94     0     68.14      0.00     11.46    12     67.71      0.00     12.17
 1494213200.04     0     79.66      0.00     14.38    12     80.81      0.00     15.49
 1494213200.14     0     66.39      0.00     10.72    12     66.12      0.00     11.06
 1494213200.24     0     72.58      0.00     13.00    12     72.61      0.00     13.18
 1494213200.34     0     64.62      0.00      9.74    12     64.26      0.00      9.04
 1494213200.44     0     62.75      0.00     10.10    12     61.57      0.00      9.07
 1494213200.54     0     79.59      0.00     14.20    12     79.46      0.00     13.09
 1494213200.64     0     64.44      0.00     10.98    12     63.42      0.00     10.94
 1494213200.74     0     77.70      0.00     13.91    12     79.77      0.00     14.38
 1494213200.84     0     70.77      0.00     12.16    12     70.34      0.00     12.25
 1494213200.94     0     70.71      0.00     12.15    12     70.28      0.00     12.69
 1494213201.04     0     61.01      0.00      8.89    12     61.57      0.00      7.94
 1494213201.14     0     67.36      0.00     11.02    12     66.09      0.00     11.17
 1494213201.24     0     75.01      0.00     12.96    12     74.61      0.00     13.23
 1494213201.34     0     70.21      0.00     12.50    12     69.83      0.00     12.92
 1494213201.44     0     79.04      0.00     13.32    12     79.47      0.00     13.86
 1494213201.54     0     72.98      0.00     11.91    12     71.65      0.00     11.24
 1494213201.64     0     66.99      0.00     11.80    12     67.16      0.00     11.51
 1494213201.74     0     61.39      0.00      8.93    12     61.72      0.00      8.28
 1494213201.84     0     67.56      0.00     11.72    12     66.35      0.00     11.24
 1494213201.94     0     72.29      0.00     12.15    12     73.24      0.00     13.21
 1494213202.04     0     71.52      0.00     12.55    12     71.62      0.00     13.45
 1494213202.14     0     87.01      0.00     16.00    12     89.03      0.00     16.88
 1494213202.24     0     67.74      0.00     10.78    12     67.20      0.00     11.19
 1494213202.34     0     72.89      0.00     12.57    12     72.94      0.00     12.59
 1494213202.44     0     64.72      0.00     10.89    12     64.80      0.00      9.82
 1494213202.54     0     59.05      0.00      8.98    12     57.26      0.00      8.37
 1494213202.64     0     78.25      0.00     13.90    12     78.94      0.00     12.90
 1494213202.74     0     72.26      0.00     14.37    12     72.95      0.00     14.13
 1494213202.84     0     66.53      0.00     11.27    12     66.36      0.00     11.14
 1494213202.94     0     77.89      0.00     13.07    12     78.81      0.00     14.35
 1494213203.04     0     61.46      0.00      9.94    12     61.90      0.00      9.78
 1494213203.14     0     64.84      0.00      9.47    12     64.37      0.00      9.32
 1494213203.24     0     71.54      0.00     11.94    12     71.46      0.00     12.50
 1494213203.34     0     70.72      0.00     12.61    12     70.18      0.00     12.57
 1494213203.44     0     68.39      0.00     11.75    12     66.28      0.00     11.68
 1494213203.54     0     73.93      0.00     12.55    12     72.57      0.00     12.59
 1494213203.64     0     68.05      0.00     11.66    12     68.83      0.00     11.44
 1494213203.74     0     62.00      0.00      8.66    12     61.44      0.00      8.02
 1494213203.84     0     69.05      0.00     11.66    12     68.57      0.00     11.69
 1494213203.94     0     71.46      0.00     11.93    12     70.93      0.00     12.61
 1494213204.04     0     73.33      0.00     13.23    12     72.27      0.00     13.77
 1494213204.14     0     65.38      0.00     10.37    12     65.28      0.00     10.82
 1494213204.24     0     71.61      0.00     12.35    12     71.11      0.00     12.76
 1494213204.34     0     49.79      0.00      7.36    12     46.52      0.00      7.65
 1494213204.44     0     58.85      0.00      8.48    12     58.24      0.00      8.12
 1494213204.54     0     65.89      0.00     11.01    12     64.45      0.00     11.07
 1494213204.64     0     75.79      0.00     13.13    12     75.61      0.00     13.43
 1494213204.74     0     66.57      0.00     12.80    12     66.83      0.00     11.99
 1494213204.85     0     66.08      0.00     11.05    12     66.26      0.00     10.78
 1494213204.95     0     78.73      0.00     12.84    12     79.69      0.00     14.26
 1494213205.05     0     63.44      0.00     10.40    12     63.39      0.00      9.92
 1494213205.15     0     64.97      0.00      9.56    12     64.44      0.00      9.33
 1494213205.25     0     72.82      0.00     12.30    12     71.65      0.00     12.75
 1494213205.35     0     69.69      0.00     12.60    12     69.66      0.00     12.64
 1494213205.45     0     72.29      0.00     13.06    12     73.08      0.00     13.01
 1494213205.55     0     70.51      0.00     11.92    12     69.86      0.00     12.13
 1494213205.65     0     71.09      0.00     12.58    12     71.16      0.00     13.01
 1494213205.75     0     61.18      0.00      8.47    12     60.68      0.00      8.09
 1494213205.85     0     67.00      0.00     11.07    12     65.35      0.00     10.52
 1494213205.95     0     74.53      0.00     12.09    12     74.40      0.00     12.99
 1494213206.05     0     69.27      0.00     12.35    12     68.28      0.00     12.31
 1494213206.15     0     64.81      0.00     11.42    12     63.78      0.00     11.44
 1494213206.25     0     78.94      0.00     14.18    12     79.84      0.00     14.38
 1494213206.35     0     65.69      0.00     10.76    12     65.59      0.00     10.77
 1494213206.45     0     61.86      0.00      8.84    12     61.27      0.00      8.41
 1494213206.55     0     70.72      0.00     12.17    12     69.96      0.00     12.49
 1494213206.65     0     57.73      0.00      9.55    12     57.36      0.00      9.31
 1494213206.75     0     55.13      0.00      9.54    12     52.63      0.00      9.30
 1494213206.85     0     72.26      0.00     12.96    12     73.06      0.00     13.04
 1494213206.95     0     70.47      0.00     11.80    12     70.60      0.00     11.93
 1494213207.05     0     71.30      0.00     12.59    12     72.31      0.00     12.47
 1494213207.15     0     60.32      0.00      8.60    12     60.22      0.00      8.07
 1494213207.25     0     67.46      0.00     11.28    12     66.14      0.00     11.12
 1494213207.35     0     75.59      0.00     13.11    12     75.57      0.00     13.36
 1494213207.45     0     69.67      0.00     12.36    12     69.92      0.00     13.00
 1494213207.55     0     72.36      0.00     12.39    12     72.96      0.00     12.56
 1494213207.65     0     75.64      0.00     13.24    12     75.63      0.00     13.46
 1494213207.75     0     68.62      0.00     11.39    12     68.73      0.00     11.55
 1494213207.85     0     62.61      0.00      9.04    12     62.05      0.00      8.59
 1494213207.95     0     69.05      0.00     11.76    12     68.14      0.00     10.91
 1494213208.05     0     70.64      0.00     12.86    12     71.05      0.00     12.43
 1494213208.15     0     76.03      0.00     14.00    12     75.83      0.00     14.22
 1494213208.25     0     80.21      0.00     14.11    12     80.61      0.00     14.47
 1494213208.35     0     73.05      0.00     12.14    12     72.48      0.00     12.53
 1494213208.45     0     67.69      0.00     12.13    12     68.37      0.00     12.14
 1494213208.55     0     62.56      0.00      8.90    12     61.90      0.00      8.70
 1494213208.65     0     69.91      0.00     11.78    12     68.95      0.00     11.97
 1494213208.75     0     71.89      0.00     12.42    12     71.13      0.00     12.49
 1494213208.85     0     60.90      0.00     11.31    12     60.23      0.00     10.84
 1494213208.95     0     20.41      0.00      2.99    12     21.83      0.00      3.40
 1494213209.05     0     13.49      0.00      1.62    12     14.63      0.00      1.75
 1494213209.15     0     12.99      0.00      1.61    12     15.70      0.00      2.04
 1494213209.25     0     12.20      0.00      1.44    12     14.86      0.00      2.02
 1494213209.35     0     13.30      0.00      1.63    12     14.79      0.00      1.99
 1494213209.45     0     13.02      0.00      1.58    12     14.78      0.00      1.89
 1494213209.56     0     12.83      0.00      1.66    12     14.46      0.00      1.78
 1494213209.66     0     12.81      0.00      1.67    12     15.05      0.00      1.98
 1494213209.76     0     12.47      0.00      1.64    12     14.94      0.00      2.03
 1494213209.86     0     15.17      0.00      2.42    12     16.79      0.00      2.55
