         #Time  Core     P_PKG     P_PP0    P_DRAM  Core     P_PKG     P_PP0    P_DRAM
 1494519645.71     0     23.03      0.00      4.26    12     20.36      0.00      4.54
 1494519645.81     0     65.12      0.00     16.90    12     64.02      0.00     17.56
 1494519645.91     0     63.93      0.00     13.07    12     60.17      0.00     11.67
 1494519646.01     0     70.54      0.00     13.49    12     67.45      0.00     13.65
 1494519646.11     0     77.30      0.00     16.74    12     76.92      0.00     17.02
 1494519646.21     0     78.61      0.00     16.98    12     77.29      0.00     17.73
 1494519646.31     0     73.74      0.00     13.65    12     73.44      0.00     14.41
 1494519646.41     0     81.32      0.00     17.85    12     81.17      0.00     18.41
 1494519646.51     0     73.37      0.00     16.55    12     75.37      0.00     16.07
 1494519646.61     0     76.32      0.00     16.47    12     78.93      0.00     16.32
 1494519646.71     0     79.20      0.00     15.94    12     77.55      0.00     16.46
 1494519646.81     0     76.94      0.00     17.30    12     80.16      0.00     18.21
 1494519646.91     0     75.95      0.00     15.80    12     75.69      0.00     15.53
 1494519647.01     0     74.16      0.00     13.74    12     72.98      0.00     13.99
 1494519647.11     0     76.16      0.00     15.75    12     74.55      0.00     16.04
 1494519647.21     0     76.97      0.00     17.55    12     78.90      0.00     17.47
 1494519647.31     0     70.92      0.00     13.13    12     71.00      0.00     13.66
 1494519647.41     0     81.74      0.00     18.21    12     80.71      0.00     18.73
 1494519647.51     0     76.33      0.00     16.39    12     76.76      0.00     16.73
 1494519647.61     0     75.84      0.00     15.77    12     76.44      0.00     15.98
 1494519647.71     0     74.79      0.00     14.80    12     73.28      0.00     14.76
 1494519647.81     0     76.91      0.00     15.90    12     75.18      0.00     16.05
 1494519647.91     0     77.83      0.00     17.27    12     77.60      0.00     16.97
 1494519648.01     0     76.96      0.00     14.51    12     75.86      0.00     14.88
 1494519648.11     0     76.40      0.00     16.34    12     76.02      0.00     16.73
 1494519648.21     0     78.61      0.00     17.63    12     79.19      0.00     17.83
 1494519648.31     0     74.25      0.00     13.91    12     73.68      0.00     14.66
 1494519648.41     0     75.10      0.00     16.42    12     75.38      0.00     16.06
 1494519648.51     0     76.45      0.00     16.90    12     77.20      0.00     17.09
 1494519648.61     0     77.68      0.00     16.44    12     77.14      0.00     16.96
 1494519648.71     0     78.12      0.00     15.12    12     77.26      0.00     16.09
 1494519648.81     0     77.09      0.00     15.79    12     76.19      0.00     16.28
 1494519648.91     0     77.04      0.00     17.40    12     76.42      0.00     16.70
 1494519649.01     0     73.70      0.00     13.13    12     71.95      0.00     13.35
 1494519649.11     0     76.47      0.00     16.31    12     77.74      0.00     16.42
 1494519649.21     0     78.11      0.00     16.96    12     78.05      0.00     17.11
 1494519649.31     0     77.94      0.00     16.69    12     79.74      0.00     16.71
 1494519649.41     0     78.68      0.00     16.59    12     78.33      0.00     16.40
 1494519649.51     0     78.02      0.00     17.62    12     78.21      0.00     17.68
 1494519649.61     0     74.72      0.00     15.89    12     75.17      0.00     15.66
 1494519649.71     0     78.21      0.00     14.51    12     76.73      0.00     15.07
 1494519649.81     0     75.40      0.00     16.24    12     77.58      0.00     17.05
 1494519649.91     0     76.36      0.00     16.87    12     76.88      0.00     16.23
 1494519650.01     0     76.83      0.00     15.34    12     76.62      0.00     14.84
 1494519650.11     0     76.07      0.00     16.50    12     78.07      0.00     17.13
 1494519650.21     0     75.71      0.00     16.98    12     78.12      0.00     17.00
 1494519650.31     0     77.68      0.00     15.77    12     77.07      0.00     16.04
 1494519650.41     0     76.24      0.00     15.39    12     74.64      0.00     16.15
 1494519650.51     0     74.62      0.00     16.21    12     73.89      0.00     16.39
 1494519650.61     0     79.27      0.00     17.39    12     77.46      0.00     18.01
 1494519650.72     0     77.52      0.00     14.62    12     76.87      0.00     15.19
 1494519650.82     0     76.61      0.00     15.88    12     76.49      0.00     16.27
 1494519650.92     0     78.24      0.00     17.85    12     78.07      0.00     17.67
 1494519651.02     0     74.72      0.00     13.54    12     72.69      0.00     13.34
 1494519651.12     0     78.06      0.00     16.81    12     79.11      0.00     16.81
 1494519651.22     0     75.93      0.00     16.23    12     76.12      0.00     16.09
 1494519651.32     0     80.66      0.00     16.19    12     79.39      0.00     16.85
 1494519651.42     0     76.31      0.00     15.30    12     74.20      0.00     16.23
 1494519651.52     0     75.26      0.00     16.37    12     76.66      0.00     17.17
 1494519651.62     0     76.32      0.00     15.91    12     75.18      0.00     16.12
 1494519651.72     0     73.58      0.00     13.27    12     71.82      0.00     13.61
 1494519651.82     0     75.90      0.00     15.59    12     75.89      0.00     16.30
 1494519651.92     0     78.48      0.00     17.55    12     80.11      0.00     17.88
 1494519652.02     0     75.78      0.00     14.45    12     74.20      0.00     14.93
 1494519652.12     0     82.61      0.00     18.74    12     81.96      0.00     17.92
 1494519652.22     0     74.53      0.00     15.53    12     75.73      0.00     16.13
 1494519652.32     0     77.27      0.00     15.68    12     78.01      0.00     15.80
 1494519652.42     0     79.46      0.00     16.51    12     78.27      0.00     16.78
 1494519652.52     0     76.32      0.00     16.96    12     76.51      0.00     17.17
 1494519652.62     0     79.26      0.00     16.96    12     79.32      0.00     17.80
 1494519652.72     0     73.70      0.00     13.56    12     72.49      0.00     13.97
 1494519652.82     0     76.38      0.00     15.64    12     75.54      0.00     16.30
 1494519652.92     0     78.34      0.00     17.10    12     77.89      0.00     17.44
 1494519653.02     0     74.62      0.00     14.76    12     75.46      0.00     15.23
 1494519653.12     0     78.52      0.00     16.41    12     77.52      0.00     16.73
 1494519653.22     0     75.92      0.00     16.84    12     77.77      0.00     17.01
 1494519653.32     0     77.70      0.00     16.10    12     77.72      0.00     16.24
 1494519653.42     0     78.63      0.00     15.45    12     76.24      0.00     16.26
 1494519653.52     0     74.12      0.00     15.85    12     73.89      0.00     15.71
 1494519653.62     0     75.65      0.00     16.31    12     76.45      0.00     16.94
 1494519653.72     0     71.08      0.00     12.57    12     70.93      0.00     13.02
 1494519653.82     0     79.25      0.00     17.49    12     79.06      0.00     18.15
 1494519653.92     0     76.14      0.00     15.56    12     74.73      0.00     15.80
 1494519654.02     0     77.80      0.00     16.32    12     78.76      0.00     16.42
 1494519654.12     0     78.78      0.00     16.32    12     77.87      0.00     16.66
 1494519654.22     0     78.00      0.00     17.73    12     79.09      0.00     17.55
 1494519654.32     0     76.17      0.00     16.16    12     77.11      0.00     16.22
 1494519654.42     0     73.47      0.00     13.22    12     71.40      0.00     13.42
 1494519654.52     0     76.76      0.00     16.21    12     74.94      0.00     16.44
 1494519654.62     0     75.95      0.00     17.61    12     78.24      0.00     17.54
 1494519654.72     0     76.05      0.00     14.38    12     75.16      0.00     14.88
 1494519654.82     0     79.42      0.00     16.83    12     80.25      0.00     17.98
 1494519654.92     0     74.98      0.00     15.52    12     74.27      0.00     15.62
 1494519655.02     0     77.69      0.00     16.02    12     77.74      0.00     16.11
 1494519655.12     0     78.05      0.00     16.20    12     74.94      0.00     16.08
 1494519655.22     0     74.28      0.00     15.53    12     74.03      0.00     14.94
 1494519655.32     0     78.14      0.00     17.28    12     79.12      0.00     17.91
 1494519655.42     0     77.90      0.00     14.77    12     76.12      0.00     14.53
 1494519655.52     0     76.51      0.00     16.73    12     77.41      0.00     17.21
 1494519655.62     0     76.41      0.00     15.77    12     75.39      0.00     16.59
 1494519655.72     0     73.15      0.00     13.89    12     73.01      0.00     14.32
 1494519655.82     0     79.28      0.00     17.69    12     80.22      0.00     17.78
 1494519655.92     0     74.39      0.00     16.41    12     76.71      0.00     16.51
 1494519656.02     0     74.12      0.00     16.23    12     77.14      0.00     16.65
 1494519656.12     0     74.04      0.00     13.15    12     70.82      0.00     14.06
 1494519656.22     0     77.58      0.00     16.51    12     77.77      0.00     16.48
 1494519656.32     0     76.00      0.00     17.07    12     76.79      0.00     17.89
 1494519656.43     0     73.06      0.00     13.30    12     71.88      0.00     13.49
 1494519656.53     0     79.97      0.00     17.84    12     79.51      0.00     17.99
 1494519656.63     0     72.68      0.00     15.66    12     73.05      0.00     16.34
 1494519656.73     0     79.35      0.00     15.77    12     79.09      0.00     16.89
 1494519656.83     0     80.60      0.00     16.72    12     77.43      0.00     17.36
 1494519656.93     0     77.16      0.00     17.64    12     77.14      0.00     17.85
 1494519657.03     0     75.92      0.00     15.07    12     75.73      0.00     15.67
 1494519657.13     0     76.68      0.00     14.44    12     76.23      0.00     15.33
 1494519657.23     0     75.17      0.00     15.52    12     73.22      0.00     15.50
 1494519657.33     0     77.55      0.00     16.93    12     76.61      0.00     16.91
 1494519657.43     0     76.46      0.00     14.87    12     76.86      0.00     15.52
 1494519657.53     0     76.61      0.00     15.90    12     76.54      0.00     16.59
 1494519657.63     0     75.68      0.00     16.00    12     76.46      0.00     16.35
 1494519657.73     0     77.52      0.00     15.72    12     77.36      0.00     16.50
 1494519657.83     0     79.93      0.00     16.81    12     79.12      0.00     17.34
 1494519657.93     0     77.42      0.00     16.85    12     76.16      0.00     17.25
 1494519658.03     0     75.69      0.00     16.02    12     76.65      0.00     16.22
 1494519658.13     0     78.00      0.00     16.17    12     77.44      0.00     16.31
 1494519658.23     0     77.23      0.00     16.90    12     76.66      0.00     16.42
 1494519658.33     0     73.26      0.00     15.76    12     72.81      0.00     15.90
 1494519658.43     0     78.13      0.00     15.13    12     77.69      0.00     15.23
 1494519658.53     0     73.80      0.00     15.19    12     73.81      0.00     15.72
 1494519658.63     0     78.04      0.00     17.32    12     81.29      0.00     17.69
 1494519658.73     0     76.20      0.00     15.21    12     77.47      0.00     15.96
 1494519658.83     0     80.02      0.00     17.68    12     79.70      0.00     18.42
 1494519658.93     0     76.31      0.00     16.55    12     75.71      0.00     17.02
 1494519659.03     0     75.13      0.00     15.45    12     76.17      0.00     15.34
 1494519659.13     0     77.71      0.00     15.51    12     77.35      0.00     16.29
 1494519659.23     0     74.50      0.00     16.43    12     73.86      0.00     16.42
 1494519659.33     0     77.02      0.00     16.16    12     76.22      0.00     15.90
 1494519659.43     0     75.70      0.00     15.01    12     74.99      0.00     15.12
 1494519659.53     0     77.96      0.00     17.00    12     78.58      0.00     17.41
 1494519659.63     0     77.14      0.00     15.92    12     77.12      0.00     16.50
 1494519659.73     0     77.37      0.00     15.36    12     78.40      0.00     16.06
 1494519659.83     0     79.88      0.00     17.04    12     80.28      0.00     17.37
 1494519659.93     0     75.05      0.00     16.31    12     75.12      0.00     16.66
 1494519660.03     0     78.05      0.00     16.62    12     78.44      0.00     16.70
 1494519660.13     0     77.59      0.00     15.42    12     76.41      0.00     15.82
 1494519660.23     0     76.97      0.00     16.80    12     77.71      0.00     16.99
 1494519660.33     0     75.35      0.00     16.31    12     75.39      0.00     16.39
 1494519660.43     0     73.87      0.00     13.42    12     72.18      0.00     13.52
 1494519660.53     0     78.31      0.00     17.19    12     79.49      0.00     17.53
 1494519660.63     0     75.22      0.00     15.34    12     73.50      0.00     16.30
 1494519660.73     0     78.72      0.00     15.89    12     78.32      0.00     16.62
 1494519660.83     0     79.27      0.00     16.73    12     77.61      0.00     16.58
 1494519660.93     0     76.03      0.00     17.57    12     78.66      0.00     18.25
 1494519661.03     0     75.82      0.00     16.05    12     76.69      0.00     16.00
 1494519661.13     0     75.66      0.00     14.21    12     74.81      0.00     14.24
 1494519661.23     0     77.50      0.00     16.26    12     76.30      0.00     16.26
 1494519661.33     0     76.56      0.00     16.67    12     77.32      0.00     16.73
 1494519661.43     0     72.64      0.00     13.34    12     71.88      0.00     13.69
 1494519661.53     0     82.01      0.00     18.42    12     81.58      0.00     18.99
 1494519661.63     0     74.79      0.00     15.44    12     73.63      0.00     16.21
 1494519661.73     0     76.24      0.00     15.53    12     77.24      0.00     15.84
 1494519661.83     0     76.76      0.00     15.35    12     75.97      0.00     15.33
 1494519661.93     0     74.71      0.00     16.32    12     73.67      0.00     16.36
 1494519662.04     0     77.25      0.00     16.54    12     77.78      0.00     17.08
 1494519662.14     0     76.42      0.00     14.45    12     75.89      0.00     14.72
 1494519662.24     0     76.63      0.00     16.96    12     77.29      0.00     16.92
 1494519662.34     0     79.26      0.00     16.69    12     76.36      0.00     17.26
 1494519662.44     0     75.27      0.00     14.45    12     75.61      0.00     14.50
 1494519662.54     0     80.47      0.00     17.76    12     80.32      0.00     18.17
 1494519662.64     0     72.59      0.00     15.87    12     74.04      0.00     16.17
 1494519662.74     0     77.97      0.00     17.07    12     80.16      0.00     17.79
 1494519662.84     0     77.56      0.00     14.70    12     76.82      0.00     15.40
 1494519662.94     0     75.97      0.00     16.66    12     76.83      0.00     16.70
 1494519663.04     0     74.95      0.00     16.59    12     76.64      0.00     16.97
 1494519663.14     0     73.83      0.00     12.79    12     70.00      0.00     12.80
 1494519663.24     0     79.04      0.00     17.29    12     79.64      0.00     17.88
 1494519663.34     0     74.88      0.00     15.77    12     75.24      0.00     16.97
 1494519663.44     0     77.41      0.00     15.61    12     76.37      0.00     15.61
 1494519663.54     0     79.84      0.00     16.55    12     78.99      0.00     16.74
 1494519663.64     0     75.43      0.00     16.12    12     75.54      0.00     16.47
 1494519663.74     0     73.51      0.00     15.15    12     73.86      0.00     15.05
 1494519663.84     0     74.69      0.00     13.25    12     71.94      0.00     13.26
 1494519663.94     0     75.54      0.00     15.89    12     74.36      0.00     16.24
 1494519664.04     0     74.92      0.00     15.30    12     75.07      0.00     16.34
 1494519664.14     0     80.06      0.00     16.51    12     79.21      0.00     16.70
 1494519664.24     0     77.25      0.00     15.77    12     77.20      0.00     16.34
 1494519664.34     0     78.06      0.00     17.64    12     80.61      0.00     18.25
 1494519664.44     0     75.38      0.00     15.39    12     73.96      0.00     15.06
 1494519664.54     0     78.34      0.00     15.26    12     77.12      0.00     15.07
 1494519664.64     0     75.43      0.00     15.72    12     75.89      0.00     16.33
 1494519664.74     0     75.55      0.00     16.31    12     77.48      0.00     17.37
 1494519664.84     0     77.02      0.00     14.66    12     75.98      0.00     15.21
 1494519664.94     0     76.61      0.00     16.62    12     76.39      0.00     17.20
 1494519665.04     0     74.38      0.00     15.97    12     74.77      0.00     16.10
 1494519665.14     0     76.74      0.00     16.01    12     77.12      0.00     15.84
 1494519665.24     0     79.91      0.00     16.01    12     79.41      0.00     17.03
 1494519665.34     0     72.74      0.00     15.17    12     73.24      0.00     15.63
 1494519665.44     0     78.37      0.00     16.78    12     77.42      0.00     17.60
 1494519665.54     0     77.75      0.00     14.95    12     76.93      0.00     14.75
 1494519665.64     0     75.36      0.00     16.26    12     76.71      0.00     16.33
 1494519665.74     0     77.46      0.00     16.46    12     77.83      0.00     16.63
 1494519665.84     0     73.33      0.00     13.60    12     73.43      0.00     14.26
 1494519665.94     0     79.99      0.00     17.49    12     80.89      0.00     18.07
 1494519666.04     0     74.13      0.00     16.17    12     75.03      0.00     16.65
 1494519666.14     0     77.79      0.00     17.11    12     77.38      0.00     17.69
 1494519666.24     0     74.86      0.00     13.87    12     72.87      0.00     14.09
 1494519666.34     0     78.10      0.00     16.39    12     77.47      0.00     16.72
 1494519666.44     0     75.53      0.00     15.71    12     75.46      0.00     15.75
 1494519666.54     0     72.11      0.00     13.46    12     71.82      0.00     13.82
 1494519666.64     0     80.36      0.00     17.17    12     81.03      0.00     17.41
 1494519666.74     0     73.02      0.00     15.92    12     75.93      0.00     16.17
 1494519666.84     0     76.74      0.00     15.86    12     77.08      0.00     16.54
 1494519666.94     0     79.53      0.00     16.23    12     78.97      0.00     16.52
 1494519667.04     0     77.40      0.00     16.88    12     78.46      0.00     17.29
 1494519667.14     0     72.88      0.00     14.57    12     72.94      0.00     14.42
 1494519667.24     0     76.72      0.00     14.66    12     76.99      0.00     15.20
 1494519667.34     0     74.73      0.00     15.78    12     73.59      0.00     16.02
 1494519667.44     0     75.17      0.00     15.44    12     73.65      0.00     16.30
 1494519667.54     0     77.79      0.00     16.12    12     78.08      0.00     16.10
 1494519667.64     0     79.07      0.00     16.02    12     77.13      0.00     16.21
 1494519667.74     0     75.33      0.00     16.09    12     76.56      0.00     17.30
 1494519667.85     0     72.70      0.00     14.65    12     73.14      0.00     15.48
 1494519667.95     0     75.74      0.00     14.24    12     74.77      0.00     14.25
 1494519668.05     0     73.66      0.00     15.96    12     76.64      0.00     15.97
 1494519668.15     0     74.79      0.00     15.94    12     74.22      0.00     16.46
 1494519668.25     0     77.28      0.00     15.67    12     77.41      0.00     15.91
 1494519668.35     0     76.06      0.00     15.38    12     72.37      0.00     15.79
 1494519668.45     0     79.56      0.00     17.10    12     78.67      0.00     17.54
 1494519668.55     0     73.26      0.00     15.46    12     74.14      0.00     15.49
 1494519668.65     0     76.04      0.00     14.38    12     75.47      0.00     14.20
 1494519668.75     0     76.56      0.00     15.50    12     75.51      0.00     15.95
 1494519668.85     0     73.97      0.00     16.28    12     74.93      0.00     16.17
 1494519668.95     0     76.95      0.00     15.22    12     76.62      0.00     15.76
 1494519669.05     0     80.61      0.00     17.62    12     79.89      0.00     18.00
 1494519669.15     0     76.44      0.00     16.91    12     75.63      0.00     17.25
 1494519669.25     0     74.98      0.00     14.92    12     74.36      0.00     15.10
 1494519669.35     0     76.78      0.00     14.95    12     75.38      0.00     15.29
 1494519669.45     0     74.94      0.00     15.94    12     75.97      0.00     16.48
 1494519669.55     0     77.15      0.00     16.83    12     78.32      0.00     17.11
 1494519669.65     0     74.95      0.00     14.40    12     74.38      0.00     14.11
 1494519669.75     0     78.36      0.00     16.31    12     77.46      0.00     16.90
 1494519669.85     0     74.06      0.00     16.12    12     75.18      0.00     16.71
 1494519669.95     0     77.78      0.00     16.09    12     77.61      0.00     16.32
 1494519670.05     0     79.01      0.00     16.01    12     77.62      0.00     16.31
 1494519670.15     0     73.73      0.00     15.33    12     73.33      0.00     15.74
 1494519670.25     0     75.01      0.00     16.26    12     77.14      0.00     16.66
 1494519670.35     0     77.03      0.00     14.89    12     75.98      0.00     14.89
 1494519670.45     0     75.95      0.00     16.54    12     76.03      0.00     17.09
 1494519670.55     0     76.50      0.00     16.44    12     76.76      0.00     16.98
 1494519670.65     0     76.06      0.00     14.86    12     77.31      0.00     15.45
 1494519670.75     0     78.47      0.00     16.26    12     77.96      0.00     16.63
 1494519670.85     0     75.88      0.00     15.90    12     75.65      0.00     16.54
 1494519670.95     0     80.36      0.00     17.50    12     80.66      0.00     18.05
 1494519671.05     0     76.63      0.00     14.60    12     74.14      0.00     14.93
 1494519671.15     0     74.32      0.00     15.88    12     71.84      0.00     16.41
 1494519671.25     0     76.51      0.00     16.85    12     77.41      0.00     16.85
 1494519671.35     0     73.05      0.00     13.33    12     72.13      0.00     13.70
 1494519671.45     0     80.27      0.00     17.31    12     80.53      0.00     17.87
 1494519671.55     0     71.29      0.00     15.06    12     71.92      0.00     15.15
 1494519671.65     0     77.60      0.00     15.94    12     77.18      0.00     16.76
 1494519671.75     0     78.88      0.00     15.50    12     78.06      0.00     15.89
 1494519671.85     0     74.76      0.00     15.70    12     74.37      0.00     16.56
 1494519671.95     0     75.70      0.00     16.31    12     75.69      0.00     15.84
 1494519672.05     0     76.83      0.00     14.46    12     76.74      0.00     15.13
 1494519672.15     0     73.61      0.00     16.28    12     75.71      0.00     16.34
 1494519672.25     0     74.77      0.00     15.71    12     75.32      0.00     15.72
 1494519672.35     0     75.98      0.00     15.74    12     77.22      0.00     16.17
 1494519672.45     0     79.87      0.00     16.63    12     79.47      0.00     16.92
 1494519672.55     0     79.58      0.00     17.90    12     80.64      0.00     18.52
 1494519672.65     0     72.15      0.00     14.44    12     72.48      0.00     15.10
 1494519672.75     0     77.02      0.00     14.45    12     75.47      0.00     14.50
 1494519672.85     0     73.36      0.00     15.24    12     75.05      0.00     15.68
 1494519672.95     0     75.69      0.00     16.33    12     76.30      0.00     16.56
 1494519673.05     0     77.34      0.00     15.87    12     76.38      0.00     16.60
 1494519673.15     0     77.11      0.00     15.94    12     74.38      0.00     17.08
 1494519673.25     0     75.45      0.00     16.31    12     74.79      0.00     17.03
 1494519673.35     0     74.51      0.00     15.80    12     75.18      0.00     15.63
 1494519673.46     0     74.00      0.00     13.06    12     72.08      0.00     13.40
 1494519673.56     0     74.72      0.00     15.56    12     75.32      0.00     15.85
 1494519673.66     0     73.30      0.00     15.60    12     73.99      0.00     16.18
 1494519673.76     0     76.90      0.00     16.09    12     77.74      0.00     16.05
 1494519673.86     0     78.99      0.00     16.52    12     77.91      0.00     16.52
 1494519673.96     0     76.95      0.00     16.45    12     76.55      0.00     17.08
 1494519674.06     0     74.33      0.00     15.29    12     75.54      0.00     15.64
 1494519674.16     0     74.71      0.00     13.67    12     72.95      0.00     14.11
 1494519674.26     0     73.09      0.00     15.73    12     75.36      0.00     15.73
 1494519674.36     0     77.32      0.00     16.80    12     77.53      0.00     17.04
 1494519674.46     0     77.15      0.00     15.30    12     77.73      0.00     16.21
 1494519674.56     0     80.76      0.00     17.40    12     80.71      0.00     17.85
 1494519674.66     0     72.80      0.00     16.28    12     75.14      0.00     16.76
 1494519674.76     0     77.18      0.00     15.32    12     75.35      0.00     15.63
 1494519674.86     0     75.90      0.00     14.56    12     75.01      0.00     14.62
 1494519674.96     0     76.05      0.00     15.72    12     75.48      0.00     15.81
 1494519675.06     0     76.04      0.00     16.29    12     75.61      0.00     16.44
 1494519675.16     0     74.35      0.00     14.48    12     76.72      0.00     15.41
 1494519675.26     0     77.83      0.00     16.69    12     77.08      0.00     16.90
 1494519675.36     0     75.46      0.00     15.93    12     75.28      0.00     15.97
 1494519675.46     0     73.74      0.00     15.52    12     73.03      0.00     16.14
 1494519675.56     0     28.89      0.00      4.25    12     26.76      0.00      4.29
