         #Time  Core     P_PKG     P_PP0    P_DRAM  Core     P_PKG     P_PP0    P_DRAM
 1494582289.43     0     27.46      0.00      7.51    12     28.58      0.00      7.47
 1494582289.54     0     50.92      0.00     14.85    12     50.89      0.00     14.82
 1494582289.64     0     61.73      0.00     13.86    12     62.92      0.00     14.40
 1494582289.74     0     52.97      0.00      9.84    12     50.75      0.00      9.61
 1494582289.84     0     54.30      0.00     10.84    12     54.25      0.00     10.95
 1494582289.94     0     62.42      0.00     13.62    12     61.73      0.00     13.78
 1494582290.04     0     60.48      0.00     14.10    12     61.12      0.00     14.30
 1494582290.14     0     60.68      0.00     13.60    12     60.09      0.00     14.22
 1494582290.24     0     60.17      0.00     12.52    12     60.06      0.00     13.10
 1494582290.34     0     60.85      0.00     13.73    12     60.89      0.00     14.20
 1494582290.44     0     60.34      0.00     12.76    12     61.49      0.00     13.50
 1494582290.54     0     59.54      0.00     13.62    12     60.63      0.00     13.51
 1494582290.64     0     58.00      0.00     10.47    12     58.34      0.00     10.62
 1494582290.74     0     59.14      0.00     14.16    12     58.18      0.00     14.75
 1494582290.84     0     58.98      0.00     12.81    12     58.62      0.00     13.18
 1494582290.94     0     59.36      0.00     13.01    12     60.56      0.00     12.98
 1494582291.04     0     60.96      0.00     14.72    12     61.18      0.00     14.86
 1494582291.14     0     60.36      0.00     12.30    12     59.17      0.00     12.18
 1494582291.24     0     59.85      0.00     14.03    12     59.38      0.00     14.14
 1494582291.34     0     59.81      0.00     11.53    12     60.31      0.00     12.23
 1494582291.44     0     59.51      0.00     13.03    12     60.76      0.00     13.20
 1494582291.55     0     60.50      0.00     13.59    12     61.18      0.00     13.05
 1494582291.65     0     57.69      0.00     12.42    12     57.15      0.00     12.02
 1494582291.75     0     61.84      0.00     14.57    12     61.27      0.00     14.73
 1494582291.85     0     59.97      0.00     13.67    12     60.16      0.00     13.87
 1494582291.95     0     61.56      0.00     14.27    12     60.85      0.00     14.33
 1494582292.05     0     61.12      0.00     12.93    12     61.69      0.00     13.33
 1494582292.15     0     60.54      0.00     11.53    12     59.27      0.00     12.30
 1494582292.25     0     60.42      0.00     13.44    12     60.74      0.00     14.21
 1494582292.35     0     59.10      0.00     13.02    12     59.54      0.00     13.55
 1494582292.45     0     60.45      0.00     13.01    12     60.83      0.00     13.32
 1494582292.55     0     61.11      0.00     14.85    12     62.28      0.00     14.64
 1494582292.65     0     60.66      0.00     12.39    12     59.34      0.00     12.20
 1494582292.75     0     61.50      0.00     13.95    12     61.01      0.00     14.30
 1494582292.85     0     59.23      0.00     10.66    12     59.77      0.00     10.58
 1494582292.95     0     59.81      0.00     14.40    12     59.88      0.00     14.37
 1494582293.05     0     59.25      0.00     12.90    12     60.07      0.00     13.47
 1494582293.15     0     59.58      0.00     12.49    12     60.13      0.00     13.03
 1494582293.25     0     60.19      0.00     14.36    12     60.58      0.00     14.69
 1494582293.35     0     60.07      0.00     12.22    12     58.84      0.00     12.85
 1494582293.45     0     61.49      0.00     14.36    12     62.59      0.00     15.09
 1494582293.55     0     58.89      0.00     10.60    12     57.29      0.00     10.65
 1494582293.65     0     59.60      0.00     12.49    12     59.42      0.00     12.55
 1494582293.76     0     61.08      0.00     13.46    12     60.44      0.00     14.09
 1494582293.86     0     60.48      0.00     13.64    12     59.04      0.00     13.77
 1494582293.96     0     59.94      0.00     12.61    12     59.89      0.00     13.49
 1494582294.06     0     62.19      0.00     13.96    12     61.87      0.00     13.93
 1494582294.16     0     60.71      0.00     12.94    12     61.21      0.00     13.19
 1494582294.26     0     60.82      0.00     12.35    12     60.16      0.00     13.63
 1494582294.36     0     60.97      0.00     10.86    12     60.96      0.00     11.41
 1494582294.46     0     58.15      0.00     13.46    12     58.95      0.00     13.89
 1494582294.56     0     59.12      0.00     12.99    12     59.28      0.00     12.68
 1494582294.66     0     60.07      0.00     12.98    12     60.96      0.00     12.64
 1494582294.76     0     61.83      0.00     14.23    12     60.10      0.00     14.38
 1494582294.86     0     60.41      0.00     12.45    12     60.03      0.00     13.22
 1494582294.96     0     60.88      0.00     13.77    12     61.83      0.00     14.74
 1494582295.06     0     60.94      0.00     11.57    12     60.98      0.00     12.01
 1494582295.16     0     61.95      0.00     13.68    12     61.32      0.00     13.68
 1494582295.26     0     59.78      0.00     13.08    12     60.63      0.00     14.32
 1494582295.36     0     59.23      0.00     11.95    12     59.29      0.00     12.32
 1494582295.46     0     60.85      0.00     13.83    12     62.19      0.00     14.34
 1494582295.57     0     60.96      0.00     13.02    12     60.43      0.00     12.19
 1494582295.67     0     61.58      0.00     13.74    12     61.18      0.00     14.03
 1494582295.77     0     63.13      0.00     12.44    12     61.52      0.00     13.15
 1494582295.87     0     56.02      0.00     10.84    12     58.08      0.00     11.09
 1494582295.97     0     60.45      0.00     13.61    12     60.90      0.00     14.38
 1494582296.07     0     60.72      0.00     12.74    12     61.33      0.00     13.07
 1494582296.17     0     60.49      0.00     12.87    12     60.79      0.00     12.56
 1494582296.27     0     62.48      0.00     14.22    12     61.87      0.00     14.65
 1494582296.37     0     59.03      0.00     12.48    12     60.58      0.00     13.21
 1494582296.47     0     62.12      0.00     14.25    12     61.92      0.00     14.26
 1494582296.57     0     60.40      0.00      9.83    12     59.14      0.00      9.80
 1494582296.67     0     60.35      0.00     13.37    12     59.64      0.00     13.82
 1494582296.77     0     58.59      0.00     12.37    12     59.00      0.00     13.41
 1494582296.87     0     60.66      0.00     13.13    12     61.64      0.00     13.56
 1494582296.97     0     60.78      0.00     13.93    12     60.61      0.00     14.43
 1494582297.07     0     61.77      0.00     12.45    12     62.28      0.00     13.04
 1494582297.17     0     62.16      0.00     14.38    12     60.93      0.00     13.58
 1494582297.27     0     60.07      0.00     13.34    12     60.83      0.00     14.10
 1494582297.37     0     60.78      0.00     11.42    12     61.47      0.00     11.92
 1494582297.47     0     58.88      0.00     13.58    12     58.25      0.00     13.88
 1494582297.57     0     60.47      0.00     13.03    12     60.06      0.00     12.98
 1494582297.67     0     60.90      0.00     12.71    12     60.43      0.00     11.99
 1494582297.77     0     61.77      0.00     13.85    12     61.31      0.00     14.47
 1494582297.88     0     59.70      0.00     12.64    12     60.06      0.00     12.62
 1494582297.98     0     61.82      0.00     14.16    12     62.35      0.00     14.57
 1494582298.08     0     59.51      0.00     11.47    12     60.42      0.00     11.27
 1494582298.18     0     59.69      0.00     13.10    12     60.58      0.00     13.45
 1494582298.28     0     61.79      0.00     13.83    12     61.38      0.00     14.26
 1494582298.38     0     58.19      0.00     11.39    12     57.19      0.00     12.31
 1494582298.48     0     62.06      0.00     14.12    12     61.86      0.00     14.78
 1494582298.58     0     61.69      0.00     12.92    12     61.04      0.00     13.17
 1494582298.68     0     61.96      0.00     14.20    12     61.33      0.00     14.06
 1494582298.78     0     60.14      0.00     11.99    12     61.49      0.00     12.46
 1494582298.88     0     57.95      0.00     11.66    12     58.17      0.00     12.49
 1494582298.98     0     58.73      0.00     13.40    12     60.37      0.00     14.22
 1494582299.08     0     59.33      0.00     12.69    12     59.95      0.00     13.80
 1494582299.18     0     59.92      0.00     12.63    12     60.75      0.00     12.75
 1494582299.28     0     62.64      0.00     13.84    12     62.92      0.00     14.26
 1494582299.38     0     59.01      0.00     12.26    12     59.04      0.00     13.10
 1494582299.48     0     61.33      0.00     14.05    12     61.31      0.00     14.40
 1494582299.58     0     57.53      0.00     10.16    12     56.37      0.00     10.33
 1494582299.69     0     60.12      0.00     13.51    12     59.24      0.00     12.87
 1494582299.79     0     59.02      0.00     11.91    12     58.59      0.00     12.42
 1494582299.89     0     61.55      0.00     12.81    12     60.73      0.00     13.20
 1494582299.99     0     60.71      0.00     13.88    12     60.58      0.00     14.83
 1494582300.09     0     60.45      0.00     12.75    12     61.22      0.00     13.08
 1494582300.19     0     63.17      0.00     14.27    12     62.31      0.00     14.15
 1494582300.29     0     60.29      0.00     11.37    12     61.14      0.00     11.81
 1494582300.39     0     60.25      0.00     12.47    12     61.45      0.00     13.32
 1494582300.49     0     59.39      0.00     13.55    12     61.06      0.00     14.39
 1494582300.59     0     60.11      0.00     13.41    12     60.02      0.00     13.25
 1494582300.69     0     61.29      0.00     12.77    12     60.89      0.00     11.87
 1494582300.79     0     62.03      0.00     13.94    12     62.02      0.00     13.71
 1494582300.89     0     57.99      0.00     11.98    12     59.78      0.00     12.44
 1494582300.99     0     61.43      0.00     13.40    12     61.10      0.00     13.94
 1494582301.09     0     60.84      0.00     10.95    12     58.04      0.00     11.24
 1494582301.19     0     60.38      0.00     14.16    12     61.00      0.00     13.83
 1494582301.29     0     59.65      0.00     12.97    12     60.22      0.00     13.53
 1494582301.39     0     62.09      0.00     12.90    12     60.89      0.00     13.15
 1494582301.49     0     60.41      0.00     13.99    12     61.21      0.00     14.56
 1494582301.59     0     62.01      0.00     13.13    12     60.60      0.00     13.12
 1494582301.69     0     62.86      0.00     14.11    12     62.55      0.00     14.26
 1494582301.79     0     59.56      0.00     10.17    12     59.25      0.00      9.98
 1494582301.89     0     58.77      0.00     12.63    12     58.92      0.00     13.18
 1494582302.00     0     60.12      0.00     13.82    12     60.11      0.00     14.50
 1494582302.10     0     57.52      0.00     12.27    12     58.76      0.00     12.48
 1494582302.20     0     62.58      0.00     13.86    12     62.49      0.00     13.73
 1494582302.30     0     61.11      0.00     13.32    12     61.28      0.00     13.54
 1494582302.40     0     60.37      0.00     13.25    12     61.04      0.00     13.58
 1494582302.50     0     62.03      0.00     13.49    12     60.43      0.00     13.45
 1494582302.60     0     61.77      0.00     11.83    12     61.20      0.00     12.50
 1494582302.70     0     60.30      0.00     13.32    12     60.87      0.00     14.08
 1494582302.80     0     60.91      0.00     12.61    12     59.48      0.00     12.12
 1494582302.90     0     59.81      0.00     11.97    12     59.32      0.00     12.52
 1494582303.00     0     61.22      0.00     13.97    12     62.05      0.00     14.67
 1494582303.10     0     60.43      0.00     13.14    12     58.85      0.00     12.83
 1494582303.20     0     62.08      0.00     13.57    12     62.85      0.00     14.30
 1494582303.30     0     61.74      0.00     11.31    12     60.73      0.00     11.28
 1494582303.40     0     59.13      0.00     12.60    12     59.46      0.00     13.24
 1494582303.50     0     60.58      0.00     13.23    12     60.03      0.00     13.77
 1494582303.60     0     59.02      0.00     12.16    12     59.65      0.00     12.42
 1494582303.70     0     61.11      0.00     13.95    12     62.28      0.00     14.76
 1494582303.80     0     60.70      0.00     11.74    12     60.14      0.00     11.46
 1494582303.90     0     61.24      0.00     13.90    12     62.33      0.00     14.27
 1494582304.00     0     60.63      0.00     13.05    12     61.88      0.00     13.34
 1494582304.10     0     58.82      0.00     11.45    12     59.52      0.00     11.90
 1494582304.20     0     61.67      0.00     14.07    12     61.68      0.00     14.30
 1494582304.31     0     60.79      0.00     12.93    12     61.51      0.00     13.60
 1494582304.41     0     60.93      0.00     12.17    12     60.45      0.00     12.40
 1494582304.51     0     61.12      0.00     14.01    12     60.53      0.00     14.13
 1494582304.61     0     60.07      0.00     12.03    12     60.27      0.00     12.49
 1494582304.71     0     62.38      0.00     13.96    12     61.03      0.00     14.20
 1494582304.81     0     60.24      0.00     11.43    12     59.63      0.00     10.96
 1494582304.91     0     58.86      0.00     12.42    12     58.89      0.00     12.49
 1494582305.01     0     61.29      0.00     13.69    12     60.68      0.00     14.51
 1494582305.11     0     59.13      0.00     13.05    12     59.67      0.00     13.70
 1494582305.21     0     61.84      0.00     13.66    12     60.88      0.00     12.80
 1494582305.31     0     62.54      0.00     14.19    12     63.20      0.00     14.54
 1494582305.41     0     59.86      0.00     12.69    12     60.32      0.00     12.75
 1494582305.51     0     60.96      0.00     13.83    12     61.23      0.00     13.79
 1494582305.61     0     59.77      0.00     10.58    12     59.29      0.00     10.58
 1494582305.71     0     60.91      0.00     13.33    12     60.97      0.00     14.29
 1494582305.81     0     60.03      0.00     12.21    12     58.93      0.00     11.68
 1494582305.91     0     61.46      0.00     12.09    12     61.73      0.00     12.18
 1494582306.01     0     59.83      0.00     13.75    12     60.31      0.00     14.68
 1494582306.11     0     61.48      0.00     12.85    12     60.55      0.00     12.62
 1494582306.21     0     61.68      0.00     13.88    12     60.93      0.00     14.50
 1494582306.31     0     60.09      0.00     11.42    12     60.57      0.00     11.76
 1494582306.41     0     59.29      0.00     12.35    12     58.99      0.00     13.11
 1494582306.51     0     60.40      0.00     13.35    12     60.50      0.00     13.98
 1494582306.61     0     60.05      0.00     13.38    12     59.19      0.00     13.99
 1494582306.71     0     60.93      0.00     12.71    12     60.16      0.00     12.88
 1494582306.82     0     63.05      0.00     14.16    12     62.64      0.00     13.89
 1494582306.92     0     59.03      0.00     12.02    12     59.50      0.00     12.12
 1494582307.02     0     61.24      0.00     13.40    12     61.46      0.00     14.05
 1494582307.12     0     60.61      0.00     11.36    12     60.50      0.00     11.66
 1494582307.22     0     60.63      0.00     13.58    12     61.26      0.00     14.33
 1494582307.32     0     61.38      0.00     13.23    12     61.18      0.00     13.11
 1494582307.42     0     61.96      0.00     12.62    12     60.53      0.00     12.64
 1494582307.52     0     60.46      0.00     13.75    12     62.15      0.00     14.68
 1494582307.62     0     61.17      0.00     12.39    12     60.43      0.00     13.05
 1494582307.72     0     61.14      0.00     13.97    12     60.12      0.00     14.36
 1494582307.82     0     60.54      0.00     10.80    12     60.49      0.00     10.76
 1494582307.92     0     59.76      0.00     12.56    12     60.30      0.00     12.96
 1494582308.02     0     60.35      0.00     13.85    12     60.59      0.00     13.86
 1494582308.12     0     58.75      0.00     12.50    12     58.15      0.00     12.89
 1494582308.22     0     62.20      0.00     13.55    12     61.33      0.00     14.06
 1494582308.32     0     61.75      0.00     14.03    12     62.43      0.00     13.62
 1494582308.42     0     60.77      0.00     13.49    12     61.49      0.00     13.07
 1494582308.52     0     60.71      0.00     12.82    12     61.17      0.00     12.87
 1494582308.62     0     60.79      0.00     11.62    12     59.21      0.00     11.97
 1494582308.72     0     59.78      0.00     13.18    12     59.60      0.00     13.96
 1494582308.82     0     60.49      0.00     12.97    12     61.04      0.00     12.88
 1494582308.92     0     59.95      0.00     12.33    12     61.14      0.00     12.61
 1494582309.02     0     60.49      0.00     14.22    12     60.83      0.00     14.03
 1494582309.12     0     60.09      0.00     12.33    12     59.86      0.00     12.52
 1494582309.22     0     61.71      0.00     13.56    12     61.38      0.00     14.65
 1494582309.32     0     61.25      0.00     11.20    12     60.87      0.00     11.55
 1494582309.43     0     58.82      0.00     12.46    12     59.26      0.00     12.81
 1494582309.53     0     60.96      0.00     13.16    12     60.63      0.00     14.25
 1494582309.63     0     56.68      0.00     11.87    12     57.15      0.00     12.04
 1494582309.73     0     62.56      0.00     14.28    12     60.91      0.00     13.65
 1494582309.83     0     62.27      0.00     13.53    12     61.14      0.00     13.27
 1494582309.93     0     61.21      0.00     13.11    12     62.51      0.00     12.87
 1494582310.03     0     60.62      0.00     12.34    12     60.36      0.00     12.98
 1494582310.13     0     59.32      0.00     11.07    12     60.24      0.00     11.69
 1494582310.23     0     60.15      0.00     13.23    12     58.48      0.00     14.58
 1494582310.33     0     60.82      0.00     12.70    12     61.32      0.00     13.76
 1494582310.43     0     61.21      0.00     12.56    12     60.65      0.00     12.56
 1494582310.53     0     60.76      0.00     14.29    12     63.17      0.00     14.51
 1494582310.63     0     59.86      0.00     10.88    12     58.30      0.00     11.31
 1494582310.73     0     61.41      0.00     14.42    12     60.22      0.00     14.54
 1494582310.83     0     60.35      0.00     11.01    12     59.07      0.00     11.22
 1494582310.93     0     59.53      0.00     12.22    12     58.63      0.00     12.23
 1494582311.03     0     60.77      0.00     13.85    12     60.89      0.00     13.90
 1494582311.13     0     59.06      0.00     13.03    12     59.22      0.00     13.53
 1494582311.23     0     60.85      0.00     12.72    12     60.30      0.00     13.29
 1494582311.33     0     62.31      0.00     14.18    12     62.59      0.00     14.50
 1494582311.43     0     61.57      0.00     13.03    12     61.50      0.00     12.91
 1494582311.53     0     59.68      0.00     12.58    12     62.72      0.00     13.26
 1494582311.63     0     60.28      0.00     11.01    12     58.75      0.00     11.53
 1494582311.74     0     61.10      0.00     13.48    12     59.37      0.00     14.31
 1494582311.84     0     60.04      0.00     12.79    12     60.29      0.00     13.15
 1494582311.94     0     61.53      0.00     12.28    12     60.24      0.00     11.60
 1494582312.04     0     60.93      0.00     14.66    12     61.48      0.00     14.34
 1494582312.14     0     59.85      0.00     11.71    12     60.17      0.00     12.67
 1494582312.24     0     60.24      0.00     13.43    12     60.10      0.00     14.38
 1494582312.34     0     62.61      0.00     12.96    12     62.80      0.00     13.07
 1494582312.44     0     59.29      0.00     11.83    12     60.36      0.00     12.65
 1494582312.54     0     59.85      0.00     13.56    12     61.36      0.00     14.12
 1494582312.64     0     59.26      0.00     12.94    12     59.08      0.00     12.73
 1494582312.74     0     60.79      0.00     12.49    12     58.28      0.00     12.91
 1494582312.84     0     63.48      0.00     14.03    12     63.17      0.00     15.05
 1494582312.94     0     59.08      0.00     12.06    12     59.98      0.00     11.70
 1494582313.04     0     62.10      0.00     14.08    12     62.41      0.00     13.85
 1494582313.14     0     58.72      0.00     10.42    12     57.53      0.00     10.38
 1494582313.24     0     60.02      0.00     12.72    12     59.02      0.00     13.71
 1494582313.34     0     59.14      0.00     12.35    12     59.18      0.00     13.27
 1494582313.44     0     61.37      0.00     12.88    12     62.42      0.00     13.06
 1494582313.54     0     60.31      0.00     13.88    12     61.81      0.00     14.49
 1494582313.64     0     61.50      0.00     13.12    12     60.08      0.00     13.14
 1494582313.75     0     61.75      0.00     13.77    12     61.27      0.00     14.43
 1494582313.85     0     60.59      0.00     12.13    12     60.35      0.00     12.68
 1494582313.95     0     60.87      0.00     12.57    12     60.22      0.00     12.39
 1494582314.05     0     61.12      0.00     13.55    12     61.57      0.00     13.12
 1494582314.15     0     60.44      0.00     13.70    12     59.22      0.00     13.57
 1494582314.25     0     59.56      0.00     12.43    12     59.77      0.00     13.30
 1494582314.35     0     62.56      0.00     14.25    12     62.27      0.00     14.64
 1494582314.45     0     60.39      0.00     12.47    12     60.50      0.00     13.29
 1494582314.55     0     60.66      0.00     12.98    12     61.81      0.00     13.18
 1494582314.65     0     60.83      0.00     11.64    12     60.21      0.00     11.71
 1494582314.75     0     60.31      0.00     13.80    12     59.14      0.00     13.90
 1494582314.85     0     60.81      0.00     13.34    12     59.99      0.00     12.88
 1494582314.95     0     60.13      0.00     12.63    12     60.92      0.00     12.90
 1494582315.05     0     61.74      0.00     14.25    12     61.94      0.00     13.40
 1494582315.15     0     60.99      0.00     12.39    12     61.71      0.00     12.68
 1494582315.25     0     60.78      0.00     13.84    12     60.49      0.00     14.28
 1494582315.35     0     60.25      0.00     11.14    12     58.23      0.00     11.49
 1494582315.45     0     58.27      0.00     13.04    12     61.38      0.00     14.02
 1494582315.55     0     60.71      0.00     14.10    12     61.12      0.00     13.56
 1494582315.65     0     58.44      0.00     11.71    12     58.65      0.00     12.04
 1494582315.75     0     62.49      0.00     14.49    12     61.00      0.00     13.86
 1494582315.85     0     61.25      0.00     12.13    12     60.80      0.00     13.13
 1494582315.96     0     60.95      0.00     13.50    12     61.20      0.00     13.81
 1494582316.06     0     60.83      0.00     12.56    12     60.93      0.00     12.13
 1494582316.16     0     60.61      0.00     11.11    12     59.91      0.00     11.57
 1494582316.26     0     60.11      0.00     13.25    12     59.22      0.00     13.78
 1494582316.36     0     61.25      0.00     13.30    12     60.65      0.00     13.42
 1494582316.46     0     60.37      0.00     11.74    12     58.90      0.00     12.58
 1494582316.56     0     60.04      0.00     13.81    12     61.92      0.00     14.54
 1494582316.66     0     61.66      0.00     13.21    12     60.96      0.00     13.02
 1494582316.76     0     62.64      0.00     14.09    12     61.72      0.00     13.81
 1494582316.86     0     60.86      0.00     10.94    12     58.19      0.00     10.98
 1494582316.96     0     60.05      0.00     13.48    12     61.50      0.00     14.10
 1494582317.06     0     59.07      0.00     13.38    12     60.18      0.00     12.79
 1494582317.16     0     60.84      0.00     11.97    12     60.32      0.00     11.85
 1494582317.26     0     61.30      0.00     14.02    12     60.65      0.00     14.13
 1494582317.36     0     60.83      0.00     12.12    12     60.56      0.00     12.79
 1494582317.46     0     61.57      0.00     14.01    12     62.05      0.00     14.38
 1494582317.56     0     61.59      0.00     12.73    12     62.16      0.00     13.25
 1494582317.66     0     58.52      0.00     10.83    12     58.44      0.00     11.44
 1494582317.76     0     61.70      0.00     13.91    12     60.23      0.00     14.41
 1494582317.86     0     60.79      0.00     12.96    12     59.99      0.00     13.06
 1494582317.96     0     59.91      0.00     12.70    12     59.81      0.00     13.04
 1494582318.06     0     61.57      0.00     14.34    12     62.20      0.00     14.21
 1494582318.16     0     60.89      0.00     12.04    12     59.52      0.00     11.42
 1494582318.26     0     61.86      0.00     13.64    12     62.34      0.00     14.33
 1494582318.37     0     59.95      0.00     10.20    12     57.96      0.00     10.64
 1494582318.47     0     58.88      0.00     13.14    12     58.40      0.00     13.61
 1494582318.57     0     59.54      0.00     13.27    12     59.28      0.00     12.77
 1494582318.67     0     61.27      0.00     13.25    12     60.82      0.00     12.53
 1494582318.77     0     62.08      0.00     13.48    12     61.77      0.00     14.26
 1494582318.87     0     61.13      0.00     12.13    12     60.12      0.00     12.15
 1494582318.97     0     60.74      0.00     14.55    12     60.47      0.00     14.75
 1494582319.07     0     59.70      0.00     12.35    12     61.04      0.00     12.72
 1494582319.17     0     60.06      0.00     11.96    12     59.37      0.00     11.39
 1494582319.27     0     60.96      0.00     13.79    12     60.87      0.00     13.93
 1494582319.37     0     60.44      0.00     13.20    12     59.62      0.00     13.40
 1494582319.47     0     59.68      0.00     12.60    12     60.46      0.00     12.96
 1494582319.57     0     60.87      0.00     14.40    12     61.53      0.00     13.98
 1494582319.67     0     60.81      0.00     12.59    12     60.99      0.00     12.87
 1494582319.77     0     62.90      0.00     13.80    12     62.09      0.00     14.33
 1494582319.87     0     62.33      0.00     11.53    12     58.88      0.00     11.73
 1494582319.97     0     59.87      0.00     13.20    12     59.82      0.00     13.37
 1494582320.07     0     61.11      0.00     13.63    12     61.49      0.00     13.66
 1494582320.17     0     59.39      0.00     11.59    12     59.14      0.00     11.40
 1494582320.27     0     60.91      0.00     14.06    12     61.13      0.00     13.98
 1494582320.37     0     61.83      0.00     13.03    12     60.99      0.00     13.63
 1494582320.47     0     61.01      0.00     13.33    12     61.17      0.00     13.50
 1494582320.57     0     60.75      0.00     13.20    12     61.00      0.00     12.94
 1494582320.67     0     61.60      0.00     12.94    12     62.95      0.00     12.90
 1494582320.78     0     61.78      0.00     13.46    12     61.25      0.00     14.15
 1494582320.88     0     59.58      0.00     12.21    12     60.42      0.00     13.20
 1494582320.98     0     60.44      0.00     12.53    12     60.40      0.00     13.10
 1494582321.08     0     61.35      0.00     14.23    12     61.95      0.00     13.98
 1494582321.18     0     61.89      0.00     12.79    12     59.78      0.00     11.88
 1494582321.28     0     62.40      0.00     13.92    12     62.86      0.00     14.49
 1494582321.38     0     59.58      0.00      9.70    12     58.18      0.00      9.89
 1494582321.48     0     59.55      0.00     12.75    12     59.68      0.00     14.24
 1494582321.58     0     59.38      0.00     13.29    12     59.31      0.00     12.98
 1494582321.68     0     61.36      0.00     13.04    12     61.65      0.00     12.84
 1494582321.78     0     62.75      0.00     13.89    12     61.62      0.00     14.45
 1494582321.88     0     61.26      0.00     12.70    12     61.81      0.00     13.17
 1494582321.98     0     61.07      0.00     14.09    12     61.21      0.00     14.56
 1494582322.08     0     60.12      0.00     11.16    12     58.51      0.00     11.35
 1494582322.18     0     60.42      0.00     11.94    12     60.20      0.00     12.13
 1494582322.28     0     60.72      0.00     13.24    12     60.31      0.00     13.31
 1494582322.38     0     60.54      0.00     13.22    12     60.19      0.00     13.57
 1494582322.48     0     60.63      0.00     12.37    12     61.14      0.00     12.98
 1494582322.58     0     61.90      0.00     14.35    12     62.07      0.00     14.29
 1494582322.69     0     60.19      0.00     12.13    12     60.30      0.00     12.13
 1494582322.79     0     62.16      0.00     13.37    12     62.30      0.00     14.31
 1494582322.89     0     60.05      0.00     10.72    12     61.95      0.00     10.80
 1494582322.99     0     59.86      0.00     14.12    12     59.90      0.00     14.41
 1494582323.09     0     59.41      0.00     13.09    12     59.96      0.00     13.12
 1494582323.19     0     61.61      0.00     12.59    12     60.99      0.00     12.33
 1494582323.29     0     61.95      0.00     14.43    12     61.62      0.00     13.64
 1494582323.39     0     61.04      0.00     11.99    12     60.80      0.00     12.62
 1494582323.49     0     60.91      0.00     14.16    12     61.39      0.00     14.78
 1494582323.59     0     59.56      0.00     11.18    12     58.04      0.00     11.20
 1494582323.69     0     60.60      0.00     13.40    12     60.48      0.00     13.38
 1494582323.79     0     61.54      0.00     13.46    12     62.12      0.00     14.12
 1494582323.89     0     59.96      0.00     11.52    12     57.69      0.00     11.89
 1494582323.99     0     60.10      0.00     13.89    12     62.21      0.00     14.93
 1494582324.09     0     60.25      0.00     13.57    12     60.29      0.00     13.17
 1494582324.19     0     62.54      0.00     13.75    12     62.12      0.00     12.67
 1494582324.29     0     60.98      0.00     12.21    12     60.77      0.00     11.57
 1494582324.39     0     58.61      0.00     11.32    12     58.44      0.00     11.56
 1494582324.49     0     61.10      0.00     13.77    12     60.25      0.00     14.33
 1494582324.60     0     59.74      0.00     12.89    12     59.19      0.00     13.43
 1494582324.70     0     60.46      0.00     13.17    12     59.33      0.00     12.50
 1494582324.80     0     62.62      0.00     14.20    12     63.58      0.00     14.40
 1494582324.90     0     61.04      0.00     12.97    12     60.40      0.00     12.74
 1494582325.00     0     61.89      0.00     14.31    12     61.43      0.00     14.43
 1494582325.10     0     58.94      0.00     10.81    12     60.45      0.00     11.20
 1494582325.20     0     60.93      0.00     13.01    12     59.96      0.00     13.02
 1494582325.30     0     61.11      0.00     13.15    12     60.07      0.00     11.59
 1494582325.40     0     60.82      0.00     12.39    12     60.00      0.00     11.94
 1494582325.50     0     60.94      0.00     13.61    12     62.12      0.00     14.59
 1494582325.60     0     60.22      0.00     12.39    12     59.02      0.00     12.64
 1494582325.70     0     61.47      0.00     14.39    12     61.18      0.00     14.13
 1494582325.80     0     62.03      0.00     12.72    12     62.36      0.00     12.75
 1494582325.90     0     60.85      0.00     12.61    12     58.33      0.00     12.53
 1494582326.00     0     60.74      0.00     13.62    12     60.94      0.00     13.90
 1494582326.10     0     59.84      0.00     13.91    12     59.84      0.00     13.77
 1494582326.20     0     60.15      0.00     12.45    12     60.41      0.00     12.33
 1494582326.30     0     63.34      0.00     14.30    12     62.10      0.00     13.43
 1494582326.40     0     60.42      0.00     11.95    12     58.42      0.00     12.51
 1494582326.50     0     60.79      0.00     13.47    12     61.31      0.00     13.45
 1494582326.61     0     60.99      0.00     12.53    12     61.76      0.00     12.80
 1494582326.71     0     60.45      0.00     13.98    12     59.56      0.00     13.85
 1494582326.81     0     60.19      0.00     13.41    12     59.96      0.00     12.96
 1494582326.91     0     61.46      0.00     12.20    12     61.39      0.00     12.64
 1494582327.01     0     61.36      0.00     14.09    12     61.51      0.00     13.84
 1494582327.11     0     58.20      0.00     12.72    12     59.13      0.00     12.96
 1494582327.21     0     60.54      0.00     14.01    12     61.43      0.00     14.39
 1494582327.31     0     61.26      0.00     11.64    12     60.64      0.00     10.84
 1494582327.41     0     61.20      0.00     13.25    12     61.58      0.00     13.28
 1494582327.51     0     60.97      0.00     13.45    12     61.13      0.00     13.97
 1494582327.61     0     58.00      0.00     12.67    12     58.69      0.00     12.95
 1494582327.71     0     60.41      0.00     13.98    12     60.50      0.00     13.83
 1494582327.81     0     61.77      0.00     13.99    12     61.65      0.00     13.95
 1494582327.91     0     62.46      0.00     13.51    12     61.55      0.00     13.36
 1494582328.01     0     60.25      0.00     12.50    12     60.25      0.00     12.86
 1494582328.11     0     59.50      0.00     11.72    12     60.14      0.00     11.90
 1494582328.21     0     58.88      0.00     13.78    12     60.10      0.00     13.79
 1494582328.31     0     61.86      0.00     13.48    12     61.11      0.00     12.52
 1494582328.41     0     61.01      0.00     12.07    12     60.80      0.00     12.53
 1494582328.51     0     62.51      0.00     14.55    12     61.88      0.00     14.50
 1494582328.62     0     59.42      0.00     12.26    12     60.57      0.00     12.30
 1494582328.72     0     60.80      0.00     14.21    12     61.03      0.00     14.04
 1494582328.82     0     60.98      0.00     11.51    12     60.90      0.00     11.59
 1494582328.92     0     60.58      0.00     13.82    12     61.08      0.00     13.87
 1494582329.02     0     59.75      0.00     13.21    12     59.51      0.00     12.91
 1494582329.12     0     60.38      0.00     12.87    12     59.35      0.00     13.04
 1494582329.22     0     60.01      0.00     14.27    12     60.69      0.00     14.15
 1494582329.32     0     61.58      0.00     12.86    12     60.40      0.00     12.34
 1494582329.42     0     62.27      0.00     14.65    12     61.64      0.00     13.39
 1494582329.52     0     59.09      0.00     10.70    12     58.41      0.00     10.67
 1494582329.62     0     58.90      0.00     12.65    12     57.93      0.00     13.15
 1494582329.72     0     61.01      0.00     13.99    12     59.92      0.00     14.35
 1494582329.82     0     60.54      0.00     13.61    12     59.63      0.00     13.67
 1494582329.92     0     61.34      0.00     12.73    12     61.20      0.00     13.14
 1494582330.02     0     61.57      0.00     13.50    12     62.16      0.00     14.15
 1494582330.12     0     58.90      0.00     12.73    12     59.16      0.00     13.20
 1494582330.22     0     61.76      0.00     13.72    12     60.70      0.00     14.26
 1494582330.32     0     60.53      0.00     11.11    12     61.61      0.00     10.94
 1494582330.42     0     59.88      0.00     13.69    12     57.05      0.00     13.02
 1494582330.52     0     59.79      0.00     12.53    12     60.47      0.00     13.20
 1494582330.63     0     59.57      0.00     13.09    12     60.24      0.00     12.88
 1494582330.73     0     60.34      0.00     14.43    12     60.28      0.00     14.12
 1494582330.83     0     60.99      0.00     13.03    12     60.53      0.00     13.41
 1494582330.93     0     61.50      0.00     13.79    12     61.97      0.00     14.18
 1494582331.03     0     62.86      0.00     11.91    12     60.80      0.00     11.70
 1494582331.13     0     58.61      0.00     13.54    12     59.80      0.00     13.83
 1494582331.23     0     60.34      0.00     12.55    12     60.30      0.00     13.58
 1494582331.33     0     61.38      0.00     11.95    12     61.68      0.00     12.18
 1494582331.43     0     62.24      0.00     15.04    12     61.44      0.00     14.02
 1494582331.53     0     59.03      0.00     10.92    12     58.73      0.00     11.70
 1494582331.63     0     61.62      0.00     14.23    12     62.29      0.00     14.17
 1494582331.73     0     61.60      0.00     13.27    12     61.12      0.00     13.76
 1494582331.83     0     58.43      0.00     11.96    12     59.05      0.00     12.19
 1494582331.93     0     61.38      0.00     13.44    12     61.18      0.00     14.17
 1494582332.03     0     59.50      0.00     13.36    12     59.40      0.00     13.11
 1494582332.13     0     59.55      0.00     12.94    12     58.54      0.00     13.41
 1494582332.23     0     61.51      0.00     14.57    12     61.53      0.00     14.92
 1494582332.33     0     61.16      0.00     12.70    12     60.73      0.00     12.89
 1494582332.43     0     61.11      0.00     13.86    12     61.08      0.00     13.39
 1494582332.53     0     61.52      0.00     11.45    12     61.69      0.00     12.25
 1494582332.64     0     59.49      0.00     13.76    12     60.54      0.00     14.19
 1494582332.74     0     58.73      0.00     12.46    12     58.16      0.00     12.84
 1494582332.84     0     61.82      0.00     13.15    12     60.90      0.00     13.65
 1494582332.94     0     61.27      0.00     14.48    12     62.00      0.00     14.61
 1494582333.04     0     60.51      0.00     13.08    12     61.23      0.00     13.10
 1494582333.14     0     59.81      0.00     14.09    12     61.27      0.00     14.59
 1494582333.24     0     60.36      0.00     11.40    12     60.94      0.00     11.89
 1494582333.34     0     60.43      0.00     13.23    12     59.63      0.00     13.01
 1494582333.44     0     59.95      0.00     13.01    12     60.09      0.00     11.93
 1494582333.54     0     59.65      0.00     12.52    12     59.30      0.00     12.87
 1494582333.64     0     59.64      0.00     14.25    12     60.44      0.00     14.57
 1494582333.74     0     60.87      0.00     13.38    12     61.28      0.00     13.79
 1494582333.84     0     61.04      0.00     14.49    12     61.22      0.00     14.82
 1494582333.94     0     61.55      0.00     11.84    12     61.89      0.00     12.35
 1494582334.04     0     59.14      0.00     12.28    12     58.57      0.00     12.39
 1494582334.15     0     60.72      0.00     13.95    12     59.81      0.00     14.04
 1494582334.25     0     59.49      0.00     13.26    12     60.00      0.00     13.91
 1494582334.35     0     61.45      0.00     12.61    12     61.42      0.00     12.99
 1494582334.45     0     61.71      0.00     14.92    12     61.73      0.00     14.63
 1494582334.55     0     59.12      0.00     11.87    12     60.41      0.00     12.25
 1494582334.65     0     61.18      0.00     14.07    12     61.71      0.00     14.36
 1494582334.75     0     61.42      0.00     12.03    12     61.44      0.00     12.32
 1494582334.85     0     59.74      0.00     13.76    12     60.14      0.00     14.21
 1494582334.95     0     59.93      0.00     12.51    12     60.04      0.00     12.81
 1494582335.05     0     61.04      0.00     13.48    12     60.85      0.00     13.40
 1494582335.15     0     60.23      0.00     14.52    12     60.55      0.00     14.35
 1494582335.25     0     61.18      0.00     12.88    12     60.45      0.00     13.34
 1494582335.35     0     61.12      0.00     14.87    12     61.72      0.00     14.41
 1494582335.45     0     60.03      0.00     11.22    12     58.52      0.00     10.93
 1494582335.55     0     60.27      0.00     12.37    12     60.03      0.00     12.85
 1494582335.65     0     60.47      0.00     13.58    12     60.41      0.00     13.96
 1494582335.75     0     59.72      0.00     13.47    12     59.66      0.00     13.66
 1494582335.85     0     60.99      0.00     12.46    12     60.37      0.00     13.16
 1494582335.96     0     62.15      0.00     14.29    12     62.59      0.00     14.33
 1494582336.06     0     59.31      0.00     13.04    12     60.08      0.00     13.06
 1494582336.16     0     59.55      0.00     13.39    12     60.79      0.00     14.18
 1494582336.26     0     61.69      0.00     12.26    12     60.54      0.00     12.63
 1494582336.36     0     59.52      0.00     13.26    12     60.07      0.00     13.89
 1494582336.46     0     60.22      0.00     13.40    12     60.51      0.00     13.00
 1494582336.56     0     59.28      0.00     12.43    12     59.99      0.00     12.99
 1494582336.66     0     61.47      0.00     14.47    12     61.20      0.00     14.62
 1494582336.76     0     60.95      0.00     13.20    12     59.86      0.00     13.32
 1494582336.86     0     60.75      0.00     14.44    12     61.92      0.00     14.89
 1494582336.96     0     61.24      0.00     11.71    12     62.87      0.00     12.04
 1494582337.06     0     60.02      0.00     14.13    12     60.55      0.00     13.98
 1494582337.16     0     58.74      0.00     13.18    12     59.49      0.00     13.43
 1494582337.26     0     60.57      0.00     12.51    12     59.43      0.00     13.10
 1494582337.36     0     62.16      0.00     14.48    12     61.59      0.00     14.89
 1494582337.46     0     60.60      0.00     12.27    12     59.96      0.00     11.98
 1494582337.56     0     60.04      0.00     13.83    12     61.12      0.00     14.70
 1494582337.66     0     60.02      0.00     11.43    12     60.80      0.00     11.86
 1494582337.76     0     61.54      0.00     13.76    12     60.40      0.00     13.89
 1494582337.87     0     61.15      0.00     13.59    12     61.25      0.00     14.22
 1494582337.97     0     60.00      0.00     11.79    12     59.24      0.00     12.06
 1494582338.07     0     59.27      0.00     13.98    12     61.16      0.00     14.54
 1494582338.17     0     59.58      0.00     13.12    12     60.33      0.00     13.02
 1494582338.27     0     61.17      0.00     13.69    12     61.27      0.00     14.33
 1494582338.37     0     60.49      0.00     13.17    12     61.07      0.00     13.04
 1494582338.47     0     60.42      0.00     12.21    12     59.57      0.00     11.83
 1494582338.57     0     61.64      0.00     13.27    12     60.81      0.00     13.85
 1494582338.67     0     58.76      0.00     12.90    12     59.19      0.00     13.47
 1494582338.77     0     60.66      0.00     12.63    12     60.37      0.00     12.95
 1494582338.87     0     60.80      0.00     14.77    12     61.53      0.00     15.00
 1494582338.97     0     60.91      0.00     12.00    12     61.31      0.00     12.22
 1494582339.07     0     61.57      0.00     14.14    12     61.78      0.00     14.44
 1494582339.17     0     60.19      0.00     10.45    12     60.04      0.00     10.67
 1494582339.27     0     58.37      0.00     13.48    12     59.14      0.00     13.89
 1494582339.37     0     58.83      0.00     12.79    12     58.95      0.00     12.24
 1494582339.47     0     61.58      0.00     12.33    12     61.21      0.00     12.19
 1494582339.57     0     60.48      0.00     13.48    12     61.24      0.00     14.62
 1494582339.67     0     60.31      0.00     12.12    12     60.02      0.00     11.94
 1494582339.77     0     60.94      0.00     14.93    12     62.18      0.00     14.71
 1494582339.87     0     60.43      0.00     12.05    12     59.76      0.00     12.43
 1494582339.97     0     61.04      0.00     12.26    12     60.59      0.00     12.68
 1494582340.07     0     62.20      0.00     13.23    12     61.89      0.00     13.90
 1494582340.17     0     58.52      0.00     13.61    12     59.91      0.00     13.81
 1494582340.28     0     59.64      0.00     12.61    12     59.97      0.00     12.80
 1494582340.38     0     61.65      0.00     14.30    12     62.23      0.00     14.36
 1494582340.48     0     60.43      0.00     12.34    12     60.33      0.00     11.49
 1494582340.58     0     60.96      0.00     13.49    12     61.19      0.00     13.97
 1494582340.68     0     60.22      0.00     11.06    12     59.37      0.00     11.47
 1494582340.78     0     59.42      0.00     14.10    12     58.79      0.00     13.64
 1494582340.88     0     59.89      0.00     12.77    12     59.56      0.00     13.50
 1494582340.98     0     60.44      0.00     12.92    12     61.59      0.00     13.17
 1494582341.08     0     61.17      0.00     14.07    12     61.53      0.00     14.34
 1494582341.18     0     59.79      0.00     13.03    12     60.58      0.00     13.01
 1494582341.28     0     61.18      0.00     14.32    12     61.10      0.00     14.58
 1494582341.38     0     59.16      0.00     11.15    12     58.75      0.00     11.37
 1494582341.48     0     59.93      0.00     12.90    12     60.51      0.00     12.81
 1494582341.58     0     60.42      0.00     13.55    12     60.24      0.00     13.93
 1494582341.68     0     57.71      0.00     11.93    12     58.06      0.00     12.30
 1494582341.78     0     61.41      0.00     13.73    12     62.07      0.00     14.07
 1494582341.88     0     61.00      0.00     13.96    12     60.53      0.00     14.22
 1494582341.98     0     60.90      0.00     13.34    12     61.60      0.00     13.63
 1494582342.08     0     61.08      0.00     13.68    12     62.34      0.00     14.37
 1494582342.18     0     61.07      0.00     10.72    12     60.41      0.00     11.10
 1494582342.28     0     58.75      0.00     13.90    12     59.02      0.00     14.28
 1494582342.38     0     58.97      0.00     12.84    12     59.07      0.00     13.21
 1494582342.48     0     61.23      0.00     12.99    12     60.86      0.00     12.58
 1494582342.59     0     60.19      0.00     13.70    12     60.78      0.00     14.19
 1494582342.69     0     60.47      0.00     12.73    12     59.94      0.00     13.25
 1494582342.79     0     61.40      0.00     14.74    12     61.64      0.00     14.96
 1494582342.89     0     61.60      0.00     11.72    12     59.84      0.00     12.36
 1494582342.99     0     59.11      0.00     12.57    12     59.56      0.00     13.05
 1494582343.09     0     60.33      0.00     13.58    12     60.46      0.00     13.99
 1494582343.19     0     59.72      0.00     13.59    12     60.54      0.00     14.07
 1494582343.29     0     59.74      0.00     12.05    12     59.85      0.00     12.49
 1494582343.39     0     61.82      0.00     14.46    12     60.55      0.00     14.72
 1494582343.49     0     60.90      0.00     11.78    12     60.92      0.00     12.00
 1494582343.59     0     59.38      0.00     12.89    12     60.91      0.00     13.40
 1494582343.69     0     59.75      0.00     12.09    12     60.38      0.00     12.16
 1494582343.79     0     59.91      0.00     14.20    12     60.09      0.00     14.47
 1494582343.89     0     60.03      0.00     13.15    12     59.55      0.00     13.46
 1494582343.99     0     60.67      0.00     12.88    12     60.08      0.00     13.57
 1494582344.09     0     60.90      0.00     13.89    12     61.60      0.00     14.56
 1494582344.19     0     59.98      0.00     12.36    12     60.16      0.00     12.23
 1494582344.29     0     60.33      0.00     13.90    12     61.39      0.00     14.62
 1494582344.39     0     60.25      0.00     11.21    12     60.12      0.00     11.70
 1494582344.49     0     60.67      0.00     13.32    12     60.83      0.00     12.98
 1494582344.59     0     61.06      0.00     13.32    12     60.21      0.00     13.34
 1494582344.69     0     57.29      0.00     11.82    12     57.26      0.00     11.71
 1494582344.79     0     61.60      0.00     14.09    12     62.44      0.00     14.84
 1494582344.89     0     61.16      0.00     13.32    12     60.08      0.00     13.72
 1494582345.00     0     60.99      0.00     13.45    12     60.87      0.00     13.90
 1494582345.10     0     61.20      0.00     13.02    12     62.25      0.00     12.95
 1494582345.20     0     60.59      0.00     11.93    12     59.65      0.00     12.53
 1494582345.30     0     60.63      0.00     13.99    12     60.93      0.00     14.37
 1494582345.40     0     60.02      0.00     13.37    12     59.75      0.00     13.93
 1494582345.50     0     60.42      0.00     12.79    12     59.46      0.00     12.62
 1494582345.60     0     61.35      0.00     14.05    12     61.82      0.00     13.91
 1494582345.70     0     58.92      0.00     11.75    12     60.27      0.00     12.20
 1494582345.80     0     61.81      0.00     14.71    12     61.41      0.00     14.85
 1494582345.90     0     60.45      0.00     10.16    12     60.65      0.00     10.98
 1494582346.00     0     59.82      0.00     13.91    12     59.26      0.00     14.31
 1494582346.10     0     59.25      0.00     12.92    12     59.50      0.00     13.02
 1494582346.20     0     59.70      0.00     12.71    12     60.73      0.00     12.82
 1494582346.30     0     60.94      0.00     14.62    12     61.17      0.00     15.00
 1494582346.40     0     59.98      0.00     12.46    12     59.73      0.00     12.95
 1494582346.50     0     60.81      0.00     14.02    12     60.94      0.00     14.43
 1494582346.60     0     60.98      0.00     11.72    12     60.59      0.00     11.65
 1494582346.70     0     60.46      0.00     13.47    12     60.96      0.00     13.63
 1494582346.80     0     60.86      0.00     14.05    12     60.79      0.00     14.42
 1494582346.90     0     58.17      0.00     12.62    12     57.81      0.00     12.62
 1494582347.00     0     61.67      0.00     13.68    12     61.23      0.00     14.33
 1494582347.10     0     60.85      0.00     13.52    12     61.50      0.00     13.81
 1494582347.20     0     59.80      0.00     12.70    12     61.36      0.00     13.02
 1494582347.30     0     59.41      0.00     13.12    12     59.81      0.00     13.48
 1494582347.40     0     62.70      0.00     11.93    12     60.93      0.00     12.47
 1494582347.50     0     59.09      0.00     13.26    12     59.34      0.00     14.03
 1494582347.60     0     59.74      0.00     13.04    12     60.46      0.00     13.22
 1494582347.70     0     59.58      0.00     12.11    12     59.50      0.00     11.70
 1494582347.80     0     61.38      0.00     13.92    12     61.04      0.00     14.46
 1494582347.91     0     60.22      0.00     12.45    12     59.81      0.00     13.05
 1494582348.01     0     60.79      0.00     14.36    12     61.41      0.00     14.73
 1494582348.11     0     61.32      0.00     11.16    12     60.71      0.00     11.67
 1494582348.21     0     61.15      0.00     12.81    12     61.51      0.00     13.26
 1494582348.31     0     60.78      0.00     13.40    12     60.69      0.00     14.23
 1494582348.41     0     57.76      0.00     11.72    12     57.26      0.00     11.91
 1494582348.51     0     61.59      0.00     13.94    12     62.15      0.00     14.47
 1494582348.61     0     59.32      0.00     12.87    12     60.07      0.00     12.33
 1494582348.71     0     62.13      0.00     14.56    12     62.65      0.00     14.24
 1494582348.81     0     60.39      0.00     12.11    12     58.96      0.00     11.83
 1494582348.91     0     60.00      0.00     11.83    12     59.07      0.00     13.01
 1494582349.01     0     61.27      0.00     13.38    12     60.71      0.00     14.44
 1494582349.11     0     59.79      0.00     13.66    12     60.29      0.00     13.96
 1494582349.21     0     59.20      0.00     12.20    12     60.92      0.00     12.67
 1494582349.31     0     61.33      0.00     13.86    12     62.37      0.00     14.56
 1494582349.41     0     61.04      0.00     12.37    12     60.20      0.00     12.92
 1494582349.51     0     61.03      0.00     13.94    12     60.91      0.00     14.81
 1494582349.61     0     58.68      0.00     11.12    12     58.48      0.00     11.71
 1494582349.71     0     59.85      0.00     13.32    12     59.87      0.00     12.46
 1494582349.81     0     60.67      0.00     14.22    12     61.28      0.00     14.43
 1494582349.91     0     58.53      0.00     12.24    12     58.25      0.00     12.51
 1494582350.01     0     61.60      0.00     13.60    12     61.93      0.00     14.45
 1494582350.11     0     59.61      0.00     13.53    12     60.82      0.00     14.02
 1494582350.21     0     60.43      0.00     12.73    12     60.48      0.00     13.15
 1494582350.32     0     60.53      0.00     12.56    12     60.47      0.00     12.92
 1494582350.42     0     62.94      0.00     12.19    12     60.99      0.00     12.36
 1494582350.52     0     60.43      0.00     13.50    12     60.16      0.00     14.04
 1494582350.62     0     60.25      0.00     13.25    12     60.30      0.00     13.46
 1494582350.72     0     60.84      0.00     12.69    12     60.56      0.00     11.86
 1494582350.82     0     61.58      0.00     14.93    12     62.43      0.00     15.26
 1494582350.92     0     59.05      0.00     11.06    12     58.98      0.00     12.06
 1494582351.02     0     59.77      0.00     13.87    12     60.12      0.00     14.38
 1494582351.12     0     61.51      0.00     11.51    12     60.66      0.00     11.91
 1494582351.22     0     60.25      0.00     12.63    12     60.35      0.00     13.88
 1494582351.32     0     59.61      0.00     13.04    12     60.87      0.00     13.62
 1494582351.42     0     60.46      0.00     12.06    12     59.87      0.00     12.60
 1494582351.52     0     60.88      0.00     13.24    12     61.42      0.00     14.52
 1494582351.62     0     59.74      0.00     13.10    12     60.49      0.00     12.65
 1494582351.72     0     62.33      0.00     14.68    12     62.20      0.00     14.53
 1494582351.82     0     59.15      0.00     11.35    12     61.12      0.00     11.83
 1494582351.92     0     60.42      0.00     12.34    12     60.05      0.00     12.81
 1494582352.02     0     60.28      0.00     13.24    12     60.31      0.00     14.35
 1494582352.12     0     60.00      0.00     13.01    12     59.56      0.00     13.80
 1494582352.22     0     60.30      0.00     12.57    12     60.53      0.00     13.12
 1494582352.32     0     63.24      0.00     14.22    12     63.09      0.00     14.02
 1494582352.42     0     60.82      0.00     12.10    12     60.57      0.00     12.26
 1494582352.52     0     60.50      0.00     13.10    12     61.06      0.00     14.46
 1494582352.62     0     62.78      0.00     11.33    12     60.45      0.00     11.68
 1494582352.72     0     59.99      0.00     13.92    12     59.93      0.00     13.26
 1494582352.82     0     60.10      0.00     13.02    12     59.78      0.00     12.51
 1494582352.93     0     59.80      0.00     13.11    12     60.27      0.00     13.41
 1494582353.03     0     60.62      0.00     13.43    12     61.00      0.00     14.59
 1494582353.13     0     61.14      0.00     12.85    12     61.50      0.00     13.15
 1494582353.23     0     61.40      0.00     13.86    12     62.19      0.00     14.13
 1494582353.33     0     60.83      0.00     11.26    12     60.67      0.00     11.13
 1494582353.43     0     61.60      0.00     12.77    12     61.07      0.00     13.28
 1494582353.53     0     60.17      0.00     13.28    12     60.12      0.00     13.93
 1494582353.63     0     59.90      0.00     11.99    12     59.86      0.00     12.76
 1494582353.73     0     61.78      0.00     13.90    12     62.61      0.00     13.88
 1494582353.83     0     60.99      0.00     13.16    12     59.53      0.00     13.00
 1494582353.93     0     59.14      0.00     12.18    12     60.67      0.00     12.97
 1494582354.03     0     60.95      0.00     12.94    12     59.75      0.00     13.70
 1494582354.13     0     62.23      0.00     12.46    12     62.47      0.00     13.11
 1494582354.23     0     60.70      0.00     13.74    12     61.10      0.00     13.91
 1494582354.33     0     60.50      0.00     13.55    12     61.55      0.00     13.28
 1494582354.43     0     61.07      0.00     12.71    12     60.20      0.00     12.81
 1494582354.53     0     62.43      0.00     13.95    12     61.52      0.00     14.50
 1494582354.63     0     59.21      0.00     12.48    12     60.18      0.00     12.75
 1494582354.73     0     60.45      0.00     13.85    12     61.59      0.00     13.75
 1494582354.83     0     42.86      0.00      7.88    12     42.19      0.00      7.68
 1494582354.93     0     13.84      0.00      2.16    12     17.45      0.00      2.42
 1494582355.03     0     24.37      0.00      3.96    12     26.42      0.00      4.85
 1494582355.13     0     13.01      0.00      2.14    12     15.20      0.00      2.13
 1494582355.23     0     12.96      0.00      2.13    12     17.00      0.00      2.43
 1494582355.33     0     13.66      0.00      2.14    12     16.55      0.00      2.47
 1494582355.43     0     19.86      0.00      4.01    12     21.21      0.00      4.05
