         #Time  Core     P_PKG     P_PP0    P_DRAM  Core     P_PKG     P_PP0    P_DRAM
 1494582289.44     0     29.97      0.00      7.51    12     30.02      0.00      7.75
 1494582289.54     0     50.69      0.00     13.58    12     54.44      0.00     14.56
 1494582289.64     0     59.58      0.00     13.00    12     63.49      0.00     14.05
 1494582289.74     0     54.15      0.00      9.65    12     50.76      0.00     10.00
 1494582289.84     0     53.51      0.00     10.09    12     52.57      0.00     10.38
 1494582289.94     0     62.95      0.00     12.29    12     61.96      0.00     13.14
 1494582290.04     0     60.89      0.00     13.40    12     59.79      0.00     14.07
 1494582290.15     0     61.30      0.00     12.89    12     60.12      0.00     13.25
 1494582290.25     0     61.39      0.00     12.44    12     60.05      0.00     12.84
 1494582290.35     0     61.90      0.00     13.99    12     61.36      0.00     14.25
 1494582290.45     0     61.01      0.00     12.21    12     58.34      0.00     12.56
 1494582290.55     0     58.37      0.00     12.08    12     60.23      0.00     13.44
 1494582290.65     0     61.02      0.00     10.46    12     57.84      0.00     10.99
 1494582290.75     0     58.45      0.00     13.28    12     58.55      0.00     13.89
 1494582290.85     0     60.68      0.00     12.27    12     58.99      0.00     13.19
 1494582290.95     0     59.83      0.00     11.70    12     59.02      0.00     11.71
 1494582291.05     0     62.05      0.00     14.04    12     60.21      0.00     14.76
 1494582291.15     0     60.95      0.00     11.17    12     59.79      0.00     12.05
 1494582291.25     0     60.84      0.00     13.18    12     59.42      0.00     13.93
 1494582291.35     0     62.45      0.00     11.77    12     60.19      0.00     12.07
 1494582291.45     0     60.00      0.00     12.87    12     59.97      0.00     13.83
 1494582291.55     0     61.89      0.00     13.09    12     60.29      0.00     13.78
 1494582291.65     0     59.61      0.00     11.55    12     57.84      0.00     11.88
 1494582291.75     0     61.30      0.00     13.86    12     59.72      0.00     14.44
 1494582291.85     0     61.26      0.00     12.52    12     59.71      0.00     12.71
 1494582291.96     0     63.69      0.00     14.05    12     62.06      0.00     14.52
 1494582292.06     0     57.91      0.00     11.02    12     58.52      0.00     11.48
 1494582292.16     0     58.74      0.00     11.47    12     59.04      0.00     12.13
 1494582292.26     0     61.12      0.00     13.06    12     60.23      0.00     13.49
 1494582292.36     0     60.92      0.00     12.86    12     59.62      0.00     13.42
 1494582292.46     0     60.11      0.00     12.36    12     58.36      0.00     12.23
 1494582292.56     0     62.64      0.00     14.34    12     60.69      0.00     14.98
 1494582292.66     0     60.31      0.00     11.44    12     59.25      0.00     12.07
 1494582292.76     0     60.32      0.00     12.68    12     59.60      0.00     13.48
 1494582292.86     0     59.09      0.00     10.38    12     60.77      0.00     10.67
 1494582292.96     0     59.35      0.00     13.02    12     58.04      0.00     13.23
 1494582293.06     0     60.02      0.00     12.14    12     58.33      0.00     12.34
 1494582293.16     0     60.45      0.00     12.57    12     60.29      0.00     12.98
 1494582293.26     0     62.41      0.00     13.76    12     60.73      0.00     14.52
 1494582293.36     0     60.29      0.00     11.70    12     58.88      0.00     11.75
 1494582293.46     0     62.82      0.00     14.41    12     61.80      0.00     14.98
 1494582293.56     0     57.20      0.00     10.10    12     56.88      0.00     10.50
 1494582293.66     0     59.22      0.00     11.76    12     58.96      0.00     12.84
 1494582293.76     0     61.71      0.00     13.09    12     59.88      0.00     13.52
 1494582293.87     0     59.72      0.00     12.17    12     57.32      0.00     12.36
 1494582293.97     0     62.76      0.00     13.16    12     61.18      0.00     13.90
 1494582294.07     0     60.06      0.00     12.58    12     57.48      0.00     12.86
 1494582294.17     0     61.15      0.00     12.57    12     60.31      0.00     13.45
 1494582294.27     0     60.87      0.00     12.21    12     61.10      0.00     13.10
 1494582294.37     0     59.48      0.00     10.73    12     59.96      0.00     11.02
 1494582294.47     0     60.16      0.00     13.24    12     58.17      0.00     13.77
 1494582294.57     0     60.53      0.00     12.82    12     59.14      0.00     13.44
 1494582294.67     0     59.94      0.00     12.00    12     58.06      0.00     12.68
 1494582294.77     0     61.16      0.00     13.80    12     59.80      0.00     14.22
 1494582294.87     0     61.32      0.00     11.68    12     59.05      0.00     12.22
 1494582294.97     0     63.10      0.00     14.17    12     61.36      0.00     14.73
 1494582295.07     0     58.41      0.00     10.41    12     58.17      0.00     10.60
 1494582295.17     0     59.27      0.00     13.05    12     59.37      0.00     13.76
 1494582295.27     0     60.68      0.00     12.43    12     58.79      0.00     13.03
 1494582295.37     0     59.94      0.00     11.72    12     60.40      0.00     12.21
 1494582295.47     0     61.82      0.00     13.98    12     60.75      0.00     14.81
 1494582295.57     0     60.01      0.00     12.23    12     59.45      0.00     12.74
 1494582295.67     0     61.63      0.00     13.14    12     59.65      0.00     14.15
 1494582295.77     0     60.22      0.00     11.77    12     59.25      0.00     12.21
 1494582295.87     0     57.57      0.00     11.23    12     57.15      0.00     11.56
 1494582295.97     0     61.79      0.00     13.13    12     59.90      0.00     13.94
 1494582296.08     0     59.21      0.00     12.33    12     58.44      0.00     12.90
 1494582296.18     0     60.65      0.00     12.12    12     58.39      0.00     12.27
 1494582296.28     0     62.25      0.00     13.76    12     62.00      0.00     14.32
 1494582296.38     0     60.64      0.00     12.02    12     59.27      0.00     12.54
 1494582296.48     0     62.25      0.00     13.20    12     60.98      0.00     14.18
 1494582296.58     0     60.74      0.00     10.10    12     60.43      0.00     10.41
 1494582296.68     0     59.74      0.00     13.09    12     58.48      0.00     14.04
 1494582296.78     0     60.05      0.00     12.19    12     58.48      0.00     12.81
 1494582296.88     0     61.31      0.00     12.01    12     59.14      0.00     12.58
 1494582296.98     0     62.86      0.00     14.28    12     60.82      0.00     14.81
 1494582297.08     0     58.95      0.00     10.73    12     58.96      0.00     11.15
 1494582297.18     0     61.59      0.00     13.32    12     60.75      0.00     14.32
 1494582297.28     0     60.01      0.00     12.32    12     59.24      0.00     12.69
 1494582297.38     0     60.57      0.00     11.10    12     60.28      0.00     11.53
 1494582297.48     0     58.77      0.00     12.70    12     57.03      0.00     13.39
 1494582297.58     0     61.29      0.00     13.50    12     59.95      0.00     14.00
 1494582297.68     0     60.21      0.00     12.29    12     59.30      0.00     12.56
 1494582297.79     0     62.59      0.00     13.70    12     61.71      0.00     14.81
 1494582297.89     0     59.17      0.00     10.98    12     58.28      0.00     12.00
 1494582297.99     0     62.27      0.00     13.83    12     61.06      0.00     14.06
 1494582298.09     0     60.42      0.00     10.03    12     58.30      0.00     10.31
 1494582298.19     0     59.23      0.00     12.88    12     59.52      0.00     13.28
 1494582298.29     0     61.16      0.00     12.72    12     59.42      0.00     13.47
 1494582298.39     0     59.78      0.00     11.92    12     59.52      0.00     12.11
 1494582298.49     0     62.99      0.00     14.27    12     61.55      0.00     14.97
 1494582298.59     0     60.42      0.00     12.28    12     60.11      0.00     13.07
 1494582298.69     0     61.07      0.00     13.40    12     59.45      0.00     14.12
 1494582298.79     0     59.59      0.00     11.30    12     59.62      0.00     12.19
 1494582298.89     0     61.23      0.00     12.02    12     60.89      0.00     12.66
 1494582298.99     0     60.16      0.00     12.52    12     60.18      0.00     13.37
 1494582299.09     0     59.61      0.00     12.48    12     58.98      0.00     13.24
 1494582299.19     0     61.22      0.00     12.57    12     59.60      0.00     12.37
 1494582299.29     0     61.94      0.00     13.83    12     60.69      0.00     14.31
 1494582299.39     0     61.02      0.00     12.37    12     59.38      0.00     12.84
 1494582299.49     0     60.85      0.00     12.24    12     60.54      0.00     13.00
 1494582299.60     0     60.36      0.00     10.49    12     59.73      0.00     10.70
 1494582299.70     0     60.02      0.00     13.09    12     58.67      0.00     13.76
 1494582299.80     0     59.08      0.00     11.84    12     57.95      0.00     12.62
 1494582299.90     0     60.78      0.00     12.40    12     59.11      0.00     12.95
 1494582300.00     0     61.64      0.00     13.63    12     60.63      0.00     14.57
 1494582300.10     0     60.99      0.00     11.67    12     60.45      0.00     12.54
 1494582300.20     0     62.41      0.00     14.04    12     60.67      0.00     13.95
 1494582300.30     0     57.26      0.00     10.12    12     58.33      0.00     10.76
 1494582300.40     0     60.95      0.00     12.51    12     60.19      0.00     13.25
 1494582300.50     0     60.75      0.00     12.91    12     60.58      0.00     13.69
 1494582300.60     0     58.48      0.00     11.55    12     57.93      0.00     11.92
 1494582300.70     0     62.38      0.00     13.99    12     61.50      0.00     14.81
 1494582300.80     0     61.55      0.00     12.63    12     59.15      0.00     13.09
 1494582300.90     0     61.76      0.00     13.20    12     60.46      0.00     13.63
 1494582301.00     0     58.80      0.00     12.13    12     58.76      0.00     12.87
 1494582301.10     0     58.84      0.00     10.59    12     57.54      0.00     11.02
 1494582301.20     0     59.46      0.00     12.65    12     58.91      0.00     13.39
 1494582301.30     0     60.21      0.00     12.40    12     58.96      0.00     12.60
 1494582301.40     0     61.11      0.00     12.29    12     59.37      0.00     12.84
 1494582301.50     0     62.44      0.00     13.79    12     61.22      0.00     14.40
 1494582301.60     0     59.70      0.00     11.60    12     60.16      0.00     12.07
 1494582301.70     0     61.13      0.00     13.64    12     60.13      0.00     13.96
 1494582301.80     0     60.96      0.00     10.61    12     59.59      0.00     11.40
 1494582301.90     0     58.00      0.00     11.91    12     56.08      0.00     13.04
 1494582302.00     0     61.74      0.00     12.90    12     60.07      0.00     13.16
 1494582302.10     0     59.18      0.00     11.58    12     56.67      0.00     11.73
 1494582302.20     0     61.82      0.00     13.55    12     60.65      0.00     13.97
 1494582302.30     0     59.82      0.00     11.87    12     57.50      0.00     12.11
 1494582302.40     0     63.73      0.00     13.85    12     62.80      0.00     14.42
 1494582302.50     0     59.11      0.00     11.60    12     60.53      0.00     11.71
 1494582302.60     0     59.44      0.00     11.23    12     59.25      0.00     11.80
 1494582302.70     0     60.80      0.00     13.51    12     59.55      0.00     14.22
 1494582302.80     0     60.62      0.00     13.08    12     58.61      0.00     13.29
 1494582302.91     0     61.67      0.00     12.11    12     60.40      0.00     13.27
 1494582303.01     0     62.54      0.00     13.78    12     60.77      0.00     14.36
 1494582303.11     0     60.34      0.00     10.96    12     59.12      0.00     11.65
 1494582303.21     0     61.41      0.00     13.43    12     60.23      0.00     13.84
 1494582303.31     0     58.89      0.00      9.28    12     59.84      0.00      9.79
 1494582303.41     0     59.11      0.00     12.71    12     58.03      0.00     13.34
 1494582303.51     0     60.13      0.00     11.90    12     58.54      0.00     12.55
 1494582303.61     0     61.11      0.00     12.43    12     60.51      0.00     12.69
 1494582303.71     0     60.42      0.00     13.72    12     59.51      0.00     14.45
 1494582303.81     0     61.09      0.00     12.37    12     60.32      0.00     13.16
 1494582303.91     0     62.53      0.00     13.48    12     61.64      0.00     14.73
 1494582304.01     0     59.91      0.00     10.84    12     60.08      0.00     11.29
 1494582304.11     0     60.46      0.00     11.57    12     58.92      0.00     12.19
 1494582304.21     0     60.96      0.00     12.85    12     59.69      0.00     13.54
 1494582304.31     0     60.24      0.00     12.47    12     58.71      0.00     12.36
 1494582304.41     0     62.63      0.00     12.37    12     60.68      0.00     12.71
 1494582304.51     0     62.18      0.00     13.56    12     60.63      0.00     13.87
 1494582304.61     0     59.02      0.00     11.28    12     58.39      0.00     11.64
 1494582304.72     0     61.45      0.00     13.46    12     60.60      0.00     14.50
 1494582304.82     0     58.83      0.00     10.21    12     58.51      0.00     11.26
 1494582304.92     0     59.81      0.00     11.97    12     59.00      0.00     12.66
 1494582305.02     0     61.60      0.00     12.70    12     60.54      0.00     13.56
 1494582305.12     0     59.62      0.00     11.75    12     57.55      0.00     12.05
 1494582305.22     0     61.10      0.00     12.00    12     59.41      0.00     13.35
 1494582305.32     0     61.77      0.00     12.97    12     61.49      0.00     13.49
 1494582305.42     0     61.60      0.00     12.16    12     60.80      0.00     12.87
 1494582305.52     0     60.49      0.00     11.86    12     58.62      0.00     12.40
 1494582305.62     0     61.30      0.00     10.60    12     61.25      0.00     11.47
 1494582305.72     0     60.33      0.00     13.03    12     60.21      0.00     13.87
 1494582305.82     0     60.05      0.00     12.32    12     58.33      0.00     13.18
 1494582305.92     0     61.75      0.00     12.22    12     60.21      0.00     12.96
 1494582306.02     0     62.61      0.00     13.45    12     61.99      0.00     14.06
 1494582306.12     0     61.00      0.00     11.96    12     59.97      0.00     12.26
 1494582306.22     0     60.00      0.00     12.93    12     60.10      0.00     14.49
 1494582306.32     0     60.86      0.00     10.07    12     60.43      0.00     10.58
 1494582306.42     0     58.91      0.00     12.03    12     58.18      0.00     12.31
 1494582306.52     0     61.81      0.00     13.33    12     61.13      0.00     14.23
 1494582306.63     0     59.18      0.00     11.73    12     58.83      0.00     11.98
 1494582306.73     0     61.59      0.00     13.09    12     61.09      0.00     13.85
 1494582306.83     0     62.95      0.00     13.30    12     61.66      0.00     14.17
 1494582306.93     0     60.80      0.00     12.43    12     59.78      0.00     12.51
 1494582307.03     0     62.53      0.00     13.05    12     61.79      0.00     13.76
 1494582307.13     0     60.45      0.00     11.32    12     59.74      0.00     12.01
 1494582307.23     0     59.43      0.00     12.77    12     58.52      0.00     13.31
 1494582307.33     0     61.20      0.00     12.63    12     60.55      0.00     13.31
 1494582307.43     0     60.87      0.00     11.43    12     58.54      0.00     11.73
 1494582307.53     0     63.32      0.00     14.38    12     61.29      0.00     14.23
 1494582307.63     0     59.15      0.00     11.16    12     60.04      0.00     12.49
 1494582307.73     0     61.83      0.00     13.27    12     61.23      0.00     14.39
 1494582307.83     0     61.44      0.00     10.14    12     59.92      0.00     10.83
 1494582307.93     0     58.66      0.00     12.33    12     58.03      0.00     12.92
 1494582308.03     0     62.01      0.00     13.47    12     60.33      0.00     13.75
 1494582308.13     0     59.24      0.00     11.19    12     58.83      0.00     11.41
 1494582308.23     0     60.33      0.00     13.08    12     60.66      0.00     14.47
 1494582308.33     0     60.24      0.00     12.15    12     58.97      0.00     12.44
 1494582308.43     0     63.78      0.00     14.57    12     62.38      0.00     14.65
 1494582308.53     0     60.61      0.00     11.08    12     60.07      0.00     11.64
 1494582308.63     0     59.47      0.00     11.03    12     57.88      0.00     11.58
 1494582308.73     0     60.61      0.00     13.38    12     60.03      0.00     14.00
 1494582308.83     0     60.76      0.00     12.62    12     60.14      0.00     13.45
 1494582308.93     0     61.02      0.00     11.96    12     59.35      0.00     12.97
 1494582309.04     0     63.41      0.00     13.41    12     62.02      0.00     14.20
 1494582309.14     0     60.41      0.00     11.23    12     59.28      0.00     12.42
 1494582309.24     0     61.07      0.00     13.44    12     60.62      0.00     14.21
 1494582309.34     0     57.45      0.00      9.46    12     59.60      0.00     10.04
 1494582309.44     0     60.06      0.00     12.47    12     58.83      0.00     12.94
 1494582309.54     0     59.35      0.00     11.77    12     57.81      0.00     12.77
 1494582309.64     0     59.61      0.00     11.64    12     57.74      0.00     11.73
 1494582309.74     0     61.90      0.00     14.01    12     60.32      0.00     14.14
 1494582309.84     0     60.78      0.00     11.56    12     59.95      0.00     12.54
 1494582309.94     0     63.15      0.00     13.28    12     61.95      0.00     14.40
 1494582310.04     0     62.99      0.00     12.14    12     60.82      0.00     12.97
 1494582310.14     0     58.80      0.00     10.10    12     59.43      0.00     11.11
 1494582310.24     0     60.22      0.00     12.78    12     58.82      0.00     13.53
 1494582310.34     0     61.03      0.00     12.63    12     60.45      0.00     13.05
 1494582310.44     0     61.63      0.00     11.88    12     59.01      0.00     11.98
 1494582310.54     0     62.54      0.00     14.36    12     61.11      0.00     14.44
 1494582310.64     0     59.94      0.00     10.12    12     57.96      0.00     10.55
 1494582310.74     0     61.08      0.00     13.73    12     60.61      0.00     14.30
 1494582310.84     0     58.30      0.00     10.45    12     60.77      0.00     11.07
 1494582310.94     0     58.76      0.00     12.24    12     58.91      0.00     13.18
 1494582311.04     0     61.76      0.00     12.82    12     59.60      0.00     13.95
 1494582311.14     0     58.93      0.00     10.99    12     57.02      0.00     11.53
 1494582311.24     0     61.45      0.00     13.51    12     60.95      0.00     14.14
 1494582311.34     0     60.31      0.00     12.17    12     58.84      0.00     13.10
 1494582311.44     0     64.38      0.00     14.53    12     61.93      0.00     14.23
 1494582311.54     0     58.19      0.00     11.40    12     59.48      0.00     11.71
 1494582311.64     0     60.04      0.00     10.91    12     58.25      0.00     11.39
 1494582311.75     0     59.43      0.00     13.39    12     58.88      0.00     13.69
 1494582311.85     0     60.77      0.00     12.74    12     59.66      0.00     13.25
 1494582311.95     0     59.93      0.00     11.29    12     58.68      0.00     11.91
 1494582312.05     0     62.12      0.00     12.79    12     61.21      0.00     14.44
 1494582312.15     0     61.17      0.00     12.36    12     60.22      0.00     13.21
 1494582312.25     0     62.10      0.00     13.72    12     61.17      0.00     14.07
 1494582312.35     0     59.69      0.00     10.75    12     60.08      0.00     11.33
 1494582312.45     0     59.41      0.00     11.78    12     58.45      0.00     11.99
 1494582312.55     0     61.00      0.00     12.95    12     59.66      0.00     13.80
 1494582312.65     0     60.51      0.00     12.58    12     60.11      0.00     12.92
 1494582312.75     0     60.90      0.00     11.98    12     59.34      0.00     12.21
 1494582312.85     0     62.88      0.00     14.11    12     61.37      0.00     14.04
 1494582312.95     0     60.57      0.00     11.78    12     58.51      0.00     12.36
 1494582313.05     0     61.85      0.00     13.21    12     61.40      0.00     14.56
 1494582313.15     0     59.77      0.00      8.87    12     57.26      0.00      9.47
 1494582313.25     0     61.07      0.00     13.03    12     60.59      0.00     13.80
 1494582313.35     0     58.92      0.00     11.21    12     58.42      0.00     12.36
 1494582313.45     0     62.16      0.00     12.29    12     60.36      0.00     12.35
 1494582313.55     0     62.04      0.00     13.04    12     60.45      0.00     13.87
 1494582313.65     0     62.44      0.00     12.34    12     60.56      0.00     12.96
 1494582313.75     0     61.41      0.00     13.69    12     59.71      0.00     14.33
 1494582313.85     0     60.68      0.00     11.47    12     60.70      0.00     11.88
 1494582313.95     0     60.04      0.00     12.24    12     60.39      0.00     13.50
 1494582314.05     0     60.68      0.00     12.82    12     60.67      0.00     13.94
 1494582314.15     0     60.24      0.00     11.69    12     58.35      0.00     12.48
 1494582314.25     0     61.63      0.00     12.83    12     60.23      0.00     13.36
 1494582314.35     0     61.21      0.00     13.45    12     61.11      0.00     14.16
 1494582314.45     0     61.97      0.00     12.33    12     59.20      0.00     12.13
 1494582314.55     0     59.95      0.00     12.71    12     59.84      0.00     13.22
 1494582314.65     0     61.40      0.00     10.80    12     58.27      0.00     11.40
 1494582314.75     0     60.14      0.00     13.15    12     58.99      0.00     13.42
 1494582314.86     0     60.70      0.00     12.46    12     59.76      0.00     13.27
 1494582314.96     0     60.20      0.00     11.60    12     59.33      0.00     12.52
 1494582315.06     0     63.13      0.00     13.35    12     61.10      0.00     14.64
 1494582315.16     0     60.61      0.00     11.53    12     59.98      0.00     13.04
 1494582315.26     0     61.44      0.00     13.62    12     60.33      0.00     13.80
 1494582315.36     0     57.89      0.00      9.70    12     58.74      0.00     10.17
 1494582315.46     0     60.07      0.00     12.56    12     58.30      0.00     12.68
 1494582315.56     0     61.30      0.00     13.00    12     59.36      0.00     13.72
 1494582315.66     0     60.29      0.00     11.64    12     58.96      0.00     12.26
 1494582315.76     0     61.45      0.00     13.93    12     59.95      0.00     14.31
 1494582315.86     0     61.06      0.00     11.46    12     60.37      0.00     12.58
 1494582315.96     0     63.10      0.00     13.10    12     61.58      0.00     13.92
 1494582316.06     0     61.91      0.00     12.34    12     62.76      0.00     13.50
 1494582316.16     0     59.29      0.00     11.04    12     59.14      0.00     11.12
 1494582316.26     0     60.61      0.00     12.55    12     59.42      0.00     13.21
 1494582316.36     0     59.96      0.00     11.96    12     60.71      0.00     13.05
 1494582316.46     0     61.29      0.00     11.46    12     59.36      0.00     11.50
 1494582316.56     0     63.22      0.00     13.41    12     61.78      0.00     14.08
 1494582316.66     0     59.62      0.00     10.82    12     59.30      0.00     11.85
 1494582316.76     0     61.24      0.00     13.35    12     60.66      0.00     13.94
 1494582316.86     0     62.53      0.00     10.73    12     61.38      0.00     11.21
 1494582316.96     0     61.03      0.00     12.80    12     59.29      0.00     13.36
 1494582317.06     0     60.73      0.00     12.34    12     59.20      0.00     13.13
 1494582317.16     0     61.31      0.00     12.41    12     59.88      0.00     12.24
 1494582317.26     0     61.80      0.00     13.07    12     61.13      0.00     13.91
 1494582317.36     0     59.80      0.00     11.36    12     58.85      0.00     11.83
 1494582317.46     0     63.12      0.00     14.06    12     61.90      0.00     14.69
 1494582317.56     0     61.94      0.00     11.26    12     60.26      0.00     11.88
 1494582317.66     0     59.34      0.00     10.64    12     58.68      0.00     10.95
 1494582317.76     0     61.12      0.00     13.12    12     60.62      0.00     13.85
 1494582317.86     0     62.40      0.00     12.89    12     59.90      0.00     12.82
 1494582317.97     0     60.91      0.00     11.46    12     60.34      0.00     12.18
 1494582318.07     0     62.58      0.00     13.36    12     61.01      0.00     13.85
 1494582318.17     0     61.31      0.00     12.34    12     60.19      0.00     13.16
 1494582318.27     0     62.46      0.00     13.67    12     62.58      0.00     13.81
 1494582318.37     0     61.06      0.00      9.90    12     58.49      0.00     10.32
 1494582318.47     0     58.97      0.00     12.66    12     57.60      0.00     13.22
 1494582318.57     0     59.75      0.00     12.11    12     57.90      0.00     11.87
 1494582318.67     0     60.98      0.00     12.16    12     60.36      0.00     12.73
 1494582318.77     0     61.60      0.00     13.35    12     60.37      0.00     14.13
 1494582318.87     0     61.95      0.00     11.51    12     60.94      0.00     12.10
 1494582318.97     0     62.36      0.00     13.51    12     60.91      0.00     14.07
 1494582319.07     0     62.00      0.00     12.13    12     61.43      0.00     12.83
 1494582319.17     0     59.98      0.00     12.07    12     59.10      0.00     12.43
 1494582319.27     0     62.04      0.00     12.94    12     60.64      0.00     14.02
 1494582319.37     0     60.49      0.00     12.68    12     59.43      0.00     13.20
 1494582319.47     0     62.35      0.00     11.95    12     60.15      0.00     13.05
 1494582319.57     0     61.84      0.00     13.59    12     60.65      0.00     13.71
 1494582319.67     0     60.85      0.00     11.25    12     58.60      0.00     11.85
 1494582319.77     0     61.60      0.00     12.97    12     61.51      0.00     13.95
 1494582319.87     0     59.94      0.00     10.56    12     61.13      0.00     10.83
 1494582319.97     0     60.72      0.00     12.70    12     59.59      0.00     13.08
 1494582320.08     0     62.91      0.00     12.75    12     60.42      0.00     14.05
 1494582320.18     0     59.01      0.00     11.58    12     58.56      0.00     11.80
 1494582320.28     0     62.99      0.00     13.82    12     61.19      0.00     14.15
 1494582320.38     0     59.71      0.00     11.58    12     59.90      0.00     12.30
 1494582320.48     0     61.90      0.00     13.11    12     61.15      0.00     13.74
 1494582320.58     0     61.64      0.00     12.14    12     61.56      0.00     12.90
 1494582320.68     0     62.77      0.00     12.34    12     60.69      0.00     12.38
 1494582320.78     0     61.93      0.00     13.13    12     61.36      0.00     13.62
 1494582320.88     0     60.83      0.00     12.89    12     61.58      0.00     13.30
 1494582320.98     0     60.59      0.00     11.81    12     60.02      0.00     12.06
 1494582321.08     0     63.39      0.00     13.33    12     61.21      0.00     14.16
 1494582321.18     0     61.91      0.00     12.58    12     59.93      0.00     12.84
 1494582321.28     0     63.10      0.00     14.13    12     62.00      0.00     13.94
 1494582321.38     0     59.67      0.00      9.35    12     57.28      0.00      9.50
 1494582321.48     0     61.79      0.00     12.97    12     59.82      0.00     14.14
 1494582321.58     0     60.27      0.00     12.15    12     59.25      0.00     12.38
 1494582321.68     0     62.97      0.00     11.98    12     60.17      0.00     12.61
 1494582321.78     0     62.53      0.00     13.69    12     61.16      0.00     14.26
 1494582321.88     0     61.02      0.00     12.27    12     60.88      0.00     12.88
 1494582321.99     0     61.49      0.00     13.32    12     61.03      0.00     14.36
 1494582322.09     0     60.38      0.00     10.81    12     57.80      0.00     11.00
 1494582322.19     0     59.08      0.00     12.00    12     59.65      0.00     12.94
 1494582322.29     0     61.45      0.00     13.39    12     60.89      0.00     13.85
 1494582322.39     0     60.40      0.00     12.24    12     59.29      0.00     13.31
 1494582322.49     0     60.61      0.00     12.08    12     58.96      0.00     12.45
 1494582322.59     0     63.30      0.00     13.47    12     62.84      0.00     14.28
 1494582322.69     0     61.11      0.00     11.66    12     59.75      0.00     11.94
 1494582322.79     0     61.65      0.00     12.32    12     61.05      0.00     13.25
 1494582322.89     0     58.96      0.00     10.25    12     59.27      0.00     10.86
 1494582322.99     0     61.82      0.00     13.36    12     60.99      0.00     14.16
 1494582323.09     0     61.75      0.00     12.70    12     59.56      0.00     12.87
 1494582323.19     0     61.27      0.00     12.13    12     59.05      0.00     12.72
 1494582323.29     0     62.16      0.00     13.79    12     61.53      0.00     13.84
 1494582323.39     0     60.53      0.00     11.36    12     60.31      0.00     12.45
 1494582323.49     0     61.82      0.00     13.25    12     60.79      0.00     13.99
 1494582323.59     0     61.50      0.00     10.91    12     61.25      0.00     11.46
 1494582323.69     0     60.07      0.00     12.55    12     59.53      0.00     12.51
 1494582323.79     0     61.51      0.00     13.48    12     60.58      0.00     13.97
 1494582323.89     0     59.15      0.00     11.31    12     58.80      0.00     11.69
 1494582323.99     0     62.12      0.00     13.77    12     61.77      0.00     14.00
 1494582324.09     0     62.43      0.00     12.62    12     61.09      0.00     13.48
 1494582324.19     0     61.61      0.00     13.12    12     61.01      0.00     13.65
 1494582324.30     0     62.05      0.00     13.18    12     61.40      0.00     12.85
 1494582324.40     0     58.52      0.00     10.48    12     59.05      0.00     11.33
 1494582324.50     0     61.08      0.00     13.18    12     59.99      0.00     13.51
 1494582324.60     0     62.20      0.00     12.41    12     59.09      0.00     12.94
 1494582324.70     0     61.21      0.00     11.83    12     58.01      0.00     11.70
 1494582324.80     0     61.90      0.00     14.10    12     62.05      0.00     13.99
 1494582324.90     0     61.47      0.00     12.43    12     61.26      0.00     12.92
 1494582325.00     0     63.80      0.00     13.61    12     63.29      0.00     13.87
 1494582325.10     0     59.34      0.00      9.92    12     57.42      0.00     10.54
 1494582325.20     0     57.97      0.00     12.23    12     59.08      0.00     13.54
 1494582325.30     0     60.36      0.00     12.32    12     58.90      0.00     13.01
 1494582325.40     0     61.31      0.00     12.13    12     61.12      0.00     11.86
 1494582325.50     0     61.60      0.00     13.50    12     59.58      0.00     13.40
 1494582325.60     0     61.62      0.00     12.35    12     60.73      0.00     12.81
 1494582325.70     0     62.81      0.00     13.97    12     61.10      0.00     13.54
 1494582325.80     0     60.90      0.00     11.43    12     60.58      0.00     11.99
 1494582325.90     0     60.08      0.00     12.20    12     61.10      0.00     12.45
 1494582326.00     0     62.23      0.00     12.97    12     61.71      0.00     13.60
 1494582326.10     0     62.31      0.00     13.37    12     59.69      0.00     12.95
 1494582326.20     0     59.36      0.00     11.88    12     59.11      0.00     12.73
 1494582326.30     0     63.43      0.00     14.14    12     61.70      0.00     13.96
 1494582326.40     0     61.85      0.00     12.88    12     60.91      0.00     13.73
 1494582326.51     0     62.03      0.00     12.70    12     60.05      0.00     12.39
 1494582326.61     0     61.69      0.00     11.52    12     60.82      0.00     12.25
 1494582326.71     0     60.68      0.00     12.80    12     58.06      0.00     12.98
 1494582326.81     0     59.92      0.00     12.40    12     59.12      0.00     12.75
 1494582326.91     0     61.17      0.00     12.73    12     61.63      0.00     12.76
 1494582327.01     0     62.97      0.00     13.48    12     62.74      0.00     14.37
 1494582327.11     0     61.63      0.00     12.03    12     59.64      0.00     12.54
 1494582327.21     0     61.73      0.00     13.70    12     60.13      0.00     13.80
 1494582327.31     0     60.74      0.00     11.41    12     61.38      0.00     12.27
 1494582327.41     0     61.01      0.00     12.86    12     62.44      0.00     13.42
 1494582327.51     0     61.89      0.00     13.01    12     60.10      0.00     13.65
 1494582327.61     0     60.48      0.00     12.46    12     58.28      0.00     12.30
 1494582327.71     0     62.66      0.00     12.94    12     59.89      0.00     12.90
 1494582327.81     0     61.53      0.00     12.35    12     61.13      0.00     13.06
 1494582327.91     0     61.29      0.00     12.35    12     61.75      0.00     12.82
 1494582328.01     0     62.89      0.00     12.63    12     61.79      0.00     12.89
 1494582328.11     0     62.04      0.00     10.90    12     60.99      0.00     11.75
 1494582328.21     0     59.63      0.00     13.15    12     58.98      0.00     13.50
 1494582328.31     0     60.49      0.00     12.39    12     59.26      0.00     13.31
 1494582328.41     0     61.20      0.00     12.48    12     60.75      0.00     12.74
 1494582328.51     0     63.79      0.00     13.91    12     61.00      0.00     14.39
 1494582328.61     0     61.22      0.00     11.51    12     60.05      0.00     12.10
 1494582328.71     0     61.91      0.00     13.74    12     59.93      0.00     13.70
 1494582328.81     0     60.74      0.00     10.48    12     60.72      0.00     10.95
 1494582328.91     0     61.23      0.00     13.70    12     62.32      0.00     14.05
 1494582329.01     0     60.32      0.00     12.31    12     60.55      0.00     12.59
 1494582329.12     0     61.56      0.00     12.14    12     60.41      0.00     12.29
 1494582329.22     0     61.60      0.00     13.83    12     60.08      0.00     14.19
 1494582329.32     0     61.22      0.00     12.14    12     59.89      0.00     12.74
 1494582329.42     0     63.02      0.00     13.76    12     61.50      0.00     14.30
 1494582329.52     0     61.25      0.00     10.14    12     58.94      0.00     10.83
 1494582329.62     0     60.25      0.00     12.23    12     60.07      0.00     12.75
 1494582329.72     0     59.89      0.00     12.94    12     58.46      0.00     13.20
 1494582329.82     0     61.55      0.00     12.71    12     59.97      0.00     12.94
 1494582329.92     0     60.77      0.00     11.90    12     60.80      0.00     11.99
 1494582330.02     0     62.44      0.00     13.29    12     62.38      0.00     14.36
 1494582330.12     0     60.74      0.00     12.02    12     59.79      0.00     12.20
 1494582330.22     0     61.87      0.00     13.77    12     60.78      0.00     13.81
 1494582330.32     0     60.48      0.00     10.48    12     59.81      0.00     11.16
 1494582330.42     0     61.36      0.00     13.61    12     58.86      0.00     14.03
 1494582330.52     0     60.81      0.00     12.70    12     60.13      0.00     12.61
 1494582330.62     0     61.14      0.00     11.79    12     60.85      0.00     12.47
 1494582330.72     0     61.61      0.00     13.64    12     59.87      0.00     14.06
 1494582330.82     0     62.33      0.00     12.10    12     58.90      0.00     12.23
 1494582330.92     0     62.50      0.00     13.50    12     62.04      0.00     13.98
 1494582331.02     0     59.57      0.00     10.40    12     59.22      0.00     11.09
 1494582331.12     0     61.60      0.00     12.89    12     61.40      0.00     13.53
 1494582331.23     0     60.41      0.00     12.60    12     58.99      0.00     12.96
 1494582331.33     0     60.06      0.00     11.66    12     59.06      0.00     12.16
 1494582331.43     0     61.77      0.00     13.65    12     60.12      0.00     14.16
 1494582331.53     0     61.52      0.00     11.70    12     58.81      0.00     11.93
 1494582331.63     0     62.52      0.00     13.14    12     61.94      0.00     13.97
 1494582331.73     0     61.29      0.00     12.34    12     60.35      0.00     12.74
 1494582331.83     0     61.31      0.00     11.42    12     58.63      0.00     11.13
 1494582331.93     0     61.93      0.00     12.94    12     61.23      0.00     13.77
 1494582332.03     0     59.57      0.00     11.74    12     59.11      0.00     12.57
 1494582332.13     0     61.55      0.00     12.80    12     60.98      0.00     12.57
 1494582332.23     0     63.57      0.00     13.91    12     62.65      0.00     14.38
 1494582332.33     0     60.00      0.00     11.51    12     58.47      0.00     12.21
 1494582332.43     0     62.52      0.00     13.47    12     61.19      0.00     14.46
 1494582332.53     0     61.38      0.00     10.72    12     60.20      0.00     11.66
 1494582332.63     0     60.10      0.00     12.65    12     59.50      0.00     13.35
 1494582332.73     0     59.48      0.00     12.05    12     57.69      0.00     12.06
 1494582332.83     0     61.99      0.00     12.66    12     58.98      0.00     12.72
 1494582332.93     0     62.51      0.00     13.94    12     61.78      0.00     13.66
 1494582333.03     0     62.29      0.00     11.86    12     61.11      0.00     12.82
 1494582333.13     0     62.01      0.00     13.80    12     61.01      0.00     13.95
 1494582333.23     0     60.88      0.00     10.66    12     59.97      0.00     11.31
 1494582333.33     0     60.48      0.00     12.59    12     59.50      0.00     13.55
 1494582333.44     0     61.12      0.00     12.56    12     59.84      0.00     13.72
 1494582333.54     0     60.83      0.00     11.82    12     58.80      0.00     12.22
 1494582333.64     0     62.44      0.00     13.20    12     61.17      0.00     13.90
 1494582333.74     0     61.03      0.00     11.57    12     59.03      0.00     11.94
 1494582333.84     0     60.99      0.00     13.52    12     61.78      0.00     14.40
 1494582333.94     0     61.81      0.00     11.79    12     60.14      0.00     11.98
 1494582334.04     0     57.89      0.00     10.82    12     58.94      0.00     11.85
 1494582334.14     0     62.92      0.00     13.26    12     61.59      0.00     14.01
 1494582334.24     0     61.21      0.00     12.53    12     59.65      0.00     12.92
 1494582334.34     0     60.10      0.00     11.36    12     58.89      0.00     12.22
 1494582334.44     0     62.02      0.00     13.46    12     60.84      0.00     14.31
 1494582334.54     0     61.46      0.00     11.88    12     59.64      0.00     13.56
 1494582334.64     0     63.96      0.00     13.41    12     62.46      0.00     13.73
 1494582334.74     0     59.59      0.00     10.63    12     59.78      0.00     11.32
 1494582334.84     0     61.97      0.00     13.49    12     59.97      0.00     13.39
 1494582334.95     0     59.68      0.00     11.77    12     58.86      0.00     12.02
 1494582335.05     0     61.48      0.00     12.02    12     60.65      0.00     13.06
 1494582335.15     0     61.90      0.00     13.58    12     60.76      0.00     14.37
 1494582335.25     0     61.85      0.00     11.95    12     62.04      0.00     12.15
 1494582335.35     0     62.39      0.00     13.56    12     61.27      0.00     14.76
 1494582335.45     0     61.14      0.00     10.54    12     59.77      0.00     11.38
 1494582335.55     0     60.88      0.00     11.71    12     59.04      0.00     12.46
 1494582335.65     0     61.56      0.00     13.01    12     60.65      0.00     13.99
 1494582335.75     0     60.45      0.00     13.41    12     59.67      0.00     12.58
 1494582335.85     0     59.70      0.00     12.22    12     58.57      0.00     12.55
 1494582335.95     0     63.28      0.00     13.54    12     61.52      0.00     14.10
 1494582336.05     0     60.23      0.00     11.95    12     60.48      0.00     12.39
 1494582336.15     0     61.92      0.00     12.07    12     60.12      0.00     12.54
 1494582336.25     0     61.48      0.00     11.39    12     60.91      0.00     11.99
 1494582336.35     0     60.75      0.00     13.01    12     59.64      0.00     13.20
 1494582336.45     0     60.67      0.00     12.59    12     59.61      0.00     13.45
 1494582336.55     0     61.67      0.00     12.33    12     59.01      0.00     13.49
 1494582336.65     0     63.71      0.00     13.74    12     61.76      0.00     13.71
 1494582336.75     0     61.85      0.00     11.97    12     58.87      0.00     12.35
 1494582336.85     0     61.59      0.00     14.05    12     61.86      0.00     14.32
 1494582336.95     0     60.54      0.00     10.20    12     60.09      0.00     10.56
 1494582337.05     0     61.34      0.00     12.49    12     59.20      0.00     13.12
 1494582337.15     0     60.50      0.00     11.73    12     59.07      0.00     12.35
 1494582337.25     0     60.98      0.00     11.97    12     60.71      0.00     12.27
 1494582337.36     0     61.52      0.00     13.51    12     61.40      0.00     14.50
 1494582337.46     0     62.33      0.00     12.33    12     59.63      0.00     12.90
 1494582337.56     0     61.91      0.00     13.43    12     60.14      0.00     14.00
 1494582337.66     0     60.11      0.00     10.77    12     59.69      0.00     10.79
 1494582337.76     0     60.91      0.00     12.47    12     60.42      0.00     13.37
 1494582337.86     0     59.89      0.00     12.93    12     59.25      0.00     13.66
 1494582337.96     0     60.66      0.00     11.33    12     58.64      0.00     11.77
 1494582338.06     0     63.00      0.00     13.22    12     61.80      0.00     13.67
 1494582338.16     0     61.08      0.00     11.75    12     60.24      0.00     12.79
 1494582338.26     0     61.96      0.00     12.92    12     61.10      0.00     13.51
 1494582338.36     0     58.71      0.00     11.63    12     60.25      0.00     12.43
 1494582338.46     0     60.92      0.00     11.83    12     58.43      0.00     12.14
 1494582338.56     0     61.35      0.00     12.88    12     60.17      0.00     13.69
 1494582338.66     0     60.59      0.00     12.23    12     58.41      0.00     12.58
 1494582338.76     0     59.42      0.00     12.49    12     58.56      0.00     13.10
 1494582338.86     0     62.52      0.00     14.00    12     61.95      0.00     14.43
 1494582338.96     0     60.16      0.00     10.96    12     58.28      0.00     10.94
 1494582339.06     0     63.03      0.00     13.53    12     62.81      0.00     14.00
 1494582339.16     0     57.61      0.00      9.18    12     56.53      0.00      9.72
 1494582339.26     0     60.38      0.00     12.45    12     60.48      0.00     13.54
 1494582339.36     0     60.27      0.00     12.28    12     58.82      0.00     12.69
 1494582339.46     0     60.56      0.00     11.95    12     59.62      0.00     12.72
 1494582339.56     0     62.05      0.00     13.35    12     59.88      0.00     14.26
 1494582339.66     0     60.97      0.00     11.66    12     59.32      0.00     12.10
 1494582339.77     0     61.08      0.00     14.10    12     61.00      0.00     14.21
 1494582339.87     0     62.42      0.00     11.72    12     59.20      0.00     12.00
 1494582339.97     0     61.57      0.00     11.37    12     60.19      0.00     12.80
 1494582340.07     0     61.34      0.00     12.57    12     58.53      0.00     12.90
 1494582340.17     0     59.79      0.00     12.32    12     60.14      0.00     13.32
 1494582340.27     0     60.33      0.00     12.06    12     58.78      0.00     12.06
 1494582340.37     0     61.86      0.00     13.28    12     62.14      0.00     14.18
 1494582340.47     0     61.04      0.00     11.24    12     57.59      0.00     11.91
 1494582340.57     0     63.15      0.00     13.59    12     61.17      0.00     14.27
 1494582340.67     0     60.58      0.00      9.90    12     57.74      0.00     10.53
 1494582340.77     0     59.56      0.00     13.08    12     59.13      0.00     13.83
 1494582340.87     0     59.24      0.00     11.95    12     58.61      0.00     12.44
 1494582340.97     0     62.17      0.00     11.93    12     60.50      0.00     12.62
 1494582341.07     0     62.06      0.00     13.20    12     59.90      0.00     13.10
 1494582341.17     0     61.58      0.00     12.20    12     59.94      0.00     12.61
 1494582341.27     0     61.78      0.00     13.01    12     62.72      0.00     14.01
 1494582341.37     0     60.46      0.00     10.11    12     59.50      0.00     10.46
 1494582341.47     0     60.15      0.00     12.11    12     58.89      0.00     12.91
 1494582341.57     0     61.12      0.00     13.04    12     59.64      0.00     13.69
 1494582341.67     0     59.47      0.00     12.30    12     57.85      0.00     12.60
 1494582341.77     0     62.35      0.00     13.14    12     61.17      0.00     13.51
 1494582341.87     0     60.50      0.00     12.97    12     59.57      0.00     13.25
 1494582341.97     0     62.26      0.00     12.79    12     60.74      0.00     13.12
 1494582342.07     0     62.64      0.00     13.73    12     60.94      0.00     13.49
 1494582342.17     0     59.06      0.00      9.59    12     59.53      0.00     10.28
 1494582342.27     0     60.07      0.00     12.62    12     59.17      0.00     13.23
 1494582342.38     0     60.39      0.00     12.31    12     59.20      0.00     12.48
 1494582342.48     0     61.68      0.00     12.36    12     60.09      0.00     12.74
 1494582342.58     0     61.32      0.00     13.44    12     59.97      0.00     13.91
 1494582342.68     0     60.87      0.00     12.22    12     58.90      0.00     12.44
 1494582342.78     0     62.51      0.00     14.27    12     61.27      0.00     14.93
 1494582342.88     0     57.78      0.00     10.80    12     59.73      0.00     11.13
 1494582342.98     0     60.34      0.00     10.99    12     59.18      0.00     12.37
 1494582343.08     0     61.57      0.00     12.94    12     60.36      0.00     12.65
 1494582343.18     0     59.99      0.00     12.64    12     58.36      0.00     12.64
 1494582343.28     0     60.78      0.00     11.71    12     59.96      0.00     12.49
 1494582343.38     0     61.98      0.00     13.54    12     61.08      0.00     13.53
 1494582343.48     0     61.80      0.00     12.15    12     59.25      0.00     12.70
 1494582343.58     0     60.94      0.00     13.66    12     60.77      0.00     13.79
 1494582343.68     0     60.98      0.00     10.08    12     59.71      0.00     11.02
 1494582343.78     0     60.65      0.00     13.28    12     60.10      0.00     14.28
 1494582343.88     0     60.34      0.00     12.81    12     59.26      0.00     13.19
 1494582343.98     0     60.24      0.00     12.61    12     59.88      0.00     12.86
 1494582344.08     0     62.30      0.00     13.22    12     60.37      0.00     13.93
 1494582344.18     0     59.97      0.00     11.31    12     58.94      0.00     11.41
 1494582344.28     0     61.58      0.00     13.46    12     61.15      0.00     14.17
 1494582344.38     0     60.62      0.00     10.83    12     59.90      0.00     11.19
 1494582344.49     0     60.38      0.00     12.04    12     59.44      0.00     13.22
 1494582344.59     0     61.86      0.00     13.10    12     60.08      0.00     14.01
 1494582344.69     0     57.76      0.00     11.25    12     56.06      0.00     11.98
 1494582344.79     0     61.93      0.00     14.15    12     61.16      0.00     14.62
 1494582344.89     0     60.32      0.00     12.03    12     58.68      0.00     12.73
 1494582344.99     0     59.55      0.00     12.38    12     59.61      0.00     13.28
 1494582345.09     0     61.76      0.00     12.83    12     60.11      0.00     13.75
 1494582345.19     0     61.14      0.00     11.40    12     60.99      0.00     11.61
 1494582345.29     0     61.23      0.00     13.19    12     59.82      0.00     14.00
 1494582345.39     0     59.79      0.00     12.49    12     59.47      0.00     12.58
 1494582345.49     0     60.88      0.00     12.36    12     59.28      0.00     12.79
 1494582345.59     0     62.83      0.00     13.70    12     61.73      0.00     14.35
 1494582345.69     0     60.08      0.00     11.87    12     59.42      0.00     12.54
 1494582345.79     0     62.14      0.00     14.29    12     60.90      0.00     14.53
 1494582345.89     0     59.41      0.00      9.33    12     60.65      0.00     10.08
 1494582345.99     0     59.35      0.00     12.91    12     58.64      0.00     13.72
 1494582346.09     0     60.04      0.00     12.04    12     59.00      0.00     13.05
 1494582346.19     0     61.01      0.00     11.89    12     60.16      0.00     12.01
 1494582346.29     0     62.70      0.00     13.98    12     60.98      0.00     14.53
 1494582346.39     0     59.61      0.00     11.19    12     57.82      0.00     11.60
 1494582346.49     0     61.76      0.00     13.69    12     60.50      0.00     14.17
 1494582346.59     0     61.60      0.00     11.70    12     61.30      0.00     12.23
 1494582346.69     0     61.20      0.00     12.64    12     60.26      0.00     13.31
 1494582346.79     0     60.55      0.00     13.44    12     59.57      0.00     13.87
 1494582346.89     0     59.87      0.00     12.69    12     58.15      0.00     13.29
 1494582346.99     0     62.19      0.00     13.19    12     60.73      0.00     13.88
 1494582347.09     0     61.88      0.00     13.26    12     60.37      0.00     13.72
 1494582347.19     0     61.85      0.00     12.17    12     59.91      0.00     12.22
 1494582347.30     0     58.39      0.00     11.85    12     57.60      0.00     12.56
 1494582347.40     0     60.81      0.00     11.36    12     58.53      0.00     11.65
 1494582347.50     0     59.83      0.00     13.28    12     59.66      0.00     13.80
 1494582347.60     0     61.00      0.00     12.32    12     60.39      0.00     13.38
 1494582347.70     0     60.12      0.00     11.38    12     58.81      0.00     11.92
 1494582347.80     0     62.95      0.00     14.46    12     61.25      0.00     15.13
 1494582347.90     0     58.81      0.00     10.22    12     54.78      0.00     10.70
 1494582348.00     0     60.54      0.00     13.64    12     59.41      0.00     14.33
 1494582348.10     0     59.50      0.00     10.96    12     60.33      0.00     11.39
 1494582348.20     0     60.11      0.00     12.32    12     59.38      0.00     12.56
 1494582348.30     0     60.79      0.00     12.50    12     60.58      0.00     13.23
 1494582348.40     0     58.91      0.00     11.23    12     57.08      0.00     11.87
 1494582348.50     0     62.44      0.00     13.81    12     62.01      0.00     14.34
 1494582348.60     0     61.35      0.00     12.66    12     59.62      0.00     13.03
 1494582348.70     0     62.87      0.00     13.58    12     60.90      0.00     14.25
 1494582348.80     0     58.06      0.00     11.68    12     58.36      0.00     12.22
 1494582348.90     0     59.94      0.00     11.65    12     60.26      0.00     12.07
 1494582349.00     0     61.55      0.00     13.21    12     60.62      0.00     13.89
 1494582349.11     0     60.10      0.00     12.54    12     59.78      0.00     13.15
 1494582349.21     0     60.49      0.00     11.57    12     58.71      0.00     12.16
 1494582349.31     0     62.93      0.00     14.24    12     61.57      0.00     14.39
 1494582349.41     0     59.57      0.00     10.92    12     57.06      0.00     11.42
 1494582349.51     0     61.74      0.00     13.92    12     60.90      0.00     14.11
 1494582349.61     0     59.86      0.00     10.08    12     59.45      0.00     11.00
 1494582349.71     0     60.89      0.00     12.28    12     59.32      0.00     13.12
 1494582349.81     0     60.34      0.00     13.40    12     59.61      0.00     13.91
 1494582349.91     0     59.00      0.00     12.11    12     56.84      0.00     12.70
 1494582350.01     0     62.02      0.00     12.95    12     60.51      0.00     13.79
 1494582350.11     0     62.42      0.00     13.11    12     60.64      0.00     13.82
 1494582350.21     0     60.67      0.00     12.06    12     59.91      0.00     12.32
 1494582350.31     0     58.97      0.00     12.04    12     58.53      0.00     12.25
 1494582350.41     0     61.03      0.00     10.86    12     60.70      0.00     11.41
 1494582350.51     0     60.02      0.00     13.20    12     59.54      0.00     13.69
 1494582350.61     0     61.04      0.00     12.58    12     59.98      0.00     13.19
 1494582350.71     0     61.13      0.00     11.96    12     59.84      0.00     12.21
 1494582350.81     0     62.07      0.00     14.18    12     61.47      0.00     15.12
 1494582350.91     0     61.21      0.00     12.22    12     59.38      0.00     12.60
 1494582351.01     0     60.67      0.00     13.19    12     58.99      0.00     13.86
 1494582351.11     0     60.33      0.00     10.23    12     58.20      0.00     10.56
 1494582351.21     0     59.82      0.00     12.76    12     60.38      0.00     13.79
 1494582351.31     0     61.74      0.00     13.16    12     59.75      0.00     13.11
 1494582351.41     0     59.03      0.00     11.44    12     57.97      0.00     12.20
 1494582351.51     0     61.32      0.00     13.64    12     59.87      0.00     14.46
 1494582351.61     0     61.20      0.00     11.63    12     59.13      0.00     11.85
 1494582351.71     0     63.70      0.00     13.97    12     62.56      0.00     14.51
 1494582351.81     0     60.42      0.00     11.75    12     59.44      0.00     12.52
 1494582351.91     0     60.16      0.00     11.93    12     59.58      0.00     12.51
 1494582352.01     0     61.16      0.00     12.84    12     60.25      0.00     14.09
 1494582352.11     0     60.00      0.00     12.64    12     58.62      0.00     13.37
 1494582352.22     0     61.53      0.00     12.43    12     59.89      0.00     13.14
 1494582352.32     0     62.00      0.00     14.41    12     60.64      0.00     14.66
 1494582352.42     0     59.45      0.00     10.56    12     58.45      0.00     11.09
 1494582352.52     0     61.52      0.00     13.07    12     61.00      0.00     13.81
 1494582352.62     0     60.96      0.00      9.82    12     60.56      0.00     10.43
 1494582352.72     0     60.03      0.00     12.70    12     58.27      0.00     13.50
 1494582352.82     0     60.24      0.00     12.44    12     59.27      0.00     13.11
 1494582352.92     0     60.68      0.00     12.84    12     60.22      0.00     13.38
 1494582353.02     0     61.20      0.00     13.48    12     59.88      0.00     14.32
 1494582353.12     0     60.79      0.00     11.20    12     57.75      0.00     11.95
 1494582353.22     0     62.71      0.00     14.06    12     60.85      0.00     14.92
 1494582353.32     0     58.34      0.00      9.57    12     57.63      0.00     10.17
 1494582353.42     0     59.06      0.00     12.04    12     59.23      0.00     12.35
 1494582353.52     0     61.47      0.00     12.80    12     60.13      0.00     13.61
 1494582353.62     0     60.18      0.00     11.93    12     58.72      0.00     12.29
 1494582353.72     0     62.57      0.00     13.25    12     61.49      0.00     14.17
 1494582353.82     0     60.35      0.00     12.87    12     60.27      0.00     13.58
 1494582353.92     0     60.94      0.00     11.77    12     59.89      0.00     12.69
 1494582354.02     0     60.40      0.00     11.87    12     58.94      0.00     12.67
 1494582354.12     0     61.43      0.00     11.53    12     61.53      0.00     12.24
 1494582354.22     0     61.15      0.00     13.26    12     59.53      0.00     13.47
 1494582354.32     0     60.12      0.00     12.29    12     58.55      0.00     13.21
 1494582354.42     0     61.14      0.00     12.32    12     60.42      0.00     12.77
 1494582354.52     0     61.86      0.00     13.32    12     60.87      0.00     13.60
 1494582354.62     0     60.35      0.00     11.16    12     58.50      0.00     11.80
 1494582354.72     0     62.16      0.00     13.57    12     61.33      0.00     14.42
 1494582354.82     0     45.05      0.00      7.16    12     42.23      0.00      7.45
 1494582354.93     0     16.33      0.00      1.81    12     16.52      0.00      2.09
 1494582355.03     0     14.13      0.00      1.38    12     16.04      0.00      2.17
 1494582355.13     0     20.65      0.00      3.05    12     19.97      0.00      2.88
 1494582355.23     0     14.65      0.00      1.68    12     15.33      0.00      2.01
 1494582355.33     0     14.07      0.00      1.56    12     15.33      0.00      2.16
 1494582355.43     0     13.55      0.00      1.60    12     14.33      0.00      2.05
 1494582355.53     0     17.61      0.00      2.51    12     18.89      0.00      3.07
