         #Time  Core     P_PKG     P_PP0    P_DRAM  Core     P_PKG     P_PP0    P_DRAM
 1494559706.01     0     22.30      0.00      5.08    12     24.02      0.00      4.89
 1494559706.11     0     49.45      0.00     16.02    12     49.99      0.00     15.99
 1494559706.21     0     57.13      0.00     13.73    12     59.97      0.00     13.75
 1494559706.31     0     62.78      0.00     11.76    12     63.16      0.00     12.30
 1494559706.41     0     64.81      0.00     13.52    12     66.99      0.00     13.95
 1494559706.51     0     68.66      0.00     14.90    12     70.30      0.00     15.03
 1494559706.61     0     67.47      0.00     12.78    12     67.26      0.00     13.00
 1494559706.71     0     71.17      0.00     13.54    12     70.70      0.00     13.99
 1494559706.81     0     64.40      0.00     12.44    12     64.20      0.00     12.55
 1494559706.91     0     64.41      0.00     12.82    12     67.04      0.00     13.20
 1494559707.01     0     71.35      0.00     16.41    12     74.05      0.00     16.06
 1494559707.11     0     73.29      0.00     14.24    12     71.99      0.00     14.52
 1494559707.21     0     64.24      0.00     10.11    12     63.70      0.00     10.12
 1494559707.31     0     65.88      0.00     13.33    12     68.17      0.00     13.79
 1494559707.41     0     73.46      0.00     15.88    12     73.10      0.00     16.19
 1494559707.51     0     68.72      0.00     12.97    12     69.05      0.00     13.16
 1494559707.61     0     70.01      0.00     13.16    12     70.56      0.00     13.21
 1494559707.71     0     67.67      0.00     13.91    12     69.46      0.00     14.39
 1494559707.81     0     59.21      0.00     10.87    12     60.41      0.00     10.92
 1494559707.91     0     74.08      0.00     15.19    12     73.12      0.00     16.01
 1494559708.01     0     73.30      0.00     14.70    12     72.64      0.00     15.07
 1494559708.11     0     67.88      0.00     12.03    12     66.31      0.00     11.66
 1494559708.21     0     72.66      0.00     15.09    12     73.42      0.00     15.07
 1494559708.31     0     72.28      0.00     16.09    12     73.94      0.00     16.34
 1494559708.41     0     68.80      0.00     13.32    12     70.59      0.00     13.54
 1494559708.51     0     63.69      0.00      9.33    12     61.25      0.00      9.22
 1494559708.61     0     64.58      0.00     13.86    12     66.27      0.00     13.75
 1494559708.71     0     65.87      0.00     13.72    12     67.85      0.00     13.72
 1494559708.82     0     67.97      0.00     12.94    12     67.50      0.00     13.29
 1494559708.92     0     72.80      0.00     14.36    12     72.91      0.00     15.23
 1494559709.02     0     64.79      0.00     10.86    12     64.26      0.00     11.04
 1494559709.12     0     69.93      0.00     14.19    12     70.08      0.00     14.18
 1494559709.22     0     73.23      0.00     16.07    12     72.68      0.00     16.02
 1494559709.32     0     68.46      0.00     13.56    12     69.37      0.00     13.66
 1494559709.42     0     67.15      0.00     10.90    12     66.33      0.00     11.16
 1494559709.52     0     64.95      0.00     13.47    12     67.56      0.00     13.89
 1494559709.62     0     69.40      0.00     14.41    12     69.45      0.00     14.39
 1494559709.72     0     65.23      0.00     12.95    12     66.53      0.00     13.34
 1494559709.82     0     73.34      0.00     15.00    12     73.66      0.00     15.01
 1494559709.92     0     63.56      0.00     11.39    12     62.08      0.00     11.88
 1494559710.02     0     69.47      0.00     14.96    12     71.91      0.00     15.09
 1494559710.12     0     73.17      0.00     15.52    12     73.79      0.00     16.21
 1494559710.22     0     68.05      0.00     13.86    12     70.55      0.00     13.35
 1494559710.32     0     69.18      0.00     11.29    12     67.28      0.00     11.47
 1494559710.42     0     64.46      0.00     12.86    12     65.44      0.00     13.15
 1494559710.52     0     73.68      0.00     16.22    12     73.78      0.00     16.01
 1494559710.62     0     70.43      0.00     13.65    12     70.71      0.00     14.14
 1494559710.72     0     69.49      0.00     12.82    12     69.29      0.00     12.89
 1494559710.82     0     62.28      0.00     12.03    12     60.75      0.00     12.06
 1494559710.92     0     63.94      0.00     13.90    12     66.15      0.00     14.08
 1494559711.02     0     71.22      0.00     16.07    12     73.28      0.00     16.55
 1494559711.12     0     67.22      0.00     13.32    12     67.34      0.00     14.03
 1494559711.22     0     64.38      0.00      9.60    12     63.83      0.00      9.87
 1494559711.32     0     66.96      0.00     13.60    12     68.46      0.00     13.69
 1494559711.42     0     69.88      0.00     14.20    12     69.48      0.00     14.04
 1494559711.52     0     64.85      0.00     12.87    12     66.37      0.00     13.14
 1494559711.62     0     73.46      0.00     14.76    12     73.42      0.00     15.16
 1494559711.72     0     63.60      0.00     11.76    12     63.28      0.00     12.13
 1494559711.82     0     66.39      0.00     14.27    12     69.01      0.00     14.37
 1494559711.92     0     71.61      0.00     15.95    12     72.42      0.00     16.07
 1494559712.02     0     69.38      0.00     14.28    12     70.00      0.00     14.17
 1494559712.12     0     62.70      0.00      9.45    12     63.03      0.00      9.69
 1494559712.22     0     68.84      0.00     14.15    12     69.85      0.00     14.66
 1494559712.32     0     71.17      0.00     15.31    12     70.78      0.00     15.05
 1494559712.42     0     70.60      0.00     13.17    12     70.12      0.00     13.53
 1494559712.52     0     70.04      0.00     12.86    12     68.91      0.00     13.34
 1494559712.62     0     69.41      0.00     14.41    12     68.11      0.00     14.09
 1494559712.72     0     62.91      0.00     11.72    12     63.51      0.00     12.11
 1494559712.82     0     73.84      0.00     16.15    12     75.01      0.00     16.30
 1494559712.92     0     71.58      0.00     14.55    12     72.00      0.00     15.13
 1494559713.02     0     63.71      0.00     10.45    12     63.28      0.00     10.47
 1494559713.12     0     71.83      0.00     14.93    12     73.04      0.00     15.14
 1494559713.22     0     73.44      0.00     15.78    12     74.65      0.00     15.97
 1494559713.32     0     69.70      0.00     13.10    12     69.88      0.00     13.27
 1494559713.42     0     71.96      0.00     12.71    12     70.95      0.00     12.78
 1494559713.52     0     67.04      0.00     13.73    12     68.06      0.00     13.88
 1494559713.62     0     70.50      0.00     15.60    12     72.15      0.00     15.72
 1494559713.72     0     69.17      0.00     13.85    12     69.30      0.00     13.50
 1494559713.82     0     66.90      0.00     11.91    12     66.90      0.00     12.14
 1494559713.92     0     65.50      0.00     12.58    12     65.20      0.00     13.17
 1494559714.02     0     64.56      0.00     13.04    12     67.24      0.00     13.10
 1494559714.12     0     72.50      0.00     15.90    12     73.11      0.00     15.92
 1494559714.22     0     71.86      0.00     13.77    12     71.79      0.00     14.52
 1494559714.33     0     62.80      0.00      9.11    12     60.92      0.00      8.96
 1494559714.43     0     68.47      0.00     14.17    12     68.54      0.00     13.84
 1494559714.53     0     68.69      0.00     14.02    12     68.44      0.00     14.31
 1494559714.63     0     69.02      0.00     13.73    12     70.47      0.00     14.07
 1494559714.73     0     70.09      0.00     13.76    12     69.02      0.00     13.80
 1494559714.83     0     63.99      0.00     12.90    12     64.88      0.00     13.54
 1494559714.93     0     63.31      0.00     12.95    12     66.43      0.00     13.06
 1494559715.03     0     70.55      0.00     15.50    12     70.98      0.00     15.69
 1494559715.13     0     71.42      0.00     13.84    12     70.97      0.00     14.30
 1494559715.23     0     65.53      0.00     10.82    12     67.08      0.00     11.65
 1494559715.33     0     65.71      0.00     12.98    12     68.02      0.00     14.05
 1494559715.43     0     62.85      0.00     12.69    12     63.20      0.00     12.43
 1494559715.53     0     68.58      0.00     14.05    12     68.76      0.00     13.97
 1494559715.63     0     71.82      0.00     14.47    12     71.56      0.00     15.19
 1494559715.73     0     70.03      0.00     13.22    12     69.02      0.00     13.03
 1494559715.83     0     68.46      0.00     13.87    12     70.27      0.00     14.51
 1494559715.93     0     74.71      0.00     15.84    12     73.69      0.00     16.15
 1494559716.03     0     69.16      0.00     13.09    12     69.20      0.00     13.27
 1494559716.13     0     68.47      0.00     11.47    12     67.32      0.00     11.95
 1494559716.23     0     65.25      0.00     12.87    12     67.68      0.00     13.48
 1494559716.33     0     72.11      0.00     15.97    12     73.81      0.00     16.40
 1494559716.43     0     69.54      0.00     13.80    12     69.50      0.00     13.88
 1494559716.53     0     69.40      0.00     12.47    12     68.86      0.00     12.25
 1494559716.63     0     65.30      0.00     13.52    12     65.91      0.00     13.54
 1494559716.73     0     60.50      0.00     11.28    12     58.17      0.00     11.41
 1494559716.83     0     74.10      0.00     15.76    12     74.13      0.00     15.97
 1494559716.93     0     72.98      0.00     14.23    12     72.06      0.00     14.70
 1494559717.03     0     64.05      0.00     10.12    12     64.50      0.00     10.36
 1494559717.13     0     66.45      0.00     12.91    12     65.91      0.00     13.17
 1494559717.23     0     73.55      0.00     15.86    12     73.24      0.00     16.67
 1494559717.33     0     66.44      0.00     12.15    12     66.16      0.00     12.44
 1494559717.43     0     73.80      0.00     14.16    12     72.74      0.00     14.70
 1494559717.53     0     68.09      0.00     13.70    12     66.66      0.00     13.59
 1494559717.63     0     62.92      0.00     11.57    12     63.17      0.00     11.18
 1494559717.73     0     73.03      0.00     15.17    12     73.56      0.00     15.87
 1494559717.83     0     72.21      0.00     14.98    12     74.30      0.00     15.62
 1494559717.93     0     63.95      0.00     11.12    12     62.72      0.00     11.63
 1494559718.03     0     71.62      0.00     14.46    12     72.06      0.00     14.68
 1494559718.13     0     73.57      0.00     15.78    12     73.35      0.00     16.09
 1494559718.23     0     69.33      0.00     14.25    12     70.32      0.00     14.46
 1494559718.33     0     64.04      0.00      9.29    12     63.45      0.00      9.48
 1494559718.43     0     68.83      0.00     14.31    12     67.57      0.00     14.64
 1494559718.53     0     71.41      0.00     14.49    12     69.64      0.00     14.41
 1494559718.63     0     66.55      0.00     11.93    12     65.22      0.00     12.29
 1494559718.73     0     72.56      0.00     14.79    12     74.34      0.00     15.32
 1494559718.83     0     67.36      0.00     13.73    12     69.04      0.00     13.82
 1494559718.93     0     63.61      0.00     12.33    12     64.54      0.00     12.56
 1494559719.03     0     73.78      0.00     15.87    12     73.98      0.00     16.46
 1494559719.13     0     72.18      0.00     14.40    12     72.74      0.00     14.83
 1494559719.23     0     63.36      0.00      9.28    12     61.73      0.00      9.58
 1494559719.33     0     67.99      0.00     13.82    12     66.60      0.00     14.15
 1494559719.43     0     71.50      0.00     15.14    12     72.13      0.00     15.69
 1494559719.53     0     73.15      0.00     14.84    12     72.25      0.00     14.90
 1494559719.63     0     67.06      0.00     11.77    12     63.61      0.00     11.70
 1494559719.73     0     65.91      0.00     12.49    12     65.79      0.00     12.47
 1494559719.83     0     66.70      0.00     13.74    12     68.77      0.00     14.05
 1494559719.93     0     71.53      0.00     15.71    12     73.97      0.00     16.21
 1494559720.03     0     69.45      0.00     13.37    12     69.09      0.00     13.67
 1494559720.13     0     62.08      0.00      9.07    12     61.45      0.00      9.28
 1494559720.23     0     64.52      0.00     13.26    12     66.38      0.00     13.86
 1494559720.34     0     69.25      0.00     14.09    12     69.43      0.00     14.48
 1494559720.44     0     65.15      0.00     12.47    12     66.84      0.00     13.07
 1494559720.54     0     75.69      0.00     15.69    12     76.25      0.00     16.03
 1494559720.64     0     65.99      0.00     12.40    12     64.14      0.00     11.93
 1494559720.74     0     67.07      0.00     13.68    12     67.93      0.00     13.37
 1494559720.84     0     73.30      0.00     16.20    12     74.78      0.00     16.43
 1494559720.94     0     70.65      0.00     13.63    12     69.01      0.00     14.12
 1494559721.04     0     66.52      0.00     10.65    12     65.85      0.00     10.65
 1494559721.14     0     66.61      0.00     13.34    12     67.65      0.00     13.52
 1494559721.24     0     70.63      0.00     15.03    12     70.09      0.00     15.20
 1494559721.34     0     70.55      0.00     13.75    12     70.82      0.00     14.50
 1494559721.44     0     70.82      0.00     13.04    12     69.80      0.00     13.03
 1494559721.54     0     71.33      0.00     14.67    12     70.76      0.00     14.25
 1494559721.64     0     64.81      0.00     12.27    12     65.67      0.00     12.04
 1494559721.74     0     69.97      0.00     14.42    12     71.51      0.00     14.59
 1494559721.84     0     71.46      0.00     14.58    12     72.60      0.00     14.98
 1494559721.94     0     65.60      0.00     11.88    12     66.17      0.00     12.07
 1494559722.04     0     71.31      0.00     14.92    12     72.48      0.00     14.61
 1494559722.14     0     69.74      0.00     15.45    12     72.22      0.00     15.70
 1494559722.24     0     66.61      0.00     12.33    12     66.15      0.00     13.05
 1494559722.34     0     68.40      0.00     11.17    12     67.27      0.00     11.52
 1494559722.44     0     67.08      0.00     13.60    12     67.20      0.00     14.01
 1494559722.54     0     67.00      0.00     13.15    12     67.91      0.00     13.99
 1494559722.64     0     71.22      0.00     14.82    12     70.41      0.00     14.99
 1494559722.74     0     73.49      0.00     14.56    12     72.29      0.00     14.69
 1494559722.84     0     66.92      0.00     12.60    12     65.60      0.00     12.73
 1494559722.94     0     66.59      0.00     13.47    12     67.87      0.00     13.71
 1494559723.04     0     72.61      0.00     16.02    12     72.99      0.00     16.34
 1494559723.14     0     68.28      0.00     12.14    12     67.40      0.00     12.81
 1494559723.24     0     69.13      0.00     11.68    12     69.54      0.00     11.96
 1494559723.34     0     67.60      0.00     13.60    12     69.38      0.00     13.60
 1494559723.44     0     73.19      0.00     15.22    12     73.64      0.00     15.79
 1494559723.54     0     66.02      0.00     11.47    12     65.05      0.00     11.82
 1494559723.64     0     72.34      0.00     14.21    12     71.74      0.00     14.48
 1494559723.74     0     72.65      0.00     15.32    12     72.48      0.00     14.63
 1494559723.84     0     63.32      0.00     12.13    12     65.41      0.00     12.07
 1494559723.94     0     71.16      0.00     14.55    12     70.64      0.00     14.72
 1494559724.04     0     73.30      0.00     15.28    12     74.73      0.00     16.25
 1494559724.14     0     67.98      0.00     11.01    12     66.10      0.00     11.10
 1494559724.24     0     66.40      0.00     12.70    12     67.38      0.00     13.58
 1494559724.34     0     68.92      0.00     14.00    12     67.67      0.00     14.33
 1494559724.44     0     71.34      0.00     14.01    12     70.54      0.00     14.55
 1494559724.54     0     68.81      0.00     12.95    12     67.60      0.00     13.65
 1494559724.64     0     68.26      0.00     14.53    12     68.15      0.00     14.77
 1494559724.74     0     61.67      0.00     11.27    12     63.32      0.00     11.23
 1494559724.84     0     72.13      0.00     15.95    12     73.69      0.00     15.73
 1494559724.94     0     72.25      0.00     14.72    12     72.50      0.00     15.11
 1494559725.04     0     65.92      0.00     11.18    12     64.49      0.00     11.44
 1494559725.14     0     71.63      0.00     14.51    12     72.82      0.00     14.83
 1494559725.24     0     72.26      0.00     15.68    12     73.23      0.00     16.39
 1494559725.34     0     67.28      0.00     12.38    12     67.49      0.00     12.65
 1494559725.44     0     68.53      0.00     11.81    12     67.87      0.00     11.66
 1494559725.54     0     66.57      0.00     13.42    12     66.38      0.00     13.54
 1494559725.64     0     67.03      0.00     12.89    12     65.97      0.00     12.79
 1494559725.74     0     68.93      0.00     13.35    12     66.24      0.00     13.99
 1494559725.84     0     75.64      0.00     15.17    12     74.89      0.00     15.27
 1494559725.94     0     62.84      0.00     10.58    12     61.89      0.00     10.95
 1494559726.04     0     70.71      0.00     15.03    12     73.08      0.00     15.39
 1494559726.14     0     72.81      0.00     14.96    12     70.61      0.00     15.62
 1494559726.25     0     66.02      0.00     11.61    12     66.73      0.00     12.24
 1494559726.35     0     67.97      0.00     11.65    12     68.47      0.00     11.92
 1494559726.45     0     68.34      0.00     13.65    12     67.86      0.00     13.88
 1494559726.55     0     60.96      0.00     10.53    12     60.82      0.00     11.12
 1494559726.65     0     74.22      0.00     16.09    12     74.18      0.00     16.38
 1494559726.75     0     73.24      0.00     14.57    12     73.19      0.00     14.90
 1494559726.85     0     65.11      0.00     11.08    12     64.38      0.00     11.31
 1494559726.95     0     71.58      0.00     15.62    12     71.58      0.00     14.86
 1494559727.05     0     73.25      0.00     15.78    12     71.34      0.00     15.88
 1494559727.15     0     64.25      0.00     10.99    12     64.21      0.00     11.06
 1494559727.25     0     69.53      0.00     12.22    12     70.11      0.00     12.18
 1494559727.35     0     67.86      0.00     13.43    12     69.23      0.00     14.08
 1494559727.45     0     67.85      0.00     13.07    12     68.46      0.00     13.93
 1494559727.55     0     67.93      0.00     12.94    12     68.12      0.00     13.56
 1494559727.65     0     73.43      0.00     14.16    12     72.85      0.00     14.80
 1494559727.75     0     66.34      0.00     12.07    12     66.73      0.00     12.39
 1494559727.85     0     68.19      0.00     14.04    12     70.49      0.00     13.97
 1494559727.95     0     69.68      0.00     16.30    12     71.86      0.00     15.53
 1494559728.05     0     67.98      0.00     12.71    12     69.05      0.00     13.34
 1494559728.15     0     67.14      0.00     10.55    12     65.99      0.00     10.98
 1494559728.25     0     66.29      0.00     13.22    12     66.62      0.00     13.92
 1494559728.35     0     63.28      0.00     12.13    12     63.45      0.00     12.02
 1494559728.45     0     69.41      0.00     14.30    12     70.78      0.00     14.80
 1494559728.55     0     76.62      0.00     16.58    12     76.97      0.00     17.19
 1494559728.65     0     65.32      0.00     10.16    12     64.90      0.00     10.61
 1494559728.75     0     65.86      0.00     13.99    12     67.62      0.00     14.43
 1494559728.85     0     74.45      0.00     16.30    12     76.38      0.00     16.38
 1494559728.95     0     68.23      0.00     13.25    12     68.70      0.00     13.33
 1494559729.05     0     68.87      0.00     12.12    12     69.16      0.00     11.92
 1494559729.15     0     67.61      0.00     13.86    12     67.63      0.00     13.99
 1494559729.25     0     63.33      0.00     11.14    12     62.02      0.00     11.24
 1494559729.35     0     71.82      0.00     14.99    12     73.53      0.00     15.60
 1494559729.45     0     71.06      0.00     14.48    12     72.25      0.00     14.88
 1494559729.55     0     68.98      0.00     12.53    12     70.42      0.00     12.83
 1494559729.65     0     70.34      0.00     14.65    12     71.60      0.00     14.68
 1494559729.75     0     72.12      0.00     15.99    12     74.39      0.00     15.78
 1494559729.85     0     70.80      0.00     14.45    12     71.64      0.00     14.73
 1494559729.95     0     67.32      0.00     10.89    12     67.01      0.00     10.89
 1494559730.05     0     65.60      0.00     13.06    12     65.92      0.00     12.68
 1494559730.15     0     73.34      0.00     15.15    12     72.81      0.00     15.58
 1494559730.25     0     64.70      0.00     11.25    12     64.74      0.00     11.05
 1494559730.35     0     72.27      0.00     13.94    12     73.49      0.00     14.72
 1494559730.45     0     74.19      0.00     15.28    12     73.63      0.00     15.58
 1494559730.55     0     62.08      0.00     11.01    12     63.74      0.00     11.57
 1494559730.65     0     72.53      0.00     15.04    12     72.45      0.00     15.54
 1494559730.75     0     70.46      0.00     14.61    12     70.74      0.00     15.14
 1494559730.85     0     63.67      0.00     11.16    12     62.90      0.00     11.41
 1494559730.95     0     68.47      0.00     14.82    12     72.03      0.00     14.77
 1494559731.05     0     70.74      0.00     15.89    12     71.25      0.00     15.72
 1494559731.15     0     69.14      0.00     12.17    12     68.14      0.00     12.88
 1494559731.25     0     68.37      0.00     11.95    12     68.37      0.00     11.88
 1494559731.35     0     66.39      0.00     13.27    12     68.26      0.00     13.98
 1494559731.45     0     66.67      0.00     12.93    12     67.34      0.00     13.66
 1494559731.55     0     67.42      0.00     13.38    12     68.34      0.00     13.70
 1494559731.65     0     71.30      0.00     14.57    12     73.15      0.00     15.09
 1494559731.75     0     66.49      0.00     12.08    12     66.46      0.00     12.29
 1494559731.85     0     68.54      0.00     15.29    12     73.54      0.00     15.39
 1494559731.95     0     73.24      0.00     16.00    12     72.35      0.00     15.81
 1494559732.05     0     68.88      0.00     12.99    12     70.75      0.00     13.30
 1494559732.15     0     67.28      0.00     10.58    12     66.07      0.00     10.91
 1494559732.26     0     68.87      0.00     14.14    12     69.46      0.00     14.42
 1494559732.36     0     67.47      0.00     14.15    12     68.67      0.00     14.74
 1494559732.46     0     69.26      0.00     13.11    12     69.65      0.00     13.07
 1494559732.56     0     70.03      0.00     13.22    12     71.21      0.00     13.85
 1494559732.66     0     71.82      0.00     15.23    12     72.36      0.00     15.49
 1494559732.76     0     61.40      0.00     11.02    12     62.44      0.00     11.04
 1494559732.86     0     72.69      0.00     16.20    12     72.76      0.00     16.48
 1494559732.96     0     72.71      0.00     15.82    12     73.48      0.00     16.01
 1494559733.06     0     62.45      0.00      9.44    12     61.70      0.00      9.03
 1494559733.16     0     68.98      0.00     14.42    12     69.59      0.00     14.86
 1494559733.26     0     68.43      0.00     13.93    12     68.40      0.00     13.90
 1494559733.36     0     69.90      0.00     13.38    12     70.20      0.00     14.43
 1494559733.46     0     69.42      0.00     13.51    12     68.98      0.00     13.70
 1494559733.56     0     67.78      0.00     13.05    12     67.39      0.00     13.14
 1494559733.66     0     64.95      0.00     12.56    12     66.75      0.00     12.80
 1494559733.76     0     74.39      0.00     15.81    12     74.56      0.00     16.42
 1494559733.86     0     70.14      0.00     14.82    12     71.46      0.00     15.02
 1494559733.96     0     65.61      0.00     10.31    12     65.33      0.00     10.27
 1494559734.06     0     64.12      0.00     12.86    12     66.76      0.00     13.18
 1494559734.16     0     74.97      0.00     16.33    12     75.17      0.00     16.29
 1494559734.26     0     68.09      0.00     12.97    12     67.52      0.00     13.04
 1494559734.36     0     69.06      0.00     12.53    12     68.96      0.00     12.84
 1494559734.46     0     69.19      0.00     13.92    12     71.63      0.00     14.54
 1494559734.56     0     65.48      0.00     12.48    12     66.31      0.00     12.45
 1494559734.66     0     70.96      0.00     14.36    12     70.67      0.00     14.72
 1494559734.76     0     72.68      0.00     14.74    12     73.27      0.00     15.05
 1494559734.86     0     66.13      0.00     12.15    12     66.38      0.00     12.20
 1494559734.96     0     71.21      0.00     15.07    12     73.53      0.00     15.46
 1494559735.06     0     73.60      0.00     15.99    12     73.80      0.00     16.13
 1494559735.16     0     69.69      0.00     13.74    12     70.61      0.00     13.97
 1494559735.26     0     66.96      0.00     11.02    12     66.34      0.00     11.16
 1494559735.36     0     64.16      0.00     13.04    12     67.23      0.00     13.44
 1494559735.46     0     71.00      0.00     14.96    12     71.27      0.00     15.36
 1494559735.56     0     69.26      0.00     13.06    12     69.12      0.00     13.15
 1494559735.66     0     70.93      0.00     13.32    12     71.78      0.00     13.78
 1494559735.76     0     69.68      0.00     14.22    12     70.39      0.00     14.63
 1494559735.86     0     62.87      0.00     11.50    12     63.32      0.00     11.84
 1494559735.96     0     72.52      0.00     15.08    12     72.98      0.00     15.38
 1494559736.06     0     72.44      0.00     14.97    12     72.82      0.00     15.72
 1494559736.16     0     68.97      0.00     12.26    12     69.97      0.00     12.92
 1494559736.26     0     68.33      0.00     14.10    12     67.54      0.00     13.91
 1494559736.36     0     73.07      0.00     15.19    12     74.07      0.00     16.46
 1494559736.46     0     70.05      0.00     13.24    12     70.50      0.00     13.60
 1494559736.56     0     69.11      0.00     11.57    12     68.38      0.00     11.79
 1494559736.66     0     65.15      0.00     12.99    12     67.81      0.00     13.51
 1494559736.76     0     75.93      0.00     17.05    12     75.11      0.00     17.31
 1494559736.86     0     68.93      0.00     12.17    12     68.22      0.00     12.85
 1494559736.96     0     67.20      0.00     11.96    12     67.24      0.00     12.39
 1494559737.06     0     68.02      0.00     13.86    12     68.38      0.00     14.24
 1494559737.16     0     61.01      0.00     11.26    12     61.64      0.00     10.75
 1494559737.26     0     74.35      0.00     16.11    12     74.38      0.00     15.70
 1494559737.36     0     73.98      0.00     15.32    12     73.89      0.00     15.93
 1494559737.46     0     64.20      0.00      9.91    12     64.12      0.00     10.38
 1494559737.56     0     70.43      0.00     14.53    12     70.03      0.00     14.71
 1494559737.66     0     70.33      0.00     15.40    12     72.25      0.00     15.80
 1494559737.76     0     68.45      0.00     12.52    12     67.27      0.00     12.85
 1494559737.86     0     67.74      0.00     12.97    12     69.82      0.00     13.29
 1494559737.96     0     66.43      0.00     13.11    12     67.37      0.00     13.56
 1494559738.06     0     65.99      0.00     12.35    12     66.23      0.00     12.48
 1494559738.16     0     73.11      0.00     15.90    12     73.77      0.00     15.83
 1494559738.26     0     71.87      0.00     14.49    12     71.24      0.00     14.55
 1494559738.37     0     64.84      0.00     10.42    12     65.99      0.00     10.66
 1494559738.47     0     68.18      0.00     14.13    12     69.91      0.00     14.50
 1494559738.57     0     71.27      0.00     16.15    12     74.08      0.00     16.74
 1494559738.67     0     68.62      0.00     13.46    12     69.81      0.00     13.71
 1494559738.77     0     67.60      0.00     11.73    12     67.20      0.00     12.14
 1494559738.87     0     66.97      0.00     13.80    12     67.28      0.00     14.57
 1494559738.97     0     59.42      0.00     10.41    12     60.01      0.00     10.71
 1494559739.07     0     71.11      0.00     16.12    12     73.42      0.00     16.25
 1494559739.17     0     71.93      0.00     14.21    12     72.65      0.00     14.84
 1494559739.27     0     64.99      0.00     11.16    12     65.30      0.00     11.03
 1494559739.37     0     67.83      0.00     13.53    12     70.90      0.00     14.16
 1494559739.47     0     72.89      0.00     16.54    12     72.19      0.00     16.82
 1494559739.57     0     68.06      0.00     12.52    12     68.30      0.00     12.66
 1494559739.67     0     68.63      0.00     11.61    12     68.88      0.00     11.81
 1494559739.77     0     70.63      0.00     14.88    12     71.57      0.00     15.16
 1494559739.87     0     69.72      0.00     13.60    12     68.71      0.00     13.77
 1494559739.97     0     65.98      0.00     12.27    12     65.47      0.00     12.51
 1494559740.07     0     72.84      0.00     14.94    12     74.70      0.00     15.47
 1494559740.17     0     67.13      0.00     12.46    12     67.89      0.00     12.90
 1494559740.27     0     66.32      0.00     13.12    12     68.30      0.00     13.24
 1494559740.37     0     73.03      0.00     15.94    12     74.72      0.00     15.95
 1494559740.47     0     72.53      0.00     14.39    12     72.49      0.00     14.89
 1494559740.57     0     65.00      0.00     10.15    12     64.48      0.00     10.27
 1494559740.67     0     68.11      0.00     14.04    12     70.10      0.00     14.33
 1494559740.77     0     71.91      0.00     15.73    12     74.08      0.00     16.14
 1494559740.87     0     70.38      0.00     13.47    12     68.83      0.00     13.77
 1494559740.97     0     67.72      0.00     11.46    12     67.74      0.00     11.93
 1494559741.07     0     65.52      0.00     13.68    12     67.18      0.00     14.25
 1494559741.17     0     62.70      0.00     12.14    12     63.60      0.00     12.23
 1494559741.27     0     71.79      0.00     14.07    12     71.78      0.00     15.09
 1494559741.37     0     72.42      0.00     14.50    12     71.24      0.00     14.23
 1494559741.47     0     63.29      0.00     10.29    12     62.70      0.00     10.53
 1494559741.57     0     64.94      0.00     13.35    12     67.25      0.00     13.78
 1494559741.67     0     69.81      0.00     14.98    12     70.79      0.00     15.58
 1494559741.77     0     68.71      0.00     13.35    12     69.93      0.00     13.94
 1494559741.87     0     68.52      0.00     13.25    12     70.87      0.00     13.53
 1494559741.97     0     69.25      0.00     14.15    12     69.82      0.00     14.23
 1494559742.07     0     62.96      0.00     11.69    12     64.61      0.00     12.00
 1494559742.17     0     73.23      0.00     16.02    12     74.28      0.00     16.59
 1494559742.27     0     71.65      0.00     14.90    12     73.33      0.00     15.02
 1494559742.37     0     64.36      0.00     10.02    12     64.07      0.00     10.04
 1494559742.47     0     66.70      0.00     13.28    12     68.91      0.00     13.73
 1494559742.57     0     71.22      0.00     16.17    12     73.98      0.00     16.52
 1494559742.67     0     65.72      0.00     11.64    12     65.30      0.00     11.65
 1494559742.77     0     70.79      0.00     13.42    12     69.91      0.00     13.75
 1494559742.87     0     69.01      0.00     14.67    12     69.94      0.00     14.81
 1494559742.97     0     60.00      0.00     11.21    12     62.74      0.00     11.61
 1494559743.07     0     71.85      0.00     15.44    12     72.64      0.00     15.87
 1494559743.17     0     71.22      0.00     14.91    12     72.70      0.00     15.10
 1494559743.27     0     65.18      0.00     11.36    12     64.36      0.00     11.46
 1494559743.37     0     69.26      0.00     14.35    12     71.01      0.00     14.71
 1494559743.47     0     71.40      0.00     15.21    12     72.60      0.00     15.54
 1494559743.57     0     66.78      0.00     11.47    12     66.00      0.00     12.08
 1494559743.67     0     70.56      0.00     12.28    12     70.05      0.00     12.67
 1494559743.77     0     64.64      0.00     13.78    12     67.02      0.00     14.00
 1494559743.87     0     66.70      0.00     13.43    12     67.51      0.00     13.29
 1494559743.97     0     69.70      0.00     13.35    12     69.26      0.00     13.77
 1494559744.07     0     73.15      0.00     14.51    12     73.07      0.00     15.10
 1494559744.17     0     65.15      0.00     11.30    12     65.53      0.00     11.44
 1494559744.27     0     71.47      0.00     15.46    12     74.12      0.00     15.45
 1494559744.37     0     72.55      0.00     16.09    12     73.48      0.00     15.91
 1494559744.47     0     67.97      0.00     12.81    12     68.35      0.00     12.59
 1494559744.58     0     66.60      0.00     10.63    12     66.53      0.00     11.09
 1494559744.68     0     66.32      0.00     13.71    12     66.82      0.00     14.10
 1494559744.78     0     65.44      0.00     12.26    12     65.96      0.00     12.60
 1494559744.88     0     69.91      0.00     13.97    12     70.61      0.00     14.07
 1494559744.98     0     73.91      0.00     14.97    12     74.70      0.00     15.95
 1494559745.08     0     25.17      0.00      3.89    12     28.98      0.00      3.84
 1494559745.18     0     14.85      0.00      2.22    12     16.91      0.00      2.30
 1494559745.28     0     13.75      0.00      2.10    12     16.45      0.00      2.31
 1494559745.38     0     13.65      0.00      2.09    12     16.33      0.00      2.24
 1494559745.48     0     13.55      0.00      2.13    12     15.61      0.00      2.19
 1494559745.58     0     15.69      0.00      2.70    12     19.18      0.00      3.05
