         #Time  Core     P_PKG     P_PP0    P_DRAM  Core     P_PKG     P_PP0    P_DRAM
 1494520570.48     0     22.50      0.00      4.94    12     20.64      0.00      5.24
 1494520570.58     0     25.89      0.00      6.31    12     20.92      0.00      4.25
 1494520570.68     0     30.38      0.00      4.85    12     24.19      0.00      4.04
 1494520570.78     0     32.41      0.00      4.81    12     25.52      0.00      4.22
 1494520570.88     0     32.40      0.00      4.76    12     25.56      0.00      4.13
 1494520570.98     0     33.09      0.00      6.04    12     25.82      0.00      4.09
 1494520571.08     0     32.93      0.00      6.31    12     25.58      0.00      4.09
 1494520571.18     0     32.85      0.00      6.42    12     25.56      0.00      4.18
 1494520571.28     0     32.86      0.00      6.38    12     25.55      0.00      4.09
 1494520571.38     0     32.73      0.00      6.34    12     25.59      0.00      4.16
 1494520571.48     0     32.54      0.00      6.38    12     25.56      0.00      4.06
 1494520571.58     0     31.94      0.00      4.79    12     25.55      0.00      4.12
 1494520571.68     0     31.64      0.00      4.39    12     25.54      0.00      4.15
 1494520571.78     0     31.76      0.00      4.36    12     25.58      0.00      4.04
 1494520571.88     0     31.75      0.00      4.47    12     25.59      0.00      4.21
 1494520571.98     0     31.75      0.00      4.35    12     25.55      0.00      4.09
 1494520572.08     0     31.66      0.00      4.41    12     25.56      0.00      4.08
 1494520572.18     0     31.70      0.00      4.37    12     25.80      0.00      4.19
 1494520572.28     0     31.76      0.00      4.36    12     25.54      0.00      4.11
 1494520572.38     0     31.68      0.00      4.41    12     25.49      0.00      4.14
 1494520572.48     0     31.77      0.00      4.36    12     25.54      0.00      4.06
 1494520572.58     0     32.03      0.00      4.45    12     25.55      0.00      4.17
 1494520572.68     0     31.78      0.00      4.37    12     25.78      0.00      4.15
 1494520572.78     0     31.71      0.00      4.35    12     25.58      0.00      4.08
 1494520572.88     0     31.70      0.00      4.33    12     25.55      0.00      4.13
 1494520572.98     0     31.66      0.00      4.41    12     25.57      0.00      4.00
 1494520573.08     0     31.71      0.00      4.36    12     25.47      0.00      4.20
 1494520573.18     0     31.66      0.00      4.39    12     25.50      0.00      4.10
 1494520573.28     0     31.72      0.00      4.41    12     25.54      0.00      4.13
 1494520573.38     0     31.67      0.00      4.37    12     25.52      0.00      4.14
 1494520573.48     0     31.71      0.00      4.40    12     25.51      0.00      4.07
 1494520573.58     0     31.78      0.00      4.41    12     25.80      0.00      4.11
 1494520573.68     0     31.79      0.00      4.37    12     25.54      0.00      4.20
 1494520573.78     0     31.77      0.00      4.36    12     25.53      0.00      4.18
 1494520573.88     0     31.80      0.00      4.42    12     25.53      0.00      4.18
 1494520573.98     0     31.70      0.00      4.38    12     25.54      0.00      4.10
 1494520574.08     0     32.07      0.00      4.41    12     25.57      0.00      4.12
 1494520574.18     0     31.80      0.00      4.39    12     25.52      0.00      4.14
 1494520574.28     0     31.73      0.00      4.42    12     25.52      0.00      4.05
 1494520574.38     0     31.76      0.00      4.40    12     25.50      0.00      4.13
 1494520574.48     0     31.75      0.00      4.41    12     25.51      0.00      4.14
 1494520574.58     0     31.78      0.00      4.42    12     25.53      0.00      4.00
 1494520574.68     0     31.78      0.00      4.40    12     25.53      0.00      4.07
 1494520574.78     0     31.77      0.00      4.34    12     25.56      0.00      4.10
 1494520574.89     0     31.78      0.00      4.39    12     25.56      0.00      4.19
 1494520574.99     0     31.74      0.00      4.37    12     25.82      0.00      4.17
 1494520575.09     0     31.71      0.00      4.42    12     25.55      0.00      4.10
 1494520575.19     0     31.68      0.00      4.41    12     25.59      0.00      4.01
 1494520575.29     0     31.70      0.00      4.40    12     25.55      0.00      4.11
 1494520575.39     0     31.99      0.00      4.35    12     25.53      0.00      4.08
 1494520575.49     0     31.84      0.00      4.41    12     25.58      0.00      4.15
 1494520575.59     0     31.79      0.00      4.40    12     25.53      0.00      4.07
 1494520575.69     0     31.80      0.00      4.40    12     25.55      0.00      4.05
 1494520575.79     0     31.72      0.00      4.41    12     25.56      0.00      4.07
 1494520575.89     0     31.69      0.00      4.34    12     25.56      0.00      4.08
 1494520575.99     0     31.71      0.00      4.36    12     25.54      0.00      4.15
 1494520576.09     0     31.76      0.00      4.36    12     25.56      0.00      4.16
 1494520576.19     0     31.72      0.00      4.42    12     25.56      0.00      4.06
 1494520576.29     0     31.72      0.00      4.41    12     25.57      0.00      4.13
 1494520576.39     0     31.78      0.00      4.40    12     25.60      0.00      4.08
 1494520576.49     0     31.74      0.00      4.31    12     25.82      0.00      4.21
 1494520576.59     0     31.75      0.00      4.37    12     25.54      0.00      4.15
 1494520576.69     0     31.78      0.00      4.37    12     25.58      0.00      4.14
 1494520576.79     0     31.68      0.00      4.42    12     25.57      0.00      4.18
 1494520576.89     0     31.79      0.00      4.40    12     25.55      0.00      4.12
 1494520576.99     0     31.85      0.00      4.41    12     25.57      0.00      4.13
 1494520577.09     0     32.05      0.00      4.44    12     25.55      0.00      4.19
 1494520577.19     0     31.78      0.00      4.41    12     25.55      0.00      4.01
 1494520577.29     0     31.74      0.00      4.34    12     25.54      0.00      4.12
 1494520577.39     0     31.68      0.00      4.41    12     25.53      0.00      4.07
 1494520577.49     0     31.63      0.00      4.39    12     25.51      0.00      4.19
 1494520577.59     0     31.67      0.00      4.30    12     25.58      0.00      4.16
 1494520577.69     0     31.67      0.00      4.36    12     25.54      0.00      4.08
 1494520577.79     0     31.74      0.00      4.40    12     25.82      0.00      4.20
 1494520577.89     0     31.59      0.00      4.41    12     25.55      0.00      4.13
 1494520577.99     0     31.59      0.00      4.40    12     25.56      0.00      4.20
 1494520578.09     0     31.63      0.00      4.36    12     25.51      0.00      4.02
 1494520578.19     0     31.67      0.00      4.42    12     25.55      0.00      4.16
 1494520578.29     0     31.97      0.00      4.34    12     25.53      0.00      4.01
 1494520578.39     0     31.66      0.00      4.40    12     25.55      0.00      4.00
 1494520578.49     0     31.66      0.00      4.37    12     25.57      0.00      4.15
 1494520578.59     0     31.67      0.00      4.41    12     25.57      0.00      4.18
 1494520578.69     0     31.66      0.00      4.32    12     25.52      0.00      4.21
 1494520578.79     0     31.68      0.00      4.36    12     25.55      0.00      4.12
 1494520578.89     0     31.78      0.00      4.41    12     25.54      0.00      4.11
 1494520578.99     0     31.70      0.00      4.41    12     25.54      0.00      4.06
 1494520579.09     0     31.76      0.00      4.32    12     25.80      0.00      4.16
 1494520579.19     0     31.70      0.00      4.36    12     25.53      0.00      4.06
 1494520579.29     0     31.77      0.00      4.36    12     25.57      0.00      4.04
 1494520579.39     0     31.69      0.00      4.42    12     25.51      0.00      4.09
 1494520579.49     0     31.70      0.00      4.41    12     25.56      0.00      4.05
 1494520579.59     0     31.68      0.00      4.42    12     25.52      0.00      4.18
 1494520579.69     0     31.70      0.00      4.42    12     25.53      0.00      4.16
 1494520579.79     0     32.00      0.00      4.44    12     25.61      0.00      4.07
 1494520579.89     0     31.66      0.00      4.38    12     25.52      0.00      4.19
 1494520579.99     0     31.73      0.00      4.39    12     25.53      0.00      4.05
 1494520580.09     0     31.65      0.00      4.43    12     25.55      0.00      4.27
 1494520580.19     0     31.66      0.00      4.36    12     25.50      0.00      4.09
 1494520580.29     0     31.60      0.00      4.35    12     25.76      0.00      4.16
 1494520580.39     0     31.72      0.00      4.40    12     25.57      0.00      4.06
 1494520580.49     0     31.71      0.00      4.41    12     25.49      0.00      4.05
 1494520580.59     0     31.66      0.00      4.40    12     25.50      0.00      4.18
 1494520580.69     0     31.64      0.00      4.37    12     25.51      0.00      4.11
 1494520580.79     0     31.65      0.00      4.40    12     25.51      0.00      4.13
 1494520580.89     0     31.68      0.00      4.41    12     25.56      0.00      4.14
 1494520580.99     0     31.68      0.00      4.41    12     25.52      0.00      4.17
 1494520581.10     0     31.65      0.00      4.40    12     25.45      0.00      4.18
 1494520581.20     0     31.62      0.00      4.39    12     25.54      0.00      4.13
 1494520581.30     0     31.94      0.00      4.43    12     25.51      0.00      4.16
 1494520581.40     0     31.63      0.00      4.40    12     25.51      0.00      4.15
 1494520581.50     0     31.71      0.00      4.41    12     25.51      0.00      4.15
 1494520581.60     0     31.68      0.00      4.34    12     25.54      0.00      4.19
 1494520581.70     0     31.64      0.00      4.42    12     25.79      0.00      4.07
 1494520581.80     0     31.73      0.00      4.41    12     25.57      0.00      4.05
 1494520581.90     0     31.72      0.00      4.40    12     25.52      0.00      4.08
 1494520582.00     0     31.66      0.00      4.40    12     25.53      0.00      4.17
 1494520582.10     0     31.61      0.00      4.36    12     25.55      0.00      4.09
 1494520582.20     0     31.64      0.00      4.42    12     25.54      0.00      4.13
 1494520582.30     0     31.67      0.00      4.39    12     25.52      0.00      3.98
 1494520582.40     0     31.67      0.00      4.40    12     25.47      0.00      4.05
 1494520582.50     0     31.67      0.00      4.42    12     25.55      0.00      4.17
 1494520582.60     0     31.69      0.00      4.35    12     25.50      0.00      4.12
 1494520582.70     0     32.03      0.00      4.41    12     25.47      0.00      4.12
 1494520582.80     0     31.75      0.00      4.41    12     25.51      0.00      4.13
 1494520582.90     0     31.68      0.00      4.34    12     25.51      0.00      3.97
 1494520583.00     0     31.66      0.00      4.36    12     25.77      0.00      4.12
 1494520583.10     0     31.71      0.00      4.39    12     25.52      0.00      4.10
 1494520583.20     0     31.71      0.00      4.40    12     25.51      0.00      4.13
 1494520583.30     0     31.70      0.00      4.40    12     25.50      0.00      4.13
 1494520583.40     0     31.75      0.00      4.31    12     25.54      0.00      4.06
 1494520583.50     0     31.61      0.00      4.40    12     25.52      0.00      4.08
 1494520583.60     0     31.61      0.00      4.39    12     25.52      0.00      3.93
 1494520583.70     0     31.65      0.00      4.42    12     25.47      0.00      4.20
 1494520583.80     0     31.73      0.00      4.40    12     25.50      0.00      4.15
 1494520583.90     0     31.71      0.00      4.39    12     25.52      0.00      4.13
 1494520584.00     0     32.01      0.00      4.40    12     25.52      0.00      4.17
 1494520584.10     0     31.64      0.00      4.40    12     25.53      0.00      4.14
 1494520584.20     0     31.66      0.00      4.41    12     25.75      0.00      4.08
 1494520584.30     0     31.59      0.00      4.41    12     25.51      0.00      4.12
 1494520584.40     0     31.61      0.00      4.36    12     25.59      0.00      4.13
 1494520584.50     0     31.58      0.00      4.40    12     25.50      0.00      4.13
 1494520584.60     0     31.57      0.00      4.39    12     25.54      0.00      4.08
 1494520584.70     0     31.55      0.00      4.35    12     25.52      0.00      4.12
 1494520584.80     0     31.63      0.00      4.37    12     25.54      0.00      4.14
 1494520584.90     0     31.61      0.00      4.32    12     25.49      0.00      4.03
 1494520585.00     0     31.60      0.00      4.36    12     25.56      0.00      4.17
 1494520585.10     0     31.66      0.00      4.36    12     25.56      0.00      4.19
 1494520585.20     0     31.66      0.00      4.37    12     25.53      0.00      4.10
 1494520585.30     0     31.67      0.00      4.36    12     25.53      0.00      4.14
 1494520585.40     0     31.57      0.00      4.41    12     25.57      0.00      4.06
 1494520585.50     0     31.97      0.00      4.46    12     25.53      0.00      4.13
 1494520585.60     0     31.63      0.00      4.41    12     25.83      0.00      4.16
 1494520585.70     0     31.61      0.00      4.41    12     25.52      0.00      4.14
 1494520585.80     0     31.65      0.00      4.40    12     25.56      0.00      4.15
 1494520585.90     0     31.58      0.00      4.42    12     25.52      0.00      4.10
 1494520586.00     0     31.59      0.00      4.37    12     25.55      0.00      4.14
 1494520586.10     0     31.60      0.00      4.41    12     25.55      0.00      4.14
 1494520586.20     0     31.65      0.00      4.40    12     25.51      0.00      4.09
 1494520586.30     0     31.59      0.00      4.36    12     25.57      0.00      4.10
 1494520586.40     0     31.57      0.00      4.27    12     25.55      0.00      4.13
 1494520586.50     0     31.58      0.00      4.42    12     25.61      0.00      4.08
 1494520586.60     0     31.67      0.00      4.37    12     25.53      0.00      4.16
 1494520586.70     0     31.67      0.00      4.40    12     25.49      0.00      4.14
 1494520586.80     0     31.60      0.00      4.41    12     25.56      0.00      4.17
 1494520586.90     0     31.68      0.00      4.41    12     25.76      0.00      4.19
 1494520587.00     0     31.87      0.00      4.45    12     25.58      0.00      4.08
 1494520587.10     0     31.55      0.00      4.40    12     25.52      0.00      4.18
 1494520587.21     0     31.61      0.00      4.42    12     25.56      0.00      4.17
 1494520587.31     0     31.66      0.00      4.39    12     25.55      0.00      4.09
 1494520587.41     0     31.69      0.00      4.38    12     25.52      0.00      4.12
 1494520587.51     0     31.59      0.00      4.41    12     25.54      0.00      4.10
 1494520587.61     0     31.62      0.00      4.36    12     25.54      0.00      4.05
 1494520587.71     0     31.58      0.00      4.36    12     25.60      0.00      4.17
 1494520587.81     0     31.51      0.00      4.36    12     25.53      0.00      4.18
 1494520587.91     0     31.60      0.00      4.42    12     25.55      0.00      4.10
 1494520588.01     0     31.49      0.00      4.41    12     25.57      0.00      4.18
 1494520588.11     0     31.55      0.00      4.41    12     25.53      0.00      4.14
 1494520588.21     0     31.51      0.00      4.40    12     25.56      0.00      4.00
 1494520588.31     0     31.80      0.00      4.38    12     25.81      0.00      4.11
 1494520588.41     0     31.46      0.00      4.44    12     25.56      0.00      4.13
 1494520588.51     0     31.57      0.00      4.35    12     25.54      0.00      4.02
 1494520588.61     0     31.60      0.00      4.41    12     25.53      0.00      4.19
 1494520588.71     0     31.63      0.00      4.41    12     25.55      0.00      4.03
 1494520588.81     0     31.58      0.00      4.39    12     25.56      0.00      4.14
 1494520588.91     0     31.61      0.00      4.35    12     25.58      0.00      4.12
 1494520589.01     0     31.70      0.00      4.40    12     25.52      0.00      4.18
 1494520589.11     0     31.62      0.00      4.41    12     25.56      0.00      4.11
 1494520589.21     0     31.61      0.00      4.41    12     25.55      0.00      4.09
 1494520589.31     0     31.63      0.00      4.41    12     25.53      0.00      4.18
 1494520589.41     0     31.56      0.00      4.40    12     25.55      0.00      4.03
 1494520589.51     0     31.62      0.00      4.28    12     25.56      0.00      4.14
 1494520589.61     0     31.67      0.00      4.40    12     25.81      0.00      4.04
 1494520589.71     0     31.58      0.00      4.40    12     25.56      0.00      4.07
 1494520589.81     0     31.96      0.00      4.40    12     25.55      0.00      4.13
 1494520589.91     0     31.64      0.00      4.40    12     25.56      0.00      4.13
 1494520590.01     0     31.62      0.00      4.37    12     25.60      0.00      4.07
 1494520590.11     0     31.65      0.00      4.41    12     25.53      0.00      4.16
 1494520590.21     0     31.62      0.00      4.40    12     25.56      0.00      4.04
 1494520590.31     0     31.69      0.00      4.37    12     25.53      0.00      4.04
 1494520590.41     0     31.65      0.00      4.42    12     25.54      0.00      4.00
 1494520590.51     0     31.62      0.00      4.41    12     25.52      0.00      4.07
 1494520590.61     0     31.62      0.00      4.39    12     25.54      0.00      4.20
 1494520590.71     0     31.55      0.00      4.39    12     25.52      0.00      4.09
 1494520590.81     0     31.60      0.00      4.40    12     25.55      0.00      4.09
 1494520590.91     0     31.57      0.00      4.36    12     25.54      0.00      4.12
 1494520591.01     0     31.59      0.00      4.36    12     25.81      0.00      4.15
 1494520591.11     0     31.55      0.00      4.36    12     25.54      0.00      4.12
 1494520591.21     0     31.90      0.00      4.40    12     25.54      0.00      4.15
 1494520591.31     0     31.56      0.00      4.36    12     25.52      0.00      4.05
 1494520591.41     0     31.58      0.00      4.35    12     25.54      0.00      4.08
 1494520591.51     0     31.81      0.00      4.45    12     25.53      0.00      4.17
 1494520591.61     0     32.35      0.00      4.39    12     25.53      0.00      3.98
 1494520591.71     0     31.95      0.00      4.40    12     25.54      0.00      4.09
 1494520591.81     0     31.51      0.00      4.40    12     25.55      0.00      4.04
 1494520591.91     0     31.66      0.00      4.41    12     25.54      0.00      4.05
 1494520592.01     0     31.91      0.00      4.36    12     25.52      0.00      4.13
 1494520592.11     0     31.65      0.00      4.36    12     25.52      0.00      4.17
 1494520592.21     0     31.68      0.00      4.41    12     25.53      0.00      4.09
 1494520592.31     0     31.61      0.00      4.41    12     25.59      0.00      4.15
 1494520592.41     0     31.63      0.00      4.41    12     25.74      0.00      4.17
 1494520592.51     0     31.71      0.00      4.41    12     25.52      0.00      4.14
 1494520592.61     0     31.97      0.00      4.40    12     25.55      0.00      4.12
 1494520592.71     0     31.68      0.00      4.40    12     25.52      0.00      4.03
 1494520592.81     0     31.68      0.00      4.40    12     25.53      0.00      4.12
 1494520592.91     0     31.71      0.00      4.37    12     25.50      0.00      4.10
 1494520593.01     0     31.69      0.00      4.41    12     25.55      0.00      4.12
 1494520593.11     0     31.71      0.00      4.39    12     25.53      0.00      4.13
 1494520593.21     0     31.66      0.00      4.36    12     25.53      0.00      4.12
 1494520593.31     0     31.64      0.00      4.35    12     25.54      0.00      4.21
 1494520593.42     0     31.62      0.00      4.34    12     25.59      0.00      4.18
 1494520593.52     0     31.65      0.00      4.38    12     25.52      0.00      4.15
 1494520593.62     0     31.63      0.00      4.41    12     25.52      0.00      4.14
 1494520593.72     0     31.58      0.00      4.40    12     25.78      0.00      4.23
 1494520593.82     0     31.68      0.00      4.36    12     25.57      0.00      4.16
 1494520593.92     0     31.66      0.00      4.42    12     25.52      0.00      4.17
 1494520594.02     0     31.55      0.00      4.41    12     25.53      0.00      4.10
 1494520594.12     0     31.96      0.00      4.44    12     25.53      0.00      4.07
 1494520594.22     0     31.64      0.00      4.41    12     25.52      0.00      4.17
 1494520594.32     0     31.64      0.00      4.41    12     25.53      0.00      4.05
 1494520594.42     0     31.55      0.00      4.39    12     25.52      0.00      4.12
 1494520594.52     0     31.62      0.00      4.36    12     25.51      0.00      4.20
 1494520594.62     0     31.63      0.00      4.41    12     25.58      0.00      4.21
 1494520594.72     0     31.65      0.00      4.40    12     25.54      0.00      4.16
 1494520594.82     0     31.59      0.00      4.42    12     25.53      0.00      4.11
 1494520594.92     0     31.67      0.00      4.38    12     25.76      0.00      4.14
 1494520595.02     0     31.63      0.00      4.41    12     25.51      0.00      4.10
 1494520595.12     0     31.60      0.00      4.36    12     25.51      0.00      4.12
 1494520595.22     0     31.59      0.00      4.41    12     25.53      0.00      4.12
 1494520595.32     0     31.61      0.00      4.36    12     25.53      0.00      4.06
 1494520595.42     0     31.65      0.00      4.37    12     25.52      0.00      4.08
 1494520595.52     0     32.05      0.00      4.39    12     25.51      0.00      4.11
 1494520595.62     0     31.69      0.00      4.41    12     25.53      0.00      4.11
 1494520595.72     0     31.62      0.00      4.41    12     25.57      0.00      4.08
 1494520595.82     0     31.61      0.00      4.35    12     25.52      0.00      4.13
 1494520595.92     0     31.75      0.00      4.37    12     25.53      0.00      4.12
 1494520596.02     0     31.66      0.00      4.36    12     25.54      0.00      4.06
 1494520596.12     0     31.58      0.00      4.40    12     25.56      0.00      4.19
 1494520596.22     0     31.68      0.00      4.36    12     25.81      0.00      4.20
 1494520596.32     0     31.64      0.00      4.42    12     25.55      0.00      4.13
 1494520596.42     0     31.92      0.00      4.53    12     25.72      0.00      4.47
 1494520596.52     0     31.61      0.00      4.36    12     25.53      0.00      4.15
 1494520596.62     0     31.70      0.00      4.42    12     25.53      0.00      4.20
 1494520596.72     0     31.63      0.00      4.43    12     25.53      0.00      4.14
 1494520596.82     0     31.66      0.00      4.37    12     25.58      0.00      4.14
 1494520596.92     0     31.92      0.00      4.45    12     25.53      0.00      4.10
 1494520597.02     0     31.56      0.00      4.36    12     25.57      0.00      4.20
 1494520597.12     0     31.64      0.00      4.31    12     25.55      0.00      4.14
 1494520597.22     0     31.58      0.00      4.40    12     25.51      0.00      4.10
 1494520597.32     0     31.65      0.00      4.38    12     25.54      0.00      4.08
 1494520597.42     0     31.60      0.00      4.43    12     25.55      0.00      4.18
 1494520597.52     0     31.62      0.00      4.41    12     25.79      0.00      4.13
 1494520597.62     0     31.61      0.00      4.40    12     25.54      0.00      4.11
 1494520597.72     0     31.62      0.00      4.40    12     25.55      0.00      4.09
 1494520597.82     0     31.63      0.00      4.42    12     25.55      0.00      3.94
 1494520597.92     0     31.62      0.00      4.37    12     25.55      0.00      4.11
 1494520598.02     0     31.64      0.00      4.36    12     25.57      0.00      3.97
 1494520598.12     0     31.60      0.00      4.36    12     25.51      0.00      4.15
 1494520598.22     0     31.65      0.00      4.42    12     25.56      0.00      4.14
 1494520598.32     0     31.94      0.00      4.46    12     25.53      0.00      4.14
 1494520598.42     0     31.33      0.00      4.35    12     25.52      0.00      4.12
 1494520598.52     0     32.13      0.00      4.51    12     25.53      0.00      4.30
 1494520598.62     0     31.64      0.00      4.41    12     25.53      0.00      4.12
 1494520598.72     0     31.66      0.00      4.35    12     25.49      0.00      4.12
 1494520598.82     0     31.70      0.00      4.36    12     25.77      0.00      4.16
 1494520598.92     0     31.67      0.00      4.37    12     25.54      0.00      4.14
 1494520599.02     0     31.63      0.00      4.41    12     25.53      0.00      4.07
 1494520599.12     0     31.67      0.00      4.39    12     25.58      0.00      4.17
 1494520599.22     0     31.64      0.00      4.40    12     25.50      0.00      4.17
 1494520599.32     0     31.68      0.00      4.41    12     25.55      0.00      4.10
 1494520599.42     0     31.64      0.00      4.39    12     25.51      0.00      4.13
 1494520599.53     0     31.62      0.00      4.43    12     25.52      0.00      4.06
 1494520599.63     0     31.60      0.00      4.41    12     25.52      0.00      4.06
 1494520599.73     0     31.54      0.00      4.36    12     25.52      0.00      4.12
 1494520599.83     0     31.90      0.00      4.44    12     25.51      0.00      3.95
 1494520599.93     0     31.55      0.00      4.36    12     25.53      0.00      4.19
 1494520600.03     0     31.65      0.00      4.50    12     25.54      0.00      4.07
 1494520600.13     0     31.57      0.00      4.39    12     25.77      0.00      4.20
 1494520600.23     0     31.62      0.00      4.40    12     25.53      0.00      4.06
 1494520600.33     0     31.49      0.00      4.40    12     25.54      0.00      4.14
 1494520600.43     0     31.60      0.00      4.39    12     25.52      0.00      4.16
 1494520600.53     0     31.54      0.00      4.40    12     25.54      0.00      4.15
 1494520600.63     0     31.55      0.00      4.40    12     25.54      0.00      4.04
 1494520600.73     0     31.50      0.00      4.41    12     25.50      0.00      4.13
 1494520600.83     0     31.53      0.00      4.31    12     25.56      0.00      4.16
 1494520600.93     0     31.63      0.00      4.37    12     25.54      0.00      4.11
 1494520601.03     0     31.51      0.00      4.42    12     25.51      0.00      4.17
 1494520601.13     0     31.59      0.00      4.38    12     25.54      0.00      4.20
 1494520601.23     0     31.50      0.00      4.36    12     25.55      0.00      4.15
 1494520601.33     0     31.89      0.00      4.40    12     25.50      0.00      4.11
 1494520601.43     0     31.55      0.00      4.41    12     25.57      0.00      4.12
 1494520601.53     0     31.59      0.00      4.42    12     25.77      0.00      4.21
 1494520601.63     0     31.48      0.00      4.40    12     25.53      0.00      4.03
 1494520601.73     0     31.53      0.00      4.30    12     25.52      0.00      4.06
 1494520601.83     0     31.97      0.00      4.79    12     26.98      0.00      5.03
 1494520601.93     0     31.62      0.00      4.39    12     25.54      0.00      4.12
 1494520602.03     0     31.63      0.00      4.40    12     25.53      0.00      3.99
 1494520602.13     0     31.62      0.00      4.36    12     25.56      0.00      4.09
 1494520602.23     0     31.61      0.00      4.40    12     25.53      0.00      4.19
 1494520602.33     0     31.61      0.00      4.40    12     25.55      0.00      4.08
 1494520602.43     0     31.61      0.00      4.37    12     25.57      0.00      4.17
 1494520602.53     0     31.51      0.00      4.41    12     25.58      0.00      4.13
 1494520602.63     0     31.83      0.00      4.41    12     25.51      0.00      4.11
 1494520602.73     0     31.55      0.00      4.39    12     25.52      0.00      4.19
 1494520602.83     0     31.52      0.00      4.39    12     25.79      0.00      4.12
 1494520602.93     0     31.59      0.00      4.31    12     25.52      0.00      4.11
 1494520603.03     0     31.59      0.00      4.40    12     25.51      0.00      4.09
 1494520603.13     0     31.58      0.00      4.27    12     25.54      0.00      4.07
 1494520603.23     0     31.59      0.00      4.40    12     25.54      0.00      4.14
 1494520603.33     0     31.52      0.00      4.38    12     25.55      0.00      4.01
 1494520603.43     0     31.51      0.00      4.36    12     25.55      0.00      4.05
 1494520603.53     0     31.51      0.00      4.40    12     25.55      0.00      4.19
 1494520603.63     0     31.51      0.00      4.35    12     25.59      0.00      4.09
 1494520603.73     0     31.54      0.00      4.36    12     25.53      0.00      4.10
 1494520603.83     0     31.56      0.00      4.40    12     25.53      0.00      4.06
 1494520603.93     0     31.58      0.00      4.36    12     25.52      0.00      4.20
 1494520604.03     0     31.88      0.00      4.44    12     25.52      0.00      4.05
 1494520604.13     0     31.53      0.00      4.42    12     25.80      0.00      4.15
 1494520604.23     0     31.53      0.00      4.39    12     25.54      0.00      4.09
 1494520604.33     0     31.51      0.00      4.41    12     25.54      0.00      4.03
 1494520604.43     0     31.54      0.00      4.42    12     25.54      0.00      4.14
 1494520604.53     0     31.51      0.00      4.40    12     25.55      0.00      4.17
 1494520604.63     0     31.55      0.00      4.39    12     25.55      0.00      4.18
 1494520604.73     0     31.55      0.00      4.40    12     25.54      0.00      4.18
 1494520604.83     0     31.52      0.00      4.41    12     25.59      0.00      4.14
 1494520604.93     0     31.60      0.00      4.39    12     25.50      0.00      4.19
 1494520605.03     0     31.54      0.00      4.42    12     25.53      0.00      4.02
 1494520605.13     0     31.58      0.00      4.41    12     25.53      0.00      4.17
 1494520605.23     0     31.53      0.00      4.42    12     25.55      0.00      4.08
 1494520605.33     0     31.51      0.00      4.34    12     25.55      0.00      4.18
 1494520605.43     0     31.54      0.00      4.42    12     25.53      0.00      4.11
 1494520605.53     0     31.88      0.00      4.46    12     25.80      0.00      4.15
 1494520605.63     0     31.23      0.00      4.37    12     25.53      0.00      4.13
 1494520605.74     0     31.83      0.00      4.45    12     25.53      0.00      4.11
 1494520605.84     0     31.55      0.00      4.36    12     25.57      0.00      4.08
 1494520605.94     0     31.54      0.00      4.32    12     25.55      0.00      4.04
 1494520606.04     0     31.59      0.00      4.41    12     25.56      0.00      4.14
 1494520606.14     0     31.53      0.00      4.41    12     25.53      0.00      4.17
 1494520606.24     0     31.58      0.00      4.41    12     25.54      0.00      4.10
 1494520606.34     0     31.57      0.00      4.41    12     25.53      0.00      4.15
 1494520606.44     0     31.63      0.00      4.40    12     25.52      0.00      4.06
 1494520606.54     0     31.56      0.00      4.37    12     25.53      0.00      4.15
 1494520606.64     0     31.55      0.00      4.41    12     25.52      0.00      4.12
 1494520606.74     0     31.50      0.00      4.40    12     25.78      0.00      4.19
 1494520606.84     0     31.54      0.00      4.42    12     25.55      0.00      4.10
 1494520606.94     0     31.87      0.00      4.36    12     25.53      0.00      4.15
 1494520607.04     0     31.58      0.00      4.45    12     25.55      0.00      4.12
 1494520607.14     0     31.57      0.00      4.41    12     25.57      0.00      4.09
 1494520607.24     0     31.54      0.00      4.41    12     25.53      0.00      4.13
 1494520607.34     0     31.51      0.00      4.40    12     25.56      0.00      4.13
 1494520607.44     0     31.57      0.00      4.41    12     25.53      0.00      4.19
 1494520607.54     0     31.53      0.00      4.37    12     25.54      0.00      4.13
 1494520607.64     0     31.51      0.00      4.38    12     25.55      0.00      4.09
 1494520607.74     0     31.56      0.00      4.40    12     25.52      0.00      4.04
 1494520607.84     0     31.50      0.00      4.40    12     25.55      0.00      4.07
 1494520607.94     0     31.48      0.00      4.40    12     25.55      0.00      4.10
 1494520608.04     0     31.58      0.00      4.41    12     25.54      0.00      4.13
 1494520608.14     0     31.53      0.00      4.36    12     25.78      0.00      4.13
 1494520608.24     0     31.48      0.00      4.37    12     25.55      0.00      4.09
 1494520608.34     0     31.77      0.00      4.40    12     25.52      0.00      4.18
 1494520608.44     0     31.50      0.00      4.40    12     25.56      0.00      4.17
 1494520608.54     0     31.56      0.00      4.41    12     25.53      0.00      4.17
 1494520608.64     0     31.50      0.00      4.40    12     25.54      0.00      4.13
 1494520608.74     0     31.50      0.00      4.41    12     25.55      0.00      4.07
 1494520608.84     0     31.46      0.00      4.36    12     25.53      0.00      4.10
 1494520608.94     0     31.41      0.00      4.41    12     25.51      0.00      4.11
 1494520609.04     0     31.47      0.00      4.41    12     25.53      0.00      4.08
 1494520609.14     0     31.49      0.00      4.40    12     25.52      0.00      4.21
 1494520609.24     0     31.47      0.00      4.31    12     25.54      0.00      4.07
 1494520609.34     0     31.46      0.00      4.41    12     25.80      0.00      4.19
 1494520609.44     0     31.50      0.00      4.41    12     25.28      0.00      4.10
 1494520609.54     0     31.60      0.00      4.40    12     25.80      0.00      4.16
 1494520609.64     0     31.61      0.00      4.41    12     25.54      0.00      4.09
 1494520609.74     0     31.50      0.00      4.38    12     25.53      0.00      4.11
 1494520609.84     0     31.84      0.00      4.51    12     25.68      0.00      4.08
 1494520609.94     0     31.58      0.00      4.36    12     25.55      0.00      4.10
 1494520610.04     0     31.56      0.00      4.40    12     25.57      0.00      4.20
 1494520610.14     0     31.55      0.00      4.39    12     25.53      0.00      4.15
 1494520610.24     0     31.53      0.00      4.39    12     25.55      0.00      4.17
 1494520610.34     0     31.54      0.00      4.40    12     25.52      0.00      4.16
 1494520610.44     0     31.57      0.00      4.40    12     25.55      0.00      4.13
 1494520610.54     0     31.56      0.00      4.36    12     25.54      0.00      4.10
 1494520610.64     0     31.49      0.00      4.40    12     25.55      0.00      4.15
 1494520610.74     0     31.47      0.00      4.27    12     25.80      0.00      4.21
 1494520610.84     0     31.47      0.00      4.37    12     25.51      0.00      4.11
 1494520610.94     0     31.56      0.00      4.43    12     25.55      0.00      4.06
 1494520611.04     0     31.50      0.00      4.41    12     25.54      0.00      4.11
 1494520611.14     0     31.55      0.00      4.40    12     25.54      0.00      4.15
 1494520611.24     0     31.55      0.00      4.39    12     25.53      0.00      4.02
 1494520611.34     0     31.81      0.00      4.44    12     25.55      0.00      4.02
 1494520611.44     0     31.52      0.00      4.40    12     25.50      0.00      4.07
 1494520611.54     0     31.53      0.00      4.31    12     25.54      0.00      4.19
 1494520611.64     0     31.56      0.00      4.40    12     25.54      0.00      4.19
 1494520611.74     0     31.52      0.00      4.40    12     25.51      0.00      4.18
 1494520611.85     0     31.44      0.00      4.39    12     25.56      0.00      4.17
 1494520611.95     0     31.57      0.00      4.43    12     25.79      0.00      4.24
 1494520612.05     0     31.52      0.00      4.42    12     25.54      0.00      4.14
 1494520612.15     0     31.50      0.00      4.35    12     25.55      0.00      4.15
 1494520612.25     0     31.55      0.00      4.44    12     25.78      0.00      4.09
 1494520612.35     0     31.56      0.00      4.41    12     25.52      0.00      4.02
 1494520612.45     0     31.55      0.00      4.37    12     25.56      0.00      4.16
 1494520612.55     0     31.58      0.00      4.37    12     25.53      0.00      4.12
 1494520612.65     0     31.89      0.00      4.45    12     25.55      0.00      4.13
 1494520612.75     0     31.49      0.00      4.41    12     25.53      0.00      4.11
 1494520612.85     0     31.52      0.00      4.40    12     25.54      0.00      4.18
 1494520612.95     0     31.49      0.00      4.41    12     25.58      0.00      4.17
 1494520613.05     0     31.58      0.00      4.32    12     25.52      0.00      4.17
 1494520613.15     0     31.49      0.00      4.37    12     25.53      0.00      4.16
 1494520613.25     0     31.49      0.00      4.40    12     25.52      0.00      4.04
 1494520613.35     0     31.53      0.00      4.36    12     25.80      0.00      4.18
 1494520613.45     0     31.52      0.00      4.40    12     25.55      0.00      4.12
 1494520613.55     0     31.49      0.00      4.40    12     25.57      0.00      4.05
 1494520613.65     0     31.57      0.00      4.32    12     25.55      0.00      4.17
 1494520613.75     0     31.53      0.00      4.37    12     25.55      0.00      4.17
 1494520613.85     0     31.54      0.00      4.37    12     25.54      0.00      4.13
 1494520613.95     0     31.54      0.00      4.40    12     25.54      0.00      4.16
 1494520614.05     0     31.57      0.00      4.40    12     25.57      0.00      4.18
 1494520614.15     0     31.80      0.00      4.46    12     25.52      0.00      4.17
 1494520614.25     0     31.58      0.00      4.42    12     25.57      0.00      3.97
 1494520614.35     0     31.51      0.00      4.36    12     25.57      0.00      4.05
 1494520614.45     0     31.51      0.00      4.40    12     25.57      0.00      4.11
 1494520614.55     0     31.49      0.00      4.38    12     25.55      0.00      4.20
 1494520614.65     0     31.52      0.00      4.40    12     25.81      0.00      4.20
 1494520614.75     0     31.59      0.00      4.40    12     25.52      0.00      4.18
 1494520614.85     0     31.55      0.00      4.36    12     25.54      0.00      4.15
 1494520614.95     0     31.55      0.00      4.41    12     25.56      0.00      4.18
 1494520615.05     0     31.59      0.00      4.40    12     25.52      0.00      4.14
 1494520615.15     0     31.59      0.00      4.42    12     25.58      0.00      4.04
 1494520615.25     0     31.56      0.00      4.37    12     25.53      0.00      4.08
 1494520615.35     0     31.49      0.00      4.41    12     25.52      0.00      4.11
 1494520615.45     0     31.59      0.00      4.41    12     25.54      0.00      4.08
 1494520615.55     0     31.85      0.00      4.28    12     25.55      0.00      4.09
 1494520615.65     0     31.58      0.00      4.44    12     25.55      0.00      4.08
 1494520615.75     0     31.60      0.00      4.23    12     25.55      0.00      4.16
 1494520615.85     0     31.63      0.00      4.33    12     25.79      0.00      4.16
 1494520615.95     0     31.63      0.00      4.37    12     25.54      0.00      4.16
 1494520616.05     0     31.60      0.00      4.39    12     25.49      0.00      4.13
 1494520616.15     0     31.65      0.00      4.39    12     25.53      0.00      4.10
 1494520616.25     0     31.51      0.00      4.40    12     25.52      0.00      4.17
 1494520616.35     0     31.59      0.00      4.33    12     25.55      0.00      4.15
 1494520616.45     0     31.64      0.00      4.38    12     25.49      0.00      4.15
 1494520616.55     0     31.56      0.00      4.37    12     25.56      0.00      4.11
 1494520616.65     0     31.57      0.00      4.41    12     25.54      0.00      4.13
 1494520616.75     0     31.60      0.00      4.37    12     25.52      0.00      4.06
 1494520616.85     0     31.62      0.00      4.40    12     25.51      0.00      4.15
 1494520616.95     0     31.82      0.00      4.40    12     25.54      0.00      4.17
 1494520617.05     0     31.56      0.00      4.39    12     25.53      0.00      4.16
 1494520617.15     0     31.53      0.00      4.41    12     25.52      0.00      4.11
 1494520617.25     0     31.50      0.00      4.43    12     25.80      0.00      4.23
 1494520617.35     0     31.50      0.00      4.36    12     25.56      0.00      4.11
 1494520617.45     0     31.59      0.00      4.41    12     25.57      0.00      4.12
 1494520617.55     0     31.50      0.00      4.41    12     25.54      0.00      4.17
 1494520617.65     0     31.46      0.00      4.31    12     25.53      0.00      4.06
 1494520617.75     0     31.49      0.00      4.36    12     25.57      0.00      4.13
 1494520617.85     0     31.47      0.00      4.35    12     25.53      0.00      4.06
 1494520617.95     0     31.58      0.00      4.36    12     25.52      0.00      4.07
 1494520618.06     0     31.49      0.00      4.36    12     25.52      0.00      4.13
 1494520618.16     0     31.51      0.00      4.40    12     25.54      0.00      4.18
 1494520618.26     0     31.51      0.00      4.39    12     25.56      0.00      4.13
 1494520618.36     0     31.84      0.00      4.44    12     25.56      0.00      4.08
 1494520618.46     0     31.50      0.00      4.41    12     25.55      0.00      4.11
 1494520618.56     0     31.63      0.00      4.42    12     25.57      0.00      4.17
 1494520618.66     0     31.46      0.00      4.41    12     25.80      0.00      4.23
 1494520618.76     0     31.49      0.00      4.40    12     25.51      0.00      4.17
 1494520618.86     0     31.51      0.00      4.35    12     25.55      0.00      4.18
 1494520618.96     0     31.55      0.00      4.37    12     25.55      0.00      4.15
 1494520619.06     0     32.65      0.00      6.11    12     25.57      0.00      4.51
 1494520619.16     0     32.34      0.00      6.73    12     25.56      0.00      4.11
 1494520619.26     0     32.36      0.00      6.69    12     25.54      0.00      4.13
 1494520619.36     0     32.36      0.00      6.75    12     25.55      0.00      4.19
 1494520619.46     0     32.32      0.00      6.73    12     25.56      0.00      4.27
 1494520619.56     0     32.35      0.00      6.61    12     25.56      0.00      4.10
 1494520619.66     0     34.20      0.00      7.10    12     27.26      0.00      4.71
 1494520619.76     0     47.42      0.00     11.27    12     40.88      0.00      6.26
 1494520619.86     0     32.50      0.00      6.86    12     25.77      0.00      4.22
 1494520619.96     0     32.60      0.00      7.18    12     25.57      0.00      4.16
 1494520620.06     0     32.63      0.00      7.26    12     25.59      0.00      4.19
 1494520620.16     0     32.62      0.00      7.28    12     25.55      0.00      4.11
 1494520620.26     0     32.62      0.00      7.30    12     25.56      0.00      4.09
 1494520620.36     0     32.07      0.00      6.49    12     25.54      0.00      4.08
 1494520620.46     0     32.01      0.00      6.34    12     25.58      0.00      4.15
 1494520620.56     0     32.22      0.00      6.40    12     25.56      0.00      4.02
 1494520620.66     0     32.19      0.00      6.32    12     25.55      0.00      4.22
 1494520620.76     0     32.25      0.00      6.44    12     25.57      0.00      4.12
 1494520620.86     0     32.42      0.00      6.51    12     25.58      0.00      4.07
 1494520620.96     0     32.44      0.00      6.42    12     25.55      0.00      4.17
 1494520621.06     0     32.73      0.00      6.50    12     25.79      0.00      4.29
 1494520621.16     0     32.41      0.00      6.44    12     25.54      0.00      4.13
 1494520621.26     0     32.39      0.00      6.50    12     25.53      0.00      4.12
 1494520621.36     0     32.37      0.00      6.50    12     25.56      0.00      4.11
 1494520621.46     0     32.36      0.00      6.54    12     25.56      0.00      4.06
 1494520621.56     0     32.30      0.00      6.66    12     25.58      0.00      4.10
 1494520621.66     0     32.65      0.00      6.35    12     25.55      0.00      4.23
 1494520621.76     0     32.23      0.00      5.89    12     25.56      0.00      4.18
 1494520621.86     0     32.00      0.00      5.84    12     25.53      0.00      4.19
 1494520621.96     0     31.97      0.00      5.81    12     25.55      0.00      4.11
 1494520622.06     0     31.90      0.00      5.72    12     25.54      0.00      4.13
 1494520622.16     0     31.82      0.00      5.56    12     25.51      0.00      4.21
 1494520622.26     0     31.83      0.00      5.61    12     25.55      0.00      4.22
 1494520622.36     0     31.69      0.00      5.74    12     25.79      0.00      4.13
 1494520622.46     0     31.85      0.00      5.89    12     25.54      0.00      4.17
 1494520622.56     0     31.47      0.00      5.90    12     25.52      0.00      4.21
 1494520622.66     0     31.50      0.00      5.92    12     25.58      0.00      4.03
 1494520622.76     0     31.41      0.00      6.03    12     25.52      0.00      4.11
 1494520622.86     0     31.42      0.00      6.14    12     25.53      0.00      4.16
 1494520622.96     0     31.40      0.00      6.21    12     25.53      0.00      4.09
 1494520623.06     0     31.36      0.00      6.24    12     25.52      0.00      4.16
 1494520623.16     0     31.36      0.00      6.26    12     25.58      0.00      3.98
 1494520623.26     0     31.34      0.00      6.28    12     25.50      0.00      4.17
 1494520623.36     0     31.32      0.00      6.27    12     25.53      0.00      4.13
 1494520623.46     0     31.29      0.00      6.32    12     25.53      0.00      4.17
 1494520623.56     0     31.33      0.00      6.38    12     25.53      0.00      4.13
 1494520623.66     0     31.32      0.00      6.32    12     25.80      0.00      4.09
 1494520623.76     0     31.34      0.00      6.38    12     25.56      0.00      3.92
 1494520623.86     0     31.29      0.00      6.32    12     25.51      0.00      4.04
 1494520623.96     0     31.58      0.00      6.47    12     25.54      0.00      4.09
 1494520624.06     0     31.29      0.00      6.40    12     25.51      0.00      4.18
 1494520624.17     0     31.31      0.00      6.43    12     25.53      0.00      4.21
 1494520624.27     0     31.33      0.00      6.40    12     25.58      0.00      4.15
 1494520624.37     0     31.28      0.00      6.42    12     25.53      0.00      4.01
 1494520624.47     0     31.30      0.00      6.36    12     25.49      0.00      4.19
 1494520624.57     0     31.31      0.00      6.42    12     25.53      0.00      4.12
 1494520624.67     0     31.28      0.00      6.35    12     25.55      0.00      4.15
 1494520624.77     0     31.28      0.00      6.35    12     25.58      0.00      4.03
 1494520624.87     0     31.36      0.00      6.41    12     25.53      0.00      4.21
 1494520624.97     0     31.32      0.00      6.40    12     25.77      0.00      4.07
 1494520625.07     0     31.27      0.00      6.37    12     25.53      0.00      4.20
 1494520625.17     0     31.29      0.00      6.35    12     25.54      0.00      4.22
 1494520625.27     0     31.28      0.00      6.34    12     25.54      0.00      4.18
 1494520625.37     0     31.58      0.00      6.45    12     25.50      0.00      4.17
 1494520625.47     0     31.30      0.00      6.42    12     25.54      0.00      4.13
 1494520625.57     0     31.32      0.00      6.40    12     25.55      0.00      4.17
 1494520625.67     0     31.27      0.00      6.35    12     25.52      0.00      4.19
 1494520625.77     0     31.29      0.00      6.41    12     25.54      0.00      4.10
 1494520625.87     0     31.31      0.00      6.41    12     25.48      0.00      4.03
 1494520625.97     0     31.38      0.00      6.40    12     25.50      0.00      4.06
 1494520626.07     0     31.26      0.00      6.39    12     25.48      0.00      4.07
 1494520626.17     0     31.34      0.00      6.38    12     25.50      0.00      4.20
 1494520626.27     0     31.29      0.00      6.35    12     25.79      0.00      4.19
 1494520626.37     0     31.32      0.00      6.30    12     25.54      0.00      4.19
 1494520626.47     0     31.31      0.00      6.36    12     25.51      0.00      4.13
 1494520626.57     0     31.30      0.00      6.34    12     25.52      0.00      4.05
 1494520626.67     0     31.29      0.00      6.28    12     25.57      0.00      4.08
 1494520626.77     0     31.65      0.00      6.29    12     25.49      0.00      4.19
 1494520626.87     0     31.36      0.00      6.32    12     25.52      0.00      4.11
 1494520626.97     0     31.36      0.00      6.13    12     25.49      0.00      4.06
 1494520627.07     0     31.42      0.00      6.09    12     25.49      0.00      4.14
 1494520627.17     0     31.43      0.00      5.99    12     25.46      0.00      4.13
 1494520627.27     0     31.53      0.00      5.89    12     25.49      0.00      4.14
 1494520627.37     0     31.69      0.00      5.82    12     25.50      0.00      4.03
 1494520627.47     0     31.74      0.00      5.77    12     25.51      0.00      4.10
 1494520627.57     0     31.92      0.00      5.68    12     25.51      0.00      4.09
 1494520627.67     0     31.97      0.00      5.62    12     25.74      0.00      4.27
 1494520627.77     0     31.98      0.00      5.58    12     25.53      0.00      4.11
 1494520627.87     0     32.16      0.00      6.04    12     25.55      0.00      4.09
 1494520627.97     0     32.31      0.00      6.14    12     25.52      0.00      4.02
 1494520628.07     0     32.31      0.00      6.23    12     25.50      0.00      4.13
 1494520628.17     0     32.35      0.00      6.04    12     25.53      0.00      4.13
 1494520628.27     0     32.64      0.00      6.22    12     25.55      0.00      4.17
 1494520628.37     0     32.95      0.00      5.45    12     25.51      0.00      4.09
 1494520628.47     0     33.63      0.00      5.89    12     25.49      0.00      4.03
 1494520628.57     0     33.01      0.00      6.11    12     25.48      0.00      4.21
 1494520628.67     0     32.54      0.00      6.95    12     25.54      0.00      4.15
 1494520628.77     0     33.18      0.00      5.94    12     25.50      0.00      4.25
 1494520628.87     0     33.38      0.00      6.99    12     25.56      0.00      4.13
 1494520628.97     0     32.66      0.00      6.95    12     25.51      0.00      4.07
 1494520629.07     0     32.71      0.00      6.94    12     25.76      0.00      4.24
 1494520629.17     0     34.15      0.00      7.50    12     25.55      0.00      4.21
 1494520629.27     0     33.66      0.00      6.17    12     25.50      0.00      4.07
 1494520629.37     0     33.72      0.00      5.15    12     25.50      0.00      4.13
 1494520629.47     0     32.61      0.00      6.61    12     25.53      0.00      4.19
 1494520629.57     0     33.54      0.00      5.88    12     25.50      0.00      4.27
 1494520629.67     0     33.55      0.00      4.49    12     25.51      0.00      4.13
 1494520629.77     0     39.47      0.00      6.59    12     33.47      0.00      7.36
 1494520629.87     0     48.60      0.00      9.10    12     47.78      0.00      8.03
 1494520629.97     0     54.68      0.00      7.09    12     53.98      0.00      5.85
 1494520630.07     0     56.86      0.00      7.09    12     54.93      0.00      5.88
 1494520630.17     0     56.81      0.00      7.18    12     54.83      0.00      5.93
 1494520630.27     0     56.79      0.00      6.82    12     54.91      0.00      5.90
 1494520630.37     0     56.85      0.00      6.87    12     54.87      0.00      5.98
 1494520630.48     0     56.82      0.00      6.90    12     54.94      0.00      5.98
 1494520630.58     0     56.85      0.00      7.08    12     54.88      0.00      5.99
 1494520630.68     0     56.87      0.00      7.05    12     54.89      0.00      5.98
 1494520630.78     0     56.81      0.00      6.91    12     43.13      0.00      5.97
 1494520630.88     0     61.81      0.00      7.49    12     30.54      0.00      5.43
 1494520630.98     0     69.48      0.00     12.42    12     52.70      0.00     10.49
 1494520631.08     0     79.32      0.00     13.97    12     73.53      0.00     11.59
 1494520631.18     0     52.93      0.00      9.65    12     47.46      0.00      8.05
 1494520631.28     0     33.88      0.00      7.02    12     25.57      0.00      4.15
 1494520631.38     0     32.97      0.00      7.26    12     25.58      0.00      4.21
 1494520631.48     0     33.04      0.00      7.50    12     25.58      0.00      4.40
 1494520631.58     0     32.51      0.00      5.13    12     26.20      0.00      7.98
 1494520631.68     0     32.45      0.00      4.46    12     26.28      0.00      8.19
 1494520631.78     0     32.44      0.00      4.47    12     26.26      0.00      8.05
 1494520631.88     0     32.69      0.00      5.24    12     26.06      0.00      7.40
 1494520631.98     0     32.35      0.00      5.97    12     25.66      0.00      5.40
 1494520632.08     0     32.49      0.00      6.17    12     25.54      0.00      4.38
 1494520632.18     0     32.09      0.00      6.26    12     25.81      0.00      4.22
 1494520632.28     0     32.08      0.00      6.03    12     25.37      0.00      4.64
 1494520632.38     0     31.68      0.00      5.39    12     25.95      0.00      6.63
 1494520632.48     0     31.79      0.00      5.40    12     25.77      0.00      6.43
 1494520632.58     0     32.43      0.00      6.14    12     25.55      0.00      4.05
 1494520632.68     0     32.49      0.00      6.32    12     25.53      0.00      4.13
 1494520632.78     0     32.51      0.00      6.40    12     25.53      0.00      4.16
 1494520632.88     0     32.51      0.00      6.23    12     25.54      0.00      4.09
 1494520632.98     0     32.52      0.00      6.38    12     25.53      0.00      4.16
 1494520633.08     0     32.42      0.00      5.98    12     25.64      0.00      5.65
 1494520633.18     0     32.41      0.00      6.02    12     25.68      0.00      6.02
 1494520633.28     0     32.42      0.00      5.96    12     25.64      0.00      6.12
 1494520633.38     0     32.46      0.00      5.87    12     25.68      0.00      5.92
 1494520633.48     0     32.64      0.00      6.09    12     25.61      0.00      5.39
 1494520633.58     0     32.30      0.00      6.33    12     25.56      0.00      4.74
 1494520633.68     0     32.20      0.00      5.87    12     25.56      0.00      4.64
 1494520633.78     0     31.52      0.00      5.57    12     25.88      0.00      5.20
 1494520633.88     0     31.39      0.00      5.40    12     25.56      0.00      5.26
 1494520633.98     0     31.33      0.00      5.42    12     25.60      0.00      5.43
 1494520634.08     0     31.30      0.00      5.45    12     25.55      0.00      5.23
 1494520634.18     0     31.29      0.00      5.41    12     25.57      0.00      5.60
 1494520634.28     0     31.28      0.00      5.46    12     25.57      0.00      5.37
 1494520634.38     0     31.33      0.00      5.47    12     25.57      0.00      5.27
 1494520634.48     0     31.23      0.00      5.46    12     25.56      0.00      5.66
 1494520634.58     0     31.29      0.00      5.53    12     25.60      0.00      5.23
 1494520634.68     0     31.24      0.00      5.50    12     25.56      0.00      5.45
 1494520634.78     0     31.24      0.00      5.44    12     25.60      0.00      5.27
 1494520634.88     0     31.29      0.00      5.49    12     25.57      0.00      5.39
 1494520634.98     0     31.26      0.00      5.53    12     25.57      0.00      5.44
 1494520635.08     0     31.27      0.00      5.53    12     25.58      0.00      5.19
 1494520635.18     0     31.23      0.00      5.37    12     25.59      0.00      5.63
 1494520635.28     0     31.52      0.00      5.57    12     25.56      0.00      5.35
 1494520635.38     0     31.27      0.00      5.52    12     25.85      0.00      5.25
 1494520635.48     0     31.26      0.00      5.45    12     25.59      0.00      5.67
 1494520635.58     0     31.25      0.00      5.51    12     25.61      0.00      5.42
 1494520635.68     0     31.21      0.00      5.55    12     25.57      0.00      5.39
 1494520635.78     0     31.25      0.00      5.54    12     25.56      0.00      5.33
 1494520635.88     0     31.22      0.00      5.52    12     25.59      0.00      5.73
 1494520635.98     0     31.21      0.00      5.48    12     25.58      0.00      5.10
 1494520636.08     0     31.29      0.00      5.49    12     25.57      0.00      5.19
 1494520636.18     0     31.20      0.00      5.51    12     25.62      0.00      5.58
 1494520636.28     0     31.23      0.00      5.53    12     25.57      0.00      5.29
 1494520636.38     0     31.29      0.00      5.57    12     25.52      0.00      5.21
 1494520636.48     0     31.22      0.00      5.57    12     25.56      0.00      5.10
 1494520636.58     0     31.27      0.00      5.49    12     25.59      0.00      5.77
 1494520636.68     0     31.22      0.00      5.53    12     25.58      0.00      5.14
 1494520636.78     0     31.25      0.00      5.56    12     25.57      0.00      5.11
 1494520636.88     0     31.30      0.00      5.56    12     25.60      0.00      5.21
 1494520636.98     0     31.52      0.00      5.35    12     25.85      0.00      5.72
 1494520637.09     0     31.22      0.00      5.53    12     25.56      0.00      5.26
 1494520637.19     0     31.25      0.00      5.57    12     25.56      0.00      5.13
 1494520637.29     0     31.23      0.00      5.48    12     25.59      0.00      5.27
 1494520637.39     0     31.22      0.00      5.44    12     25.57      0.00      5.53
 1494520637.49     0     31.25      0.00      5.58    12     25.54      0.00      5.14
 1494520637.59     0     31.28      0.00      5.55    12     25.55      0.00      4.89
 1494520637.69     0     31.23      0.00      5.53    12     25.56      0.00      5.21
 1494520637.79     0     31.29      0.00      5.44    12     25.60      0.00      5.26
 1494520637.89     0     31.21      0.00      5.50    12     25.63      0.00      5.38
 1494520637.99     0     31.25      0.00      5.58    12     25.53      0.00      5.09
 1494520638.09     0     31.23      0.00      5.44    12     25.51      0.00      5.08
 1494520638.19     0     31.39      0.00      5.65    12     25.58      0.00      5.17
 1494520638.29     0     31.26      0.00      5.57    12     25.54      0.00      5.13
 1494520638.39     0     31.22      0.00      5.52    12     25.56      0.00      5.27
 1494520638.49     0     31.28      0.00      5.50    12     25.83      0.00      5.26
 1494520638.59     0     31.57      0.00      5.57    12     25.53      0.00      5.01
 1494520638.69     0     31.01      0.00      5.49    12     25.53      0.00      4.97
 1494520638.79     0     31.59      0.00      5.58    12     25.55      0.00      5.08
 1494520638.89     0     31.32      0.00      5.54    12     25.53      0.00      5.08
 1494520638.99     0     31.27      0.00      5.50    12     25.55      0.00      5.13
 1494520639.09     0     31.31      0.00      5.46    12     25.53      0.00      4.90
 1494520639.19     0     31.30      0.00      5.50    12     25.57      0.00      5.22
 1494520639.29     0     31.29      0.00      5.42    12     25.48      0.00      5.14
 1494520639.39     0     31.27      0.00      5.41    12     25.53      0.00      5.11
 1494520639.49     0     31.30      0.00      5.49    12     25.51      0.00      5.26
 1494520639.59     0     31.27      0.00      5.46    12     25.52      0.00      5.12
 1494520639.69     0     31.33      0.00      5.39    12     25.50      0.00      5.03
 1494520639.79     0     31.33      0.00      5.44    12     25.52      0.00      4.97
 1494520639.89     0     31.30      0.00      5.47    12     25.79      0.00      4.96
 1494520639.99     0     31.32      0.00      5.39    12     25.53      0.00      4.95
 1494520640.09     0     31.35      0.00      5.38    12     25.55      0.00      4.78
 1494520640.19     0     31.63      0.00      5.50    12     25.53      0.00      4.83
 1494520640.29     0     31.33      0.00      5.45    12     25.54      0.00      4.93
 1494520640.39     0     31.37      0.00      5.43    12     25.52      0.00      4.82
 1494520640.49     0     31.40      0.00      5.43    12     25.52      0.00      4.69
 1494520640.59     0     31.37      0.00      5.32    12     25.53      0.00      4.64
 1494520640.69     0     31.38      0.00      5.41    12     25.52      0.00      4.55
 1494520640.79     0     31.42      0.00      5.28    12     25.50      0.00      4.52
 1494520640.89     0     31.36      0.00      5.38    12     25.51      0.00      4.65
 1494520640.99     0     31.35      0.00      5.39    12     25.49      0.00      4.69
 1494520641.09     0     31.37      0.00      5.39    12     25.53      0.00      4.54
 1494520641.19     0     31.45      0.00      5.32    12     25.76      0.00      4.66
 1494520641.29     0     31.63      0.00      5.43    12     25.83      0.00      4.77
 1494520641.39     0     31.36      0.00      5.39    12     25.56      0.00      4.80
 1494520641.49     0     31.45      0.00      5.35    12     25.49      0.00      4.52
 1494520641.59     0     31.44      0.00      5.33    12     25.53      0.00      4.32
 1494520641.69     0     31.44      0.00      5.39    12     25.52      0.00      4.28
 1494520641.79     0     31.77      0.00      5.43    12     25.52      0.00      4.09
 1494520641.89     0     32.11      0.00      6.65    12     25.56      0.00      4.99
 1494520641.99     0     32.68      0.00      6.12    12     25.54      0.00      4.61
 1494520642.09     0     32.39      0.00      6.09    12     25.49      0.00      4.12
 1494520642.19     0     32.28      0.00      5.81    12     25.56      0.00      5.09
 1494520642.29     0     32.18      0.00      5.36    12     25.67      0.00      6.34
 1494520642.39     0     32.22      0.00      5.44    12     25.69      0.00      6.41
 1494520642.49     0     32.06      0.00      4.84    12     25.82      0.00      5.16
 1494520642.59     0     31.74      0.00      4.40    12     25.28      0.00      4.15
 1494520642.69     0     31.92      0.00      4.54    12     25.71      0.00      4.22
 1494520642.79     0     32.81      0.00      5.93    12     25.52      0.00      4.91
 1494520642.89     0     33.02      0.00      6.95    12     25.53      0.00      4.98
 1494520642.99     0     33.92      0.00      6.56    12     25.50      0.00      4.57
 1494520643.09     0     33.62      0.00      6.36    12     25.49      0.00      4.07
 1494520643.19     0     33.50      0.00      6.03    12     25.66      0.00      5.69
 1494520643.29     0     32.64      0.00      5.64    12     25.74      0.00      6.52
 1494520643.40     0     32.71      0.00      5.52    12     25.71      0.00      6.30
 1494520643.50     0     32.49      0.00      7.12    12     25.57      0.00      5.08
 1494520643.60     0     33.75      0.00      5.45    12     25.60      0.00      5.00
 1494520643.70     0     33.92      0.00      5.03    12     25.51      0.00      4.15
 1494520643.80     0     33.96      0.00      5.45    12     25.49      0.00      4.60
 1494520643.90     0     34.30      0.00      7.00    12     26.46      0.00      4.60
 1494520644.00     0     33.19      0.00      6.75    12     25.81      0.00      4.28
 1494520644.10     0     32.88      0.00      6.51    12     25.55      0.00      4.25
 1494520644.20     0     32.73      0.00      6.57    12     25.54      0.00      4.20
 1494520644.30     0     32.86      0.00      6.52    12     25.50      0.00      4.16
 1494520644.40     0     33.30      0.00      6.49    12     25.52      0.00      4.11
 1494520644.50     0     33.20      0.00      6.48    12     25.50      0.00      4.14
 1494520644.60     0     33.04      0.00      6.57    12     25.50      0.00      4.12
 1494520644.70     0     33.13      0.00      7.37    12     25.53      0.00      4.20
 1494520644.80     0     34.05      0.00      7.61    12     25.58      0.00      4.22
 1494520644.90     0     33.80      0.00      7.07    12     25.51      0.00      4.15
 1494520645.00     0     33.23      0.00      7.19    12     25.54      0.00      4.08
 1494520645.10     0     33.06      0.00      6.81    12     25.53      0.00      4.19
 1494520645.20     0     32.78      0.00      7.00    12     26.06      0.00      4.30
 1494520645.30     0     33.60      0.00      5.57    12     28.27      0.00      5.19
 1494520645.40     0     33.56      0.00      5.87    12     28.25      0.00      4.93
 1494520645.50     0     33.43      0.00      5.72    12     28.28      0.00      4.91
 1494520645.60     0     33.03      0.00      5.87    12     28.26      0.00      4.86
 1494520645.70     0     32.24      0.00      5.81    12     28.23      0.00      4.92
 1494520645.80     0     31.92      0.00      5.87    12     29.70      0.00      4.91
 1494520645.90     0     31.45      0.00      5.76    12     31.13      0.00      4.92
 1494520646.00     0     31.45      0.00      5.86    12     30.02      0.00      4.92
 1494520646.10     0     31.36      0.00      5.82    12     31.06      0.00      4.87
 1494520646.20     0     31.40      0.00      5.75    12     30.05      0.00      4.92
 1494520646.30     0     31.78      0.00      5.94    12     30.03      0.00      4.92
 1494520646.40     0     31.43      0.00      5.89    12     30.07      0.00      4.92
 1494520646.50     0     31.49      0.00      5.88    12     31.08      0.00      4.88
 1494520646.60     0     31.44      0.00      5.92    12     28.23      0.00      4.95
 1494520646.70     0     31.46      0.00      5.86    12     27.97      0.00      4.88
 1494520646.80     0     31.45      0.00      5.85    12     28.25      0.00      4.95
 1494520646.90     0     31.45      0.00      5.87    12     28.26      0.00      4.86
 1494520647.00     0     31.46      0.00      5.86    12     28.02      0.00      4.91
 1494520647.10     0     31.41      0.00      5.86    12     27.93      0.00      4.92
 1494520647.20     0     31.35      0.00      5.86    12     27.97      0.00      4.88
 1494520647.30     0     31.44      0.00      5.82    12     27.97      0.00      4.82
 1494520647.40     0     31.43      0.00      5.87    12     26.95      0.00      4.87
 1494520647.50     0     31.40      0.00      5.85    12     26.87      0.00      4.92
 1494520647.60     0     31.43      0.00      5.87    12     26.84      0.00      4.91
 1494520647.70     0     31.46      0.00      5.81    12     26.95      0.00      4.84
 1494520647.80     0     31.39      0.00      5.86    12     26.87      0.00      4.84
 1494520647.90     0     32.20      0.00      5.20    12     27.42      0.00      4.95
 1494520648.00     0     32.69      0.00      4.61    12     27.12      0.00      4.97
 1494520648.10     0     32.69      0.00      6.52    12     27.96      0.00      5.09
 1494520648.20     0     33.61      0.00      6.85    12     27.52      0.00      4.93
 1494520648.30     0     37.88      0.00      7.74    12     32.00      0.00      7.24
 1494520648.40     0     54.47      0.00     11.93    12     49.72      0.00     11.60
 1494520648.50     0     50.36      0.00     11.75    12     51.27      0.00      9.25
 1494520648.60     0     32.21      0.00      4.33    12     25.56      0.00      4.14
 1494520648.70     0     68.24      0.00     12.96    12     65.37      0.00     11.99
 1494520648.80     0     69.17      0.00     12.88    12     62.04      0.00      9.62
 1494520648.90     0     42.88      0.00      8.87    12     46.61      0.00      7.25
 1494520649.00     0     60.54      0.00     10.98    12     57.00      0.00     11.15
 1494520649.10     0     32.51      0.00      5.65    12     25.63      0.00      4.52
 1494520649.20     0     32.04      0.00      5.82    12     25.64      0.00      5.55
 1494520649.30     0     32.48      0.00      6.60    12     25.55      0.00      4.14
 1494520649.40     0     32.46      0.00      6.59    12     25.56      0.00      4.08
 1494520649.50     0     32.73      0.00      6.33    12     25.68      0.00      6.00
 1494520649.60     0     32.39      0.00      6.10    12     25.68      0.00      6.15
 1494520649.70     0     32.40      0.00      6.30    12     25.65      0.00      5.68
 1494520649.81     0     33.60      0.00      5.91    12     25.60      0.00      4.33
 1494520649.91     0     34.39      0.00      4.72    12     25.52      0.00      4.12
 1494520650.01     0     48.26      0.00      8.09    12     43.68      0.00      8.40
 1494520650.11     0     68.92      0.00     13.73    12     64.91      0.00     13.82
 1494520650.21     0     34.69      0.00      5.22    12     26.96      0.00      4.58
 1494520650.31     0     40.75      0.00      6.75    12     35.02      0.00      6.51
 1494520650.41     0     68.81      0.00      9.33    12     65.84      0.00      9.43
 1494520650.51     0     66.73      0.00      5.99    12     63.56      0.00      5.73
 1494520650.61     0     66.67      0.00      5.95    12     63.53      0.00      5.65
 1494520650.71     0     66.77      0.00      5.91    12     63.49      0.00      5.66
 1494520650.81     0     66.73      0.00      5.84    12     63.57      0.00      5.59
 1494520650.91     0     66.78      0.00      5.87    12     63.50      0.00      5.59
 1494520651.01     0     66.81      0.00      5.80    12     63.58      0.00      5.64
 1494520651.11     0     66.84      0.00      5.83    12     63.57      0.00      5.67
 1494520651.21     0     66.93      0.00      5.91    12     63.51      0.00      5.55
 1494520651.31     0     66.92      0.00      5.68    12     63.56      0.00      5.63
 1494520651.41     0     66.69      0.00      5.77    12     63.58      0.00      5.72
 1494520651.51     0     66.86      0.00      5.78    12     63.57      0.00      5.64
 1494520651.61     0     66.82      0.00      5.76    12     63.51      0.00      5.57
 1494520651.71     0     66.84      0.00      5.79    12     63.54      0.00      5.47
 1494520651.81     0     66.88      0.00      5.76    12     63.56      0.00      5.55
 1494520651.91     0     66.85      0.00      5.74    12     63.55      0.00      5.66
 1494520652.01     0     66.97      0.00      5.67    12     63.55      0.00      5.59
 1494520652.11     0     66.87      0.00      5.78    12     63.58      0.00      5.55
 1494520652.21     0     66.87      0.00      5.74    12     63.57      0.00      5.59
 1494520652.31     0     67.01      0.00      5.77    12     63.53      0.00      5.60
 1494520652.41     0     66.77      0.00      5.73    12     63.60      0.00      5.70
 1494520652.51     0     66.90      0.00      5.76    12     63.50      0.00      5.64
 1494520652.61     0     66.87      0.00      5.81    12     63.59      0.00      5.56
 1494520652.71     0     66.85      0.00      5.80    12     63.51      0.00      5.68
 1494520652.81     0     66.91      0.00      5.88    12     63.60      0.00      5.78
 1494520652.91     0     66.88      0.00      5.88    12     63.58      0.00      5.81
 1494520653.01     0     66.93      0.00      5.77    12     63.45      0.00      5.72
 1494520653.11     0     67.01      0.00      5.89    12     63.55      0.00      5.87
 1494520653.21     0     66.94      0.00      5.92    12     63.58      0.00      5.91
 1494520653.31     0     67.00      0.00      5.94    12     63.65      0.00      5.80
 1494520653.41     0     66.87      0.00      5.84    12     63.72      0.00      5.79
 1494520653.51     0     67.04      0.00      5.84    12     63.46      0.00      5.82
 1494520653.61     0     66.92      0.00      5.92    12     63.46      0.00      5.87
 1494520653.71     0     67.07      0.00      5.97    12     63.68      0.00      5.93
 1494520653.81     0     67.01      0.00      6.01    12     63.70      0.00      5.90
 1494520653.91     0     66.96      0.00      5.94    12     63.49      0.00      5.92
 1494520654.01     0     67.11      0.00      5.91    12     63.51      0.00      5.95
 1494520654.11     0     67.04      0.00      5.95    12     63.59      0.00      5.98
 1494520654.21     0     67.06      0.00      5.92    12     63.56      0.00      5.94
 1494520654.31     0     67.06      0.00      5.93    12     63.67      0.00      5.93
 1494520654.41     0     52.66      0.00      5.55    12     62.33      0.00      5.67
 1494520654.51     0     64.57      0.00     11.78    12     65.99      0.00     12.01
 1494520654.61     0     67.43      0.00      6.47    12     63.78      0.00      6.06
 1494520654.71     0     67.48      0.00      6.36    12     64.08      0.00      5.95
 1494520654.81     0     67.47      0.00      6.50    12     63.85      0.00      6.05
 1494520654.91     0     67.51      0.00      6.45    12     64.04      0.00      5.97
 1494520655.01     0     67.44      0.00      6.35    12     63.93      0.00      5.80
 1494520655.11     0     67.49      0.00      6.28    12     63.88      0.00      5.83
 1494520655.21     0     67.45      0.00      6.47    12     63.85      0.00      6.05
 1494520655.31     0     67.44      0.00      6.34    12     63.90      0.00      5.85
 1494520655.41     0     68.18      0.00      6.49    12     63.94      0.00      5.82
 1494520655.51     0     66.90      0.00      6.21    12     63.82      0.00      5.87
 1494520655.61     0     67.44      0.00      6.35    12     63.97      0.00      6.12
 1494520655.71     0     68.07      0.00      6.29    12     63.91      0.00      5.95
 1494520655.81     0     66.80      0.00      6.18    12     63.86      0.00      5.82
 1494520655.91     0     68.11      0.00      6.59    12     63.80      0.00      6.21
 1494520656.01     0     67.54      0.00      6.40    12     63.99      0.00      6.19
 1494520656.11     0     67.43      0.00      6.28    12     63.95      0.00      6.12
 1494520656.21     0     67.51      0.00      6.27    12     63.95      0.00      6.03
 1494520656.31     0     67.51      0.00      6.33    12     63.96      0.00      5.99
 1494520656.41     0     67.44      0.00      6.37    12     63.88      0.00      6.03
 1494520656.51     0     67.57      0.00      6.58    12     64.03      0.00      6.30
 1494520656.61     0     66.90      0.00      6.31    12     64.05      0.00      6.16
 1494520656.71     0     68.26      0.00      6.73    12     63.94      0.00      6.46
 1494520656.81     0     67.52      0.00      6.49    12     64.07      0.00      6.06
 1494520656.91     0     67.59      0.00      6.46    12     64.10      0.00      6.22
 1494520657.01     0     67.63      0.00      6.70    12     64.18      0.00      6.45
 1494520657.11     0     67.53      0.00      6.58    12     64.09      0.00      6.25
 1494520657.21     0     67.51      0.00      6.36    12     64.05      0.00      6.15
 1494520657.31     0     67.51      0.00      6.45    12     64.06      0.00      6.22
 1494520657.41     0     67.52      0.00      6.44    12     64.72      0.00      6.28
 1494520657.51     0     67.56      0.00      6.53    12     64.10      0.00      6.19
 1494520657.61     0     67.61      0.00      6.35    12     63.54      0.00      6.15
 1494520657.71     0     67.47      0.00      6.44    12     64.10      0.00      6.28
 1494520657.81     0     67.52      0.00      6.41    12     64.11      0.00      6.23
 1494520657.91     0     67.59      0.00      6.53    12     64.79      0.00      6.28
 1494520658.01     0     67.60      0.00      6.59    12     64.29      0.00      6.51
 1494520658.11     0     67.63      0.00      6.59    12     64.43      0.00      6.77
 1494520658.21     0     67.59      0.00      6.52    12     64.36      0.00      6.58
 1494520658.31     0     67.89      0.00      6.82    12     64.57      0.00      7.17
 1494520658.41     0     67.66      0.00      6.58    12     64.51      0.00      7.05
 1494520658.51     0     67.59      0.00      6.37    12     64.41      0.00      6.79
 1494520658.61     0     67.51      0.00      6.30    12     64.37      0.00      6.56
 1494520658.71     0     61.81      0.00      6.16    12     64.38      0.00      6.49
 1494520658.81     0     29.58      0.00      5.55    12     49.13      0.00      6.10
 1494520658.92     0     36.54      0.00      7.34    12     30.11      0.00      6.16
 1494520659.02     0     32.59      0.00      6.63    12     25.66      0.00      5.01
 1494520659.12     0     32.37      0.00      6.16    12     25.65      0.00      4.81
 1494520659.22     0     32.59      0.00      6.23    12     25.62      0.00      4.33
 1494520659.32     0     31.85      0.00      5.58    12     25.57      0.00      4.88
 1494520659.42     0     31.70      0.00      5.52    12     25.59      0.00      5.58
 1494520659.52     0     31.63      0.00      5.44    12     25.57      0.00      4.79
 1494520659.62     0     31.86      0.00      5.48    12     25.54      0.00      4.85
 1494520659.72     0     31.33      0.00      5.34    12     25.60      0.00      4.96
 1494520659.82     0     31.78      0.00      5.52    12     25.84      0.00      5.32
 1494520659.92     0     31.50      0.00      5.38    12     25.61      0.00      5.24
 1494520660.02     0     31.53      0.00      5.36    12     25.65      0.00      4.98
 1494520660.12     0     31.43      0.00      5.56    12     25.62      0.00      5.29
 1494520660.22     0     31.52      0.00      5.43    12     25.60      0.00      4.99
 1494520660.32     0     32.36      0.00      5.90    12     25.60      0.00      4.67
 1494520660.42     0     32.49      0.00      5.60    12     25.58      0.00      4.61
 1494520660.52     0     33.25      0.00      5.74    12     25.63      0.00      5.26
 1494520660.62     0     34.81      0.00      5.50    12     25.61      0.00      4.84
 1494520660.72     0     34.98      0.00      5.13    12     25.56      0.00      4.23
 1494520660.82     0     34.45      0.00      5.16    12     25.58      0.00      4.44
 1494520660.92     0     32.66      0.00      5.27    12     25.55      0.00      4.35
 1494520661.02     0     32.14      0.00      4.71    12     25.59      0.00      4.32
 1494520661.12     0     31.39      0.00      4.87    12     25.58      0.00      4.49
 1494520661.22     0     40.57      0.00      6.25    12     39.02      0.00      6.11
 1494520661.32     0     53.38      0.00      6.40    12     53.78      0.00      5.99
 1494520661.42     0     56.13      0.00      6.36    12     53.92      0.00      5.84
 1494520661.52     0     55.63      0.00      6.29    12     54.48      0.00      5.95
 1494520661.62     0     55.64      0.00      6.31    12     54.00      0.00      5.91
 1494520661.72     0     55.06      0.00      6.21    12     52.62      0.00      5.91
 1494520661.82     0     59.42      0.00      5.90    12     27.12      0.00      5.71
 1494520661.92     0     60.07      0.00      8.61    12     49.41      0.00      8.03
 1494520662.02     0     75.86      0.00     10.14    12     71.81      0.00      9.49
 1494520662.12     0     42.09      0.00      6.71    12     47.34      0.00      7.10
 1494520662.22     0     41.20      0.00      5.96    12     35.82      0.00      5.51
 1494520662.32     0     32.89      0.00      6.04    12     25.75      0.00      5.97
 1494520662.42     0     40.27      0.00      6.49    12     32.89      0.00      6.00
 1494520662.52     0     33.62      0.00      4.86    12     25.92      0.00      4.44
 1494520662.62     0     63.41      0.00      7.29    12     59.59      0.00      7.71
 1494520662.72     0     68.13      0.00      6.38    12     64.86      0.00      6.79
 1494520662.82     0     68.04      0.00      6.45    12     64.94      0.00      6.80
 1494520662.92     0     58.76      0.00      7.73    12     59.68      0.00      8.27
 1494520663.02     0     70.23      0.00      7.72    12     66.95      0.00      8.15
 1494520663.12     0     70.18      0.00      7.87    12     67.15      0.00      8.02
 1494520663.22     0     70.18      0.00      7.90    12     67.08      0.00      8.19
 1494520663.32     0     37.63      0.00      5.76    12     44.63      0.00      6.70
 1494520663.42     0     32.22      0.00      5.75    12     25.70      0.00      4.98
 1494520663.52     0     35.32      0.00      7.02    12     28.60      0.00      5.14
 1494520663.62     0     32.10      0.00      5.62    12     25.86      0.00      4.51
 1494520663.72     0     31.80      0.00      5.38    12     25.59      0.00      4.06
 1494520663.82     0     31.53      0.00      5.23    12     25.59      0.00      4.26
 1494520663.92     0     31.47      0.00      5.31    12     25.59      0.00      4.45
 1494520664.02     0     31.48      0.00      5.27    12     25.58      0.00      4.82
 1494520664.12     0     31.42      0.00      5.20    12     25.59      0.00      4.72
 1494520664.22     0     32.13      0.00      5.12    12     25.57      0.00      4.34
 1494520664.32     0     33.36      0.00      5.16    12     25.70      0.00      4.65
 1494520664.42     0     36.12      0.00      5.49    12     25.57      0.00      4.46
 1494520664.52     0     35.80      0.00      5.10    12     25.59      0.00      4.26
 1494520664.62     0     33.86      0.00      4.84    12     25.59      0.00      4.19
 1494520664.72     0     32.56      0.00      5.32    12     25.61      0.00      4.39
 1494520664.82     0     32.31      0.00      4.85    12     25.58      0.00      4.36
 1494520664.92     0     31.64      0.00      4.53    12     25.57      0.00      4.38
 1494520665.02     0     40.19      0.00      5.57    12     35.90      0.00      5.40
 1494520665.12     0     48.19      0.00      5.93    12     55.77      0.00      5.88
 1494520665.22     0     47.40      0.00      5.80    12     48.37      0.00      5.60
 1494520665.32     0     47.38      0.00      5.68    12     45.27      0.00      5.65
 1494520665.42     0     68.39      0.00      8.18    12     62.76      0.00      8.43
 1494520665.52     0     74.20      0.00      8.50    12     72.38      0.00      8.88
 1494520665.62     0     53.33      0.00      6.80    12     52.84      0.00      6.98
 1494520665.73     0     33.36      0.00      4.92    12     25.53      0.00      4.66
 1494520665.83     0     46.20      0.00      5.63    12     39.69      0.00      5.50
 1494520665.93     0     70.51      0.00      8.28    12     67.48      0.00      8.41
 1494520666.03     0     45.08      0.00      6.11    12     46.44      0.00      6.63
 1494520666.13     0     32.35      0.00      4.94    12     26.38      0.00      4.54
 1494520666.23     0     31.66      0.00      4.47    12     25.60      0.00      4.12
 1494520666.33     0     35.38      0.00      5.44    12     25.61      0.00      4.44
 1494520666.43     0     34.99      0.00      4.91    12     25.58      0.00      4.18
 1494520666.53     0     32.61      0.00      4.76    12     25.83      0.00      4.16
 1494520666.63     0     37.71      0.00      4.88    12     31.67      0.00      4.44
 1494520666.73     0     62.91      0.00      6.40    12     60.77      0.00      5.96
 1494520666.83     0     39.50      0.00      4.79    12     36.35      0.00      5.17
 1494520666.93     0     44.62      0.00      5.22    12     40.66      0.00      5.29
 1494520667.03     0     35.92      0.00      5.21    12     25.61      0.00      4.57
 1494520667.13     0     33.42      0.00      4.56    12     26.48      0.00      4.22
 1494520667.23     0     44.40      0.00      5.18    12     37.87      0.00      5.02
 1494520667.33     0     42.53      0.00      6.03    12     34.60      0.00      5.75
 1494520667.43     0     72.14      0.00     14.35    12     69.75      0.00     12.99
 1494520667.53     0     65.12      0.00     11.90    12     57.32      0.00     11.40
 1494520667.63     0     65.20      0.00     11.25    12     57.86      0.00     10.28
 1494520667.73     0     72.26      0.00     13.79    12     67.70      0.00     13.42
 1494520667.83     0     58.90      0.00      8.83    12     53.93      0.00      8.42
 1494520667.93     0     61.25      0.00      8.89    12     56.71      0.00      9.35
 1494520668.03     0     82.40      0.00     15.37    12     80.30      0.00     15.56
 1494520668.13     0     66.65      0.00     11.97    12     57.86      0.00     11.23
 1494520668.23     0     70.46      0.00     11.96    12     63.90      0.00     12.17
 1494520668.33     0     79.90      0.00     14.05    12     75.11      0.00     13.51
 1494520668.43     0     68.40      0.00     11.02    12     63.39      0.00     11.13
 1494520668.53     0     63.71      0.00      9.77    12     58.34      0.00      9.79
 1494520668.63     0     84.69      0.00     15.49    12     81.07      0.00     14.96
 1494520668.73     0     53.54      0.00      8.45    12     43.61      0.00      8.16
 1494520668.83     0     63.41      0.00     11.93    12     58.91      0.00     11.86
 1494520668.93     0     65.85      0.00     11.00    12     59.94      0.00     10.77
 1494520669.03     0     72.87      0.00     13.99    12     71.45      0.00     14.30
 1494520669.13     0     64.71      0.00      9.21    12     60.19      0.00      9.10
 1494520669.23     0     73.76      0.00     12.04    12     68.54      0.00     12.29
 1494520669.33     0     70.99      0.00     11.48    12     66.46      0.00     12.87
 1494520669.43     0     53.52      0.00      8.72    12     44.81      0.00      8.58
 1494520669.53     0     67.49      0.00     12.17    12     61.34      0.00     12.76
 1494520669.63     0     76.62      0.00     13.66    12     72.85      0.00     14.07
 1494520669.73     0     70.05      0.00     11.63    12     64.78      0.00     12.12
 1494520669.83     0     63.83      0.00      9.19    12     61.49      0.00      9.62
 1494520669.93     0     76.11      0.00     13.43    12     72.63      0.00     12.86
 1494520670.03     0     70.41      0.00     12.67    12     66.29      0.00     12.66
 1494520670.13     0     71.00      0.00     13.11    12     67.73      0.00     13.44
 1494520670.23     0     73.17      0.00     11.83    12     69.95      0.00     12.95
 1494520670.33     0     70.10      0.00     11.87    12     66.53      0.00     13.15
 1494520670.43     0     46.36      0.00      6.83    12     40.60      0.00      6.90
 1494520670.53     0     62.47      0.00      8.92    12     58.40      0.00      9.26
 1494520670.63     0     75.62      0.00     13.53    12     71.90      0.00     13.81
 1494520670.73     0     68.57      0.00     11.94    12     63.32      0.00     12.22
 1494520670.83     0     69.30      0.00     12.54    12     64.33      0.00     13.52
 1494520670.93     0     64.71      0.00     10.76    12     59.94      0.00     10.01
 1494520671.03     0     75.55      0.00     13.43    12     71.47      0.00     13.12
 1494520671.13     0     54.64      0.00      8.15    12     50.92      0.00      8.44
 1494520671.23     0     63.89      0.00      8.93    12     59.59      0.00      9.01
 1494520671.33     0     75.81      0.00     13.05    12     72.08      0.00     13.75
 1494520671.43     0     71.44      0.00     12.97    12     66.14      0.00     13.00
 1494520671.53     0     76.64      0.00     14.07    12     70.52      0.00     14.88
 1494520671.63     0     68.25      0.00     11.32    12     65.40      0.00     11.86
 1494520671.73     0     72.97      0.00     13.49    12     71.25      0.00     14.05
 1494520671.83     0     47.01      0.00      6.68    12     42.99      0.00      6.76
 1494520671.93     0     63.91      0.00      9.23    12     59.73      0.00      9.38
 1494520672.04     0     75.35      0.00     13.28    12     72.38      0.00     12.45
 1494520672.14     0     70.93      0.00     12.78    12     64.75      0.00     12.33
 1494520672.24     0     71.06      0.00     13.55    12     66.74      0.00     14.21
 1494520672.34     0     71.31      0.00     11.57    12     64.70      0.00     11.48
 1494520672.44     0     76.47      0.00     13.90    12     72.87      0.00     14.21
 1494520672.54     0     57.96      0.00      8.57    12     53.11      0.00      8.92
 1494520672.64     0     64.15      0.00      9.26    12     58.70      0.00      9.43
 1494520672.74     0     75.68      0.00     13.51    12     72.02      0.00     13.86
 1494520672.84     0     53.72      0.00      8.57    12     46.31      0.00      8.38
 1494520672.94     0     64.57      0.00     11.70    12     57.30      0.00     11.72
 1494520673.04     0     74.30      0.00     13.32    12     68.68      0.00     13.67
 1494520673.14     0     75.64      0.00     13.37    12     71.27      0.00     12.62
 1494520673.24     0     69.71      0.00     11.35    12     65.68      0.00     12.20
 1494520673.34     0     65.85      0.00      9.44    12     61.41      0.00      9.40
 1494520673.44     0     76.75      0.00     13.39    12     73.32      0.00     13.92
 1494520673.54     0     69.45      0.00     12.80    12     64.19      0.00     12.85
 1494520673.64     0     73.24      0.00     13.72    12     68.13      0.00     13.20
 1494520673.74     0     71.51      0.00     12.28    12     65.88      0.00     12.43
 1494520673.84     0     75.28      0.00     13.39    12     71.86      0.00     13.90
 1494520673.94     0     67.49      0.00     10.43    12     63.66      0.00     10.76
 1494520674.04     0     64.93      0.00     10.51    12     59.83      0.00     10.65
 1494520674.14     0     80.70      0.00     14.11    12     77.25      0.00     13.80
 1494520674.24     0     53.74      0.00      8.47    12     47.14      0.00      8.27
 1494520674.34     0     66.52      0.00     13.20    12     61.78      0.00     13.75
 1494520674.44     0     76.55      0.00     15.17    12     74.25      0.00     15.62
 1494520674.54     0     75.70      0.00     12.66    12     71.37      0.00     12.98
 1494520674.64     0     68.05      0.00     12.05    12     64.98      0.00     12.62
 1494520674.74     0     56.67      0.00      8.00    12     52.24      0.00      8.30
 1494520674.84     0     63.21      0.00     10.18    12     58.61      0.00     10.39
 1494520674.94     0     81.53      0.00     14.44    12     78.69      0.00     15.17
 1494520675.04     0     75.47      0.00     15.51    12     74.14      0.00     15.53
 1494520675.14     0     71.88      0.00     11.27    12     63.44      0.00     10.91
 1494520675.24     0     73.01      0.00     12.58    12     69.65      0.00     13.04
 1494520675.34     0     66.38      0.00      9.64    12     62.85      0.00      9.42
 1494520675.44     0     73.81      0.00     12.15    12     67.68      0.00     12.63
 1494520675.54     0     72.90      0.00     12.91    12     68.98      0.00     13.14
 1494520675.64     0     75.81      0.00     13.80    12     71.15      0.00     14.20
 1494520675.74     0     66.61      0.00     10.89    12     61.06      0.00     10.93
 1494520675.84     0     76.03      0.00     13.84    12     73.52      0.00     14.37
 1494520675.94     0     50.55      0.00      7.36    12     46.61      0.00      7.43
 1494520676.04     0     60.54      0.00      8.45    12     55.57      0.00      8.48
 1494520676.14     0     76.37      0.00     12.86    12     73.17      0.00     13.63
 1494520676.24     0     59.11      0.00      9.18    12     52.07      0.00      9.11
 1494520676.34     0     62.09      0.00     11.45    12     55.93      0.00     11.44
 1494520676.44     0     63.13      0.00     11.46    12     57.39      0.00     11.68
 1494520676.54     0     79.73      0.00     14.36    12     76.62      0.00     14.78
 1494520676.64     0     49.19      0.00      7.45    12     44.26      0.00      7.66
 1494520676.74     0     58.65      0.00      8.42    12     53.45      0.00      8.39
 1494520676.84     0     68.60      0.00     11.25    12     63.50      0.00     11.60
 1494520676.94     0     75.51      0.00     13.47    12     72.74      0.00     13.81
 1494520677.04     0     54.31      0.00      9.17    12     46.51      0.00      9.12
 1494520677.14     0     65.99      0.00     12.30    12     59.18      0.00     12.37
 1494520677.24     0     70.52      0.00     11.34    12     65.01      0.00     11.21
 1494520677.34     0     69.22      0.00     12.21    12     65.59      0.00     12.56
 1494520677.44     0     57.72      0.00      8.23    12     52.76      0.00      8.21
 1494520677.54     0     61.39      0.00      9.89    12     55.87      0.00      9.74
 1494520677.64     0     84.68      0.00     14.97    12     81.69      0.00     15.47
 1494520677.74     0     59.70      0.00      9.87    12     51.82      0.00     10.06
 1494520677.84     0     67.73      0.00     12.59    12     63.69      0.00     12.76
 1494520677.94     0     73.57      0.00     13.10    12     69.99      0.00     13.04
 1494520678.04     0     65.68      0.00     11.34    12     61.96      0.00     11.76
 1494520678.14     0     47.82      0.00      7.10    12     41.90      0.00      7.10
 1494520678.24     0     64.12      0.00      9.52    12     59.66      0.00      9.50
 1494520678.34     0     77.22      0.00     13.74    12     73.46      0.00     12.91
 1494520678.44     0     65.37      0.00     11.10    12     58.82      0.00     11.20
 1494520678.54     0     70.85      0.00     13.09    12     67.70      0.00     13.08
 1494520678.65     0     69.85      0.00     11.56    12     64.76      0.00     11.79
 1494520678.75     0     73.38      0.00     13.29    12     69.97      0.00     13.76
 1494520678.85     0     47.69      0.00      6.76    12     41.73      0.00      6.71
 1494520678.95     0     60.20      0.00      7.87    12     55.50      0.00      8.32
 1494520679.05     0     76.54      0.00     13.30    12     72.89      0.00     13.89
 1494520679.15     0     70.52      0.00     13.20    12     66.90      0.00     13.31
 1494520679.25     0     71.47      0.00     13.38    12     68.43      0.00     13.51
 1494520679.35     0     67.04      0.00     10.71    12     61.04      0.00     10.67
 1494520679.45     0     76.19      0.00     13.81    12     73.81      0.00     13.52
 1494520679.55     0     56.65      0.00      8.76    12     53.02      0.00      8.55
 1494520679.65     0     55.01      0.00      7.48    12     50.09      0.00      7.60
 1494520679.75     0     77.03      0.00     13.16    12     71.98      0.00     13.50
 1494520679.85     0     64.40      0.00     10.93    12     59.64      0.00     10.87
 1494520679.95     0     59.09      0.00     10.20    12     51.71      0.00     10.20
 1494520680.05     0     72.51      0.00     14.18    12     68.03      0.00     14.18
 1494520680.15     0     75.73      0.00     12.93    12     71.88      0.00     13.34
 1494520680.25     0     67.87      0.00     10.91    12     62.25      0.00     11.66
 1494520680.35     0     48.98      0.00      7.22    12     43.20      0.00      7.00
 1494520680.45     0     64.34      0.00      9.70    12     59.04      0.00      9.31
 1494520680.55     0     76.91      0.00     13.93    12     73.89      0.00     14.25
 1494520680.65     0     57.41      0.00      9.41    12     48.32      0.00      9.29
 1494520680.75     0     65.42      0.00     11.94    12     58.06      0.00     12.23
 1494520680.85     0     78.30      0.00     15.07    12     74.93      0.00     15.52
 1494520680.95     0     67.52      0.00     10.98    12     62.10      0.00     11.43
 1494520681.05     0     72.91      0.00     13.62    12     68.70      0.00     13.20
 1494520681.15     0     52.82      0.00      7.51    12     47.65      0.00      7.65
 1494520681.25     0     62.43      0.00      9.12    12     57.47      0.00      9.48
 1494520681.35     0     84.29      0.00     15.29    12     80.95      0.00     15.94
 1494520681.45     0     65.66      0.00     12.92    12     60.70      0.00     11.04
 1494520681.55     0     31.46      0.00      4.95    12     27.48      0.00      5.75
 1494520681.65     0     16.42      0.00      2.29    12     15.37      0.00      2.81
 1494520681.75     0     20.79      0.00      3.74    12     19.58      0.00      4.27
