         #Time  Core     P_PKG     P_PP0    P_DRAM  Core     P_PKG     P_PP0    P_DRAM
 1493393096.25     0     21.96      0.00      5.18    12     21.28      0.00      5.33
 1493393096.35     0     48.61      0.00     14.20    12     49.10      0.00     15.08
 1493393096.45     0     59.15      0.00     13.57    12     61.26      0.00     14.50
 1493393096.55     0     68.82      0.00     13.80    12     63.95      0.00     12.53
 1493393096.65     0     61.58      0.00     10.75    12     62.56      0.00     11.22
 1493393096.75     0     70.78      0.00     12.83    12     70.18      0.00     13.36
 1493393096.85     0     70.44      0.00     13.83    12     69.72      0.00     14.67
 1493393096.95     0     68.69      0.00     11.74    12     68.57      0.00     13.57
 1493393097.05     0     70.80      0.00     13.59    12     70.05      0.00     14.34
 1493393097.15     0     68.37      0.00     12.68    12     67.57      0.00     13.29
 1493393097.25     0     72.15      0.00     13.17    12     71.57      0.00     13.68
 1493393097.35     0     72.16      0.00     12.79    12     70.93      0.00     13.25
 1493393097.45     0     73.34      0.00     13.54    12     69.79      0.00     14.33
 1493393097.55     0     68.27      0.00     13.68    12     67.58      0.00     14.22
 1493393097.65     0     70.14      0.00     12.80    12     69.07      0.00     13.09
 1493393097.75     0     70.04      0.00     13.84    12     70.38      0.00     14.64
 1493393097.85     0     70.74      0.00     12.71    12     69.53      0.00     13.34
 1493393097.95     0     71.65      0.00     14.15    12     70.19      0.00     15.04
 1493393098.05     0     73.80      0.00     12.73    12     72.72      0.00     13.47
 1493393098.15     0     70.60      0.00     13.97    12     68.72      0.00     14.31
 1493393098.25     0     69.44      0.00     13.21    12     68.73      0.00     13.37
 1493393098.35     0     70.51      0.00     12.69    12     68.51      0.00     13.22
 1493393098.46     0     72.04      0.00     13.87    12     71.22      0.00     14.75
 1493393098.56     0     70.08      0.00     12.94    12     67.68      0.00     13.11
 1493393098.66     0     70.74      0.00     13.93    12     71.35      0.00     14.41
 1493393098.76     0     74.51      0.00     13.27    12     73.48      0.00     13.75
 1493393098.86     0     68.90      0.00     13.35    12     67.85      0.00     14.10
 1493393098.96     0     69.65      0.00     12.79    12     68.48      0.00     13.87
 1493393099.06     0     70.31      0.00     12.77    12     67.28      0.00     13.50
 1493393099.16     0     68.99      0.00     13.25    12     69.17      0.00     13.90
 1493393099.26     0     71.87      0.00     13.67    12     70.91      0.00     14.10
 1493393099.36     0     71.85      0.00     12.46    12     70.79      0.00     12.72
 1493393099.46     0     73.40      0.00     13.86    12     70.55      0.00     14.60
 1493393099.56     0     67.97      0.00     13.13    12     66.87      0.00     13.84
 1493393099.66     0     69.19      0.00     12.74    12     69.73      0.00     13.19
 1493393099.76     0     70.14      0.00     14.12    12     71.86      0.00     14.22
 1493393099.86     0     71.51      0.00     12.69    12     68.44      0.00     12.84
 1493393099.96     0     69.96      0.00     13.71    12     69.93      0.00     14.93
 1493393100.06     0     73.79      0.00     12.27    12     72.22      0.00     12.85
 1493393100.16     0     70.24      0.00     13.74    12     68.34      0.00     13.93
 1493393100.26     0     69.30      0.00     12.94    12     69.80      0.00     13.29
 1493393100.36     0     70.75      0.00     12.96    12     68.53      0.00     13.34
 1493393100.46     0     73.06      0.00     14.01    12     67.78      0.00     14.82
 1493393100.56     0     69.77      0.00     13.21    12     68.62      0.00     13.98
 1493393100.66     0     72.39      0.00     14.30    12     72.73      0.00     14.85
 1493393100.76     0     73.09      0.00     12.15    12     71.83      0.00     12.84
 1493393100.86     0     68.03      0.00     13.82    12     68.18      0.00     14.29
 1493393100.96     0     69.55      0.00     12.79    12     68.55      0.00     13.63
 1493393101.06     0     68.72      0.00     13.00    12     67.37      0.00     13.66
 1493393101.17     0     70.46      0.00     14.08    12     70.53      0.00     14.68
 1493393101.27     0     70.80      0.00     12.81    12     68.34      0.00     12.71
 1493393101.37     0     72.07      0.00     13.05    12     70.88      0.00     13.05
 1493393101.47     0     73.64      0.00     13.37    12     71.61      0.00     14.27
 1493393101.57     0     69.67      0.00     14.06    12     68.96      0.00     14.99
 1493393101.67     0     68.06      0.00     12.12    12     67.86      0.00     12.57
 1493393101.77     0     70.46      0.00     14.28    12     69.86      0.00     14.71
 1493393101.87     0     70.28      0.00     12.43    12     69.92      0.00     13.13
 1493393101.97     0     71.70      0.00     13.44    12     69.71      0.00     14.83
 1493393102.07     0     69.74      0.00     11.75    12     68.90      0.00     12.35
 1493393102.17     0     72.02      0.00     13.77    12     69.31      0.00     14.45
 1493393102.27     0     68.58      0.00     13.05    12     68.30      0.00     13.22
 1493393102.37     0     70.50      0.00     12.80    12     68.28      0.00     12.91
 1493393102.47     0     72.45      0.00     13.79    12     70.39      0.00     14.99
 1493393102.57     0     70.04      0.00     12.50    12     69.48      0.00     13.38
 1493393102.67     0     70.33      0.00     14.52    12     70.26      0.00     14.85
 1493393102.78     0     71.47      0.00     11.96    12     69.81      0.00     12.23
 1493393102.88     0     69.13      0.00     13.97    12     69.69      0.00     14.52
 1493393102.98     0     69.35      0.00     13.11    12     68.24      0.00     13.94
 1493393103.08     0     67.96      0.00     12.56    12     68.14      0.00     13.77
 1493393103.18     0     70.84      0.00     14.09    12     71.18      0.00     14.95
 1493393103.28     0     69.13      0.00     12.56    12     69.77      0.00     13.27
 1493393103.38     0     73.32      0.00     13.86    12     71.87      0.00     13.70
 1493393103.48     0     68.85      0.00     10.87    12     66.69      0.00     11.67
 1493393103.58     0     69.81      0.00     13.29    12     67.42      0.00     13.84
 1493393103.68     0     67.57      0.00     13.00    12     68.99      0.00     13.75
 1493393103.78     0     69.00      0.00     12.40    12     69.22      0.00     12.90
 1493393103.88     0     69.95      0.00     13.74    12     70.69      0.00     14.69
 1493393103.98     0     67.41      0.00     11.06    12     65.49      0.00     11.19
 1493393104.08     0     71.31      0.00     14.20    12     69.04      0.00     15.02
 1493393104.18     0     72.08      0.00     11.85    12     70.53      0.00     12.93
 1493393104.28     0     68.97      0.00     12.96    12     67.55      0.00     13.64
 1493393104.38     0     69.51      0.00     12.91    12     67.76      0.00     12.93
 1493393104.48     0     69.37      0.00     12.22    12     68.53      0.00     13.15
 1493393104.58     0     72.39      0.00     13.84    12     70.80      0.00     14.88
 1493393104.68     0     68.64      0.00     12.59    12     68.00      0.00     13.06
 1493393104.78     0     71.12      0.00     14.26    12     72.34      0.00     14.84
 1493393104.88     0     70.38      0.00     11.61    12     68.88      0.00     12.29
 1493393104.98     0     70.32      0.00     13.49    12     71.04      0.00     14.33
 1493393105.08     0     68.74      0.00     13.02    12     67.04      0.00     13.80
 1493393105.19     0     69.32      0.00     12.85    12     68.61      0.00     13.51
 1493393105.29     0     70.81      0.00     14.05    12     70.55      0.00     14.80
 1493393105.39     0     69.44      0.00     12.47    12     69.15      0.00     12.51
 1493393105.49     0     72.02      0.00     13.83    12     70.00      0.00     14.65
 1493393105.59     0     74.20      0.00     12.53    12     71.70      0.00     13.32
 1493393105.69     0     69.15      0.00     13.43    12     69.12      0.00     14.56
 1493393105.79     0     68.53      0.00     13.18    12     68.71      0.00     13.72
 1493393105.89     0     69.26      0.00     13.12    12     69.89      0.00     13.45
 1493393105.99     0     70.87      0.00     13.90    12     71.04      0.00     14.85
 1493393106.09     0     69.00      0.00     11.58    12     66.74      0.00     12.53
 1493393106.19     0     69.22      0.00     13.94    12     69.48      0.00     14.40
 1493393106.29     0     73.52      0.00     12.76    12     72.04      0.00     12.96
 1493393106.39     0     69.13      0.00     13.47    12     67.09      0.00     12.86
 1493393106.49     0     68.84      0.00     12.45    12     68.21      0.00     13.54
 1493393106.59     0     72.53      0.00     13.50    12     70.39      0.00     14.26
 1493393106.69     0     69.67      0.00     13.28    12     68.62      0.00     13.62
 1493393106.79     0     71.66      0.00     13.79    12     72.13      0.00     14.19
 1493393106.89     0     70.65      0.00     12.70    12     70.23      0.00     12.82
 1493393106.99     0     72.52      0.00     12.86    12     70.82      0.00     13.96
 1493393107.09     0     69.45      0.00     13.20    12     68.19      0.00     14.71
 1493393107.19     0     69.28      0.00     12.27    12     66.98      0.00     12.70
 1493393107.29     0     70.86      0.00     14.11    12     70.85      0.00     14.90
 1493393107.39     0     68.49      0.00     12.04    12     68.07      0.00     12.32
 1493393107.50     0     72.62      0.00     13.71    12     71.14      0.00     14.37
 1493393107.60     0     73.36      0.00     12.55    12     71.58      0.00     13.02
 1493393107.70     0     69.84      0.00     13.43    12     68.68      0.00     14.09
 1493393107.80     0     67.61      0.00     12.42    12     67.01      0.00     13.36
 1493393107.90     0     69.43      0.00     12.82    12     69.49      0.00     13.11
 1493393108.00     0     70.74      0.00     14.05    12     71.12      0.00     14.58
 1493393108.10     0     69.48      0.00     11.58    12     67.66      0.00     12.51
 1493393108.20     0     70.29      0.00     14.26    12     68.80      0.00     14.85
 1493393108.30     0     71.00      0.00     11.70    12     70.22      0.00     12.37
 1493393108.40     0     70.00      0.00     13.53    12     68.84      0.00     13.97
 1493393108.50     0     68.63      0.00     12.36    12     67.75      0.00     12.76
 1493393108.60     0     68.92      0.00     12.46    12     67.73      0.00     13.03
 1493393108.70     0     69.48      0.00     14.03    12     68.60      0.00     14.70
 1493393108.80     0     68.89      0.00     13.12    12     69.54      0.00     13.86
 1493393108.90     0     72.46      0.00     14.35    12     73.32      0.00     14.65
 1493393109.00     0     69.70      0.00     11.03    12     68.23      0.00     11.64
 1493393109.10     0     71.34      0.00     14.02    12     69.33      0.00     14.69
 1493393109.21     0     68.75      0.00     13.44    12     68.21      0.00     14.06
 1493393109.31     0     70.27      0.00     13.38    12     68.83      0.00     13.78
 1493393109.41     0     70.63      0.00     14.43    12     70.57      0.00     14.44
 1493393109.51     0     69.21      0.00     12.49    12     68.56      0.00     12.54
 1493393109.61     0     71.52      0.00     13.52    12     70.20      0.00     14.56
 1493393109.71     0     72.80      0.00     12.02    12     70.77      0.00     12.59
 1493393109.81     0     68.62      0.00     14.17    12     68.21      0.00     14.70
 1493393109.91     0     69.35      0.00     12.67    12     69.08      0.00     13.11
 1493393110.01     0     68.29      0.00     12.36    12     69.05      0.00     13.20
 1493393110.11     0     71.95      0.00     13.72    12     71.53      0.00     14.95
 1493393110.21     0     69.21      0.00     12.63    12     67.71      0.00     13.45
 1493393110.31     0     69.42      0.00     13.73    12     70.04      0.00     14.42
 1493393110.41     0     72.40      0.00     12.40    12     70.94      0.00     12.81
 1493393110.51     0     69.26      0.00     14.02    12     68.73      0.00     14.12
 1493393110.61     0     69.33      0.00     12.81    12     67.88      0.00     13.38
 1493393110.71     0     69.87      0.00     12.98    12     67.99      0.00     13.81
 1493393110.82     0     69.77      0.00     13.90    12     71.15      0.00     14.73
 1493393110.92     0     69.53      0.00     13.12    12     70.20      0.00     13.51
 1493393111.02     0     69.99      0.00     12.71    12     69.28      0.00     12.98
 1493393111.12     0     74.67      0.00     13.17    12     73.43      0.00     14.24
 1493393111.22     0     69.09      0.00     13.38    12     66.91      0.00     14.30
 1493393111.32     0     69.67      0.00     13.08    12     68.44      0.00     13.53
 1493393111.42     0     69.17      0.00     13.11    12     68.36      0.00     13.50
 1493393111.52     0     70.00      0.00     13.09    12     69.93      0.00     13.10
 1493393111.62     0     71.19      0.00     12.95    12     69.99      0.00     13.63
 1493393111.72     0     70.92      0.00     12.67    12     69.72      0.00     13.17
 1493393111.82     0     71.87      0.00     13.34    12     70.08      0.00     13.95
 1493393111.92     0     69.02      0.00     13.88    12     69.76      0.00     14.42
 1493393112.02     0     67.82      0.00     11.76    12     66.72      0.00     12.00
 1493393112.12     0     70.84      0.00     13.96    12     71.29      0.00     14.99
 1493393112.22     0     69.03      0.00     12.07    12     67.99      0.00     12.78
 1493393112.32     0     70.03      0.00     13.94    12     69.27      0.00     14.35
 1493393112.42     0     72.48      0.00     13.05    12     73.33      0.00     13.49
 1493393112.52     0     71.18      0.00     13.74    12     71.85      0.00     14.21
 1493393112.62     0     69.03      0.00     12.69    12     67.01      0.00     13.47
 1493393112.73     0     70.81      0.00     13.06    12     69.00      0.00     13.55
 1493393112.83     0     71.36      0.00     13.60    12     71.05      0.00     14.70
 1493393112.93     0     71.26      0.00     13.11    12     70.56      0.00     13.24
 1493393113.03     0     71.38      0.00     13.98    12     72.04      0.00     14.50
 1493393113.13     0     70.47      0.00     11.57    12     68.51      0.00     12.20
 1493393113.23     0     71.50      0.00     13.88    12     68.96      0.00     14.69
 1493393113.33     0     68.95      0.00     12.98    12     68.16      0.00     13.63
 1493393113.43     0     69.88      0.00     13.12    12     68.50      0.00     13.53
 1493393113.53     0     70.23      0.00     13.91    12     70.58      0.00     14.28
 1493393113.63     0     68.86      0.00     11.93    12     66.88      0.00     12.24
 1493393113.73     0     71.63      0.00     13.96    12     71.01      0.00     14.91
 1493393113.83     0     73.20      0.00     12.39    12     71.78      0.00     12.75
 1493393113.93     0     68.57      0.00     14.04    12     67.75      0.00     14.42
 1493393114.03     0     69.84      0.00     12.66    12     69.49      0.00     13.19
 1493393114.13     0     69.05      0.00     12.63    12     68.43      0.00     13.18
 1493393114.23     0     71.56      0.00     13.69    12     70.02      0.00     14.82
 1493393114.33     0     68.06      0.00     11.78    12     66.71      0.00     12.39
 1493393114.43     0     70.40      0.00     13.11    12     70.31      0.00     13.96
 1493393114.53     0     72.32      0.00     12.48    12     70.60      0.00     12.73
 1493393114.63     0     68.93      0.00     13.59    12     67.56      0.00     14.23
 1493393114.73     0     70.76      0.00     13.42    12     69.66      0.00     14.22
 1493393114.84     0     68.59      0.00     13.04    12     68.71      0.00     13.98
 1493393114.94     0     69.50      0.00     13.76    12     69.30      0.00     13.96
 1493393115.04     0     70.81      0.00     13.51    12     71.80      0.00     14.01
 1493393115.14     0     70.99      0.00     12.50    12     70.24      0.00     12.90
 1493393115.24     0     68.15      0.00     11.34    12     64.54      0.00     11.96
 1493393115.34     0     69.74      0.00     13.75    12     68.15      0.00     14.76
 1493393115.44     0     68.10      0.00     12.38    12     67.80      0.00     13.25
 1493393115.54     0     69.79      0.00     13.39    12     69.26      0.00     13.86
 1493393115.64     0     71.35      0.00     13.07    12     70.24      0.00     13.70
 1493393115.74     0     69.22      0.00     12.16    12     66.66      0.00     12.94
 1493393115.84     0     72.63      0.00     13.38    12     72.09      0.00     14.11
 1493393115.94     0     68.89      0.00     12.43    12     68.40      0.00     12.93
 1493393116.04     0     70.08      0.00     14.25    12     69.59      0.00     14.54
 1493393116.14     0     67.93      0.00     11.89    12     67.31      0.00     12.37
 1493393116.24     0     72.14      0.00     13.77    12     70.24      0.00     14.76
 1493393116.34     0     68.55      0.00     11.44    12     66.55      0.00     12.53
 1493393116.44     0     71.80      0.00     13.62    12     70.68      0.00     14.80
 1493393116.54     0     71.27      0.00     12.41    12     70.97      0.00     13.12
 1493393116.64     0     73.54      0.00     13.19    12     71.29      0.00     13.75
 1493393116.74     0     68.75      0.00     13.15    12     66.89      0.00     13.54
 1493393116.84     0     69.69      0.00     12.83    12     68.30      0.00     13.21
 1493393116.94     0     70.56      0.00     13.91    12     69.77      0.00     14.81
 1493393117.04     0     69.50      0.00     12.32    12     70.16      0.00     12.90
 1493393117.14     0     70.73      0.00     14.48    12     71.46      0.00     14.92
 1493393117.24     0     71.10      0.00     12.30    12     69.20      0.00     12.90
 1493393117.34     0     68.41      0.00     11.41    12     65.08      0.00     11.92
 1493393117.45     0     69.73      0.00     13.58    12     68.20      0.00     14.48
 1493393117.55     0     69.10      0.00     12.39    12     68.72      0.00     13.47
 1493393117.65     0     69.73      0.00     12.88    12     70.20      0.00     13.40
 1493393117.75     0     69.45      0.00     12.54    12     67.51      0.00     12.62
 1493393117.85     0     71.41      0.00     13.41    12     70.85      0.00     13.98
 1493393117.95     0     72.07      0.00     13.36    12     71.18      0.00     13.68
 1493393118.05     0     70.49      0.00     13.23    12     69.41      0.00     13.68
 1493393118.15     0     69.90      0.00     13.68    12     69.37      0.00     14.46
 1493393118.25     0     66.85      0.00     11.20    12     66.33      0.00     12.25
 1493393118.35     0     72.75      0.00     14.21    12     71.04      0.00     15.09
 1493393118.45     0     69.06      0.00     12.62    12     66.69      0.00     12.91
 1493393118.55     0     70.61      0.00     14.49    12     71.25      0.00     14.98
 1493393118.65     0     72.42      0.00     11.64    12     71.14      0.00     12.37
 1493393118.75     0     73.07      0.00     13.15    12     71.07      0.00     13.93
 1493393118.85     0     67.03      0.00     13.06    12     65.63      0.00     13.52
 1493393118.95     0     70.27      0.00     13.06    12     69.74      0.00     13.74
 1493393119.05     0     71.12      0.00     14.44    12     71.95      0.00     14.74
 1493393119.15     0     69.58      0.00     12.73    12     69.93      0.00     12.90
 1493393119.25     0     71.24      0.00     13.95    12     69.74      0.00     14.65
 1493393119.35     0     71.74      0.00     11.80    12     69.82      0.00     12.43
 1493393119.45     0     71.20      0.00     14.31    12     69.44      0.00     14.80
 1493393119.55     0     68.77      0.00     13.17    12     69.12      0.00     13.88
 1493393119.65     0     69.96      0.00     12.37    12     69.19      0.00     12.96
 1493393119.75     0     70.00      0.00     13.32    12     68.99      0.00     14.34
 1493393119.85     0     69.83      0.00     13.35    12     68.90      0.00     13.83
 1493393119.95     0     71.57      0.00     14.26    12     72.44      0.00     14.87
 1493393120.05     0     72.42      0.00     11.94    12     71.54      0.00     12.61
 1493393120.16     0     69.14      0.00     13.77    12     68.77      0.00     14.41
 1493393120.26     0     68.16      0.00     12.34    12     67.07      0.00     13.09
 1493393120.36     0     70.35      0.00     13.01    12     68.22      0.00     13.54
 1493393120.46     0     70.38      0.00     14.33    12     70.39      0.00     14.88
 1493393120.56     0     68.73      0.00     12.75    12     67.97      0.00     13.52
 1493393120.66     0     72.15      0.00     13.03    12     70.74      0.00     13.23
 1493393120.76     0     72.46      0.00     12.16    12     69.60      0.00     12.65
 1493393120.86     0     68.91      0.00     13.66    12     67.55      0.00     14.11
 1493393120.96     0     68.22      0.00     13.02    12     68.98      0.00     13.39
 1493393121.06     0     69.72      0.00     13.75    12     69.88      0.00     13.89
 1493393121.16     0     68.91      0.00     12.92    12     68.51      0.00     13.03
 1493393121.26     0     71.92      0.00     13.63    12     70.05      0.00     14.43
 1493393121.36     0     71.77      0.00     12.44    12     70.34      0.00     13.23
 1493393121.46     0     70.45      0.00     13.00    12     68.98      0.00     13.69
 1493393121.56     0     70.63      0.00     13.75    12     69.89      0.00     14.41
 1493393121.66     0     68.27      0.00     12.15    12     66.73      0.00     12.35
 1493393121.76     0     70.33      0.00     13.55    12     71.17      0.00     14.85
 1493393121.87     0     69.60      0.00     12.86    12     68.71      0.00     13.00
 1493393121.97     0     70.17      0.00     13.74    12     70.48      0.00     14.46
 1493393122.07     0     73.11      0.00     12.59    12     71.99      0.00     13.47
 1493393122.17     0     70.43      0.00     13.34    12     70.85      0.00     13.68
 1493393122.27     0     67.94      0.00     12.36    12     67.05      0.00     13.52
 1493393122.37     0     71.74      0.00     12.58    12     69.72      0.00     13.41
 1493393122.47     0     70.95      0.00     13.90    12     70.70      0.00     14.27
 1493393122.57     0     69.56      0.00     12.74    12     70.25      0.00     13.35
 1493393122.67     0     71.66      0.00     13.86    12     71.48      0.00     14.59
 1493393122.77     0     69.84      0.00     10.93    12     67.95      0.00     11.79
 1493393122.87     0     71.22      0.00     13.84    12     67.96      0.00     14.32
 1493393122.97     0     68.49      0.00     12.85    12     67.56      0.00     13.61
 1493393123.07     0     70.11      0.00     13.05    12     68.36      0.00     13.40
 1493393123.17     0     72.25      0.00     13.98    12     71.94      0.00     14.18
 1493393123.27     0     69.77      0.00     11.72    12     67.82      0.00     12.26
 1493393123.37     0     70.61      0.00     13.59    12     68.59      0.00     14.27
 1493393123.47     0     73.78      0.00     12.51    12     72.32      0.00     13.23
 1493393123.57     0     68.84      0.00     13.95    12     68.22      0.00     14.69
 1493393123.67     0     68.86      0.00     12.54    12     68.21      0.00     13.16
 1493393123.77     0     68.70      0.00     12.55    12     68.03      0.00     13.34
 1493393123.87     0     71.06      0.00     13.80    12     68.69      0.00     14.31
 1493393123.97     0     68.91      0.00     13.29    12     68.22      0.00     13.70
 1493393124.08     0     72.00      0.00     14.22    12     72.86      0.00     14.99
 1493393124.18     0     67.36      0.00     10.49    12     64.84      0.00     10.97
 1493393124.28     0     72.07      0.00     13.90    12     72.45      0.00     14.76
 1493393124.38     0     66.80      0.00     12.30    12     65.36      0.00     13.23
 1493393124.48     0     70.29      0.00     13.39    12     69.10      0.00     13.57
 1493393124.58     0     69.69      0.00     14.39    12     69.24      0.00     14.96
 1493393124.68     0     68.55      0.00     12.54    12     68.35      0.00     13.05
 1493393124.78     0     72.61      0.00     13.63    12     70.95      0.00     14.42
 1493393124.88     0     71.33      0.00     11.47    12     69.93      0.00     12.04
 1493393124.98     0     70.21      0.00     14.17    12     68.62      0.00     14.57
 1493393125.08     0     67.66      0.00     12.58    12     68.83      0.00     13.48
 1493393125.18     0     69.28      0.00     13.22    12     68.47      0.00     13.41
 1493393125.28     0     71.32      0.00     13.66    12     70.22      0.00     13.75
 1493393125.38     0     70.58      0.00     12.50    12     69.94      0.00     13.19
 1493393125.48     0     71.03      0.00     13.80    12     70.03      0.00     14.40
 1493393125.58     0     73.73      0.00     12.84    12     72.03      0.00     13.47
 1493393125.68     0     68.78      0.00     13.53    12     68.08      0.00     14.50
 1493393125.78     0     68.49      0.00     12.68    12     69.17      0.00     13.39
 1493393125.88     0     70.68      0.00     12.53    12     68.83      0.00     13.40
 1493393125.98     0     69.37      0.00     13.27    12     68.86      0.00     13.58
 1493393126.09     0     70.74      0.00     13.99    12     71.17      0.00     14.46
 1493393126.19     0     70.64      0.00     11.83    12     70.10      0.00     12.82
 1493393126.29     0     73.55      0.00     13.61    12     72.19      0.00     14.07
 1493393126.39     0     68.55      0.00     13.09    12     67.43      0.00     14.25
 1493393126.49     0     68.54      0.00     12.38    12     67.28      0.00     12.67
 1493393126.59     0     70.49      0.00     14.18    12     68.78      0.00     14.60
 1493393126.69     0     69.71      0.00     13.53    12     70.97      0.00     13.76
 1493393126.79     0     71.82      0.00     13.76    12     70.29      0.00     14.51
 1493393126.89     0     69.67      0.00     11.23    12     67.72      0.00     11.63
 1493393126.99     0     70.57      0.00     13.49    12     69.22      0.00     14.10
 1493393127.09     0     67.53      0.00     12.81    12     67.82      0.00     13.23
 1493393127.19     0     70.05      0.00     12.92    12     69.91      0.00     13.15
 1493393127.29     0     70.66      0.00     14.39    12     71.12      0.00     14.95
 1493393127.39     0     69.80      0.00     12.02    12     68.61      0.00     13.06
 1493393127.49     0     71.05      0.00     13.89    12     68.90      0.00     14.55
 1493393127.59     0     74.05      0.00     12.74    12     73.31      0.00     13.15
 1493393127.69     0     69.76      0.00     14.03    12     69.06      0.00     14.70
 1493393127.79     0     69.68      0.00     12.19    12     68.42      0.00     12.98
 1493393127.89     0     69.36      0.00     12.05    12     66.92      0.00     13.01
 1493393128.00     0     69.95      0.00     13.62    12     68.66      0.00     14.04
 1493393128.10     0     70.09      0.00     13.12    12     70.45      0.00     13.83
 1493393128.20     0     71.52      0.00     14.24    12     71.77      0.00     14.75
 1493393128.30     0     73.65      0.00     12.34    12     71.81      0.00     12.92
 1493393128.40     0     71.64      0.00     13.85    12     70.40      0.00     14.70
 1493393128.50     0     69.42      0.00     12.90    12     68.07      0.00     13.87
 1493393128.60     0     68.56      0.00     12.83    12     67.82      0.00     13.46
 1493393128.70     0     70.03      0.00     13.90    12     70.51      0.00     14.15
 1493393128.80     0     69.20      0.00     12.43    12     67.83      0.00     12.84
 1493393128.90     0     69.83      0.00     12.19    12     68.76      0.00     13.03
 1493393129.00     0     71.64      0.00     12.52    12     69.29      0.00     12.82
 1493393129.10     0     68.18      0.00     13.72    12     68.12      0.00     14.34
 1493393129.20     0     70.89      0.00     13.14    12     69.53      0.00     13.88
 1493393129.30     0     69.04      0.00     13.19    12     69.72      0.00     13.43
 1493393129.40     0     70.33      0.00     12.81    12     69.34      0.00     13.70
 1493393129.50     0     69.04      0.00     12.54    12     67.93      0.00     13.64
 1493393129.60     0     71.36      0.00     13.10    12     70.83      0.00     13.86
 1493393129.70     0     72.03      0.00     13.24    12     70.67      0.00     13.79
 1493393129.80     0     69.35      0.00     13.91    12     68.38      0.00     14.38
 1493393129.91     0     65.81      0.00     11.59    12     66.16      0.00     11.95
 1493393130.01     0     72.24      0.00     13.98    12     70.75      0.00     14.83
 1493393130.11     0     68.39      0.00     12.56    12     67.71      0.00     12.86
 1493393130.21     0     71.75      0.00     13.67    12     70.34      0.00     14.33
 1493393130.31     0     72.55      0.00     12.95    12     71.92      0.00     13.25
 1493393130.41     0     73.54      0.00     13.42    12     72.40      0.00     14.28
 1493393130.51     0     68.03      0.00     12.21    12     66.60      0.00     13.45
 1493393130.61     0     70.29      0.00     12.98    12     68.39      0.00     13.39
 1493393130.71     0     70.75      0.00     14.12    12     69.29      0.00     14.80
 1493393130.81     0     69.27      0.00     12.45    12     68.91      0.00     13.73
 1493393130.91     0     71.12      0.00     13.35    12     70.60      0.00     14.42
 1493393131.01     0     69.08      0.00     12.10    12     68.31      0.00     12.96
 1493393131.11     0     69.92      0.00     13.08    12     67.69      0.00     12.77
 1493393131.21     0     69.84      0.00     13.88    12     69.10      0.00     14.45
 1493393131.31     0     67.81      0.00     12.38    12     67.47      0.00     12.80
 1493393131.41     0     72.82      0.00     13.92    12     74.39      0.00     14.74
 1493393131.51     0     69.77      0.00     12.46    12     69.38      0.00     13.55
 1493393131.62     0     71.09      0.00     13.29    12     69.58      0.00     14.12
 1493393131.72     0     72.82      0.00     12.68    12     71.66      0.00     13.20
 1493393131.82     0     75.17      0.00     13.50    12     71.98      0.00     13.91
 1493393131.92     0     67.59      0.00     12.60    12     67.34      0.00     13.48
 1493393132.02     0     69.86      0.00     12.33    12     69.44      0.00     13.12
 1493393132.12     0     70.01      0.00     13.73    12     68.78      0.00     14.46
 1493393132.22     0     70.43      0.00     13.11    12     70.00      0.00     13.57
 1493393132.32     0     71.61      0.00     14.10    12     71.42      0.00     14.60
 1493393132.42     0     69.84      0.00     11.29    12     67.82      0.00     11.54
 1493393132.52     0     71.97      0.00     13.96    12     71.12      0.00     14.63
 1493393132.62     0     70.57      0.00     13.34    12     68.65      0.00     14.05
 1493393132.72     0     71.01      0.00     12.52    12     69.03      0.00     13.47
 1493393132.82     0     70.58      0.00     13.27    12     71.73      0.00     14.57
 1493393132.92     0     70.66      0.00     12.46    12     69.80      0.00     12.85
 1493393133.02     0     70.99      0.00     13.08    12     71.89      0.00     13.73
 1493393133.12     0     75.42      0.00     13.05    12     72.72      0.00     13.47
 1493393133.22     0     68.27      0.00     13.22    12     68.73      0.00     14.51
 1493393133.33     0     69.35      0.00     12.60    12     68.61      0.00     13.63
 1493393133.43     0     70.57      0.00     12.01    12     70.02      0.00     13.71
 1493393133.53     0     70.90      0.00     13.86    12     71.06      0.00     14.09
 1493393133.63     0     71.92      0.00     12.97    12     68.46      0.00     14.09
 1493393133.73     0     72.27      0.00     13.07    12     72.60      0.00     14.24
 1493393133.83     0     74.21      0.00     13.07    12     70.50      0.00     13.22
 1493393133.93     0     71.03      0.00     14.22    12     70.88      0.00     14.44
 1493393134.03     0     67.49      0.00     11.69    12     67.28      0.00     12.47
 1493393134.13     0     71.43      0.00     13.72    12     70.48      0.00     14.40
 1493393134.23     0     70.48      0.00     12.86    12     67.74      0.00     12.88
 1493393134.33     0     71.05      0.00     13.62    12     72.96      0.00     14.16
 1493393134.43     0     71.92      0.00     12.35    12     72.65      0.00     13.52
 1493393134.53     0     72.26      0.00     13.24    12     73.15      0.00     14.37
 1493393134.63     0     70.44      0.00     13.32    12     69.47      0.00     14.31
 1493393134.73     0     70.00      0.00     12.38    12     67.65      0.00     12.61
 1493393134.83     0     72.83      0.00     13.68    12     70.29      0.00     14.18
 1493393134.94     0     72.00      0.00     13.16    12     71.05      0.00     13.20
 1493393135.04     0     73.60      0.00     14.07    12     73.14      0.00     14.34
 1493393135.14     0     73.78      0.00     12.32    12     71.93      0.00     12.47
 1493393135.24     0     70.67      0.00     13.31    12     68.39      0.00     13.98
 1493393135.34     0     70.06      0.00     13.18    12     69.69      0.00     13.03
 1493393135.44     0     73.64      0.00     13.32    12     72.05      0.00     13.27
 1493393135.54     0     71.27      0.00     13.95    12     71.40      0.00     14.12
 1493393135.64     0     70.01      0.00     11.95    12     71.14      0.00     13.42
 1493393135.74     0     72.28      0.00     14.04    12     70.86      0.00     13.79
 1493393135.84     0     72.90      0.00     12.92    12     71.63      0.00     12.66
 1493393135.94     0     73.77      0.00     13.84    12     70.97      0.00     14.48
 1493393136.04     0     68.16      0.00     12.78    12     67.90      0.00     12.87
 1493393136.14     0     70.12      0.00     12.50    12     69.23      0.00     12.91
 1493393136.24     0     71.20      0.00     13.39    12     70.15      0.00     14.21
 1493393136.34     0     72.83      0.00     13.33    12     69.27      0.00     13.28
 1493393136.44     0     73.70      0.00     13.98    12     73.33      0.00     14.41
 1493393136.54     0     73.55      0.00     12.54    12     72.74      0.00     13.06
 1493393136.64     0     72.42      0.00     14.34    12     71.53      0.00     14.42
 1493393136.74     0     70.93      0.00     12.69    12     69.90      0.00     13.99
 1493393136.84     0     70.92      0.00     13.07    12     68.75      0.00     13.54
 1493393136.94     0     72.21      0.00     14.21    12     71.52      0.00     14.34
 1493393137.05     0     69.21      0.00     12.67    12     69.96      0.00     12.90
 1493393137.15     0     71.09      0.00     13.71    12     71.23      0.00     13.53
 1493393137.25     0     74.16      0.00     12.71    12     71.88      0.00     12.80
 1493393137.35     0     71.66      0.00     13.98    12     70.25      0.00     14.08
 1493393137.45     0     70.94      0.00     12.97    12     68.80      0.00     12.62
 1493393137.55     0     71.09      0.00     12.90    12     69.11      0.00     12.84
 1493393137.65     0     70.02      0.00     13.42    12     71.33      0.00     14.17
 1493393137.75     0     71.52      0.00     13.37    12     71.10      0.00     13.68
 1493393137.85     0     72.90      0.00     13.93    12     71.18      0.00     14.62
 1493393137.95     0     73.13      0.00     12.51    12     69.86      0.00     12.99
 1493393138.05     0     68.01      0.00     11.94    12     67.84      0.00     12.43
 1493393138.15     0     68.69      0.00     12.47    12     68.75      0.00     13.54
 1493393138.25     0     71.49      0.00     13.38    12     71.11      0.00     13.47
 1493393138.35     0     74.75      0.00     14.15    12     70.84      0.00     14.01
 1493393138.45     0     68.83      0.00     11.94    12     68.49      0.00     12.01
 1493393138.55     0     70.51      0.00     13.92    12     72.07      0.00     13.88
 1493393138.66     0     74.32      0.00     13.05    12     73.73      0.00     13.32
 1493393138.76     0     71.35      0.00     13.30    12     70.62      0.00     14.62
 1493393138.86     0     71.65      0.00     13.40    12     69.28      0.00     13.77
 1493393138.96     0     69.77      0.00     12.31    12     69.00      0.00     13.00
 1493393139.06     0     71.32      0.00     14.11    12     70.29      0.00     13.65
 1493393139.16     0     69.79      0.00     12.95    12     71.98      0.00     12.64
 1493393139.26     0     72.79      0.00     14.12    12     70.39      0.00     14.57
 1493393139.36     0     72.28      0.00     12.32    12     71.21      0.00     12.52
 1493393139.46     0     72.68      0.00     13.49    12     69.05      0.00     13.49
 1493393139.56     0     69.00      0.00     13.23    12     69.89      0.00     13.06
 1493393139.66     0     71.35      0.00     12.43    12     71.81      0.00     12.84
 1493393139.76     0     70.38      0.00     14.13    12     70.20      0.00     14.71
 1493393139.86     0     71.23      0.00     12.98    12     69.64      0.00     12.89
 1493393139.96     0     71.06      0.00     13.16    12     69.09      0.00     14.15
 1493393140.06     0     69.92      0.00     11.73    12     69.86      0.00     12.33
 1493393140.16     0     69.61      0.00     13.10    12     70.33      0.00     13.22
 1493393140.26     0     69.65      0.00     12.68    12     66.47      0.00     13.31
 1493393140.36     0     73.15      0.00     12.32    12     69.75      0.00     13.51
 1493393140.46     0     70.32      0.00     13.48    12     68.93      0.00     13.48
 1493393140.57     0     72.50      0.00     13.42    12     71.91      0.00     12.70
 1493393140.67     0     70.91      0.00     14.69    12     71.72      0.00     14.34
 1493393140.77     0     72.47      0.00     12.99    12     72.53      0.00     12.93
 1493393140.87     0     72.61      0.00     13.53    12     70.04      0.00     14.42
 1493393140.97     0     70.13      0.00     13.05    12     68.72      0.00     13.51
 1493393141.07     0     70.97      0.00     13.14    12     70.64      0.00     12.96
 1493393141.17     0     70.45      0.00     14.04    12     72.02      0.00     14.33
 1493393141.27     0     71.23      0.00     12.00    12     68.60      0.00     12.37
 1493393141.37     0     70.33      0.00     13.66    12     67.72      0.00     13.71
 1493393141.47     0     75.09      0.00     12.83    12     72.84      0.00     12.70
 1493393141.57     0     72.09      0.00     13.65    12     70.52      0.00     14.25
 1493393141.67     0     69.86      0.00     12.86    12     70.18      0.00     13.83
 1493393141.77     0     69.32      0.00     13.14    12     70.95      0.00     13.18
 1493393141.87     0     72.71      0.00     14.27    12     69.74      0.00     14.13
 1493393141.97     0     72.25      0.00     13.22    12     70.26      0.00     13.48
 1493393142.07     0     73.82      0.00     14.90    12     72.00      0.00     13.88
 1493393142.17     0     72.46      0.00     11.70    12     70.19      0.00     12.36
 1493393142.27     0     70.31      0.00     13.35    12     70.13      0.00     14.37
 1493393142.38     0     70.77      0.00     13.67    12     67.95      0.00     13.20
 1493393142.48     0     73.09      0.00     13.26    12     70.13      0.00     13.14
 1493393142.58     0     71.88      0.00     13.84    12     69.58      0.00     13.66
 1493393142.68     0     68.11      0.00     11.95    12     68.91      0.00     12.41
 1493393142.78     0     72.60      0.00     13.75    12     72.35      0.00     13.81
 1493393142.88     0     73.62      0.00     12.81    12     71.67      0.00     13.28
 1493393142.98     0     70.09      0.00     13.18    12     68.74      0.00     14.32
 1493393143.08     0     69.98      0.00     12.35    12     68.85      0.00     13.16
 1493393143.18     0     70.50      0.00     13.01    12     70.41      0.00     12.84
 1493393143.28     0     70.98      0.00     13.50    12     68.51      0.00     13.97
 1493393143.38     0     71.91      0.00     13.28    12     69.17      0.00     13.24
 1493393143.48     0     74.64      0.00     14.02    12     71.71      0.00     14.47
 1493393143.58     0     73.06      0.00     12.23    12     71.25      0.00     12.32
 1493393143.68     0     69.54      0.00     13.57    12     70.56      0.00     14.36
 1493393143.78     0     70.29      0.00     13.20    12     69.95      0.00     13.29
 1493393143.88     0     71.67      0.00     13.06    12     70.78      0.00     13.68
 1493393143.98     0     71.98      0.00     13.22    12     69.74      0.00     14.11
 1493393144.09     0     72.15      0.00     13.32    12     71.32      0.00     13.23
 1493393144.19     0     70.95      0.00     13.30    12     72.76      0.00     13.70
 1493393144.29     0     72.59      0.00     12.32    12     71.49      0.00     13.06
 1493393144.39     0     71.05      0.00     14.31    12     68.77      0.00     14.62
 1493393144.49     0     71.71      0.00     13.03    12     68.85      0.00     13.04
 1493393144.59     0     71.97      0.00     12.95    12     69.92      0.00     13.04
 1493393144.69     0     71.63      0.00     13.57    12     70.90      0.00     13.64
 1493393144.79     0     70.34      0.00     12.66    12     70.67      0.00     12.79
 1493393144.89     0     73.76      0.00     13.91    12     73.95      0.00     14.63
 1493393144.99     0     66.68      0.00     10.66    12     62.91      0.00     11.07
 1493393145.09     0     72.28      0.00     13.46    12     68.67      0.00     13.67
 1493393145.19     0     67.49      0.00     12.55    12     68.87      0.00     13.44
 1493393145.29     0     69.99      0.00     12.51    12     69.75      0.00     13.04
 1493393145.39     0     72.28      0.00     14.14    12     69.86      0.00     14.50
 1493393145.49     0     71.68      0.00     12.80    12     67.65      0.00     12.86
 1493393145.59     0     73.01      0.00     14.00    12     70.35      0.00     13.28
 1493393145.69     0     71.83      0.00     12.62    12     72.38      0.00     12.13
 1493393145.79     0     73.16      0.00     14.11    12     74.00      0.00     14.51
 1493393145.89     0     69.88      0.00     13.21    12     69.98      0.00     14.03
 1493393146.00     0     72.01      0.00     13.34    12     69.32      0.00     12.99
 1493393146.10     0     71.93      0.00     13.72    12     69.48      0.00     13.57
 1493393146.20     0     72.07      0.00     13.36    12     71.45      0.00     12.91
 1493393146.30     0     71.35      0.00     14.48    12     72.62      0.00     14.04
 1493393146.40     0     71.22      0.00     11.94    12     70.46      0.00     12.30
 1493393146.50     0     74.61      0.00     14.29    12     70.76      0.00     14.61
 1493393146.60     0     71.03      0.00     12.93    12     68.94      0.00     13.21
 1493393146.70     0     70.56      0.00     12.20    12     68.76      0.00     12.65
 1493393146.80     0     71.55      0.00     14.74    12     74.13      0.00     14.37
 1493393146.90     0     70.81      0.00     12.97    12     69.38      0.00     13.19
 1493393147.00     0     73.13      0.00     13.47    12     71.42      0.00     14.44
 1493393147.10     0     73.56      0.00     12.46    12     72.30      0.00     13.04
 1493393147.20     0     71.72      0.00     13.74    12     70.11      0.00     14.27
 1493393147.30     0     69.15      0.00     12.53    12     70.33      0.00     13.31
 1493393147.40     0     70.06      0.00     12.41    12     68.88      0.00     13.23
 1493393147.50     0     72.85      0.00     13.61    12     68.88      0.00     13.76
 1493393147.60     0     72.81      0.00     13.45    12     68.50      0.00     12.83
 1493393147.70     0     71.22      0.00     13.32    12     72.94      0.00     14.43
 1493393147.81     0     71.14      0.00     11.66    12     69.79      0.00     11.97
 1493393147.91     0     70.44      0.00     13.80    12     70.09      0.00     14.56
 1493393148.01     0     72.26      0.00     13.60    12     68.93      0.00     13.50
 1493393148.11     0     72.20      0.00     13.32    12     68.99      0.00     13.25
 1493393148.21     0     71.28      0.00     14.14    12     70.78      0.00     13.68
 1493393148.31     0     71.03      0.00     13.32    12     71.00      0.00     13.06
 1493393148.41     0     70.95      0.00     12.84    12     70.78      0.00     14.20
 1493393148.51     0     73.58      0.00     12.16    12     72.04      0.00     12.95
 1493393148.61     0     72.46      0.00     13.79    12     68.72      0.00     14.20
 1493393148.71     0     69.96      0.00     12.32    12     70.50      0.00     12.85
 1493393148.81     0     70.53      0.00     13.24    12     70.99      0.00     13.44
 1493393148.91     0     71.62      0.00     13.66    12     71.16      0.00     14.27
 1493393149.01     0     72.09      0.00     13.23    12     70.14      0.00     13.71
 1493393149.11     0     72.99      0.00     13.37    12     71.59      0.00     13.71
 1493393149.21     0     70.40      0.00     11.90    12     68.87      0.00     12.65
 1493393149.31     0     70.37      0.00     14.03    12     71.33      0.00     14.01
 1493393149.41     0     70.63      0.00     12.99    12     68.67      0.00     13.07
 1493393149.52     0     70.91      0.00     12.76    12     69.15      0.00     13.67
 1493393149.62     0     73.32      0.00     13.67    12     70.34      0.00     13.64
 1493393149.72     0     70.28      0.00     12.93    12     70.01      0.00     12.85
 1493393149.82     0     69.88      0.00     12.45    12     71.30      0.00     12.97
 1493393149.92     0     71.86      0.00     13.01    12     70.13      0.00     13.21
 1493393150.02     0     71.91      0.00     13.68    12     69.12      0.00     14.68
 1493393150.12     0     70.13      0.00     12.40    12     68.27      0.00     13.07
 1493393150.22     0     71.34      0.00     13.32    12     70.27      0.00     13.45
 1493393150.32     0     72.03      0.00     14.21    12     70.68      0.00     13.49
 1493393150.42     0     70.67      0.00     12.48    12     70.23      0.00     13.57
 1493393150.52     0     72.58      0.00     12.76    12     71.54      0.00     13.93
 1493393150.62     0     71.19      0.00     12.15    12     68.31      0.00     12.17
 1493393150.72     0     69.34      0.00     12.92    12     68.40      0.00     13.67
 1493393150.82     0     68.85      0.00     12.81    12     70.28      0.00     13.00
 1493393150.92     0     71.63      0.00     13.34    12     71.04      0.00     13.74
 1493393151.02     0     72.94      0.00     14.00    12     70.51      0.00     13.64
 1493393151.12     0     73.73      0.00     13.61    12     70.89      0.00     13.48
 1493393151.22     0     71.67      0.00     12.42    12     71.33      0.00     13.36
 1493393151.32     0     69.05      0.00     11.37    12     66.86      0.00     11.95
 1493393151.42     0     70.02      0.00     13.46    12     69.96      0.00     14.55
 1493393151.52     0     70.14      0.00     12.52    12     67.59      0.00     12.66
 1493393151.63     0     72.64      0.00     13.63    12     69.43      0.00     13.63
 1493393151.73     0     72.59      0.00     13.87    12     70.20      0.00     13.44
 1493393151.83     0     70.41      0.00     12.19    12     70.03      0.00     12.81
 1493393151.93     0     73.43      0.00     13.76    12     74.73      0.00     14.61
 1493393152.03     0     66.35      0.00     10.84    12     64.87      0.00     10.99
 1493393152.13     0     73.48      0.00     14.07    12     72.04      0.00     14.70
 1493393152.23     0     70.64      0.00     13.54    12     67.96      0.00     13.13
 1493393152.33     0     70.82      0.00     13.10    12     71.59      0.00     13.00
 1493393152.43     0     71.19      0.00     14.29    12     70.75      0.00     13.67
 1493393152.53     0     69.71      0.00     11.77    12     68.70      0.00     12.75
 1493393152.63     0     72.65      0.00     13.51    12     68.81      0.00     14.26
 1493393152.73     0     72.10      0.00     12.20    12     71.05      0.00     12.30
 1493393152.83     0     69.91      0.00     13.88    12     71.55      0.00     13.21
 1493393152.93     0     69.73      0.00     12.48    12     69.07      0.00     12.97
 1493393153.03     0     70.50      0.00     12.59    12     69.13      0.00     13.51
 1493393153.13     0     69.06      0.00     13.50    12     69.88      0.00     13.97
 1493393153.23     0     72.54      0.00     13.00    12     71.53      0.00     13.62
 1493393153.34     0     73.16      0.00     14.36    12     71.56      0.00     14.47
 1493393153.44     0     71.70      0.00     12.19    12     70.37      0.00     11.99
 1493393153.54     0     72.88      0.00     13.62    12     70.32      0.00     14.53
 1493393153.64     0     72.24      0.00     12.62    12     68.35      0.00     13.57
 1493393153.74     0     70.90      0.00     12.71    12     71.35      0.00     13.25
 1493393153.84     0     71.47      0.00     14.01    12     68.78      0.00     13.40
 1493393153.94     0     69.93      0.00     11.91    12     69.25      0.00     11.78
 1493393154.04     0     70.63      0.00     13.27    12     69.35      0.00     13.54
 1493393154.14     0     72.25      0.00     12.38    12     73.19      0.00     13.31
 1493393154.24     0     71.89      0.00     13.49    12     68.12      0.00     14.43
 1493393154.34     0     68.73      0.00     12.78    12     70.03      0.00     13.32
 1493393154.44     0     70.24      0.00     12.51    12     69.40      0.00     12.89
 1493393154.54     0     72.40      0.00     13.51    12     70.11      0.00     13.73
 1493393154.64     0     71.01      0.00     12.53    12     69.39      0.00     12.57
 1493393154.74     0     74.55      0.00     14.01    12     71.05      0.00     14.19
 1493393154.84     0     73.96      0.00     12.48    12     71.80      0.00     12.34
 1493393154.95     0     69.73      0.00     13.62    12     69.52      0.00     13.98
 1493393155.05     0     72.05      0.00     13.19    12     68.57      0.00     13.08
 1493393155.15     0     71.72      0.00     13.10    12     68.82      0.00     13.28
 1493393155.25     0     72.66      0.00     13.83    12     71.57      0.00     14.60
 1493393155.35     0     70.01      0.00     12.61    12     69.52      0.00     12.38
 1493393155.45     0     71.03      0.00     13.24    12     71.01      0.00     13.92
 1493393155.55     0     73.35      0.00     11.90    12     71.53      0.00     12.50
 1493393155.65     0     72.24      0.00     13.94    12     68.89      0.00     14.72
 1493393155.75     0     70.88      0.00     12.63    12     69.30      0.00     12.91
 1493393155.85     0     71.53      0.00     13.21    12     69.75      0.00     12.65
 1493393155.95     0     70.67      0.00     13.23    12     69.80      0.00     12.97
 1493393156.05     0     70.47      0.00     13.15    12     70.63      0.00     13.50
 1493393156.15     0     73.87      0.00     13.49    12     72.68      0.00     14.61
 1493393156.25     0     73.55      0.00     12.60    12     71.57      0.00     12.86
 1493393156.35     0     70.64      0.00     13.98    12     69.59      0.00     14.36
 1493393156.45     0     69.81      0.00     13.19    12     70.23      0.00     13.06
 1493393156.55     0     70.57      0.00     12.81    12     67.34      0.00     12.92
 1493393156.65     0     72.66      0.00     13.59    12     70.90      0.00     14.06
 1493393156.76     0     69.70      0.00     13.40    12     70.28      0.00     13.10
 1493393156.86     0     72.62      0.00     13.73    12     71.40      0.00     13.74
 1493393156.96     0     38.40      0.00      5.92    12     34.60      0.00      6.08
