         #Time  Core     P_PKG     P_PP0    P_DRAM  Core     P_PKG     P_PP0    P_DRAM
 1494567665.96     0     22.23      0.00      4.78    12     23.80      0.00      5.02
 1494567666.06     0     24.02      0.00      4.27    12     23.29      0.00      3.75
 1494567666.16     0     28.05      0.00      4.30    12     26.26      0.00      3.68
 1494567666.26     0     30.97      0.00      4.90    12     28.43      0.00      3.84
 1494567666.36     0     38.59      0.00      5.79    12     38.59      0.00      5.50
 1494567666.46     0     35.20      0.00      5.11    12     35.46      0.00      5.08
 1494567666.56     0     34.79      0.00      5.04    12     35.06      0.00      5.06
 1494567666.66     0     34.89      0.00      5.00    12     35.13      0.00      4.98
 1494567666.76     0     34.79      0.00      4.96    12     35.10      0.00      5.04
 1494567666.86     0     34.77      0.00      4.99    12     35.07      0.00      5.06
 1494567666.96     0     34.85      0.00      5.07    12     35.14      0.00      5.06
 1494567667.06     0     34.89      0.00      4.92    12     35.14      0.00      5.03
 1494567667.16     0     34.87      0.00      4.93    12     35.12      0.00      4.95
 1494567667.26     0     34.97      0.00      5.00    12     35.18      0.00      5.09
 1494567667.36     0     34.41      0.00      4.86    12     34.41      0.00      4.93
 1494567667.46     0     34.98      0.00      5.21    12     35.24      0.00      5.13
 1494567667.56     0     34.90      0.00      5.04    12     35.17      0.00      5.06
 1494567667.66     0     34.77      0.00      4.99    12     35.17      0.00      4.96
 1494567667.76     0     34.95      0.00      5.07    12     35.34      0.00      5.05
 1494567667.86     0     34.66      0.00      4.97    12     34.60      0.00      4.97
 1494567667.96     0     34.09      0.00      4.70    12     33.56      0.00      4.85
 1494567668.06     0     35.23      0.00      5.01    12     35.13      0.00      5.09
 1494567668.16     0     34.92      0.00      5.16    12     35.25      0.00      5.12
 1494567668.26     0     34.92      0.00      5.02    12     35.27      0.00      5.03
 1494567668.36     0     34.96      0.00      4.99    12     35.25      0.00      4.99
 1494567668.46     0     34.97      0.00      5.10    12     35.24      0.00      4.98
 1494567668.56     0     35.01      0.00      5.16    12     35.28      0.00      5.04
 1494567668.66     0     34.93      0.00      5.05    12     35.20      0.00      5.03
 1494567668.76     0     34.81      0.00      4.96    12     34.99      0.00      5.00
 1494567668.86     0     34.94      0.00      4.95    12     35.13      0.00      5.01
 1494567668.96     0     34.90      0.00      5.04    12     35.05      0.00      5.04
 1494567669.06     0     34.95      0.00      4.94    12     35.19      0.00      4.91
 1494567669.16     0     34.84      0.00      4.96    12     35.06      0.00      4.93
 1494567669.26     0     35.27      0.00      5.12    12     35.19      0.00      5.02
 1494567669.36     0     34.93      0.00      4.98    12     35.40      0.00      5.08
 1494567669.46     0     34.91      0.00      5.02    12     35.08      0.00      4.99
 1494567669.56     0     34.80      0.00      5.10    12     35.04      0.00      5.05
 1494567669.66     0     34.46      0.00      5.04    12     35.00      0.00      5.03
 1494567669.76     0     35.14      0.00      5.10    12     35.04      0.00      5.04
 1494567669.86     0     34.50      0.00      4.85    12     34.29      0.00      4.94
 1494567669.96     0     34.90      0.00      4.98    12     35.16      0.00      5.03
 1494567670.06     0     34.91      0.00      5.03    12     35.07      0.00      4.99
 1494567670.16     0     34.81      0.00      4.97    12     34.99      0.00      4.94
 1494567670.26     0     34.98      0.00      4.96    12     35.05      0.00      5.00
 1494567670.36     0     34.89      0.00      5.00    12     35.05      0.00      4.96
 1494567670.46     0     34.87      0.00      4.98    12     35.06      0.00      4.98
 1494567670.56     0     34.89      0.00      4.94    12     35.08      0.00      4.97
 1494567670.66     0     34.84      0.00      5.22    12     35.15      0.00      5.06
 1494567670.76     0     34.88      0.00      5.01    12     35.06      0.00      5.01
 1494567670.86     0     34.90      0.00      5.00    12     34.99      0.00      4.95
 1494567670.96     0     34.63      0.00      4.93    12     34.84      0.00      4.85
 1494567671.06     0     34.75      0.00      5.01    12     34.91      0.00      5.00
 1494567671.16     0     34.83      0.00      5.02    12     35.04      0.00      4.99
 1494567671.26     0     34.82      0.00      5.03    12     35.05      0.00      5.01
 1494567671.36     0     34.86      0.00      4.99    12     35.08      0.00      4.98
 1494567671.46     0     34.93      0.00      4.98    12     35.04      0.00      5.03
 1494567671.56     0     34.94      0.00      5.00    12     35.19      0.00      5.01
 1494567671.66     0     34.83      0.00      5.07    12     34.93      0.00      4.98
 1494567671.76     0     34.74      0.00      5.18    12     34.95      0.00      5.01
 1494567671.86     0     34.86      0.00      5.08    12     34.92      0.00      5.04
 1494567671.96     0     34.45      0.00      4.94    12     34.54      0.00      4.96
 1494567672.06     0     34.92      0.00      5.03    12     35.02      0.00      4.92
 1494567672.16     0     34.93      0.00      4.95    12     35.01      0.00      4.97
 1494567672.26     0     34.87      0.00      4.95    12     35.01      0.00      5.01
 1494567672.36     0     34.74      0.00      5.02    12     34.95      0.00      5.01
 1494567672.46     0     34.86      0.00      5.00    12     35.10      0.00      5.01
 1494567672.56     0     34.97      0.00      4.97    12     35.08      0.00      4.98
 1494567672.66     0     34.88      0.00      5.05    12     35.02      0.00      4.99
 1494567672.76     0     34.84      0.00      5.06    12     35.03      0.00      5.01
 1494567672.86     0     34.81      0.00      5.09    12     35.04      0.00      5.02
 1494567672.96     0     34.85      0.00      4.94    12     35.14      0.00      4.99
 1494567673.06     0     34.95      0.00      4.96    12     35.05      0.00      4.98
 1494567673.16     0     34.90      0.00      4.99    12     35.07      0.00      5.03
 1494567673.26     0     34.92      0.00      5.02    12     34.97      0.00      5.03
 1494567673.36     0     34.78      0.00      4.98    12     34.76      0.00      4.97
 1494567673.46     0     34.85      0.00      5.01    12     34.92      0.00      5.00
 1494567673.57     0     34.86      0.00      4.95    12     35.05      0.00      5.02
 1494567673.67     0     34.94      0.00      5.03    12     35.10      0.00      5.01
 1494567673.77     0     34.72      0.00      4.96    12     34.73      0.00      4.97
 1494567673.87     0     34.93      0.00      5.18    12     35.03      0.00      4.97
 1494567673.97     0     34.97      0.00      5.07    12     35.10      0.00      5.00
 1494567674.07     0     34.87      0.00      4.97    12     34.99      0.00      4.97
 1494567674.17     0     34.89      0.00      5.00    12     34.99      0.00      4.97
 1494567674.27     0     34.90      0.00      4.97    12     35.03      0.00      4.98
 1494567674.37     0     34.87      0.00      5.05    12     35.05      0.00      5.00
 1494567674.47     0     34.94      0.00      5.00    12     35.02      0.00      4.96
 1494567674.57     0     34.97      0.00      4.97    12     35.00      0.00      4.99
 1494567674.67     0     34.96      0.00      4.99    12     35.11      0.00      4.98
 1494567674.77     0     34.89      0.00      5.00    12     34.97      0.00      5.02
 1494567674.87     0     34.98      0.00      5.07    12     35.04      0.00      5.04
 1494567674.97     0     35.01      0.00      5.16    12     35.04      0.00      5.10
 1494567675.07     0     34.91      0.00      5.04    12     35.08      0.00      4.97
 1494567675.17     0     34.91      0.00      4.96    12     35.06      0.00      5.00
 1494567675.27     0     34.92      0.00      5.01    12     35.06      0.00      4.97
 1494567675.37     0     34.94      0.00      4.99    12     35.01      0.00      5.01
 1494567675.47     0     34.96      0.00      4.96    12     35.04      0.00      4.98
 1494567675.57     0     34.88      0.00      5.02    12     34.95      0.00      5.02
 1494567675.67     0     34.92      0.00      5.00    12     34.99      0.00      5.02
 1494567675.77     0     34.91      0.00      4.97    12     35.39      0.00      5.00
 1494567675.87     0     35.28      0.00      5.00    12     34.67      0.00      4.95
 1494567675.97     0     34.89      0.00      5.19    12     34.98      0.00      5.02
 1494567676.07     0     34.53      0.00      4.98    12     35.14      0.00      5.04
 1494567676.17     0     34.84      0.00      5.06    12     34.99      0.00      5.01
 1494567676.27     0     35.31      0.00      5.09    12     35.03      0.00      5.01
 1494567676.37     0     34.60      0.00      4.97    12     34.70      0.00      4.92
 1494567676.47     0     35.31      0.00      4.99    12     35.43      0.00      4.92
 1494567676.57     0     34.81      0.00      5.00    12     34.90      0.00      5.05
 1494567676.67     0     34.91      0.00      5.03    12     34.96      0.00      5.03
 1494567676.77     0     34.93      0.00      5.02    12     35.03      0.00      4.99
 1494567676.87     0     34.92      0.00      4.97    12     35.03      0.00      4.95
 1494567676.97     0     34.77      0.00      5.06    12     34.79      0.00      5.01
 1494567677.07     0     34.92      0.00      5.16    12     35.03      0.00      5.02
 1494567677.17     0     34.94      0.00      5.08    12     34.96      0.00      5.03
 1494567677.27     0     34.95      0.00      5.01    12     35.02      0.00      4.95
 1494567677.37     0     34.89      0.00      5.06    12     35.08      0.00      5.07
 1494567677.47     0     34.96      0.00      4.98    12     35.02      0.00      4.98
 1494567677.57     0     34.87      0.00      5.01    12     34.96      0.00      4.95
 1494567677.67     0     34.90      0.00      5.07    12     35.10      0.00      5.11
 1494567677.77     0     34.94      0.00      5.01    12     35.03      0.00      5.02
 1494567677.87     0     34.91      0.00      4.99    12     35.00      0.00      4.99
 1494567677.97     0     34.86      0.00      5.02    12     34.96      0.00      5.05
 1494567678.07     0     34.89      0.00      5.10    12     35.01      0.00      5.03
 1494567678.17     0     34.95      0.00      5.10    12     35.04      0.00      5.05
 1494567678.27     0     34.89      0.00      5.02    12     35.07      0.00      5.04
 1494567678.37     0     34.88      0.00      4.98    12     35.10      0.00      5.00
 1494567678.47     0     34.93      0.00      4.93    12     35.00      0.00      4.99
 1494567678.57     0     34.91      0.00      5.06    12     34.95      0.00      5.01
 1494567678.67     0     34.93      0.00      4.94    12     35.03      0.00      5.07
 1494567678.77     0     34.94      0.00      4.97    12     35.08      0.00      5.02
 1494567678.87     0     34.94      0.00      5.03    12     35.06      0.00      5.02
 1494567678.97     0     34.87      0.00      4.96    12     35.02      0.00      4.98
 1494567679.07     0     34.87      0.00      5.01    12     35.06      0.00      5.04
 1494567679.17     0     34.93      0.00      5.13    12     35.10      0.00      5.08
 1494567679.27     0     34.96      0.00      5.08    12     35.03      0.00      5.03
 1494567679.37     0     34.86      0.00      5.01    12     35.06      0.00      5.01
 1494567679.47     0     34.86      0.00      5.00    12     35.07      0.00      5.02
 1494567679.57     0     34.91      0.00      5.06    12     35.12      0.00      5.04
 1494567679.67     0     34.93      0.00      4.91    12     35.14      0.00      5.04
 1494567679.77     0     34.89      0.00      5.00    12     34.99      0.00      4.98
 1494567679.87     0     34.86      0.00      4.93    12     35.01      0.00      5.01
 1494567679.97     0     34.95      0.00      5.03    12     35.05      0.00      5.05
 1494567680.07     0     34.92      0.00      4.98    12     35.06      0.00      5.01
 1494567680.17     0     34.93      0.00      4.99    12     35.07      0.00      5.04
 1494567680.27     0     34.83      0.00      5.21    12     35.01      0.00      5.05
 1494567680.37     0     34.98      0.00      5.05    12     35.05      0.00      5.08
 1494567680.47     0     34.86      0.00      5.01    12     35.06      0.00      5.04
 1494567680.57     0     34.91      0.00      5.02    12     35.03      0.00      5.02
 1494567680.67     0     34.85      0.00      5.10    12     35.02      0.00      5.08
 1494567680.77     0     34.93      0.00      4.99    12     35.06      0.00      5.03
 1494567680.87     0     34.93      0.00      4.98    12     35.01      0.00      5.01
 1494567680.97     0     34.63      0.00      4.89    12     34.67      0.00      5.01
 1494567681.07     0     34.93      0.00      5.03    12     35.06      0.00      5.02
 1494567681.17     0     34.90      0.00      4.93    12     35.04      0.00      5.00
 1494567681.27     0     34.81      0.00      5.06    12     34.86      0.00      5.05
 1494567681.37     0     34.95      0.00      5.13    12     35.01      0.00      5.02
 1494567681.47     0     34.91      0.00      5.12    12     34.94      0.00      5.03
 1494567681.57     0     34.92      0.00      4.99    12     35.10      0.00      5.02
 1494567681.67     0     34.95      0.00      5.01    12     35.02      0.00      5.04
 1494567681.77     0     34.79      0.00      4.97    12     34.85      0.00      5.04
 1494567681.87     0     34.94      0.00      4.97    12     35.01      0.00      5.00
 1494567681.97     0     34.85      0.00      5.01    12     34.87      0.00      4.94
 1494567682.07     0     34.81      0.00      4.89    12     34.89      0.00      5.05
 1494567682.17     0     34.90      0.00      4.99    12     35.07      0.00      5.00
 1494567682.27     0     34.87      0.00      4.97    12     34.92      0.00      5.05
 1494567682.37     0     35.30      0.00      5.19    12     35.09      0.00      5.03
 1494567682.47     0     34.63      0.00      5.01    12     35.11      0.00      5.04
 1494567682.57     0     34.90      0.00      4.98    12     35.36      0.00      5.06
 1494567682.67     0     35.26      0.00      5.04    12     34.66      0.00      5.01
 1494567682.78     0     34.89      0.00      5.03    12     35.26      0.00      5.07
 1494567682.88     0     34.62      0.00      4.95    12     35.09      0.00      5.01
 1494567682.98     0     35.28      0.00      5.12    12     35.05      0.00      5.04
 1494567683.08     0     34.91      0.00      5.01    12     35.02      0.00      5.01
 1494567683.18     0     34.90      0.00      4.95    12     35.00      0.00      5.05
 1494567683.28     0     34.93      0.00      4.98    12     35.04      0.00      5.04
 1494567683.38     0     34.94      0.00      5.07    12     35.12      0.00      5.05
 1494567683.48     0     34.92      0.00      5.07    12     35.01      0.00      5.01
 1494567683.58     0     34.93      0.00      5.05    12     35.04      0.00      5.06
 1494567683.68     0     34.94      0.00      5.00    12     35.12      0.00      5.03
 1494567683.78     0     34.95      0.00      4.98    12     35.09      0.00      5.01
 1494567683.88     0     34.92      0.00      4.96    12     35.01      0.00      5.02
 1494567683.98     0     34.92      0.00      5.00    12     35.00      0.00      5.02
 1494567684.08     0     34.89      0.00      5.02    12     35.01      0.00      5.05
 1494567684.18     0     34.90      0.00      5.02    12     35.04      0.00      5.01
 1494567684.28     0     34.94      0.00      5.02    12     35.06      0.00      4.98
 1494567684.38     0     34.89      0.00      4.95    12     34.92      0.00      5.04
 1494567684.48     0     34.93      0.00      5.18    12     35.03      0.00      5.11
 1494567684.58     0     34.95      0.00      5.07    12     35.13      0.00      5.04
 1494567684.68     0     34.91      0.00      4.96    12     35.01      0.00      4.99
 1494567684.78     0     34.89      0.00      4.98    12     35.04      0.00      5.00
 1494567684.88     0     34.94      0.00      5.06    12     35.06      0.00      5.03
 1494567684.98     0     34.50      0.00      4.89    12     34.37      0.00      4.96
 1494567685.08     0     34.95      0.00      4.96    12     35.07      0.00      5.03
 1494567685.18     0     34.93      0.00      4.96    12     35.14      0.00      5.03
 1494567685.28     0     34.95      0.00      4.97    12     35.01      0.00      4.97
 1494567685.38     0     34.83      0.00      4.98    12     34.93      0.00      5.03
 1494567685.48     0     34.97      0.00      5.01    12     35.11      0.00      5.05
 1494567685.58     0     34.91      0.00      5.21    12     35.06      0.00      5.12
 1494567685.68     0     34.95      0.00      5.04    12     34.99      0.00      5.07
 1494567685.78     0     34.82      0.00      4.99    12     35.00      0.00      5.02
 1494567685.88     0     34.95      0.00      4.97    12     35.19      0.00      4.97
 1494567685.98     0     34.89      0.00      4.99    12     35.08      0.00      5.06
 1494567686.08     0     34.93      0.00      5.02    12     35.11      0.00      5.01
 1494567686.18     0     34.86      0.00      5.02    12     34.95      0.00      5.03
 1494567686.28     0     34.99      0.00      4.97    12     35.07      0.00      5.02
 1494567686.38     0     34.93      0.00      5.03    12     35.03      0.00      5.03
 1494567686.48     0     34.92      0.00      5.01    12     35.12      0.00      5.03
 1494567686.58     0     34.95      0.00      5.15    12     34.98      0.00      5.04
 1494567686.68     0     34.88      0.00      5.09    12     35.09      0.00      5.09
 1494567686.78     0     34.94      0.00      4.99    12     35.04      0.00      5.01
 1494567686.88     0     34.94      0.00      5.05    12     35.01      0.00      5.08
 1494567686.98     0     34.76      0.00      5.00    12     34.90      0.00      4.98
 1494567687.08     0     34.92      0.00      5.05    12     34.94      0.00      5.07
 1494567687.18     0     34.88      0.00      4.95    12     34.96      0.00      4.99
 1494567687.28     0     34.95      0.00      5.03    12     35.03      0.00      5.03
 1494567687.38     0     34.93      0.00      4.99    12     35.01      0.00      5.04
 1494567687.48     0     34.94      0.00      4.99    12     35.07      0.00      5.01
 1494567687.58     0     34.89      0.00      5.00    12     35.00      0.00      5.00
 1494567687.68     0     34.95      0.00      5.11    12     35.06      0.00      5.10
 1494567687.78     0     34.92      0.00      5.05    12     35.05      0.00      5.07
 1494567687.88     0     34.96      0.00      5.04    12     35.02      0.00      5.08
 1494567687.98     0     34.90      0.00      5.01    12     35.09      0.00      5.02
 1494567688.08     0     34.93      0.00      4.93    12     34.99      0.00      4.98
 1494567688.18     0     34.89      0.00      5.05    12     35.01      0.00      5.04
 1494567688.28     0     34.92      0.00      5.04    12     34.99      0.00      5.01
 1494567688.38     0     34.87      0.00      5.03    12     34.97      0.00      4.99
 1494567688.48     0     34.92      0.00      5.08    12     35.04      0.00      5.03
 1494567688.58     0     34.92      0.00      5.01    12     35.04      0.00      5.02
 1494567688.68     0     34.93      0.00      5.12    12     34.99      0.00      5.07
 1494567688.78     0     34.98      0.00      5.07    12     35.01      0.00      5.06
 1494567688.88     0     34.92      0.00      5.02    12     35.01      0.00      5.07
 1494567688.98     0     34.92      0.00      5.02    12     35.17      0.00      5.01
 1494567689.08     0     34.89      0.00      5.00    12     34.93      0.00      5.04
 1494567689.18     0     34.91      0.00      4.95    12     34.99      0.00      5.04
 1494567689.28     0     34.93      0.00      5.00    12     35.08      0.00      4.99
 1494567689.38     0     34.96      0.00      5.03    12     35.06      0.00      5.04
 1494567689.48     0     34.87      0.00      4.97    12     34.96      0.00      5.01
 1494567689.58     0     34.91      0.00      4.97    12     35.41      0.00      5.06
 1494567689.68     0     34.94      0.00      4.98    12     35.03      0.00      4.97
 1494567689.78     0     34.92      0.00      5.22    12     35.02      0.00      5.05
 1494567689.88     0     35.23      0.00      5.04    12     34.96      0.00      5.04
 1494567689.98     0     34.92      0.00      4.98    12     35.14      0.00      5.05
 1494567690.08     0     34.91      0.00      5.00    12     35.09      0.00      5.03
 1494567690.18     0     34.91      0.00      4.96    12     35.00      0.00      5.03
 1494567690.28     0     34.92      0.00      5.01    12     34.98      0.00      4.95
 1494567690.38     0     34.79      0.00      4.89    12     34.94      0.00      4.98
 1494567690.48     0     34.95      0.00      5.06    12     35.00      0.00      5.05
 1494567690.58     0     34.88      0.00      5.02    12     35.15      0.00      5.05
 1494567690.68     0     34.87      0.00      4.97    12     35.04      0.00      5.02
 1494567690.78     0     34.89      0.00      5.08    12     34.99      0.00      4.99
 1494567690.88     0     34.84      0.00      5.12    12     35.08      0.00      5.03
 1494567690.98     0     34.89      0.00      5.05    12     35.08      0.00      5.02
 1494567691.08     0     34.88      0.00      4.99    12     35.05      0.00      4.94
 1494567691.18     0     34.84      0.00      5.05    12     34.89      0.00      4.98
 1494567691.28     0     34.92      0.00      5.02    12     35.05      0.00      4.99
 1494567691.38     0     34.86      0.00      5.05    12     34.97      0.00      5.02
 1494567691.48     0     34.94      0.00      4.96    12     35.09      0.00      5.00
 1494567691.58     0     34.87      0.00      4.90    12     34.89      0.00      5.02
 1494567691.68     0     34.90      0.00      4.99    12     35.02      0.00      4.97
 1494567691.78     0     34.91      0.00      4.98    12     35.14      0.00      5.00
 1494567691.88     0     34.90      0.00      5.22    12     34.98      0.00      4.98
 1494567691.99     0     34.91      0.00      5.11    12     35.09      0.00      5.08
 1494567692.09     0     34.92      0.00      5.01    12     35.07      0.00      4.99
 1494567692.19     0     34.91      0.00      5.00    12     35.08      0.00      5.00
 1494567692.29     0     34.88      0.00      5.03    12     34.94      0.00      4.99
 1494567692.39     0     34.93      0.00      4.97    12     35.09      0.00      4.96
 1494567692.49     0     34.90      0.00      4.98    12     35.08      0.00      4.98
 1494567692.59     0     34.93      0.00      5.06    12     35.00      0.00      5.05
 1494567692.69     0     34.90      0.00      4.98    12     34.98      0.00      4.97
 1494567692.79     0     34.92      0.00      4.96    12     35.07      0.00      4.99
 1494567692.89     0     34.91      0.00      5.06    12     35.03      0.00      5.02
 1494567692.99     0     34.96      0.00      5.17    12     35.03      0.00      5.05
 1494567693.09     0     34.87      0.00      4.99    12     34.93      0.00      5.04
 1494567693.19     0     34.91      0.00      4.99    12     35.05      0.00      4.95
 1494567693.29     0     34.89      0.00      4.99    12     34.99      0.00      5.01
 1494567693.39     0     34.90      0.00      5.00    12     34.99      0.00      4.98
 1494567693.49     0     34.87      0.00      5.00    12     34.99      0.00      4.99
 1494567693.59     0     34.90      0.00      5.01    12     35.07      0.00      5.00
 1494567693.69     0     34.93      0.00      5.00    12     35.06      0.00      4.97
 1494567693.79     0     34.86      0.00      5.03    12     35.05      0.00      5.00
 1494567693.89     0     34.91      0.00      5.01    12     35.03      0.00      4.98
 1494567693.99     0     34.93      0.00      5.05    12     35.19      0.00      4.97
 1494567694.09     0     34.91      0.00      5.13    12     35.00      0.00      5.04
 1494567694.19     0     34.84      0.00      5.07    12     35.05      0.00      5.04
 1494567694.29     0     34.92      0.00      4.93    12     35.08      0.00      4.99
 1494567694.39     0     34.92      0.00      5.02    12     35.18      0.00      5.01
 1494567694.49     0     34.94      0.00      5.02    12     35.06      0.00      5.00
 1494567694.59     0     34.89      0.00      4.96    12     34.98      0.00      4.91
 1494567694.69     0     34.92      0.00      5.05    12     35.06      0.00      5.00
 1494567694.79     0     34.90      0.00      5.04    12     35.12      0.00      5.01
 1494567694.89     0     34.90      0.00      5.01    12     35.00      0.00      4.93
 1494567694.99     0     34.73      0.00      4.96    12     34.74      0.00      4.96
 1494567695.09     0     34.12      0.00      4.89    12     33.78      0.00      4.83
 1494567695.19     0     34.77      0.00      5.09    12     34.87      0.00      4.99
 1494567695.29     0     34.86      0.00      5.06    12     35.07      0.00      5.02
 1494567695.39     0     34.93      0.00      4.97    12     35.08      0.00      4.97
 1494567695.49     0     34.92      0.00      4.97    12     35.10      0.00      4.95
 1494567695.59     0     34.92      0.00      5.05    12     35.07      0.00      4.98
 1494567695.69     0     34.89      0.00      5.01    12     35.02      0.00      4.94
 1494567695.79     0     35.24      0.00      5.09    12     35.03      0.00      5.01
 1494567695.89     0     34.54      0.00      5.00    12     35.52      0.00      4.97
 1494567695.99     0     35.32      0.00      5.00    12     35.08      0.00      5.02
 1494567696.09     0     34.83      0.00      5.05    12     34.97      0.00      4.96
 1494567696.19     0     34.56      0.00      5.07    12     35.08      0.00      5.05
 1494567696.29     0     35.00      0.00      5.16    12     35.01      0.00      5.03
 1494567696.39     0     35.25      0.00      5.12    12     35.04      0.00      4.98
 1494567696.49     0     34.83      0.00      4.98    12     34.72      0.00      4.90
 1494567696.59     0     34.96      0.00      4.99    12     35.42      0.00      5.04
 1494567696.69     0     34.91      0.00      5.02    12     35.03      0.00      5.02
 1494567696.79     0     34.91      0.00      4.98    12     35.01      0.00      5.01
 1494567696.89     0     34.93      0.00      4.99    12     35.13      0.00      4.92
 1494567696.99     0     34.94      0.00      4.99    12     35.02      0.00      4.97
 1494567697.09     0     34.90      0.00      5.06    12     35.07      0.00      4.98
 1494567697.19     0     34.92      0.00      5.00    12     35.09      0.00      4.96
 1494567697.29     0     34.87      0.00      5.16    12     35.05      0.00      5.04
 1494567697.39     0     34.98      0.00      5.05    12     34.99      0.00      5.01
 1494567697.49     0     34.84      0.00      5.06    12     35.10      0.00      4.97
 1494567697.59     0     34.89      0.00      5.03    12     35.00      0.00      5.01
 1494567697.69     0     34.89      0.00      4.96    12     34.95      0.00      4.97
 1494567697.79     0     34.93      0.00      5.04    12     35.03      0.00      5.01
 1494567697.89     0     34.92      0.00      5.03    12     35.06      0.00      4.98
 1494567697.99     0     34.90      0.00      5.01    12     35.00      0.00      5.00
 1494567698.09     0     34.91      0.00      5.03    12     35.02      0.00      4.98
 1494567698.19     0     34.90      0.00      5.04    12     35.04      0.00      4.98
 1494567698.29     0     34.94      0.00      5.05    12     35.14      0.00      4.96
 1494567698.39     0     34.91      0.00      5.17    12     35.04      0.00      5.01
 1494567698.49     0     34.80      0.00      5.01    12     35.00      0.00      4.97
 1494567698.59     0     34.95      0.00      5.00    12     35.07      0.00      4.96
 1494567698.69     0     34.91      0.00      5.03    12     35.02      0.00      4.98
 1494567698.79     0     34.90      0.00      5.03    12     35.09      0.00      4.96
 1494567698.89     0     34.87      0.00      4.95    12     35.03      0.00      5.01
 1494567698.99     0     34.92      0.00      5.04    12     35.15      0.00      4.97
 1494567699.09     0     34.90      0.00      5.06    12     35.05      0.00      4.99
 1494567699.19     0     34.89      0.00      5.06    12     34.95      0.00      4.98
 1494567699.29     0     34.90      0.00      5.09    12     34.96      0.00      4.99
 1494567699.39     0     34.90      0.00      5.08    12     35.11      0.00      5.02
 1494567699.49     0     34.96      0.00      5.17    12     35.07      0.00      5.01
 1494567699.59     0     34.87      0.00      5.03    12     34.99      0.00      5.02
 1494567699.69     0     34.87      0.00      5.01    12     35.06      0.00      5.00
 1494567699.79     0     34.94      0.00      5.06    12     35.11      0.00      4.95
 1494567699.89     0     34.92      0.00      5.01    12     35.05      0.00      4.97
 1494567699.99     0     34.92      0.00      5.04    12     35.03      0.00      5.02
 1494567700.09     0     34.88      0.00      4.89    12     34.96      0.00      4.94
 1494567700.19     0     34.84      0.00      5.02    12     34.94      0.00      4.93
 1494567700.29     0     34.92      0.00      5.00    12     35.07      0.00      4.92
 1494567700.39     0     34.91      0.00      5.02    12     35.07      0.00      4.97
 1494567700.49     0     34.90      0.00      5.20    12     34.97      0.00      5.10
 1494567700.59     0     34.91      0.00      5.11    12     35.01      0.00      5.06
 1494567700.69     0     34.65      0.00      5.04    12     34.94      0.00      5.06
 1494567700.79     0     34.92      0.00      5.01    12     35.02      0.00      5.02
 1494567700.89     0     34.90      0.00      5.03    12     35.11      0.00      4.95
 1494567700.99     0     34.89      0.00      4.96    12     35.04      0.00      4.97
 1494567701.09     0     34.82      0.00      5.01    12     35.01      0.00      4.99
 1494567701.20     0     34.92      0.00      5.00    12     35.15      0.00      4.99
 1494567701.30     0     34.91      0.00      5.05    12     35.08      0.00      4.98
 1494567701.40     0     34.86      0.00      5.02    12     35.05      0.00      4.95
 1494567701.50     0     34.84      0.00      5.03    12     35.05      0.00      5.03
 1494567701.60     0     34.95      0.00      5.20    12     35.08      0.00      5.01
 1494567701.70     0     34.91      0.00      5.07    12     35.03      0.00      4.99
 1494567701.80     0     34.86      0.00      5.01    12     35.10      0.00      4.98
 1494567701.90     0     34.86      0.00      5.08    12     35.00      0.00      4.99
 1494567702.00     0     34.90      0.00      5.06    12     35.06      0.00      5.04
 1494567702.10     0     34.93      0.00      4.98    12     35.07      0.00      4.99
 1494567702.20     0     34.88      0.00      5.01    12     35.02      0.00      4.99
 1494567702.30     0     34.90      0.00      5.03    12     35.01      0.00      5.02
 1494567702.40     0     34.95      0.00      5.02    12     35.08      0.00      5.00
 1494567702.50     0     35.26      0.00      5.08    12     35.44      0.00      4.94
 1494567702.60     0     34.87      0.00      5.04    12     34.73      0.00      5.03
 1494567702.70     0     34.96      0.00      5.20    12     35.41      0.00      5.03
 1494567702.80     0     34.90      0.00      5.07    12     34.71      0.00      4.99
 1494567702.90     0     34.92      0.00      4.99    12     35.05      0.00      5.03
 1494567703.00     0     34.51      0.00      5.18    12     35.04      0.00      5.17
 1494567703.10     0     34.93      0.00      5.04    12     35.08      0.00      5.01
 1494567703.20     0     34.88      0.00      5.05    12     35.01      0.00      5.02
 1494567703.30     0     34.85      0.00      5.02    12     34.96      0.00      5.03
 1494567703.40     0     34.82      0.00      4.99    12     34.87      0.00      4.99
 1494567703.50     0     34.94      0.00      5.00    12     35.09      0.00      4.99
 1494567703.60     0     34.73      0.00      5.02    12     34.76      0.00      5.00
 1494567703.70     0     34.97      0.00      5.15    12     35.06      0.00      5.05
 1494567703.80     0     34.92      0.00      5.18    12     35.10      0.00      5.06
 1494567703.90     0     34.88      0.00      5.00    12     35.16      0.00      4.99
 1494567704.00     0     34.83      0.00      5.01    12     35.05      0.00      4.99
 1494567704.10     0     34.87      0.00      5.06    12     35.04      0.00      4.98
 1494567704.20     0     34.87      0.00      4.97    12     35.00      0.00      4.92
 1494567704.30     0     34.95      0.00      5.00    12     35.09      0.00      4.96
 1494567704.40     0     34.88      0.00      4.99    12     35.15      0.00      4.99
 1494567704.50     0     34.84      0.00      4.98    12     35.05      0.00      4.91
 1494567704.60     0     34.92      0.00      4.97    12     35.06      0.00      4.99
 1494567704.70     0     34.97      0.00      5.06    12     35.09      0.00      4.98
 1494567704.80     0     34.88      0.00      5.17    12     35.00      0.00      4.97
 1494567704.90     0     34.84      0.00      5.02    12     35.01      0.00      4.99
 1494567705.00     0     34.92      0.00      4.94    12     35.12      0.00      4.89
 1494567705.10     0     34.88      0.00      5.01    12     34.99      0.00      4.98
 1494567705.20     0     34.88      0.00      5.01    12     34.90      0.00      4.96
 1494567705.30     0     34.89      0.00      5.03    12     35.03      0.00      5.02
 1494567705.40     0     34.89      0.00      5.04    12     35.04      0.00      4.95
 1494567705.50     0     34.89      0.00      5.03    12     35.07      0.00      4.97
 1494567705.60     0     34.88      0.00      4.97    12     35.14      0.00      4.94
 1494567705.70     0     34.83      0.00      5.10    12     34.95      0.00      5.02
 1494567705.80     0     34.86      0.00      5.11    12     35.04      0.00      4.99
 1494567705.90     0     34.94      0.00      5.13    12     35.07      0.00      4.98
 1494567706.00     0     34.67      0.00      4.97    12     34.75      0.00      4.96
 1494567706.10     0     34.88      0.00      5.00    12     35.05      0.00      4.95
 1494567706.20     0     34.94      0.00      5.00    12     35.11      0.00      4.95
 1494567706.30     0     34.89      0.00      5.04    12     35.05      0.00      4.94
 1494567706.40     0     34.88      0.00      5.01    12     35.02      0.00      4.98
 1494567706.50     0     34.89      0.00      5.00    12     35.15      0.00      4.96
 1494567706.60     0     34.93      0.00      4.95    12     35.10      0.00      4.96
 1494567706.70     0     34.89      0.00      5.04    12     35.05      0.00      4.94
 1494567706.80     0     34.90      0.00      5.02    12     34.97      0.00      5.00
 1494567706.90     0     35.03      0.00      5.21    12     35.12      0.00      5.01
 1494567707.00     0     34.91      0.00      5.05    12     35.05      0.00      4.99
 1494567707.10     0     34.92      0.00      5.01    12     35.07      0.00      4.98
 1494567707.20     0     34.88      0.00      4.99    12     34.95      0.00      4.94
 1494567707.30     0     34.96      0.00      5.03    12     35.09      0.00      4.95
 1494567707.40     0     34.87      0.00      4.97    12     34.97      0.00      4.94
 1494567707.50     0     34.92      0.00      4.99    12     35.09      0.00      4.94
 1494567707.60     0     34.90      0.00      4.97    12     35.05      0.00      4.96
 1494567707.70     0     34.90      0.00      5.01    12     34.99      0.00      4.98
 1494567707.80     0     34.95      0.00      5.00    12     35.04      0.00      4.95
 1494567707.90     0     34.92      0.00      5.03    12     35.04      0.00      4.98
 1494567708.00     0     34.95      0.00      5.20    12     35.09      0.00      4.95
 1494567708.10     0     34.89      0.00      5.03    12     35.05      0.00      4.98
 1494567708.20     0     34.96      0.00      5.07    12     35.10      0.00      5.00
 1494567708.30     0     34.94      0.00      5.02    12     35.10      0.00      4.97
 1494567708.40     0     34.92      0.00      4.97    12     35.03      0.00      4.91
 1494567708.50     0     34.80      0.00      4.97    12     34.90      0.00      4.95
 1494567708.60     0     34.88      0.00      5.01    12     35.08      0.00      4.93
 1494567708.70     0     35.26      0.00      4.98    12     35.18      0.00      4.99
 1494567708.80     0     34.61      0.00      5.01    12     35.47      0.00      5.03
 1494567708.90     0     34.98      0.00      4.99    12     34.81      0.00      4.93
 1494567709.00     0     34.82      0.00      5.12    12     35.03      0.00      5.05
 1494567709.10     0     35.17      0.00      5.09    12     35.28      0.00      4.96
 1494567709.20     0     34.97      0.00      4.96    12     34.74      0.00      4.89
 1494567709.30     0     34.56      0.00      4.97    12     35.41      0.00      5.03
 1494567709.40     0     35.23      0.00      5.05    12     34.98      0.00      4.97
 1494567709.50     0     34.95      0.00      5.00    12     35.05      0.00      4.96
 1494567709.60     0     34.92      0.00      4.99    12     35.04      0.00      4.98
 1494567709.70     0     34.90      0.00      5.03    12     35.07      0.00      4.98
 1494567709.80     0     34.88      0.00      5.01    12     34.99      0.00      4.97
 1494567709.90     0     34.91      0.00      4.99    12     35.08      0.00      4.88
 1494567710.00     0     31.81      0.00      4.41    12     31.94      0.00      4.58
 1494567710.10     0     25.93      0.00      4.14    12     30.84      0.00      4.40
 1494567710.21     0     25.92      0.00      4.25    12     29.49      0.00      4.50
 1494567710.31     0     17.79      0.00      2.90    12     18.40      0.00      2.97
 1494567710.41     0     13.29      0.00      1.50    12     15.28      0.00      1.97
 1494567710.51     0     12.95      0.00      1.73    12     14.67      0.00      1.98
 1494567710.61     0     12.84      0.00      1.68    12     14.33      0.00      1.96
 1494567710.71     0     12.64      0.00      1.69    12     14.86      0.00      2.06
 1494567710.81     0     12.98      0.00      1.70    12     14.48      0.00      1.98
 1494567710.91     0     12.54      0.00      1.71    12     14.56      0.00      2.08
 1494567711.01     0     12.74      0.00      1.49    12     14.66      0.00      1.98
 1494567711.11     0     12.77      0.00      1.73    12     14.56      0.00      1.95
 1494567711.21     0     13.00      0.00      1.60    12     14.42      0.00      1.95
 1494567711.31     0     16.37      0.00      2.56    12     18.11      0.00      2.99
 1494567711.41     0     19.56      0.00      3.76    12     20.43      0.00      3.96
