         #Time  Core     P_PKG     P_PP0    P_DRAM  Core     P_PKG     P_PP0    P_DRAM
 1494567956.64     0     22.31      0.00      3.82    12     21.03      0.00      4.09
 1494567956.74     0     28.47      0.00      5.82    12     24.49      0.00      3.99
 1494567956.84     0     31.31      0.00      6.31    12     26.30      0.00      3.69
 1494567956.94     0     31.31      0.00      6.24    12     26.36      0.00      3.56
 1494567957.04     0     32.09      0.00      7.01    12     26.52      0.00      3.73
 1494567957.14     0     33.06      0.00      5.17    12     26.70      0.00      3.87
 1494567957.24     0     40.53      0.00      9.73    12     31.25      0.00      4.25
 1494567957.34     0     45.82      0.00     11.65    12     41.75      0.00      4.92
 1494567957.44     0     52.19      0.00     11.92    12     51.54      0.00      5.07
 1494567957.54     0     53.13      0.00     11.40    12     55.61      0.00      4.82
 1494567957.64     0     53.16      0.00     12.13    12     55.03      0.00      4.91
 1494567957.74     0     53.43      0.00     12.61    12     55.43      0.00      4.86
 1494567957.85     0     53.72      0.00     11.73    12     55.17      0.00      4.81
 1494567957.95     0     51.90      0.00     11.26    12     53.90      0.00      5.73
 1494567958.05     0     52.50      0.00     10.53    12     52.37      0.00      6.59
 1494567958.15     0     54.75      0.00     11.29    12     54.27      0.00      6.93
 1494567958.25     0     54.98      0.00     10.47    12     53.71      0.00      6.88
 1494567958.35     0     55.25      0.00     11.62    12     54.36      0.00      6.96
 1494567958.45     0     54.45      0.00     11.03    12     53.72      0.00      6.80
 1494567958.55     0     51.81      0.00      9.98    12     52.26      0.00      6.62
 1494567958.65     0     57.50      0.00     10.78    12     55.57      0.00      9.61
 1494567958.75     0     58.60      0.00     10.63    12     57.22      0.00      9.83
 1494567958.85     0     61.27      0.00     11.17    12     57.58      0.00     10.01
 1494567958.95     0     57.69      0.00     10.69    12     57.09      0.00     10.15
 1494567959.05     0     58.25      0.00     10.88    12     58.14      0.00      9.85
 1494567959.15     0     60.80      0.00     10.81    12     57.61      0.00     10.16
 1494567959.25     0     61.75      0.00     11.16    12     58.55      0.00     10.72
 1494567959.35     0     61.04      0.00     11.04    12     58.25      0.00      9.99
 1494567959.45     0     58.85      0.00     11.63    12     58.18      0.00     10.01
 1494567959.55     0     57.72      0.00     12.23    12     59.06      0.00     10.34
 1494567959.65     0     59.73      0.00     12.38    12     58.15      0.00     11.12
 1494567959.75     0     60.90      0.00     12.11    12     57.17      0.00     10.99
 1494567959.85     0     60.13      0.00     11.74    12     56.84      0.00     10.38
 1494567959.95     0     57.96      0.00     10.89    12     56.41      0.00      9.93
 1494567960.05     0     58.12      0.00     11.92    12     60.01      0.00     10.37
 1494567960.15     0     59.73      0.00     10.74    12     57.97      0.00      9.98
 1494567960.26     0     60.49      0.00     10.81    12     59.45      0.00     10.22
 1494567960.36     0     57.09      0.00     10.27    12     56.96      0.00      9.66
 1494567960.46     0     57.67      0.00     11.78    12     57.01      0.00     10.17
 1494567960.56     0     59.00      0.00     10.21    12     55.57      0.00      9.74
 1494567960.66     0     59.52      0.00     10.58    12     58.50      0.00     10.29
 1494567960.76     0     59.18      0.00     10.60    12     56.35      0.00      9.96
 1494567960.86     0     58.53      0.00     10.48    12     57.99      0.00     10.07
 1494567960.96     0     59.53      0.00     10.52    12     56.61      0.00     10.04
 1494567961.06     0     58.53      0.00     10.01    12     57.88      0.00      9.29
 1494567961.16     0     58.02      0.00     10.50    12     58.95      0.00     10.06
 1494567961.26     0     59.30      0.00     10.98    12     58.66      0.00      9.51
 1494567961.36     0     58.37      0.00     10.89    12     58.97      0.00     10.00
 1494567961.46     0     60.39      0.00     11.52    12     59.26      0.00     10.13
 1494567961.56     0     60.32      0.00     11.14    12     58.03      0.00      9.93
 1494567961.66     0     60.89      0.00     10.32    12     57.05      0.00      9.87
 1494567961.76     0     58.82      0.00     10.12    12     57.82      0.00     10.11
 1494567961.86     0     59.13      0.00     10.66    12     56.35      0.00      9.79
 1494567961.97     0     59.46      0.00     10.42    12     57.62      0.00      9.87
 1494567962.07     0     60.47      0.00     10.80    12     58.27      0.00      9.71
 1494567962.17     0     57.24      0.00     11.00    12     60.00      0.00      9.79
 1494567962.27     0     58.15      0.00     11.14    12     57.60      0.00     10.11
 1494567962.37     0     59.61      0.00     11.49    12     57.83      0.00      9.66
 1494567962.47     0     58.88      0.00     10.59    12     55.37      0.00      9.51
 1494567962.57     0     59.04      0.00     11.31    12     58.26      0.00     10.00
 1494567962.67     0     58.67      0.00      9.95    12     56.41      0.00     10.41
 1494567962.77     0     59.66      0.00     10.60    12     58.15      0.00     10.03
 1494567962.87     0     59.06      0.00     11.09    12     57.61      0.00      9.92
 1494567962.97     0     45.32      0.00      8.08    12     37.02      0.00      6.92
 1494567963.07     0     48.25      0.00      9.63    12     41.47      0.00     10.67
 1494567963.17     0     60.31      0.00     10.71    12     49.41      0.00     10.63
 1494567963.27     0     56.70      0.00     10.35    12     53.69      0.00      9.93
 1494567963.37     0     58.49      0.00     10.42    12     55.50      0.00      9.60
 1494567963.47     0     60.22      0.00     10.91    12     58.19      0.00      9.72
 1494567963.57     0     60.83      0.00     10.43    12     57.70      0.00      9.83
 1494567963.67     0     57.97      0.00     10.16    12     57.67      0.00     10.03
 1494567963.77     0     58.34      0.00     10.94    12     55.41      0.00     10.12
 1494567963.87     0     57.02      0.00      9.94    12     56.96      0.00      9.97
 1494567963.97     0     60.16      0.00     10.46    12     57.25      0.00     10.66
 1494567964.07     0     57.22      0.00     10.24    12     57.84      0.00     10.75
 1494567964.17     0     58.18      0.00     10.90    12     57.73      0.00     10.53
 1494567964.28     0     58.63      0.00     11.81    12     58.62      0.00     10.31
 1494567964.38     0     58.81      0.00     10.56    12     55.92      0.00     10.35
 1494567964.48     0     57.62      0.00     10.37    12     58.04      0.00     10.16
 1494567964.58     0     59.21      0.00     10.68    12     58.47      0.00     11.24
 1494567964.68     0     57.34      0.00     10.56    12     58.10      0.00     10.76
 1494567964.78     0     58.95      0.00     10.79    12     54.61      0.00     10.44
 1494567964.88     0     60.38      0.00     11.01    12     58.65      0.00     11.64
 1494567964.98     0     60.12      0.00     10.75    12     58.40      0.00     11.19
 1494567965.08     0     58.27      0.00     11.36    12     57.84      0.00     10.37
 1494567965.18     0     58.88      0.00     11.28    12     58.81      0.00     10.39
 1494567965.28     0     60.69      0.00     11.24    12     56.54      0.00     10.00
 1494567965.38     0     57.93      0.00     10.51    12     57.49      0.00      9.70
 1494567965.48     0     58.06      0.00     10.71    12     57.96      0.00     10.40
 1494567965.58     0     59.13      0.00     10.89    12     57.72      0.00     10.61
 1494567965.68     0     58.38      0.00     10.59    12     57.84      0.00     10.12
 1494567965.78     0     59.94      0.00     11.32    12     56.84      0.00     10.50
 1494567965.88     0     59.26      0.00     11.27    12     58.17      0.00     11.32
 1494567965.98     0     58.20      0.00     11.52    12     58.63      0.00     10.81
 1494567966.08     0     59.51      0.00     10.56    12     57.59      0.00     10.12
 1494567966.18     0     59.57      0.00     11.50    12     58.33      0.00     10.46
 1494567966.29     0     58.90      0.00     11.87    12     58.15      0.00     10.12
 1494567966.39     0     57.80      0.00     11.08    12     58.08      0.00      9.72
 1494567966.49     0     55.96      0.00     10.76    12     57.74      0.00     10.87
 1494567966.59     0     59.70      0.00     10.62    12     57.41      0.00     10.51
 1494567966.69     0     61.44      0.00     10.83    12     58.50      0.00     11.10
 1494567966.79     0     58.53      0.00     10.63    12     57.56      0.00     10.77
 1494567966.89     0     57.53      0.00     10.73    12     58.29      0.00     11.23
 1494567966.99     0     58.24      0.00     10.98    12     57.55      0.00      9.90
 1494567967.09     0     59.32      0.00     11.20    12     57.29      0.00     10.69
 1494567967.19     0     58.76      0.00     11.41    12     58.69      0.00      9.51
 1494567967.29     0     59.09      0.00     11.67    12     57.38      0.00      9.54
 1494567967.39     0     60.02      0.00     11.51    12     58.30      0.00     10.44
 1494567967.49     0     58.83      0.00     10.98    12     57.44      0.00     10.20
 1494567967.59     0     61.63      0.00     10.88    12     58.39      0.00     10.93
 1494567967.69     0     59.80      0.00     10.64    12     57.98      0.00     11.03
 1494567967.79     0     58.27      0.00     10.80    12     58.17      0.00     10.98
 1494567967.89     0     57.58      0.00     10.41    12     56.84      0.00      9.86
 1494567967.99     0     57.18      0.00     11.48    12     57.31      0.00     10.18
 1494567968.09     0     58.91      0.00     10.67    12     56.83      0.00     10.45
 1494567968.19     0     55.68      0.00     11.01    12     56.52      0.00      9.90
 1494567968.30     0     57.22      0.00     10.92    12     54.90      0.00      9.71
 1494567968.40     0     51.36      0.00      9.49    12     49.18      0.00      7.69
 1494567968.50     0     47.10      0.00      9.14    12     42.21      0.00      8.72
 1494567968.60     0     58.38      0.00     11.34    12     49.81      0.00      9.63
 1494567968.70     0     55.54      0.00     10.52    12     56.05      0.00      9.35
 1494567968.80     0     57.44      0.00     10.78    12     55.58      0.00      9.63
 1494567968.90     0     59.28      0.00     10.81    12     55.67      0.00     10.28
 1494567969.00     0     58.93      0.00     11.53    12     59.02      0.00      9.90
 1494567969.10     0     56.98      0.00     11.14    12     57.32      0.00     10.11
 1494567969.20     0     58.27      0.00     10.76    12     56.06      0.00      9.19
 1494567969.30     0     59.27      0.00     10.82    12     57.40      0.00      9.49
 1494567969.40     0     60.03      0.00     10.65    12     57.09      0.00      9.85
 1494567969.50     0     58.46      0.00     11.48    12     57.21      0.00      9.93
 1494567969.60     0     56.71      0.00     11.56    12     55.22      0.00      9.62
 1494567969.70     0     59.16      0.00     10.61    12     55.87      0.00      9.54
 1494567969.80     0     60.70      0.00     11.25    12     55.66      0.00      9.80
 1494567969.90     0     59.35      0.00     11.34    12     56.78      0.00     10.27
 1494567970.00     0     57.52      0.00     11.43    12     53.72      0.00     10.02
 1494567970.10     0     58.05      0.00     10.33    12     57.35      0.00      9.57
 1494567970.20     0     59.65      0.00      9.98    12     55.13      0.00      9.60
 1494567970.30     0     57.61      0.00     11.46    12     56.18      0.00      9.73
 1494567970.40     0     58.01      0.00     10.91    12     55.71      0.00      9.48
 1494567970.51     0     57.74      0.00     10.71    12     56.96      0.00     10.03
 1494567970.61     0     57.55      0.00     10.80    12     54.36      0.00      9.58
 1494567970.71     0     56.89      0.00     10.65    12     55.09      0.00     10.25
 1494567970.81     0     57.96      0.00     10.83    12     55.29      0.00      9.94
 1494567970.91     0     56.77      0.00     10.98    12     57.25      0.00     10.02
 1494567971.01     0     58.90      0.00     11.11    12     56.19      0.00     10.12
 1494567971.11     0     59.09      0.00     11.02    12     55.29      0.00      9.96
 1494567971.21     0     58.57      0.00     10.80    12     57.14      0.00     10.22
 1494567971.31     0     57.17      0.00     11.38    12     57.85      0.00     10.00
 1494567971.41     0     56.24      0.00     10.81    12     56.16      0.00     10.33
 1494567971.51     0     57.92      0.00     11.46    12     56.53      0.00     10.59
 1494567971.61     0     59.89      0.00     10.50    12     52.18      0.00     10.27
 1494567971.71     0     59.37      0.00     10.60    12     55.12      0.00     10.14
 1494567971.81     0     57.12      0.00     10.80    12     58.03      0.00      9.91
 1494567971.91     0     56.21      0.00     10.96    12     55.85      0.00      9.67
 1494567972.01     0     58.47      0.00     11.35    12     55.39      0.00      9.96
 1494567972.11     0     57.36      0.00     10.85    12     56.39      0.00      9.97
 1494567972.21     0     56.29      0.00     10.05    12     56.37      0.00      9.47
 1494567972.31     0     56.84      0.00     10.48    12     56.26      0.00      9.89
 1494567972.41     0     58.68      0.00     11.81    12     55.03      0.00     10.28
 1494567972.51     0     55.95      0.00     10.64    12     53.98      0.00      9.53
 1494567972.61     0     56.54      0.00     10.08    12     53.51      0.00      8.97
 1494567972.71     0     57.14      0.00     10.87    12     57.20      0.00     10.01
 1494567972.81     0     57.33      0.00     11.51    12     56.09      0.00     10.41
 1494567972.92     0     57.44      0.00     10.92    12     54.94      0.00      9.58
 1494567973.02     0     58.82      0.00     10.39    12     55.94      0.00      9.05
 1494567973.12     0     56.39      0.00     11.06    12     56.71      0.00      9.26
 1494567973.22     0     56.22      0.00     11.12    12     58.51      0.00      9.28
 1494567973.32     0     57.33      0.00     11.73    12     56.76      0.00      9.39
 1494567973.42     0     59.50      0.00     10.88    12     56.90      0.00      9.77
 1494567973.52     0     58.45      0.00     11.12    12     54.72      0.00      9.12
 1494567973.62     0     56.94      0.00     11.58    12     58.50      0.00      9.54
 1494567973.72     0     57.49      0.00     11.06    12     57.12      0.00      9.36
 1494567973.82     0     57.80      0.00     10.35    12     55.85      0.00      8.79
 1494567973.92     0     46.10      0.00      8.56    12     35.95      0.00      6.98
 1494567974.02     0     50.36      0.00     11.19    12     44.59      0.00      9.16
 1494567974.12     0     57.90      0.00     10.88    12     47.40      0.00      9.13
 1494567974.22     0     58.09      0.00     11.63    12     53.22      0.00      9.99
 1494567974.32     0     56.42      0.00     12.10    12     56.44      0.00      9.45
 1494567974.42     0     58.28      0.00     10.62    12     56.33      0.00      8.94
 1494567974.52     0     56.76      0.00     11.15    12     58.53      0.00      9.18
 1494567974.62     0     56.94      0.00      9.94    12     57.46      0.00      8.67
 1494567974.72     0     58.04      0.00     10.06    12     57.07      0.00      9.10
 1494567974.82     0     59.21      0.00     10.19    12     57.28      0.00      9.27
 1494567974.92     0     58.41      0.00     10.64    12     57.75      0.00      8.71
 1494567975.02     0     57.43      0.00     11.37    12     58.32      0.00      9.25
 1494567975.12     0     56.31      0.00     10.43    12     56.39      0.00      8.92
 1494567975.22     0     57.34      0.00     11.09    12     57.75      0.00      9.11
 1494567975.32     0     59.39      0.00     10.40    12     56.89      0.00      9.26
 1494567975.42     0     58.81      0.00     11.33    12     57.98      0.00      9.91
 1494567975.53     0     58.65      0.00     10.14    12     57.58      0.00      8.94
 1494567975.63     0     57.79      0.00      9.49    12     56.21      0.00      9.01
 1494567975.73     0     58.23      0.00     10.24    12     57.22      0.00      9.49
 1494567975.83     0     60.38      0.00      9.85    12     58.38      0.00      9.26
 1494567975.93     0     57.24      0.00     10.49    12     56.52      0.00      8.95
 1494567976.03     0     55.25      0.00     10.65    12     56.77      0.00      9.77
 1494567976.13     0     56.26      0.00     10.46    12     56.44      0.00      9.27
 1494567976.23     0     58.30      0.00     10.51    12     57.48      0.00      9.87
 1494567976.33     0     58.01      0.00     10.56    12     57.20      0.00      9.78
 1494567976.43     0     55.85      0.00     10.38    12     57.36      0.00     10.39
 1494567976.53     0     56.71      0.00     10.43    12     55.85      0.00      9.98
 1494567976.63     0     59.00      0.00     10.43    12     58.01      0.00     10.98
 1494567976.73     0     58.95      0.00     10.73    12     58.81      0.00     10.65
 1494567976.83     0     57.57      0.00     10.66    12     58.59      0.00     10.38
 1494567976.93     0     57.52      0.00     10.51    12     57.30      0.00      9.80
 1494567977.03     0     58.42      0.00     10.85    12     56.71      0.00     10.76
 1494567977.13     0     57.75      0.00      9.94    12     54.98      0.00      9.91
 1494567977.23     0     57.37      0.00     10.58    12     57.51      0.00      9.79
 1494567977.33     0     57.00      0.00     10.34    12     58.16      0.00     10.27
 1494567977.43     0     58.42      0.00     10.51    12     55.92      0.00     10.09
 1494567977.53     0     59.94      0.00     11.36    12     57.84      0.00     10.24
 1494567977.63     0     58.86      0.00     10.89    12     59.19      0.00     10.20
 1494567977.73     0     58.96      0.00     11.22    12     59.93      0.00     11.22
 1494567977.83     0     58.57      0.00     11.90    12     58.96      0.00     10.12
 1494567977.94     0     58.81      0.00     11.70    12     57.38      0.00      9.42
 1494567978.04     0     53.53      0.00      9.80    12     50.98      0.00      8.24
 1494567978.14     0     59.39      0.00     11.47    12     57.78      0.00     10.28
 1494567978.24     0     57.43      0.00     11.69    12     57.26      0.00     10.14
 1494567978.34     0     57.86      0.00     10.98    12     58.08      0.00     10.58
 1494567978.44     0     58.94      0.00     10.99    12     57.93      0.00     10.75
 1494567978.54     0     59.80      0.00     10.91    12     58.55      0.00     10.87
 1494567978.64     0     58.73      0.00     10.95    12     59.24      0.00     11.25
 1494567978.74     0     56.52      0.00     11.66    12     59.39      0.00     10.29
 1494567978.84     0     57.60      0.00     11.23    12     58.81      0.00     10.13
 1494567978.94     0     59.76      0.00     11.63    12     58.54      0.00     10.02
 1494567979.04     0     60.05      0.00     11.41    12     57.66      0.00     10.02
 1494567979.14     0     58.15      0.00     11.05    12     58.86      0.00     10.40
 1494567979.24     0     58.79      0.00     11.69    12     59.44      0.00     10.79
 1494567979.34     0     59.76      0.00     11.26    12     58.39      0.00      9.76
 1494567979.44     0     60.49      0.00     11.26    12     58.64      0.00     11.01
 1494567979.54     0     51.00      0.00      9.91    12     43.01      0.00      7.49
 1494567979.64     0     47.80      0.00     10.05    12     42.71      0.00      9.92
 1494567979.74     0     56.75      0.00     11.38    12     56.58      0.00     10.57
 1494567979.84     0     57.15      0.00     10.84    12     57.37      0.00      9.69
 1494567979.94     0     55.86      0.00     10.85    12     58.27      0.00     10.81
 1494567980.04     0     58.02      0.00     11.49    12     58.53      0.00     10.03
 1494567980.14     0     57.72      0.00     11.65    12     58.62      0.00     10.54
 1494567980.25     0     58.05      0.00     11.37    12     59.32      0.00     10.22
 1494567980.35     0     60.44      0.00     11.65    12     60.44      0.00     10.16
 1494567980.45     0     57.62      0.00     11.56    12     60.45      0.00     10.47
 1494567980.55     0     56.48      0.00     10.88    12     59.11      0.00     10.42
 1494567980.65     0     59.77      0.00     11.81    12     57.96      0.00      9.25
 1494567980.75     0     58.39      0.00     12.39    12     57.85      0.00      9.91
 1494567980.85     0     58.83      0.00     11.55    12     58.55      0.00      9.34
 1494567980.95     0     57.77      0.00     10.94    12     58.82      0.00      9.04
 1494567981.05     0     58.42      0.00     10.88    12     55.64      0.00      9.11
 1494567981.15     0     59.10      0.00     10.59    12     57.92      0.00      9.10
 1494567981.25     0     60.13      0.00     10.48    12     52.16      0.00      9.02
 1494567981.35     0     58.80      0.00     10.74    12     58.03      0.00      9.51
 1494567981.45     0     57.05      0.00     10.96    12     58.45      0.00      9.17
 1494567981.55     0     58.88      0.00     11.34    12     57.82      0.00      9.63
 1494567981.65     0     56.95      0.00     11.81    12     58.56      0.00      9.53
 1494567981.75     0     60.98      0.00     10.42    12     58.02      0.00      8.98
 1494567981.85     0     58.29      0.00     10.74    12     58.48      0.00      9.37
 1494567981.95     0     57.60      0.00     11.60    12     59.30      0.00      9.53
 1494567982.05     0     58.62      0.00     10.26    12     55.55      0.00      8.95
 1494567982.15     0     57.51      0.00     10.27    12     57.89      0.00      9.37
 1494567982.25     0     57.88      0.00     10.80    12     57.38      0.00      8.99
 1494567982.35     0     57.27      0.00     10.72    12     58.22      0.00      9.08
 1494567982.45     0     59.01      0.00     10.56    12     57.56      0.00      9.58
 1494567982.55     0     53.68      0.00     10.39    12     54.78      0.00      8.19
 1494567982.65     0     57.40      0.00     10.89    12     57.77      0.00      9.67
 1494567982.75     0     56.90      0.00     10.91    12     57.24      0.00      9.67
 1494567982.85     0     56.92      0.00      9.68    12     56.24      0.00      8.69
 1494567982.95     0     59.02      0.00     10.27    12     56.86      0.00      9.42
 1494567983.05     0     60.57      0.00     10.00    12     58.24      0.00      9.00
 1494567983.15     0     58.04      0.00      9.78    12     56.03      0.00      8.76
 1494567983.26     0     57.20      0.00     10.75    12     56.94      0.00      9.36
 1494567983.36     0     58.67      0.00     10.18    12     56.94      0.00      9.00
 1494567983.46     0     57.92      0.00     11.65    12     58.33      0.00      9.83
 1494567983.56     0     60.97      0.00     11.51    12     57.47      0.00      9.40
 1494567983.66     0     57.27      0.00     10.96    12     57.38      0.00      9.43
 1494567983.76     0     56.64      0.00     10.15    12     57.35      0.00      9.06
 1494567983.86     0     57.23      0.00     10.49    12     58.04      0.00      8.80
 1494567983.96     0     59.06      0.00      9.65    12     55.04      0.00      8.50
 1494567984.06     0     57.71      0.00      9.80    12     56.88      0.00      8.63
 1494567984.16     0     56.25      0.00      9.84    12     55.49      0.00      8.79
 1494567984.26     0     56.76      0.00     10.03    12     57.99      0.00      9.00
 1494567984.36     0     56.13      0.00      9.69    12     54.86      0.00      8.55
 1494567984.46     0     57.73      0.00     10.15    12     55.94      0.00      9.05
 1494567984.56     0     55.65      0.00      9.99    12     55.15      0.00      8.44
 1494567984.66     0     57.01      0.00     10.38    12     58.42      0.00      9.05
 1494567984.76     0     58.16      0.00      9.36    12     55.62      0.00      8.76
 1494567984.86     0     59.07      0.00      9.85    12     56.94      0.00      8.39
 1494567984.96     0     58.29      0.00     10.53    12     57.04      0.00      8.88
 1494567985.06     0     46.01      0.00      7.99    12     35.58      0.00      6.57
 1494567985.16     0     50.40      0.00     10.41    12     44.53      0.00      9.60
 1494567985.26     0     56.40      0.00     10.41    12     46.83      0.00      9.26
 1494567985.36     0     59.68      0.00     10.79    12     53.87      0.00      9.26
 1494567985.46     0     57.08      0.00      9.86    12     56.37      0.00      9.31
 1494567985.56     0     58.91      0.00     12.37    12     59.14      0.00     10.03
 1494567985.66     0     58.12      0.00     10.02    12     57.14      0.00      9.44
 1494567985.76     0     58.00      0.00     10.06    12     56.94      0.00      9.11
 1494567985.86     0     60.24      0.00      9.59    12     56.91      0.00      8.58
 1494567985.96     0     57.27      0.00      9.87    12     57.19      0.00      8.97
 1494567986.06     0     56.39      0.00     10.49    12     57.22      0.00      9.09
 1494567986.16     0     59.17      0.00     10.18    12     56.82      0.00      9.38
 1494567986.26     0     58.21      0.00      9.42    12     54.91      0.00      8.77
 1494567986.37     0     60.61      0.00     10.42    12     57.92      0.00      9.51
 1494567986.47     0     57.38      0.00     10.56    12     57.33      0.00      9.91
 1494567986.57     0     57.93      0.00      9.75    12     57.42      0.00      9.35
 1494567986.67     0     55.85      0.00      9.38    12     53.96      0.00      8.91
 1494567986.77     0     60.20      0.00      9.81    12     57.29      0.00      9.98
 1494567986.87     0     58.02      0.00     10.74    12     57.19      0.00      9.77
 1494567986.97     0     57.10      0.00     10.33    12     57.25      0.00      9.32
 1494567987.07     0     59.04      0.00      9.82    12     56.35      0.00      9.26
 1494567987.17     0     60.52      0.00     10.85    12     56.53      0.00      9.33
 1494567987.27     0     58.60      0.00     10.68    12     58.73      0.00      9.53
 1494567987.37     0     57.02      0.00     10.20    12     58.10      0.00      9.59
 1494567987.47     0     58.09      0.00     10.02    12     56.93      0.00     10.04
 1494567987.57     0     58.78      0.00     10.26    12     57.10      0.00      9.81
 1494567987.67     0     58.00      0.00     11.58    12     58.28      0.00     10.40
 1494567987.77     0     59.52      0.00     10.54    12     58.48      0.00      9.74
 1494567987.87     0     58.00      0.00     11.13    12     59.31      0.00     10.55
 1494567987.97     0     57.20      0.00     10.51    12     58.90      0.00      9.45
 1494567988.07     0     55.36      0.00      9.91    12     53.19      0.00      9.26
 1494567988.18     0     57.83      0.00     10.01    12     55.23      0.00      9.34
 1494567988.28     0     56.91      0.00     10.70    12     57.70      0.00      9.29
 1494567988.38     0     54.64      0.00     10.24    12     55.65      0.00      9.36
 1494567988.48     0     54.79      0.00     10.57    12     56.37      0.00     10.15
 1494567988.58     0     59.41      0.00     10.92    12     57.86      0.00     10.71
 1494567988.68     0     58.13      0.00     10.92    12     57.75      0.00     10.69
 1494567988.78     0     57.82      0.00     11.02    12     57.97      0.00     10.26
 1494567988.88     0     57.54      0.00     11.30    12     58.21      0.00     10.25
 1494567988.98     0     56.38      0.00     11.37    12     56.63      0.00     10.40
 1494567989.08     0     58.78      0.00     10.63    12     58.27      0.00     10.03
 1494567989.18     0     57.31      0.00     10.72    12     58.11      0.00     10.27
 1494567989.28     0     58.21      0.00     11.27    12     59.09      0.00     10.50
 1494567989.38     0     58.28      0.00     11.53    12     56.55      0.00      9.86
 1494567989.48     0     59.68      0.00     11.70    12     59.05      0.00     10.03
 1494567989.58     0     57.41      0.00     12.05    12     58.97      0.00     10.21
 1494567989.68     0     57.58      0.00     11.51    12     58.85      0.00      9.97
 1494567989.78     0     58.39      0.00     11.04    12     58.37      0.00     10.42
 1494567989.88     0     59.33      0.00     11.18    12     57.89      0.00     10.14
 1494567989.99     0     58.17      0.00     11.63    12     58.41      0.00     10.36
 1494567990.09     0     57.01      0.00     12.15    12     58.34      0.00     10.50
 1494567990.19     0     56.15      0.00     11.47    12     58.54      0.00     10.14
 1494567990.29     0     59.05      0.00     10.89    12     58.21      0.00     10.25
 1494567990.39     0     58.29      0.00     11.42    12     59.20      0.00     10.23
 1494567990.49     0     58.21      0.00     11.56    12     58.76      0.00     10.54
 1494567990.59     0     56.80      0.00     10.96    12     58.87      0.00     10.36
 1494567990.69     0     58.62      0.00     11.81    12     58.37      0.00     10.13
 1494567990.79     0     46.52      0.00      8.39    12     40.48      0.00      6.97
 1494567990.89     0     51.24      0.00     11.29    12     45.32      0.00     10.24
 1494567990.99     0     59.21      0.00     11.25    12     53.99      0.00     10.82
 1494567991.09     0     57.79      0.00     11.51    12     57.14      0.00      9.66
 1494567991.19     0     59.84      0.00     11.21    12     57.83      0.00     10.55
 1494567991.29     0     60.14      0.00     11.68    12     58.40      0.00      9.93
 1494567991.39     0     58.90      0.00     11.66    12     59.46      0.00      9.91
 1494567991.49     0     56.75      0.00     11.30    12     58.66      0.00     10.40
 1494567991.59     0     58.76      0.00     11.27    12     58.84      0.00      9.77
 1494567991.69     0     58.13      0.00     10.96    12     57.76      0.00     10.12
 1494567991.79     0     58.44      0.00     11.16    12     57.75      0.00     10.31
 1494567991.89     0     55.26      0.00     11.36    12     57.75      0.00      9.96
 1494567991.99     0     57.81      0.00     11.68    12     58.42      0.00     10.13
 1494567992.09     0     57.56      0.00     10.88    12     57.84      0.00     10.51
 1494567992.19     0     58.43      0.00     11.76    12     58.24      0.00      9.78
 1494567992.29     0     57.35      0.00     10.55    12     57.97      0.00     10.68
 1494567992.39     0     56.38      0.00     10.96    12     58.36      0.00     10.41
 1494567992.50     0     57.19      0.00     10.94    12     57.56      0.00      9.51
 1494567992.60     0     57.98      0.00     10.52    12     57.29      0.00      9.79
 1494567992.70     0     57.90      0.00     11.13    12     59.56      0.00     10.25
 1494567992.80     0     55.82      0.00      9.72    12     55.14      0.00      9.70
 1494567992.90     0     58.12      0.00     10.11    12     57.41      0.00      9.68
 1494567993.00     0     56.63      0.00     10.69    12     55.44      0.00      9.69
 1494567993.10     0     59.21      0.00     11.56    12     57.61      0.00      9.15
 1494567993.20     0     56.89      0.00     10.43    12     57.20      0.00      9.32
 1494567993.30     0     57.52      0.00     10.77    12     56.90      0.00      9.39
 1494567993.40     0     58.44      0.00     11.28    12     56.45      0.00      9.39
 1494567993.50     0     60.07      0.00     10.52    12     57.37      0.00      9.13
 1494567993.60     0     57.57      0.00     10.67    12     57.81      0.00      9.30
 1494567993.70     0     57.15      0.00     10.66    12     58.51      0.00      9.55
 1494567993.80     0     59.19      0.00     10.72    12     55.35      0.00      9.29
 1494567993.90     0     59.50      0.00     11.19    12     57.87      0.00      9.67
 1494567994.00     0     57.23      0.00     10.82    12     57.08      0.00      9.40
 1494567994.10     0     56.57      0.00      9.99    12     56.64      0.00      9.06
 1494567994.20     0     57.54      0.00     10.94    12     56.40      0.00      9.22
 1494567994.30     0     59.39      0.00     10.76    12     56.21      0.00      9.71
 1494567994.40     0     59.23      0.00     10.15    12     56.41      0.00      9.23
 1494567994.50     0     55.63      0.00     11.24    12     57.54      0.00      9.49
 1494567994.60     0     57.44      0.00     11.06    12     58.45      0.00      9.17
 1494567994.70     0     58.82      0.00     10.87    12     56.28      0.00      9.19
 1494567994.80     0     59.48      0.00     10.73    12     57.00      0.00      8.89
 1494567994.90     0     58.44      0.00     11.91    12     57.04      0.00      9.48
 1494567995.00     0     56.63      0.00     11.87    12     57.13      0.00      9.51
 1494567995.10     0     58.12      0.00     11.28    12     57.24      0.00      9.69
 1494567995.20     0     58.88      0.00     11.95    12     56.66      0.00      9.62
 1494567995.30     0     58.65      0.00     11.28    12     54.96      0.00      9.40
 1494567995.41     0     58.56      0.00     11.21    12     57.47      0.00      9.44
 1494567995.51     0     57.02      0.00     11.02    12     57.55      0.00      9.23
 1494567995.61     0     57.43      0.00     11.92    12     57.98      0.00      9.82
 1494567995.71     0     59.87      0.00     10.73    12     54.80      0.00      9.03
 1494567995.81     0     57.79      0.00     10.65    12     56.53      0.00      9.25
 1494567995.91     0     55.79      0.00     11.47    12     57.75      0.00      9.36
 1494567996.01     0     56.15      0.00     12.13    12     56.73      0.00      9.43
 1494567996.11     0     57.78      0.00     11.32    12     57.11      0.00      9.33
 1494567996.21     0     59.46      0.00     11.79    12     57.32      0.00      9.79
 1494567996.31     0     57.12      0.00     11.53    12     55.44      0.00      9.52
 1494567996.41     0     55.62      0.00     11.34    12     57.71      0.00      9.29
 1494567996.51     0     58.32      0.00     10.71    12     56.99      0.00      9.61
 1494567996.61     0     46.81      0.00      8.48    12     35.72      0.00      6.80
 1494567996.71     0     51.88      0.00     10.29    12     45.21      0.00      9.32
 1494567996.81     0     56.58      0.00     11.50    12     53.43      0.00      9.50
 1494567996.91     0     57.25      0.00     11.54    12     58.02      0.00      9.44
 1494567997.01     0     56.91      0.00     11.24    12     57.72      0.00      9.39
 1494567997.11     0     59.68      0.00     11.73    12     57.90      0.00      9.99
 1494567997.21     0     56.07      0.00     10.93    12     56.11      0.00      9.87
 1494567997.31     0     56.74      0.00     10.72    12     57.27      0.00      9.32
 1494567997.41     0     59.13      0.00     10.33    12     55.87      0.00     10.02
 1494567997.51     0     57.87      0.00     10.36    12     56.94      0.00      9.99
 1494567997.61     0     57.09      0.00     10.25    12     57.23      0.00      9.35
 1494567997.72     0     56.78      0.00     11.00    12     58.26      0.00     10.26
 1494567997.82     0     58.32      0.00     10.21    12     56.39      0.00     10.21
 1494567997.92     0     57.75      0.00     10.05    12     56.41      0.00      9.67
 1494567998.02     0     58.63      0.00     11.13    12     58.82      0.00     10.37
 1494567998.12     0     56.96      0.00     10.69    12     56.11      0.00      9.84
 1494567998.22     0     57.49      0.00      9.88    12     56.55      0.00     10.70
 1494567998.32     0     57.79      0.00     10.69    12     55.61      0.00      9.93
 1494567998.42     0     59.18      0.00      9.39    12     57.86      0.00     10.91
 1494567998.52     0     58.03      0.00      9.97    12     57.14      0.00     10.67
 1494567998.62     0     56.97      0.00     10.06    12     57.38      0.00      9.73
 1494567998.72     0     57.18      0.00     10.16    12     56.76      0.00     10.42
 1494567998.82     0     57.22      0.00     10.33    12     55.26      0.00      9.99
 1494567998.92     0     58.05      0.00     10.38    12     57.32      0.00      9.78
 1494567999.02     0     57.42      0.00     10.68    12     57.87      0.00      9.83
 1494567999.12     0     58.53      0.00     10.86    12     56.08      0.00     10.34
 1494567999.22     0     58.62      0.00      9.80    12     57.21      0.00     10.03
 1494567999.32     0     60.13      0.00      9.70    12     55.01      0.00     10.62
 1494567999.42     0     60.29      0.00     10.31    12     57.81      0.00     10.15
 1494567999.52     0     57.50      0.00     10.76    12     58.00      0.00     10.48
 1494567999.62     0     58.22      0.00     11.20    12     59.02      0.00     10.20
 1494567999.72     0     53.47      0.00      9.18    12     53.55      0.00      9.49
 1494567999.82     0     58.79      0.00     10.51    12     56.49      0.00     10.24
 1494567999.92     0     57.84      0.00     10.15    12     56.11      0.00     10.09
 1494568000.02     0     57.29      0.00     11.03    12     56.96      0.00      9.63
 1494568000.12     0     56.67      0.00     10.37    12     55.70      0.00      9.66
 1494568000.22     0     58.17      0.00      9.86    12     55.68      0.00     10.49
 1494568000.33     0     57.75      0.00      9.76    12     55.27      0.00     10.67
 1494568000.43     0     58.60      0.00     10.11    12     55.80      0.00     10.81
 1494568000.53     0     55.50      0.00      9.45    12     56.41      0.00     10.52
 1494568000.63     0     57.02      0.00      9.46    12     54.87      0.00     10.46
 1494568000.73     0     58.03      0.00      9.96    12     55.19      0.00     10.01
 1494568000.83     0     57.29      0.00     11.08    12     56.76      0.00     10.24
 1494568000.93     0     57.14      0.00     11.55    12     57.79      0.00     10.52
 1494568001.03     0     57.53      0.00     10.39    12     57.80      0.00     10.79
 1494568001.13     0     59.31      0.00     11.03    12     56.76      0.00     10.59
 1494568001.23     0     59.46      0.00     10.70    12     57.33      0.00     10.41
 1494568001.33     0     59.43      0.00     10.29    12     56.98      0.00     10.45
 1494568001.43     0     57.75      0.00     10.68    12     57.19      0.00      9.84
 1494568001.53     0     57.70      0.00     10.40    12     56.82      0.00     10.39
 1494568001.63     0     57.40      0.00     10.93    12     56.01      0.00      9.90
 1494568001.73     0     58.16      0.00     10.41    12     56.98      0.00      9.67
 1494568001.83     0     56.12      0.00     10.61    12     57.60      0.00     10.46
 1494568001.93     0     58.51      0.00     10.88    12     58.30      0.00     10.22
 1494568002.03     0     59.35      0.00     10.77    12     56.27      0.00     10.30
 1494568002.13     0     58.69      0.00     10.53    12     58.49      0.00     10.42
 1494568002.23     0     58.77      0.00     10.26    12     57.42      0.00     10.75
 1494568002.33     0     49.00      0.00      9.04    12     39.39      0.00      7.31
 1494568002.43     0     50.01      0.00      9.60    12     43.89      0.00      9.84
 1494568002.53     0     58.62      0.00     10.40    12     50.81      0.00     10.42
 1494568002.63     0     57.61      0.00     10.70    12     56.64      0.00     10.03
 1494568002.73     0     58.26      0.00     11.28    12     58.28      0.00     10.64
 1494568002.83     0     57.42      0.00     11.34    12     58.56      0.00     10.33
 1494568002.94     0     58.27      0.00     11.02    12     58.00      0.00     10.22
 1494568003.04     0     61.05      0.00     11.77    12     58.31      0.00     10.25
 1494568003.14     0     58.84      0.00     11.64    12     58.84      0.00      9.81
 1494568003.24     0     59.02      0.00     11.07    12     58.66      0.00     10.16
 1494568003.34     0     57.90      0.00     11.03    12     58.43      0.00     10.51
 1494568003.44     0     56.91      0.00     11.51    12     59.14      0.00      9.80
 1494568003.54     0     58.96      0.00     11.26    12     57.51      0.00     10.73
 1494568003.64     0     60.19      0.00     11.86    12     58.59      0.00     10.42
 1494568003.74     0     57.98      0.00     11.39    12     58.84      0.00     10.81
 1494568003.84     0     57.57      0.00     11.49    12     58.47      0.00      9.76
 1494568003.94     0     58.66      0.00     11.52    12     58.70      0.00     10.14
 1494568004.04     0     58.61      0.00     11.58    12     59.01      0.00     10.14
 1494568004.14     0     56.49      0.00     11.71    12     58.89      0.00     10.43
 1494568004.24     0     56.24      0.00     11.45    12     57.76      0.00     10.85
 1494568004.34     0     56.87      0.00     10.85    12     57.37      0.00     10.31
 1494568004.44     0     58.28      0.00     11.31    12     57.84      0.00     10.20
 1494568004.54     0     57.49      0.00     11.68    12     58.51      0.00     10.78
 1494568004.64     0     56.55      0.00     11.96    12     58.12      0.00      9.75
 1494568004.75     0     58.40      0.00     11.49    12     59.06      0.00      9.80
 1494568004.85     0     60.11      0.00     11.81    12     58.96      0.00     10.61
 1494568004.95     0     58.16      0.00     11.33    12     58.60      0.00     10.75
 1494568005.05     0     56.62      0.00     11.62    12     59.01      0.00     10.16
 1494568005.15     0     58.00      0.00     11.41    12     59.29      0.00     10.77
 1494568005.25     0     59.04      0.00     11.83    12     59.12      0.00     10.12
 1494568005.35     0     58.43      0.00     10.56    12     57.96      0.00     10.15
 1494568005.45     0     57.29      0.00     11.98    12     58.76      0.00      9.84
 1494568005.55     0     59.19      0.00     10.49    12     58.20      0.00     10.07
 1494568005.65     0     60.11      0.00     11.57    12     59.72      0.00      9.94
 1494568005.75     0     58.83      0.00     11.91    12     58.76      0.00      9.55
 1494568005.85     0     57.32      0.00     11.19    12     58.72      0.00      9.20
 1494568005.95     0     58.74      0.00     10.91    12     55.72      0.00      9.48
 1494568006.05     0     59.33      0.00     10.91    12     58.43      0.00      9.34
 1494568006.15     0     59.44      0.00     11.02    12     56.93      0.00      9.66
 1494568006.25     0     58.20      0.00     12.07    12     59.03      0.00      9.51
 1494568006.35     0     56.90      0.00     11.43    12     58.47      0.00      9.11
 1494568006.45     0     58.89      0.00     11.95    12     57.86      0.00      9.74
 1494568006.55     0     61.25      0.00     11.43    12     58.18      0.00      9.49
 1494568006.66     0     60.46      0.00     11.19    12     59.11      0.00      9.75
 1494568006.76     0     57.18      0.00     11.24    12     58.64      0.00      9.30
 1494568006.86     0     57.82      0.00     11.15    12     58.82      0.00      9.62
 1494568006.96     0     56.82      0.00     11.53    12     57.26      0.00      9.31
 1494568007.06     0     62.54      0.00     11.23    12     58.13      0.00      9.14
 1494568007.16     0     58.35      0.00     10.75    12     58.77      0.00      9.50
 1494568007.26     0     59.40      0.00     11.19    12     58.51      0.00      9.76
 1494568007.36     0     58.17      0.00     11.26    12     58.90      0.00      9.74
 1494568007.46     0     58.97      0.00     10.94    12     57.89      0.00      9.72
 1494568007.56     0     62.58      0.00     11.17    12     55.29      0.00      9.33
 1494568007.66     0     60.13      0.00     10.23    12     58.13      0.00      9.70
 1494568007.76     0     57.87      0.00     11.09    12     58.82      0.00      9.45
 1494568007.86     0     59.46      0.00     11.39    12     59.90      0.00     10.10
 1494568007.96     0     47.21      0.00      9.51    12     40.08      0.00      7.44
 1494568008.06     0     50.03      0.00     10.60    12     42.58      0.00      9.14
 1494568008.16     0     58.69      0.00     10.92    12     51.19      0.00      9.12
 1494568008.26     0     55.55      0.00     10.14    12     55.50      0.00      9.08
 1494568008.36     0     60.00      0.00     10.94    12     58.02      0.00      9.34
 1494568008.46     0     59.86      0.00     10.14    12     56.54      0.00      8.99
 1494568008.56     0     58.02      0.00     10.46    12     56.98      0.00      9.23
 1494568008.66     0     57.17      0.00     11.04    12     57.90      0.00      9.25
 1494568008.76     0     57.64      0.00     11.60    12     57.38      0.00      9.33
 1494568008.86     0     59.58      0.00     11.14    12     58.06      0.00      9.55
 1494568008.96     0     58.32      0.00     11.63    12     57.81      0.00      9.21
 1494568009.06     0     56.87      0.00     10.53    12     57.90      0.00      9.11
 1494568009.16     0     59.02      0.00     12.15    12     59.36      0.00      9.57
 1494568009.26     0     60.43      0.00     11.10    12     57.04      0.00      9.12
 1494568009.36     0     59.28      0.00     11.79    12     57.54      0.00      9.30
 1494568009.46     0     57.24      0.00     11.05    12     58.41      0.00      9.74
 1494568009.56     0     57.86      0.00     10.68    12     57.93      0.00      9.52
 1494568009.67     0     58.51      0.00     10.56    12     56.82      0.00      9.05
 1494568009.77     0     58.94      0.00      9.43    12     55.95      0.00      8.46
 1494568009.87     0     59.94      0.00     10.13    12     57.08      0.00      9.10
 1494568009.97     0     57.55      0.00     11.66    12     58.52      0.00      9.66
 1494568010.07     0     57.68      0.00     10.73    12     58.38      0.00      9.04
 1494568010.17     0     59.93      0.00     10.96    12     57.36      0.00      9.42
 1494568010.27     0     59.46      0.00     11.84    12     55.51      0.00      9.85
 1494568010.37     0     57.91      0.00     11.36    12     58.53      0.00      9.34
 1494568010.47     0     56.79      0.00     10.95    12     58.27      0.00      9.38
 1494568010.57     0     57.80      0.00     11.08    12     57.16      0.00      9.42
 1494568010.67     0     59.06      0.00     11.77    12     56.05      0.00      9.86
 1494568010.77     0     59.11      0.00     11.23    12     58.15      0.00      9.78
 1494568010.87     0     58.14      0.00     11.31    12     58.46      0.00      9.62
 1494568010.97     0     58.22      0.00     11.22    12     57.10      0.00      9.71
 1494568011.07     0     58.71      0.00     11.54    12     57.83      0.00      9.62
 1494568011.17     0     61.30      0.00     12.56    12     57.28      0.00      9.98
 1494568011.27     0     60.02      0.00     11.37    12     58.51      0.00      9.14
 1494568011.37     0     57.47      0.00     11.53    12     56.63      0.00      9.61
 1494568011.47     0     57.45      0.00     11.34    12     58.51      0.00      9.66
 1494568011.57     0     55.74      0.00     10.92    12     52.33      0.00     10.81
 1494568011.67     0     56.89      0.00     11.06    12     52.72      0.00     10.86
 1494568011.77     0     59.24      0.00     10.80    12     54.84      0.00     10.93
 1494568011.87     0     54.78      0.00     10.60    12     54.32      0.00     10.77
 1494568011.97     0     55.87      0.00     11.49    12     55.42      0.00     11.75
 1494568012.07     0     56.55      0.00     10.49    12     53.17      0.00      9.93
 1494568012.18     0     57.81      0.00     10.92    12     54.20      0.00     11.12
 1494568012.28     0     55.10      0.00     11.38    12     54.76      0.00     11.05
 1494568012.38     0     55.04      0.00     10.48    12     53.86      0.00     10.63
 1494568012.48     0     54.21      0.00     10.78    12     53.01      0.00     10.94
 1494568012.58     0     56.79      0.00     11.06    12     53.22      0.00     11.39
 1494568012.68     0     58.65      0.00     11.39    12     51.75      0.00     11.29
 1494568012.78     0     55.07      0.00     10.47    12     56.10      0.00     10.54
 1494568012.88     0     55.55      0.00     10.15    12     54.93      0.00     10.02
 1494568012.98     0     56.87      0.00     10.86    12     54.75      0.00     11.19
 1494568013.08     0     56.98      0.00     10.50    12     54.92      0.00     10.83
 1494568013.18     0     56.40      0.00     10.12    12     53.73      0.00     11.18
 1494568013.28     0     51.64      0.00      9.42    12     50.06      0.00      8.81
 1494568013.38     0     19.72      0.00      2.75    12     19.97      0.00      3.14
 1494568013.48     0     15.01      0.00      1.28    12     14.37      0.00      1.80
 1494568013.58     0     13.96      0.00      1.18    12     14.19      0.00      1.87
 1494568013.68     0     13.99      0.00      1.24    12     14.25      0.00      1.84
 1494568013.78     0     12.95      0.00      1.16    12     14.34      0.00      1.84
 1494568013.88     0     15.18      0.00      1.33    12     14.50      0.00      1.85
 1494568013.98     0     13.54      0.00      1.22    12     14.35      0.00      1.70
 1494568014.08     0     13.52      0.00      1.15    12     14.22      0.00      1.98
 1494568014.18     0     14.77      0.00      1.70    12     15.42      0.00      2.30
 1494568014.28     0     19.09      0.00      2.90    12     19.29      0.00      3.48
