time	PKG-0	Dram-0	PKG-1	Dram-1	
0.0	13.32	2.06	15.88	2.72	
0.5	13.05	2.05	15.46	2.64	
1.0	13.00	2.04	15.48	2.70	
1.5	13.01	2.07	15.49	2.67	
2.0	13.00	2.01	15.48	2.71	
2.5	13.12	2.02	15.61	2.62	
3.0	13.04	1.97	15.48	2.59	
3.5	13.13	2.00	15.56	2.63	
4.0	13.21	1.99	15.61	2.61	
4.5	18.74	3.60	20.34	4.15	
5.0	19.53	3.75	20.85	4.30	
5.5	13.31	2.07	15.83	2.62	
6.0	13.19	1.97	15.44	2.61	
6.5	19.00	3.60	20.56	4.20	
7.0	19.26	3.62	20.71	4.29	
7.5	13.02	2.02	15.41	2.69	
8.0	13.24	2.09	15.72	2.66	
8.5	18.95	3.58	20.58	4.23	
9.0	20.56	4.18	22.02	4.72	
9.5	38.20	7.62	38.78	7.77	
10.0	45.84	8.93	46.17	9.02	
10.5	46.49	9.00	46.90	8.97	
11.0	57.27	12.52	57.06	13.10	
11.5	66.76	14.22	67.44	14.77	
12.0	55.57	11.80	55.40	12.21	
12.5	66.07	14.78	70.61	15.53	
13.0	87.10	15.37	85.61	15.99	
13.5	88.86	15.26	86.82	15.92	
14.0	88.51	14.84	86.75	15.47	
14.5	83.35	14.47	81.83	14.89	
15.0	80.96	13.11	79.94	13.92	
15.5	83.51	12.99	81.76	13.63	
16.0	75.48	14.53	71.09	15.18	
16.5	86.63	14.76	84.74	15.29	
17.0	87.86	14.29	85.81	15.00	
17.5	84.76	15.31	83.13	15.83	
18.0	88.86	15.43	87.10	16.16	
18.5	78.13	13.14	74.24	13.81	
19.0	92.77	15.78	90.32	16.27	
19.5	89.32	14.95	87.45	15.68	
20.0	85.33	14.36	83.72	14.92	
20.5	74.78	14.21	74.65	14.91	
21.0	80.20	13.46	79.61	14.23	
21.5	91.56	15.76	89.62	16.47	
22.0	83.77	13.55	82.17	14.16	
22.5	88.11	14.69	86.24	15.37	
23.0	70.07	14.43	70.30	14.81	
23.5	79.80	15.28	78.25	16.12	
24.0	88.27	14.57	86.34	15.29	
24.5	82.66	13.01	80.79	13.68	
25.0	88.86	14.64	86.88	15.41	
25.5	84.19	14.66	84.33	15.32	
26.0	65.17	13.01	66.41	13.78	
26.5	91.53	16.01	88.71	16.61	
27.0	88.51	15.10	86.44	15.97	
27.5	79.91	12.60	78.94	13.32	
28.0	88.13	14.84	87.65	15.69	
28.5	72.86	14.83	73.95	15.41	
29.0	77.84	14.49	76.92	15.05	
29.5	78.82	11.03	78.12	11.71	
30.0	91.86	14.83	89.98	15.68	
30.5	89.64	14.67	87.40	15.63	
31.0	78.27	14.21	78.27	15.11	
31.5	66.58	13.42	65.50	14.27	
32.0	64.53	14.62	63.84	15.28	
32.5	71.42	15.62	69.89	16.24	
33.0	80.97	14.83	78.44	15.57	
33.5	83.38	12.85	81.89	13.55	
34.0	86.19	14.32	85.17	14.89	
34.5	86.78	14.00	85.54	14.62	
35.0	86.11	14.57	84.59	15.01	
35.5	72.43	16.03	70.33	17.07	
36.0	66.66	13.66	65.86	14.38	
36.5	63.68	13.56	62.92	14.10	
37.0	77.55	13.17	76.76	13.89	
37.5	87.32	14.83	86.39	15.36	
38.0	84.61	14.12	83.68	14.59	
38.5	89.70	14.78	88.17	15.40	
39.0	86.11	16.51	76.74	16.55	
39.5	65.01	12.79	64.11	13.30	
40.0	65.99	13.69	65.18	14.29	
40.5	64.35	13.55	63.79	14.11	
41.0	63.53	12.82	63.14	13.39	
41.5	83.54	14.86	82.19	15.48	
42.0	89.18	14.62	87.62	14.94	
42.5	89.28	15.83	87.26	16.35	
43.0	88.69	14.34	86.90	14.94	
43.5	69.71	13.57	69.45	14.18	
44.0	66.80	13.67	66.11	14.43	
44.5	65.74	13.84	65.10	14.13	
45.0	79.54	13.47	78.23	14.22	
45.5	88.15	14.20	86.30	14.41	
46.0	90.59	15.99	89.10	16.66	
46.5	89.54	15.30	88.02	15.49	
47.0	64.74	10.67	64.02	11.15	
47.5	68.80	13.72	67.99	14.28	
48.0	67.96	14.66	67.20	15.40	
48.5	65.97	14.53	65.53	15.13	
49.0	88.15	14.23	86.85	14.83	
49.5	92.64	16.67	90.62	17.12	
50.0	86.77	13.56	85.21	14.04	
50.5	80.18	12.18	79.09	12.80	
51.0	67.22	13.05	65.81	13.61	
51.5	69.01	15.21	68.19	15.84	
52.0	66.15	14.26	65.73	14.80	
52.5	78.33	14.34	77.00	15.07	
53.0	91.06	15.63	89.22	16.07	
53.5	86.15	13.44	84.80	13.85	
54.0	87.87	15.49	86.45	15.85	
54.5	72.73	11.92	74.33	12.90	
55.0	66.33	13.87	65.77	14.36	
55.5	67.57	14.42	66.85	15.04	
56.0	70.27	14.17	69.52	14.80	
56.5	90.60	15.41	88.93	15.89	
57.0	87.65	13.71	86.00	14.26	
57.5	88.37	14.62	86.95	15.21	
58.0	83.88	15.22	83.83	15.67	
58.5	62.15	12.37	61.93	12.97	
59.0	65.46	13.35	64.66	13.73	
59.5	66.49	13.82	65.82	14.39	
60.0	81.84	15.26	80.51	15.84	
60.5	86.82	13.43	85.46	14.03	
61.0	88.22	14.75	86.85	15.31	
61.5	89.06	14.69	87.99	15.07	
62.0	72.66	12.96	70.98	13.24	
62.5	63.76	12.94	63.56	13.58	
63.0	67.13	13.71	66.57	14.27	
63.5	80.27	16.10	79.31	16.62	
64.0	87.91	14.27	86.41	14.92	
64.5	82.51	12.48	81.58	12.99	
65.0	88.98	13.78	87.36	14.48	
65.5	77.36	14.15	76.86	14.52	
66.0	80.45	13.72	79.20	14.25	
66.5	88.83	14.44	87.28	15.03	
67.0	84.76	14.17	83.49	14.67	
67.5	87.47	13.72	86.36	14.66	
68.0	68.21	12.82	68.33	13.39	
68.5	88.78	13.99	87.38	14.86	
69.0	92.78	16.47	91.30	17.16	
69.5	87.80	14.14	86.55	14.51	
70.0	79.81	12.44	80.01	13.17	
70.5	66.11	11.95	66.87	12.39	
71.0	89.33	14.47	87.75	15.06	
71.5	87.75	14.26	86.46	14.95	
72.0	87.37	14.25	86.06	14.76	
72.5	86.21	15.85	86.05	16.40	
73.0	70.69	13.15	70.10	13.62	
73.5	83.80	12.50	82.63	13.24	
74.0	88.10	14.41	86.65	14.90	
74.5	89.57	16.30	88.06	16.80	
75.0	78.38	13.05	78.02	13.71	
75.5	78.23	13.82	77.47	14.44	
76.0	86.71	13.11	85.29	13.73	
76.5	86.89	14.00	85.84	14.55	
77.0	87.69	14.28	86.15	14.61	
77.5	71.68	12.99	71.30	13.67	
78.0	84.82	15.57	83.47	16.14	
78.5	89.74	14.76	87.96	15.40	
79.0	82.80	12.66	81.85	13.09	
79.5	89.65	14.53	88.24	15.17	
80.0	70.61	13.65	71.31	14.16	
80.5	88.36	14.53	86.71	15.29	
81.0	86.63	13.31	85.18	13.85	
81.5	88.87	16.09	86.95	16.77	
82.0	86.00	14.20	85.28	14.76	
82.5	66.25	10.92	61.61	11.53	
83.0	88.55	14.22	82.66	14.57	
83.5	93.14	16.23	91.15	16.77	
84.0	90.18	15.26	88.30	15.67	
84.5	74.78	10.94	79.19	12.10	
85.0	79.89	13.94	82.20	14.59	
85.5	89.48	14.13	87.86	14.78	
86.0	88.52	14.93	87.20	15.63	
86.5	88.08	14.21	86.59	14.82	
87.0	77.01	15.44	76.02	16.02	
87.5	80.08	12.80	79.25	13.91	
88.0	83.54	12.67	82.46	13.47	
88.5	88.33	14.10	87.15	14.62	
89.0	90.43	15.73	89.11	16.54	
89.5	69.58	12.57	69.47	13.23	
90.0	87.99	14.90	86.66	15.50	
90.5	92.46	15.18	91.02	16.03	
91.0	87.28	14.01	85.96	14.76	
91.5	81.07	13.37	80.26	14.05	
92.0	66.45	13.34	66.01	14.20	
92.5	90.23	15.27	88.80	15.94	
93.0	87.02	13.55	85.90	14.43	
93.5	88.38	14.19	86.87	15.07	
94.0	89.23	15.38	87.73	16.36	
94.5	68.72	12.87	69.39	13.78	
95.0	84.07	12.72	82.69	13.26	
95.5	88.39	14.70	87.20	15.38	
96.0	91.51	15.24	89.65	15.82	
96.5	80.96	12.76	82.25	13.70	
97.0	78.98	14.32	77.69	14.97	
97.5	87.91	14.24	86.49	14.97	
98.0	88.05	14.16	86.55	14.96	
98.5	84.70	13.38	83.48	13.96	
99.0	73.59	13.07	74.20	13.76	
99.5	78.10	15.95	77.62	16.80	
100.0	89.39	14.40	87.79	14.85	
100.5	82.82	12.19	81.92	13.03	
101.0	88.06	14.52	86.78	15.15	
101.5	79.38	13.24	76.83	13.73	
102.0	82.79	14.51	81.71	15.43	
102.5	87.14	13.56	86.00	14.31	
103.0	88.25	15.46	86.99	16.03	
103.5	92.22	16.08	90.57	16.74	
104.0	69.04	11.35	68.31	12.18	
104.5	88.19	13.44	86.97	14.10	
105.0	89.08	14.74	87.80	15.50	
105.5	88.96	14.63	87.64	15.31	
106.0	83.50	13.47	83.57	14.34	
106.5	73.58	15.20	73.19	15.78	
107.0	89.37	14.46	87.98	15.08	
107.5	82.28	12.20	81.52	13.08	
108.0	89.73	14.38	88.27	14.89	
108.5	79.93	14.26	81.27	15.09	
109.0	76.01	12.80	75.31	13.61	
109.5	88.36	14.73	87.14	15.37	
110.0	85.61	14.64	84.49	15.34	
110.5	88.94	14.31	87.75	14.93	
111.0	72.52	12.81	74.41	13.77	
111.5	85.26	14.79	84.04	15.33	
112.0	90.47	14.94	89.08	15.65	
112.5	87.27	13.76	86.16	14.57	
113.0	87.95	14.64	87.16	15.26	
113.5	65.24	12.91	66.53	13.68	
114.0	88.06	14.20	87.19	14.55	
114.5	87.07	14.04	85.91	14.89	
115.0	91.01	14.98	89.66	15.56	
115.5	88.78	15.13	87.21	15.88	
116.0	71.20	12.52	69.85	13.03	
116.5	87.79	14.77	86.46	15.39	
117.0	83.48	13.12	82.64	13.86	
117.5	87.97	13.90	86.71	14.54	
118.0	84.04	13.86	82.98	14.37	
118.5	73.80	12.98	73.34	13.76	
119.0	91.49	15.87	90.08	16.57	
119.5	88.08	14.42	86.96	14.95	
120.0	82.97	12.71	82.20	13.35	
120.5	77.08	13.72	77.42	14.33	
121.0	79.49	14.40	78.88	15.01	
121.5	86.00	13.37	84.95	14.03	
122.0	88.95	14.77	87.67	15.61	
122.5	90.69	15.60	89.26	16.06	
123.0	73.93	13.47	75.57	14.18	
123.5	78.86	12.28	78.55	13.44	
124.0	87.06	14.24	86.29	14.95	
124.5	91.08	15.84	90.01	16.52	
125.0	85.87	13.64	85.29	14.30	
125.5	70.22	13.67	70.94	14.47	
126.0	85.68	13.21	84.90	13.82	
126.5	87.57	14.28	86.77	14.79	
127.0	87.63	14.75	86.40	15.29	
127.5	84.50	13.67	84.16	14.18	
128.0	73.90	15.77	75.00	16.46	
128.5	85.69	12.58	84.79	13.65	
129.0	84.73	13.74	83.90	14.50	
129.5	86.53	13.32	85.53	13.91	
130.0	82.52	14.18	81.81	14.70	
130.5	72.65	12.84	72.42	13.70	
131.0	88.41	14.22	87.38	14.84	
131.5	91.22	16.61	90.22	17.30	
132.0	87.39	13.91	86.69	14.76	
132.5	75.46	13.05	75.03	13.96	
133.0	79.63	13.24	79.28	13.87	
133.5	87.54	14.09	86.49	14.90	
134.0	87.62	13.86	86.88	14.85	
134.5	88.34	14.75	87.07	15.41	
135.0	73.39	14.97	72.49	15.36	
135.5	84.32	13.90	83.82	14.62	
136.0	83.87	12.47	83.28	13.11	
136.5	92.99	15.55	91.59	16.00	
137.0	88.69	14.84	88.36	15.69	
137.5	73.27	13.17	73.41	13.88	
138.0	88.26	14.08	87.02	14.94	
138.5	87.05	15.48	86.08	16.12	
139.0	88.24	14.18	87.46	14.91	
139.5	78.26	13.03	78.56	13.71	
140.0	77.01	14.43	76.44	15.26	
140.5	90.00	14.69	88.64	15.05	
141.0	85.88	13.54	84.80	14.14	
141.5	88.76	14.81	87.58	15.49	
142.0	77.95	15.17	78.61	15.99	
142.5	76.54	13.18	76.18	13.82	
143.0	85.97	13.74	84.78	14.25	
143.5	89.81	14.91	88.35	15.74	
144.0	90.32	15.24	88.95	15.74	
144.5	71.42	12.30	72.58	13.06	
145.0	86.10	14.59	85.25	15.25	
145.5	85.65	14.48	84.65	15.29	
146.0	89.16	14.59	88.19	15.22	
146.5	83.43	13.00	82.82	13.67	
147.0	71.38	13.69	70.92	14.37	
147.5	91.69	15.43	90.09	16.09	
148.0	86.67	13.49	85.58	14.18	
148.5	88.80	14.83	87.54	15.45	
149.0	82.37	14.35	81.91	15.02	
149.5	72.85	13.57	72.45	14.16	
150.0	85.76	13.63	84.91	14.26	
150.5	90.67	15.16	89.66	15.84	
151.0	91.25	14.96	89.63	15.41	
151.5	79.84	13.14	78.88	13.80	
152.0	80.21	14.26	79.72	14.93	
152.5	86.20	14.82	85.15	15.47	
153.0	88.62	14.24	87.64	14.85	
153.5	86.21	13.82	85.51	14.44	
154.0	72.95	12.35	71.44	13.13	
154.5	87.31	16.45	86.64	17.00	
155.0	87.56	14.60	87.21	15.13	
155.5	82.55	12.77	82.52	13.62	
156.0	83.11	12.75	82.66	13.58	
156.5	71.60	13.65	72.92	14.36	
157.0	87.34	14.88	86.81	15.41	
157.5	86.59	13.83	86.19	14.41	
158.0	93.35	16.74	92.34	17.35	
158.5	84.19	14.15	84.74	14.99	
159.0	68.06	11.83	69.48	12.52	
159.5	85.83	13.52	85.17	14.24	
160.0	88.75	14.49	88.18	14.93	
160.5	87.85	14.74	87.11	15.19	
161.0	78.78	14.27	80.26	15.14	
161.5	81.32	15.67	81.22	16.18	
162.0	85.98	13.84	85.43	14.45	
162.5	83.42	12.99	83.40	13.68	
163.0	85.73	13.74	84.83	14.15	
163.5	74.36	13.84	75.15	14.39	
164.0	80.19	13.67	79.98	14.26	
164.5	86.77	13.55	86.48	14.44	
165.0	90.77	16.37	89.84	16.98	
165.5	87.58	14.36	87.00	15.16	
166.0	67.04	11.26	67.23	11.89	
166.5	89.88	15.26	88.83	15.98	
167.0	88.93	14.43	88.30	14.88	
167.5	87.26	14.34	86.57	14.90	
168.0	84.01	13.51	83.84	14.21	
168.5	72.92	14.47	73.10	15.07	
169.0	87.42	14.06	86.54	14.73	
169.5	83.60	13.15	83.16	13.70	
170.0	87.92	14.34	87.21	15.02	
170.5	83.44	15.42	82.85	15.94	
171.0	76.58	14.24	76.34	14.80	
171.5	81.97	12.31	81.65	12.84	
172.0	89.21	14.13	88.55	14.84	
172.5	88.33	14.69	87.36	14.94	
173.0	76.11	13.89	75.89	14.36	
173.5	84.26	13.81	83.65	14.28	
174.0	86.87	15.07	86.39	15.58	
174.5	90.61	15.53	89.50	16.04	
175.0	83.83	13.56	83.64	14.25	
175.5	66.53	11.99	66.74	12.39	
176.0	87.21	14.49	86.61	15.28	
176.5	87.78	14.51	87.15	14.97	
177.0	86.62	13.98	85.93	14.52	
177.5	86.77	15.57	86.09	16.24	
178.0	67.54	12.56	68.04	13.04	
178.5	84.33	13.00	83.77	13.65	
179.0	88.46	14.56	87.65	15.24	
179.5	90.82	15.22	89.59	15.63	
180.0	81.48	13.28	81.56	13.81	
180.5	77.62	14.17	77.03	14.83	
181.0	85.25	14.44	84.27	15.00	
181.5	90.09	15.04	89.12	15.44	
182.0	84.37	13.24	83.52	13.78	
182.5	76.88	14.14	76.90	14.61	
183.0	84.16	14.68	83.24	15.22	
183.5	85.80	13.29	84.97	13.89	
184.0	88.03	14.90	86.91	15.41	
184.5	84.61	14.55	83.94	15.15	
185.0	72.43	13.86	73.08	14.41	
185.5	83.52	13.21	83.06	13.89	
186.0	91.87	15.34	90.80	15.84	
186.5	88.79	14.86	88.19	15.40	
187.0	86.61	14.61	85.55	15.15	
187.5	74.02	13.37	74.09	13.89	
188.0	88.65	16.01	87.89	16.63	
188.5	88.86	14.53	87.64	14.94	
189.0	83.96	13.10	83.23	13.68	
189.5	78.81	13.11	78.36	13.59	
190.0	81.19	15.91	80.51	16.45	
190.5	86.46	13.59	85.68	14.21	
191.0	84.81	13.59	84.09	14.06	
191.5	89.86	14.95	88.49	15.51	
192.0	75.44	13.40	75.77	13.99	
192.5	83.68	14.51	82.59	15.08	
193.0	86.55	13.45	85.66	13.89	
193.5	93.01	16.74	91.74	17.18	
194.0	85.55	13.72	85.01	14.23	
194.5	72.97	14.10	73.34	14.65	
195.0	83.57	13.70	82.78	14.24	
195.5	88.65	14.18	87.52	14.71	
196.0	85.30	14.01	84.33	14.46	
196.5	83.72	13.82	83.27	14.57	
197.0	76.09	15.46	75.50	15.98	
197.5	85.84	13.12	84.80	13.69	
198.0	87.77	14.80	86.54	15.41	
198.5	82.57	13.07	81.79	13.46	
199.0	81.97	14.52	82.57	15.17	
199.5	73.05	12.83	72.61	13.49	
200.0	90.29	14.90	88.87	15.44	
200.5	92.35	16.24	90.82	16.82	
201.0	86.56	13.57	85.48	14.23	
201.5	74.73	13.92	74.77	14.58	
202.0	76.21	12.53	75.71	13.35	
202.5	88.75	14.04	87.57	14.75	
203.0	86.46	14.00	85.63	14.52	
203.5	86.14	13.77	85.87	14.27	
204.0	74.93	15.88	75.02	16.40	
204.5	84.43	14.58	83.86	14.99	
205.0	83.28	12.84	82.63	13.39	
205.5	89.87	15.10	88.99	15.63	
206.0	86.31	13.95	85.72	14.49	
206.5	72.23	13.35	72.48	13.89	
207.0	86.14	13.42	85.39	14.04	
207.5	91.75	16.56	90.66	17.21	
208.0	85.73	13.65	84.87	13.92	
208.5	77.05	12.19	77.81	12.85	
209.0	72.97	13.51	73.01	13.93	
209.5	90.83	15.96	89.53	16.42	
210.0	85.58	13.27	84.94	13.65	
210.5	87.81	15.21	86.79	15.67	
211.0	80.72	14.70	81.00	15.13	
211.5	76.86	12.89	76.55	13.24	
212.0	85.51	13.78	84.73	14.51	
212.5	86.76	13.71	86.01	14.40	
213.0	92.15	16.89	90.69	17.06	
213.5	69.96	12.24	70.52	12.92	
214.0	80.68	13.48	80.11	14.00	
214.5	86.23	13.41	85.58	14.18	
215.0	87.54	14.93	86.53	15.37	
215.5	84.26	13.48	83.86	13.79	
216.0	69.60	13.49	69.55	14.02	
216.5	90.87	16.76	89.65	17.40	
217.0	87.24	13.96	86.32	14.50	
217.5	86.31	13.86	85.29	14.20	
218.0	83.29	13.38	83.67	13.94	
218.5	68.88	12.79	69.46	13.49	
219.0	87.77	14.69	86.80	15.29	
219.5	88.27	14.49	87.39	15.07	
220.0	89.72	16.28	88.51	16.84	
220.5	81.26	14.18	81.01	14.66	
221.0	72.68	12.19	72.28	12.82	
221.5	88.23	14.09	87.37	14.63	
222.0	87.95	14.43	87.25	14.94	
222.5	87.85	14.93	86.76	15.30	
223.0	73.83	12.39	74.61	13.01	
223.5	83.43	16.07	82.67	16.72	
224.0	91.66	15.82	90.30	16.33	
224.5	81.81	12.24	81.19	12.75	
225.0	87.24	13.98	87.04	14.58	
225.5	71.79	13.87	72.56	14.49	
226.0	85.77	13.47	84.92	13.84	
226.5	87.38	14.50	86.50	15.12	
227.0	85.64	15.01	84.59	15.43	
227.5	85.44	14.00	85.12	14.73	
228.0	70.23	12.80	71.15	13.32	
228.5	88.39	14.54	87.02	15.05	
229.0	90.71	15.49	89.29	16.09	
229.5	86.28	13.50	85.32	14.03	
230.0	79.76	14.21	80.82	15.01	
230.5	70.64	13.15	70.66	13.63	
231.0	89.57	15.13	88.55	15.65	
231.5	85.93	13.65	84.92	14.03	
232.0	89.34	14.85	88.11	15.33	
232.5	78.55	14.72	79.19	15.35	
233.0	78.91	12.99	78.42	13.43	
233.5	88.08	14.99	86.72	15.19	
234.0	82.04	13.21	81.75	13.72	
234.5	90.53	15.27	89.39	15.64	
235.0	69.67	13.11	70.23	13.79	
235.5	89.98	15.38	88.78	15.87	
236.0	89.09	14.45	87.98	15.06	
236.5	87.36	14.05	86.32	14.43	
237.0	86.45	14.19	85.76	14.85	
237.5	67.87	13.71	68.83	14.41	
238.0	90.34	15.00	89.19	15.49	
238.5	84.29	13.24	83.27	13.67	
239.0	89.87	14.50	88.82	15.14	
239.5	84.95	14.46	85.30	15.10	
240.0	70.36	12.80	70.79	13.30	
240.5	87.93	14.73	86.86	15.31	
241.0	87.37	14.78	86.64	15.43	
241.5	87.75	13.97	86.74	14.39	
242.0	77.35	12.82	77.64	13.34	
242.5	79.32	13.38	79.05	14.06	
243.0	91.91	16.12	90.83	16.64	
243.5	88.47	15.14	87.60	15.51	
244.0	85.86	13.74	85.34	14.57	
244.5	66.26	11.83	67.36	12.53	
245.0	85.01	14.82	84.54	15.04	
245.5	87.22	14.60	86.60	15.28	
246.0	86.76	13.49	85.97	14.03	
246.5	92.41	16.84	91.52	17.60	
247.0	68.57	12.91	69.37	13.42	
247.5	82.54	12.41	81.96	13.09	
248.0	83.90	12.69	83.75	13.26	
248.5	89.11	15.02	88.36	15.39	
249.0	85.14	14.55	85.05	15.30	
249.5	75.59	14.19	75.86	15.07	
250.0	92.72	16.47	91.88	16.95	
250.5	86.79	13.74	86.13	14.21	
251.0	86.35	14.39	85.80	15.02	
251.5	72.57	12.29	72.62	12.92	
252.0	77.64	13.86	77.43	14.41	
252.5	91.47	16.22	90.24	16.68	
253.0	97.14	17.73	95.85	18.63	
253.5	93.94	17.05	92.54	17.48	
254.0	88.08	16.20	88.13	16.86	
254.5	94.59	16.67	91.94	17.42	
255.0	95.34	17.31	94.12	18.09	
255.5	94.57	16.81	93.55	17.35	
256.0	91.68	16.69	93.80	17.67	
256.5	90.85	15.85	90.06	16.23	
257.0	93.79	16.89	93.16	17.55	
257.5	95.13	17.48	94.00	17.97	
258.0	86.95	15.12	87.20	15.93	
258.5	96.57	17.72	95.23	18.10	
259.0	93.85	16.95	92.55	17.80	
259.5	91.71	16.48	90.96	16.79	
260.0	92.55	16.74	91.51	17.66	
260.5	96.08	17.78	94.89	18.07	
261.0	92.99	16.47	91.87	17.10	
261.5	95.19	17.62	94.62	18.16	
262.0	88.78	15.29	88.74	16.00	
262.5	93.84	17.33	92.71	17.92	
263.0	94.22	16.89	93.14	17.42	
263.5	91.95	16.66	91.11	17.07	
264.0	94.70	17.17	94.33	17.91	
264.5	93.40	17.27	92.46	17.88	
265.0	93.09	16.32	92.34	17.09	
265.5	94.43	17.66	93.14	17.97	
266.0	91.65	16.14	90.93	16.69	
266.5	94.37	17.24	92.93	17.88	
267.0	91.35	16.16	91.18	17.01	
267.5	92.77	17.02	91.91	17.64	
268.0	90.81	16.44	90.20	16.92	
268.5	96.30	17.78	95.10	18.58	
269.0	93.47	16.76	92.46	17.25	
269.5	96.72	17.69	95.76	18.28	
270.0	90.88	16.51	90.18	16.91	
270.5	93.25	16.46	92.49	17.32	
271.0	94.72	17.31	93.76	17.92	
271.5	91.75	15.63	90.93	16.33	
272.0	91.77	17.03	90.94	17.76	
272.5	92.52	15.86	91.75	16.46	
273.0	91.50	16.62	90.54	17.31	
273.5	95.19	16.83	93.90	17.25	
274.0	92.13	16.86	91.57	17.57	
274.5	92.74	16.44	91.20	16.94	
275.0	97.10	17.72	96.09	18.47	
275.5	93.77	16.98	92.51	17.54	
276.0	92.23	16.26	91.22	17.05	
276.5	94.66	17.53	93.39	17.77	
277.0	92.82	16.12	91.69	16.89	
277.5	95.69	17.86	94.24	18.13	
278.0	87.93	15.15	88.60	16.10	
278.5	90.86	16.20	89.79	16.77	
279.0	93.47	16.45	92.06	17.29	
279.5	95.69	17.66	94.38	18.04	
280.0	91.39	16.77	91.05	17.50	
280.5	97.65	17.74	96.14	18.29	
281.0	91.59	16.72	90.58	17.45	
281.5	93.55	16.18	92.17	16.83	
282.0	92.02	17.11	91.49	17.85	
282.5	91.74	15.99	90.83	16.74	
283.0	94.99	17.44	93.82	17.94	
283.5	92.24	16.47	91.10	17.09	
284.0	91.64	16.65	90.73	17.24	
284.5	93.34	16.50	92.37	17.49	
285.0	97.20	18.13	96.06	18.56	
285.5	87.91	14.94	86.97	15.73	
286.0	95.53	17.44	94.75	18.13	
286.5	91.83	16.67	90.94	17.56	
287.0	93.18	16.66	91.91	16.96	
287.5	94.97	17.13	93.67	17.95	
288.0	92.35	16.69	91.63	17.09	
288.5	93.33	17.00	92.60	17.96	
289.0	92.46	16.38	91.50	17.08	
289.5	93.02	17.05	92.17	17.61	
290.0	94.91	17.95	94.00	18.29	
290.5	93.44	16.79	92.43	17.08	
291.0	93.47	17.09	92.53	17.70	
291.5	95.71	16.99	94.81	17.77	
292.0	90.86	16.51	90.05	17.13	
292.5	91.06	15.92	90.39	16.34	
293.0	93.51	17.22	92.85	17.86	
293.5	91.78	15.90	91.10	16.23	
294.0	93.84	17.31	93.48	18.05	
294.5	92.12	16.79	91.09	16.92	
295.0	92.25	16.80	91.79	17.56	
295.5	95.16	17.52	94.20	17.97	
296.0	95.63	17.50	94.63	18.19	
296.5	90.05	16.55	89.43	16.87	
297.0	95.84	16.93	94.67	17.88	
297.5	90.46	16.09	90.10	16.70	
298.0	92.74	16.61	92.05	17.35	
298.5	90.72	16.73	90.25	17.27	
299.0	92.11	15.84	91.00	16.46	
299.5	94.21	17.73	93.50	18.27	
300.0	92.13	16.52	91.66	16.99	
300.5	89.80	16.42	89.46	16.88	
301.0	94.01	16.78	92.85	17.40	
301.5	96.09	17.73	95.26	18.23	
302.0	91.97	16.54	91.54	17.01	
302.5	94.79	17.28	94.05	17.89	
303.0	91.90	16.68	91.21	17.20	
303.5	92.55	16.06	91.91	16.65	
304.0	95.32	17.74	94.27	18.05	
304.5	90.33	16.07	89.94	16.67	
305.0	95.66	17.62	94.53	18.02	
305.5	92.19	16.73	92.00	17.39	
306.0	91.88	16.63	91.24	16.85	
306.5	92.18	16.53	92.47	17.47	
307.0	95.55	17.32	94.62	17.82	
307.5	93.57	16.81	92.48	17.48	
308.0	95.51	17.44	94.32	17.73	
308.5	89.64	16.04	89.73	16.64	
309.0	93.31	16.84	92.83	17.30	
309.5	92.83	16.73	92.10	17.17	
310.0	92.85	17.11	91.56	17.46	
310.5	94.90	17.26	94.37	17.73	
311.0	92.36	16.68	91.62	17.36	
311.5	91.20	16.37	90.77	16.88	
312.0	94.18	16.65	93.13	17.25	
312.5	91.29	16.79	91.00	17.51	
313.0	87.82	15.02	87.28	15.80	
313.5	96.91	17.51	95.94	18.11	
314.0	94.29	17.25	93.44	17.84	
314.5	90.95	16.26	90.39	16.65	
315.0	95.33	17.88	94.16	18.35	
315.5	91.56	15.88	91.02	16.23	
316.0	95.42	17.55	94.31	18.55	
316.5	88.31	15.68	88.11	16.31	
317.0	92.24	16.57	91.07	17.17	
317.5	93.22	16.46	92.21	16.97	
318.0	97.00	18.08	96.19	18.76	
318.5	89.39	16.38	88.85	16.85	
319.0	97.36	17.69	96.09	18.24	
319.5	92.28	16.84	91.09	17.29	
320.0	93.90	16.98	92.71	17.35	
320.5	92.51	16.74	92.27	17.39	
321.0	92.28	16.70	91.56	17.03	
321.5	96.66	17.52	95.31	18.36	
322.0	92.97	16.59	92.46	17.00	
322.5	80.79	11.51	81.44	12.32	
323.0	93.35	17.06	92.35	17.34	
323.5	93.89	17.16	93.15	18.02	
324.0	92.82	16.83	91.47	17.09	
324.5	96.13	17.60	95.38	18.40	
325.0	93.76	17.27	92.59	17.48	
325.5	92.70	16.21	92.00	16.78	
326.0	93.81	16.76	92.38	17.08	
326.5	78.54	11.50	78.37	12.18	
327.0	87.77	14.85	87.21	15.46	
327.5	95.75	17.40	94.62	17.71	
328.0	94.42	16.95	93.23	17.52	
328.5	89.98	16.24	89.52	16.78	
329.0	95.82	17.27	94.18	17.89	
329.5	95.20	17.47	94.07	17.81	
330.0	92.97	16.06	92.03	16.74	
330.5	92.13	16.45	91.89	17.27	
331.0	91.62	16.38	90.45	16.92	
331.5	92.93	16.52	92.02	16.85	
332.0	93.98	16.99	93.13	17.82	
332.5	89.15	15.73	88.95	16.20	
333.0	95.93	17.41	94.84	18.10	
333.5	92.38	17.10	91.18	17.39	
334.0	91.57	16.46	90.49	17.12	
334.5	91.33	16.87	91.31	17.47	
335.0	95.86	17.38	94.55	18.03	
335.5	92.63	16.45	91.49	16.92	
336.0	95.71	17.27	94.52	17.74	
336.5	89.89	16.12	89.99	16.74	
337.0	93.49	16.56	92.53	17.16	
337.5	94.38	17.47	93.23	18.00	
338.0	93.25	16.52	91.89	16.90	
338.5	95.58	17.50	94.77	18.50	
339.0	91.44	16.49	90.57	16.66	
339.5	92.63	16.51	91.46	17.23	
340.0	93.63	16.79	92.38	16.97	
340.5	93.32	17.06	92.53	17.96	
341.0	89.45	15.29	88.83	15.72	
341.5	96.82	17.46	95.43	18.22	
342.0	92.14	16.98	91.05	17.16	
342.5	91.82	16.19	91.61	17.11	
343.0	95.08	17.75	93.93	18.04	
343.5	91.02	15.57	90.20	16.23	
344.0	96.05	17.49	94.67	17.71	
344.5	89.28	16.50	88.93	16.99	
345.0	92.33	16.59	91.41	17.04	
345.5	94.72	16.99	93.36	17.64	
346.0	96.47	17.63	94.99	18.15	
346.5	92.21	16.77	91.65	17.48	
347.0	95.49	16.72	94.59	17.74	
347.5	91.38	16.17	90.38	16.73	
348.0	94.38	16.94	93.07	17.63	
348.5	91.79	16.49	91.06	16.99	
349.0	90.53	15.89	89.86	16.67	
349.5	96.24	17.59	95.05	17.86	
350.0	93.49	16.57	91.83	17.52	
350.5	89.61	16.26	89.34	16.60	
351.0	95.53	16.98	94.22	17.72	
351.5	96.17	17.82	95.15	18.20	
352.0	92.33	16.36	91.32	17.06	
352.5	93.39	17.20	92.74	17.44	
353.0	83.31	15.75	83.42	16.32	
353.5	93.80	17.26	92.55	17.68	
354.0	92.18	16.42	91.37	16.97	
354.5	91.70	15.92	90.63	16.54	
355.0	92.87	17.30	92.00	17.72	
355.5	91.75	16.31	90.83	16.90	
356.0	92.24	16.73	92.24	17.19	
356.5	94.23	16.81	93.11	17.60	
357.0	95.07	17.76	94.12	18.08	
357.5	92.53	16.35	91.01	17.02	
358.0	96.51	17.91	95.70	18.18	
358.5	91.19	16.06	90.30	16.70	
359.0	92.49	16.80	91.78	17.12	
359.5	93.68	16.50	92.32	17.40	
360.0	91.51	16.25	90.74	16.61	
360.5	95.86	16.96	94.43	17.75	
361.0	91.75	16.98	91.02	17.48	
361.5	91.82	16.22	90.69	16.91	
362.0	95.52	17.42	93.84	17.57	
362.5	96.67	17.84	95.33	18.57	
363.0	89.35	15.89	89.15	16.50	
363.5	96.95	17.65	95.48	18.20	
364.0	90.30	15.92	89.66	16.29	
364.5	93.36	16.62	92.09	17.26	
365.0	92.25	16.58	91.70	17.31	
365.5	91.44	16.03	90.44	16.29	
366.0	96.29	17.46	94.93	18.35	
366.5	94.62	17.26	93.45	17.57	
367.0	93.10	15.87	92.35	16.63	
367.5	74.64	17.04	74.43	17.15	
368.0	72.66	17.52	72.17	18.17	
368.5	65.84	14.95	65.79	15.15	
369.0	73.28	17.26	72.69	18.10	
369.5	63.84	13.99	63.97	14.29	
370.0	61.11	13.33	61.45	14.25	
370.5	57.81	12.00	58.29	12.55	
371.0	63.53	13.08	63.98	13.77	
371.5	61.42	12.00	62.11	12.44	
372.0	62.49	13.22	62.48	13.70	
372.5	68.15	15.99	67.80	16.27	
373.0	60.19	12.52	60.36	13.16	
373.5	55.39	10.62	55.82	11.22	
374.0	61.55	12.62	61.78	13.06	
374.5	66.43	15.70	66.41	16.23	
375.0	61.43	12.19	61.53	12.86	
375.5	55.67	10.93	56.15	11.59	
376.0	62.34	12.61	62.32	13.19	
376.5	64.69	13.01	63.14	13.78	
377.0	64.23	12.63	61.46	12.98	
377.5	65.29	13.45	62.53	14.16	
378.0	63.71	14.06	60.85	14.30	
378.5	65.04	12.96	62.35	13.52	
379.0	60.06	11.12	57.51	11.61	
379.5	65.65	13.27	63.06	13.77	
380.0	71.10	16.14	67.81	16.39	
380.5	63.04	12.39	59.98	13.18	
381.0	55.45	9.15	53.23	9.72	
381.5	64.29	12.77	61.47	13.51	
382.0	68.53	14.99	65.65	15.70	
382.5	62.66	12.30	59.62	12.80	
383.0	56.80	11.09	53.81	10.59	
383.5	67.49	14.32	63.90	13.63	
384.0	67.00	14.54	63.52	14.53	
384.5	65.04	13.64	61.66	12.88	
385.0	63.60	13.93	61.03	13.91	
385.5	61.23	13.35	58.71	13.02	
386.0	71.69	12.23	69.08	12.10	
386.5	84.48	16.28	81.41	14.48	
387.0	56.54	10.50	54.16	10.20	
387.5	81.43	13.68	79.42	12.11	
388.0	88.72	16.16	87.06	16.32	
388.5	79.88	12.95	78.93	12.77	
389.0	75.73	10.76	74.97	10.78	
389.5	81.91	13.85	80.86	13.79	
390.0	82.19	15.78	80.77	16.26	
390.5	62.72	12.26	59.51	12.83	
391.0	55.47	9.69	53.15	10.33	
391.5	77.97	14.94	76.73	15.33	
392.0	72.30	14.50	72.75	14.62	
392.5	64.13	12.47	61.47	13.06	
393.0	68.53	11.90	66.92	11.24	
393.5	82.54	13.74	81.80	14.43	
394.0	86.29	15.01	85.12	14.96	
394.5	81.78	12.94	80.81	13.34	
395.0	77.95	12.70	77.07	12.77	
395.5	83.28	14.00	82.00	14.35	
396.0	64.72	12.58	61.93	13.01	
396.5	63.40	12.37	60.08	13.02	
397.0	68.01	14.07	65.17	13.61	
397.5	77.86	11.48	77.54	12.34	
398.0	84.73	14.30	83.97	14.65	
398.5	80.95	13.20	79.96	13.53	
399.0	78.58	13.31	78.02	13.74	
399.5	80.57	13.00	80.76	13.52	
400.0	77.32	13.46	76.48	14.17	
400.5	63.72	12.44	60.83	12.71	
401.0	61.38	13.27	58.12	13.56	
401.5	71.65	12.36	70.41	12.88	
402.0	84.39	13.63	83.80	14.38	
402.5	81.41	13.15	80.69	13.52	
403.0	82.68	14.22	81.86	14.93	
403.5	82.69	13.64	81.96	14.10	
404.0	80.27	13.82	79.43	14.62	
404.5	60.25	10.93	57.28	11.30	
405.0	64.43	12.98	61.90	13.76	
405.5	78.64	14.82	77.34	15.30	
406.0	80.94	12.85	80.26	13.42	
406.5	82.66	12.62	82.13	13.22	
407.0	78.78	13.40	78.08	14.11	
407.5	81.09	12.86	80.48	13.42	
408.0	74.81	13.57	73.03	14.26	
408.5	62.81	11.86	59.89	12.19	
409.0	65.92	14.29	63.23	14.83	
409.5	76.29	11.80	75.95	12.63	
410.0	84.03	13.42	83.33	13.69	
410.5	81.26	12.88	80.64	13.61	
411.0	82.43	14.30	81.96	14.70	
411.5	82.80	13.97	82.25	14.61	
412.0	63.10	11.98	60.69	12.29	
412.5	69.38	11.92	67.00	12.52	
413.0	70.42	15.01	68.65	15.36	
413.5	76.62	11.76	76.48	12.57	
414.0	82.57	12.85	81.88	13.16	
414.5	81.94	13.38	81.19	13.84	
415.0	82.75	14.17	82.58	14.51	
415.5	84.19	14.74	83.44	15.58	
416.0	65.77	12.93	63.65	13.23	
416.5	57.83	10.18	54.49	10.74	
417.0	64.21	13.12	61.68	13.74	
417.5	81.57	15.03	81.02	15.41	
418.0	82.38	13.18	82.14	14.01	
418.5	78.69	11.94	78.13	12.15	
419.0	82.51	13.51	81.85	14.25	
419.5	88.36	16.42	87.33	16.87	
420.0	70.86	13.13	69.06	13.88	
420.5	54.86	9.52	52.20	9.92	
421.0	65.23	13.00	62.72	13.56	
421.5	85.67	15.86	84.66	16.19	
422.0	81.90	13.16	81.19	13.66	
422.5	76.21	11.47	76.00	12.13	
423.0	83.04	13.18	82.58	13.83	
423.5	88.66	16.81	87.62	17.06	
424.0	73.99	13.93	72.44	14.56	
424.5	54.90	8.73	52.65	9.14	
425.0	68.83	13.88	66.75	14.80	
425.5	87.65	15.71	86.80	16.13	
426.0	80.88	12.91	80.18	13.37	
426.5	74.19	10.07	74.13	10.77	
427.0	81.98	13.14	81.87	13.68	
427.5	86.33	16.36	86.11	17.07	
428.0	77.86	13.92	78.15	14.83	
428.5	53.39	9.28	50.79	9.54	
429.0	73.02	13.27	71.51	13.65	
429.5	87.29	16.77	86.69	17.40	
430.0	81.52	13.12	81.15	13.62	
430.5	73.43	9.79	73.19	10.53	
431.0	83.59	14.22	83.09	14.38	
431.5	82.40	15.02	81.46	15.87	
432.0	63.48	12.36	60.86	12.63	
432.5	64.44	10.61	62.39	11.38	
433.0	65.46	13.87	63.00	14.17	
433.5	83.46	15.06	82.26	15.80	
434.0	80.11	12.93	79.46	13.30	
434.5	74.45	11.29	74.49	11.94	
435.0	83.70	13.23	83.23	13.65	
435.5	83.61	14.23	83.08	14.84	
436.0	73.73	13.84	72.09	14.33	
436.5	63.34	13.59	61.18	14.22	
437.0	58.01	10.82	56.28	11.38	
437.5	81.32	14.36	80.19	14.72	
438.0	80.03	12.88	79.40	13.59	
438.5	78.85	13.38	78.64	13.80	
439.0	81.77	12.89	81.26	13.61	
439.5	81.71	13.16	81.30	13.43	
440.0	77.66	13.41	76.84	14.33	
440.5	65.27	13.72	62.66	14.00	
441.0	57.85	11.24	55.86	11.97	
441.5	71.46	13.84	69.33	14.13	
442.0	81.03	12.88	80.51	13.54	
442.5	82.96	14.11	82.61	14.90	
443.0	82.96	13.15	83.20	14.11	
443.5	82.51	13.55	81.73	14.23	
444.0	77.55	12.51	76.54	12.76	
444.5	56.12	12.12	52.97	12.24	
445.0	60.81	11.49	58.64	11.92	
445.5	74.26	15.06	72.06	15.52	
446.0	82.51	14.43	81.69	14.98	
446.5	69.91	9.26	69.87	9.66	
447.0	81.72	13.09	81.54	13.72	
447.5	88.79	16.37	88.09	16.96	
448.0	79.79	13.19	79.04	13.66	
448.5	58.24	10.67	56.35	11.22	
449.0	63.26	12.26	61.00	12.43	
449.5	73.29	16.50	70.81	17.20	
450.0	77.94	12.39	77.11	12.97	
450.5	74.92	10.46	75.08	11.14	
451.0	83.56	14.10	83.19	14.38	
451.5	86.13	14.55	85.48	15.54	
452.0	80.84	13.30	80.40	13.80	
452.5	63.83	11.55	62.59	12.16	
453.0	68.95	12.64	66.89	12.85	
453.5	69.75	13.70	67.04	14.44	
454.0	75.22	13.90	73.50	14.24	
454.5	75.21	11.93	75.03	12.47	
455.0	82.76	13.00	82.71	13.69	
455.5	83.25	13.82	82.70	14.20	
456.0	81.94	12.89	81.49	13.68	
456.5	80.00	15.16	78.77	15.61	
457.0	60.29	12.26	58.34	12.65	
457.5	60.70	11.00	57.70	11.29	
458.0	75.86	13.79	74.20	14.55	
458.5	78.65	13.40	78.26	13.82	
459.0	82.24	12.96	81.97	13.80	
459.5	80.30	12.64	79.95	13.02	
460.0	82.01	13.19	81.65	13.80	
460.5	80.05	14.82	78.71	14.97	
461.0	61.75	13.02	59.46	13.48	
461.5	61.02	11.54	58.22	12.04	
462.0	73.05	13.49	71.53	13.99	
462.5	82.67	13.98	82.21	14.21	
463.0	85.02	14.73	84.49	15.45	
463.5	78.00	12.25	77.75	12.88	
464.0	79.28	12.23	79.10	12.76	
464.5	80.85	14.43	80.28	15.05	
465.0	66.99	15.35	64.49	16.12	
465.5	58.80	10.88	55.69	11.04	
466.0	61.43	11.61	59.11	11.95	
466.5	83.06	14.28	82.86	14.70	
467.0	82.58	13.75	82.51	14.24	
467.5	79.86	12.54	79.75	13.39	
468.0	80.87	12.50	80.55	12.53	
468.5	83.75	14.38	83.32	14.89	
469.0	71.30	15.39	69.25	15.82	
469.5	60.34	11.52	57.40	12.04	
470.0	67.33	12.41	65.73	12.66	
470.5	82.56	13.37	81.85	13.83	
471.0	88.70	16.18	87.99	16.59	
471.5	81.02	12.91	80.74	13.69	
472.0	75.27	11.12	75.32	11.70	
472.5	77.76	12.79	77.16	13.55	
473.0	69.51	16.17	66.69	16.41	
473.5	67.84	12.26	65.49	12.95	
474.0	62.23	11.25	60.44	11.70	
474.5	80.66	12.21	80.55	12.76	
475.0	89.38	16.59	88.60	17.09	
475.5	81.49	13.27	80.86	13.84	
476.0	74.39	10.29	74.92	10.85	
476.5	84.53	14.72	84.17	15.29	
477.0	70.14	14.29	67.66	15.22	
477.5	60.65	12.51	57.21	12.66	
478.0	63.09	10.41	61.85	11.09	
478.5	84.62	14.40	84.08	14.76	
479.0	85.38	14.40	84.94	15.24	
479.5	82.01	13.15	81.47	13.58	
480.0	78.45	12.54	78.02	13.34	
480.5	82.11	13.86	81.45	14.18	
481.0	67.72	12.65	65.43	13.13	
481.5	61.60	12.29	58.41	12.37	
482.0	73.52	13.80	72.61	14.65	
482.5	81.51	12.75	81.06	13.00	
483.0	82.11	12.95	81.91	13.58	
483.5	81.47	13.12	81.14	13.48	
484.0	82.67	14.27	82.21	14.95	
484.5	77.93	14.34	77.15	14.88	
485.0	63.68	12.50	60.97	12.94	
485.5	63.88	11.47	61.21	12.35	
486.0	67.06	14.08	64.68	14.35	
486.5	79.45	11.40	79.43	12.01	
487.0	84.13	14.20	83.68	14.60	
487.5	81.60	12.98	80.91	13.78	
488.0	80.80	13.93	80.40	14.38	
488.5	79.13	13.47	78.92	14.31	
489.0	63.75	12.06	61.22	12.26	
489.5	62.53	11.93	59.63	12.46	
490.0	71.72	15.11	69.71	15.24	
490.5	81.73	13.11	81.63	13.70	
491.0	79.94	12.98	79.92	13.31	
491.5	80.48	12.15	80.04	12.85	
492.0	82.08	13.57	81.77	13.84	
492.5	81.99	15.37	81.65	16.16	
493.0	64.36	12.77	61.60	13.33	
493.5	64.32	10.64	62.52	11.09	
494.0	71.35	13.81	69.85	14.10	
494.5	85.72	15.19	85.00	15.72	
495.0	80.42	12.72	80.23	13.33	
495.5	77.09	11.43	76.95	11.92	
496.0	82.51	13.34	82.33	14.12	
496.5	84.80	16.63	83.99	17.27	
497.0	63.38	12.59	60.47	12.81	
497.5	57.35	10.49	54.91	10.90	
498.0	67.97	13.50	65.45	14.06	
498.5	86.79	15.27	86.25	15.61	
499.0	81.32	13.32	80.88	13.97	
499.5	75.38	10.41	75.29	11.00	
500.0	82.22	13.50	81.70	14.12	
500.5	87.54	16.54	86.95	17.07	
501.0	67.50	12.46	65.39	13.53	
501.5	55.91	9.69	53.85	10.06	
502.0	66.59	13.32	64.18	14.17	
502.5	84.06	15.40	83.19	15.69	
503.0	80.90	13.02	80.46	13.63	
503.5	74.99	11.41	74.89	11.84	
504.0	81.92	13.31	81.39	13.80	
504.5	84.45	13.99	84.00	14.76	
505.0	77.84	15.27	76.37	15.91	
505.5	54.28	9.46	52.09	9.66	
506.0	67.30	13.78	64.57	14.38	
506.5	86.07	15.42	85.27	15.93	
507.0	80.45	13.11	79.98	13.73	
507.5	74.51	10.78	74.37	11.49	
508.0	82.75	13.93	82.25	14.16	
508.5	86.76	15.01	86.03	15.78	
509.0	68.92	12.66	67.22	13.06	
509.5	59.94	11.84	57.63	12.64	
510.0	65.52	12.75	63.26	13.15	
510.5	83.50	13.99	82.98	14.50	
511.0	81.01	13.08	80.33	13.34	
511.5	81.30	13.83	81.17	14.60	
512.0	78.85	12.87	78.48	13.16	
512.5	81.84	13.19	81.85	14.01	
513.0	65.83	11.91	63.57	12.76	
513.5	70.85	13.74	68.85	14.40	
514.0	66.79	13.40	64.42	14.10	
514.5	74.67	12.41	73.44	12.84	
515.0	81.29	12.49	80.86	13.22	
515.5	83.19	13.88	82.86	14.43	
516.0	82.50	14.86	82.37	15.46	
516.5	82.32	13.30	81.85	13.77	
517.0	70.67	12.22	69.52	12.80	
517.5	63.09	11.49	60.61	12.10	
518.0	70.74	15.72	67.81	16.22	
518.5	71.63	12.60	70.68	12.95	
519.0	77.85	11.63	77.58	12.30	
519.5	82.29	13.43	81.95	13.76	
520.0	85.70	15.76	85.40	16.48	
520.5	80.60	12.63	80.38	13.22	
521.0	70.57	12.16	69.32	12.55	
521.5	62.98	11.49	60.62	11.91	
522.0	70.47	15.99	67.45	16.55	
522.5	72.48	12.72	71.41	13.26	
523.0	75.99	11.26	75.88	11.71	
523.5	83.07	13.11	82.16	13.59	
524.0	87.49	16.57	86.87	17.03	
524.5	80.47	12.59	80.12	13.07	
525.0	69.44	11.77	68.66	12.30	
525.5	63.45	11.65	61.25	12.60	
526.0	70.23	15.58	67.39	16.01	
526.5	79.44	13.45	79.04	13.94	
527.0	75.82	11.27	75.71	11.77	
527.5	82.74	13.20	82.45	13.92	
528.0	87.56	16.27	87.07	16.93	
528.5	81.99	13.51	81.59	14.29	
529.0	62.36	10.40	60.99	10.93	
529.5	65.17	12.91	62.74	13.51	
530.0	70.93	15.75	68.86	16.22	
530.5	79.60	13.26	79.01	13.74	
531.0	73.71	9.92	73.57	10.48	
531.5	83.19	13.91	83.14	14.58	
532.0	86.12	14.84	85.91	15.42	
532.5	80.39	13.12	80.03	13.71	
533.0	59.17	11.51	57.21	11.94	
533.5	71.98	13.04	70.26	13.33	
534.0	67.36	14.02	64.98	14.38	
534.5	81.61	14.12	81.11	14.72	
535.0	75.08	11.15	75.16	11.75	
535.5	82.04	13.42	81.74	14.00	
536.0	84.93	13.94	84.55	14.58	
536.5	80.65	14.18	80.17	14.56	
537.0	68.59	13.65	66.90	14.01	
537.5	60.32	10.62	58.05	11.30	
538.0	65.70	13.48	63.38	14.05	
538.5	82.74	13.56	82.21	14.28	
539.0	79.56	13.63	78.71	14.08	
539.5	79.06	12.78	79.09	13.39	
540.0	83.39	13.33	83.11	13.89	
540.5	82.25	13.33	82.01	13.97	
541.0	70.83	13.28	68.74	13.95	
541.5	65.29	13.61	62.82	14.08	
542.0	61.99	12.18	59.69	12.83	
542.5	78.83	12.04	78.40	12.62	
543.0	83.37	13.56	82.95	14.17	
543.5	83.94	15.44	83.62	15.90	
544.0	81.32	12.93	81.01	13.54	
544.5	78.35	12.01	77.97	12.58	
545.0	69.99	13.51	68.39	14.07	
545.5	63.62	12.73	61.33	13.37	
546.0	64.70	12.82	63.04	13.41	
546.5	79.88	12.33	79.37	12.82	
547.0	84.17	14.11	83.72	14.69	
547.5	81.07	14.12	81.02	14.64	
548.0	81.56	12.60	81.27	13.35	
548.5	80.57	13.34	80.56	13.75	
549.0	67.03	13.14	65.05	13.86	
549.5	66.91	13.92	64.36	14.44	
550.0	65.28	12.33	63.52	12.72	
550.5	78.09	11.79	77.78	12.26	
551.0	83.44	13.31	83.19	13.82	
551.5	85.66	15.90	85.23	16.40	
552.0	82.24	13.20	81.93	13.76	
552.5	74.04	11.46	74.09	12.13	
553.0	64.85	12.89	62.43	13.08	
553.5	78.56	16.02	76.65	16.73	
554.0	62.34	12.45	59.76	12.90	
554.5	73.14	11.01	73.11	11.48	
555.0	82.81	13.18	82.08	13.93	
555.5	87.18	15.99	86.76	16.61	
556.0	79.23	12.54	78.77	13.06	
556.5	75.71	10.60	75.63	11.05	
557.0	70.21	13.59	69.12	14.09	
557.5	69.48	15.03	66.85	15.65	
558.0	59.71	11.68	56.60	11.68	
558.5	71.02	11.20	70.28	12.04	
559.0	82.03	12.97	81.61	13.38	
559.5	87.80	16.51	87.38	17.19	
560.0	78.54	12.28	78.04	12.75	
560.5	74.39	10.62	74.48	11.20	
561.0	73.87	13.98	72.25	14.37	
561.5	69.31	15.06	66.26	15.69	
562.0	59.74	11.63	56.81	12.08	
562.5	70.27	11.25	69.67	11.71	
563.0	82.13	13.03	81.65	13.64	
563.5	87.76	16.47	87.04	17.07	
564.0	78.70	12.16	78.31	12.81	
564.5	68.71	8.89	68.01	9.54	
565.0	42.36	7.20	38.08	7.66	
565.5	34.02	5.99	28.66	6.60	
566.0	46.87	7.06	47.09	7.67	
566.5	48.11	5.75	49.42	6.22	
567.0	48.18	5.65	49.42	6.24	
567.5	48.16	5.74	49.40	6.28	
568.0	48.58	6.85	49.57	7.11	
568.5	37.85	6.91	36.89	7.11	
569.0	48.80	5.75	50.38	6.28	
569.5	48.99	5.83	50.35	6.31	
570.0	48.16	5.68	49.36	6.20	
570.5	48.09	5.71	49.16	6.27	
571.0	46.92	6.78	47.55	7.31	
571.5	40.72	7.04	40.33	7.42	
572.0	48.10	5.69	49.14	6.16	
572.5	48.08	5.67	49.17	6.24	
573.0	48.05	5.68	49.06	6.17	
573.5	47.77	5.62	49.05	6.31	
574.0	39.67	6.87	39.24	7.18	
574.5	48.62	7.07	49.72	7.67	
575.0	56.82	6.48	56.91	6.23	
575.5	58.70	7.81	56.63	6.21	
576.0	72.71	12.53	68.59	6.47	
576.5	72.72	11.42	70.59	9.15	
577.0	64.03	11.82	61.59	12.58	
577.5	82.68	13.15	81.18	13.74	
578.0	88.21	13.04	86.67	14.01	
578.5	88.51	13.27	87.57	14.22	
579.0	88.79	13.53	87.71	14.07	
579.5	87.29	13.25	86.69	13.52	
580.0	79.40	14.05	76.80	14.23	
580.5	69.06	12.06	66.14	12.94	
581.0	70.37	12.92	67.53	12.96	
581.5	88.25	14.01	87.12	14.49	
582.0	89.04	13.74	87.95	14.09	
582.5	88.66	13.55	87.30	14.34	
583.0	88.66	13.40	87.27	13.99	
583.5	88.44	14.03	87.60	14.40	
584.0	75.67	13.13	73.08	13.91	
584.5	70.02	12.11	67.26	13.33	
585.0	75.86	13.81	73.20	14.08	
585.5	88.05	12.86	86.99	13.59	
586.0	89.19	13.74	88.21	14.23	
586.5	89.04	13.54	88.06	13.97	
587.0	89.38	13.75	88.36	14.37	
587.5	85.78	13.35	84.87	14.07	
588.0	70.29	12.38	67.44	12.96	
588.5	77.66	13.60	75.15	13.84	
589.0	77.89	13.45	75.51	13.87	
589.5	88.86	13.62	87.76	13.73	
590.0	89.11	13.51	87.77	14.09	
590.5	88.94	13.47	87.97	13.99	
591.0	89.44	13.57	88.32	14.20	
591.5	86.40	14.44	84.64	14.71	
592.0	70.62	12.56	67.24	13.33	
592.5	70.64	12.91	66.82	12.87	
593.0	78.77	13.02	76.61	13.57	
593.5	89.29	13.57	88.01	14.01	
594.0	89.26	13.63	87.99	13.97	
594.5	89.50	14.03	88.29	14.08	
595.0	89.29	13.64	88.10	14.01	
595.5	85.45	14.39	83.52	15.13	
596.0	69.37	11.93	66.09	12.37	
596.5	72.02	13.63	68.46	13.77	
597.0	82.09	13.18	80.76	13.55	
597.5	88.89	13.46	87.91	14.27	
598.0	89.23	13.74	87.92	13.92	
598.5	89.74	14.09	88.27	14.33	
599.0	88.58	13.80	87.39	13.53	
599.5	82.43	14.53	80.46	15.17	
600.0	69.81	11.95	66.10	12.23	
600.5	71.47	13.08	68.09	13.51	
601.0	84.37	13.45	82.98	13.87	
601.5	89.55	13.85	88.21	14.06	
602.0	89.66	14.26	88.55	14.28	
602.5	89.25	13.51	88.01	14.09	
603.0	89.49	14.21	88.35	14.49	
603.5	81.25	13.98	78.95	14.93	
604.0	70.14	12.41	66.82	12.34	
604.5	71.24	12.88	68.04	13.59	
605.0	87.97	13.43	86.82	14.59	
605.5	89.25	13.52	88.07	13.90	
606.0	89.80	13.86	88.66	14.28	
606.5	89.30	13.85	87.93	13.73	
607.0	88.88	13.82	87.95	14.29	
607.5	75.03	12.93	72.41	13.31	
608.0	78.50	13.64	76.14	13.68	
608.5	74.34	13.87	71.30	14.27	
609.0	88.15	13.04	86.16	13.45	
609.5	87.26	12.69	86.43	13.63	
610.0	89.15	13.43	87.05	14.16	
610.5	89.63	13.93	88.36	13.93	
611.0	88.97	14.07	87.30	14.61	
611.5	73.73	13.08	70.94	13.71	
612.0	69.54	11.51	66.33	12.28	
612.5	77.09	13.82	74.54	14.16	
613.0	88.24	12.99	87.10	13.43	
613.5	89.19	13.40	87.66	14.19	
614.0	88.98	13.34	86.73	13.46	
614.5	89.51	13.78	87.90	14.17	
615.0	88.55	14.01	86.95	14.39	
615.5	71.62	13.24	68.19	13.71	
616.0	70.24	12.19	67.03	12.37	
616.5	75.47	13.25	73.09	13.83	
617.0	88.97	13.60	86.72	13.49	
617.5	89.10	13.43	86.77	13.91	
618.0	89.67	14.02	88.29	13.60	
618.5	88.98	13.40	88.04	13.89	
619.0	88.91	14.65	87.45	14.39	
619.5	70.52	12.56	67.35	12.66	
620.0	71.44	13.23	67.79	13.21	
620.5	79.84	13.16	77.66	13.39	
621.0	89.45	13.59	88.42	14.00	
621.5	89.44	13.83	88.19	13.62	
622.0	89.75	14.04	88.55	14.00	
622.5	89.57	13.84	88.16	13.92	
623.0	84.61	14.53	82.65	14.62	
623.5	69.67	12.18	66.69	11.99	
624.0	71.28	12.97	68.22	13.58	
624.5	83.55	13.63	82.32	13.74	
625.0	89.47	13.87	88.16	14.09	
625.5	89.59	13.89	88.40	14.23	
626.0	89.08	13.73	88.15	13.81	
626.5	89.37	13.96	88.34	14.42	
627.0	77.41	12.80	74.98	13.34	
627.5	78.42	13.45	75.93	13.45	
628.0	70.80	12.77	67.82	12.96	
628.5	87.44	13.74	86.30	13.85	
629.0	89.18	13.33	88.07	14.06	
629.5	90.03	14.10	88.59	14.26	
630.0	89.33	13.23	88.15	14.12	
630.5	89.68	14.39	88.64	14.83	
631.0	76.68	12.98	73.95	13.86	
631.5	69.51	12.17	66.27	11.91	
632.0	64.58	12.18	62.34	11.88	
632.5	88.11	12.95	86.84	13.52	
633.0	89.59	14.00	88.39	14.40	
633.5	88.78	12.96	87.42	13.83	
634.0	89.95	14.07	88.68	14.50	
634.5	88.64	14.21	87.18	14.65	
635.0	72.54	13.69	69.37	14.34	
635.5	69.94	11.75	66.48	12.66	
636.0	76.07	13.67	73.27	14.12	
636.5	88.22	12.93	87.01	13.50	
637.0	89.49	14.00	88.39	14.40	
637.5	89.57	13.76	88.18	14.43	
638.0	90.09	13.90	88.56	14.90	
638.5	88.98	14.22	87.37	14.88	
639.0	72.02	13.10	68.76	13.61	
639.5	70.26	12.45	66.71	13.14	
640.0	78.08	13.32	75.62	13.69	
640.5	89.44	13.66	88.04	14.29	
641.0	89.39	13.42	88.13	14.06	
641.5	89.68	13.94	88.47	14.33	
642.0	89.11	13.64	87.81	14.15	
642.5	87.56	14.36	85.81	15.09	
643.0	69.13	11.87	66.13	12.09	
643.5	71.40	13.06	68.33	13.89	
644.0	82.33	13.17	80.23	13.86	
644.5	89.35	13.50	88.18	14.24	
645.0	89.86	13.66	88.51	14.55	
645.5	90.33	13.70	89.00	14.63	
646.0	89.50	13.59	88.29	14.43	
646.5	81.93	13.71	79.97	14.40	
647.0	78.22	12.89	75.57	13.22	
647.5	71.79	13.01	68.58	13.59	
648.0	85.80	13.73	83.70	14.13	
648.5	90.02	13.68	88.72	14.33	
649.0	89.92	13.88	88.84	14.54	
649.5	89.28	13.29	87.88	14.03	
650.0	89.69	13.63	88.55	14.39	
650.5	80.73	14.27	78.22	14.71	
651.0	70.51	12.04	67.29	12.75	
651.5	75.18	13.84	72.45	14.40	
652.0	88.87	13.38	87.56	14.14	
652.5	89.65	13.62	88.32	14.21	
653.0	90.60	14.02	89.22	14.64	
653.5	89.81	13.39	88.57	14.23	
654.0	89.71	14.40	88.18	15.01	
654.5	72.37	12.45	69.42	13.08	
655.0	71.70	13.20	68.47	13.88	
655.5	80.03	13.17	77.99	13.56	
656.0	90.22	13.77	88.95	14.51	
656.5	89.85	13.74	88.55	14.31	
657.0	90.02	13.70	88.71	14.57	
657.5	90.64	14.05	89.33	14.62	
658.0	85.07	14.23	83.08	14.79	
658.5	70.95	12.56	67.54	13.23	
659.0	71.56	12.89	68.23	13.65	
659.5	83.86	13.77	82.09	14.21	
660.0	89.71	13.56	88.49	13.94	
660.5	72.78	8.72	72.86	9.19	
661.0	86.67	13.29	85.86	13.91	
661.5	88.79	13.43	87.80	14.04	
662.0	81.13	14.31	78.64	14.96	
662.5	72.74	13.82	69.37	14.31	
663.0	70.69	12.26	67.68	13.09	
663.5	70.52	12.82	68.08	13.23	
664.0	79.40	13.18	77.32	13.56	
664.5	89.73	13.70	88.47	14.23	
665.0	89.55	13.42	88.30	13.97	
665.5	89.81	13.42	88.61	14.25	
666.0	90.03	13.92	88.72	14.41	
666.5	83.75	13.30	82.17	14.08	
667.0	71.26	12.68	68.16	13.13	
667.5	72.46	13.64	69.07	13.32	
668.0	71.39	10.80	68.98	10.97	
668.5	69.82	13.23	67.09	13.83	
669.0	87.82	12.81	86.56	12.68	
669.5	68.51	6.25	68.66	7.00	
670.0	77.52	10.68	77.02	10.86	
670.5	89.46	13.13	88.28	14.23	
671.0	89.40	14.46	87.86	14.88	
671.5	72.80	13.07	69.53	13.64	
672.0	70.32	12.18	66.86	12.65	
672.5	72.28	13.67	69.25	13.77	
673.0	88.63	13.53	87.33	14.22	
673.5	90.14	13.84	88.72	13.96	
674.0	89.85	13.33	88.39	14.34	
674.5	89.80	13.58	88.62	14.22	
675.0	89.95	14.23	88.49	15.07	
675.5	77.68	13.36	74.79	14.03	
676.0	70.67	12.23	67.08	12.88	
676.5	75.82	13.93	72.67	13.92	
677.0	87.37	12.96	86.46	13.72	
677.5	90.21	13.36	88.71	14.70	
678.0	89.89	13.51	88.44	14.03	
678.5	90.15	13.66	88.52	14.41	
679.0	89.39	14.53	88.04	14.88	
679.5	72.33	12.37	69.39	13.09	
680.0	71.75	13.06	68.36	13.54	
680.5	81.63	13.62	79.55	13.77	
681.0	90.29	13.83	88.65	14.41	
681.5	89.49	13.60	88.25	14.02	
682.0	90.47	14.04	89.05	14.64	
682.5	89.88	13.49	88.49	14.44	
683.0	84.21	14.66	81.77	15.16	
683.5	70.40	12.20	66.91	12.63	
684.0	72.18	13.39	68.72	13.57	
684.5	85.80	13.50	84.15	14.33	
685.0	90.24	13.66	88.79	14.64	
685.5	89.79	13.68	88.21	13.82	
686.0	90.16	13.73	88.78	14.52	
686.5	89.72	13.70	88.53	14.58	
687.0	77.74	12.76	75.14	13.89	
687.5	78.56	12.91	75.85	13.77	
688.0	71.66	12.94	68.36	13.74	
688.5	86.90	13.33	85.14	14.73	
689.0	90.17	13.71	88.75	14.53	
689.5	90.25	13.89	88.96	14.92	
690.0	89.74	13.26	88.36	13.87	
690.5	90.64	14.31	88.94	15.10	
691.0	79.53	13.82	76.79	14.15	
691.5	70.46	12.28	67.27	12.55	
692.0	72.01	13.12	68.63	13.63	
692.5	89.24	13.81	87.85	14.97	
693.0	89.90	13.70	88.32	13.92	
693.5	90.65	14.03	89.07	14.78	
694.0	89.64	13.51	88.40	14.43	
694.5	90.61	14.63	89.03	14.89	
695.0	78.60	13.43	75.52	14.15	
695.5	70.86	12.16	66.95	12.94	
696.0	76.74	13.44	73.92	14.31	
696.5	89.03	13.19	87.86	13.53	
697.0	90.64	13.86	88.94	14.40	
697.5	89.72	13.59	88.32	13.93	
698.0	90.44	13.99	89.07	14.36	
698.5	89.03	14.44	87.63	14.60	
699.0	72.12	12.52	69.23	13.19	
699.5	64.79	11.11	61.69	11.11	
700.0	82.04	13.83	80.07	14.16	
700.5	89.67	13.57	88.26	13.93	
701.0	90.48	14.06	89.08	14.33	
701.5	90.01	13.72	88.37	14.27	
702.0	89.89	13.66	88.52	14.53	
702.5	80.69	14.38	78.08	14.54	
703.0	70.19	12.26	67.15	12.90	
703.5	76.02	13.69	73.28	13.82	
704.0	89.24	13.28	87.66	13.77	
704.5	90.11	13.76	88.62	14.26	
705.0	89.90	13.54	88.46	14.09	
705.5	90.33	13.95	88.83	14.26	
706.0	88.09	13.66	86.73	14.10	
706.5	74.06	13.08	70.68	13.80	
707.0	76.77	13.48	73.40	13.72	
707.5	80.62	13.37	78.48	13.67	
708.0	89.65	13.49	88.12	13.97	
708.5	90.39	14.21	88.97	14.58	
709.0	89.79	13.92	88.39	13.86	
709.5	90.08	13.76	88.92	14.35	
710.0	84.68	14.56	82.64	14.79	
710.5	70.92	12.62	67.35	13.16	
711.0	71.40	12.87	68.16	13.29	
711.5	87.70	13.68	85.97	14.18	
712.0	90.21	13.95	88.69	14.20	
712.5	90.11	13.84	88.62	14.54	
713.0	90.30	13.97	88.76	14.21	
713.5	90.18	14.33	88.73	14.96	
714.0	78.97	14.00	76.02	14.19	
714.5	70.24	11.79	66.86	12.38	
715.0	75.88	14.39	72.82	14.70	
715.5	88.36	12.90	87.05	13.32	
716.0	89.62	13.87	88.44	14.32	
716.5	89.98	13.48	88.45	13.89	
717.0	90.53	14.00	89.00	14.60	
717.5	89.40	14.37	87.66	14.66	
718.0	73.56	13.07	70.39	13.60	
718.5	71.11	12.66	67.08	13.27	
719.0	79.04	13.30	76.62	13.84	
719.5	90.02	13.45	88.49	14.00	
720.0	90.10	14.03	88.57	14.15	
720.5	90.46	13.87	88.85	14.43	
721.0	89.98	13.49	88.47	14.17	
721.5	87.61	14.91	85.57	15.21	
722.0	69.85	11.93	66.81	12.41	
722.5	72.21	13.55	68.80	13.92	
723.0	85.02	13.73	83.17	14.31	
723.5	90.44	14.19	88.94	14.64	
724.0	89.91	13.52	88.45	14.30	
724.5	90.62	13.91	89.00	14.60	
725.0	88.95	13.43	87.66	14.03	
725.5	80.81	13.79	78.41	14.93	
726.0	78.44	13.04	75.68	13.66	
726.5	71.76	13.31	68.53	13.48	
727.0	88.37	13.62	86.81	14.38	
727.5	90.02	13.76	88.42	14.41	
728.0	90.53	14.06	89.18	14.71	
728.5	90.12	13.82	88.63	14.54	
729.0	90.42	14.57	88.98	15.04	
729.5	78.96	13.88	75.95	14.14	
730.0	69.87	12.55	67.05	12.86	
730.5	75.79	13.82	73.13	13.67	
731.0	89.74	13.37	88.31	14.35	
731.5	89.89	13.81	88.42	14.42	
732.0	90.88	14.14	89.08	15.17	
732.5	89.83	13.54	88.55	14.62	
733.0	90.14	14.70	88.44	15.11	
733.5	71.49	12.15	68.50	13.01	
734.0	71.91	13.22	68.82	13.94	
734.5	83.08	13.65	81.03	14.13	
735.0	90.11	14.23	88.70	14.24	
735.5	90.41	13.86	88.79	14.37	
736.0	90.22	13.97	88.67	14.34	
736.5	90.52	13.85	88.90	14.67	
737.0	83.27	14.26	81.23	14.87	
737.5	71.01	12.22	67.61	12.99	
738.0	71.69	12.96	68.46	13.55	
738.5	86.55	13.55	84.71	14.20	
739.0	90.10	13.92	88.48	14.37	
739.5	90.55	14.09	89.15	14.83	
740.0	89.77	13.50	88.28	14.02	
740.5	90.43	14.15	89.02	15.07	
741.0	79.28	13.66	76.36	13.83	
741.5	71.08	12.76	67.50	13.14	
742.0	74.42	13.54	71.18	14.44	
742.5	88.64	13.31	87.42	13.58	
743.0	90.20	13.71	88.73	14.41	
743.5	90.11	13.73	88.65	14.04	
744.0	90.27	14.06	88.59	14.25	
744.5	88.88	13.91	87.68	14.19	
745.0	74.21	13.34	71.00	13.90	
745.5	79.07	13.42	76.36	13.81	
746.0	77.51	13.82	74.88	13.92	
746.5	89.56	13.63	87.90	13.64	
747.0	90.72	14.08	89.05	14.69	
747.5	89.90	14.04	88.70	14.31	
748.0	89.83	13.77	88.52	14.32	
748.5	88.92	14.57	86.98	14.62	
749.0	71.27	12.51	68.00	13.29	
749.5	71.22	12.91	68.16	13.34	
750.0	80.66	13.41	78.41	14.05	
750.5	89.97	13.78	88.45	13.92	
751.0	90.36	14.02	88.60	14.29	
751.5	89.94	13.82	88.57	13.99	
752.0	90.20	14.06	89.00	14.47	
752.5	86.09	14.52	84.10	14.97	
753.0	70.45	12.54	67.16	12.59	
753.5	72.74	13.21	69.14	13.94	
754.0	81.89	13.46	79.72	13.73	
754.5	90.22	13.87	88.80	14.50	
755.0	89.83	13.66	88.48	13.92	
755.5	90.32	14.00	88.81	14.27	
756.0	89.85	13.72	88.67	14.10	
756.5	84.51	14.59	82.50	14.97	
757.0	70.58	12.07	67.11	12.36	
757.5	65.76	10.54	62.72	11.18	
758.0	84.03	13.87	82.25	13.90	
758.5	89.88	13.97	88.66	14.23	
759.0	89.62	13.55	88.39	14.08	
759.5	90.52	14.32	89.20	14.27	
760.0	90.17	14.52	88.69	14.70	
760.5	76.97	13.21	74.09	13.46	
761.0	71.16	12.78	67.79	12.60	
761.5	78.95	13.25	76.90	13.98	
762.0	90.20	14.14	88.91	14.17	
762.5	-524198.45	13.77	88.22	14.02	
763.0	90.37	14.13	89.03	14.37	
763.5	89.78	13.86	88.58	14.13	
764.0	84.36	13.85	82.94	13.98	
764.5	75.16	12.99	72.27	13.24	
765.0	75.45	13.60	72.31	13.84	
765.5	76.10	12.38	74.40	12.47	
766.0	87.24	13.76	86.48	13.98	
766.5	89.90	13.90	88.35	14.37	
767.0	90.02	13.85	88.65	14.47	
767.5	89.18	13.57	88.10	14.24	
768.0	81.80	14.68	79.30	14.88	
768.5	70.74	12.21	66.58	12.79	
769.0	75.44	13.88	72.35	13.91	
769.5	88.48	13.06	87.37	13.68	
770.0	89.50	13.48	88.33	14.27	
770.5	89.00	13.67	87.93	13.86	
771.0	89.65	13.44	88.42	14.50	
771.5	89.62	14.66	88.12	14.99	
772.0	73.42	13.13	70.49	13.84	
772.5	70.64	12.35	67.37	12.78	
773.0	76.82	13.07	74.22	14.00	
773.5	89.68	13.76	88.39	14.01	
774.0	89.54	13.73	88.17	14.37	
774.5	89.55	13.31	88.34	14.25	
775.0	89.55	13.80	88.52	14.28	
775.5	87.87	14.35	86.32	14.65	
776.0	70.61	12.65	67.20	12.70	
776.5	71.72	12.98	68.00	13.99	
777.0	82.08	13.50	79.94	14.28	
777.5	89.65	13.74	88.43	14.46	
778.0	90.09	13.73	88.85	14.53	
778.5	89.42	13.33	88.34	14.41	
779.0	89.99	13.93	88.65	14.68	
779.5	83.26	14.32	81.15	14.66	
780.0	70.09	11.69	66.96	12.36	
780.5	71.42	12.70	68.27	13.67	
781.0	87.16	14.10	85.85	14.31	
781.5	89.62	13.62	88.39	14.43	
782.0	89.85	13.83	88.41	14.15	
782.5	89.84	13.62	88.63	14.46	
783.0	89.68	14.00	88.59	14.52	
783.5	76.13	12.52	73.83	13.49	
784.0	71.00	12.91	67.90	13.35	
784.5	69.76	13.30	69.26	14.42	
785.0	69.72	13.49	69.13	13.96	
785.5	69.97	13.78	69.34	14.35	
786.0	69.95	13.62	69.11	14.03	
786.5	75.67	17.25	74.61	18.01	
787.0	75.78	17.33	74.65	18.15	
787.5	76.17	17.47	75.01	18.47	
788.0	76.22	17.50	75.12	17.92	
788.5	76.01	17.39	75.20	17.96	
789.0	75.96	17.49	74.70	18.43	
789.5	75.87	17.27	74.55	18.34	
790.0	75.89	17.56	74.64	18.45	
790.5	76.01	17.36	74.68	18.59	
791.0	75.81	17.59	74.58	18.58	
791.5	75.78	17.24	74.49	18.44	
792.0	75.97	17.63	74.48	18.48	
792.5	75.91	17.50	74.68	18.37	
793.0	75.87	17.53	74.62	18.69	
793.5	75.35	17.13	74.23	18.09	
794.0	75.77	16.51	79.73	18.37	
794.5	90.16	17.24	88.69	19.11	
795.0	80.81	17.15	80.88	18.54	
795.5	81.15	18.03	81.13	18.49	
796.0	81.11	17.95	81.11	18.86	
796.5	79.44	16.37	79.62	17.06	
797.0	81.86	15.93	81.89	16.14	
797.5	80.97	17.88	80.70	18.46	
798.0	81.15	17.99	81.18	18.45	
798.5	81.14	17.76	81.12	18.23	
799.0	81.01	17.74	81.19	18.39	
799.5	81.18	18.29	81.03	18.38	
800.0	81.20	17.61	81.18	18.25	
800.5	81.08	18.21	81.09	18.39	
801.0	80.57	17.93	81.30	18.24	
801.5	81.59	17.92	80.78	18.45	
802.0	81.21	18.26	81.18	18.74	
802.5	81.07	17.38	81.11	18.48	
803.0	81.16	18.00	81.21	18.03	
803.5	81.12	17.97	81.10	18.03	
804.0	81.07	17.81	81.24	17.75	
804.5	81.11	18.09	81.01	18.21	
805.0	81.12	18.10	81.02	18.09	
805.5	81.24	18.56	81.27	18.73	
806.0	81.16	17.91	81.15	17.96	
806.5	80.91	18.12	81.08	18.56	
807.0	81.24	17.79	81.26	18.02	
807.5	81.12	17.84	80.92	18.24	
808.0	81.18	18.13	81.18	18.49	
808.5	81.13	18.07	81.16	18.42	
809.0	81.00	17.71	81.14	18.11	
809.5	81.15	17.98	80.99	18.62	
810.0	81.14	17.32	81.18	18.10	
810.5	81.24	17.79	81.19	18.60	
811.0	80.94	18.00	81.10	18.36	
811.5	81.18	18.09	81.06	18.58	
812.0	81.10	17.50	81.08	18.04	
812.5	81.16	17.98	81.19	18.73	
813.0	81.20	18.08	81.17	18.80	
813.5	80.94	18.25	81.09	18.72	
814.0	81.12	18.23	80.97	18.49	
814.5	81.18	17.93	81.17	18.08	
815.0	81.18	18.21	81.20	19.00	
815.5	81.16	17.67	81.13	17.98	
816.0	81.15	18.26	81.18	18.79	
816.5	80.97	18.03	81.11	18.41	
817.0	81.15	18.39	81.02	18.73	
817.5	81.16	17.79	81.17	18.35	
818.0	77.58	15.69	77.32	15.87	
818.5	84.12	17.79	84.27	17.90	
819.0	80.94	17.75	80.90	18.04	
819.5	81.15	18.05	81.18	18.53	
820.0	81.03	17.91	81.06	18.70	
820.5	81.23	18.28	81.17	18.82	
821.0	81.21	18.11	81.25	18.58	
821.5	80.98	17.58	81.17	18.28	
822.0	81.14	17.85	81.07	18.73	
822.5	81.15	17.63	81.03	18.33	
823.0	81.13	18.30	81.10	18.70	
823.5	81.19	18.48	81.22	18.89	
824.0	81.01	18.07	81.14	18.74	
824.5	81.11	17.81	81.16	18.62	
825.0	81.22	18.14	81.04	18.46	
825.5	81.11	17.89	81.08	19.04	
826.0	81.15	18.28	81.19	18.66	
826.5	81.12	18.13	81.17	18.79	
827.0	81.02	18.40	81.03	18.81	
827.5	81.12	17.46	81.05	18.44	
828.0	81.20	17.95	81.23	18.33	
828.5	81.13	18.29	81.14	18.73	
829.0	80.94	18.03	81.11	18.30	
829.5	81.22	17.85	81.03	18.33	
830.0	81.15	17.72	81.14	18.23	
830.5	81.13	18.25	81.14	18.71	
831.0	81.19	17.90	81.24	18.59	
831.5	80.97	18.17	81.00	18.82	
832.0	81.12	18.10	81.08	18.41	
832.5	81.20	18.45	81.18	19.10	
833.0	81.09	18.28	81.08	18.85	
833.5	81.22	17.85	81.23	18.49	
834.0	80.95	18.06	81.15	18.62	
834.5	81.16	17.80	80.99	18.39	
835.0	81.16	18.24	81.15	18.85	
835.5	81.10	17.93	81.03	18.41	
836.0	81.22	18.24	81.25	18.83	
836.5	81.02	17.74	81.05	18.18	
837.0	81.11	18.14	81.11	18.55	
837.5	81.18	18.29	81.17	18.78	
838.0	81.13	18.09	81.11	18.87	
838.5	81.15	18.16	81.11	18.72	
839.0	81.04	17.97	81.10	18.53	
839.5	81.12	17.90	81.12	18.50	
840.0	81.12	18.58	81.15	19.22	
840.5	81.21	18.25	81.18	18.86	
841.0	81.22	17.83	81.19	18.23	
841.5	80.96	18.14	80.98	18.64	
842.0	81.15	18.38	81.12	19.02	
842.5	81.11	18.01	81.14	18.49	
843.0	81.17	18.32	81.17	18.76	
843.5	81.16	17.65	81.10	18.30	
844.0	80.94	18.03	81.12	18.78	
844.5	81.13	17.66	80.95	18.29	
845.0	81.22	18.09	81.26	18.49	
845.5	81.14	18.13	81.13	18.54	
846.0	81.20	18.02	81.18	18.48	
846.5	81.03	18.03	81.02	18.63	
847.0	81.10	17.92	81.12	18.41	
847.5	81.15	17.90	81.15	18.49	
848.0	81.13	17.97	81.14	18.43	
848.5	81.20	18.13	81.21	18.78	
849.0	81.10	18.03	81.05	18.72	
849.5	80.96	18.26	81.12	18.90	
850.0	81.22	18.23	81.08	18.71	
850.5	81.17	17.96	81.15	18.69	
851.0	81.10	17.95	81.12	18.53	
851.5	81.17	17.99	81.14	18.72	
852.0	81.00	17.85	80.99	18.40	
852.5	81.11	18.07	81.13	18.71	
853.0	81.23	18.06	81.24	18.66	
853.5	81.14	17.74	81.15	18.39	
854.0	81.18	18.14	81.16	18.88	
854.5	81.12	17.80	81.09	18.55	
855.0	80.95	18.25	81.11	19.05	
855.5	81.26	18.11	81.08	18.55	
856.0	81.13	18.26	81.17	18.70	
856.5	81.11	17.87	81.12	18.23	
857.0	81.19	18.10	81.18	18.58	
857.5	81.01	18.23	81.14	18.67	
858.0	81.13	17.51	80.97	18.43	
858.5	81.13	17.93	81.10	18.68	
859.0	81.19	17.93	81.19	18.77	
859.5	81.14	17.64	81.19	18.40	
860.0	81.17	17.97	81.16	18.61	
860.5	80.96	17.81	80.95	18.38	
861.0	81.18	18.30	81.15	18.67	
861.5	81.09	18.28	81.10	18.66	
862.0	81.25	17.97	81.24	18.50	
862.5	80.99	17.96	81.18	18.35	
863.0	81.14	17.97	81.12	18.44	
863.5	81.11	17.91	80.98	18.32	
864.0	81.19	17.91	81.18	18.78	
864.5	81.10	17.74	81.09	18.64	
865.0	81.08	17.64	81.23	18.21	
865.5	81.10	17.62	80.96	18.77	
866.0	81.13	17.64	81.19	18.19	
866.5	79.59	15.33	78.98	15.60	
867.0	82.10	17.78	82.57	18.55	
867.5	80.94	18.22	81.12	18.77	
868.0	81.18	17.76	80.96	18.34	
868.5	81.11	18.09	81.13	18.80	
869.0	81.19	18.05	81.19	18.49	
869.5	81.21	18.29	81.21	18.63	
870.0	80.95	18.03	81.14	18.79	
870.5	81.11	18.27	80.95	18.96	
871.0	81.20	18.17	81.16	18.56	
871.5	81.14	17.53	81.13	18.05	
872.0	81.14	17.73	81.14	18.34	
872.5	81.05	18.01	81.21	18.87	
873.0	81.12	17.72	81.00	18.54	
873.5	81.15	18.13	81.12	18.87	
874.0	81.16	17.80	81.18	18.95	
874.5	81.16	17.98	81.12	18.38	
875.0	81.12	18.02	81.14	18.71	
875.5	81.04	18.45	81.03	18.59	
876.0	81.15	18.09	81.17	18.60	
876.5	81.14	17.83	81.14	18.59	
877.0	81.14	17.83	81.15	18.55	
877.5	81.02	18.08	81.10	18.72	
878.0	81.13	18.09	81.01	18.44	
878.5	81.18	18.56	81.21	18.72	
879.0	81.14	17.86	81.12	18.18	
879.5	81.14	18.04	81.16	18.78	
880.0	81.01	17.94	81.13	18.64	
880.5	81.14	18.07	80.99	18.68	
881.0	81.14	18.52	81.12	19.27	
881.5	81.21	18.12	81.23	18.83	
882.0	81.14	18.12	81.17	18.90	
882.5	81.13	18.18	81.14	18.90	
883.0	80.98	18.12	80.97	18.81	
883.5	81.13	18.04	81.09	18.80	
884.0	81.22	18.05	81.24	18.66	
884.5	81.12	17.83	81.14	18.69	
885.0	81.15	17.82	81.17	18.66	
885.5	80.99	18.20	80.99	18.91	
886.0	81.16	18.04	81.13	18.57	
886.5	81.12	17.88	81.12	18.86	
887.0	81.15	17.95	81.15	18.75	
887.5	81.19	18.25	81.20	19.04	
888.0	80.98	17.41	81.00	18.23	
888.5	81.22	18.43	81.20	18.88	
889.0	81.10	17.85	81.06	18.55	
889.5	81.14	18.15	81.14	18.93	
890.0	81.13	17.93	81.14	18.46	
890.5	81.01	18.23	81.04	18.82	
891.0	81.15	17.98	81.16	18.86	
891.5	81.20	18.04	81.18	18.61	
892.0	81.07	17.63	81.08	18.46	
892.5	81.19	18.11	81.16	18.86	
893.0	81.05	17.98	81.05	18.68	
893.5	81.12	18.14	81.15	18.85	
894.0	81.15	17.96	81.15	18.69	
894.5	81.16	17.70	81.17	18.61	
895.0	81.16	18.05	81.14	18.83	
895.5	81.09	17.81	80.90	18.43	
896.0	81.07	17.99	81.23	18.69	
896.5	81.14	18.19	81.17	18.93	
897.0	81.17	17.87	81.15	18.70	
897.5	81.11	18.30	81.13	18.94	
898.0	81.04	18.11	81.16	18.89	
898.5	81.10	18.09	80.95	18.90	
899.0	81.15	18.36	81.13	18.82	
899.5	81.21	17.68	81.23	18.43	
900.0	81.12	18.12	81.13	18.93	
900.5	81.01	17.93	81.03	18.74	
901.0	81.16	18.02	81.12	18.86	
901.5	81.11	17.81	81.11	18.72	
902.0	81.14	18.24	81.17	18.88	
902.5	81.19	18.29	81.18	18.89	
903.0	81.00	18.33	81.03	19.13	
903.5	81.04	17.35	80.67	18.32	
904.0	81.06	17.73	81.45	18.76	
904.5	81.35	18.15	81.33	18.58	
905.0	81.16	17.68	81.17	18.61	
905.5	80.99	18.21	80.99	18.55	
906.0	81.12	18.15	81.10	18.94	
906.5	81.22	18.03	81.23	18.72	
907.0	81.14	17.87	81.09	18.58	
907.5	81.15	18.13	80.98	18.80	
908.0	81.00	18.20	81.20	18.59	
908.5	81.15	18.10	81.15	18.62	
909.0	81.14	17.69	81.15	18.28	
909.5	81.12	17.79	81.12	18.51	
910.0	81.12	17.96	81.10	18.69	
910.5	81.01	18.06	81.00	18.66	
911.0	81.23	18.12	81.23	18.61	
911.5	81.14	17.64	81.15	18.57	
912.0	81.19	17.97	81.14	18.37	
912.5	81.10	17.78	81.13	18.50	
913.0	81.11	17.93	80.97	18.53	
913.5	80.69	15.31	80.85	15.72	
914.0	80.83	18.17	80.72	18.78	
914.5	81.07	17.97	81.09	19.01	
915.0	81.25	18.41	81.23	18.39	
915.5	81.15	17.94	81.19	18.83	
916.0	81.14	17.89	80.94	18.41	
916.5	81.00	17.93	81.20	18.55	
917.0	81.08	18.32	81.09	18.72	
917.5	81.20	18.04	81.17	18.78	
918.0	81.17	18.19	81.18	18.88	
918.5	81.17	17.84	81.03	18.54	
919.0	80.97	18.40	81.13	18.28	
919.5	81.13	18.01	81.12	18.54	
920.0	81.11	18.47	81.10	18.64	
920.5	81.19	17.93	81.17	18.56	
921.0	81.21	18.13	81.25	18.52	
921.5	81.14	18.17	80.97	18.04	
922.0	80.99	17.91	81.16	18.63	
922.5	81.14	18.05	81.15	18.56	
923.0	81.06	17.94	81.01	18.65	
923.5	81.24	18.08	81.12	18.43	
924.0	81.03	18.07	81.16	18.38	
924.5	81.12	18.17	81.15	18.44	
925.0	81.15	18.15	81.14	18.79	
925.5	81.19	18.14	81.21	18.37	
926.0	81.16	17.47	80.90	18.28	
926.5	80.93	17.67	81.16	18.18	
927.0	81.23	17.32	81.21	18.54	
927.5	81.11	17.95	81.12	18.58	
928.0	81.16	17.67	80.97	18.31	
928.5	81.19	18.33	81.21	18.94	
929.0	80.95	18.12	81.08	18.50	
929.5	81.12	18.56	81.11	18.79	
930.0	81.21	18.05	81.24	18.78	
930.5	80.83	17.56	80.75	18.17	
931.0	81.45	17.48	81.38	18.64	
931.5	80.96	17.67	81.15	18.65	
932.0	81.19	18.21	81.16	18.29	
932.5	81.13	18.08	81.10	18.78	
933.0	81.22	17.62	81.24	18.69	
933.5	81.13	18.23	80.97	18.45	
934.0	80.98	18.13	81.15	18.54	
934.5	81.20	17.88	81.15	19.08	
935.0	81.11	18.05	81.11	18.37	
935.5	81.15	17.88	81.02	18.47	
936.0	81.03	18.26	81.19	18.82	
936.5	81.13	18.09	81.15	18.49	
937.0	81.15	17.99	81.19	18.47	
937.5	81.17	17.94	81.16	18.80	
938.0	81.15	18.00	80.96	18.66	
938.5	81.07	17.34	81.05	18.63	
939.0	81.03	18.37	81.19	18.57	
939.5	81.21	17.68	81.23	19.11	
940.0	81.11	18.07	81.13	18.50	
940.5	81.18	18.22	80.97	18.30	
941.0	80.99	17.88	81.19	18.75	
941.5	81.09	17.66	81.07	18.55	
942.0	81.15	17.88	81.15	18.44	
942.5	81.17	17.81	81.19	18.50	
943.0	81.19	18.26	81.19	18.55	
943.5	81.12	18.25	81.03	18.48	
944.0	81.00	17.57	81.07	18.86	
944.5	81.17	18.30	81.15	18.61	
945.0	81.20	17.88	81.23	18.57	
945.5	81.10	17.85	80.97	18.46	
946.0	81.00	17.84	81.15	18.88	
946.5	81.17	18.11	81.15	18.76	
947.0	81.10	17.85	81.06	18.82	
947.5	81.16	18.22	81.15	19.24	
948.0	81.24	17.77	81.09	18.67	
948.5	80.97	18.17	81.15	19.12	
949.0	81.15	18.01	81.16	18.70	
949.5	81.18	18.44	81.17	18.95	
950.0	81.14	17.76	81.12	18.56	
950.5	81.12	18.44	81.10	19.04	
951.0	81.04	18.22	81.06	18.88	
951.5	81.10	17.72	81.12	18.85	
952.0	81.18	17.92	81.20	18.51	
952.5	81.14	18.03	81.14	18.67	
953.0	81.15	17.86	80.97	18.30	
953.5	80.90	17.78	81.02	18.66	
954.0	81.39	17.61	81.42	18.06	
954.5	81.08	17.79	81.06	18.52	
955.0	81.08	18.76	81.05	19.32	
955.5	80.98	18.07	81.17	18.71	
956.0	81.18	18.11	81.02	18.84	
956.5	81.16	17.86	81.16	18.46	
957.0	81.15	17.95	81.19	18.57	
957.5	81.17	17.68	81.17	18.38	
958.0	81.14	18.20	81.08	18.63	
958.5	80.20	17.50	80.12	17.89	
959.0	81.17	14.88	81.21	15.45	
959.5	80.79	17.88	80.72	18.47	
960.0	81.12	18.15	81.10	18.85	
960.5	81.18	18.15	81.20	18.64	
961.0	80.97	18.23	80.94	19.05	
961.5	81.10	18.03	81.10	18.54	
962.0	81.26	18.24	81.24	19.02	
962.5	81.11	17.90	81.16	18.49	
963.0	81.14	17.85	81.13	18.72	
963.5	81.02	18.04	81.04	18.42	
964.0	81.14	18.25	81.08	19.21	
964.5	81.11	18.27	81.10	19.02	
965.0	81.20	17.61	81.19	18.30	
965.5	81.18	18.12	81.23	18.57	
966.0	80.99	17.56	80.98	18.44	
966.5	81.09	17.91	81.11	18.61	
967.0	81.21	18.11	81.19	18.62	
967.5	81.06	18.09	81.05	18.73	
968.0	81.27	18.11	81.25	18.47	
968.5	81.11	18.31	81.14	18.92	
969.0	81.00	17.98	80.98	18.61	
969.5	81.20	18.24	81.20	18.99	
970.0	81.11	18.13	81.08	18.88	
970.5	81.12	18.02	81.13	18.51	
971.0	81.23	18.12	81.07	18.56	
971.5	81.10	18.13	81.13	18.69	
972.0	81.02	17.86	81.19	18.45	
972.5	81.15	17.93	81.14	18.99	
973.0	81.11	17.72	81.12	18.12	
973.5	81.13	18.16	81.10	18.77	
974.0	81.06	17.95	81.08	18.30	
974.5	81.18	18.07	81.16	18.78	
975.0	81.12	18.05	81.16	18.52	
975.5	81.15	17.93	81.16	18.68	
976.0	81.16	18.11	81.16	18.51	
976.5	81.10	18.33	80.96	18.72	
977.0	80.97	18.17	81.08	18.95	
977.5	81.25	17.96	81.25	18.62	
978.0	81.12	17.78	81.14	18.41	
978.5	81.18	17.93	81.13	18.52	
979.0	81.14	18.05	80.98	18.50	
979.5	80.96	17.82	81.13	18.52	
980.0	81.22	17.87	81.22	18.79	
980.5	81.10	18.02	81.16	18.32	
981.0	81.20	17.68	81.17	18.54	
981.5	80.94	17.88	80.96	18.54	
982.0	81.15	18.33	81.15	18.81	
982.5	80.96	17.80	80.93	18.17	
983.0	81.32	18.05	81.31	18.49	
983.5	81.21	17.92	81.09	18.20	
984.0	80.97	17.84	81.15	18.41	
984.5	81.20	17.68	81.13	18.48	
985.0	81.11	17.98	81.16	19.04	
985.5	81.07	17.92	81.04	18.62	
986.0	81.21	17.83	81.07	18.58	
986.5	81.07	17.90	81.23	18.35	
987.0	81.11	17.89	81.12	18.32	
987.5	81.15	18.09	81.14	18.69	
988.0	81.19	17.88	81.19	18.61	
988.5	81.11	18.08	80.93	18.38	
989.0	80.99	17.65	81.18	18.45	
989.5	81.19	18.20	81.22	18.72	
990.0	81.16	17.86	81.14	18.37	
990.5	80.98	18.00	80.98	18.47	
991.0	81.14	18.00	81.08	18.56	
991.5	81.11	17.76	81.12	18.58	
992.0	78.69	18.02	78.55	18.43	
992.5	75.82	17.87	74.79	18.29	
993.0	75.85	18.30	74.64	18.24	
993.5	75.62	17.44	74.76	18.11	
994.0	74.05	16.82	73.07	16.60	
994.5	68.61	12.75	67.98	13.31	
995.0	68.52	12.64	67.92	13.03	
995.5	69.35	13.36	68.74	13.13	
996.0	69.51	13.18	69.23	13.66	
996.5	69.11	13.00	68.64	13.46	
997.0	68.70	12.96	68.17	13.39	
997.5	68.53	12.81	67.94	13.24	
998.0	68.77	13.27	68.15	13.39	
998.5	68.39	12.75	67.79	13.29	
999.0	69.05	13.04	68.48	13.53	
999.5	68.44	12.63	67.83	12.98	
1000.0	68.82	12.89	68.21	13.39	
1000.5	68.46	12.47	67.94	13.32	
1001.0	68.88	12.55	68.31	13.61	
1001.5	68.51	12.65	68.22	12.95	
1002.0	79.57	13.76	78.92	13.88	
1002.5	90.21	14.18	89.02	14.71	
1003.0	90.54	14.49	89.55	15.12	
1003.5	90.47	14.15	89.42	14.95	
1004.0	90.19	13.91	88.95	14.98	
1004.5	87.54	13.41	86.14	13.55	
1005.0	82.66	12.87	82.46	13.67	
1005.5	90.67	14.72	89.28	14.86	
1006.0	90.35	14.33	88.99	14.84	
1006.5	90.60	14.40	89.00	14.92	
1007.0	90.03	14.26	88.94	14.80	
1007.5	90.69	14.58	89.33	14.94	
1008.0	90.40	14.10	89.09	15.10	
1008.5	90.61	14.38	89.19	14.91	
1009.0	90.52	14.63	88.93	14.83	
1009.5	90.49	14.36	89.25	15.26	
1010.0	90.49	14.51	89.10	14.84	
1010.5	90.57	14.44	89.14	14.91	
1011.0	90.55	14.23	89.04	14.96	
1011.5	90.36	14.29	89.14	14.87	
1012.0	90.80	14.47	89.37	15.00	
1012.5	90.41	13.94	88.88	14.94	
1013.0	90.54	14.39	89.29	14.97	
1013.5	90.36	14.28	88.99	14.88	
1014.0	90.82	14.71	89.35	14.91	
1014.5	90.63	14.37	89.02	14.96	
1015.0	90.17	14.19	88.74	14.67	
1015.5	90.30	14.15	89.08	14.86	
1016.0	90.65	14.27	89.25	15.02	
1016.5	90.51	14.11	88.93	14.65	
1017.0	90.49	14.16	89.09	15.06	
1017.5	90.52	14.22	89.24	15.09	
1018.0	90.57	14.13	89.19	15.18	
1018.5	90.72	14.11	89.34	15.34	
1019.0	90.36	13.90	89.02	15.19	
1019.5	90.75	14.54	89.20	14.87	
1020.0	90.33	13.93	89.14	15.21	
1020.5	90.96	14.20	89.53	15.15	
1021.0	90.38	14.16	89.09	15.17	
1021.5	90.72	14.24	89.20	15.06	
1022.0	90.54	14.25	89.34	15.31	
1022.5	89.87	13.86	88.95	15.00	
1023.0	90.65	14.17	89.26	15.19	
1023.5	90.62	14.00	89.07	15.35	
1024.0	90.80	14.13	89.35	15.30	
1024.5	90.45	14.03	89.17	15.24	
1025.0	90.79	14.37	89.30	15.24	
1025.5	90.62	14.25	88.99	15.01	
1026.0	90.89	14.01	89.44	15.26	
1026.5	90.42	13.85	89.16	15.17	
1027.0	91.03	14.39	89.51	15.24	
1027.5	90.52	13.86	88.89	15.05	
1028.0	90.89	14.25	89.43	15.14	
1028.5	90.53	14.08	89.17	15.20	
1029.0	91.03	14.06	89.54	15.59	
1029.5	90.77	14.06	89.36	15.40	
1030.0	90.89	14.10	89.28	15.43	
1030.5	90.39	14.01	89.20	15.14	
1031.0	90.66	14.12	89.35	15.32	
1031.5	90.81	14.40	89.47	15.08	
1032.0	90.60	13.96	89.14	15.27	
1032.5	90.58	14.44	89.36	15.09	
1033.0	90.59	14.15	89.30	15.09	
1033.5	90.90	14.30	89.40	15.29	
1034.0	90.71	14.20	89.41	14.97	
1034.5	90.55	13.98	89.35	15.31	
1035.0	90.69	14.29	89.34	15.22	
1035.5	90.94	14.21	89.45	15.31	
1036.0	90.74	13.87	89.37	15.36	
1036.5	90.57	14.03	89.39	15.15	
1037.0	90.71	14.15	89.35	15.04	
1037.5	90.73	14.23	89.40	15.22	
1038.0	90.48	13.96	89.13	14.92	
1038.5	90.70	14.23	89.37	14.98	
1039.0	90.61	14.17	89.52	15.03	
1039.5	90.63	14.27	89.34	14.87	
1040.0	91.00	14.39	89.51	15.24	
1040.5	90.47	14.12	89.23	15.01	
1041.0	90.43	14.29	89.48	15.01	
1041.5	90.47	14.21	89.28	14.88	
1042.0	90.78	14.29	89.62	15.17	
1042.5	90.51	13.96	89.15	15.17	
1043.0	90.67	14.44	89.49	14.99	
1043.5	87.81	13.28	87.85	13.73	
1044.0	89.01	13.20	87.98	13.91	
1044.5	89.64	14.17	88.10	13.97	
1045.0	90.04	13.88	89.02	14.67	
1045.5	88.43	13.12	87.72	14.26	
1046.0	89.06	13.78	87.68	14.33	
1046.5	90.05	13.98	88.71	14.83	
1047.0	89.46	13.71	88.63	14.59	
1047.5	90.15	13.77	88.97	14.96	
1048.0	90.12	14.18	88.98	14.88	
1048.5	90.73	14.36	89.61	14.85	
1049.0	89.66	14.02	88.48	14.39	
1049.5	90.90	14.13	89.97	15.27	
1050.0	90.64	14.26	89.21	14.97	
1050.5	90.73	14.80	89.80	15.49	
1051.0	90.52	14.60	89.39	14.94	
1051.5	90.72	14.20	89.62	15.31	
1052.0	90.51	14.48	89.24	14.82	
1052.5	90.23	14.54	89.51	15.04	
1053.0	90.46	14.02	89.46	15.52	
1053.5	90.55	14.86	89.54	14.91	
1054.0	90.92	14.61	89.88	15.55	
1054.5	89.49	13.66	88.32	14.61	
1055.0	88.85	13.63	88.25	14.08	
1055.5	90.17	14.34	89.16	14.77	
1056.0	89.20	13.88	88.41	14.19	
1056.5	88.91	13.77	87.91	13.77	
1057.0	88.51	13.69	87.66	14.23	
1057.5	89.80	14.10	88.61	14.60	
1058.0	89.47	14.04	88.85	14.61	
1058.5	89.94	14.08	90.16	14.55	
1059.0	91.24	14.53	89.14	14.84	
1059.5	89.84	13.95	88.89	14.35	
1060.0	81.59	11.97	80.84	11.98	
1060.5	86.11	14.31	85.86	14.88	
1061.0	89.88	14.39	88.50	14.55	
1061.5	89.90	14.21	88.86	14.67	
1062.0	89.75	14.47	88.89	14.67	
1062.5	89.77	14.10	88.78	14.68	
1063.0	89.80	14.18	88.78	14.69	
1063.5	89.92	14.43	88.75	14.66	
1064.0	89.93	14.28	88.94	14.73	
1064.5	89.63	14.22	88.82	14.64	
1065.0	90.24	14.83	89.29	14.74	
1065.5	90.13	14.33	89.01	14.95	
1066.0	89.90	14.54	89.13	14.76	
1066.5	90.00	14.35	89.22	14.92	
1067.0	90.07	14.41	89.10	14.56	
1067.5	89.94	14.61	88.87	14.73	
1068.0	90.09	14.27	89.09	14.76	
1068.5	89.18	13.98	88.77	14.44	
1069.0	90.15	14.39	89.17	14.72	
1069.5	90.04	14.24	88.91	14.80	
1070.0	90.06	14.27	89.27	14.86	
1070.5	89.97	14.09	89.14	14.92	
1071.0	90.05	14.25	89.19	14.69	
1071.5	89.96	14.24	89.15	14.69	
1072.0	90.13	14.29	88.97	14.78	
1072.5	89.82	14.13	89.08	14.76	
1073.0	90.04	14.26	89.06	14.61	
1073.5	90.04	14.32	89.20	14.81	
1074.0	89.83	13.92	88.62	14.79	
1074.5	90.00	13.83	89.14	15.02	
1075.0	89.99	14.35	89.16	14.64	
1075.5	90.10	14.19	89.21	14.71	
1076.0	89.88	14.28	88.81	14.60	
1076.5	89.32	13.89	88.67	14.63	
1077.0	90.11	14.26	89.15	14.82	
1077.5	90.22	14.06	89.17	15.05	
1078.0	90.02	14.25	88.95	14.46	
1078.5	89.76	14.07	89.04	14.67	
1079.0	90.11	14.10	89.15	14.87	
1079.5	89.95	14.08	89.01	14.76	
1080.0	90.05	14.08	88.96	14.77	
1080.5	89.78	14.00	88.99	14.85	
1081.0	90.14	14.08	89.20	14.81	
1081.5	89.90	14.19	88.84	14.65	
1082.0	90.13	14.45	89.23	14.94	
1082.5	89.84	14.40	89.21	14.99	
1083.0	90.05	14.10	89.18	14.89	
1083.5	89.98	14.15	89.04	14.88	
1084.0	89.92	14.05	88.93	14.72	
1084.5	89.95	14.26	89.21	14.89	
1085.0	89.89	14.02	88.99	14.96	
1085.5	89.98	14.02	88.93	14.71	
1086.0	90.05	14.11	89.10	14.74	
1086.5	89.97	14.00	89.20	14.89	
1087.0	89.98	14.03	89.20	15.11	
1087.5	89.98	14.05	88.91	14.82	
1088.0	90.04	14.04	89.03	14.89	
1088.5	89.97	13.68	89.22	15.24	
1089.0	89.96	14.05	89.09	15.01	
1089.5	90.01	13.96	88.94	14.93	
1090.0	90.03	13.91	89.14	15.10	
1090.5	86.84	13.21	86.76	13.89	
1091.0	84.97	12.46	85.19	13.64	
1091.5	84.43	12.27	84.75	13.52	
1092.0	84.43	11.98	84.21	13.13	
1092.5	84.25	12.01	83.85	12.71	
1093.0	84.44	12.11	83.85	12.76	
1093.5	84.25	11.90	83.60	12.45	
1094.0	84.42	12.07	83.71	12.81	
1094.5	84.26	12.06	83.76	12.69	
1095.0	84.48	11.99	83.80	12.99	
1095.5	84.35	11.86	83.46	12.39	
1096.0	84.39	11.75	83.70	12.73	
1096.5	84.29	12.00	83.73	12.40	
1097.0	84.48	12.00	83.79	12.74	
1097.5	84.51	11.85	83.61	12.44	
1098.0	84.43	11.99	83.76	12.54	
1098.5	84.30	12.00	83.79	12.49	
1099.0	84.45	11.94	83.79	12.44	
1099.5	84.11	11.74	83.36	12.03	
1100.0	84.16	12.06	83.71	12.31	
1100.5	84.41	11.87	83.83	12.28	
1101.0	84.40	11.87	83.77	12.37	
1101.5	84.46	12.00	83.65	12.38	
1102.0	84.10	11.86	83.60	12.33	
1102.5	84.41	11.92	83.74	12.21	
1103.0	84.29	11.94	83.68	12.41	
1103.5	84.55	12.00	83.75	12.32	
1104.0	84.19	12.09	83.74	12.14	
1104.5	84.50	12.09	83.94	12.34	
1105.0	84.12	11.71	83.41	11.98	
1105.5	84.26	11.91	83.75	12.42	
1106.0	84.16	11.84	83.79	12.43	
1106.5	84.39	11.94	83.78	12.64	
1107.0	84.46	11.85	83.90	12.49	
1107.5	84.41	12.09	83.60	12.08	
1108.0	84.14	11.90	83.82	12.04	
1108.5	84.50	12.14	83.90	12.20	
1109.0	84.47	11.90	83.71	12.31	
1109.5	84.47	11.80	83.76	12.34	
1110.0	84.04	11.81	83.58	12.27	
1110.5	84.51	11.95	83.85	12.32	
1111.0	84.48	11.84	83.67	12.40	
1111.5	84.52	11.91	83.91	12.48	
1112.0	84.39	11.98	83.83	12.05	
1112.5	84.37	11.72	83.90	12.60	
1113.0	84.39	11.91	83.63	12.44	
1113.5	84.56	11.83	83.88	12.74	
1114.0	84.22	11.88	83.80	12.27	
1114.5	84.34	11.97	83.69	12.65	
1115.0	84.38	11.96	83.62	12.59	
1115.5	84.31	11.99	83.69	12.62	
1116.0	84.26	11.84	83.84	12.70	
1116.5	84.56	12.08	83.85	12.76	
1117.0	72.10	9.16	71.56	9.63	
1117.5	44.86	4.49	46.02	5.11	
1118.0	44.73	4.56	46.08	5.11	
1118.5	44.82	4.48	46.11	5.11	
1119.0	44.82	4.56	46.03	5.08	
1119.5	44.79	4.50	46.15	5.08	
1120.0	45.16	4.65	46.37	5.27	
1120.5	45.61	4.79	47.45	5.38	
1121.0	45.11	4.61	46.68	5.28	
1121.5	44.76	4.54	46.14	5.10	
1122.0	44.65	4.49	46.10	5.12	
1122.5	44.76	4.54	46.10	5.09	
1123.0	44.75	4.46	46.00	5.13	
1123.5	44.65	4.55	46.09	5.12	
1124.0	44.73	4.49	46.07	5.11	
1124.5	44.75	4.57	45.97	5.07	
1125.0	44.73	4.46	46.07	5.11	
1125.5	44.65	4.55	46.06	5.10	
1126.0	44.71	4.46	46.06	5.13	
1126.5	44.74	4.56	46.06	5.09	
1127.0	44.63	4.45	45.96	5.10	
1127.5	44.74	4.57	46.05	5.07	
1128.0	44.72	4.48	46.05	5.12	
1128.5	44.70	4.52	46.03	5.08	
1129.0	44.69	4.49	45.95	5.09	
1129.5	44.63	4.52	46.01	5.10	
1130.0	44.69	4.48	46.03	5.07	
1130.5	44.69	4.52	45.91	5.11	
1131.0	44.70	4.49	46.02	5.09	
1131.5	44.62	4.46	46.00	5.12	
1132.0	44.75	4.55	45.91	5.08	
1132.5	44.78	4.46	45.99	5.13	
1133.0	44.68	4.54	46.02	5.09	
1133.5	44.77	4.51	45.99	5.10	
1134.0	44.80	4.55	45.97	5.07	
1134.5	44.82	4.47	45.92	5.11	
1135.0	44.68	4.56	45.98	5.09	
1135.5	44.80	4.47	45.99	5.12	
1136.0	44.80	4.55	45.88	5.08	
1136.5	44.80	4.46	45.99	5.11	
1137.0	44.72	4.56	45.97	5.09	
1137.5	44.80	4.47	45.99	5.08	
1138.0	44.82	4.56	45.87	5.07	
1138.5	44.81	4.46	45.96	5.09	
1139.0	44.73	4.55	45.95	5.12	
1139.5	44.82	4.47	45.98	5.09	
1140.0	44.79	4.56	45.87	5.10	
1140.5	44.67	4.47	45.97	5.08	
1141.0	44.79	4.55	45.95	5.10	
1141.5	44.77	4.50	45.95	5.04	
1142.0	44.76	4.49	45.87	5.11	
1142.5	44.65	4.49	45.96	5.08	
1143.0	44.74	4.49	45.99	5.10	
1143.5	44.76	4.55	45.94	5.07	
1144.0	44.76	4.47	45.89	5.10	
1144.5	44.67	4.53	45.96	5.09	
1145.0	44.79	4.44	45.94	5.11	
1145.5	44.77	4.56	45.97	5.08	
1146.0	44.69	4.43	45.87	5.09	
1146.5	44.75	4.56	45.97	5.13	
1147.0	44.73	4.46	45.95	5.09	
1147.5	44.74	4.54	45.96	5.13	
1148.0	44.64	4.44	45.89	5.07	
1148.5	44.72	4.53	45.94	5.10	
1149.0	44.71	4.45	45.96	5.06	
1149.5	44.74	4.54	45.85	5.11	
1150.0	44.63	4.46	45.96	5.06	
1150.5	44.71	4.57	46.00	5.14	
1151.0	44.73	4.48	45.95	5.05	
1151.5	44.72	4.51	45.93	5.08	
1152.0	44.63	4.49	46.00	5.08	
1152.5	44.70	4.47	45.98	5.09	
1153.0	44.74	4.52	46.00	5.10	
1153.5	44.62	4.45	45.97	5.11	
1154.0	44.75	4.53	46.00	5.09	
1154.5	44.73	4.47	45.99	5.08	
1155.0	44.73	4.53	45.99	5.10	
1155.5	44.65	4.40	45.91	5.06	
1156.0	44.70	4.54	46.01	5.12	
1156.5	44.72	4.43	45.99	5.06	
1157.0	44.73	4.49	46.00	5.11	
1157.5	44.61	4.40	45.84	5.09	
1158.0	44.74	4.51	46.00	5.12	
1158.5	44.74	4.45	46.00	5.07	
1159.0	44.74	4.53	46.02	5.09	
1159.5	44.66	4.46	45.90	5.05	
1160.0	44.75	4.54	46.02	5.09	
1160.5	44.77	4.46	45.97	5.08	
1161.0	44.67	4.49	46.01	5.10	
1161.5	44.73	4.45	45.92	5.03	
1162.0	44.76	4.49	46.01	5.10	
1162.5	44.74	4.46	46.01	5.09	
1163.0	44.67	4.49	45.95	5.06	
1163.5	44.73	4.51	46.00	5.12	
1164.0	44.74	4.46	46.04	5.08	
1164.5	44.72	4.53	46.00	5.11	
1165.0	44.66	4.43	45.92	5.05	
1165.5	44.73	4.54	46.02	5.14	
1166.0	44.75	4.43	45.98	5.05	
1166.5	44.62	4.52	46.01	5.09	
1167.0	44.74	4.46	45.91	5.09	
1167.5	44.74	4.53	46.01	5.11	
1168.0	44.76	4.45	46.02	5.08	
1168.5	44.63	4.50	46.02	5.11	
1169.0	44.77	4.48	46.13	5.13	
1169.5	45.45	4.75	47.12	5.36	
1170.0	45.40	4.59	46.78	5.21	
1170.5	44.64	4.53	45.94	5.06	
1171.0	44.74	4.46	45.99	5.11	
1171.5	44.73	4.51	46.00	5.09	
1172.0	44.74	4.46	46.03	5.11	
1172.5	44.64	4.48	46.00	5.09	
1173.0	44.73	4.46	45.92	5.12	
1173.5	44.72	4.45	46.00	5.04	
1174.0	44.74	4.51	46.01	5.14	
1174.5	44.63	4.44	45.91	5.07	
1175.0	44.72	4.54	46.02	5.09	
1175.5	44.72	4.47	46.01	5.05	
1176.0	44.62	4.45	46.01	5.11	
1176.5	44.70	4.44	45.93	5.06	
1177.0	44.72	4.50	46.02	5.11	
1177.5	44.71	4.43	46.01	5.07	
1178.0	44.61	4.51	46.01	5.11	
1178.5	44.70	4.46	45.90	5.07	
1179.0	44.69	4.51	45.96	5.09	
1179.5	44.73	4.43	45.93	5.11	
1180.0	44.65	4.50	45.94	5.06	
1180.5	44.75	4.45	45.85	5.12	
1181.0	44.73	4.50	45.95	5.04	
1181.5	44.76	4.45	45.93	5.11	
1182.0	44.66	4.47	45.91	5.05	
1182.5	44.74	4.46	45.85	5.10	
1183.0	44.75	4.41	45.92	5.05	
1183.5	44.65	4.52	45.93	5.12	
1184.0	44.74	4.45	45.95	5.07	
1184.5	44.74	4.53	45.86	5.09	
1185.0	41.12	4.20	42.42	4.81	
1185.5	13.68	1.92	16.42	2.63	
1186.0	13.11	1.76	15.86	2.41	
1186.5	13.05	1.72	15.73	2.46	
1187.0	13.00	1.73	15.68	2.44	
1187.5	13.11	1.87	15.93	2.49	
1188.0	13.38	1.94	16.24	2.65	
1188.5	18.71	3.63	21.33	4.18	
1189.0	18.06	3.42	21.01	3.97	
1189.5	13.30	1.82	16.01	2.45	
1190.0	13.20	1.77	15.91	2.48	
1190.5	13.07	1.81	15.76	2.51	
1191.0	13.10	1.77	15.84	2.44	
1191.5	12.97	1.87	15.67	2.37	
1192.0	12.98	1.75	15.73	2.51	
1192.5	13.21	1.84	15.83	2.35	
1193.0	13.24	1.86	15.94	2.56	
1193.5	13.51	1.99	16.17	2.61	
1194.0	13.22	1.79	15.93	2.43	
1194.5	13.08	1.73	15.72	2.45	
1195.0	12.98	1.77	15.72	2.39	
1195.5	13.00	1.76	15.64	2.49	
1196.0	12.98	1.74	15.72	2.42	
1196.5	12.97	1.82	15.66	2.44	
1197.0	13.03	1.78	15.73	2.44	
1197.5	13.03	1.76	15.70	2.44	
1198.0	13.13	1.80	15.84	2.44	
1198.5	12.96	1.71	15.70	2.44	
1199.0	12.95	1.77	15.62	2.52	
1199.5	13.90	2.15	16.65	2.86	
1200.0	13.11	1.86	15.77	2.49	
1200.5	13.01	1.83	15.70	2.55	
1201.0	12.96	1.87	15.70	2.49	
1201.5	12.97	1.82	15.68	2.47	
1202.0	13.08	1.80	15.77	2.37	
1202.5	13.00	1.81	15.67	2.36	
1203.0	13.05	1.85	15.73	2.51	
1203.5	12.98	1.81	15.67	2.42	
1204.0	12.90	1.74	15.61	2.51	
1204.5	13.00	1.76	15.73	2.47	
1205.0	12.77	1.76	15.57	2.37	
1205.5	13.17	1.87	15.71	2.47	
1206.0	13.04	1.80	15.73	2.52	
1206.5	13.09	1.82	15.80	2.45	
1207.0	12.89	1.76	15.55	2.45	
1207.5	12.92	1.78	15.66	2.42	
1208.0	13.11	1.90	15.72	2.51	
1208.5	12.94	1.74	15.66	2.43	
1209.0	12.90	1.83	15.57	2.44	
1209.5	12.89	1.83	15.65	2.42	
1210.0	13.04	1.91	15.72	2.55	
1210.5	12.86	1.77	15.65	2.46	
1211.0	13.05	1.78	15.61	2.49	
1211.5	13.15	1.87	15.92	2.48	
1212.0	13.05	1.87	15.59	2.45	
1212.5	12.93	1.80	15.66	2.50	
1213.0	13.00	1.87	15.66	2.54	
1213.5	12.82	1.80	15.65	2.44	
1214.0	13.20	1.87	15.74	2.54	
1214.5	12.96	1.81	15.67	2.46	
1215.0	12.93	1.77	15.58	2.49	
1215.5	12.96	1.76	15.66	2.50	
1216.0	13.02	1.79	15.59	2.47	
1216.5	12.92	1.76	15.60	2.42	
1217.0	12.93	1.73	15.57	2.39	
1217.5	12.87	1.82	15.74	2.53	
1218.0	13.29	1.84	15.66	2.45	
1218.5	12.91	1.71	15.65	2.44	
1219.0	12.91	1.82	15.58	2.50	
1219.5	12.86	1.82	15.55	2.49	
1220.0	12.92	1.81	15.47	2.42	
1220.5	12.94	1.79	15.72	2.39	
1221.0	13.03	1.71	15.62	2.29	
1221.5	13.00	1.80	15.62	2.50	
1222.0	13.08	1.85	15.76	2.46	
1222.5	13.11	1.79	15.75	2.50	
1223.0	12.94	1.81	15.61	2.46	
1223.5	13.24	1.83	15.83	2.50	
1224.0	12.97	1.85	15.49	2.48	
1224.5	12.96	1.79	15.70	2.51	
1225.0	12.95	1.76	15.59	2.47	
1225.5	12.94	1.80	15.57	2.47	
1226.0	13.01	1.83	15.60	2.45	
1226.5	12.95	1.82	15.67	2.53	
1227.0	13.01	1.81	15.56	2.47	
1227.5	12.97	1.75	15.58	2.42	
1228.0	12.93	1.76	15.42	2.46	
1228.5	12.91	1.81	15.80	2.51	
1229.0	13.03	1.87	15.56	2.44	
1229.5	13.20	1.80	15.86	2.57	
1230.0	12.98	1.78	15.68	2.49	
1230.5	12.98	1.78	15.59	2.50	
1231.0	12.87	1.83	15.58	2.46	
1231.5	13.16	1.80	15.74	2.46	
1232.0	12.86	1.82	15.50	2.46	
1232.5	12.91	1.76	15.68	2.47	
1233.0	12.92	1.77	15.54	2.47	
1233.5	12.95	1.71	15.61	2.53	
1234.0	13.06	1.85	15.66	2.53	
1234.5	13.02	1.88	15.73	2.50	
1235.0	12.95	1.78	15.61	2.56	
1235.5	13.14	1.82	15.76	2.47	
1236.0	13.00	1.85	15.56	2.54	
1236.5	13.08	1.81	15.82	2.58	
1237.0	12.90	1.75	15.56	2.44	
1237.5	12.91	1.76	15.55	2.47	
1238.0	12.91	1.76	15.59	2.45	
1238.5	13.01	1.82	15.70	2.56	
1239.0	12.87	1.73	15.60	2.44	
1239.5	13.00	1.84	15.66	2.49	
1240.0	12.67	1.80	15.34	2.34	
1240.5	13.06	1.81	15.74	2.47	
1241.0	12.84	1.79	15.54	2.48	
1241.5	13.10	1.88	15.77	2.58	
1242.0	12.95	1.76	15.66	2.49	
1242.5	13.08	1.82	15.70	2.56	
1243.0	12.90	1.78	15.57	2.49	
1243.5	12.89	1.77	15.57	2.52	
1244.0	12.77	1.78	15.65	2.50	
1244.5	13.07	1.80	15.57	2.45	
1245.0	12.79	1.74	15.50	2.53	
1245.5	12.85	1.68	15.56	2.50	
1246.0	12.95	1.87	15.62	2.53	
1246.5	12.92	1.76	15.60	2.44	
1247.0	12.91	1.82	15.56	2.56	
1247.5	13.21	1.86	15.83	2.60	
1248.0	12.89	1.85	15.47	2.46	
1248.5	12.82	1.79	15.60	2.59	
1249.0	13.07	1.79	15.52	2.55	
1249.5	13.07	1.80	15.63	2.50	
1250.0	12.91	1.69	15.62	2.51	
1250.5	12.83	1.76	15.53	2.54	
1251.0	13.00	1.81	15.47	2.46	
1251.5	13.00	1.80	15.65	2.45	
1252.0	12.80	1.80	15.50	2.49	
1252.5	13.08	1.82	15.62	2.36	
1253.0	12.92	1.84	15.48	2.55	
1253.5	13.16	1.81	15.78	2.61	
1254.0	13.04	1.75	15.69	2.45	
1254.5	12.92	1.80	15.54	2.48	
1255.0	12.85	1.78	15.54	2.49	
1255.5	12.96	1.80	15.57	2.48	
1256.0	12.80	1.73	15.49	2.47	
1256.5	12.93	1.77	15.55	2.51	
1257.0	12.85	1.73	15.49	2.48	
1257.5	12.87	1.78	15.52	2.55	
1258.0	13.09	1.80	15.69	2.51	
1258.5	12.88	1.76	15.55	2.50	
1259.0	12.90	1.75	15.53	2.56	
1259.5	13.04	1.79	15.66	2.43	
1260.0	13.03	1.79	15.57	2.47	
1260.5	13.04	1.82	15.63	2.61	
1261.0	13.04	1.79	15.59	2.58	
1261.5	12.99	1.82	15.57	2.51	
1262.0	13.08	1.77	15.68	2.54	
1262.5	13.04	1.82	15.64	2.51	
1263.0	12.92	1.74	15.56	2.54	
1263.5	12.91	1.70	15.54	2.47	
1264.0	12.92	1.76	15.58	2.51	
1264.5	12.96	1.85	15.62	2.49	
1265.0	12.95	1.75	15.57	2.51	
1265.5	13.01	1.77	15.68	2.60	
1266.0	13.01	1.78	15.67	2.55	
1266.5	13.01	1.82	15.70	2.57	
1267.0	13.00	1.94	15.69	2.67	
1267.5	12.91	1.81	15.55	2.48	
1268.0	12.92	1.74	15.57	2.52	
1268.5	13.01	1.80	15.60	2.52	
1269.0	12.98	1.76	15.55	2.45	
1269.5	13.01	1.83	15.63	2.49	
1270.0	13.07	1.80	15.71	2.52	
1270.5	12.96	1.77	15.61	2.54	
1271.0	13.07	1.78	15.62	2.51	
1271.5	13.14	1.82	15.75	2.53	
1272.0	12.99	1.76	15.57	2.48	
1272.5	13.02	1.87	15.66	2.43	
1273.0	12.94	1.78	15.56	2.50	
1273.5	13.03	1.85	15.61	2.53	
1274.0	13.05	1.77	15.69	2.51	
1274.5	13.03	1.78	15.63	2.46	
1275.0	12.90	1.81	15.55	2.41	
1275.5	12.98	1.83	15.58	2.47	
1276.0	12.90	1.85	15.55	2.48	
1276.5	12.85	1.71	15.61	2.45	
1277.0	13.02	1.74	15.58	2.49	
1277.5	13.09	1.79	15.69	2.53	
1278.0	12.96	1.78	15.68	2.52	
1278.5	12.98	1.80	15.55	2.50	
1279.0	12.86	1.76	15.54	2.49	
1279.5	12.89	1.79	15.54	2.54	
1280.0	12.80	1.75	15.48	2.44	
1280.5	12.92	1.77	15.74	2.43	
1281.0	12.98	1.83	15.53	2.53	
1281.5	13.05	1.86	15.59	2.61	
1282.0	12.96	1.73	15.51	2.54	
1282.5	13.03	1.82	15.71	2.48	
1283.0	12.88	1.80	15.55	2.43	
1283.5	13.06	1.80	15.69	2.55	
1284.0	12.85	1.81	15.53	2.46	
1284.5	12.89	1.79	15.49	2.53	
1285.0	12.92	1.80	15.56	2.47	
1285.5	12.88	1.85	15.52	2.52	
1286.0	12.78	1.79	15.57	2.56	
1286.5	13.00	1.77	15.52	2.51	
1287.0	12.86	1.77	15.51	2.47	
1287.5	12.87	1.83	15.52	2.52	
1288.0	12.82	1.73	15.48	2.43	
1288.5	12.87	1.75	15.54	2.45	
1289.0	13.00	1.85	15.64	2.58	
1289.5	13.04	1.77	15.70	2.61	
1290.0	12.94	1.73	15.61	2.46	
1290.5	12.73	1.79	15.52	2.52	
1291.0	13.01	1.88	15.60	2.51	
1291.5	12.89	1.83	15.60	2.55	
1292.0	12.78	1.76	15.45	2.52	
1292.5	12.93	1.81	15.65	2.49	
1293.0	12.82	1.81	15.53	2.47	
1293.5	12.86	1.82	15.54	2.51	
1294.0	12.88	1.74	15.53	2.58	
1294.5	12.76	1.71	15.63	2.49	
1295.0	13.03	1.77	15.58	2.53	
1295.5	12.94	1.84	15.62	2.52	
1296.0	12.88	1.78	15.41	2.52	
1296.5	12.71	1.76	15.68	2.53	
1297.0	12.98	1.71	15.53	2.53	
1297.5	12.96	1.78	15.55	2.50	
1298.0	12.91	1.75	15.43	2.52	
1298.5	12.84	1.79	15.63	2.51	
1299.0	12.87	1.74	15.49	2.52	
1299.5	12.78	1.78	15.49	2.54	
1300.0	12.86	1.70	15.36	2.52	
1300.5	12.83	1.79	15.73	2.41	
1301.0	12.75	1.73	15.49	2.45	
1301.5	13.19	1.84	15.72	2.57	
1302.0	12.76	1.66	15.35	2.48	
1302.5	13.10	1.83	15.80	2.50	
1303.0	12.83	1.74	15.49	2.47	
1303.5	12.83	1.81	15.53	2.52	
1304.0	12.68	1.76	15.51	2.48	
1304.5	13.03	1.79	15.58	2.49	
1305.0	12.90	1.75	15.56	2.55	
1305.5	12.88	1.70	15.57	2.39	
1306.0	12.86	1.77	15.58	2.50	
1306.5	12.86	1.75	15.55	2.50	
1307.0	12.86	1.79	15.48	2.48	
1307.5	12.90	1.85	15.60	2.39	
1308.0	12.87	1.73	15.48	2.42	
1308.5	12.88	1.85	15.52	2.51	
1309.0	12.94	1.78	15.55	2.50	
1309.5	12.90	1.83	15.52	2.44	
1310.0	12.98	1.79	15.58	2.49	
1310.5	13.16	1.80	15.71	2.49	
1311.0	13.04	1.75	15.54	2.43	
1311.5	12.92	1.79	15.51	2.49	
1312.0	13.03	1.73	15.43	2.43	
1312.5	13.04	1.75	15.65	2.50	
1313.0	12.99	1.84	15.52	2.46	
1313.5	13.20	1.84	15.70	2.49	
1314.0	13.05	1.78	15.55	2.54	
1314.5	13.00	1.75	15.58	2.44	
1315.0	12.99	1.80	15.54	2.53	
1315.5	12.96	1.80	15.54	2.55	
1316.0	12.98	1.69	15.51	2.51	
1316.5	12.91	1.78	15.51	2.44	
1317.0	12.88	1.83	15.47	2.53	
1317.5	12.94	1.76	15.54	2.51	
1318.0	12.82	1.71	15.58	2.48	
1318.5	13.07	1.75	15.45	2.38	
1319.0	12.86	1.73	15.46	2.49	
1319.5	13.29	1.83	15.81	2.54	
1320.0	12.89	1.68	15.23	2.49	
1320.5	12.87	1.78	15.71	2.48	
1321.0	12.82	1.67	15.52	2.51	
1321.5	13.22	1.82	15.55	2.52	
1322.0	12.98	1.70	15.33	2.50	
1322.5	13.03	1.85	15.77	2.50	
1323.0	12.82	1.74	15.47	2.47	
1323.5	12.86	1.79	15.46	2.42	
1324.0	12.80	1.81	15.44	2.52	
1324.5	12.87	1.67	15.54	2.47	
1325.0	12.82	1.78	15.48	2.45	
1325.5	13.09	1.81	15.66	2.60	
1326.0	12.85	1.76	15.48	2.53	
1326.5	13.04	1.83	15.66	2.58	
1327.0	12.81	1.75	15.49	2.48	
1327.5	12.94	1.72	15.46	2.38	
1328.0	12.76	1.78	15.34	2.52	
1328.5	12.96	1.76	15.58	2.56	
1329.0	12.87	1.77	15.47	2.51	
1329.5	12.86	1.80	15.55	2.57	
1330.0	12.94	1.80	15.45	2.52	
1330.5	12.99	1.76	15.61	2.52	
1331.0	12.96	1.81	15.53	2.37	
1331.5	13.11	1.81	15.68	2.57	
1332.0	12.88	1.79	15.48	2.54	
1332.5	12.94	1.82	15.55	2.54	
1333.0	12.89	1.80	15.47	2.57	
1333.5	12.98	1.78	15.57	2.49	
1334.0	12.82	1.77	15.37	2.47	
1334.5	13.07	1.83	15.72	2.52	
1335.0	12.92	1.77	15.45	2.42	
1335.5	12.82	1.74	15.53	2.49	
1336.0	13.01	1.85	15.32	2.51	
1336.5	12.94	1.80	15.71	2.51	
1337.0	12.93	1.80	15.50	2.49	
1337.5	13.19	1.81	15.80	2.59	
1338.0	12.87	1.78	15.33	2.51	
1338.5	13.08	1.83	15.74	2.45	
1339.0	12.93	1.79	15.50	2.43	
1339.5	12.87	1.85	15.50	2.50	
1340.0	12.89	1.67	15.45	2.51	
1340.5	12.93	1.85	15.54	2.40	
1341.0	12.95	1.78	15.51	2.54	
1341.5	13.00	1.81	15.57	2.44	
1342.0	12.92	1.71	15.49	2.47	
1342.5	12.96	1.77	15.60	2.50	
1343.0	12.81	1.73	15.43	2.41	
1343.5	12.89	1.86	15.64	2.57	
1344.0	12.88	1.70	15.40	2.39	
1344.5	12.84	1.75	15.46	2.47	
1345.0	12.73	1.68	15.43	2.42	
1345.5	12.98	1.79	15.56	2.51	
1346.0	12.82	1.78	15.56	2.50	
1346.5	13.03	1.77	15.56	2.48	
1347.0	12.99	1.81	15.52	2.54	
1347.5	12.92	1.82	15.48	2.54	
1348.0	12.81	1.82	15.46	2.47	
1348.5	13.02	1.81	15.46	2.50	
1349.0	12.98	1.80	15.50	2.48	
1349.5	13.02	1.87	15.65	2.49	
1350.0	12.90	1.73	15.56	2.47	
1350.5	13.00	1.78	15.44	2.55	
1351.0	12.98	1.77	15.55	2.47	
1351.5	12.98	1.79	15.57	2.57	
1352.0	12.72	1.80	15.47	2.50	
1352.5	13.24	1.80	15.62	2.54	
1353.0	12.81	1.74	15.47	2.52	
1353.5	13.20	1.82	15.53	2.53	
1354.0	12.84	1.73	15.56	2.55	
1354.5	19.22	3.86	22.68	4.95	
1355.0	20.58	4.35	23.69	5.42	
1355.5	20.93	4.29	22.85	5.20	
1356.0	20.10	4.10	23.08	5.12	
1356.5	15.66	2.75	18.52	3.71	
1357.0	13.00	1.79	15.48	2.53	
1357.5	12.87	1.67	15.54	2.37	
1358.0	13.15	1.78	15.50	2.47	
1358.5	12.93	1.78	15.45	2.42	
1359.0	13.01	1.83	15.46	2.42	
1359.5	13.71	2.01	16.21	2.86	
1360.0	12.94	1.71	15.44	2.41	
1360.5	12.97	1.77	15.47	2.54	
1361.0	12.97	1.73	15.48	2.49	
1361.5	13.21	1.82	15.72	2.56	
1362.0	13.01	1.70	15.56	2.53	
1362.5	13.08	1.80	15.54	2.55	
1363.0	12.98	1.80	15.52	2.43	
1363.5	12.98	1.78	15.47	2.48	
1364.0	12.91	1.81	15.48	2.41	
1364.5	12.92	1.75	15.51	2.48	
1365.0	12.94	1.79	15.49	2.47	
1365.5	13.01	1.77	15.55	2.47	
1366.0	19.30	3.96	22.47	5.01	
1366.5	19.54	3.86	22.20	4.84	
1367.0	18.80	3.39	20.81	4.21	
