         #Time  Core     P_PKG     P_PP0    P_DRAM  Core     P_PKG     P_PP0    P_DRAM
 1494606176.37     0     21.60      0.00      4.95    12     22.70      0.00      4.71
 1494606176.47     0     27.74      0.00      6.30    12     26.22      0.00      3.94
 1494606176.57     0     29.74      0.00      4.67    12     27.94      0.00      4.02
 1494606176.67     0     29.72      0.00      4.72    12     28.01      0.00      3.95
 1494606176.77     0     29.77      0.00      4.84    12     28.09      0.00      3.96
 1494606176.87     0     30.37      0.00      6.20    12     28.02      0.00      4.03
 1494606176.97     0     30.42      0.00      6.36    12     28.07      0.00      4.00
 1494606177.07     0     30.39      0.00      6.26    12     28.11      0.00      3.93
 1494606177.17     0     30.72      0.00      6.15    12     28.41      0.00      3.95
 1494606177.27     0     30.38      0.00      6.28    12     28.09      0.00      4.02
 1494606177.37     0     30.27      0.00      5.96    12     28.06      0.00      3.99
 1494606177.47     0     29.59      0.00      4.36    12     28.09      0.00      3.98
 1494606177.57     0     29.59      0.00      4.35    12     28.04      0.00      3.97
 1494606177.67     0     29.57      0.00      4.36    12     28.09      0.00      4.02
 1494606177.77     0     29.54      0.00      4.36    12     28.03      0.00      3.97
 1494606177.87     0     29.55      0.00      4.34    12     28.01      0.00      3.97
 1494606177.97     0     29.62      0.00      4.36    12     28.16      0.00      3.90
 1494606178.07     0     29.56      0.00      4.28    12     28.11      0.00      3.96
 1494606178.17     0     29.56      0.00      4.33    12     27.99      0.00      3.95
 1494606178.27     0     29.60      0.00      4.36    12     28.11      0.00      4.01
 1494606178.37     0     29.57      0.00      4.37    12     28.30      0.00      3.81
 1494606178.47     0     29.91      0.00      4.36    12     28.15      0.00      4.01
 1494606178.57     0     29.56      0.00      4.31    12     28.15      0.00      3.97
 1494606178.67     0     29.55      0.00      4.35    12     28.07      0.00      3.93
 1494606178.77     0     29.60      0.00      4.33    12     28.09      0.00      4.00
 1494606178.88     0     29.63      0.00      4.35    12     28.04      0.00      3.98
 1494606178.98     0     29.56      0.00      4.33    12     28.14      0.00      3.95
 1494606179.08     0     29.60      0.00      4.36    12     28.12      0.00      3.90
 1494606179.18     0     29.59      0.00      4.32    12     27.99      0.00      3.96
 1494606179.28     0     29.60      0.00      4.28    12     28.11      0.00      3.94
 1494606179.38     0     29.57      0.00      4.30    12     28.12      0.00      3.92
 1494606179.48     0     29.62      0.00      4.34    12     28.08      0.00      4.05
 1494606179.58     0     29.55      0.00      4.35    12     28.27      0.00      4.04
 1494606179.68     0     29.79      0.00      4.36    12     27.99      0.00      3.97
 1494606179.78     0     30.54      0.00      4.27    12     28.15      0.00      3.95
 1494606179.88     0     29.89      0.00      4.34    12     28.10      0.00      3.95
 1494606179.98     0     29.62      0.00      4.28    12     28.09      0.00      4.02
 1494606180.08     0     29.62      0.00      4.34    12     27.98      0.00      3.93
 1494606180.18     0     29.64      0.00      4.31    12     28.12      0.00      3.95
 1494606180.28     0     29.63      0.00      4.35    12     28.13      0.00      4.03
 1494606180.38     0     29.64      0.00      4.30    12     28.15      0.00      3.90
 1494606180.48     0     29.65      0.00      4.34    12     28.14      0.00      3.96
 1494606180.58     0     29.55      0.00      4.37    12     28.12      0.00      4.04
 1494606180.68     0     29.58      0.00      4.34    12     28.02      0.00      3.95
 1494606180.78     0     29.56      0.00      4.35    12     28.33      0.00      4.01
 1494606180.88     0     29.59      0.00      4.37    12     28.15      0.00      3.93
 1494606180.98     0     29.57      0.00      4.30    12     28.16      0.00      4.00
 1494606181.08     0     29.55      0.00      4.34    12     28.09      0.00      3.92
 1494606181.18     0     29.89      0.00      4.35    12     28.11      0.00      4.01
 1494606181.28     0     29.59      0.00      4.36    12     28.09      0.00      3.86
 1494606181.38     0     29.58      0.00      4.30    12     28.10      0.00      3.93
 1494606181.48     0     29.61      0.00      4.35    12     28.13      0.00      3.97
 1494606181.58     0     29.65      0.00      4.36    12     28.08      0.00      3.96
 1494606181.68     0     29.54      0.00      4.33    12     28.08      0.00      3.88
 1494606181.78     0     29.55      0.00      4.36    12     28.11      0.00      3.90
 1494606181.88     0     29.60      0.00      4.33    12     28.13      0.00      3.94
 1494606181.98     0     29.58      0.00      4.37    12     28.06      0.00      3.86
 1494606182.08     0     29.60      0.00      4.23    12     28.26      0.00      3.99
 1494606182.18     0     29.61      0.00      4.33    12     28.08      0.00      3.92
 1494606182.28     0     29.58      0.00      4.35    12     27.98      0.00      4.03
 1494606182.38     0     29.58      0.00      4.36    12     28.02      0.00      4.04
 1494606182.48     0     29.60      0.00      4.34    12     28.09      0.00      4.02
 1494606182.58     0     29.90      0.00      4.34    12     28.10      0.00      3.99
 1494606182.68     0     29.37      0.00      4.25    12     28.08      0.00      3.90
 1494606182.78     0     29.92      0.00      4.34    12     28.12      0.00      3.91
 1494606182.88     0     29.65      0.00      4.35    12     28.08      0.00      3.93
 1494606182.98     0     29.64      0.00      4.30    12     28.12      0.00      4.03
 1494606183.08     0     29.63      0.00      4.36    12     28.13      0.00      3.90
 1494606183.18     0     29.66      0.00      4.30    12     28.09      0.00      3.90
 1494606183.28     0     29.60      0.00      4.33    12     28.33      0.00      3.95
 1494606183.38     0     29.63      0.00      4.31    12     28.13      0.00      4.03
 1494606183.48     0     29.64      0.00      4.36    12     28.09      0.00      4.02
 1494606183.58     0     29.59      0.00      4.34    12     28.08      0.00      3.97
 1494606183.68     0     29.66      0.00      4.32    12     28.11      0.00      4.02
 1494606183.78     0     29.70      0.00      4.34    12     28.11      0.00      3.91
 1494606183.88     0     29.62      0.00      4.34    12     28.07      0.00      3.99
 1494606183.98     0     29.94      0.00      4.39    12     28.06      0.00      3.87
 1494606184.08     0     29.67      0.00      4.34    12     27.98      0.00      3.98
 1494606184.18     0     29.62      0.00      4.33    12     28.03      0.00      3.87
 1494606184.28     0     29.64      0.00      4.35    12     28.05      0.00      4.02
 1494606184.38     0     29.61      0.00      4.32    12     28.06      0.00      3.91
 1494606184.48     0     29.61      0.00      4.30    12     28.09      0.00      4.04
 1494606184.58     0     29.62      0.00      4.34    12     28.30      0.00      4.05
 1494606184.68     0     29.67      0.00      4.29    12     28.04      0.00      4.03
 1494606184.78     0     29.62      0.00      4.35    12     28.08      0.00      3.80
 1494606184.89     0     29.58      0.00      4.36    12     28.08      0.00      3.97
 1494606184.99     0     29.61      0.00      4.36    12     28.09      0.00      4.02
 1494606185.09     0     29.63      0.00      4.27    12     28.03      0.00      3.98
 1494606185.19     0     29.61      0.00      4.35    12     27.99      0.00      4.04
 1494606185.29     0     29.62      0.00      4.32    12     28.07      0.00      4.03
 1494606185.39     0     29.93      0.00      4.39    12     28.06      0.00      3.99
 1494606185.49     0     29.62      0.00      4.36    12     28.05      0.00      3.96
 1494606185.59     0     29.61      0.00      4.31    12     28.05      0.00      3.99
 1494606185.69     0     29.64      0.00      4.34    12     28.07      0.00      3.91
 1494606185.79     0     29.68      0.00      4.31    12     28.33      0.00      4.07
 1494606185.89     0     29.58      0.00      4.34    12     28.06      0.00      3.95
 1494606185.99     0     29.66      0.00      4.23    12     28.04      0.00      3.93
 1494606186.09     0     29.61      0.00      4.36    12     28.04      0.00      3.97
 1494606186.19     0     29.63      0.00      4.34    12     28.04      0.00      4.00
 1494606186.29     0     29.69      0.00      4.44    12     28.05      0.00      3.99
 1494606186.39     0     29.66      0.00      4.35    12     27.99      0.00      3.97
 1494606186.49     0     29.62      0.00      4.36    12     28.05      0.00      3.98
 1494606186.59     0     29.64      0.00      4.32    12     28.10      0.00      3.95
 1494606186.69     0     29.90      0.00      4.39    12     28.09      0.00      3.88
 1494606186.79     0     29.61      0.00      4.29    12     28.09      0.00      3.94
 1494606186.89     0     29.66      0.00      4.36    12     28.13      0.00      3.95
 1494606186.99     0     29.62      0.00      4.36    12     28.34      0.00      4.01
 1494606187.09     0     29.68      0.00      4.27    12     28.07      0.00      3.92
 1494606187.19     0     29.61      0.00      4.31    12     28.10      0.00      3.92
 1494606187.29     0     29.64      0.00      4.21    12     28.05      0.00      4.04
 1494606187.39     0     29.62      0.00      4.33    12     28.05      0.00      4.01
 1494606187.49     0     29.60      0.00      4.34    12     28.06      0.00      3.98
 1494606187.59     0     29.57      0.00      4.36    12     28.08      0.00      3.99
 1494606187.69     0     29.55      0.00      4.35    12     28.06      0.00      3.87
 1494606187.79     0     29.62      0.00      4.30    12     28.08      0.00      3.92
 1494606187.89     0     29.65      0.00      4.34    12     28.04      0.00      3.90
 1494606187.99     0     29.64      0.00      4.31    12     28.12      0.00      4.01
 1494606188.09     0     29.63      0.00      4.35    12     28.05      0.00      4.03
 1494606188.19     0     29.93      0.00      4.38    12     28.05      0.00      3.99
 1494606188.29     0     29.66      0.00      4.32    12     28.08      0.00      3.67
 1494606188.39     0     29.61      0.00      4.37    12     28.35      0.00      4.04
 1494606188.49     0     29.59      0.00      4.35    12     28.00      0.00      4.00
 1494606188.59     0     29.59      0.00      4.36    12     28.05      0.00      4.04
 1494606188.69     0     29.63      0.00      4.36    12     28.06      0.00      4.02
 1494606188.79     0     29.60      0.00      4.31    12     28.07      0.00      3.95
 1494606188.89     0     29.63      0.00      4.30    12     28.02      0.00      3.99
 1494606188.99     0     29.63      0.00      4.36    12     28.09      0.00      3.95
 1494606189.09     0     29.67      0.00      4.35    12     28.08      0.00      3.96
 1494606189.19     0     29.60      0.00      4.37    12     28.04      0.00      4.03
 1494606189.29     0     29.63      0.00      4.28    12     28.04      0.00      4.05
 1494606189.39     0     29.62      0.00      4.35    12     28.08      0.00      3.96
 1494606189.49     0     29.93      0.00      4.30    12     28.32      0.00      3.99
 1494606189.59     0     29.61      0.00      4.41    12     28.08      0.00      3.95
 1494606189.69     0     29.59      0.00      4.35    12     28.07      0.00      4.01
 1494606189.79     0     29.62      0.00      4.35    12     28.07      0.00      3.99
 1494606189.89     0     29.56      0.00      4.33    12     28.09      0.00      4.03
 1494606189.99     0     29.57      0.00      4.37    12     28.05      0.00      3.90
 1494606190.09     0     29.60      0.00      4.34    12     28.09      0.00      3.90
 1494606190.19     0     29.52      0.00      4.35    12     28.09      0.00      3.99
 1494606190.29     0     29.55      0.00      4.35    12     28.11      0.00      4.02
 1494606190.39     0     29.52      0.00      4.35    12     28.03      0.00      4.02
 1494606190.49     0     29.58      0.00      4.28    12     28.06      0.00      4.01
 1494606190.59     0     29.60      0.00      4.33    12     28.12      0.00      3.94
 1494606190.69     0     29.61      0.00      4.38    12     28.06      0.00      3.91
 1494606190.79     0     29.54      0.00      4.36    12     28.32      0.00      4.00
 1494606190.90     0     29.90      0.00      4.39    12     28.08      0.00      4.02
 1494606191.00     0     29.59      0.00      4.34    12     28.07      0.00      3.98
 1494606191.10     0     29.58      0.00      4.31    12     28.04      0.00      3.87
 1494606191.20     0     29.64      0.00      4.37    12     28.03      0.00      3.98
 1494606191.30     0     29.63      0.00      4.35    12     28.04      0.00      3.96
 1494606191.40     0     29.62      0.00      4.34    12     28.09      0.00      3.84
 1494606191.50     0     29.58      0.00      4.33    12     28.09      0.00      3.98
 1494606191.60     0     29.60      0.00      4.35    12     28.10      0.00      4.01
 1494606191.70     0     29.57      0.00      4.30    12     28.09      0.00      3.96
 1494606191.80     0     29.57      0.00      4.31    12     28.08      0.00      3.95
 1494606191.90     0     29.56      0.00      4.37    12     28.06      0.00      3.90
 1494606192.00     0     29.58      0.00      4.32    12     28.08      0.00      3.88
 1494606192.10     0     29.57      0.00      4.33    12     28.35      0.00      3.97
 1494606192.20     0     29.63      0.00      4.30    12     28.11      0.00      3.95
 1494606192.30     0     29.89      0.00      4.39    12     28.07      0.00      3.92
 1494606192.40     0     29.59      0.00      4.33    12     28.03      0.00      3.99
 1494606192.50     0     29.63      0.00      4.34    12     28.04      0.00      3.90
 1494606192.60     0     29.59      0.00      4.34    12     28.09      0.00      3.93
 1494606192.70     0     29.64      0.00      4.32    12     28.08      0.00      3.99
 1494606192.80     0     29.60      0.00      4.34    12     28.12      0.00      3.96
 1494606192.90     0     29.65      0.00      4.30    12     28.06      0.00      3.99
 1494606193.00     0     29.55      0.00      4.35    12     28.07      0.00      3.96
 1494606193.10     0     29.54      0.00      4.32    12     28.08      0.00      3.98
 1494606193.20     0     29.61      0.00      4.30    12     28.08      0.00      3.96
 1494606193.30     0     29.60      0.00      4.29    12     28.36      0.00      3.87
 1494606193.40     0     29.60      0.00      4.34    12     28.08      0.00      3.97
 1494606193.50     0     29.59      0.00      4.33    12     28.05      0.00      3.92
 1494606193.60     0     29.56      0.00      4.35    12     28.03      0.00      3.94
 1494606193.70     0     29.87      0.00      4.40    12     28.10      0.00      3.84
 1494606193.80     0     29.64      0.00      4.29    12     27.97      0.00      4.03
 1494606193.90     0     29.58      0.00      4.34    12     28.05      0.00      3.93
 1494606194.00     0     29.55      0.00      4.36    12     28.05      0.00      3.93
 1494606194.10     0     29.60      0.00      4.36    12     28.03      0.00      4.00
 1494606194.20     0     29.57      0.00      4.35    12     28.04      0.00      4.04
 1494606194.30     0     29.73      0.00      4.35    12     28.06      0.00      3.96
 1494606194.40     0     29.58      0.00      4.35    12     28.03      0.00      3.93
 1494606194.50     0     29.44      0.00      4.20    12     28.02      0.00      3.97
 1494606194.60     0     29.53      0.00      4.32    12     28.32      0.00      4.01
 1494606194.70     0     29.59      0.00      4.37    12     28.08      0.00      3.98
 1494606194.80     0     29.57      0.00      4.33    12     28.05      0.00      3.91
 1494606194.90     0     29.87      0.00      4.35    12     28.11      0.00      3.92
 1494606195.00     0     29.59      0.00      4.38    12     28.06      0.00      4.02
 1494606195.10     0     29.59      0.00      4.36    12     28.05      0.00      3.97
 1494606195.20     0     29.59      0.00      4.36    12     28.01      0.00      3.87
 1494606195.30     0     29.58      0.00      4.35    12     28.04      0.00      3.98
 1494606195.40     0     29.64      0.00      4.34    12     28.08      0.00      3.94
 1494606195.50     0     29.53      0.00      4.31    12     28.04      0.00      3.95
 1494606195.60     0     29.59      0.00      4.36    12     28.04      0.00      3.96
 1494606195.70     0     29.60      0.00      4.29    12     28.05      0.00      3.98
 1494606195.80     0     29.58      0.00      4.33    12     28.33      0.00      3.94
 1494606195.90     0     29.62      0.00      4.34    12     28.09      0.00      3.95
 1494606196.00     0     29.63      0.00      4.34    12     28.07      0.00      3.91
 1494606196.10     0     29.60      0.00      4.30    12     28.10      0.00      4.00
 1494606196.20     0     29.55      0.00      4.34    12     28.03      0.00      3.96
 1494606196.30     0     29.83      0.00      4.39    12     28.00      0.00      4.04
 1494606196.40     0     29.59      0.00      4.36    12     27.98      0.00      3.86
 1494606196.50     0     29.61      0.00      4.37    12     28.00      0.00      3.91
 1494606196.60     0     29.57      0.00      4.37    12     27.99      0.00      3.86
 1494606196.70     0     29.62      0.00      4.34    12     27.99      0.00      3.94
 1494606196.80     0     29.59      0.00      4.30    12     28.01      0.00      3.99
 1494606196.91     0     29.60      0.00      4.35    12     27.95      0.00      3.99
 1494606197.01     0     29.59      0.00      4.26    12     27.97      0.00      3.96
 1494606197.11     0     29.59      0.00      4.28    12     28.29      0.00      4.04
 1494606197.21     0     29.60      0.00      4.28    12     28.05      0.00      3.99
 1494606197.31     0     29.62      0.00      4.32    12     28.02      0.00      4.04
 1494606197.41     0     29.62      0.00      4.36    12     28.06      0.00      3.91
 1494606197.51     0     29.59      0.00      4.35    12     28.07      0.00      3.88
 1494606197.61     0     29.57      0.00      4.30    12     28.00      0.00      3.99
 1494606197.71     0     29.86      0.00      4.38    12     28.00      0.00      3.96
 1494606197.81     0     29.56      0.00      4.35    12     28.03      0.00      3.98
 1494606197.91     0     29.60      0.00      4.35    12     27.99      0.00      3.95
 1494606198.01     0     29.62      0.00      4.27    12     28.01      0.00      3.95
 1494606198.11     0     29.56      0.00      4.31    12     28.00      0.00      4.02
 1494606198.21     0     29.63      0.00      4.35    12     28.00      0.00      3.79
 1494606198.31     0     29.60      0.00      4.34    12     28.03      0.00      3.94
 1494606198.41     0     29.57      0.00      4.34    12     28.32      0.00      4.01
 1494606198.51     0     30.02      0.00      4.83    12     28.07      0.00      4.12
 1494606198.61     0     30.91      0.00      6.58    12     28.08      0.00      3.92
 1494606198.71     0     30.72      0.00      6.61    12     28.05      0.00      3.98
 1494606198.81     0     30.71      0.00      6.56    12     28.05      0.00      3.92
 1494606198.91     0     30.55      0.00      6.56    12     28.07      0.00      3.89
 1494606199.01     0     30.60      0.00      6.66    12     28.01      0.00      4.03
 1494606199.11     0     30.14      0.00      6.44    12     28.04      0.00      3.98
 1494606199.21     0     43.23      0.00      9.76    12     41.18      0.00      6.48
 1494606199.31     0     33.20      0.00      8.20    12     37.55      0.00      4.46
 1494606199.41     0     28.59      0.00      6.56    12     26.50      0.00      3.84
 1494606199.51     0     30.56      0.00      6.87    12     28.10      0.00      4.06
 1494606199.61     0     30.59      0.00      7.00    12     28.03      0.00      4.04
 1494606199.71     0     30.69      0.00      7.05    12     28.07      0.00      4.01
 1494606199.81     0     30.75      0.00      7.06    12     28.40      0.00      4.03
 1494606199.91     0     30.13      0.00      6.27    12     28.04      0.00      3.99
 1494606200.01     0     29.76      0.00      6.15    12     28.05      0.00      4.00
 1494606200.11     0     29.94      0.00      6.37    12     28.05      0.00      3.97
 1494606200.21     0     29.90      0.00      6.22    12     28.07      0.00      4.03
 1494606200.31     0     29.91      0.00      6.33    12     28.05      0.00      3.88
 1494606200.41     0     30.38      0.00      6.25    12     28.03      0.00      4.03
 1494606200.51     0     30.34      0.00      6.20    12     28.07      0.00      3.87
 1494606200.61     0     30.58      0.00      6.35    12     28.06      0.00      3.91
 1494606200.71     0     30.37      0.00      6.22    12     28.10      0.00      4.00
 1494606200.81     0     30.38      0.00      6.29    12     28.05      0.00      4.04
 1494606200.91     0     30.38      0.00      6.27    12     28.08      0.00      3.96
 1494606201.01     0     30.31      0.00      6.32    12     28.09      0.00      3.99
 1494606201.11     0     30.06      0.00      6.50    12     28.32      0.00      3.99
 1494606201.21     0     30.01      0.00      6.16    12     28.07      0.00      4.04
 1494606201.31     0     29.79      0.00      5.49    12     28.10      0.00      3.99
 1494606201.41     0     29.80      0.00      5.64    12     28.04      0.00      3.96
 1494606201.51     0     29.81      0.00      5.60    12     28.08      0.00      3.90
 1494606201.61     0     29.77      0.00      5.55    12     28.05      0.00      4.01
 1494606201.71     0     29.75      0.00      5.44    12     28.06      0.00      3.99
 1494606201.81     0     29.83      0.00      5.34    12     28.07      0.00      3.87
 1494606201.91     0     29.71      0.00      5.54    12     28.04      0.00      4.04
 1494606202.01     0     29.71      0.00      5.60    12     28.07      0.00      3.91
 1494606202.11     0     29.93      0.00      5.80    12     28.06      0.00      3.92
 1494606202.21     0     29.53      0.00      5.95    12     27.99      0.00      4.01
 1494606202.31     0     29.57      0.00      5.90    12     28.30      0.00      4.00
 1494606202.42     0     29.55      0.00      5.93    12     28.09      0.00      4.07
 1494606202.52     0     29.51      0.00      5.89    12     28.05      0.00      4.00
 1494606202.62     0     29.53      0.00      6.02    12     28.07      0.00      4.03
 1494606202.72     0     29.57      0.00      6.04    12     28.05      0.00      4.01
 1494606202.82     0     29.54      0.00      6.13    12     28.08      0.00      3.90
 1494606202.92     0     29.64      0.00      6.17    12     27.99      0.00      3.94
 1494606203.02     0     29.54      0.00      6.08    12     28.11      0.00      3.97
 1494606203.12     0     29.53      0.00      6.18    12     28.08      0.00      3.98
 1494606203.22     0     29.47      0.00      6.20    12     28.09      0.00      3.93
 1494606203.32     0     29.47      0.00      6.24    12     28.03      0.00      3.91
 1494606203.42     0     29.80      0.00      6.33    12     28.10      0.00      4.02
 1494606203.52     0     29.54      0.00      6.26    12     28.06      0.00      4.07
 1494606203.62     0     29.48      0.00      6.25    12     28.33      0.00      4.08
 1494606203.72     0     29.50      0.00      6.28    12     28.10      0.00      3.92
 1494606203.82     0     29.57      0.00      6.22    12     28.09      0.00      4.02
 1494606203.92     0     29.57      0.00      6.29    12     28.07      0.00      4.01
 1494606204.02     0     29.49      0.00      6.29    12     28.03      0.00      3.92
 1494606204.12     0     29.52      0.00      6.24    12     28.09      0.00      4.02
 1494606204.22     0     29.54      0.00      6.18    12     28.02      0.00      4.00
 1494606204.32     0     29.56      0.00      6.35    12     28.03      0.00      3.99
 1494606204.42     0     29.56      0.00      6.29    12     28.01      0.00      3.89
 1494606204.52     0     29.61      0.00      6.31    12     28.05      0.00      4.01
 1494606204.62     0     29.57      0.00      6.30    12     28.03      0.00      4.02
 1494606204.72     0     29.83      0.00      6.29    12     28.03      0.00      3.98
 1494606204.82     0     29.53      0.00      6.30    12     28.37      0.00      4.06
 1494606204.92     0     29.56      0.00      6.30    12     28.05      0.00      4.06
 1494606205.02     0     29.58      0.00      6.24    12     28.06      0.00      3.92
 1494606205.12     0     29.55      0.00      6.26    12     28.03      0.00      3.90
 1494606205.22     0     29.49      0.00      6.28    12     28.07      0.00      3.88
 1494606205.32     0     29.51      0.00      6.24    12     28.07      0.00      3.98
 1494606205.42     0     29.46      0.00      6.26    12     28.07      0.00      3.94
 1494606205.52     0     29.47      0.00      6.28    12     28.08      0.00      4.02
 1494606205.62     0     29.62      0.00      6.19    12     28.06      0.00      4.03
 1494606205.72     0     29.50      0.00      6.27    12     28.08      0.00      4.04
 1494606205.82     0     29.59      0.00      6.20    12     28.09      0.00      4.00
 1494606205.92     0     29.55      0.00      6.20    12     28.04      0.00      3.94
 1494606206.02     0     29.77      0.00      6.20    12     28.04      0.00      3.88
 1494606206.12     0     29.21      0.00      6.12    12     28.36      0.00      3.93
 1494606206.22     0     29.89      0.00      6.20    12     28.07      0.00      3.99
 1494606206.32     0     29.81      0.00      6.34    12     28.30      0.00      4.39
 1494606206.42     0     29.52      0.00      6.04    12     28.04      0.00      4.18
 1494606206.52     0     29.56      0.00      5.97    12     28.06      0.00      4.00
 1494606206.62     0     29.68      0.00      5.96    12     28.05      0.00      3.92
 1494606206.72     0     29.64      0.00      5.93    12     28.01      0.00      4.00
 1494606206.82     0     29.68      0.00      5.81    12     27.99      0.00      4.03
 1494606206.92     0     29.70      0.00      5.82    12     28.02      0.00      4.03
 1494606207.02     0     29.78      0.00      5.65    12     28.01      0.00      3.99
 1494606207.12     0     29.77      0.00      5.51    12     28.03      0.00      4.04
 1494606207.22     0     29.81      0.00      5.42    12     27.97      0.00      4.02
 1494606207.32     0     29.76      0.00      5.43    12     28.31      0.00      4.00
 1494606207.42     0     30.16      0.00      5.53    12     27.98      0.00      3.95
 1494606207.52     0     30.11      0.00      6.18    12     28.11      0.00      3.94
 1494606207.62     0     30.15      0.00      6.01    12     27.97      0.00      3.98
 1494606207.72     0     30.17      0.00      5.93    12     28.04      0.00      4.02
 1494606207.82     0     30.09      0.00      5.99    12     28.07      0.00      3.95
 1494606207.92     0     30.52      0.00      5.89    12     28.08      0.00      4.06
 1494606208.02     0     30.82      0.00      5.74    12     28.02      0.00      4.09
 1494606208.12     0     30.80      0.00      5.82    12     28.02      0.00      3.97
 1494606208.22     0     31.56      0.00      6.84    12     28.07      0.00      3.96
 1494606208.32     0     31.00      0.00      6.54    12     28.06      0.00      4.01
 1494606208.43     0     31.05      0.00      6.80    12     28.06      0.00      4.05
 1494606208.53     0     31.05      0.00      6.79    12     28.08      0.00      3.99
 1494606208.63     0     30.90      0.00      6.80    12     28.35      0.00      4.00
 1494606208.73     0     30.47      0.00      7.66    12     28.10      0.00      4.03
 1494606208.83     0     31.33      0.00      5.07    12     27.97      0.00      4.09
 1494606208.93     0     30.69      0.00      6.34    12     28.09      0.00      4.00
 1494606209.03     0     31.09      0.00      5.45    12     28.02      0.00      4.15
 1494606209.13     0     37.04      0.00      6.77    12     35.35      0.00      6.72
 1494606209.23     0     53.49      0.00      8.37    12     53.75      0.00      8.21
 1494606209.33     0     55.04      0.00      6.84    12     57.09      0.00      5.63
 1494606209.43     0     54.90      0.00      6.87    12     57.07      0.00      5.64
 1494606209.53     0     54.86      0.00      6.96    12     57.07      0.00      5.64
 1494606209.63     0     54.88      0.00      6.88    12     57.20      0.00      5.67
 1494606209.73     0     54.86      0.00      7.07    12     57.25      0.00      5.68
 1494606209.83     0     54.95      0.00      7.04    12     57.19      0.00      5.69
 1494606209.93     0     54.84      0.00      7.03    12     57.16      0.00      5.69
 1494606210.03     0     54.89      0.00      7.00    12     57.23      0.00      5.72
 1494606210.13     0     54.87      0.00      6.83    12     57.19      0.00      5.66
 1494606210.23     0     53.91      0.00      6.60    12     57.17      0.00      5.70
 1494606210.33     0     56.25      0.00      8.80    12     50.11      0.00      7.64
 1494606210.43     0     63.10      0.00     11.95    12     59.02      0.00     11.49
 1494606210.53     0     64.96      0.00     12.86    12     59.11      0.00     10.44
 1494606210.63     0     40.62      0.00      8.74    12     43.97      0.00      7.69
 1494606210.73     0     30.96      0.00      6.91    12     28.14      0.00      4.02
 1494606210.83     0     31.07      0.00      7.22    12     28.18      0.00      3.93
 1494606210.93     0     31.12      0.00      7.31    12     28.16      0.00      4.19
 1494606211.03     0     30.54      0.00      5.01    12     28.67      0.00      7.61
 1494606211.13     0     30.50      0.00      4.44    12     28.69      0.00      8.04
 1494606211.23     0     30.51      0.00      4.58    12     28.74      0.00      7.99
 1494606211.33     0     30.23      0.00      4.98    12     28.83      0.00      7.41
 1494606211.43     0     30.28      0.00      5.90    12     28.22      0.00      5.24
 1494606211.53     0     29.92      0.00      6.09    12     28.05      0.00      4.12
 1494606211.63     0     30.15      0.00      6.12    12     28.07      0.00      3.85
 1494606211.73     0     29.78      0.00      5.72    12     28.15      0.00      4.90
 1494606211.83     0     29.93      0.00      5.22    12     28.36      0.00      6.21
 1494606211.93     0     29.97      0.00      5.33    12     28.25      0.00      5.85
 1494606212.03     0     30.87      0.00      6.09    12     28.01      0.00      4.02
 1494606212.13     0     30.96      0.00      6.29    12     28.04      0.00      4.02
 1494606212.23     0     30.99      0.00      6.07    12     28.08      0.00      3.99
 1494606212.33     0     30.95      0.00      5.94    12     28.06      0.00      4.03
 1494606212.43     0     30.95      0.00      6.18    12     28.12      0.00      4.38
 1494606212.53     0     30.87      0.00      5.71    12     28.25      0.00      5.81
 1494606212.63     0     30.82      0.00      5.54    12     28.54      0.00      6.03
 1494606212.73     0     30.76      0.00      5.65    12     28.27      0.00      5.61
 1494606212.83     0     30.90      0.00      5.68    12     28.27      0.00      6.05
 1494606212.93     0     30.32      0.00      6.05    12     28.19      0.00      4.82
 1494606213.03     0     30.34      0.00      6.24    12     28.13      0.00      4.76
 1494606213.13     0     29.98      0.00      5.91    12     28.11      0.00      4.11
 1494606213.23     0     29.62      0.00      5.37    12     28.13      0.00      5.25
 1494606213.33     0     29.57      0.00      5.24    12     28.16      0.00      5.16
 1494606213.43     0     29.51      0.00      5.25    12     28.12      0.00      5.05
 1494606213.53     0     29.56      0.00      5.17    12     28.13      0.00      5.03
 1494606213.63     0     29.55      0.00      5.24    12     28.20      0.00      5.36
 1494606213.73     0     29.58      0.00      5.33    12     28.13      0.00      5.13
 1494606213.83     0     29.49      0.00      5.26    12     28.15      0.00      5.23
 1494606213.93     0     29.54      0.00      5.33    12     28.41      0.00      5.12
 1494606214.03     0     29.57      0.00      5.34    12     28.17      0.00      5.45
 1494606214.13     0     29.53      0.00      5.24    12     28.13      0.00      5.16
 1494606214.23     0     29.55      0.00      5.37    12     28.12      0.00      5.00
 1494606214.33     0     29.84      0.00      5.38    12     28.20      0.00      5.47
 1494606214.44     0     29.52      0.00      5.33    12     28.14      0.00      5.14
 1494606214.54     0     29.53      0.00      5.33    12     28.15      0.00      5.02
 1494606214.64     0     29.49      0.00      5.36    12     28.13      0.00      5.06
 1494606214.74     0     29.47      0.00      5.34    12     28.12      0.00      5.24
 1494606214.84     0     29.55      0.00      5.37    12     28.10      0.00      5.16
 1494606214.94     0     29.57      0.00      5.38    12     28.13      0.00      4.95
 1494606215.04     0     29.54      0.00      5.36    12     28.17      0.00      5.48
 1494606215.14     0     29.49      0.00      5.36    12     28.40      0.00      5.15
 1494606215.24     0     29.57      0.00      5.36    12     28.14      0.00      5.00
 1494606215.34     0     29.51      0.00      5.30    12     28.13      0.00      5.26
 1494606215.44     0     29.49      0.00      5.37    12     28.15      0.00      5.22
 1494606215.54     0     29.56      0.00      5.27    12     28.05      0.00      5.02
 1494606215.64     0     29.85      0.00      5.42    12     28.09      0.00      5.03
 1494606215.74     0     29.51      0.00      5.36    12     28.14      0.00      5.53
 1494606215.84     0     29.60      0.00      5.37    12     28.11      0.00      5.01
 1494606215.94     0     29.41      0.00      5.33    12     28.09      0.00      4.92
 1494606216.04     0     29.54      0.00      5.39    12     28.08      0.00      5.12
 1494606216.14     0     29.46      0.00      5.48    12     28.09      0.00      5.44
 1494606216.24     0     29.44      0.00      5.39    12     28.10      0.00      5.06
 1494606216.34     0     29.42      0.00      5.38    12     28.34      0.00      5.00
 1494606216.44     0     29.54      0.00      5.36    12     28.12      0.00      5.12
 1494606216.54     0     29.53      0.00      5.37    12     28.15      0.00      5.03
 1494606216.64     0     29.53      0.00      5.38    12     28.10      0.00      5.03
 1494606216.74     0     29.57      0.00      5.38    12     28.10      0.00      4.98
 1494606216.84     0     29.42      0.00      5.29    12     28.12      0.00      5.00
 1494606216.94     0     29.53      0.00      5.37    12     28.13      0.00      5.10
 1494606217.04     0     29.58      0.00      5.37    12     28.13      0.00      4.87
 1494606217.14     0     29.80      0.00      5.39    12     28.08      0.00      4.84
 1494606217.24     0     29.53      0.00      5.33    12     28.08      0.00      4.90
 1494606217.34     0     29.52      0.00      5.37    12     28.10      0.00      5.02
 1494606217.44     0     29.49      0.00      5.37    12     28.11      0.00      5.13
 1494606217.54     0     29.47      0.00      5.38    12     28.06      0.00      4.90
 1494606217.64     0     29.49      0.00      5.35    12     28.08      0.00      4.79
 1494606217.74     0     29.49      0.00      5.38    12     28.32      0.00      4.91
 1494606217.84     0     29.53      0.00      5.39    12     28.05      0.00      4.95
 1494606217.94     0     29.50      0.00      5.25    12     28.08      0.00      4.95
 1494606218.04     0     29.47      0.00      5.37    12     28.06      0.00      5.02
 1494606218.14     0     29.46      0.00      5.37    12     28.04      0.00      4.80
 1494606218.24     0     29.49      0.00      5.36    12     28.10      0.00      4.65
 1494606218.34     0     29.45      0.00      5.36    12     28.08      0.00      4.75
 1494606218.44     0     29.77      0.00      5.32    12     28.08      0.00      4.86
 1494606218.54     0     29.49      0.00      5.30    12     28.11      0.00      4.78
 1494606218.64     0     29.51      0.00      5.36    12     28.11      0.00      4.83
 1494606218.74     0     29.44      0.00      5.35    12     28.12      0.00      4.62
 1494606218.84     0     29.51      0.00      5.30    12     28.09      0.00      4.94
 1494606218.94     0     29.53      0.00      5.31    12     28.38      0.00      4.68
 1494606219.04     0     29.52      0.00      5.30    12     28.06      0.00      4.56
 1494606219.14     0     29.47      0.00      5.32    12     28.10      0.00      4.71
 1494606219.24     0     29.55      0.00      5.31    12     28.03      0.00      4.76
 1494606219.34     0     29.60      0.00      5.37    12     28.06      0.00      4.61
 1494606219.44     0     29.58      0.00      5.34    12     28.11      0.00      4.52
 1494606219.54     0     29.57      0.00      5.32    12     28.13      0.00      4.62
 1494606219.64     0     29.51      0.00      5.24    12     28.10      0.00      4.64
 1494606219.74     0     29.86      0.00      5.27    12     28.14      0.00      4.63
 1494606219.84     0     29.62      0.00      5.38    12     28.12      0.00      4.41
 1494606219.94     0     29.32      0.00      5.22    12     28.14      0.00      4.60
 1494606220.04     0     29.91      0.00      5.29    12     28.04      0.00      4.48
 1494606220.14     0     29.64      0.00      5.30    12     28.06      0.00      4.51
 1494606220.24     0     29.59      0.00      5.24    12     28.43      0.00      4.63
 1494606220.34     0     29.62      0.00      5.26    12     28.12      0.00      4.45
 1494606220.45     0     29.63      0.00      5.27    12     28.05      0.00      4.40
 1494606220.55     0     29.63      0.00      5.26    12     28.06      0.00      4.21
 1494606220.65     0     29.61      0.00      5.28    12     28.09      0.00      4.39
 1494606220.75     0     29.63      0.00      5.26    12     28.06      0.00      4.21
 1494606220.85     0     29.63      0.00      5.25    12     28.09      0.00      4.34
 1494606220.95     0     29.62      0.00      5.26    12     28.05      0.00      4.16
 1494606221.05     0     29.86      0.00      5.25    12     28.06      0.00      4.12
 1494606221.15     0     29.36      0.00      5.18    12     28.05      0.00      4.06
 1494606221.25     0     29.94      0.00      5.42    12     28.08      0.00      4.14
 1494606221.35     0     30.45      0.00      6.53    12     28.19      0.00      4.75
 1494606221.45     0     30.24      0.00      5.97    12     28.35      0.00      4.00
 1494606221.55     0     30.20      0.00      5.88    12     28.08      0.00      3.90
 1494606221.65     0     30.09      0.00      5.51    12     28.29      0.00      5.36
 1494606221.75     0     30.05      0.00      5.32    12     28.33      0.00      6.14
 1494606221.85     0     30.03      0.00      5.26    12     28.29      0.00      6.14
 1494606221.95     0     29.78      0.00      4.42    12     28.03      0.00      4.10
 1494606222.05     0     29.93      0.00      4.80    12     28.01      0.00      3.94
 1494606222.15     0     30.12      0.00      6.17    12     28.08      0.00      4.42
 1494606222.25     0     31.30      0.00      6.68    12     28.11      0.00      4.62
 1494606222.35     0     30.99      0.00      6.35    12     28.06      0.00      4.02
 1494606222.45     0     31.01      0.00      6.24    12     28.08      0.00      4.06
 1494606222.55     0     31.08      0.00      5.44    12     28.32      0.00      6.40
 1494606222.65     0     30.80      0.00      5.42    12     28.38      0.00      6.41
 1494606222.75     0     31.00      0.00      6.48    12     28.47      0.00      5.06
 1494606222.85     0     30.84      0.00      5.78    12     28.13      0.00      4.87
 1494606222.95     0     31.97      0.00      4.85    12     28.00      0.00      3.96
 1494606223.05     0     31.84      0.00      6.85    12     28.64      0.00      4.53
 1494606223.15     0     31.36      0.00      6.39    12     28.30      0.00      4.11
 1494606223.25     0     31.09      0.00      6.79    12     28.07      0.00      4.04
 1494606223.35     0     31.19      0.00      6.45    12     28.35      0.00      4.03
 1494606223.45     0     31.49      0.00      6.45    12     28.08      0.00      4.02
 1494606223.55     0     31.18      0.00      6.33    12     28.06      0.00      3.95
 1494606223.65     0     31.17      0.00      6.39    12     28.09      0.00      4.04
 1494606223.75     0     31.20      0.00      6.39    12     28.11      0.00      3.95
 1494606223.85     0     31.35      0.00      7.15    12     28.10      0.00      3.97
 1494606223.95     0     31.55      0.00      7.37    12     28.12      0.00      4.08
 1494606224.05     0     31.98      0.00      6.78    12     28.04      0.00      4.12
 1494606224.16     0     32.45      0.00      6.94    12     28.34      0.00      3.99
 1494606224.26     0     31.59      0.00      6.71    12     28.05      0.00      3.95
 1494606224.36     0     31.60      0.00      6.81    12     28.16      0.00      3.99
 1494606224.46     0     29.94      0.00      5.66    12     28.00      0.00      4.28
 1494606224.56     0     29.89      0.00      5.78    12     28.01      0.00      3.97
 1494606224.66     0     30.34      0.00      5.83    12     28.00      0.00      4.03
 1494606224.76     0     30.66      0.00      5.84    12     28.03      0.00      3.95
 1494606224.86     0     30.68      0.00      5.84    12     28.03      0.00      3.96
 1494606224.96     0     30.45      0.00      5.82    12     28.32      0.00      3.95
 1494606225.06     0     30.07      0.00      5.82    12     28.03      0.00      3.98
 1494606225.16     0     30.12      0.00      5.84    12     28.02      0.00      4.00
 1494606225.26     0     30.16      0.00      5.77    12     28.03      0.00      3.99
 1494606225.36     0     30.11      0.00      5.84    12     28.04      0.00      3.92
 1494606225.46     0     30.10      0.00      5.77    12     28.02      0.00      3.98
 1494606225.56     0     30.10      0.00      5.82    12     28.02      0.00      3.90
 1494606225.66     0     30.14      0.00      5.84    12     28.06      0.00      3.93
 1494606225.76     0     30.48      0.00      5.80    12     28.24      0.00      4.06
 1494606225.86     0     30.16      0.00      5.81    12     28.01      0.00      3.90
 1494606225.96     0     30.14      0.00      5.70    12     28.03      0.00      3.98
 1494606226.06     0     30.04      0.00      5.73    12     28.11      0.00      3.89
 1494606226.16     0     30.07      0.00      5.81    12     28.05      0.00      3.98
 1494606226.26     0     30.04      0.00      5.72    12     28.04      0.00      4.01
 1494606226.36     0     30.14      0.00      5.70    12     28.05      0.00      4.06
 1494606226.46     0     30.07      0.00      5.83    12     28.34      0.00      3.95
 1494606226.56     0     30.43      0.00      5.86    12     28.04      0.00      3.90
 1494606226.66     0     30.13      0.00      5.72    12     27.99      0.00      3.90
 1494606226.76     0     30.06      0.00      5.76    12     28.06      0.00      3.95
 1494606226.86     0     30.16      0.00      5.78    12     27.98      0.00      4.02
 1494606226.96     0     29.80      0.00      5.88    12     28.20      0.00      3.97
 1494606227.06     0     29.85      0.00      4.31    12     30.48      0.00      4.72
 1494606227.16     0     31.34      0.00      5.94    12     30.52      0.00      4.95
 1494606227.26     0     31.98      0.00      6.63    12     30.87      0.00      4.72
 1494606227.36     0     33.81      0.00      6.85    12     31.99      0.00      5.80
 1494606227.46     0     51.42      0.00     11.07    12     52.94      0.00     11.14
 1494606227.56     0     62.35      0.00     11.62    12     60.73      0.00      8.39
 1494606227.66     0     40.71      0.00     10.48    12     58.99      0.00      9.61
 1494606227.76     0     59.35      0.00     11.82    12     63.89      0.00      9.85
 1494606227.86     0     64.46      0.00     12.40    12     64.74      0.00      9.58
 1494606227.96     0     41.06      0.00      9.77    12     50.05      0.00      8.89
 1494606228.06     0     46.55      0.00      9.81    12     48.64      0.00      9.87
 1494606228.16     0     29.87      0.00      5.71    12     28.22      0.00      5.59
 1494606228.26     0     31.05      0.00      6.41    12     28.07      0.00      4.08
 1494606228.36     0     30.77      0.00      6.48    12     28.11      0.00      3.94
 1494606228.46     0     30.75      0.00      6.19    12     28.16      0.00      4.75
 1494606228.56     0     30.57      0.00      5.93    12     28.28      0.00      6.00
 1494606228.66     0     30.61      0.00      5.95    12     28.29      0.00      5.78
 1494606228.77     0     30.47      0.00      6.06    12     28.15      0.00      4.76
 1494606228.87     0     31.41      0.00      4.60    12     28.33      0.00      4.06
 1494606228.97     0     46.71      0.00      9.67    12     44.45      0.00      9.76
 1494606229.07     0     60.34      0.00     11.43    12     63.53      0.00     12.35
 1494606229.17     0     40.61      0.00      6.92    12     38.93      0.00      6.69
 1494606229.27     0     50.08      0.00     10.53    12     50.49      0.00     11.22
 1494606229.37     0     64.27      0.00      7.01    12     64.49      0.00      6.53
 1494606229.47     0     64.42      0.00      6.14    12     64.48      0.00      5.65
 1494606229.57     0     64.54      0.00      6.11    12     64.39      0.00      5.62
 1494606229.67     0     64.38      0.00      6.13    12     64.47      0.00      5.71
 1494606229.77     0     64.47      0.00      6.07    12     64.47      0.00      5.62
 1494606229.87     0     64.50      0.00      6.21    12     64.43      0.00      5.85
 1494606229.97     0     64.45      0.00      6.07    12     64.48      0.00      5.86
 1494606230.07     0     64.42      0.00      6.19    12     64.54      0.00      5.77
 1494606230.17     0     64.43      0.00      6.19    12     64.31      0.00      5.76
 1494606230.27     0     64.41      0.00      6.15    12     64.53      0.00      5.83
 1494606230.37     0     64.49      0.00      6.31    12     64.42      0.00      6.15
 1494606230.47     0     64.45      0.00      6.06    12     64.47      0.00      6.01
 1494606230.57     0     64.45      0.00      6.06    12     64.45      0.00      5.83
 1494606230.67     0     64.52      0.00      6.05    12     64.48      0.00      5.77
 1494606230.77     0     64.41      0.00      6.05    12     64.43      0.00      5.81
 1494606230.87     0     64.51      0.00      5.93    12     64.43      0.00      5.83
 1494606230.97     0     64.39      0.00      5.99    12     65.10      0.00      5.71
 1494606231.07     0     64.50      0.00      6.04    12     63.96      0.00      5.86
 1494606231.17     0     64.50      0.00      5.93    12     64.40      0.00      5.94
 1494606231.27     0     64.35      0.00      6.08    12     64.44      0.00      6.12
 1494606231.37     0     64.48      0.00      6.04    12     65.05      0.00      5.96
 1494606231.47     0     64.47      0.00      6.08    12     63.77      0.00      6.05
 1494606231.57     0     64.42      0.00      5.97    12     65.10      0.00      6.09
 1494606231.67     0     64.56      0.00      6.09    12     64.45      0.00      5.95
 1494606231.77     0     64.41      0.00      6.12    12     63.82      0.00      6.18
 1494606231.87     0     64.36      0.00      6.35    12     65.12      0.00      6.58
 1494606231.97     0     64.56      0.00      5.97    12     64.44      0.00      6.55
 1494606232.07     0     58.11      0.00      5.95    12     64.38      0.00      6.52
 1494606232.17     0     25.23      0.00      4.40    12     64.43      0.00      6.21
 1494606232.27     0     37.16      0.00      8.71    12     57.63      0.00      9.50
 1494606232.37     0     60.87      0.00      9.18    12     64.27      0.00      9.68
 1494606232.47     0     64.20      0.00      6.49    12     64.26      0.00      6.66
 1494606232.57     0     64.43      0.00      6.50    12     64.44      0.00      6.71
 1494606232.67     0     64.43      0.00      6.48    12     64.44      0.00      6.77
 1494606232.77     0     64.45      0.00      6.46    12     64.42      0.00      6.79
 1494606232.87     0     64.50      0.00      6.46    12     64.53      0.00      6.78
 1494606232.97     0     64.52      0.00      6.52    12     64.48      0.00      6.94
 1494606233.07     0     64.46      0.00      6.43    12     64.37      0.00      6.65
 1494606233.17     0     64.43      0.00      6.43    12     64.47      0.00      6.96
 1494606233.27     0     64.43      0.00      6.48    12     64.49      0.00      7.01
 1494606233.37     0     64.46      0.00      6.33    12     64.41      0.00      6.94
 1494606233.47     0     64.45      0.00      6.44    12     64.50      0.00      6.90
 1494606233.57     0     64.43      0.00      6.42    12     64.46      0.00      6.72
 1494606233.67     0     64.43      0.00      6.37    12     64.40      0.00      6.80
 1494606233.77     0     64.44      0.00      6.40    12     64.49      0.00      6.67
 1494606233.87     0     64.53      0.00      6.41    12     64.44      0.00      6.74
 1494606233.97     0     64.41      0.00      6.39    12     64.50      0.00      6.84
 1494606234.07     0     64.45      0.00      6.39    12     64.43      0.00      6.71
 1494606234.17     0     64.47      0.00      6.42    12     64.56      0.00      6.79
 1494606234.27     0     64.45      0.00      6.41    12     64.42      0.00      6.86
 1494606234.37     0     64.45      0.00      6.46    12     64.43      0.00      6.84
 1494606234.47     0     64.45      0.00      6.39    12     64.45      0.00      6.78
 1494606234.57     0     64.42      0.00      6.41    12     64.43      0.00      6.64
 1494606234.67     0     64.44      0.00      6.43    12     64.42      0.00      6.67
 1494606234.77     0     64.46      0.00      6.45    12     64.50      0.00      6.71
 1494606234.87     0     64.44      0.00      6.38    12     64.40      0.00      6.79
 1494606234.97     0     64.46      0.00      6.40    12     64.49      0.00      6.63
 1494606235.07     0     64.50      0.00      6.29    12     64.43      0.00      6.57
 1494606235.17     0     64.46      0.00      6.27    12     64.46      0.00      6.77
 1494606235.27     0     64.38      0.00      6.32    12     64.50      0.00      6.70
 1494606235.37     0     35.21      0.00      5.32    12     64.40      0.00      6.42
 1494606235.47     0     25.54      0.00      4.61    12     64.45      0.00      6.32
 1494606235.57     0     26.20      0.00      5.56    12     29.22      0.00      5.28
 1494606235.67     0     32.44      0.00      7.11    12     31.12      0.00      6.07
 1494606235.77     0     31.06      0.00      6.54    12     30.58      0.00      5.27
 1494606235.87     0     30.33      0.00      5.98    12     28.21      0.00      4.05
 1494606235.97     0     30.61      0.00      6.00    12     28.24      0.00      4.81
 1494606236.07     0     29.72      0.00      5.35    12     28.14      0.00      4.06
 1494606236.18     0     29.70      0.00      5.22    12     28.13      0.00      4.18
 1494606236.28     0     29.65      0.00      5.29    12     28.15      0.00      4.21
 1494606236.38     0     29.69      0.00      5.27    12     28.22      0.00      4.15
 1494606236.48     0     29.71      0.00      5.33    12     28.42      0.00      4.27
 1494606236.58     0     30.50      0.00      5.35    12     28.84      0.00      4.69
 1494606236.68     0     29.71      0.00      5.29    12     28.72      0.00      4.53
 1494606236.78     0     29.73      0.00      5.26    12     28.15      0.00      4.29
 1494606236.88     0     29.66      0.00      5.43    12     28.17      0.00      4.57
 1494606236.98     0     29.81      0.00      5.38    12     28.13      0.00      3.99
 1494606237.08     0     30.39      0.00      5.71    12     28.12      0.00      4.11
 1494606237.18     0     31.21      0.00      6.14    12     28.14      0.00      4.68
 1494606237.28     0     31.70      0.00      5.25    12     28.16      0.00      4.44
 1494606237.38     0     31.44      0.00      4.89    12     28.43      0.00      4.15
 1494606237.48     0     30.58      0.00      5.09    12     28.12      0.00      4.10
 1494606237.58     0     29.90      0.00      4.45    12     28.12      0.00      4.07
 1494606237.68     0     36.57      0.00      6.38    12     34.96      0.00      5.67
 1494606237.78     0     51.24      0.00      6.90    12     50.28      0.00      5.82
 1494606237.88     0     57.78      0.00      6.83    12     56.57      0.00      5.60
 1494606237.98     0     31.59      0.00      5.88    12     59.29      0.00      6.00
 1494606238.08     0     26.18      0.00      4.72    12     38.57      0.00      4.80
 1494606238.18     0     26.98      0.00      4.28    12     26.02      0.00      3.96
 1494606238.28     0     29.68      0.00      4.27    12     28.10      0.00      4.04
 1494606238.38     0     49.83      0.00      8.88    12     48.97      0.00      8.70
 1494606238.48     0     61.34      0.00      9.42    12     61.85      0.00      9.33
 1494606238.58     0     45.06      0.00      7.23    12     53.26      0.00      7.89
 1494606238.68     0     30.23      0.00      6.29    12     28.41      0.00      6.01
 1494606238.78     0     33.59      0.00      6.19    12     31.56      0.00      5.99
 1494606238.88     0     36.34      0.00      6.86    12     34.99      0.00      6.58
 1494606238.98     0     56.00      0.00      6.62    12     55.57      0.00      6.68
 1494606239.08     0     64.74      0.00      6.62    12     65.08      0.00      6.85
 1494606239.18     0     58.99      0.00      7.82    12     63.91      0.00      8.19
 1494606239.28     0     64.41      0.00      8.26    12     64.42      0.00      8.29
 1494606239.38     0     64.42      0.00      8.13    12     64.43      0.00      8.27
 1494606239.48     0     56.04      0.00      7.28    12     62.88      0.00      8.03
 1494606239.58     0     32.01      0.00      6.68    12     32.34      0.00      6.08
 1494606239.68     0     30.61      0.00      6.41    12     28.27      0.00      4.80
 1494606239.78     0     29.99      0.00      5.31    12     28.18      0.00      4.48
 1494606239.88     0     29.59      0.00      5.12    12     28.16      0.00      3.82
 1494606239.98     0     29.63      0.00      5.12    12     28.15      0.00      4.09
 1494606240.08     0     29.64      0.00      5.19    12     28.14      0.00      4.21
 1494606240.18     0     29.56      0.00      5.19    12     28.42      0.00      4.30
 1494606240.28     0     29.68      0.00      5.06    12     28.15      0.00      4.25
 1494606240.38     0     29.77      0.00      4.51    12     28.06      0.00      4.18
 1494606240.48     0     30.98      0.00      5.25    12     28.16      0.00      4.94
 1494606240.58     0     31.63      0.00      4.79    12     28.05      0.00      3.99
 1494606240.68     0     31.15      0.00      4.93    12     28.10      0.00      4.08
 1494606240.78     0     29.93      0.00      4.82    12     28.10      0.00      3.97
 1494606240.88     0     30.95      0.00      4.70    12     29.48      0.00      4.17
 1494606240.98     0     45.27      0.00      6.27    12     50.29      0.00      5.43
 1494606241.08     0     56.84      0.00      5.38    12     34.88      0.00      4.62
 1494606241.18     0     31.11      0.00      4.59    12     26.41      0.00      4.04
 1494606241.28     0     39.03      0.00      6.43    12     37.26      0.00      5.75
 1494606241.38     0     59.32      0.00      8.28    12     59.08      0.00      7.89
 1494606241.48     0     64.48      0.00      8.36    12     58.79      0.00      8.03
 1494606241.58     0     36.26      0.00      6.02    12     40.90      0.00      6.06
 1494606241.68     0     37.88      0.00      5.79    12     37.49      0.00      5.68
 1494606241.78     0     61.74      0.00      7.95    12     57.78      0.00      8.13
 1494606241.88     0     44.11      0.00      6.40    12     44.96      0.00      6.63
 1494606241.98     0     29.49      0.00      4.37    12     28.12      0.00      4.04
 1494606242.08     0     30.43      0.00      4.74    12     28.14      0.00      4.17
 1494606242.18     0     31.52      0.00      4.80    12     28.09      0.00      4.13
 1494606242.29     0     30.03      0.00      4.41    12     28.08      0.00      4.01
 1494606242.39     0     46.91      0.00      5.91    12     42.32      0.00      5.12
 1494606242.49     0     44.83      0.00      5.03    12     45.86      0.00      5.28
 1494606242.59     0     39.70      0.00      5.46    12     40.88      0.00      4.98
 1494606242.69     0     32.58      0.00      4.59    12     28.08      0.00      4.08
 1494606242.79     0     37.20      0.00      4.96    12     36.79      0.00      4.90
 1494606242.89     0     42.57      0.00      7.65    12     40.44      0.00      7.59
 1494606242.99     0     47.22      0.00      8.60    12     50.39      0.00      9.73
 1494606243.09     0     46.88      0.00     10.59    12     50.21      0.00     10.78
 1494606243.19     0     57.31      0.00     11.54    12     58.90      0.00     11.76
 1494606243.29     0     53.92      0.00     10.05    12     53.28      0.00      9.79
 1494606243.39     0     56.62      0.00     10.76    12     58.57      0.00     11.75
 1494606243.49     0     48.42      0.00      9.42    12     49.45      0.00     10.31
 1494606243.59     0     50.51      0.00      9.27    12     48.96      0.00      8.63
 1494606243.69     0     53.45      0.00      9.27    12     52.68      0.00      8.64
 1494606243.79     0     55.76      0.00     10.65    12     55.67      0.00     11.36
 1494606243.89     0     55.31      0.00     10.50    12     59.53      0.00     11.64
 1494606243.99     0     44.35      0.00      8.60    12     44.37      0.00      8.78
 1494606244.09     0     52.19      0.00     10.70    12     52.64      0.00     10.92
 1494606244.19     0     52.18      0.00     10.42    12     52.76      0.00     10.24
 1494606244.29     0     56.32      0.00     10.37    12     55.72      0.00     10.69
 1494606244.39     0     58.19      0.00     11.09    12     59.45      0.00     11.79
 1494606244.49     0     51.51      0.00      9.62    12     53.74      0.00     10.10
 1494606244.59     0     43.97      0.00      8.74    12     43.43      0.00      7.98
 1494606244.69     0     53.86      0.00      9.16    12     54.20      0.00      8.83
 1494606244.79     0     57.52      0.00     10.88    12     56.83      0.00     10.99
 1494606244.89     0     55.81      0.00     10.09    12     58.59      0.00     11.93
 1494606244.99     0     47.53      0.00      8.77    12     52.03      0.00      9.84
 1494606245.10     0     54.12      0.00     11.08    12     54.56      0.00     11.57
 1494606245.20     0     53.33      0.00     10.25    12     52.94      0.00     10.51
 1494606245.30     0     63.33      0.00     11.79    12     61.93      0.00     11.70
 1494606245.40     0     50.99      0.00      9.79    12     57.30      0.00     11.13
 1494606245.50     0     56.13      0.00     10.22    12     56.55      0.00     10.16
 1494606245.60     0     50.90      0.00      8.89    12     55.79      0.00      8.37
 1494606245.70     0     57.31      0.00     10.60    12     59.94      0.00     10.98
 1494606245.80     0     59.79      0.00     11.57    12     49.68      0.00      9.71
 1494606245.90     0     52.95      0.00      9.87    12     51.30      0.00     10.82
 1494606246.00     0     54.01      0.00     10.49    12     55.80      0.00     11.88
 1494606246.10     0     53.28      0.00     10.19    12     54.06      0.00     10.67
 1494606246.20     0     61.30      0.00     11.57    12     61.46      0.00     11.89
 1494606246.30     0     57.20      0.00     10.69    12     59.38      0.00     12.16
 1494606246.40     0     52.19      0.00      9.85    12     51.25      0.00     10.08
 1494606246.50     0     53.87      0.00      8.98    12     51.69      0.00      8.67
 1494606246.60     0     54.29      0.00     10.66    12     57.12      0.00     11.18
 1494606246.70     0     60.51      0.00     12.00    12     59.66      0.00     11.32
 1494606246.80     0     50.47      0.00      9.58    12     49.47      0.00      9.65
 1494606246.90     0     54.02      0.00     10.39    12     53.56      0.00     11.20
 1494606247.00     0     57.82      0.00     10.86    12     58.39      0.00     12.14
 1494606247.10     0     57.05      0.00     10.70    12     55.37      0.00     10.65
 1494606247.20     0     49.63      0.00      9.65    12     57.56      0.00     11.02
 1494606247.30     0     55.51      0.00     11.35    12     57.05      0.00     11.33
 1494606247.40     0     52.38      0.00      9.19    12     51.44      0.00      9.08
 1494606247.50     0     53.46      0.00     10.00    12     55.59      0.00      9.85
 1494606247.61     0     61.99      0.00     11.41    12     60.40      0.00     11.67
 1494606247.71     0     54.25      0.00     10.50    12     57.04      0.00     11.13
 1494606247.81     0     55.08      0.00     10.90    12     54.39      0.00     10.91
 1494606247.91     0     59.19      0.00     11.68    12     58.92      0.00     12.74
 1494606248.01     0     52.63      0.00      9.92    12     53.42      0.00     10.66
 1494606248.11     0     55.01      0.00     10.69    12     60.96      0.00     11.83
 1494606248.21     0     50.09      0.00     11.03    12     54.20      0.00     11.27
 1494606248.31     0     53.04      0.00     10.28    12     53.16      0.00      9.90
 1494606248.41     0     56.15      0.00      9.02    12     55.26      0.00      8.73
 1494606248.51     0     58.19      0.00     10.89    12     56.89      0.00     11.05
 1494606248.61     0     54.41      0.00     10.56    12     59.13      0.00     11.65
 1494606248.71     0     55.52      0.00     10.69    12     57.09      0.00     11.16
 1494606248.81     0     54.60      0.00     11.05    12     54.98      0.00     11.46
 1494606248.91     0     56.24      0.00     10.75    12     57.55      0.00     11.49
 1494606249.01     0     59.80      0.00     11.02    12     57.15      0.00     10.96
 1494606249.11     0     44.85      0.00      9.53    12     58.59      0.00     11.62
 1494606249.21     0     53.52      0.00     10.54    12     55.99      0.00     10.30
 1494606249.31     0     51.59      0.00      9.07    12     53.57      0.00      8.56
 1494606249.41     0     55.48      0.00     10.31    12     52.73      0.00     10.41
 1494606249.51     0     61.45      0.00     11.38    12     59.37      0.00     11.43
 1494606249.61     0     53.73      0.00     10.76    12     56.35      0.00     11.68
 1494606249.71     0     55.29      0.00     11.12    12     55.93      0.00     11.78
 1494606249.81     0     57.68      0.00     12.14    12     58.67      0.00     12.48
 1494606249.91     0     54.52      0.00     10.03    12     54.24      0.00     10.14
 1494606250.01     0     52.48      0.00     10.66    12     61.06      0.00     11.63
 1494606250.11     0     46.21      0.00     10.57    12     54.56      0.00     11.49
 1494606250.22     0     52.06      0.00     10.81    12     54.07      0.00     10.07
 1494606250.32     0     53.08      0.00      8.88    12     53.11      0.00      8.74
 1494606250.42     0     59.19      0.00     10.85    12     57.58      0.00     11.06
 1494606250.52     0     51.93      0.00      9.92    12     59.28      0.00     11.88
 1494606250.62     0     55.61      0.00     11.05    12     56.02      0.00     11.38
 1494606250.72     0     53.88      0.00     11.14    12     53.95      0.00     11.75
 1494606250.82     0     58.05      0.00     11.69    12     58.36      0.00     12.36
 1494606250.92     0     53.32      0.00     10.12    12     59.89      0.00     10.74
 1494606251.02     0     61.04      0.00     12.12    12     61.42      0.00     12.31
 1494606251.12     0     41.79      0.00      8.33    12     43.52      0.00      8.77
 1494606251.22     0     54.62      0.00     10.10    12     54.92      0.00      9.46
 1494606251.32     0     53.28      0.00      9.41    12     55.22      0.00      9.21
 1494606251.42     0     63.82      0.00     11.85    12     58.04      0.00     12.57
 1494606251.52     0     53.45      0.00     10.66    12     54.28      0.00     10.70
 1494606251.62     0     53.84      0.00     10.88    12     54.02      0.00     11.54
 1494606251.72     0     56.86      0.00     12.33    12     58.24      0.00     12.74
 1494606251.82     0     56.88      0.00     11.27    12     58.40      0.00     12.13
 1494606251.92     0     59.82      0.00     11.31    12     55.38      0.00     10.85
 1494606252.02     0     44.68      0.00      9.54    12     51.99      0.00     11.34
 1494606252.12     0     50.71      0.00      9.91    12     53.76      0.00     10.10
 1494606252.22     0     52.46      0.00      8.65    12     52.15      0.00      8.18
 1494606252.32     0     56.38      0.00     10.59    12     56.55      0.00     10.45
 1494606252.42     0     53.42      0.00     11.45    12     61.42      0.00     11.80
 1494606252.53     0     47.00      0.00     10.20    12     52.93      0.00     10.57
 1494606252.63     0     54.30      0.00     10.66    12     54.19      0.00     11.30
 1494606252.73     0     56.63      0.00     12.35    12     59.58      0.00     13.39
 1494606252.83     0     58.26      0.00     12.36    12     60.79      0.00     13.77
 1494606252.93     0     53.63      0.00      9.80    12     53.46      0.00      9.93
 1494606253.03     0     63.99      0.00     12.12    12     61.09      0.00     12.46
 1494606253.13     0     50.10      0.00      9.58    12     52.02      0.00     10.03
 1494606253.23     0     49.01      0.00     10.39    12     49.51      0.00     10.26
 1494606253.33     0     54.19      0.00      9.33    12     57.36      0.00      8.85
 1494606253.43     0     58.32      0.00     11.01    12     58.06      0.00     10.88
 1494606253.53     0     53.57      0.00     10.59    12     58.89      0.00     11.92
 1494606253.63     0     54.96      0.00     11.16    12     55.90      0.00     11.35
 1494606253.73     0     58.52      0.00     12.94    12     59.22      0.00     13.55
 1494606253.83     0     52.78      0.00      9.77    12     54.67      0.00     10.27
 1494606253.93     0     50.30      0.00     11.07    12     61.66      0.00     11.89
 1494606254.03     0     54.03      0.00     10.59    12     55.25      0.00     10.73
 1494606254.13     0     55.01      0.00     10.25    12     56.93      0.00      9.61
 1494606254.23     0     56.02      0.00      9.76    12     56.50      0.00      9.27
 1494606254.33     0     60.01      0.00     11.37    12     58.44      0.00     11.33
 1494606254.43     0     55.56      0.00     10.56    12     58.91      0.00     12.05
 1494606254.53     0     52.01      0.00      9.93    12     53.48      0.00     10.65
 1494606254.63     0     57.15      0.00     11.76    12     58.77      0.00     12.34
 1494606254.73     0     53.72      0.00     10.38    12     53.90      0.00     10.29
 1494606254.83     0     55.23      0.00     10.50    12     59.20      0.00     11.62
 1494606254.93     0     57.33      0.00     11.22    12     57.87      0.00     11.46
 1494606255.03     0     51.32      0.00      8.79    12     51.24      0.00      8.24
 1494606255.13     0     52.68      0.00      9.40    12     48.98      0.00      9.22
 1494606255.23     0     56.34      0.00     12.46    12     59.77      0.00     11.91
 1494606255.33     0     48.32      0.00      9.88    12     59.48      0.00     12.17
 1494606255.43     0     54.62      0.00     10.51    12     53.86      0.00     10.53
 1494606255.53     0     58.67      0.00     11.59    12     56.84      0.00     12.21
 1494606255.63     0     54.02      0.00     10.18    12     49.52      0.00     10.66
 1494606255.73     0     53.15      0.00     10.22    12     58.60      0.00     11.55
 1494606255.83     0     57.18      0.00     11.05    12     55.74      0.00     11.41
 1494606255.93     0     52.56      0.00      9.09    12     51.59      0.00      8.87
 1494606256.03     0     52.33      0.00      8.99    12     50.37      0.00      8.70
 1494606256.13     0     65.59      0.00     12.39    12     63.76      0.00     12.02
 1494606256.23     0     44.86      0.00      8.92    12     55.55      0.00     11.03
 1494606256.33     0     53.18      0.00     10.35    12     53.71      0.00     10.81
 1494606256.44     0     59.43      0.00     11.93    12     59.99      0.00     12.76
 1494606256.54     0     55.17      0.00     10.41    12     56.24      0.00     10.63
 1494606256.64     0     54.30      0.00     10.81    12     58.71      0.00     11.78
 1494606256.74     0     56.13      0.00     10.97    12     57.53      0.00     11.50
 1494606256.84     0     48.49      0.00      9.60    12     51.36      0.00      9.00
 1494606256.94     0     53.98      0.00      9.59    12     55.27      0.00      9.55
 1494606257.04     0     58.33      0.00     11.53    12     57.43      0.00     11.66
 1494606257.14     0     48.19      0.00      8.89    12     55.16      0.00     10.44
 1494606257.24     0     49.44      0.00     10.50    12     51.82      0.00     11.01
 1494606257.34     0     58.83      0.00     11.99    12     58.47      0.00     12.92
 1494606257.44     0     54.30      0.00     10.41    12     55.19      0.00     10.77
 1494606257.54     0     50.81      0.00     10.88    12     61.49      0.00     11.85
 1494606257.64     0     52.47      0.00     10.57    12     54.20      0.00     11.17
 1494606257.74     0     50.81      0.00     10.37    12     57.15      0.00      9.67
 1494606257.84     0     55.28      0.00      9.43    12     56.04      0.00      9.22
 1494606257.94     0     58.39      0.00     11.22    12     58.03      0.00     10.92
 1494606258.04     0     47.68      0.00     10.37    12     59.08      0.00     11.58
 1494606258.14     0     51.27      0.00     10.03    12     56.13      0.00     10.62
 1494606258.24     0     54.36      0.00     11.82    12     55.77      0.00     12.27
 1494606258.34     0     53.16      0.00     10.50    12     54.20      0.00     10.84
 1494606258.44     0     63.98      0.00     11.85    12     62.71      0.00     11.79
 1494606258.54     0     49.90      0.00      9.99    12     56.99      0.00     11.66
 1494606258.64     0     51.46      0.00     10.30    12     55.77      0.00     10.16
 1494606258.74     0     53.69      0.00      9.33    12     55.88      0.00      8.80
 1494606258.84     0     55.54      0.00     10.58    12     52.24      0.00     11.03
 1494606258.94     0     56.08      0.00     11.03    12     59.87      0.00     11.66
 1494606259.04     0     56.90      0.00     10.65    12     59.56      0.00     11.54
 1494606259.14     0     54.01      0.00     11.17    12     53.60      0.00     10.95
 1494606259.25     0     58.09      0.00     12.48    12     58.40      0.00     13.20
 1494606259.35     0     54.08      0.00     10.34    12     55.26      0.00     10.96
 1494606259.45     0     63.28      0.00     11.52    12     61.11      0.00     11.71
 1494606259.55     0     51.42      0.00     10.31    12     57.79      0.00     11.73
 1494606259.65     0     54.09      0.00     10.27    12     54.68      0.00      9.71
 1494606259.75     0     55.25      0.00      9.60    12     54.41      0.00      9.04
 1494606259.85     0     57.09      0.00     11.01    12     56.19      0.00     10.90
 1494606259.95     0     55.37      0.00     10.80    12     58.78      0.00     11.81
 1494606260.05     0     56.22      0.00     11.26    12     57.98      0.00     11.15
 1494606260.15     0     44.61      0.00      8.95    12     46.18      0.00      9.05
 1494606260.25     0     16.90      0.00      3.13    12     19.42      0.00      3.52
 1494606260.35     0     12.73      0.00      1.82    12     15.37      0.00      2.09
 1494606260.45     0     20.83      0.00      4.17    12     21.69      0.00      4.00
 1494606260.55     0     19.08      0.00      3.84    12     21.57      0.00      4.40
