         #Time  Core     P_PKG     P_PP0    P_DRAM  Core     P_PKG     P_PP0    P_DRAM
 1492810978.78     0     23.09      0.00      5.13    12     22.67      0.00      5.51
 1492810978.88     0     24.83      0.00      4.57    12     22.25      0.00      4.38
 1492810978.98     0     29.41      0.00      4.47    12     25.43      0.00      4.18
 1492810979.08     0     33.64      0.00      5.64    12     28.78      0.00      4.85
 1492810979.18     0     38.86      0.00      5.92    12     36.87      0.00      5.94
 1492810979.28     0     35.28      0.00      5.31    12     33.44      0.00      5.61
 1492810979.38     0     35.67      0.00      5.41    12     33.64      0.00      5.56
 1492810979.48     0     35.38      0.00      5.42    12     33.73      0.00      5.70
 1492810979.58     0     35.06      0.00      5.42    12     33.72      0.00      5.76
 1492810979.68     0     35.38      0.00      5.18    12     33.72      0.00      5.52
 1492810979.78     0     35.39      0.00      5.27    12     33.73      0.00      5.41
 1492810979.88     0     35.70      0.00      5.40    12     33.79      0.00      5.51
 1492810979.98     0     35.41      0.00      5.34    12     33.89      0.00      5.57
 1492810980.08     0     35.33      0.00      5.31    12     33.71      0.00      5.63
 1492810980.18     0     35.03      0.00      5.18    12     33.18      0.00      5.48
 1492810980.28     0     35.47      0.00      5.38    12     33.81      0.00      5.58
 1492810980.38     0     35.39      0.00      5.34    12     33.75      0.00      5.56
 1492810980.48     0     35.43      0.00      5.25    12     33.75      0.00      5.57
 1492810980.58     0     35.48      0.00      5.34    12     33.89      0.00      5.54
 1492810980.68     0     35.15      0.00      5.29    12     33.39      0.00      5.51
 1492810980.78     0     34.63      0.00      5.26    12     32.35      0.00      5.56
 1492810980.88     0     35.32      0.00      5.27    12     32.82      0.00      5.42
 1492810980.98     0     35.30      0.00      5.41    12     33.83      0.00      5.62
 1492810981.08     0     35.25      0.00      5.29    12     33.81      0.00      5.55
 1492810981.18     0     35.22      0.00      5.35    12     33.66      0.00      5.58
 1492810981.28     0     35.30      0.00      5.38    12     33.71      0.00      5.58
 1492810981.38     0     35.32      0.00      5.36    12     33.64      0.00      5.54
 1492810981.48     0     35.31      0.00      5.36    12     33.61      0.00      5.55
 1492810981.58     0     35.35      0.00      5.39    12     33.76      0.00      5.61
 1492810981.68     0     35.35      0.00      5.36    12     33.72      0.00      5.56
 1492810981.78     0     35.34      0.00      5.40    12     33.65      0.00      5.59
 1492810981.88     0     35.36      0.00      5.49    12     33.73      0.00      5.62
 1492810981.98     0     35.38      0.00      5.39    12     33.75      0.00      5.60
 1492810982.08     0     35.30      0.00      5.29    12     33.62      0.00      5.65
 1492810982.18     0     34.87      0.00      5.17    12     32.73      0.00      5.42
 1492810982.28     0     35.26      0.00      5.34    12     33.48      0.00      5.54
 1492810982.38     0     35.34      0.00      5.29    12     33.66      0.00      5.49
 1492810982.48     0     35.38      0.00      5.35    12     33.67      0.00      5.57
 1492810982.58     0     35.32      0.00      5.39    12     33.77      0.00      5.59
 1492810982.68     0     35.20      0.00      5.35    12     33.37      0.00      5.50
 1492810982.78     0     35.33      0.00      5.39    12     33.70      0.00      5.52
 1492810982.88     0     35.35      0.00      5.40    12     33.81      0.00      5.59
 1492810982.98     0     35.30      0.00      5.45    12     33.64      0.00      5.57
 1492810983.08     0     35.36      0.00      5.42    12     33.70      0.00      5.59
 1492810983.18     0     35.36      0.00      5.37    12     33.76      0.00      5.58
 1492810983.28     0     35.35      0.00      5.25    12     33.64      0.00      5.60
 1492810983.38     0     35.36      0.00      5.34    12     33.75      0.00      5.59
 1492810983.48     0     35.31      0.00      5.36    12     33.66      0.00      5.60
 1492810983.58     0     35.31      0.00      5.36    12     33.65      0.00      5.59
 1492810983.68     0     35.34      0.00      5.38    12     33.73      0.00      5.60
 1492810983.78     0     35.36      0.00      5.34    12     33.66      0.00      5.60
 1492810983.88     0     35.32      0.00      5.40    12     33.73      0.00      5.57
 1492810983.98     0     35.32      0.00      5.50    12     33.63      0.00      5.55
 1492810984.08     0     35.30      0.00      5.36    12     33.64      0.00      5.61
 1492810984.18     0     35.24      0.00      5.37    12     33.62      0.00      5.60
 1492810984.28     0     35.38      0.00      5.39    12     33.74      0.00      5.63
 1492810984.38     0     35.23      0.00      5.39    12     33.56      0.00      5.54
 1492810984.48     0     35.19      0.00      5.31    12     33.48      0.00      5.56
 1492810984.58     0     35.31      0.00      5.43    12     33.67      0.00      5.58
 1492810984.68     0     35.28      0.00      5.40    12     33.65      0.00      5.57
 1492810984.78     0     35.39      0.00      5.40    12     34.09      0.00      5.62
 1492810984.88     0     35.42      0.00      5.36    12     33.40      0.00      5.58
 1492810984.98     0     35.23      0.00      5.38    12     33.66      0.00      5.55
 1492810985.08     0     35.29      0.00      5.54    12     33.75      0.00      5.50
 1492810985.18     0     35.32      0.00      5.38    12     33.74      0.00      5.54
 1492810985.28     0     35.24      0.00      5.36    12     33.67      0.00      5.65
 1492810985.38     0     35.33      0.00      5.34    12     33.79      0.00      5.58
 1492810985.48     0     35.30      0.00      5.36    12     34.04      0.00      5.67
 1492810985.58     0     35.20      0.00      5.34    12     33.63      0.00      5.57
 1492810985.68     0     34.99      0.00      5.23    12     33.19      0.00      5.45
 1492810985.78     0     35.66      0.00      5.36    12     33.60      0.00      5.52
 1492810985.88     0     34.96      0.00      5.29    12     33.70      0.00      5.57
 1492810985.98     0     35.37      0.00      5.37    12     33.67      0.00      5.57
 1492810986.08     0     35.61      0.00      5.45    12     33.74      0.00      5.59
 1492810986.18     0     35.31      0.00      5.46    12     33.77      0.00      5.48
 1492810986.28     0     35.17      0.00      5.30    12     33.55      0.00      5.63
 1492810986.38     0     35.36      0.00      5.38    12     33.77      0.00      5.61
 1492810986.48     0     35.30      0.00      5.34    12     33.68      0.00      5.61
 1492810986.59     0     35.31      0.00      5.39    12     33.74      0.00      5.61
 1492810986.69     0     35.22      0.00      5.37    12     33.54      0.00      5.59
 1492810986.79     0     35.39      0.00      5.41    12     33.78      0.00      5.54
 1492810986.89     0     35.31      0.00      5.40    12     33.72      0.00      5.56
 1492810986.99     0     35.43      0.00      5.49    12     33.71      0.00      5.66
 1492810987.09     0     35.21      0.00      5.39    12     33.64      0.00      5.57
 1492810987.19     0     35.24      0.00      5.40    12     33.50      0.00      5.55
 1492810987.29     0     35.23      0.00      5.40    12     33.55      0.00      5.62
 1492810987.39     0     35.27      0.00      5.35    12     33.66      0.00      5.61
 1492810987.49     0     35.33      0.00      5.32    12     33.67      0.00      5.70
 1492810987.59     0     35.36      0.00      5.36    12     33.75      0.00      5.58
 1492810987.69     0     35.30      0.00      5.41    12     33.68      0.00      5.61
 1492810987.79     0     35.34      0.00      5.36    12     33.71      0.00      5.54
 1492810987.89     0     35.29      0.00      5.39    12     33.71      0.00      5.57
 1492810987.99     0     35.34      0.00      5.28    12     33.72      0.00      5.57
 1492810988.09     0     35.30      0.00      5.40    12     33.76      0.00      5.51
 1492810988.19     0     35.26      0.00      5.35    12     33.68      0.00      5.60
 1492810988.29     0     35.40      0.00      5.50    12     33.71      0.00      5.51
 1492810988.39     0     35.29      0.00      5.39    12     33.70      0.00      5.55
 1492810988.49     0     35.32      0.00      5.34    12     33.64      0.00      5.62
 1492810988.59     0     35.31      0.00      5.36    12     33.57      0.00      5.59
 1492810988.69     0     35.30      0.00      5.41    12     33.57      0.00      5.61
 1492810988.79     0     35.34      0.00      5.33    12     33.65      0.00      5.53
 1492810988.89     0     35.33      0.00      5.31    12     33.65      0.00      5.53
 1492810988.99     0     35.35      0.00      5.32    12     33.79      0.00      5.61
 1492810989.09     0     35.36      0.00      5.43    12     33.63      0.00      5.54
 1492810989.19     0     35.29      0.00      5.34    12     33.68      0.00      5.57
 1492810989.29     0     35.35      0.00      5.51    12     33.78      0.00      5.61
 1492810989.39     0     35.33      0.00      5.43    12     33.72      0.00      5.57
 1492810989.49     0     35.30      0.00      5.42    12     33.71      0.00      5.60
 1492810989.59     0     35.32      0.00      5.42    12     33.61      0.00      5.64
 1492810989.69     0     35.10      0.00      5.36    12     33.35      0.00      5.57
 1492810989.79     0     35.36      0.00      5.38    12     33.74      0.00      5.60
 1492810989.89     0     35.32      0.00      5.44    12     33.67      0.00      5.58
 1492810989.99     0     35.30      0.00      5.36    12     33.66      0.00      5.55
 1492810990.09     0     35.32      0.00      5.39    12     33.65      0.00      5.60
 1492810990.19     0     35.34      0.00      5.34    12     33.71      0.00      5.53
 1492810990.29     0     35.27      0.00      5.37    12     33.65      0.00      5.55
 1492810990.39     0     35.36      0.00      5.45    12     33.73      0.00      5.63
 1492810990.49     0     35.24      0.00      5.40    12     33.62      0.00      5.54
 1492810990.59     0     35.17      0.00      5.28    12     33.39      0.00      5.57
 1492810990.69     0     35.39      0.00      5.38    12     33.78      0.00      5.64
 1492810990.79     0     35.29      0.00      5.30    12     33.60      0.00      5.62
 1492810990.89     0     35.32      0.00      5.34    12     33.67      0.00      5.59
 1492810990.99     0     35.27      0.00      5.42    12     33.61      0.00      5.62
 1492810991.09     0     35.30      0.00      5.23    12     33.90      0.00      5.64
 1492810991.19     0     35.30      0.00      5.33    12     33.37      0.00      5.56
 1492810991.29     0     35.39      0.00      5.37    12     34.01      0.00      5.70
 1492810991.39     0     35.29      0.00      5.38    12     33.70      0.00      5.61
 1492810991.49     0     35.36      0.00      5.50    12     33.72      0.00      5.60
 1492810991.59     0     35.31      0.00      5.39    12     33.71      0.00      5.63
 1492810991.69     0     34.97      0.00      5.15    12     33.05      0.00      5.55
 1492810991.79     0     35.32      0.00      5.37    12     33.70      0.00      5.64
 1492810991.89     0     35.32      0.00      5.30    12     33.66      0.00      5.61
 1492810991.99     0     35.21      0.00      5.34    12     33.53      0.00      5.58
 1492810992.09     0     35.61      0.00      5.39    12     33.59      0.00      5.62
 1492810992.19     0     35.37      0.00      5.38    12     33.68      0.00      5.60
 1492810992.29     0     34.96      0.00      5.26    12     33.62      0.00      5.63
 1492810992.39     0     35.68      0.00      5.41    12     33.58      0.00      5.50
 1492810992.49     0     35.36      0.00      5.42    12     33.64      0.00      5.62
 1492810992.59     0     35.34      0.00      5.45    12     33.73      0.00      5.60
 1492810992.69     0     35.29      0.00      5.46    12     33.66      0.00      5.61
 1492810992.79     0     35.31      0.00      5.41    12     33.73      0.00      5.65
 1492810992.89     0     35.31      0.00      5.36    12     33.75      0.00      5.61
 1492810992.99     0     35.27      0.00      5.35    12     33.64      0.00      5.61
 1492810993.09     0     35.36      0.00      5.33    12     33.71      0.00      5.60
 1492810993.19     0     35.30      0.00      5.37    12     33.74      0.00      5.60
 1492810993.29     0     35.37      0.00      5.38    12     33.67      0.00      5.66
 1492810993.39     0     35.27      0.00      5.27    12     33.71      0.00      5.55
 1492810993.49     0     35.31      0.00      5.28    12     33.69      0.00      5.64
 1492810993.59     0     35.31      0.00      5.50    12     33.67      0.00      5.61
 1492810993.69     0     35.31      0.00      5.40    12     33.63      0.00      5.58
 1492810993.79     0     35.33      0.00      5.27    12     33.68      0.00      5.59
 1492810993.89     0     35.38      0.00      5.26    12     33.59      0.00      5.68
 1492810993.99     0     35.30      0.00      5.30    12     33.66      0.00      5.53
 1492810994.09     0     35.31      0.00      5.29    12     33.65      0.00      5.67
 1492810994.19     0     35.33      0.00      5.35    12     33.68      0.00      5.57
 1492810994.29     0     35.32      0.00      5.39    12     33.81      0.00      5.59
 1492810994.39     0     35.39      0.00      5.28    12     33.72      0.00      5.58
 1492810994.49     0     35.28      0.00      5.33    12     33.73      0.00      5.58
 1492810994.59     0     35.33      0.00      5.46    12     33.69      0.00      5.57
 1492810994.69     0     34.88      0.00      5.55    12     33.28      0.00      5.57
 1492810994.79     0     35.32      0.00      5.39    12     33.73      0.00      5.59
 1492810994.89     0     35.23      0.00      5.44    12     33.54      0.00      5.62
 1492810994.99     0     35.34      0.00      5.34    12     33.78      0.00      5.67
 1492810995.09     0     35.31      0.00      5.26    12     33.62      0.00      5.59
 1492810995.19     0     35.32      0.00      5.34    12     33.62      0.00      5.61
 1492810995.29     0     35.24      0.00      5.33    12     33.62      0.00      5.56
 1492810995.39     0     35.29      0.00      5.32    12     33.56      0.00      5.61
 1492810995.49     0     35.27      0.00      5.31    12     33.67      0.00      5.57
 1492810995.60     0     35.29      0.00      5.40    12     33.73      0.00      5.60
 1492810995.70     0     35.37      0.00      5.40    12     33.65      0.00      5.58
 1492810995.80     0     35.19      0.00      5.52    12     33.57      0.00      5.58
 1492810995.90     0     35.29      0.00      5.48    12     33.68      0.00      5.60
 1492810996.00     0     35.28      0.00      5.34    12     33.72      0.00      5.65
 1492810996.10     0     35.33      0.00      5.32    12     33.72      0.00      5.62
 1492810996.20     0     35.23      0.00      5.35    12     33.57      0.00      5.64
 1492810996.30     0     35.37      0.00      5.26    12     33.73      0.00      5.57
 1492810996.40     0     35.35      0.00      5.31    12     33.64      0.00      5.58
 1492810996.50     0     35.33      0.00      5.33    12     34.04      0.00      5.65
 1492810996.60     0     35.44      0.00      5.35    12     33.69      0.00      5.57
 1492810996.70     0     35.30      0.00      5.42    12     33.64      0.00      5.57
 1492810996.80     0     35.37      0.00      5.52    12     33.72      0.00      5.62
 1492810996.90     0     35.25      0.00      5.54    12     33.72      0.00      5.53
 1492810997.00     0     35.30      0.00      5.46    12     33.38      0.00      5.52
 1492810997.10     0     35.32      0.00      5.40    12     34.03      0.00      5.66
 1492810997.20     0     35.32      0.00      5.34    12     33.72      0.00      5.55
 1492810997.30     0     35.32      0.00      5.26    12     33.67      0.00      5.54
 1492810997.40     0     35.34      0.00      5.31    12     33.67      0.00      5.58
 1492810997.50     0     35.37      0.00      5.35    12     33.73      0.00      5.58
 1492810997.60     0     35.35      0.00      5.31    12     33.66      0.00      5.58
 1492810997.70     0     35.28      0.00      5.34    12     33.69      0.00      5.60
 1492810997.80     0     35.68      0.00      5.35    12     33.68      0.00      5.61
 1492810997.90     0     35.31      0.00      5.55    12     33.66      0.00      5.48
 1492810998.00     0     35.38      0.00      5.44    12     33.77      0.00      5.66
 1492810998.10     0     35.35      0.00      5.30    12     33.66      0.00      5.54
 1492810998.20     0     35.29      0.00      5.37    12     33.68      0.00      5.69
 1492810998.30     0     35.36      0.00      5.35    12     33.68      0.00      5.67
 1492810998.40     0     35.33      0.00      5.33    12     33.65      0.00      5.55
 1492810998.50     0     35.33      0.00      5.29    12     33.68      0.00      5.61
 1492810998.60     0     35.32      0.00      5.28    12     33.70      0.00      5.62
 1492810998.70     0     35.13      0.00      5.22    12     33.25      0.00      5.54
 1492810998.80     0     35.40      0.00      5.28    12     33.71      0.00      5.56
 1492810998.90     0     35.34      0.00      5.40    12     33.57      0.00      5.56
 1492810999.00     0     35.30      0.00      5.50    12     33.65      0.00      5.61
 1492810999.10     0     35.35      0.00      5.36    12     33.65      0.00      5.61
 1492810999.20     0     35.40      0.00      5.41    12     33.71      0.00      5.64
 1492810999.30     0     35.30      0.00      5.43    12     33.59      0.00      5.62
 1492810999.40     0     35.39      0.00      5.39    12     33.74      0.00      5.62
 1492810999.50     0     35.37      0.00      5.27    12     33.68      0.00      5.63
 1492810999.60     0     35.36      0.00      5.32    12     33.57      0.00      5.58
 1492810999.70     0     35.34      0.00      5.28    12     33.70      0.00      5.61
 1492810999.80     0     35.40      0.00      5.34    12     33.63      0.00      5.64
 1492810999.90     0     35.35      0.00      5.28    12     33.68      0.00      5.63
 1492811000.00     0     35.36      0.00      5.38    12     33.70      0.00      5.63
 1492811000.10     0     35.30      0.00      5.58    12     33.66      0.00      5.55
 1492811000.20     0     35.30      0.00      5.44    12     33.68      0.00      5.58
 1492811000.30     0     35.31      0.00      5.34    12     33.65      0.00      5.63
 1492811000.40     0     35.33      0.00      5.31    12     33.69      0.00      5.53
 1492811000.50     0     35.34      0.00      5.33    12     33.69      0.00      5.57
 1492811000.60     0     35.36      0.00      5.31    12     33.67      0.00      5.63
 1492811000.70     0     35.37      0.00      5.31    12     33.78      0.00      5.58
 1492811000.80     0     35.32      0.00      5.32    12     33.68      0.00      5.50
 1492811000.90     0     35.38      0.00      5.46    12     33.70      0.00      5.54
 1492811001.00     0     35.32      0.00      5.38    12     33.69      0.00      5.60
 1492811001.10     0     35.28      0.00      5.41    12     33.53      0.00      5.58
 1492811001.20     0     35.36      0.00      5.51    12     33.61      0.00      5.56
 1492811001.30     0     35.39      0.00      5.36    12     33.73      0.00      5.62
 1492811001.40     0     35.29      0.00      5.34    12     33.58      0.00      5.66
 1492811001.50     0     35.34      0.00      5.35    12     33.66      0.00      5.57
 1492811001.60     0     35.35      0.00      5.35    12     33.69      0.00      5.59
 1492811001.70     0     35.22      0.00      5.30    12     33.51      0.00      5.59
 1492811001.80     0     34.52      0.00      4.87    12     31.68      0.00      5.27
 1492811001.90     0     35.53      0.00      5.34    12     33.70      0.00      5.54
 1492811002.00     0     35.32      0.00      5.34    12     33.66      0.00      5.65
 1492811002.10     0     35.39      0.00      5.34    12     33.68      0.00      5.54
 1492811002.20     0     35.35      0.00      5.54    12     33.68      0.00      5.59
 1492811002.30     0     35.33      0.00      5.46    12     33.68      0.00      5.62
 1492811002.40     0     35.24      0.00      5.34    12     33.44      0.00      5.60
 1492811002.50     0     35.33      0.00      5.29    12     33.65      0.00      5.64
 1492811002.60     0     35.36      0.00      5.43    12     33.68      0.00      5.58
 1492811002.70     0     34.91      0.00      5.17    12     32.91      0.00      5.49
 1492811002.80     0     35.70      0.00      5.38    12     33.63      0.00      5.60
 1492811002.90     0     35.33      0.00      5.33    12     33.63      0.00      5.56
 1492811003.00     0     35.36      0.00      5.37    12     33.68      0.00      5.62
 1492811003.10     0     35.37      0.00      5.32    12     33.63      0.00      5.54
 1492811003.20     0     35.35      0.00      5.36    12     33.86      0.00      5.61
 1492811003.30     0     35.38      0.00      5.54    12     33.28      0.00      5.55
 1492811003.40     0     35.38      0.00      5.43    12     33.76      0.00      5.63
 1492811003.50     0     35.37      0.00      5.36    12     33.90      0.00      5.68
 1492811003.60     0     35.30      0.00      5.35    12     33.25      0.00      5.61
 1492811003.70     0     34.97      0.00      5.08    12     32.65      0.00      5.53
 1492811003.80     0     35.28      0.00      5.34    12     33.92      0.00      5.62
 1492811003.90     0     35.44      0.00      5.33    12     33.69      0.00      5.59
 1492811004.00     0     35.19      0.00      5.31    12     33.61      0.00      5.63
 1492811004.10     0     35.36      0.00      5.24    12     33.78      0.00      5.62
 1492811004.20     0     35.23      0.00      5.26    12     33.50      0.00      5.56
 1492811004.30     0     35.32      0.00      5.49    12     33.71      0.00      5.56
 1492811004.40     0     35.33      0.00      5.39    12     33.68      0.00      5.65
 1492811004.50     0     35.37      0.00      5.34    12     33.65      0.00      5.59
 1492811004.60     0     35.68      0.00      5.33    12     33.66      0.00      5.59
 1492811004.70     0     35.28      0.00      5.41    12     33.64      0.00      5.65
 1492811004.81     0     35.34      0.00      5.27    12     33.71      0.00      5.58
 1492811004.91     0     35.36      0.00      5.35    12     33.71      0.00      5.59
 1492811005.01     0     35.03      0.00      5.31    12     33.69      0.00      5.60
 1492811005.11     0     35.25      0.00      5.30    12     33.67      0.00      5.58
 1492811005.21     0     35.70      0.00      5.40    12     33.65      0.00      5.64
 1492811005.31     0     35.34      0.00      5.39    12     33.65      0.00      5.53
 1492811005.41     0     35.30      0.00      5.49    12     33.61      0.00      5.58
 1492811005.51     0     35.36      0.00      5.42    12     33.68      0.00      5.61
 1492811005.61     0     35.23      0.00      5.39    12     33.45      0.00      5.63
 1492811005.71     0     35.30      0.00      5.35    12     33.68      0.00      5.64
 1492811005.81     0     35.05      0.00      5.32    12     33.20      0.00      5.47
 1492811005.91     0     35.31      0.00      5.28    12     33.60      0.00      5.64
 1492811006.01     0     35.37      0.00      5.39    12     33.64      0.00      5.58
 1492811006.11     0     35.36      0.00      5.37    12     33.62      0.00      5.62
 1492811006.21     0     35.30      0.00      5.33    12     33.62      0.00      5.60
 1492811006.31     0     35.28      0.00      5.27    12     33.60      0.00      5.59
 1492811006.41     0     35.34      0.00      5.38    12     33.69      0.00      5.62
 1492811006.51     0     35.41      0.00      5.55    12     33.71      0.00      5.58
 1492811006.61     0     35.34      0.00      5.35    12     33.59      0.00      5.63
 1492811006.71     0     35.29      0.00      5.31    12     33.61      0.00      5.59
 1492811006.81     0     35.31      0.00      5.35    12     33.61      0.00      5.59
 1492811006.91     0     35.36      0.00      5.33    12     33.63      0.00      5.52
 1492811007.01     0     35.42      0.00      5.30    12     33.63      0.00      5.57
 1492811007.11     0     35.38      0.00      5.31    12     33.61      0.00      5.61
 1492811007.21     0     35.34      0.00      5.37    12     33.74      0.00      5.62
 1492811007.31     0     35.38      0.00      5.29    12     33.67      0.00      5.56
 1492811007.41     0     35.28      0.00      5.42    12     33.63      0.00      5.57
 1492811007.51     0     35.31      0.00      5.53    12     33.68      0.00      5.52
 1492811007.61     0     35.32      0.00      5.37    12     33.65      0.00      5.57
 1492811007.71     0     35.29      0.00      5.41    12     33.60      0.00      5.59
 1492811007.81     0     35.36      0.00      5.29    12     33.73      0.00      5.63
 1492811007.91     0     35.32      0.00      5.36    12     33.59      0.00      5.63
 1492811008.01     0     35.27      0.00      5.24    12     33.61      0.00      5.59
 1492811008.11     0     35.36      0.00      5.29    12     33.76      0.00      5.57
 1492811008.21     0     35.35      0.00      5.35    12     33.69      0.00      5.58
 1492811008.31     0     35.34      0.00      5.39    12     33.67      0.00      5.57
 1492811008.41     0     35.42      0.00      5.22    12     33.73      0.00      5.58
 1492811008.51     0     35.33      0.00      5.37    12     33.73      0.00      5.56
 1492811008.61     0     35.28      0.00      5.40    12     33.76      0.00      5.64
 1492811008.71     0     34.64      0.00      5.64    12     33.01      0.00      5.69
 1492811008.81     0     34.99      0.00      5.55    12     33.39      0.00      5.57
 1492811008.91     0     35.27      0.00      5.42    12     33.69      0.00      5.64
 1492811009.01     0     35.23      0.00      5.31    12     33.58      0.00      5.54
 1492811009.11     0     35.36      0.00      5.35    12     33.71      0.00      5.56
 1492811009.21     0     35.26      0.00      5.39    12     33.70      0.00      5.56
 1492811009.31     0     35.28      0.00      5.41    12     33.58      0.00      5.52
 1492811009.41     0     35.32      0.00      5.41    12     33.70      0.00      5.56
 1492811009.51     0     35.26      0.00      5.33    12     33.73      0.00      5.54
 1492811009.61     0     35.26      0.00      5.43    12     33.71      0.00      5.61
 1492811009.71     0     35.28      0.00      5.49    12     33.78      0.00      5.60
 1492811009.81     0     35.31      0.00      5.48    12     33.66      0.00      5.60
 1492811009.91     0     35.24      0.00      5.30    12     33.66      0.00      5.54
 1492811010.01     0     35.21      0.00      5.34    12     33.72      0.00      5.55
 1492811010.11     0     35.24      0.00      5.33    12     34.10      0.00      5.69
 1492811010.21     0     35.31      0.00      5.36    12     33.67      0.00      5.63
 1492811010.31     0     35.31      0.00      5.39    12     33.71      0.00      5.54
 1492811010.41     0     35.27      0.00      5.39    12     33.65      0.00      5.54
 1492811010.51     0     35.25      0.00      5.38    12     33.56      0.00      5.58
 1492811010.61     0     35.32      0.00      5.43    12     33.71      0.00      5.61
 1492811010.71     0     35.26      0.00      5.45    12     33.62      0.00      5.56
 1492811010.81     0     35.30      0.00      5.50    12     33.64      0.00      5.52
 1492811010.91     0     35.27      0.00      5.32    12     33.71      0.00      5.64
 1492811011.01     0     35.29      0.00      5.31    12     33.67      0.00      5.60
 1492811011.11     0     35.56      0.00      5.41    12     33.64      0.00      5.59
 1492811011.21     0     34.88      0.00      5.33    12     33.62      0.00      5.61
 1492811011.31     0     35.61      0.00      5.41    12     33.72      0.00      5.61
 1492811011.41     0     34.93      0.00      5.22    12     33.72      0.00      5.52
 1492811011.51     0     35.26      0.00      5.34    12     33.65      0.00      5.60
 1492811011.61     0     35.61      0.00      5.43    12     33.74      0.00      5.54
 1492811011.71     0     35.24      0.00      5.32    12     33.68      0.00      5.61
 1492811011.81     0     34.77      0.00      5.36    12     32.61      0.00      5.51
 1492811011.91     0     35.29      0.00      5.53    12     33.67      0.00      5.58
 1492811012.01     0     35.29      0.00      5.35    12     33.61      0.00      5.56
 1492811012.11     0     35.34      0.00      5.33    12     33.58      0.00      5.57
 1492811012.21     0     35.32      0.00      5.34    12     33.61      0.00      5.60
 1492811012.31     0     35.37      0.00      5.36    12     33.67      0.00      5.62
 1492811012.41     0     35.35      0.00      5.25    12     33.64      0.00      5.57
 1492811012.51     0     35.32      0.00      5.31    12     33.68      0.00      5.61
 1492811012.61     0     35.36      0.00      5.39    12     33.62      0.00      5.54
 1492811012.71     0     35.35      0.00      5.43    12     33.67      0.00      5.64
 1492811012.81     0     34.76      0.00      5.16    12     32.74      0.00      5.54
 1492811012.91     0     35.33      0.00      5.49    12     33.51      0.00      5.54
 1492811013.01     0     35.38      0.00      5.40    12     33.73      0.00      5.55
 1492811013.11     0     35.35      0.00      5.46    12     33.66      0.00      5.63
 1492811013.21     0     35.34      0.00      5.38    12     33.73      0.00      5.66
 1492811013.31     0     35.31      0.00      5.31    12     33.60      0.00      5.57
 1492811013.41     0     35.34      0.00      5.34    12     33.75      0.00      5.61
 1492811013.51     0     35.38      0.00      5.32    12     33.67      0.00      5.59
 1492811013.61     0     35.28      0.00      5.30    12     33.68      0.00      5.54
 1492811013.71     0     35.38      0.00      5.34    12     33.78      0.00      5.56
 1492811013.81     0     35.33      0.00      5.38    12     33.71      0.00      5.59
 1492811013.91     0     35.35      0.00      5.35    12     33.70      0.00      5.59
 1492811014.02     0     35.27      0.00      5.54    12     33.67      0.00      5.61
 1492811014.12     0     35.38      0.00      5.44    12     33.68      0.00      5.61
 1492811014.22     0     35.34      0.00      5.45    12     33.70      0.00      5.66
 1492811014.32     0     35.31      0.00      5.39    12     33.66      0.00      5.66
 1492811014.42     0     35.30      0.00      5.31    12     33.65      0.00      5.57
 1492811014.52     0     35.45      0.00      5.41    12     33.73      0.00      5.63
 1492811014.62     0     35.32      0.00      5.37    12     33.71      0.00      5.60
 1492811014.72     0     35.34      0.00      5.37    12     33.68      0.00      5.64
 1492811014.82     0     35.24      0.00      5.31    12     33.57      0.00      5.58
 1492811014.92     0     35.36      0.00      5.32    12     33.68      0.00      5.55
 1492811015.02     0     35.33      0.00      5.41    12     33.79      0.00      5.54
 1492811015.12     0     35.34      0.00      5.59    12     33.68      0.00      5.60
 1492811015.22     0     35.36      0.00      5.31    12     33.73      0.00      5.57
 1492811015.32     0     35.41      0.00      5.31    12     33.78      0.00      5.64
 1492811015.42     0     35.33      0.00      5.41    12     33.71      0.00      5.55
 1492811015.52     0     35.30      0.00      5.28    12     33.62      0.00      5.60
 1492811015.62     0     35.38      0.00      5.41    12     33.70      0.00      5.62
 1492811015.72     0     35.27      0.00      5.28    12     33.70      0.00      5.57
 1492811015.82     0     35.40      0.00      5.31    12     34.06      0.00      5.57
 1492811015.92     0     35.37      0.00      5.35    12     33.38      0.00      5.55
 1492811016.02     0     35.33      0.00      5.33    12     34.03      0.00      5.61
 1492811016.12     0     35.39      0.00      5.43    12     33.31      0.00      5.52
 1492811016.22     0     35.36      0.00      5.58    12     34.10      0.00      5.64
 1492811016.32     0     35.33      0.00      5.46    12     33.72      0.00      5.56
 1492811016.42     0     35.31      0.00      5.40    12     33.80      0.00      5.57
 1492811016.52     0     35.40      0.00      5.34    12     33.74      0.00      5.60
 1492811016.62     0     35.36      0.00      5.30    12     33.69      0.00      5.52
 1492811016.72     0     35.37      0.00      5.34    12     33.70      0.00      5.64
 1492811016.82     0     35.38      0.00      5.34    12     33.70      0.00      5.57
 1492811016.92     0     35.37      0.00      5.36    12     33.72      0.00      5.56
 1492811017.02     0     35.33      0.00      5.35    12     33.70      0.00      5.68
 1492811017.12     0     35.34      0.00      5.37    12     33.78      0.00      5.58
 1492811017.22     0     35.41      0.00      5.40    12     33.69      0.00      5.60
 1492811017.32     0     35.35      0.00      5.54    12     33.73      0.00      5.57
 1492811017.42     0     35.74      0.00      5.40    12     33.72      0.00      5.59
 1492811017.52     0     35.26      0.00      5.40    12     33.58      0.00      5.67
 1492811017.62     0     35.24      0.00      5.33    12     33.53      0.00      5.59
 1492811017.72     0     35.09      0.00      5.26    12     33.70      0.00      5.65
 1492811017.82     0     35.64      0.00      5.39    12     33.72      0.00      5.61
 1492811017.92     0     35.37      0.00      5.22    12     33.70      0.00      5.56
 1492811018.02     0     35.32      0.00      5.38    12     33.78      0.00      5.61
 1492811018.12     0     35.36      0.00      5.42    12     33.67      0.00      5.58
 1492811018.22     0     35.39      0.00      5.36    12     33.79      0.00      5.56
 1492811018.32     0     35.39      0.00      5.54    12     33.81      0.00      5.50
 1492811018.42     0     35.38      0.00      5.40    12     33.59      0.00      5.54
 1492811018.52     0     35.39      0.00      5.46    12     33.79      0.00      5.59
 1492811018.62     0     35.37      0.00      5.34    12     33.74      0.00      5.65
 1492811018.72     0     35.36      0.00      5.27    12     33.65      0.00      5.57
 1492811018.82     0     35.34      0.00      5.29    12     33.72      0.00      5.58
 1492811018.92     0     35.38      0.00      5.29    12     33.71      0.00      5.59
 1492811019.02     0     35.27      0.00      5.32    12     33.65      0.00      5.58
 1492811019.12     0     35.37      0.00      5.32    12     33.73      0.00      5.63
 1492811019.22     0     35.28      0.00      5.42    12     33.74      0.00      5.55
 1492811019.32     0     35.30      0.00      5.31    12     33.64      0.00      5.59
 1492811019.42     0     35.33      0.00      5.59    12     33.82      0.00      5.58
 1492811019.52     0     35.29      0.00      5.38    12     33.66      0.00      5.56
 1492811019.62     0     35.28      0.00      5.39    12     33.68      0.00      5.61
 1492811019.72     0     35.33      0.00      5.39    12     33.76      0.00      5.65
 1492811019.82     0     35.27      0.00      5.31    12     33.71      0.00      5.64
 1492811019.92     0     35.35      0.00      5.31    12     33.71      0.00      5.62
 1492811020.02     0     35.27      0.00      5.35    12     33.65      0.00      5.57
 1492811020.12     0     35.35      0.00      5.26    12     33.76      0.00      5.59
 1492811020.22     0     35.31      0.00      5.33    12     33.74      0.00      5.60
 1492811020.32     0     35.27      0.00      5.34    12     33.67      0.00      5.54
 1492811020.42     0     35.30      0.00      5.42    12     33.77      0.00      5.56
 1492811020.52     0     35.35      0.00      5.45    12     33.74      0.00      5.63
 1492811020.62     0     35.29      0.00      5.44    12     33.67      0.00      5.59
 1492811020.72     0     35.31      0.00      5.40    12     33.76      0.00      5.63
 1492811020.82     0     35.09      0.00      5.30    12     33.38      0.00      5.59
 1492811020.92     0     35.31      0.00      5.21    12     33.73      0.00      5.61
 1492811021.02     0     35.31      0.00      5.37    12     33.65      0.00      5.62
 1492811021.12     0     35.32      0.00      5.37    12     33.60      0.00      5.53
 1492811021.22     0     35.29      0.00      5.41    12     33.68      0.00      5.56
 1492811021.32     0     35.37      0.00      5.35    12     33.77      0.00      5.60
 1492811021.42     0     35.34      0.00      5.37    12     33.70      0.00      5.54
 1492811021.52     0     35.31      0.00      5.55    12     33.77      0.00      5.53
 1492811021.62     0     35.33      0.00      5.41    12     33.74      0.00      5.59
 1492811021.72     0     35.34      0.00      5.41    12     33.73      0.00      5.63
 1492811021.82     0     35.30      0.00      5.34    12     33.64      0.00      5.60
 1492811021.92     0     35.45      0.00      5.34    12     33.68      0.00      5.61
 1492811022.02     0     35.32      0.00      5.34    12     33.69      0.00      5.55
 1492811022.12     0     35.34      0.00      5.28    12     33.72      0.00      5.61
 1492811022.22     0     35.31      0.00      5.33    12     34.02      0.00      5.57
 1492811022.32     0     35.36      0.00      5.40    12     33.45      0.00      5.56
 1492811022.42     0     35.36      0.00      5.36    12     34.07      0.00      5.63
 1492811022.52     0     34.17      0.00      5.08    12     31.09      0.00      5.29
 1492811022.62     0     30.05      0.00      4.80    12     27.55      0.00      5.26
 1492811022.72     0     14.99      0.00      2.26    12     15.53      0.00      2.24
 1492811022.82     0     16.41      0.00      2.64    12     16.74      0.00      3.26
 1492811022.93     0     21.82      0.00      4.43    12     21.38      0.00      4.79
