         #Time  Core     P_PKG     P_PP0    P_DRAM  Core     P_PKG     P_PP0    P_DRAM
 1494889667.80     0     21.50      0.00      5.15    12     23.14      0.00      5.87
 1494889667.90     0     31.21      0.00      5.88    12     31.66      0.00      6.60
 1494889668.00     0     31.54      0.00      5.61    12     31.34      0.00      5.92
 1494889668.10     0     36.17      0.00      5.86    12     35.56      0.00      6.90
 1494889668.20     0     33.66      0.00      5.35    12     29.14      0.00      6.03
 1494889668.30     0     40.64      0.00      5.93    12     36.91      0.00      7.19
 1494889668.40     0     38.05      0.00      5.36    12     30.89      0.00      5.60
 1494889668.50     0     38.88      0.00      5.61    12     34.35      0.00      6.84
 1494889668.60     0     37.11      0.00      5.60    12     32.04      0.00      6.60
 1494889668.70     0     37.69      0.00      5.44    12     31.40      0.00      6.12
 1494889668.80     0     39.82      0.00      5.81    12     36.24      0.00      6.63
 1494889668.90     0     37.39      0.00      5.52    12     30.06      0.00      6.23
 1494889669.00     0     38.28      0.00      5.93    12     35.66      0.00      7.28
 1494889669.10     0     37.87      0.00      5.55    12     29.75      0.00      5.93
 1494889669.20     0     37.36      0.00      6.12    12     33.38      0.00      6.31
 1494889669.30     0     39.00      0.00      5.97    12     33.22      0.00      6.14
 1494889669.40     0     38.08      0.00      5.58    12     31.08      0.00      6.08
 1494889669.50     0     38.32      0.00      5.80    12     36.09      0.00      6.01
 1494889669.60     0     37.94      0.00      5.30    12     30.76      0.00      5.56
 1494889669.70     0     37.94      0.00      5.93    12     34.40      0.00      6.33
 1494889669.80     0     37.87      0.00      5.83    12     31.82      0.00      5.96
 1494889669.90     0     38.21      0.00      5.46    12     31.76      0.00      5.94
 1494889670.00     0     39.14      0.00      5.72    12     36.24      0.00      5.99
 1494889670.10     0     38.19      0.00      5.93    12     30.99      0.00      5.97
 1494889670.20     0     38.40      0.00      5.67    12     34.21      0.00      5.99
 1494889670.30     0     38.63      0.00      5.84    12     33.00      0.00      5.76
 1494889670.40     0     37.93      0.00      5.65    12     31.08      0.00      5.94
 1494889670.50     0     38.73      0.00      5.91    12     35.89      0.00      6.04
 1494889670.60     0     38.06      0.00      5.62    12     31.10      0.00      5.74
 1494889670.70     0     38.15      0.00      5.72    12     33.78      0.00      6.27
 1494889670.80     0     37.40      0.00      5.88    12     32.52      0.00      6.05
 1494889670.91     0     37.62      0.00      5.65    12     31.60      0.00      5.93
 1494889671.01     0     39.16      0.00      5.80    12     36.01      0.00      6.19
 1494889671.11     0     38.43      0.00      5.55    12     30.89      0.00      5.98
 1494889671.21     0     38.75      0.00      5.84    12     35.89      0.00      6.29
 1494889671.31     0     38.52      0.00      5.72    12     31.99      0.00      5.82
 1494889671.41     0     37.57      0.00      5.79    12     31.04      0.00      5.68
 1494889671.51     0     40.24      0.00      5.87    12     36.89      0.00      6.28
 1494889671.61     0     37.89      0.00      5.54    12     30.88      0.00      6.03
 1494889671.71     0     38.13      0.00      5.66    12     33.80      0.00      5.87
 1494889671.81     0     38.68      0.00      5.64    12     33.16      0.00      6.05
 1494889671.91     0     37.72      0.00      5.57    12     30.75      0.00      5.97
 1494889672.01     0     39.72      0.00      5.98    12     36.66      0.00      6.69
 1494889672.11     0     38.52      0.00      5.73    12     31.15      0.00      6.04
 1494889672.21     0     37.41      0.00      5.77    12     32.73      0.00      6.12
 1494889672.31     0     38.61      0.00      5.78    12     34.05      0.00      6.04
 1494889672.41     0     38.52      0.00      5.75    12     30.87      0.00      5.93
 1494889672.51     0     39.29      0.00      5.89    12     36.57      0.00      6.19
 1494889672.61     0     37.51      0.00      5.48    12     30.35      0.00      5.68
 1494889672.71     0     37.54      0.00      6.02    12     32.85      0.00      6.34
 1494889672.81     0     39.01      0.00      5.85    12     34.42      0.00      6.05
 1494889672.91     0     38.80      0.00      5.65    12     31.19      0.00      6.06
 1494889673.01     0     38.84      0.00      5.88    12     36.22      0.00      6.08
 1494889673.11     0     37.83      0.00      5.51    12     30.79      0.00      5.72
 1494889673.21     0     38.35      0.00      5.56    12     33.27      0.00      5.71
 1494889673.31     0     39.38      0.00      5.76    12     34.60      0.00      6.06
 1494889673.41     0     38.12      0.00      5.64    12     31.05      0.00      6.04
 1494889673.51     0     38.32      0.00      5.65    12     36.07      0.00      5.99
 1494889673.61     0     37.69      0.00      5.63    12     30.88      0.00      5.94
 1494889673.71     0     38.33      0.00      5.66    12     34.11      0.00      6.25
 1494889673.81     0     37.51      0.00      5.73    12     32.19      0.00      5.83
 1494889673.91     0     37.43      0.00      5.63    12     30.43      0.00      5.96
 1494889674.01     0     38.52      0.00      5.98    12     35.67      0.00      6.26
 1494889674.11     0     37.74      0.00      5.47    12     30.93      0.00      5.62
 1494889674.21     0     38.53      0.00      5.94    12     35.59      0.00      6.36
 1494889674.31     0     38.36      0.00      5.65    12     30.85      0.00      5.86
 1494889674.41     0     37.61      0.00      5.51    12     32.27      0.00      6.03
 1494889674.51     0     38.89      0.00      6.28    12     34.14      0.00      6.51
 1494889674.61     0     37.63      0.00      5.55    12     30.43      0.00      6.01
 1494889674.71     0     38.82      0.00      5.96    12     36.04      0.00      6.20
 1494889674.81     0     37.60      0.00      5.66    12     30.22      0.00      5.83
 1494889674.91     0     37.56      0.00      5.68    12     31.82      0.00      5.99
 1494889675.01     0     39.43      0.00      6.02    12     34.58      0.00      6.38
 1494889675.11     0     37.91      0.00      5.41    12     30.86      0.00      5.88
 1494889675.21     0     38.01      0.00      5.78    12     35.67      0.00      6.16
 1494889675.31     0     37.96      0.00      5.45    12     30.92      0.00      5.82
 1494889675.41     0     37.82      0.00      5.74    12     33.03      0.00      6.08
 1494889675.51     0     38.35      0.00      5.89    12     31.98      0.00      6.06
 1494889675.61     0     37.26      0.00      5.53    12     30.51      0.00      5.78
 1494889675.71     0     38.70      0.00      5.86    12     35.15      0.00      6.24
 1494889675.81     0     37.37      0.00      5.59    12     30.19      0.00      5.81
 1494889675.91     0     39.21      0.00      5.93    12     34.56      0.00      6.29
 1494889676.01     0     38.29      0.00      5.53    12     32.12      0.00      5.84
 1494889676.11     0     37.41      0.00      5.25    12     30.58      0.00      5.47
 1494889676.21     0     39.18      0.00      6.21    12     35.23      0.00      6.39
 1494889676.31     0     38.00      0.00      5.50    12     30.58      0.00      5.98
 1494889676.41     0     38.28      0.00      5.95    12     35.41      0.00      6.38
 1494889676.51     0     37.42      0.00      5.40    12     30.65      0.00      5.85
 1494889676.61     0     38.34      0.00      5.92    12     33.11      0.00      6.13
 1494889676.71     0     39.55      0.00      6.10    12     34.26      0.00      6.23
 1494889676.82     0     38.22      0.00      5.56    12     31.07      0.00      5.72
 1494889676.92     0     38.95      0.00      5.88    12     36.18      0.00      6.42
 1494889677.02     0     37.66      0.00      5.59    12     30.23      0.00      6.00
 1494889677.12     0     37.85      0.00      5.57    12     33.05      0.00      5.83
 1494889677.22     0     37.72      0.00      6.03    12     33.16      0.00      6.53
 1494889677.32     0     37.94      0.00      5.67    12     31.06      0.00      5.73
 1494889677.42     0     37.62      0.00      5.91    12     35.42      0.00      6.05
 1494889677.52     0     38.14      0.00      5.55    12     31.17      0.00      5.70
 1494889677.62     0     38.81      0.00      5.91    12     35.19      0.00      6.37
 1494889677.72     0     37.84      0.00      5.89    12     31.96      0.00      6.19
 1494889677.82     0     37.17      0.00      5.46    12     30.88      0.00      5.78
 1494889677.92     0     39.15      0.00      6.12    12     35.15      0.00      6.26
 1494889678.02     0     38.39      0.00      5.60    12     31.19      0.00      5.82
 1494889678.12     0     38.80      0.00      5.84    12     35.42      0.00      5.88
 1494889678.22     0     37.48      0.00      5.59    12     30.86      0.00      5.82
 1494889678.32     0     37.73      0.00      5.44    12     31.43      0.00      5.91
 1494889678.42     0     38.87      0.00      5.91    12     35.54      0.00      6.10
 1494889678.52     0     37.34      0.00      5.31    12     30.76      0.00      5.80
 1494889678.62     0     38.69      0.00      6.10    12     35.77      0.00      6.28
 1494889678.72     0     37.24      0.00      5.58    12     30.90      0.00      5.91
 1494889678.82     0     37.84      0.00      5.59    12     32.83      0.00      5.97
 1494889678.92     0     39.42      0.00      5.76    12     34.46      0.00      6.08
 1494889679.02     0     37.89      0.00      5.41    12     30.87      0.00      6.01
 1494889679.12     0     38.82      0.00      5.89    12     36.10      0.00      6.22
 1494889679.22     0     38.13      0.00      5.45    12     30.95      0.00      5.67
 1494889679.32     0     38.06      0.00      5.96    12     33.48      0.00      6.22
 1494889679.42     0     38.89      0.00      5.94    12     33.39      0.00      6.14
 1494889679.52     0     36.86      0.00      5.67    12     30.34      0.00      6.21
 1494889679.62     0     38.80      0.00      5.76    12     35.32      0.00      6.26
 1494889679.72     0     37.72      0.00      5.93    12     30.35      0.00      6.08
 1494889679.82     0     38.36      0.00      5.68    12     33.41      0.00      5.94
 1494889679.92     0     38.48      0.00      5.75    12     32.06      0.00      6.15
 1494889680.02     0     37.16      0.00      5.92    12     30.70      0.00      5.77
 1494889680.12     0     39.41      0.00      6.11    12     35.39      0.00      6.18
 1494889680.22     0     37.75      0.00      5.51    12     30.25      0.00      5.75
 1494889680.32     0     38.39      0.00      5.98    12     35.03      0.00      6.25
 1494889680.42     0     37.09      0.00      5.52    12     30.91      0.00      5.89
 1494889680.52     0     37.70      0.00      5.60    12     31.31      0.00      5.89
 1494889680.62     0     38.11      0.00      5.97    12     33.81      0.00      6.46
 1494889680.72     0     38.27      0.00      5.67    12     31.05      0.00      5.73
 1494889680.82     0     39.39      0.00      5.78    12     36.24      0.00      6.20
 1494889680.92     0     38.11      0.00      5.60    12     30.14      0.00      5.71
 1494889681.02     0     38.06      0.00      5.76    12     33.01      0.00      6.16
 1494889681.12     0     39.37      0.00      5.84    12     33.60      0.00      6.20
 1494889681.22     0     38.42      0.00      5.52    12     30.77      0.00      5.76
 1494889681.32     0     38.42      0.00      6.01    12     35.79      0.00      6.23
 1494889681.42     0     38.44      0.00      5.53    12     31.02      0.00      5.64
 1494889681.52     0     38.71      0.00      5.91    12     33.34      0.00      5.78
 1494889681.62     0     39.00      0.00      6.11    12     34.23      0.00      6.00
 1494889681.72     0     38.12      0.00      5.57    12     30.75      0.00      5.85
 1494889681.82     0     38.89      0.00      5.80    12     35.88      0.00      6.21
 1494889681.92     0     38.13      0.00      5.57    12     31.02      0.00      5.86
 1494889682.02     0     38.47      0.00      5.78    12     33.84      0.00      5.99
 1494889682.12     0     38.62      0.00      5.57    12     32.64      0.00      5.76
 1494889682.22     0     37.56      0.00      5.57    12     30.97      0.00      5.96
 1494889682.32     0     37.84      0.00      5.88    12     35.14      0.00      6.14
 1494889682.42     0     37.42      0.00      5.62    12     30.51      0.00      5.84
 1494889682.52     0     39.25      0.00      5.76    12     35.61      0.00      6.45
 1494889682.63     0     38.55      0.00      5.61    12     31.48      0.00      5.97
 1494889682.73     0     38.13      0.00      5.64    12     31.84      0.00      5.72
 1494889682.83     0     39.72      0.00      5.74    12     35.43      0.00      6.02
 1494889682.93     0     38.47      0.00      5.54    12     31.43      0.00      5.98
 1494889683.03     0     38.72      0.00      6.23    12     35.14      0.00      6.31
 1494889683.13     0     38.26      0.00      5.67    12     31.40      0.00      5.87
 1494889683.23     0     37.92      0.00      5.34    12     31.37      0.00      5.61
 1494889683.33     0     39.76      0.00      6.14    12     35.88      0.00      6.25
 1494889683.43     0     38.54      0.00      5.47    12     30.79      0.00      5.82
 1494889683.53     0     39.27      0.00      6.06    12     35.82      0.00      6.20
 1494889683.63     0     38.11      0.00      5.51    12     30.59      0.00      5.89
 1494889683.73     0     37.52      0.00      5.63    12     31.96      0.00      5.77
 1494889683.83     0     38.75      0.00      6.05    12     33.97      0.00      6.36
 1494889683.93     0     37.76      0.00      5.58    12     30.47      0.00      6.11
 1494889684.03     0     38.51      0.00      6.10    12     35.20      0.00      6.54
 1494889684.13     0     38.01      0.00      5.42    12     29.76      0.00      5.74
 1494889684.23     0     37.86      0.00      5.74    12     33.32      0.00      6.35
 1494889684.33     0     38.34      0.00      5.65    12     32.92      0.00      6.10
 1494889684.43     0     38.51      0.00      5.42    12     31.44      0.00      5.87
 1494889684.53     0     38.99      0.00      5.79    12     35.81      0.00      6.29
 1494889684.63     0     38.03      0.00      5.61    12     30.70      0.00      5.99
 1494889684.73     0     38.24      0.00      5.73    12     34.02      0.00      6.30
 1494889684.83     0     38.21      0.00      5.66    12     32.56      0.00      5.98
 1494889684.93     0     37.83      0.00      5.56    12     31.00      0.00      6.10
 1494889685.03     0     39.79      0.00      6.12    12     36.38      0.00      6.57
 1494889685.13     0     37.81      0.00      5.49    12     30.70      0.00      6.01
 1494889685.23     0     38.37      0.00      5.79    12     34.41      0.00      6.57
 1494889685.33     0     38.49      0.00      5.54    12     32.12      0.00      5.78
 1494889685.43     0     37.57      0.00      5.42    12     31.03      0.00      5.84
 1494889685.53     0     38.54      0.00      5.88    12     35.51      0.00      6.34
 1494889685.63     0     37.38      0.00      5.55    12     30.25      0.00      6.13
 1494889685.73     0     38.39      0.00      5.81    12     35.32      0.00      6.52
 1494889685.83     0     37.82      0.00      5.45    12     31.14      0.00      5.83
 1494889685.93     0     37.35      0.00      5.57    12     31.25      0.00      6.07
 1494889686.03     0     39.72      0.00      5.82    12     35.12      0.00      6.16
 1494889686.13     0     38.05      0.00      5.37    12     30.83      0.00      5.60
 1494889686.23     0     39.15      0.00      5.62    12     35.85      0.00      6.20
 1494889686.33     0     38.17      0.00      5.62    12     31.63      0.00      5.87
 1494889686.43     0     37.61      0.00      5.48    12     31.40      0.00      5.81
 1494889686.53     0     38.90      0.00      6.04    12     34.38      0.00      6.36
 1494889686.63     0     38.59      0.00      5.59    12     31.28      0.00      6.09
 1494889686.73     0     38.69      0.00      5.59    12     36.12      0.00      6.11
 1494889686.83     0     38.28      0.00      5.52    12     30.76      0.00      5.89
 1494889686.93     0     37.63      0.00      5.57    12     31.73      0.00      6.21
 1494889687.03     0     39.26      0.00      5.75    12     34.58      0.00      6.23
 1494889687.13     0     38.39      0.00      5.43    12     30.92      0.00      5.77
 1494889687.23     0     39.00      0.00      5.73    12     36.04      0.00      6.16
 1494889687.33     0     36.25      0.00      5.71    12     29.88      0.00      5.90
 1494889687.43     0     38.32      0.00      5.54    12     33.19      0.00      6.10
 1494889687.53     0     38.49      0.00      5.90    12     32.52      0.00      6.15
 1494889687.63     0     38.28      0.00      5.58    12     30.68      0.00      5.89
 1494889687.73     0     39.50      0.00      5.82    12     35.60      0.00      6.29
 1494889687.83     0     37.23      0.00      5.68    12     30.39      0.00      6.07
 1494889687.93     0     38.76      0.00      5.83    12     33.76      0.00      6.20
 1494889688.03     0     39.21      0.00      5.69    12     32.39      0.00      6.06
 1494889688.13     0     37.70      0.00      5.50    12     30.19      0.00      5.88
 1494889688.23     0     39.38      0.00      5.93    12     35.19      0.00      6.44
 1494889688.33     0     38.36      0.00      5.49    12     30.46      0.00      5.97
 1494889688.43     0     38.86      0.00      5.85    12     34.98      0.00      6.26
 1494889688.53     0     38.23      0.00      5.64    12     31.44      0.00      6.13
 1494889688.63     0     38.53      0.00      5.44    12     31.93      0.00      6.01
 1494889688.74     0     39.93      0.00      5.69    12     35.31      0.00      6.20
 1494889688.84     0     38.91      0.00      5.53    12     30.73      0.00      6.29
 1494889688.94     0     39.11      0.00      5.83    12     35.99      0.00      6.65
 1494889689.04     0     38.88      0.00      5.51    12     30.70      0.00      5.83
 1494889689.14     0     38.02      0.00      5.67    12     32.50      0.00      6.01
 1494889689.24     0     39.82      0.00      5.95    12     34.39      0.00      6.32
 1494889689.34     0     38.80      0.00      5.82    12     30.72      0.00      6.03
 1494889689.44     0     38.92      0.00      5.83    12     36.06      0.00      6.41
 1494889689.54     0     38.89      0.00      5.60    12     30.60      0.00      6.17
 1494889689.64     0     37.90      0.00      5.59    12     32.47      0.00      6.00
 1494889689.74     0     39.66      0.00      5.95    12     33.56      0.00      6.47
 1494889689.84     0     37.86      0.00      5.43    12     30.45      0.00      5.91
 1494889689.94     0     38.23      0.00      5.90    12     35.09      0.00      6.33
 1494889690.04     0     38.65      0.00      5.45    12     30.81      0.00      5.77
 1494889690.14     0     38.95      0.00      5.85    12     34.49      0.00      6.27
 1494889690.24     0     39.62      0.00      5.69    12     32.75      0.00      6.02
 1494889690.34     0     37.85      0.00      5.79    12     30.60      0.00      5.90
 1494889690.44     0     39.81      0.00      5.71    12     35.97      0.00      6.33
 1494889690.54     0     38.59      0.00      5.54    12     30.76      0.00      5.77
 1494889690.64     0     39.06      0.00      5.89    12     34.92      0.00      6.34
 1494889690.74     0     39.00      0.00      5.59    12     31.74      0.00      5.99
 1494889690.84     0     38.55      0.00      5.44    12     31.06      0.00      6.32
 1494889690.94     0     39.95      0.00      5.77    12     35.91      0.00      6.38
 1494889691.04     0     38.69      0.00      5.61    12     31.15      0.00      6.18
 1494889691.14     0     38.65      0.00      5.88    12     35.36      0.00      6.62
 1494889691.24     0     39.08      0.00      5.68    12     31.53      0.00      5.98
 1494889691.34     0     38.80      0.00      5.80    12     32.14      0.00      6.10
 1494889691.44     0     40.10      0.00      5.91    12     34.98      0.00      6.14
 1494889691.54     0     38.70      0.00      5.42    12     30.99      0.00      6.09
 1494889691.64     0     39.78      0.00      5.89    12     35.97      0.00      6.54
 1494889691.74     0     39.39      0.00      5.66    12     30.19      0.00      5.77
 1494889691.84     0     38.41      0.00      5.38    12     32.42      0.00      6.25
 1494889691.94     0     39.72      0.00      5.89    12     34.04      0.00      6.32
 1494889692.04     0     38.57      0.00      5.45    12     30.67      0.00      5.98
 1494889692.14     0     39.12      0.00      5.85    12     35.50      0.00      6.15
 1494889692.24     0     37.42      0.00      5.43    12     30.19      0.00      5.90
 1494889692.34     0     39.12      0.00      5.97    12     34.46      0.00      6.23
 1494889692.44     0     38.74      0.00      5.64    12     32.90      0.00      5.88
 1494889692.54     0     37.70      0.00      5.33    12     30.59      0.00      6.26
 1494889692.64     0     40.13      0.00      6.12    12     35.77      0.00      6.22
 1494889692.74     0     38.83      0.00      5.39    12     30.79      0.00      6.05
 1494889692.84     0     38.87      0.00      5.66    12     35.64      0.00      6.75
 1494889692.94     0     38.61      0.00      5.65    12     30.49      0.00      6.11
 1494889693.04     0     38.33      0.00      5.63    12     32.56      0.00      6.15
 1494889693.14     0     39.98      0.00      6.00    12     33.63      0.00      6.36
 1494889693.24     0     38.13      0.00      5.40    12     30.17      0.00      5.87
 1494889693.34     0     39.25      0.00      6.12    12     35.93      0.00      6.12
 1494889693.44     0     38.96      0.00      5.64    12     30.63      0.00      5.71
 1494889693.54     0     38.33      0.00      5.50    12     32.71      0.00      6.32
 1494889693.64     0     39.50      0.00      6.03    12     33.91      0.00      6.25
 1494889693.74     0     38.31      0.00      5.58    12     30.35      0.00      5.73
 1494889693.84     0     39.03      0.00      6.26    12     35.77      0.00      6.43
 1494889693.94     0     38.87      0.00      5.52    12     30.51      0.00      5.97
 1494889694.04     0     38.58      0.00      5.65    12     33.07      0.00      6.11
 1494889694.14     0     39.88      0.00      6.01    12     33.62      0.00      6.20
 1494889694.24     0     39.12      0.00      5.58    12     30.63      0.00      5.93
 1494889694.34     0     39.19      0.00      5.67    12     35.80      0.00      6.56
 1494889694.44     0     39.28      0.00      5.50    12     29.96      0.00      5.78
 1494889694.54     0     38.38      0.00      5.54    12     33.76      0.00      6.23
 1494889694.64     0     39.95      0.00      5.55    12     33.07      0.00      6.27
 1494889694.75     0     38.85      0.00      5.37    12     30.95      0.00      6.21
 1494889694.85     0     39.32      0.00      5.81    12     36.15      0.00      6.57
 1494889694.95     0     39.27      0.00      5.78    12     30.76      0.00      5.73
 1494889695.05     0     38.83      0.00      5.47    12     34.20      0.00      6.29
 1494889695.15     0     39.89      0.00      5.92    12     33.16      0.00      5.97
 1494889695.25     0     38.89      0.00      5.72    12     30.98      0.00      5.90
 1494889695.35     0     39.37      0.00      5.78    12     36.11      0.00      6.13
 1494889695.45     0     39.29      0.00      5.34    12     31.05      0.00      5.92
 1494889695.55     0     38.65      0.00      5.82    12     34.05      0.00      6.34
 1494889695.65     0     38.98      0.00      5.68    12     31.65      0.00      5.89
 1494889695.75     0     38.12      0.00      5.71    12     30.33      0.00      6.10
 1494889695.85     0     39.74      0.00      5.83    12     35.42      0.00      6.59
 1494889695.95     0     38.30      0.00      5.53    12     29.72      0.00      5.73
 1494889696.05     0     39.25      0.00      5.95    12     34.19      0.00      6.54
 1494889696.15     0     38.71      0.00      5.73    12     31.04      0.00      5.77
 1494889696.25     0     38.05      0.00      5.71    12     30.83      0.00      5.77
 1494889696.35     0     39.92      0.00      5.78    12     35.57      0.00      6.41
 1494889696.45     0     39.15      0.00      5.43    12     30.59      0.00      6.00
 1494889696.55     0     39.21      0.00      5.79    12     35.20      0.00      6.27
 1494889696.65     0     39.67      0.00      5.79    12     31.76      0.00      5.96
 1494889696.75     0     38.04      0.00      5.41    12     31.42      0.00      5.98
 1494889696.85     0     39.54      0.00      6.13    12     34.71      0.00      6.22
 1494889696.95     0     39.13      0.00      5.56    12     31.01      0.00      5.97
 1494889697.05     0     39.29      0.00      5.75    12     36.14      0.00      6.59
 1494889697.15     0     39.28      0.00      5.53    12     30.91      0.00      5.83
 1494889697.25     0     38.16      0.00      5.56    12     32.75      0.00      5.99
 1494889697.35     0     39.71      0.00      5.85    12     33.84      0.00      6.11
 1494889697.45     0     38.76      0.00      5.48    12     30.66      0.00      6.08
 1494889697.55     0     39.12      0.00      5.85    12     36.12      0.00      6.30
 1494889697.65     0     38.86      0.00      5.47    12     30.19      0.00      6.06
 1494889697.75     0     38.82      0.00      5.47    12     32.85      0.00      6.39
 1494889697.85     0     39.57      0.00      5.61    12     33.74      0.00      6.24
 1494889697.95     0     38.61      0.00      5.65    12     30.16      0.00      6.11
 1494889698.05     0     39.11      0.00      6.00    12     35.63      0.00      6.22
 1494889698.15     0     39.15      0.00      5.93    12     30.96      0.00      5.85
 1494889698.25     0     38.65      0.00      5.73    12     33.64      0.00      6.05
 1494889698.35     0     38.91      0.00      5.74    12     33.00      0.00      6.13
 1494889698.45     0     38.72      0.00      5.48    12     31.08      0.00      6.10
 1494889698.55     0     39.68      0.00      5.87    12     36.11      0.00      6.57
 1494889698.65     0     39.28      0.00      5.46    12     31.08      0.00      5.98
 1494889698.75     0     38.68      0.00      5.67    12     33.91      0.00      6.29
 1494889698.85     0     38.61      0.00      5.73    12     32.31      0.00      6.05
 1494889698.95     0     38.29      0.00      5.59    12     30.81      0.00      5.99
 1494889699.05     0     39.36      0.00      5.93    12     35.70      0.00      6.35
 1494889699.15     0     39.69      0.00      5.61    12     31.21      0.00      6.12
 1494889699.25     0     38.98      0.00      5.68    12     34.69      0.00      6.13
 1494889699.35     0     39.46      0.00      5.64    12     31.95      0.00      5.99
 1494889699.45     0     38.50      0.00      5.70    12     30.65      0.00      5.98
 1494889699.55     0     40.21      0.00      5.89    12     35.62      0.00      6.08
 1494889699.65     0     38.07      0.00      5.64    12     29.08      0.00      5.98
 1494889699.75     0     39.05      0.00      5.82    12     34.97      0.00      6.51
 1494889699.85     0     38.67      0.00      5.66    12     31.04      0.00      6.03
 1494889699.95     0     37.81      0.00      5.84    12     31.69      0.00      5.87
 1494889700.05     0     39.74      0.00      6.11    12     33.90      0.00      6.33
 1494889700.15     0     38.89      0.00      5.64    12     30.40      0.00      5.87
 1494889700.25     0     39.45      0.00      5.91    12     35.70      0.00      6.33
 1494889700.35     0     38.43      0.00      5.70    12     30.73      0.00      5.78
 1494889700.45     0     38.23      0.00      5.55    12     32.13      0.00      6.03
 1494889700.55     0     39.84      0.00      5.98    12     34.07      0.00      6.08
 1494889700.65     0     38.88      0.00      5.45    12     30.78      0.00      6.02
 1494889700.76     0     39.37      0.00      6.09    12     36.11      0.00      6.24
 1494889700.86     0     39.55      0.00      5.87    12     30.63      0.00      5.73
 1494889700.96     0     38.65      0.00      5.79    12     32.81      0.00      5.94
 1494889701.06     0     39.98      0.00      5.85    12     33.75      0.00      5.91
 1494889701.16     0     38.90      0.00      5.64    12     30.80      0.00      5.84
 1494889701.26     0     38.78      0.00      5.99    12     35.78      0.00      6.44
 1494889701.36     0     39.39      0.00      5.62    12     30.90      0.00      5.68
 1494889701.46     0     38.84      0.00      5.74    12     34.01      0.00      6.33
 1494889701.56     0     39.46      0.00      5.68    12     33.01      0.00      5.82
 1494889701.66     0     38.80      0.00      5.57    12     30.20      0.00      5.70
 1494889701.76     0     39.57      0.00      5.99    12     35.69      0.00      6.45
 1494889701.86     0     39.20      0.00      5.80    12     30.55      0.00      5.94
 1494889701.96     0     38.92      0.00      6.01    12     35.62      0.00      6.36
 1494889702.06     0     23.29      0.00      3.95    12     22.51      0.00      4.78
 1494889702.16     0     13.49      0.00      1.92    12     15.01      0.00      2.34
 1494889702.26     0     13.69      0.00      2.05    12     15.31      0.00      2.55
 1494889702.36     0     13.55      0.00      1.79    12     14.99      0.00      2.53
 1494889702.46     0     16.00      0.00      2.69    12     17.36      0.00      3.28
