----------------
-------start-----
----CPU-A:70----MEM-A:20----
-------2018-10-12 00:06:44.298384-----




----------------
----New job: CloverLeaf.sh----A----
--------2018-10-12 00:06:50.193698--------
----------------


----------------
----New job: TeaLeaf.sh----A----
--------2018-10-12 00:17:35.888475--------
----------------


----------------
----New job: CloverLeaf3D.sh----A----
--------2018-10-12 00:27:43.134399--------
----------------


----------------
----New job: TeaLeaf3D.sh----A----
--------2018-10-12 00:38:31.364919--------
----------------


----------------
----New job: stream.sh----A----
--------2018-10-12 00:52:23.984415--------
----------------


----------------
----New job: NULL.sh----A----
--------2018-10-12 00:58:56.143525--------
----------------


----------------
----New job: bt.D.sh----A----
--------2018-10-12 00:58:58.171197--------
----------------


----------------
----New job: CoMD.sh----A----
--------2018-10-12 01:01:34.518873--------
----------------


----------------
----New job: lulesh.sh----A----
--------2018-10-12 01:04:50.166400--------
----------------


----------------
----New job: ep.D.sh----A----
--------2018-10-12 01:06:31.998227--------
----------------


----------------
----New job: AMG.sh----A----
--------2018-10-12 01:08:02.436755--------
----------------


----------------
----New job: sp.D.sh----A----
--------2018-10-12 01:11:32.658350--------
----------------


----------------
----New job: miniAero.sh----A----
--------2018-10-12 01:13:18.690642--------
----------------


----------------
----New job: miniMD.sh----A----
--------2018-10-12 01:17:23.670642--------
----------------


----------------
----New job: miniFE.sh----A----
--------2018-10-12 01:18:28.978241--------
----------------


----------------
----New job: NULL.sh----A----
--------2018-10-12 01:21:01.614308--------
----------------


----------------
-------end-----
-------2018-10-12 01:21:03.643984-----




