----------------
-------start-----
-------2018-10-09 09:07:19.746644-----




----------------
----New job: CloverLeaf.sh----A----
----CPU-A:83----MEM-A:6----
--------2018-10-09 09:07:25.596732--------
----------------


----------------
----New job: TeaLeaf.sh----A----
----CPU-A:83----MEM-A:7----
--------2018-10-09 09:58:57.558075--------
----------------


----------------
----New job: CloverLeaf3D.sh----A----
----CPU-A:83----MEM-A:6----
--------2018-10-09 10:53:01.836428--------
----------------


----------------
----New job: TeaLeaf3D.sh----A----
----CPU-A:82----MEM-A:7----
--------2018-10-09 11:33:53.030458--------
----------------


----------------
----New job: stream.sh----A----
----CPU-A:82----MEM-A:8----
--------2018-10-09 12:40:51.645056--------
----------------


----------------
----New job: NULL.sh----A----
----CPU-A:37----MEM-A:53----
--------2018-10-09 12:56:48.878603--------
----------------


----------------
-------end-----
-------2018-10-09 12:56:48.916249-----




