----------------
-------start-----
-------2018-10-08 17:17:43.358887-----




----------------
----New job: CloverLeaf.sh----A----
----Current status----
----App-A:CloverLeaf.sh-----
----CPU-A:104----MEM-A:34----
----App-B:AMG.sh-----
----CPU-B:47----MEM-B:15----
--------2018-10-08 17:17:53.012892--------
----------------


----------------
----New job: bt.D.sh----B----
----Current status----
----App-A:CloverLeaf.sh-----
----CPU-A:96----MEM-A:23----
----App-B:bt.D.sh-----
----CPU-B:64----MEM-B:16----
--------2018-10-08 17:17:55.058041--------
----------------


----------------
----New job: CoMD.sh----B----
----Current status----
----App-A:CloverLeaf.sh-----
----CPU-A:97----MEM-A:25----
----App-B:CoMD.sh-----
----CPU-B:67----MEM-B:10----
--------2018-10-08 17:20:52.991771--------
----------------


----------------
----New job: lulesh.sh----B----
----Current status----
----App-A:CloverLeaf.sh-----
----CPU-A:99----MEM-A:26----
----App-B:lulesh.sh-----
----CPU-B:63----MEM-B:11----
--------2018-10-08 17:24:04.973959--------
----------------


----------------
----New job: TeaLeaf.sh----A----
----Current status----
----App-A:TeaLeaf.sh-----
----CPU-A:99----MEM-A:27----
----App-B:lulesh.sh-----
----CPU-B:63----MEM-B:11----
--------2018-10-08 17:25:11.844164--------
----------------


----------------
----New job: ep.D.sh----B----
----Current status----
----App-A:TeaLeaf.sh-----
----CPU-A:95----MEM-A:22----
----App-B:ep.D.sh-----
----CPU-B:75----MEM-B:7----
--------2018-10-08 17:25:57.074745--------
----------------


----------------
----New job: AMG.sh----B----
----Current status----
----App-A:TeaLeaf.sh-----
----CPU-A:104----MEM-A:34----
----App-B:AMG.sh-----
----CPU-B:47----MEM-B:15----
--------2018-10-08 17:27:33.501585--------
----------------


----------------
----New job: sp.D.sh----B----
----Current status----
----App-A:TeaLeaf.sh-----
----CPU-A:87----MEM-A:21----
----App-B:sp.D.sh-----
----CPU-B:73----MEM-B:20----
--------2018-10-08 17:31:28.204466--------
----------------


----------------
----New job: CloverLeaf3D.sh----A----
----Current status----
----App-A:CloverLeaf3D.sh-----
----CPU-A:86----MEM-A:21----
----App-B:sp.D.sh-----
----CPU-B:72----MEM-B:20----
--------2018-10-08 17:31:49.619215--------
----------------


----------------
----New job: miniAero.sh----B----
----Current status----
----App-A:CloverLeaf3D.sh-----
----CPU-A:96----MEM-A:23----
----App-B:miniAero.sh-----
----CPU-B:66----MEM-B:13----
--------2018-10-08 17:33:17.251501--------
----------------


----------------
----New job: miniMD.sh----B----
----Current status----
----App-A:CloverLeaf3D.sh-----
----CPU-A:95----MEM-A:22----
----App-B:miniMD.sh-----
----CPU-B:71----MEM-B:11----
--------2018-10-08 17:37:30.965909--------
----------------


----------------
----New job: miniFE.sh----B----
----Current status----
----App-A:CloverLeaf3D.sh-----
----CPU-A:93----MEM-A:21----
----App-B:miniFE.sh-----
----CPU-B:71----MEM-B:13----
--------2018-10-08 17:38:44.192290--------
----------------


----------------
----New job: TeaLeaf3D.sh----A----
----Current status----
----App-A:TeaLeaf3D.sh-----
----CPU-A:93----MEM-A:21----
----App-B:miniFE.sh-----
----CPU-B:71----MEM-B:13----
--------2018-10-08 17:40:42.178132--------
----------------


----------------
----New job: NULL.sh----B----
----Current status----
----App-A:TeaLeaf3D.sh-----
----CPU-A:120----MEM-A:59----
----App-B:NULL.sh-----
----CPU-B:13----MEM-B:8----
--------2018-10-08 17:41:15.348496--------
----------------


----------------
----New job: stream.sh----A----
----Current status----
----App-A:stream.sh-----
----CPU-A:120----MEM-A:59----
----App-B:NULL.sh-----
----CPU-B:13----MEM-B:8----
--------2018-10-08 17:51:26.570281--------
----------------


----------------
----New job: NULL.sh----A----
----Current status----
----App-A:NULL.sh-----
----CPU-A:41----MEM-A:59----
----App-B:NULL.sh-----
----CPU-B:41----MEM-B:59----
--------2018-10-08 17:55:52.475189--------
----------------


----------------
-------end-----
-------2018-10-08 17:55:52.514232-----




