         #Time  Core     P_PKG     P_PP0    P_DRAM  Core     P_PKG     P_PP0    P_DRAM
 1492816466.30     0     19.88      0.00      3.81    12     20.55      0.00      3.99
 1492816466.40     0     23.70      0.00      4.83    12     22.06      0.00      4.50
 1492816466.50     0     26.74      0.00      6.06    12     23.50      0.00      4.46
 1492816466.60     0     31.54      0.00      5.29    12     26.59      0.00      4.25
 1492816466.71     0     32.27      0.00      4.56    12     27.06      0.00      4.03
 1492816466.81     0     31.73      0.00      4.83    12     27.04      0.00      4.11
 1492816466.91     0     31.92      0.00      5.61    12     27.05      0.00      3.95
 1492816467.01     0     32.30      0.00      6.47    12     27.09      0.00      4.12
 1492816467.11     0     32.24      0.00      6.19    12     27.06      0.00      3.98
 1492816467.21     0     32.21      0.00      6.28    12     27.05      0.00      4.08
 1492816467.31     0     32.28      0.00      6.45    12     27.05      0.00      4.11
 1492816467.41     0     32.29      0.00      6.41    12     26.98      0.00      4.09
 1492816467.51     0     31.67      0.00      5.20    12     27.03      0.00      3.98
 1492816467.61     0     31.32      0.00      4.50    12     27.24      0.00      4.02
 1492816467.71     0     31.35      0.00      4.39    12     27.02      0.00      4.11
 1492816467.81     0     31.59      0.00      4.45    12     26.99      0.00      4.13
 1492816467.91     0     31.27      0.00      4.36    12     27.01      0.00      3.97
 1492816468.01     0     31.46      0.00      4.41    12     27.01      0.00      4.01
 1492816468.11     0     31.39      0.00      4.42    12     27.00      0.00      3.96
 1492816468.21     0     31.32      0.00      4.32    12     26.99      0.00      4.06
 1492816468.31     0     31.35      0.00      4.43    12     27.03      0.00      3.94
 1492816468.41     0     31.26      0.00      4.43    12     27.07      0.00      4.14
 1492816468.51     0     31.27      0.00      4.42    12     26.96      0.00      4.09
 1492816468.61     0     31.35      0.00      4.39    12     26.96      0.00      4.15
 1492816468.71     0     31.33      0.00      4.43    12     27.00      0.00      4.14
 1492816468.81     0     31.43      0.00      4.41    12     27.04      0.00      3.94
 1492816468.91     0     32.00      0.00      4.45    12     27.00      0.00      4.12
 1492816469.01     0     32.24      0.00      4.33    12     27.23      0.00      4.20
 1492816469.11     0     32.28      0.00      4.38    12     26.97      0.00      4.11
 1492816469.21     0     32.27      0.00      4.44    12     26.99      0.00      4.10
 1492816469.31     0     32.27      0.00      4.24    12     26.95      0.00      4.02
 1492816469.41     0     32.64      0.00      4.47    12     26.98      0.00      4.06
 1492816469.51     0     31.45      0.00      4.41    12     26.92      0.00      4.01
 1492816469.61     0     31.43      0.00      4.42    12     26.92      0.00      4.14
 1492816469.71     0     31.34      0.00      4.40    12     26.97      0.00      4.13
 1492816469.81     0     31.38      0.00      4.43    12     26.95      0.00      4.14
 1492816469.91     0     31.44      0.00      4.41    12     26.94      0.00      4.01
 1492816470.01     0     31.41      0.00      4.40    12     27.01      0.00      4.24
 1492816470.11     0     31.48      0.00      4.43    12     26.92      0.00      4.15
 1492816470.21     0     31.53      0.00      4.43    12     26.94      0.00      4.04
 1492816470.31     0     31.47      0.00      4.41    12     27.21      0.00      4.11
 1492816470.41     0     31.32      0.00      4.37    12     26.96      0.00      4.11
 1492816470.51     0     31.46      0.00      4.35    12     26.98      0.00      3.97
 1492816470.61     0     31.45      0.00      4.42    12     26.98      0.00      4.11
 1492816470.71     0     31.71      0.00      4.45    12     27.00      0.00      4.01
 1492816470.81     0     31.34      0.00      4.43    12     26.92      0.00      4.11
 1492816470.91     0     31.36      0.00      4.43    12     26.95      0.00      4.02
 1492816471.01     0     31.44      0.00      4.37    12     26.92      0.00      4.15
 1492816471.11     0     31.44      0.00      4.38    12     26.94      0.00      4.11
 1492816471.21     0     31.35      0.00      4.42    12     26.93      0.00      4.11
 1492816471.31     0     31.44      0.00      4.43    12     26.95      0.00      4.02
 1492816471.41     0     31.40      0.00      4.37    12     26.96      0.00      4.06
 1492816471.51     0     31.44      0.00      4.36    12     26.92      0.00      4.13
 1492816471.61     0     31.28      0.00      4.42    12     26.92      0.00      4.10
 1492816471.71     0     31.40      0.00      4.38    12     26.92      0.00      4.14
 1492816471.81     0     31.41      0.00      4.37    12     26.93      0.00      4.01
 1492816471.91     0     31.45      0.00      4.44    12     27.21      0.00      4.16
 1492816472.01     0     31.42      0.00      4.40    12     26.92      0.00      4.10
 1492816472.11     0     31.43      0.00      4.41    12     26.93      0.00      4.10
 1492816472.21     0     31.70      0.00      4.36    12     26.95      0.00      4.10
 1492816472.31     0     31.38      0.00      4.41    12     26.97      0.00      4.04
 1492816472.41     0     31.45      0.00      4.41    12     26.91      0.00      4.14
 1492816472.51     0     31.34      0.00      4.43    12     26.92      0.00      4.06
 1492816472.61     0     31.43      0.00      4.41    12     26.93      0.00      4.10
 1492816472.71     0     31.41      0.00      4.32    12     26.95      0.00      4.06
 1492816472.81     0     31.35      0.00      4.33    12     26.92      0.00      4.04
 1492816472.92     0     31.38      0.00      4.38    12     26.95      0.00      4.02
 1492816473.02     0     31.38      0.00      4.44    12     26.96      0.00      4.03
 1492816473.12     0     31.36      0.00      4.41    12     26.93      0.00      4.11
 1492816473.22     0     31.32      0.00      4.43    12     27.18      0.00      4.14
 1492816473.32     0     31.38      0.00      4.41    12     26.92      0.00      4.02
 1492816473.42     0     31.40      0.00      4.42    12     26.93      0.00      4.13
 1492816473.52     0     31.31      0.00      4.41    12     26.94      0.00      4.04
 1492816473.62     0     31.73      0.00      4.41    12     26.91      0.00      4.13
 1492816473.72     0     31.37      0.00      4.48    12     26.91      0.00      4.14
 1492816473.82     0     31.38      0.00      4.43    12     26.91      0.00      4.13
 1492816473.92     0     31.42      0.00      4.42    12     26.93      0.00      4.03
 1492816474.02     0     31.37      0.00      4.36    12     26.94      0.00      4.02
 1492816474.12     0     31.37      0.00      4.45    12     26.98      0.00      4.14
 1492816474.22     0     31.38      0.00      4.39    12     26.93      0.00      4.07
 1492816474.32     0     31.39      0.00      4.37    12     27.21      0.00      4.12
 1492816474.42     0     31.39      0.00      4.36    12     26.95      0.00      4.03
 1492816474.52     0     31.44      0.00      4.41    12     26.93      0.00      4.06
 1492816474.62     0     31.38      0.00      4.41    12     26.95      0.00      4.04
 1492816474.72     0     31.33      0.00      4.37    12     26.94      0.00      4.11
 1492816474.82     0     31.37      0.00      4.41    12     26.90      0.00      3.91
 1492816474.92     0     31.40      0.00      4.41    12     26.93      0.00      4.15
 1492816475.02     0     31.70      0.00      4.46    12     26.90      0.00      4.07
 1492816475.12     0     31.41      0.00      4.33    12     26.89      0.00      4.09
 1492816475.22     0     31.39      0.00      4.42    12     26.91      0.00      4.15
 1492816475.32     0     31.37      0.00      4.36    12     26.96      0.00      4.03
 1492816475.42     0     31.33      0.00      4.42    12     26.92      0.00      4.14
 1492816475.52     0     31.37      0.00      4.41    12     26.93      0.00      4.05
 1492816475.62     0     31.32      0.00      4.44    12     26.91      0.00      4.12
 1492816475.72     0     31.29      0.00      4.42    12     27.16      0.00      4.15
 1492816475.82     0     31.35      0.00      4.28    12     26.94      0.00      4.10
 1492816475.92     0     31.37      0.00      4.41    12     26.94      0.00      4.09
 1492816476.02     0     31.31      0.00      4.41    12     26.94      0.00      4.06
 1492816476.12     0     31.36      0.00      4.41    12     26.95      0.00      4.14
 1492816476.22     0     31.36      0.00      4.41    12     26.93      0.00      4.12
 1492816476.32     0     31.29      0.00      4.45    12     26.91      0.00      4.07
 1492816476.42     0     31.33      0.00      4.42    12     26.92      0.00      4.08
 1492816476.52     0     31.62      0.00      4.45    12     26.96      0.00      4.09
 1492816476.62     0     31.42      0.00      4.41    12     26.91      0.00      4.16
 1492816476.72     0     31.29      0.00      4.46    12     26.92      0.00      4.10
 1492816476.82     0     31.33      0.00      4.39    12     26.92      0.00      3.98
 1492816476.92     0     31.35      0.00      4.36    12     26.93      0.00      4.07
 1492816477.02     0     31.34      0.00      4.38    12     26.92      0.00      4.11
 1492816477.12     0     31.30      0.00      4.32    12     27.16      0.00      4.08
 1492816477.22     0     31.30      0.00      4.31    12     26.87      0.00      4.05
 1492816477.32     0     31.33      0.00      4.42    12     26.87      0.00      4.07
 1492816477.42     0     31.33      0.00      4.44    12     26.90      0.00      4.14
 1492816477.52     0     31.35      0.00      4.41    12     26.93      0.00      4.17
 1492816477.62     0     31.36      0.00      4.41    12     26.94      0.00      4.10
 1492816477.72     0     31.38      0.00      4.41    12     26.90      0.00      4.15
 1492816477.82     0     31.26      0.00      4.44    12     26.92      0.00      4.14
 1492816477.92     0     31.62      0.00      4.36    12     26.91      0.00      4.06
 1492816478.02     0     31.27      0.00      4.41    12     26.92      0.00      4.06
 1492816478.12     0     31.31      0.00      4.40    12     26.87      0.00      4.09
 1492816478.22     0     31.29      0.00      4.37    12     26.91      0.00      4.01
 1492816478.32     0     31.31      0.00      4.42    12     26.89      0.00      3.99
 1492816478.42     0     31.30      0.00      4.43    12     27.19      0.00      3.98
 1492816478.52     0     31.29      0.00      4.42    12     26.88      0.00      4.01
 1492816478.62     0     31.28      0.00      4.42    12     26.87      0.00      4.02
 1492816478.72     0     31.28      0.00      4.41    12     26.91      0.00      4.14
 1492816478.82     0     31.30      0.00      4.41    12     26.96      0.00      4.12
 1492816478.92     0     31.30      0.00      4.42    12     26.93      0.00      4.15
 1492816479.02     0     31.27      0.00      4.41    12     26.91      0.00      4.09
 1492816479.13     0     31.31      0.00      4.42    12     26.94      0.00      4.10
 1492816479.23     0     31.29      0.00      4.41    12     26.93      0.00      4.12
 1492816479.33     0     31.29      0.00      4.42    12     26.93      0.00      4.09
 1492816479.43     0     31.64      0.00      4.45    12     26.92      0.00      4.06
 1492816479.53     0     31.32      0.00      4.43    12     26.92      0.00      4.07
 1492816479.63     0     31.31      0.00      4.43    12     27.20      0.00      4.08
 1492816479.73     0     31.30      0.00      4.42    12     26.93      0.00      4.19
 1492816479.83     0     31.30      0.00      4.29    12     26.92      0.00      4.01
 1492816479.93     0     31.36      0.00      4.39    12     26.94      0.00      4.16
 1492816480.03     0     31.35      0.00      4.39    12     26.93      0.00      4.14
 1492816480.13     0     31.32      0.00      4.32    12     26.91      0.00      4.18
 1492816480.23     0     31.33      0.00      4.42    12     26.93      0.00      4.02
 1492816480.33     0     31.32      0.00      4.41    12     26.92      0.00      4.00
 1492816480.43     0     31.32      0.00      4.42    12     26.91      0.00      4.10
 1492816480.53     0     31.34      0.00      4.36    12     26.89      0.00      4.08
 1492816480.63     0     31.27      0.00      4.43    12     26.87      0.00      4.08
 1492816480.73     0     31.37      0.00      4.40    12     26.91      0.00      4.00
 1492816480.83     0     31.34      0.00      4.41    12     26.91      0.00      4.16
 1492816480.93     0     31.36      0.00      4.38    12     26.93      0.00      4.01
 1492816481.03     0     31.59      0.00      4.47    12     27.19      0.00      4.06
 1492816481.13     0     31.31      0.00      4.37    12     26.65      0.00      4.05
 1492816481.23     0     31.31      0.00      4.41    12     27.17      0.00      4.20
 1492816481.33     0     31.29      0.00      4.37    12     26.89      0.00      4.10
 1492816481.43     0     31.32      0.00      4.41    12     26.87      0.00      4.12
 1492816481.53     0     31.30      0.00      4.39    12     26.91      0.00      3.98
 1492816481.63     0     31.29      0.00      4.42    12     26.91      0.00      4.06
 1492816481.73     0     31.22      0.00      4.39    12     26.93      0.00      3.97
 1492816481.83     0     31.28      0.00      4.40    12     26.94      0.00      4.08
 1492816481.93     0     31.35      0.00      4.41    12     26.89      0.00      4.04
 1492816482.03     0     31.29      0.00      4.39    12     26.89      0.00      4.14
 1492816482.13     0     31.32      0.00      4.43    12     26.92      0.00      4.10
 1492816482.23     0     31.27      0.00      4.41    12     26.93      0.00      3.98
 1492816482.33     0     31.31      0.00      4.43    12     26.88      0.00      4.14
 1492816482.43     0     31.63      0.00      4.46    12     27.19      0.00      4.17
 1492816482.53     0     31.32      0.00      4.42    12     26.90      0.00      3.97
 1492816482.63     0     31.32      0.00      4.43    12     26.93      0.00      3.97
 1492816482.73     0     31.31      0.00      4.42    12     26.90      0.00      4.11
 1492816482.83     0     31.33      0.00      4.37    12     26.88      0.00      4.11
 1492816482.93     0     31.32      0.00      4.40    12     26.90      0.00      4.01
 1492816483.03     0     31.32      0.00      4.43    12     26.90      0.00      4.12
 1492816483.13     0     31.29      0.00      4.41    12     26.91      0.00      4.07
 1492816483.23     0     31.28      0.00      4.43    12     26.86      0.00      4.07
 1492816483.33     0     31.35      0.00      4.36    12     26.91      0.00      4.07
 1492816483.43     0     31.31      0.00      4.41    12     26.88      0.00      3.98
 1492816483.53     0     31.28      0.00      4.41    12     26.82      0.00      4.13
 1492816483.63     0     31.31      0.00      4.42    12     26.86      0.00      4.06
 1492816483.73     0     31.61      0.00      4.42    12     27.16      0.00      4.07
 1492816483.83     0     31.33      0.00      4.33    12     26.89      0.00      4.09
 1492816483.93     0     31.33      0.00      4.44    12     26.89      0.00      4.02
 1492816484.03     0     31.33      0.00      4.38    12     26.92      0.00      4.09
 1492816484.13     0     31.29      0.00      4.44    12     26.93      0.00      4.12
 1492816484.23     0     31.33      0.00      4.42    12     26.91      0.00      3.96
 1492816484.33     0     31.32      0.00      4.37    12     26.90      0.00      3.94
 1492816484.43     0     31.32      0.00      4.40    12     26.90      0.00      4.09
 1492816484.53     0     31.33      0.00      4.41    12     26.93      0.00      3.98
 1492816484.63     0     31.46      0.00      4.49    12     26.89      0.00      4.20
 1492816484.73     0     31.32      0.00      4.41    12     26.90      0.00      4.07
 1492816484.83     0     31.32      0.00      4.42    12     26.91      0.00      4.14
 1492816484.93     0     31.34      0.00      4.44    12     26.89      0.00      4.10
 1492816485.03     0     31.25      0.00      4.46    12     27.16      0.00      4.16
 1492816485.13     0     31.33      0.00      4.43    12     26.91      0.00      4.08
 1492816485.23     0     31.65      0.00      4.42    12     26.88      0.00      4.04
 1492816485.34     0     31.34      0.00      4.43    12     26.89      0.00      4.06
 1492816485.44     0     31.37      0.00      4.38    12     26.89      0.00      4.12
 1492816485.54     0     31.32      0.00      4.42    12     26.93      0.00      4.13
 1492816485.64     0     31.34      0.00      4.41    12     26.86      0.00      4.12
 1492816485.74     0     31.29      0.00      4.38    12     26.94      0.00      4.13
 1492816485.84     0     31.31      0.00      4.42    12     26.88      0.00      4.11
 1492816485.94     0     31.30      0.00      4.33    12     26.91      0.00      3.98
 1492816486.04     0     31.35      0.00      4.32    12     26.88      0.00      4.06
 1492816486.14     0     31.27      0.00      4.39    12     26.90      0.00      4.08
 1492816486.24     0     31.35      0.00      4.42    12     26.85      0.00      4.11
 1492816486.34     0     31.32      0.00      4.42    12     27.15      0.00      4.19
 1492816486.44     0     31.25      0.00      4.43    12     26.92      0.00      4.03
 1492816486.54     0     31.28      0.00      4.42    12     26.89      0.00      4.04
 1492816486.64     0     31.27      0.00      4.41    12     26.89      0.00      4.05
 1492816486.74     0     31.30      0.00      4.41    12     26.88      0.00      4.17
 1492816486.84     0     31.60      0.00      4.47    12     26.86      0.00      3.90
 1492816486.94     0     31.29      0.00      4.37    12     26.89      0.00      4.05
 1492816487.04     0     31.26      0.00      4.42    12     26.91      0.00      4.00
 1492816487.14     0     31.23      0.00      4.42    12     26.89      0.00      4.00
 1492816487.24     0     31.26      0.00      4.42    12     26.87      0.00      4.10
 1492816487.34     0     31.34      0.00      4.39    12     26.87      0.00      4.11
 1492816487.44     0     31.33      0.00      4.44    12     26.81      0.00      4.12
 1492816487.54     0     31.29      0.00      4.32    12     26.86      0.00      3.98
 1492816487.64     0     31.28      0.00      4.42    12     27.14      0.00      4.10
 1492816487.74     0     31.28      0.00      4.42    12     26.91      0.00      4.14
 1492816487.84     0     31.32      0.00      4.42    12     26.90      0.00      4.08
 1492816487.94     0     31.25      0.00      4.40    12     26.90      0.00      4.14
 1492816488.04     0     31.30      0.00      4.39    12     26.92      0.00      4.15
 1492816488.14     0     31.27      0.00      4.41    12     26.85      0.00      4.14
 1492816488.24     0     31.57      0.00      4.45    12     26.87      0.00      3.94
 1492816488.34     0     31.25      0.00      4.42    12     26.86      0.00      4.05
 1492816488.44     0     31.30      0.00      4.38    12     26.91      0.00      3.96
 1492816488.54     0     31.23      0.00      4.43    12     26.90      0.00      4.09
 1492816488.64     0     31.28      0.00      4.40    12     26.89      0.00      4.11
 1492816488.74     0     31.24      0.00      4.42    12     26.85      0.00      4.06
 1492816488.84     0     31.27      0.00      4.42    12     26.85      0.00      4.05
 1492816488.94     0     31.26      0.00      4.42    12     27.15      0.00      4.15
 1492816489.04     0     31.25      0.00      4.32    12     26.87      0.00      4.11
 1492816489.14     0     31.27      0.00      4.41    12     26.64      0.00      4.14
 1492816489.24     0     31.28      0.00      4.43    12     27.13      0.00      4.19
 1492816489.34     0     31.27      0.00      4.45    12     26.88      0.00      4.14
 1492816489.44     0     31.33      0.00      4.38    12     26.90      0.00      4.11
 1492816489.54     0     31.28      0.00      4.38    12     26.85      0.00      4.11
 1492816489.64     0     31.28      0.00      4.43    12     26.87      0.00      4.06
 1492816489.74     0     31.57      0.00      4.47    12     26.86      0.00      4.06
 1492816489.84     0     31.26      0.00      4.42    12     26.96      0.00      4.11
 1492816489.94     0     31.30      0.00      4.37    12     26.91      0.00      4.02
 1492816490.04     0     31.25      0.00      4.37    12     26.92      0.00      4.12
 1492816490.14     0     31.29      0.00      4.41    12     26.88      0.00      4.00
 1492816490.24     0     31.33      0.00      4.41    12     26.93      0.00      3.95
 1492816490.34     0     31.27      0.00      4.44    12     26.85      0.00      4.03
 1492816490.44     0     31.32      0.00      4.53    12     27.20      0.00      4.17
 1492816490.54     0     31.32      0.00      4.43    12     26.90      0.00      4.06
 1492816490.64     0     31.25      0.00      4.42    12     26.87      0.00      4.00
 1492816490.74     0     31.26      0.00      4.40    12     26.88      0.00      4.05
 1492816490.84     0     31.23      0.00      4.36    12     26.90      0.00      4.12
 1492816490.94     0     31.26      0.00      4.43    12     26.89      0.00      3.99
 1492816491.04     0     31.29      0.00      4.43    12     26.92      0.00      4.06
 1492816491.14     0     31.27      0.00      4.40    12     26.88      0.00      4.12
 1492816491.24     0     31.53      0.00      4.46    12     26.91      0.00      4.08
 1492816491.34     0     31.27      0.00      4.42    12     26.91      0.00      4.04
 1492816491.44     0     31.24      0.00      4.42    12     26.90      0.00      4.13
 1492816491.55     0     31.25      0.00      4.37    12     26.96      0.00      4.03
 1492816491.65     0     31.32      0.00      4.38    12     26.92      0.00      4.16
 1492816491.75     0     31.22      0.00      4.42    12     27.18      0.00      4.17
 1492816491.85     0     31.24      0.00      4.32    12     26.92      0.00      4.10
 1492816491.95     0     31.31      0.00      4.26    12     26.92      0.00      4.07
 1492816492.05     0     31.23      0.00      4.43    12     26.91      0.00      4.06
 1492816492.15     0     31.21      0.00      4.37    12     26.91      0.00      4.14
 1492816492.25     0     31.27      0.00      4.44    12     26.88      0.00      3.97
 1492816492.35     0     31.38      0.00      4.42    12     26.88      0.00      4.06
 1492816492.45     0     31.27      0.00      4.42    12     26.92      0.00      3.97
 1492816492.55     0     31.31      0.00      4.38    12     26.91      0.00      4.03
 1492816492.65     0     31.59      0.00      4.46    12     26.93      0.00      4.13
 1492816492.75     0     30.95      0.00      4.36    12     26.86      0.00      4.11
 1492816492.85     0     31.66      0.00      4.42    12     26.90      0.00      4.11
 1492816492.95     0     31.30      0.00      4.41    12     26.92      0.00      4.12
 1492816493.05     0     31.23      0.00      4.41    12     27.16      0.00      4.21
 1492816493.15     0     31.28      0.00      4.41    12     26.86      0.00      4.10
 1492816493.25     0     31.31      0.00      4.42    12     26.93      0.00      4.08
 1492816493.35     0     31.26      0.00      4.44    12     26.88      0.00      4.06
 1492816493.45     0     31.28      0.00      4.40    12     26.90      0.00      4.08
 1492816493.55     0     31.27      0.00      4.42    12     26.91      0.00      3.94
 1492816493.65     0     31.27      0.00      4.44    12     26.90      0.00      3.86
 1492816493.75     0     31.28      0.00      4.40    12     26.91      0.00      4.11
 1492816493.85     0     31.33      0.00      4.42    12     26.94      0.00      4.12
 1492816493.95     0     31.30      0.00      4.44    12     26.87      0.00      4.10
 1492816494.05     0     31.27      0.00      4.43    12     26.89      0.00      4.00
 1492816494.15     0     31.60      0.00      4.39    12     26.92      0.00      4.11
 1492816494.25     0     31.33      0.00      4.40    12     26.89      0.00      4.13
 1492816494.35     0     31.38      0.00      4.42    12     27.18      0.00      4.06
 1492816494.45     0     31.29      0.00      4.42    12     26.92      0.00      4.05
 1492816494.55     0     31.28      0.00      4.40    12     26.90      0.00      4.10
 1492816494.65     0     31.39      0.00      4.39    12     26.89      0.00      3.95
 1492816494.75     0     31.37      0.00      4.34    12     26.87      0.00      4.04
 1492816494.85     0     31.21      0.00      4.37    12     26.95      0.00      4.01
 1492816494.95     0     31.29      0.00      4.43    12     26.87      0.00      3.92
 1492816495.05     0     31.28      0.00      4.41    12     26.88      0.00      4.12
 1492816495.15     0     31.33      0.00      4.40    12     26.88      0.00      4.08
 1492816495.25     0     31.39      0.00      4.37    12     26.90      0.00      4.06
 1492816495.35     0     31.33      0.00      4.43    12     26.89      0.00      4.02
 1492816495.45     0     31.29      0.00      4.43    12     26.91      0.00      4.10
 1492816495.55     0     31.33      0.00      4.38    12     26.93      0.00      3.95
 1492816495.65     0     31.54      0.00      4.41    12     26.88      0.00      4.06
 1492816495.75     0     31.34      0.00      4.42    12     27.13      0.00      4.12
 1492816495.85     0     31.25      0.00      4.41    12     26.81      0.00      4.05
 1492816495.95     0     31.32      0.00      4.40    12     26.87      0.00      4.01
 1492816496.05     0     31.31      0.00      4.41    12     26.89      0.00      4.06
 1492816496.15     0     31.36      0.00      4.39    12     26.85      0.00      4.08
 1492816496.25     0     31.24      0.00      4.42    12     26.87      0.00      4.08
 1492816496.35     0     31.22      0.00      4.41    12     26.86      0.00      4.14
 1492816496.45     0     31.29      0.00      4.42    12     26.86      0.00      4.06
 1492816496.55     0     31.34      0.00      4.41    12     26.83      0.00      4.07
 1492816496.65     0     31.30      0.00      4.43    12     26.82      0.00      4.02
 1492816496.75     0     31.32      0.00      4.41    12     26.86      0.00      4.11
 1492816496.85     0     31.28      0.00      4.44    12     26.82      0.00      4.07
 1492816496.95     0     31.51      0.00      4.47    12     26.84      0.00      4.12
 1492816497.05     0     31.05      0.00      4.36    12     27.12      0.00      4.12
 1492816497.15     0     31.71      0.00      4.42    12     26.84      0.00      4.00
 1492816497.25     0     31.25      0.00      4.36    12     26.86      0.00      4.16
 1492816497.35     0     31.24      0.00      4.33    12     26.84      0.00      4.15
 1492816497.45     0     31.34      0.00      4.37    12     26.83      0.00      4.10
 1492816497.55     0     31.37      0.00      4.43    12     26.77      0.00      4.03
 1492816497.65     0     31.39      0.00      4.42    12     26.82      0.00      4.01
 1492816497.76     0     31.42      0.00      4.41    12     26.86      0.00      4.12
 1492816497.86     0     31.35      0.00      4.37    12     26.88      0.00      4.14
 1492816497.96     0     31.45      0.00      4.42    12     26.91      0.00      4.10
 1492816498.06     0     31.40      0.00      4.33    12     26.90      0.00      4.11
 1492816498.16     0     31.43      0.00      4.42    12     26.89      0.00      4.14
 1492816498.26     0     31.44      0.00      4.42    12     27.14      0.00      4.14
 1492816498.36     0     31.41      0.00      4.42    12     26.63      0.00      4.13
 1492816498.46     0     31.74      0.00      4.45    12     26.86      0.00      4.12
 1492816498.56     0     31.46      0.00      4.36    12     27.11      0.00      4.08
 1492816498.66     0     31.79      0.00      4.61    12     27.05      0.00      4.34
 1492816498.76     0     31.51      0.00      4.40    12     26.87      0.00      4.08
 1492816498.86     0     31.44      0.00      4.41    12     26.87      0.00      4.02
 1492816498.96     0     31.79      0.00      4.42    12     26.86      0.00      4.04
 1492816499.06     0     32.33      0.00      4.44    12     26.85      0.00      4.10
 1492816499.16     0     32.35      0.00      4.42    12     26.87      0.00      4.13
 1492816499.26     0     32.24      0.00      4.38    12     26.88      0.00      4.09
 1492816499.36     0     32.27      0.00      4.41    12     26.91      0.00      4.17
 1492816499.46     0     31.54      0.00      4.42    12     26.93      0.00      4.08
 1492816499.56     0     31.41      0.00      4.35    12     26.80      0.00      4.12
 1492816499.66     0     31.47      0.00      4.42    12     26.84      0.00      4.15
 1492816499.76     0     31.48      0.00      4.42    12     27.13      0.00      4.04
 1492816499.86     0     31.78      0.00      4.42    12     26.84      0.00      4.10
 1492816499.96     0     31.47      0.00      4.44    12     26.84      0.00      4.04
 1492816500.06     0     31.37      0.00      4.46    12     26.90      0.00      3.93
 1492816500.16     0     31.46      0.00      4.43    12     26.85      0.00      3.94
 1492816500.26     0     31.52      0.00      4.37    12     26.83      0.00      4.15
 1492816500.36     0     31.41      0.00      4.40    12     26.89      0.00      4.12
 1492816500.46     0     31.44      0.00      4.32    12     26.85      0.00      4.17
 1492816500.56     0     31.43      0.00      4.42    12     26.85      0.00      4.12
 1492816500.66     0     31.37      0.00      4.41    12     26.93      0.00      4.12
 1492816500.76     0     31.40      0.00      4.41    12     26.85      0.00      4.11
 1492816500.86     0     31.38      0.00      4.41    12     26.87      0.00      4.18
 1492816500.96     0     31.45      0.00      4.32    12     26.88      0.00      4.19
 1492816501.06     0     31.43      0.00      4.42    12     27.10      0.00      4.14
 1492816501.16     0     31.48      0.00      4.43    12     26.86      0.00      4.07
 1492816501.26     0     31.50      0.00      4.43    12     26.85      0.00      4.01
 1492816501.36     0     31.44      0.00      4.41    12     26.81      0.00      4.13
 1492816501.46     0     31.74      0.00      4.46    12     26.82      0.00      4.14
 1492816501.56     0     31.43      0.00      4.40    12     26.80      0.00      3.98
 1492816501.66     0     31.34      0.00      4.40    12     26.86      0.00      4.06
 1492816501.76     0     31.35      0.00      4.40    12     26.95      0.00      4.15
 1492816501.86     0     31.41      0.00      4.41    12     26.83      0.00      4.13
 1492816501.96     0     31.39      0.00      4.41    12     26.86      0.00      4.10
 1492816502.06     0     31.39      0.00      4.40    12     26.88      0.00      4.11
 1492816502.16     0     31.40      0.00      4.41    12     26.92      0.00      4.14
 1492816502.26     0     31.39      0.00      4.34    12     26.88      0.00      4.09
 1492816502.36     0     31.48      0.00      4.42    12     26.83      0.00      4.03
 1492816502.46     0     31.32      0.00      4.42    12     27.17      0.00      4.14
 1492816502.56     0     31.36      0.00      4.42    12     26.90      0.00      4.10
 1492816502.66     0     31.41      0.00      4.42    12     26.91      0.00      3.96
 1492816502.76     0     31.40      0.00      4.45    12     26.90      0.00      3.97
 1492816502.86     0     31.71      0.00      4.46    12     26.91      0.00      4.12
 1492816502.96     0     31.45      0.00      4.36    12     26.88      0.00      4.10
 1492816503.06     0     31.48      0.00      4.40    12     26.91      0.00      4.07
 1492816503.16     0     31.38      0.00      4.41    12     26.91      0.00      4.05
 1492816503.26     0     31.41      0.00      4.40    12     26.89      0.00      3.97
 1492816503.36     0     31.48      0.00      4.39    12     26.85      0.00      4.16
 1492816503.46     0     31.38      0.00      4.42    12     26.87      0.00      4.14
 1492816503.56     0     31.44      0.00      4.37    12     26.86      0.00      4.10
 1492816503.66     0     31.57      0.00      4.34    12     26.87      0.00      4.24
 1492816503.76     0     31.44      0.00      4.36    12     26.84      0.00      4.09
 1492816503.86     0     31.46      0.00      4.36    12     26.86      0.00      4.10
 1492816503.96     0     31.44      0.00      4.41    12     26.85      0.00      4.03
 1492816504.07     0     31.47      0.00      4.42    12     27.16      0.00      4.17
 1492816504.17     0     31.47      0.00      4.37    12     26.80      0.00      4.03
 1492816504.27     0     31.44      0.00      4.41    12     26.83      0.00      4.10
 1492816504.37     0     31.71      0.00      4.45    12     26.82      0.00      3.99
 1492816504.47     0     31.16      0.00      4.38    12     26.83      0.00      4.02
 1492816504.57     0     31.71      0.00      4.45    12     26.86      0.00      4.10
 1492816504.67     0     31.41      0.00      4.35    12     26.86      0.00      4.00
 1492816504.77     0     31.46      0.00      4.41    12     26.86      0.00      4.03
 1492816504.87     0     31.47      0.00      4.33    12     26.89      0.00      4.14
 1492816504.97     0     31.47      0.00      4.40    12     26.88      0.00      4.01
 1492816505.07     0     31.42      0.00      4.35    12     26.84      0.00      4.11
 1492816505.17     0     31.47      0.00      4.40    12     26.94      0.00      4.17
 1492816505.27     0     31.46      0.00      4.41    12     27.14      0.00      4.15
 1492816505.37     0     31.41      0.00      4.32    12     26.86      0.00      4.12
 1492816505.47     0     31.45      0.00      4.32    12     26.89      0.00      3.99
 1492816505.57     0     31.53      0.00      4.45    12     26.87      0.00      3.93
 1492816505.67     0     31.53      0.00      4.41    12     26.88      0.00      4.13
 1492816505.77     0     31.85      0.00      4.40    12     26.88      0.00      4.08
 1492816505.87     0     31.53      0.00      4.44    12     26.90      0.00      4.10
 1492816505.97     0     31.53      0.00      4.40    12     26.89      0.00      4.14
 1492816506.07     0     31.56      0.00      4.32    12     26.90      0.00      4.04
 1492816506.17     0     31.50      0.00      4.40    12     26.91      0.00      4.15
 1492816506.27     0     31.45      0.00      4.42    12     26.96      0.00      4.14
 1492816506.37     0     31.50      0.00      4.42    12     26.82      0.00      4.08
 1492816506.47     0     31.46      0.00      4.40    12     26.85      0.00      4.15
 1492816506.57     0     31.46      0.00      4.42    12     27.16      0.00      4.13
 1492816506.67     0     31.43      0.00      4.43    12     26.88      0.00      4.01
 1492816506.77     0     31.40      0.00      4.33    12     26.86      0.00      4.13
 1492816506.87     0     31.44      0.00      4.41    12     26.85      0.00      4.07
 1492816506.97     0     31.47      0.00      4.38    12     26.86      0.00      4.09
 1492816507.07     0     31.45      0.00      4.42    12     26.87      0.00      4.06
 1492816507.17     0     31.70      0.00      4.44    12     26.91      0.00      4.12
 1492816507.27     0     31.40      0.00      4.40    12     26.90      0.00      4.08
 1492816507.37     0     31.43      0.00      4.37    12     26.91      0.00      4.07
 1492816507.47     0     31.42      0.00      4.41    12     26.92      0.00      4.12
 1492816507.57     0     31.42      0.00      4.41    12     26.87      0.00      4.17
 1492816507.67     0     31.44      0.00      4.37    12     26.89      0.00      4.12
 1492816507.77     0     31.37      0.00      4.41    12     26.90      0.00      4.17
 1492816507.87     0     31.37      0.00      4.36    12     26.86      0.00      4.03
 1492816507.97     0     31.43      0.00      4.36    12     27.13      0.00      4.11
 1492816508.07     0     31.40      0.00      4.40    12     26.85      0.00      4.03
 1492816508.17     0     31.44      0.00      4.41    12     26.86      0.00      3.94
 1492816508.27     0     31.40      0.00      4.33    12     26.83      0.00      4.05
 1492816508.37     0     31.37      0.00      4.41    12     26.90      0.00      4.07
 1492816508.47     0     31.37      0.00      4.42    12     26.89      0.00      4.09
 1492816508.57     0     31.36      0.00      4.36    12     26.85      0.00      4.12
 1492816508.67     0     31.67      0.00      4.45    12     26.87      0.00      4.13
 1492816508.77     0     31.35      0.00      4.42    12     26.79      0.00      4.15
 1492816508.87     0     31.39      0.00      4.43    12     26.84      0.00      4.03
 1492816508.97     0     31.33      0.00      4.37    12     26.86      0.00      3.94
 1492816509.07     0     31.35      0.00      4.42    12     26.83      0.00      4.09
 1492816509.17     0     31.37      0.00      4.43    12     27.18      0.00      4.10
 1492816509.27     0     31.29      0.00      4.40    12     26.85      0.00      3.96
 1492816509.37     0     31.39      0.00      4.35    12     26.90      0.00      4.09
 1492816509.47     0     31.37      0.00      4.40    12     26.92      0.00      4.03
 1492816509.57     0     31.34      0.00      4.43    12     26.91      0.00      4.14
 1492816509.67     0     31.36      0.00      4.37    12     26.91      0.00      4.13
 1492816509.77     0     31.34      0.00      4.40    12     26.95      0.00      4.08
 1492816509.87     0     31.44      0.00      4.43    12     26.89      0.00      4.13
 1492816509.97     0     31.33      0.00      4.38    12     26.88      0.00      4.05
 1492816510.07     0     31.33      0.00      4.36    12     26.99      0.00      4.12
 1492816510.18     0     31.69      0.00      4.45    12     26.87      0.00      4.04
 1492816510.28     0     31.41      0.00      4.36    12     26.89      0.00      4.07
 1492816510.38     0     31.40      0.00      4.36    12     26.87      0.00      4.05
 1492816510.48     0     31.37      0.00      4.42    12     27.14      0.00      4.00
 1492816510.58     0     31.33      0.00      4.32    12     26.89      0.00      4.13
 1492816510.68     0     31.36      0.00      4.41    12     26.91      0.00      4.11
 1492816510.78     0     31.37      0.00      4.37    12     26.91      0.00      4.02
 1492816510.88     0     31.43      0.00      4.42    12     26.86      0.00      4.04
 1492816510.98     0     31.31      0.00      4.37    12     26.95      0.00      4.11
 1492816511.08     0     31.30      0.00      4.42    12     26.90      0.00      4.15
 1492816511.18     0     31.35      0.00      4.36    12     26.87      0.00      4.08
 1492816511.28     0     31.32      0.00      4.37    12     26.89      0.00      3.97
 1492816511.38     0     31.38      0.00      4.36    12     26.86      0.00      4.14
 1492816511.48     0     31.36      0.00      4.41    12     26.88      0.00      4.06
 1492816511.58     0     31.68      0.00      4.38    12     26.85      0.00      4.10
 1492816511.68     0     31.37      0.00      4.41    12     26.89      0.00      3.94
 1492816511.78     0     31.37      0.00      4.40    12     27.19      0.00      4.13
 1492816511.88     0     31.38      0.00      4.40    12     26.90      0.00      3.96
 1492816511.98     0     31.40      0.00      4.32    12     26.88      0.00      3.98
 1492816512.08     0     31.38      0.00      4.44    12     26.90      0.00      4.05
 1492816512.18     0     31.34      0.00      4.41    12     26.88      0.00      4.09
 1492816512.28     0     31.35      0.00      4.36    12     26.90      0.00      4.13
 1492816512.38     0     31.34      0.00      4.42    12     26.91      0.00      4.08
 1492816512.48     0     31.35      0.00      4.41    12     26.90      0.00      4.06
 1492816512.58     0     31.38      0.00      4.41    12     26.85      0.00      4.11
 1492816512.68     0     31.36      0.00      4.35    12     26.92      0.00      3.97
 1492816512.78     0     31.43      0.00      4.41    12     26.92      0.00      4.06
 1492816512.88     0     31.39      0.00      4.41    12     26.89      0.00      4.01
 1492816512.98     0     31.67      0.00      4.41    12     26.88      0.00      4.10
 1492816513.08     0     31.01      0.00      4.36    12     26.89      0.00      4.05
 1492816513.18     0     31.61      0.00      4.46    12     26.90      0.00      4.10
 1492816513.28     0     31.29      0.00      4.29    12     27.16      0.00      4.14
 1492816513.38     0     31.33      0.00      4.41    12     26.85      0.00      4.04
 1492816513.48     0     31.35      0.00      4.41    12     26.87      0.00      4.11
 1492816513.58     0     31.32      0.00      4.41    12     26.84      0.00      3.84
 1492816513.68     0     31.36      0.00      4.35    12     26.89      0.00      4.02
 1492816513.78     0     31.37      0.00      4.41    12     26.91      0.00      4.09
 1492816513.88     0     31.34      0.00      4.41    12     26.87      0.00      4.10
 1492816513.98     0     31.30      0.00      4.35    12     26.89      0.00      4.05
 1492816514.08     0     31.37      0.00      4.41    12     26.88      0.00      4.11
 1492816514.18     0     31.30      0.00      4.42    12     26.89      0.00      4.11
 1492816514.28     0     31.32      0.00      4.43    12     26.85      0.00      4.01
 1492816514.38     0     31.34      0.00      4.41    12     26.93      0.00      4.00
 1492816514.48     0     31.69      0.00      4.45    12     26.86      0.00      4.14
 1492816514.58     0     31.41      0.00      4.40    12     27.12      0.00      4.18
 1492816514.68     0     31.34      0.00      4.40    12     26.90      0.00      4.13
 1492816514.78     0     31.40      0.00      4.41    12     26.87      0.00      4.07
 1492816514.88     0     31.34      0.00      4.41    12     26.87      0.00      4.04
 1492816514.98     0     32.82      0.00      5.58    12     26.97      0.00      4.51
 1492816515.08     0     32.81      0.00      6.69    12     26.92      0.00      4.16
 1492816515.18     0     32.67      0.00      6.72    12     26.92      0.00      4.05
 1492816515.28     0     32.65      0.00      6.72    12     26.93      0.00      4.17
 1492816515.38     0     32.65      0.00      6.77    12     26.93      0.00      4.15
 1492816515.48     0     32.43      0.00      6.75    12     26.90      0.00      4.07
 1492816515.58     0     32.21      0.00      6.55    12     26.91      0.00      4.10
 1492816515.68     0     48.62      0.00     11.95    12     44.12      0.00      6.84
 1492816515.78     0     32.34      0.00      6.84    12     26.85      0.00      4.21
 1492816515.88     0     32.57      0.00      7.15    12     26.91      0.00      4.14
 1492816515.98     0     32.57      0.00      7.31    12     26.92      0.00      4.10
 1492816516.08     0     32.57      0.00      7.35    12     26.90      0.00      4.07
 1492816516.18     0     32.56      0.00      7.30    12     26.95      0.00      4.17
 1492816516.28     0     32.47      0.00      7.06    12     26.93      0.00      4.15
 1492816516.39     0     31.63      0.00      6.06    12     26.92      0.00      4.11
 1492816516.49     0     32.09      0.00      6.39    12     26.96      0.00      4.18
 1492816516.59     0     32.04      0.00      6.49    12     26.95      0.00      4.07
 1492816516.69     0     32.01      0.00      6.34    12     26.89      0.00      4.05
 1492816516.79     0     32.35      0.00      6.69    12     26.89      0.00      4.15
 1492816516.89     0     32.37      0.00      6.54    12     26.93      0.00      4.17
 1492816516.99     0     32.37      0.00      6.51    12     26.90      0.00      4.10
 1492816517.09     0     32.38      0.00      6.36    12     26.92      0.00      4.02
 1492816517.19     0     32.36      0.00      6.45    12     27.18      0.00      4.15
 1492816517.29     0     32.67      0.00      6.57    12     26.94      0.00      4.12
 1492816517.39     0     32.10      0.00      6.33    12     26.88      0.00      4.07
 1492816517.49     0     32.45      0.00      6.69    12     26.91      0.00      4.11
 1492816517.59     0     32.14      0.00      6.63    12     26.89      0.00      4.10
 1492816517.69     0     31.87      0.00      5.94    12     26.87      0.00      4.16
 1492816517.79     0     31.90      0.00      5.89    12     26.95      0.00      4.12
 1492816517.89     0     31.86      0.00      5.92    12     26.86      0.00      4.11
 1492816517.99     0     31.75      0.00      5.68    12     26.89      0.00      4.06
 1492816518.09     0     31.65      0.00      5.58    12     26.86      0.00      4.11
 1492816518.19     0     31.62      0.00      5.54    12     26.88      0.00      4.16
 1492816518.29     0     31.58      0.00      5.73    12     26.89      0.00      4.06
 1492816518.39     0     31.43      0.00      5.87    12     26.89      0.00      4.10
 1492816518.49     0     31.40      0.00      5.94    12     27.16      0.00      4.13
 1492816518.59     0     31.33      0.00      5.91    12     26.88      0.00      4.09
 1492816518.69     0     31.34      0.00      5.95    12     26.89      0.00      4.07
 1492816518.79     0     31.28      0.00      6.10    12     26.90      0.00      4.09
 1492816518.89     0     31.59      0.00      6.19    12     26.94      0.00      4.15
 1492816518.99     0     31.22      0.00      6.34    12     26.86      0.00      4.15
 1492816519.09     0     31.30      0.00      6.27    12     26.89      0.00      4.15
 1492816519.19     0     31.22      0.00      6.29    12     26.87      0.00      4.11
 1492816519.29     0     31.20      0.00      6.35    12     26.87      0.00      4.14
 1492816519.39     0     31.22      0.00      6.37    12     26.86      0.00      4.00
 1492816519.49     0     31.26      0.00      6.33    12     26.86      0.00      3.94
 1492816519.59     0     31.20      0.00      6.40    12     26.85      0.00      4.03
 1492816519.69     0     31.24      0.00      6.33    12     26.83      0.00      4.13
 1492816519.79     0     31.23      0.00      6.44    12     26.86      0.00      4.17
 1492816519.89     0     31.23      0.00      6.33    12     27.13      0.00      4.09
 1492816519.99     0     31.23      0.00      6.44    12     26.89      0.00      4.19
 1492816520.09     0     31.21      0.00      6.35    12     26.95      0.00      4.26
 1492816520.19     0     31.24      0.00      6.42    12     26.85      0.00      4.13
 1492816520.29     0     31.54      0.00      6.43    12     26.86      0.00      4.07
 1492816520.39     0     31.20      0.00      6.43    12     26.84      0.00      4.11
 1492816520.49     0     31.21      0.00      6.44    12     26.86      0.00      4.15
 1492816520.59     0     31.26      0.00      6.44    12     26.86      0.00      4.12
 1492816520.69     0     31.21      0.00      6.45    12     26.89      0.00      4.14
 1492816520.79     0     31.21      0.00      6.44    12     26.87      0.00      4.15
 1492816520.89     0     31.20      0.00      6.45    12     26.89      0.00      4.07
 1492816520.99     0     31.21      0.00      6.47    12     26.90      0.00      4.15
 1492816521.09     0     31.22      0.00      6.33    12     27.15      0.00      4.18
 1492816521.19     0     31.22      0.00      6.37    12     26.89      0.00      4.11
 1492816521.29     0     31.21      0.00      6.39    12     26.95      0.00      4.13
 1492816521.39     0     31.20      0.00      6.44    12     26.85      0.00      4.10
 1492816521.49     0     31.22      0.00      6.44    12     26.90      0.00      4.13
 1492816521.59     0     31.23      0.00      6.43    12     26.89      0.00      4.11
 1492816521.69     0     31.19      0.00      6.41    12     26.89      0.00      4.13
 1492816521.79     0     31.53      0.00      6.46    12     26.94      0.00      4.07
 1492816521.89     0     31.24      0.00      6.36    12     26.88      0.00      4.06
 1492816521.99     0     31.19      0.00      6.42    12     26.86      0.00      4.14
 1492816522.09     0     31.22      0.00      6.36    12     26.85      0.00      4.14
 1492816522.19     0     31.22      0.00      6.34    12     26.88      0.00      4.22
 1492816522.29     0     31.20      0.00      6.40    12     26.87      0.00      4.10
 1492816522.39     0     31.23      0.00      6.34    12     26.91      0.00      4.04
 1492816522.49     0     31.19      0.00      6.39    12     27.13      0.00      4.20
 1492816522.60     0     31.21      0.00      6.38    12     26.90      0.00      4.05
 1492816522.70     0     31.22      0.00      6.37    12     26.87      0.00      4.01
 1492816522.80     0     31.25      0.00      6.31    12     26.91      0.00      4.14
 1492816522.90     0     31.22      0.00      6.30    12     26.90      0.00      4.13
 1492816523.00     0     31.23      0.00      6.10    12     26.91      0.00      4.13
 1492816523.10     0     31.26      0.00      6.13    12     26.92      0.00      4.11
 1492816523.20     0     31.60      0.00      6.05    12     26.88      0.00      4.12
 1492816523.30     0     31.35      0.00      5.88    12     26.89      0.00      4.09
 1492816523.40     0     31.39      0.00      5.90    12     26.89      0.00      4.16
 1492816523.50     0     31.48      0.00      5.84    12     26.91      0.00      4.09
 1492816523.60     0     31.65      0.00      5.71    12     26.88      0.00      4.13
 1492816523.70     0     31.79      0.00      5.62    12     26.90      0.00      4.02
 1492816523.80     0     31.68      0.00      5.65    12     27.19      0.00      4.12
 1492816523.90     0     32.09      0.00      6.21    12     26.91      0.00      3.98
 1492816524.00     0     32.26      0.00      6.28    12     26.90      0.00      4.05
 1492816524.10     0     32.20      0.00      6.28    12     26.87      0.00      3.92
 1492816524.20     0     32.25      0.00      6.23    12     26.91      0.00      4.05
 1492816524.30     0     32.67      0.00      6.12    12     26.88      0.00      3.98
 1492816524.40     0     33.64      0.00      6.02    12     26.91      0.00      4.07
 1492816524.50     0     32.81      0.00      6.29    12     26.90      0.00      4.08
 1492816524.60     0     32.52      0.00      6.69    12     26.94      0.00      4.11
 1492816524.70     0     33.30      0.00      6.71    12     26.89      0.00      4.21
 1492816524.80     0     32.97      0.00      7.08    12     26.91      0.00      4.18
 1492816524.90     0     32.92      0.00      7.07    12     26.89      0.00      4.10
 1492816525.00     0     33.00      0.00      6.80    12     26.91      0.00      4.09
 1492816525.10     0     34.32      0.00      7.43    12     26.92      0.00      3.97
 1492816525.20     0     33.95      0.00      6.27    12     27.15      0.00      4.24
 1492816525.30     0     34.56      0.00      5.29    12     26.91      0.00      4.06
 1492816525.40     0     32.76      0.00      6.57    12     26.94      0.00      4.21
 1492816525.50     0     33.91      0.00      5.96    12     26.91      0.00      4.19
 1492816525.60     0     33.39      0.00      4.42    12     26.91      0.00      4.17
 1492816525.70     0     43.29      0.00      9.23    12     40.67      0.00      9.07
 1492816525.80     0     55.34      0.00      9.94    12     56.21      0.00      7.16
 1492816525.90     0     64.67      0.00      9.52    12     63.35      0.00      6.29
 1492816526.00     0     63.99      0.00     10.10    12     61.25      0.00      8.45
 1492816526.10     0     77.00      0.00     14.13    12     73.88      0.00     12.43
 1492816526.20     0     72.69      0.00     13.07    12     69.98      0.00     10.79
 1492816526.30     0     32.99      0.00      7.15    12     26.97      0.00      4.54
 1492816526.40     0     32.76      0.00      7.34    12     26.93      0.00      4.17
 1492816526.50     0     32.89      0.00      7.67    12     26.94      0.00      4.16
 1492816526.60     0     32.66      0.00      6.41    12     27.22      0.00      6.24
 1492816526.70     0     32.38      0.00      4.44    12     27.59      0.00      8.00
 1492816526.80     0     32.38      0.00      4.48    12     27.53      0.00      7.77
 1492816526.90     0     32.42      0.00      4.51    12     27.84      0.00      8.16
 1492816527.00     0     32.16      0.00      6.07    12     27.06      0.00      6.19
 1492816527.10     0     31.79      0.00      5.14    12     26.96      0.00      4.65
 1492816527.20     0     31.47      0.00      4.39    12     26.90      0.00      4.03
 1492816527.30     0     31.49      0.00      4.40    12     26.90      0.00      4.07
 1492816527.40     0     31.42      0.00      4.41    12     26.91      0.00      4.06
 1492816527.50     0     31.45      0.00      4.39    12     26.88      0.00      4.02
 1492816527.60     0     31.45      0.00      4.42    12     26.90      0.00      4.04
 1492816527.70     0     31.49      0.00      4.38    12     26.86      0.00      4.03
 1492816527.80     0     31.51      0.00      4.36    12     26.85      0.00      4.12
 1492816527.90     0     31.79      0.00      4.43    12     26.89      0.00      4.20
 1492816528.00     0     32.08      0.00      5.34    12     26.86      0.00      4.39
 1492816528.10     0     32.17      0.00      6.43    12     26.92      0.00      4.18
 1492816528.20     0     31.87      0.00      6.24    12     26.89      0.00      4.01
 1492816528.30     0     31.54      0.00      5.58    12     27.02      0.00      6.12
 1492816528.40     0     31.46      0.00      5.36    12     27.34      0.00      6.56
 1492816528.50     0     31.93      0.00      5.91    12     26.96      0.00      5.02
 1492816528.60     0     32.42      0.00      6.40    12     26.89      0.00      4.04
 1492816528.70     0     32.41      0.00      6.39    12     26.90      0.00      4.10
 1492816528.80     0     32.39      0.00      6.41    12     26.87      0.00      4.12
 1492816528.90     0     32.41      0.00      6.34    12     26.91      0.00      4.11
 1492816529.01     0     32.47      0.00      6.19    12     26.94      0.00      5.07
 1492816529.11     0     33.59      0.00      6.00    12     27.05      0.00      6.16
 1492816529.21     0     33.53      0.00      5.97    12     27.00      0.00      5.90
 1492816529.31     0     33.57      0.00      5.78    12     26.98      0.00      5.95
 1492816529.41     0     33.54      0.00      5.95    12     26.98      0.00      6.12
 1492816529.51     0     32.90      0.00      6.49    12     26.96      0.00      4.55
 1492816529.61     0     33.14      0.00      6.20    12     26.94      0.00      4.87
 1492816529.71     0     32.85      0.00      5.93    12     26.91      0.00      4.58
 1492816529.81     0     31.64      0.00      5.51    12     26.94      0.00      5.51
 1492816529.91     0     31.22      0.00      5.42    12     27.16      0.00      5.36
 1492816530.01     0     31.18      0.00      5.44    12     26.96      0.00      5.54
 1492816530.11     0     31.25      0.00      5.41    12     26.92      0.00      5.46
 1492816530.21     0     31.13      0.00      5.49    12     26.92      0.00      5.30
 1492816530.31     0     31.20      0.00      5.38    12     26.93      0.00      5.52
 1492816530.41     0     31.19      0.00      5.38    12     26.93      0.00      5.44
 1492816530.51     0     31.16      0.00      5.51    12     26.90      0.00      5.52
 1492816530.61     0     31.15      0.00      5.53    12     26.93      0.00      5.21
 1492816530.71     0     31.13      0.00      5.43    12     26.91      0.00      5.65
 1492816530.81     0     31.17      0.00      5.55    12     26.93      0.00      5.41
 1492816530.91     0     31.19      0.00      5.50    12     26.89      0.00      5.00
 1492816531.01     0     31.13      0.00      5.51    12     26.90      0.00      5.74
 1492816531.11     0     31.15      0.00      5.50    12     26.91      0.00      5.26
 1492816531.21     0     31.21      0.00      5.54    12     26.92      0.00      5.30
 1492816531.31     0     31.42      0.00      5.54    12     27.21      0.00      5.57
 1492816531.41     0     31.12      0.00      5.50    12     26.66      0.00      5.33
 1492816531.51     0     31.16      0.00      5.62    12     27.25      0.00      5.33
 1492816531.61     0     31.17      0.00      5.58    12     26.95      0.00      5.32
 1492816531.71     0     31.22      0.00      5.84    12     26.97      0.00      5.63
 1492816531.81     0     31.15      0.00      5.69    12     26.93      0.00      5.27
 1492816531.91     0     31.17      0.00      5.62    12     26.95      0.00      4.96
 1492816532.01     0     31.16      0.00      5.60    12     26.97      0.00      5.48
 1492816532.11     0     31.17      0.00      5.62    12     26.94      0.00      5.13
 1492816532.21     0     31.13      0.00      5.65    12     26.96      0.00      5.17
 1492816532.31     0     31.18      0.00      5.62    12     26.93      0.00      5.18
 1492816532.41     0     31.11      0.00      5.59    12     26.94      0.00      5.70
 1492816532.51     0     31.16      0.00      5.66    12     26.95      0.00      5.20
 1492816532.61     0     31.14      0.00      5.58    12     26.96      0.00      5.17
 1492816532.71     0     31.15      0.00      5.65    12     26.90      0.00      5.25
 1492816532.81     0     31.18      0.00      5.60    12     26.96      0.00      5.65
 1492816532.91     0     31.49      0.00      5.65    12     27.19      0.00      5.06
 1492816533.01     0     31.17      0.00      5.66    12     26.95      0.00      5.14
 1492816533.11     0     31.14      0.00      5.62    12     26.95      0.00      5.15
 1492816533.21     0     31.17      0.00      5.59    12     26.94      0.00      5.51
 1492816533.31     0     31.19      0.00      5.61    12     26.94      0.00      5.22
 1492816533.41     0     31.11      0.00      5.65    12     26.93      0.00      5.23
 1492816533.51     0     31.18      0.00      5.66    12     26.96      0.00      5.21
 1492816533.61     0     31.14      0.00      5.48    12     26.96      0.00      5.27
 1492816533.71     0     31.13      0.00      5.55    12     26.97      0.00      5.36
 1492816533.81     0     31.18      0.00      5.56    12     26.96      0.00      5.15
 1492816533.91     0     31.15      0.00      5.62    12     26.95      0.00      4.96
 1492816534.01     0     31.16      0.00      5.55    12     26.94      0.00      5.13
 1492816534.11     0     31.18      0.00      5.54    12     26.97      0.00      4.95
 1492816534.21     0     31.19      0.00      5.52    12     26.93      0.00      5.33
 1492816534.31     0     31.15      0.00      5.59    12     26.94      0.00      5.13
 1492816534.41     0     31.18      0.00      5.63    12     27.20      0.00      5.05
 1492816534.51     0     31.12      0.00      5.61    12     26.92      0.00      4.83
 1492816534.61     0     31.47      0.00      5.56    12     26.92      0.00      4.87
 1492816534.71     0     31.16      0.00      5.63    12     26.95      0.00      5.07
 1492816534.81     0     31.15      0.00      5.56    12     26.97      0.00      5.11
 1492816534.91     0     31.14      0.00      5.60    12     26.90      0.00      5.02
 1492816535.01     0     31.16      0.00      5.55    12     26.96      0.00      5.23
 1492816535.11     0     31.15      0.00      5.50    12     26.94      0.00      4.91
 1492816535.21     0     31.14      0.00      5.52    12     26.93      0.00      5.07
 1492816535.31     0     31.13      0.00      5.53    12     26.90      0.00      5.19
 1492816535.41     0     31.13      0.00      5.45    12     26.92      0.00      4.86
 1492816535.51     0     31.18      0.00      5.44    12     26.92      0.00      4.80
 1492816535.62     0     31.12      0.00      5.49    12     26.93      0.00      5.08
 1492816535.72     0     31.12      0.00      5.42    12     26.93      0.00      4.96
 1492816535.82     0     31.14      0.00      5.47    12     26.92      0.00      4.96
 1492816535.92     0     31.15      0.00      5.49    12     26.91      0.00      5.03
 1492816536.02     0     31.15      0.00      5.46    12     27.18      0.00      5.07
 1492816536.12     0     31.16      0.00      5.49    12     26.88      0.00      4.77
 1492816536.22     0     31.49      0.00      5.40    12     26.93      0.00      4.76
 1492816536.32     0     31.17      0.00      5.32    12     26.91      0.00      4.73
 1492816536.42     0     31.19      0.00      5.38    12     26.93      0.00      4.77
 1492816536.52     0     31.24      0.00      5.38    12     26.91      0.00      4.92
 1492816536.62     0     31.19      0.00      5.37    12     26.90      0.00      4.57
 1492816536.72     0     31.18      0.00      5.42    12     26.88      0.00      4.70
 1492816536.82     0     31.24      0.00      5.31    12     26.92      0.00      4.73
 1492816536.92     0     31.22      0.00      5.38    12     26.91      0.00      4.61
 1492816537.02     0     31.23      0.00      5.34    12     26.90      0.00      4.52
 1492816537.12     0     31.24      0.00      5.40    12     26.89      0.00      4.47
 1492816537.22     0     31.16      0.00      5.43    12     26.89      0.00      4.45
 1492816537.32     0     31.24      0.00      5.41    12     27.17      0.00      4.46
 1492816537.42     0     31.22      0.00      5.33    12     26.88      0.00      4.44
 1492816537.52     0     31.26      0.00      5.35    12     26.87      0.00      4.37
 1492816537.62     0     31.51      0.00      5.41    12     26.84      0.00      4.34
 1492816537.72     0     30.94      0.00      5.33    12     26.89      0.00      4.21
 1492816537.82     0     32.41      0.00      6.58    12     26.93      0.00      4.87
 1492816537.92     0     32.19      0.00      5.95    12     26.86      0.00      4.78
 1492816538.02     0     32.13      0.00      6.06    12     26.82      0.00      4.04
 1492816538.12     0     32.13      0.00      5.98    12     26.89      0.00      4.69
 1492816538.22     0     31.89      0.00      5.37    12     27.00      0.00      6.36
 1492816538.32     0     31.94      0.00      5.46    12     26.98      0.00      6.29
 1492816538.42     0     32.26      0.00      5.06    12     26.89      0.00      5.38
 1492816538.52     0     32.70      0.00      4.82    12     26.78      0.00      4.14
 1492816538.62     0     33.68      0.00      6.08    12     27.12      0.00      5.05
 1492816538.72     0     33.75      0.00      6.34    12     26.92      0.00      4.51
 1492816538.82     0     32.60      0.00      5.44    12     26.84      0.00      4.61
 1492816538.92     0     32.47      0.00      6.42    12     26.82      0.00      4.20
 1492816539.02     0     32.42      0.00      6.40    12     26.86      0.00      4.17
 1492816539.12     0     32.65      0.00      5.83    12     27.01      0.00      6.20
 1492816539.22     0     32.29      0.00      5.65    12     27.10      0.00      6.46
 1492816539.32     0     32.83      0.00      6.42    12     26.97      0.00      5.67
 1492816539.42     0     32.67      0.00      6.36    12     26.96      0.00      5.37
 1492816539.52     0     34.06      0.00      5.06    12     26.80      0.00      4.43
 1492816539.62     0     34.49      0.00      4.98    12     26.85      0.00      4.14
 1492816539.72     0     34.03      0.00      6.43    12     26.93      0.00      4.72
 1492816539.82     0     33.84      0.00      6.67    12     28.24      0.00      4.41
 1492816539.92     0     32.70      0.00      6.91    12     26.88      0.00      4.05
 1492816540.02     0     32.60      0.00      6.55    12     26.93      0.00      4.17
 1492816540.12     0     32.54      0.00      6.59    12     26.85      0.00      4.04
 1492816540.22     0     32.49      0.00      6.60    12     26.85      0.00      4.07
 1492816540.32     0     32.52      0.00      6.59    12     26.87      0.00      4.00
 1492816540.42     0     32.50      0.00      6.62    12     26.89      0.00      4.09
 1492816540.52     0     32.61      0.00      6.46    12     26.90      0.00      4.15
 1492816540.62     0     33.79      0.00      8.31    12     26.97      0.00      4.24
 1492816540.72     0     33.76      0.00      6.97    12     26.84      0.00      4.24
 1492816540.82     0     34.56      0.00      7.19    12     26.86      0.00      4.13
 1492816540.92     0     33.82      0.00      7.12    12     26.87      0.00      4.16
 1492816541.02     0     33.52      0.00      6.88    12     26.83      0.00      4.06
 1492816541.12     0     33.78      0.00      6.39    12     31.21      0.00      4.65
 1492816541.22     0     33.23      0.00      5.90    12     35.04      0.00      5.09
 1492816541.32     0     33.10      0.00      5.91    12     34.98      0.00      4.87
 1492816541.42     0     33.09      0.00      5.89    12     35.01      0.00      4.93
 1492816541.52     0     33.05      0.00      5.82    12     35.00      0.00      4.92
 1492816541.62     0     32.51      0.00      5.90    12     35.09      0.00      4.93
 1492816541.72     0     32.54      0.00      5.82    12     34.99      0.00      4.93
 1492816541.83     0     31.51      0.00      5.87    12     35.87      0.00      4.94
 1492816541.93     0     31.17      0.00      5.79    12     34.13      0.00      4.88
 1492816542.03     0     31.21      0.00      5.77    12     33.48      0.00      4.94
 1492816542.13     0     31.25      0.00      5.85    12     34.11      0.00      4.88
 1492816542.23     0     31.23      0.00      5.92    12     33.52      0.00      4.94
 1492816542.33     0     31.50      0.00      5.95    12     33.60      0.00      4.94
 1492816542.43     0     31.23      0.00      5.87    12     31.59      0.00      4.97
 1492816542.53     0     31.23      0.00      5.90    12     31.55      0.00      4.95
 1492816542.63     0     31.23      0.00      5.87    12     33.44      0.00      4.86
 1492816542.73     0     31.20      0.00      5.86    12     31.83      0.00      4.97
 1492816542.83     0     31.28      0.00      5.75    12     33.78      0.00      4.88
 1492816542.93     0     31.21      0.00      5.87    12     31.79      0.00      4.97
 1492816543.03     0     31.20      0.00      5.71    12     31.49      0.00      4.93
 1492816543.13     0     31.20      0.00      5.88    12     33.54      0.00      4.93
 1492816543.23     0     31.23      0.00      5.86    12     31.56      0.00      4.92
 1492816543.33     0     31.21      0.00      5.86    12     31.58      0.00      4.93
 1492816543.43     0     31.19      0.00      5.87    12     36.08      0.00      4.95
 1492816543.53     0     31.19      0.00      5.80    12     33.50      0.00      4.91
 1492816543.63     0     31.21      0.00      5.88    12     33.56      0.00      4.81
 1492816543.73     0     32.57      0.00      5.39    12     33.19      0.00      5.11
 1492816543.83     0     34.28      0.00      5.23    12     28.94      0.00      5.18
 1492816543.93     0     33.12      0.00      6.56    12     30.25      0.00      5.06
 1492816544.03     0     35.06      0.00      7.91    12     33.24      0.00      6.17
 1492816544.13     0     37.59      0.00      6.77    12     38.30      0.00      7.28
 1492816544.23     0     61.78      0.00     13.50    12     65.93      0.00     11.69
 1492816544.33     0     41.15      0.00      8.64    12     37.82      0.00      7.20
 1492816544.43     0     38.77      0.00      6.05    12     34.26      0.00      5.88
 1492816544.53     0     69.55      0.00     12.77    12     66.40      0.00     11.32
 1492816544.63     0     68.76      0.00     12.80    12     63.54      0.00      9.66
 1492816544.73     0     43.65      0.00      9.06    12     50.43      0.00      8.25
 1492816544.83     0     54.15      0.00      8.97    12     51.56      0.00      9.31
 1492816544.93     0     32.17      0.00      5.81    12     26.95      0.00      4.78
 1492816545.03     0     31.94      0.00      5.96    12     26.90      0.00      5.34
 1492816545.13     0     32.66      0.00      6.71    12     26.80      0.00      4.11
 1492816545.23     0     32.36      0.00      6.64    12     26.88      0.00      4.09
 1492816545.33     0     32.30      0.00      6.18    12     27.01      0.00      6.11
 1492816545.43     0     32.29      0.00      6.15    12     27.28      0.00      6.37
 1492816545.53     0     32.26      0.00      6.36    12     26.99      0.00      5.58
 1492816545.63     0     34.23      0.00      5.67    12     26.89      0.00      4.28
 1492816545.73     0     35.98      0.00      4.61    12     26.85      0.00      4.09
 1492816545.83     0     48.69      0.00      7.40    12     45.47      0.00      8.00
 1492816545.93     0     70.31      0.00     13.92    12     67.24      0.00     13.47
 1492816546.03     0     36.61      0.00      5.61    12     29.43      0.00      4.75
 1492816546.13     0     48.59      0.00      7.09    12     46.05      0.00      8.21
 1492816546.23     0     67.30      0.00      8.35    12     66.01      0.00      7.74
 1492816546.33     0     66.28      0.00      6.00    12     65.00      0.00      5.72
 1492816546.43     0     66.24      0.00      5.98    12     65.07      0.00      5.78
 1492816546.53     0     66.27      0.00      5.92    12     65.05      0.00      5.68
 1492816546.63     0     66.23      0.00      5.91    12     65.12      0.00      5.51
 1492816546.73     0     66.31      0.00      5.90    12     65.10      0.00      5.56
 1492816546.83     0     66.28      0.00      5.93    12     65.18      0.00      5.76
 1492816546.93     0     66.31      0.00      5.94    12     65.18      0.00      5.70
 1492816547.03     0     66.27      0.00      5.90    12     65.13      0.00      5.57
 1492816547.13     0     66.36      0.00      5.82    12     65.23      0.00      5.51
 1492816547.23     0     66.33      0.00      5.84    12     65.06      0.00      5.79
 1492816547.33     0     66.24      0.00      5.83    12     65.23      0.00      5.64
 1492816547.43     0     66.33      0.00      5.87    12     65.09      0.00      5.61
 1492816547.53     0     66.33      0.00      5.84    12     65.20      0.00      5.55
 1492816547.63     0     66.29      0.00      5.76    12     65.16      0.00      5.59
 1492816547.73     0     66.32      0.00      5.67    12     65.20      0.00      5.66
 1492816547.83     0     66.37      0.00      5.80    12     65.15      0.00      5.55
 1492816547.93     0     66.41      0.00      5.93    12     65.16      0.00      5.55
 1492816548.03     0     66.30      0.00      5.85    12     65.16      0.00      5.67
 1492816548.13     0     66.48      0.00      5.91    12     65.35      0.00      5.73
 1492816548.23     0     66.27      0.00      5.78    12     65.08      0.00      5.72
 1492816548.33     0     66.42      0.00      5.94    12     65.16      0.00      5.78
 1492816548.43     0     66.29      0.00      5.92    12     65.14      0.00      5.71
 1492816548.53     0     66.39      0.00      5.98    12     65.17      0.00      5.88
 1492816548.63     0     66.43      0.00      5.96    12     65.19      0.00      5.81
 1492816548.73     0     66.42      0.00      5.92    12     65.20      0.00      5.85
 1492816548.83     0     66.40      0.00      5.94    12     65.20      0.00      5.91
 1492816548.93     0     66.32      0.00      5.96    12     65.19      0.00      5.84
 1492816549.03     0     66.37      0.00      5.83    12     65.22      0.00      5.89
 1492816549.13     0     66.35      0.00      5.98    12     65.13      0.00      5.85
 1492816549.24     0     66.50      0.00      5.96    12     65.26      0.00      5.91
 1492816549.34     0     66.29      0.00      5.91    12     65.13      0.00      5.94
 1492816549.44     0     66.41      0.00      5.86    12     65.19      0.00      5.95
 1492816549.54     0     66.43      0.00      5.96    12     65.28      0.00      5.94
 1492816549.64     0     66.41      0.00      5.96    12     65.27      0.00      5.91
 1492816549.74     0     66.41      0.00      5.99    12     65.29      0.00      5.98
 1492816549.84     0     66.40      0.00      5.93    12     65.22      0.00      6.05
 1492816549.94     0     66.43      0.00      5.99    12     65.29      0.00      6.03
 1492816550.04     0     66.38      0.00      5.96    12     65.32      0.00      5.95
 1492816550.14     0     66.42      0.00      5.92    12     65.19      0.00      5.97
 1492816550.24     0     50.03      0.00      5.57    12     61.75      0.00      5.78
 1492816550.34     0     70.15      0.00     12.01    12     68.94      0.00     12.00
 1492816550.44     0     67.20      0.00      6.53    12     65.69      0.00      6.19
 1492816550.54     0     67.17      0.00      6.50    12     65.59      0.00      6.23
 1492816550.64     0     67.18      0.00      6.58    12     65.63      0.00      6.36
 1492816550.74     0     67.16      0.00      6.56    12     65.51      0.00      6.22
 1492816550.84     0     67.18      0.00      6.55    12     65.58      0.00      6.21
 1492816550.94     0     67.16      0.00      6.53    12     65.66      0.00      6.35
 1492816551.04     0     67.19      0.00      6.45    12     65.67      0.00      6.23
 1492816551.14     0     67.19      0.00      6.55    12     65.65      0.00      6.29
 1492816551.24     0     67.22      0.00      6.49    12     65.62      0.00      6.28
 1492816551.34     0     67.25      0.00      6.55    12     65.58      0.00      6.15
 1492816551.44     0     67.08      0.00      6.53    12     65.70      0.00      6.33
 1492816551.54     0     67.18      0.00      6.46    12     65.60      0.00      6.26
 1492816551.64     0     67.17      0.00      6.55    12     65.61      0.00      6.17
 1492816551.74     0     67.27      0.00      6.62    12     65.76      0.00      6.58
 1492816551.84     0     67.19      0.00      6.62    12     65.76      0.00      6.29
 1492816551.94     0     67.21      0.00      6.49    12     65.67      0.00      6.22
 1492816552.04     0     67.22      0.00      6.51    12     65.59      0.00      6.16
 1492816552.14     0     67.25      0.00      6.49    12     65.65      0.00      6.16
 1492816552.24     0     67.22      0.00      6.60    12     65.68      0.00      6.10
 1492816552.34     0     67.26      0.00      6.63    12     65.61      0.00      6.14
 1492816552.44     0     67.42      0.00      6.66    12     65.80      0.00      6.21
 1492816552.54     0     67.42      0.00      6.96    12     66.08      0.00      6.90
 1492816552.64     0     67.51      0.00      6.85    12     66.13      0.00      7.20
 1492816552.74     0     67.31      0.00      6.63    12     65.97      0.00      6.72
 1492816552.84     0     67.21      0.00      6.53    12     65.91      0.00      6.65
 1492816552.94     0     67.22      0.00      6.63    12     65.84      0.00      6.50
 1492816553.04     0     67.29      0.00      6.56    12     65.70      0.00      6.63
 1492816553.14     0     67.32      0.00      6.57    12     65.91      0.00      6.55
 1492816553.24     0     67.28      0.00      6.54    12     65.91      0.00      6.46
 1492816553.34     0     67.29      0.00      6.48    12     65.81      0.00      6.46
 1492816553.44     0     67.28      0.00      6.31    12     65.68      0.00      6.28
 1492816553.54     0     67.20      0.00      6.42    12     65.85      0.00      6.18
 1492816553.64     0     67.21      0.00      6.47    12     65.72      0.00      6.42
 1492816553.74     0     67.27      0.00      6.47    12     65.75      0.00      6.34
 1492816553.84     0     67.95      0.00      6.55    12     65.79      0.00      6.40
 1492816553.94     0     66.62      0.00      6.45    12     65.75      0.00      6.36
 1492816554.04     0     67.93      0.00      6.50    12     65.79      0.00      6.35
 1492816554.14     0     67.26      0.00      6.45    12     65.87      0.00      6.49
 1492816554.24     0     67.34      0.00      6.49    12     65.85      0.00      6.44
 1492816554.34     0     67.22      0.00      6.47    12     65.90      0.00      6.43
 1492816554.44     0     66.55      0.00      6.40    12     65.93      0.00      6.41
 1492816554.54     0     61.10      0.00      6.36    12     65.76      0.00      6.38
 1492816554.64     0     29.97      0.00      6.04    12     45.54      0.00      5.76
 1492816554.74     0     36.40      0.00      7.03    12     31.68      0.00      5.86
 1492816554.84     0     32.42      0.00      6.82    12     26.98      0.00      4.84
 1492816554.94     0     32.26      0.00      6.17    12     26.95      0.00      4.19
 1492816555.04     0     32.29      0.00      6.21    12     26.90      0.00      4.03
 1492816555.14     0     31.55      0.00      5.58    12     26.92      0.00      3.97
 1492816555.24     0     31.46      0.00      5.53    12     26.89      0.00      4.06
 1492816555.34     0     31.44      0.00      5.45    12     26.93      0.00      4.03
 1492816555.44     0     31.39      0.00      5.48    12     26.92      0.00      4.04
 1492816555.54     0     31.33      0.00      5.48    12     26.85      0.00      4.05
 1492816555.64     0     31.42      0.00      5.47    12     26.89      0.00      4.00
 1492816555.74     0     31.36      0.00      5.47    12     26.91      0.00      4.05
 1492816555.84     0     31.38      0.00      5.46    12     26.85      0.00      4.09
 1492816555.94     0     31.64      0.00      5.57    12     26.90      0.00      4.15
 1492816556.04     0     31.72      0.00      5.76    12     26.87      0.00      4.07
 1492816556.14     0     32.03      0.00      5.46    12     27.15      0.00      4.04
 1492816556.24     0     32.48      0.00      5.65    12     26.87      0.00      4.12
 1492816556.34     0     34.69      0.00      5.45    12     26.90      0.00      4.03
 1492816556.44     0     36.33      0.00      5.45    12     26.91      0.00      4.42
 1492816556.54     0     36.66      0.00      5.08    12     26.85      0.00      3.95
 1492816556.64     0     34.44      0.00      5.25    12     26.90      0.00      4.11
 1492816556.74     0     32.12      0.00      5.28    12     26.89      0.00      4.21
 1492816556.84     0     32.23      0.00      4.72    12     26.89      0.00      3.95
 1492816556.94     0     32.18      0.00      4.83    12     26.89      0.00      4.38
 1492816557.04     0     48.10      0.00      6.97    12     47.51      0.00      6.32
 1492816557.14     0     55.60      0.00      6.83    12     58.54      0.00      5.92
 1492816557.24     0     55.50      0.00      6.48    12     42.74      0.00      5.68
 1492816557.34     0     57.00      0.00      6.19    12     33.21      0.00      5.42
 1492816557.44     0     57.08      0.00      5.83    12     27.09      0.00      5.42
 1492816557.54     0     32.08      0.00      4.44    12     26.85      0.00      4.15
 1492816557.65     0     34.14      0.00      5.02    12     28.83      0.00      4.80
 1492816557.75     0     74.99      0.00     10.88    12     72.79      0.00      9.82
 1492816557.85     0     59.09      0.00      8.88    12     63.91      0.00      8.67
 1492816557.95     0     44.78      0.00      6.56    12     44.58      0.00      6.38
 1492816558.05     0     32.88      0.00      5.79    12     26.88      0.00      5.47
 1492816558.15     0     34.53      0.00      5.25    12     26.89      0.00      4.83
 1492816558.25     0     41.89      0.00      6.72    12     35.13      0.00      6.00
 1492816558.35     0     44.56      0.00      6.10    12     39.09      0.00      5.72
 1492816558.45     0     67.51      0.00      6.54    12     66.36      0.00      6.67
 1492816558.55     0     67.56      0.00      6.54    12     66.42      0.00      6.59
 1492816558.65     0     56.95      0.00      6.75    12     59.64      0.00      7.15
 1492816558.75     0     69.71      0.00      8.15    12     68.20      0.00      8.30
 1492816558.85     0     69.67      0.00      8.15    12     68.07      0.00      8.26
 1492816558.95     0     69.58      0.00      7.89    12     68.42      0.00      8.25
 1492816559.05     0     62.39      0.00      7.41    12     67.34      0.00      8.19
 1492816559.15     0     29.15      0.00      5.44    12     30.85      0.00      5.63
 1492816559.25     0     35.11      0.00      6.65    12     29.98      0.00      5.46
 1492816559.35     0     32.20      0.00      6.21    12     26.96      0.00      5.24
 1492816559.45     0     31.20      0.00      5.15    12     26.92      0.00      5.32
 1492816559.55     0     31.18      0.00      5.23    12     26.90      0.00      5.12
 1492816559.65     0     31.21      0.00      5.27    12     26.89      0.00      5.18
 1492816559.75     0     31.20      0.00      5.33    12     27.20      0.00      5.34
 1492816559.85     0     31.19      0.00      5.36    12     26.94      0.00      5.23
 1492816559.95     0     31.49      0.00      5.36    12     26.95      0.00      4.76
 1492816560.05     0     32.39      0.00      5.05    12     26.89      0.00      4.24
 1492816560.15     0     36.69      0.00      5.55    12     27.02      0.00      4.93
 1492816560.25     0     36.21      0.00      5.00    12     26.90      0.00      4.32
 1492816560.35     0     35.64      0.00      5.22    12     26.90      0.00      4.84
 1492816560.45     0     33.30      0.00      5.30    12     26.90      0.00      4.90
 1492816560.55     0     31.28      0.00      5.07    12     26.92      0.00      5.71
 1492816560.65     0     31.31      0.00      4.50    12     26.83      0.00      4.03
 1492816560.75     0     31.35      0.00      4.88    12     26.87      0.00      4.10
 1492816560.85     0     60.45      0.00      5.66    12     60.31      0.00      5.89
 1492816560.95     0     32.59      0.00      4.53    12     28.12      0.00      4.26
 1492816561.05     0     31.41      0.00      4.42    12     26.83      0.00      4.01
 1492816561.15     0     47.14      0.00      6.28    12     43.07      0.00      6.15
 1492816561.25     0     74.26      0.00      8.80    12     72.77      0.00      8.60
 1492816561.35     0     64.13      0.00      8.23    12     67.17      0.00      8.24
 1492816561.45     0     38.25      0.00      5.46    12     35.04      0.00      5.12
 1492816561.55     0     37.68      0.00      5.14    12     29.78      0.00      4.93
 1492816561.65     0     63.71      0.00      7.25    12     62.27      0.00      7.48
 1492816561.75     0     62.62      0.00      7.62    12     65.69      0.00      8.09
 1492816561.85     0     31.64      0.00      5.10    12     27.94      0.00      4.52
 1492816561.95     0     31.13      0.00      4.44    12     26.80      0.00      4.12
 1492816562.05     0     33.23      0.00      4.93    12     26.89      0.00      4.48
 1492816562.15     0     36.19      0.00      5.17    12     26.86      0.00      4.40
 1492816562.25     0     33.21      0.00      4.87    12     26.91      0.00      4.62
 1492816562.35     0     32.10      0.00      4.51    12     26.83      0.00      4.24
 1492816562.45     0     44.39      0.00      4.90    12     42.06      0.00      5.92
 1492816562.55     0     55.51      0.00      5.56    12     54.48      0.00      5.78
 1492816562.65     0     47.38      0.00      5.30    12     42.67      0.00      5.27
 1492816562.75     0     34.07      0.00      4.91    12     27.34      0.00      4.90
 1492816562.85     0     34.03      0.00      4.78    12     26.86      0.00      4.26
 1492816562.95     0     43.50      0.00      4.87    12     39.62      0.00      5.22
 1492816563.05     0     36.67      0.00      4.87    12     29.52      0.00      4.60
 1492816563.15     0     58.18      0.00     10.92    12     56.48      0.00     10.67
 1492816563.25     0     60.91      0.00     10.72    12     59.94      0.00      9.74
 1492816563.35     0     65.70      0.00     12.19    12     63.59      0.00     11.96
 1492816563.45     0     69.87      0.00     11.87    12     64.88      0.00     11.53
 1492816563.55     0     73.60      0.00     12.43    12     68.46      0.00     12.38
 1492816563.65     0     60.11      0.00      9.45    12     59.67      0.00      9.58
 1492816563.75     0     65.36      0.00      9.51    12     62.51      0.00      9.35
 1492816563.85     0     74.01      0.00     12.19    12     71.96      0.00     13.29
 1492816563.95     0     64.42      0.00     11.32    12     63.36      0.00     11.90
 1492816564.05     0     62.02      0.00     10.92    12     60.57      0.00     11.14
 1492816564.15     0     55.94      0.00      9.23    12     56.69      0.00     10.11
 1492816564.25     0     79.17      0.00     13.93    12     77.94      0.00     14.18
 1492816564.35     0     60.03      0.00      9.88    12     56.28      0.00      9.88
 1492816564.45     0     57.07      0.00      7.86    12     54.67      0.00      7.41
 1492816564.56     0     71.26      0.00     12.08    12     68.81      0.00     12.40
 1492816564.66     0     70.25      0.00     12.11    12     70.37      0.00     12.64
 1492816564.76     0     50.45      0.00      8.32    12     44.80      0.00      7.76
 1492816564.86     0     66.32      0.00     12.04    12     61.56      0.00     11.27
 1492816564.96     0     61.36      0.00     10.47    12     58.57      0.00     10.58
 1492816565.06     0     69.87      0.00     11.90    12     68.89      0.00     12.50
 1492816565.16     0     67.32      0.00     10.31    12     65.02      0.00     10.90
 1492816565.26     0     63.05      0.00      9.55    12     59.20      0.00      9.22
 1492816565.36     0     83.99      0.00     14.64    12     81.35      0.00     14.80
 1492816565.46     0     58.50      0.00      9.81    12     60.87      0.00     10.58
 1492816565.56     0     70.35      0.00     12.93    12     67.94      0.00     12.94
 1492816565.66     0     61.91      0.00     10.29    12     61.87      0.00     10.97
 1492816565.76     0     72.86      0.00     12.63    12     72.80      0.00     13.17
 1492816565.86     0     60.09      0.00      9.74    12     56.87      0.00      9.63
 1492816565.96     0     59.63      0.00      8.38    12     57.26      0.00      8.09
 1492816566.06     0     74.48      0.00     12.12    12     69.50      0.00     12.81
 1492816566.16     0     65.40      0.00     10.83    12     65.22      0.00     11.82
 1492816566.26     0     55.30      0.00      9.35    12     53.18      0.00      9.58
 1492816566.36     0     69.11      0.00     12.33    12     66.88      0.00     12.58
 1492816566.46     0     66.02      0.00     10.99    12     61.43      0.00     11.11
 1492816566.56     0     70.38      0.00     12.41    12     71.27      0.00     13.00
 1492816566.66     0     55.18      0.00      8.79    12     51.45      0.00      8.46
 1492816566.76     0     62.42      0.00      9.46    12     60.41      0.00      9.18
 1492816566.86     0     76.38      0.00     13.25    12     73.19      0.00     13.05
 1492816566.96     0     62.42      0.00     10.19    12     56.00      0.00      9.51
 1492816567.06     0     56.34      0.00      9.16    12     51.19      0.00      9.40
 1492816567.16     0     71.66      0.00     12.54    12     70.46      0.00     13.51
 1492816567.26     0     63.61      0.00     10.43    12     60.81      0.00     10.68
 1492816567.36     0     72.53      0.00     12.50    12     72.74      0.00     13.03
 1492816567.46     0     62.85      0.00      9.91    12     59.60      0.00      9.67
 1492816567.56     0     66.03      0.00      9.97    12     63.69      0.00      9.40
 1492816567.66     0     76.27      0.00     13.13    12     73.37      0.00     13.66
 1492816567.76     0     54.04      0.00      8.39    12     52.50      0.00      8.76
 1492816567.86     0     63.77      0.00     11.38    12     64.84      0.00     12.34
 1492816567.96     0     73.90      0.00     11.73    12     70.48      0.00     12.09
 1492816568.06     0     67.89      0.00     11.32    12     64.38      0.00     11.46
 1492816568.16     0     67.64      0.00     11.93    12     68.92      0.00     12.66
 1492816568.26     0     66.90      0.00     10.31    12     64.06      0.00     10.12
 1492816568.36     0     62.94      0.00      9.94    12     60.20      0.00      9.76
 1492816568.46     0     83.96      0.00     14.45    12     81.66      0.00     14.61
 1492816568.56     0     52.78      0.00      8.20    12     50.15      0.00      8.19
 1492816568.66     0     61.45      0.00     10.20    12     61.90      0.00     11.84
 1492816568.76     0     68.58      0.00     11.49    12     68.34      0.00     12.19
 1492816568.86     0     72.26      0.00     12.21    12     69.18      0.00     12.55
 1492816568.96     0     65.42      0.00     11.42    12     64.63      0.00     11.85
 1492816569.06     0     65.11      0.00      9.45    12     63.22      0.00      9.58
 1492816569.16     0     61.85      0.00      9.45    12     58.89      0.00      9.65
 1492816569.27     0     82.88      0.00     14.73    12     80.21      0.00     14.98
 1492816569.37     0     56.20      0.00      9.33    12     53.78      0.00      9.85
 1492816569.47     0     57.93      0.00      9.97    12     57.58      0.00     10.45
 1492816569.57     0     71.25      0.00     12.51    12     72.53      0.00     13.23
 1492816569.67     0     67.53      0.00     11.17    12     65.74      0.00     11.44
 1492816569.77     0     69.36      0.00     12.01    12     68.13      0.00     12.41
 1492816569.87     0     62.31      0.00      9.86    12     60.19      0.00     10.38
 1492816569.97     0     63.57      0.00      9.41    12     60.95      0.00      9.86
 1492816570.07     0     76.02      0.00     12.39    12     73.52      0.00     13.08
 1492816570.17     0     57.15      0.00      9.31    12     52.77      0.00      8.91
 1492816570.27     0     62.78      0.00     11.14    12     59.47      0.00     11.44
 1492816570.37     0     72.88      0.00     12.73    12     69.99      0.00     13.43
 1492816570.47     0     59.06      0.00      9.56    12     56.61      0.00      9.93
 1492816570.57     0     78.82      0.00     13.69    12     79.68      0.00     14.46
 1492816570.67     0     61.01      0.00      9.89    12     58.42      0.00     10.26
 1492816570.77     0     63.88      0.00      9.32    12     60.62      0.00      9.36
 1492816570.87     0     74.46      0.00     12.68    12     72.53      0.00     13.33
 1492816570.97     0     61.19      0.00     10.09    12     61.47      0.00     10.77
 1492816571.07     0     62.73      0.00     11.34    12     65.03      0.00     11.97
 1492816571.17     0     74.39      0.00     12.95    12     71.07      0.00     12.74
 1492816571.27     0     78.98      0.00     13.51    12     77.11      0.00     13.82
 1492816571.37     0     67.61      0.00     10.82    12     63.76      0.00     11.02
 1492816571.47     0     70.86      0.00     12.22    12     71.73      0.00     12.66
 1492816571.57     0     56.45      0.00      8.75    12     55.56      0.00      9.13
 1492816571.67     0     65.55      0.00      9.74    12     62.44      0.00      9.52
 1492816571.77     0     75.85      0.00     12.71    12     73.62      0.00     13.55
 1492816571.87     0     56.47      0.00      9.16    12     55.60      0.00      9.90
 1492816571.97     0     65.59      0.00     12.93    12     66.40      0.00     12.94
 1492816572.07     0     62.39      0.00      9.82    12     62.36      0.00     10.96
 1492816572.17     0     82.69      0.00     14.43    12     80.64      0.00     14.75
 1492816572.27     0     54.46      0.00      8.05    12     54.14      0.00      8.79
 1492816572.37     0     62.84      0.00      9.13    12     60.05      0.00      8.45
 1492816572.47     0     70.86      0.00     11.80    12     67.74      0.00     12.29
 1492816572.57     0     72.15      0.00     12.22    12     71.41      0.00     12.95
 1492816572.67     0     52.50      0.00      8.60    12     50.53      0.00      9.02
 1492816572.77     0     62.49      0.00     11.64    12     62.64      0.00     11.45
 1492816572.87     0     73.89      0.00     12.69    12     71.65      0.00     12.93
 1492816572.97     0     63.59      0.00     10.85    12     64.24      0.00     11.87
 1492816573.07     0     64.68      0.00      9.58    12     64.21      0.00      9.60
 1492816573.17     0     64.70      0.00     10.58    12     63.42      0.00     10.49
 1492816573.27     0     82.69      0.00     14.41    12     79.30      0.00     14.02
 1492816573.37     0     54.10      0.00      8.76    12     47.41      0.00      8.43
 1492816573.47     0     63.43      0.00     11.50    12     58.53      0.00     11.20
 1492816573.57     0     58.49      0.00      9.55    12     55.76      0.00     10.04
 1492816573.67     0     77.15      0.00     13.48    12     76.90      0.00     14.15
 1492816573.77     0     55.24      0.00      9.29    12     52.29      0.00      8.83
 1492816573.87     0     60.22      0.00      8.56    12     58.71      0.00      8.60
 1492816573.98     0     71.73      0.00     12.46    12     68.17      0.00     12.27
 1492816574.08     0     69.00      0.00     11.42    12     70.07      0.00     12.81
 1492816574.18     0     56.00      0.00      9.46    12     53.58      0.00      9.81
 1492816574.28     0     65.57      0.00     11.27    12     65.56      0.00     12.39
 1492816574.38     0     70.23      0.00     12.12    12     65.63      0.00     10.75
 1492816574.48     0     68.24      0.00     11.73    12     65.20      0.00     11.90
 1492816574.58     0     54.98      0.00      8.14    12     51.22      0.00      8.70
 1492816574.68     0     64.53      0.00      9.31    12     61.59      0.00      9.62
 1492816574.78     0     76.28      0.00     12.73    12     72.71      0.00     13.24
 1492816574.88     0     57.45      0.00      9.32    12     60.24      0.00     10.43
 1492816574.98     0     57.05      0.00     10.34    12     58.19      0.00     11.10
 1492816575.08     0     64.84      0.00     10.92    12     68.64      0.00     11.96
 1492816575.18     0     72.57      0.00     12.18    12     68.82      0.00     12.59
 1492816575.28     0     67.37      0.00     11.81    12     69.50      0.00     12.75
 1492816575.38     0     61.29      0.00      8.94    12     59.23      0.00      9.11
 1492816575.48     0     61.18      0.00      9.21    12     59.49      0.00      9.27
 1492816575.58     0     84.18      0.00     14.70    12     82.09      0.00     14.82
 1492816575.68     0     51.06      0.00      8.20    12     49.35      0.00      8.21
 1492816575.78     0     62.52      0.00     10.86    12     63.21      0.00     11.84
 1492816575.88     0     63.67      0.00     10.57    12     64.81      0.00     11.14
 1492816575.98     0     76.68      0.00     13.45    12     74.68      0.00     13.54
 1492816576.08     0     64.55      0.00     10.51    12     65.13      0.00     11.12
 1492816576.18     0     59.83      0.00      8.29    12     56.59      0.00      8.29
 1492816576.28     0     67.30      0.00     11.21    12     64.57      0.00     11.37
 1492816576.38     0     77.72      0.00     13.10    12     78.64      0.00     14.19
 1492816576.48     0     55.91      0.00      8.87    12     48.33      0.00      8.10
 1492816576.58     0     66.56      0.00     11.68    12     62.42      0.00     11.43
 1492816576.68     0     59.71      0.00      9.29    12     58.80      0.00     10.00
 1492816576.78     0     80.42      0.00     14.62    12     76.83      0.00     14.50
 1492816576.88     0     59.33      0.00      9.63    12     62.12      0.00     10.53
 1492816576.98     0     56.99      0.00      8.24    12     53.24      0.00      8.32
 1492816577.08     0     63.89      0.00      9.97    12     61.82      0.00     10.31
 1492816577.18     0     82.91      0.00     14.39    12     80.27      0.00     14.15
 1492816577.28     0     53.81      0.00      8.94    12     51.02      0.00      9.12
 1492816577.38     0     60.52      0.00     10.61    12     62.54      0.00     11.14
 1492816577.48     0     69.63      0.00     11.68    12     65.60      0.00     11.45
 1492816577.58     0     75.22      0.00     12.79    12     71.10      0.00     12.04
 1492816577.68     0     66.46      0.00     11.51    12     62.37      0.00     11.18
 1492816577.78     0     50.74      0.00      7.41    12     47.89      0.00      7.32
 1492816577.89     0     64.40      0.00      9.53    12     61.61      0.00      9.98
 1492816577.99     0     77.33      0.00     13.51    12     75.11      0.00     13.79
 1492816578.09     0     49.93      0.00      8.03    12     48.09      0.00      7.99
 1492816578.19     0     60.77      0.00     10.88    12     60.08      0.00     11.54
 1492816578.29     0     70.81      0.00     12.85    12     68.26      0.00     13.01
 1492816578.39     0     67.69      0.00     11.51    12     68.62      0.00     12.35
 1492816578.49     0     75.73      0.00     12.96    12     72.46      0.00     12.79
 1492816578.59     0     66.80      0.00     11.74    12     62.71      0.00     10.95
 1492816578.69     0     50.57      0.00      7.63    12     47.79      0.00      7.47
 1492816578.79     0     65.14      0.00      9.76    12     62.85      0.00      9.89
 1492816578.89     0     75.63      0.00     13.11    12     73.73      0.00     13.39
 1492816578.99     0     55.83      0.00      8.66    12     54.72      0.00      9.41
 1492816579.09     0     57.43      0.00     10.72    12     63.11      0.00     11.69
 1492816579.19     0     31.84      0.00      5.28    12     29.88      0.00      5.45
 1492816579.29     0     16.03      0.00      2.25    12     15.85      0.00      2.70
 1492816579.39     0     20.39      0.00      3.43    12     20.06      0.00      3.92
