         #Time  Core     P_PKG     P_PP0    P_DRAM  Core     P_PKG     P_PP0    P_DRAM
 1494823722.10     0     27.10      0.00      7.64    12     28.91      0.00      8.17
 1494823722.20     0     57.32      0.00     17.49    12     57.52      0.00     17.68
 1494823722.30     0     74.56      0.00     18.13    12     73.34      0.00     18.66
 1494823722.40     0     83.00      0.00     19.76    12     81.12      0.00     20.48
 1494823722.50     0     80.25      0.00     18.80    12     78.63      0.00     19.89
 1494823722.60     0     71.52      0.00     15.15    12     71.54      0.00     15.80
 1494823722.70     0     87.56      0.00     18.05    12     86.04      0.00     18.64
 1494823722.80     0     76.54      0.00     13.69    12     75.58      0.00     14.23
 1494823722.90     0     80.37      0.00     16.91    12     80.12      0.00     17.60
 1494823723.00     0     97.10      0.00     20.62    12     95.62      0.00     21.13
 1494823723.10     0    103.13      0.00     21.18    12    101.43      0.00     21.46
 1494823723.20     0     98.29      0.00     19.29    12     97.25      0.00     19.99
 1494823723.30     0     95.17      0.00     19.20    12     91.95      0.00     18.97
 1494823723.40     0     98.62      0.00     20.71    12     97.94      0.00     21.48
 1494823723.50     0     99.86      0.00     20.34    12     97.93      0.00     20.53
 1494823723.60     0     96.73      0.00     19.29    12     95.02      0.00     19.83
 1494823723.71     0     98.40      0.00     20.43    12     96.89      0.00     20.86
 1494823723.81     0     85.35      0.00     16.72    12     83.99      0.00     17.21
 1494823723.91     0     72.41      0.00     13.26    12     72.35      0.00     14.23
 1494823724.01     0     90.30      0.00     20.13    12     89.92      0.00     20.73
 1494823724.11     0    103.97      0.00     21.08    12    102.39      0.00     21.55
 1494823724.21     0     97.14      0.00     19.44    12     95.45      0.00     20.10
 1494823724.31     0     97.17      0.00     19.35    12     95.54      0.00     18.86
 1494823724.41     0     99.68      0.00     20.32    12     98.33      0.00     20.47
 1494823724.51     0     99.80      0.00     20.63    12     98.30      0.00     20.97
 1494823724.61     0     94.22      0.00     18.75    12     92.96      0.00     19.02
 1494823724.71     0     99.08      0.00     20.17    12     98.73      0.00     20.92
 1494823724.81     0     95.42      0.00     20.42    12     92.96      0.00     20.78
 1494823724.91     0     69.16      0.00     11.12    12     68.79      0.00     11.94
 1494823725.01     0     75.83      0.00     15.53    12     76.19      0.00     16.18
 1494823725.11     0     92.76      0.00     19.95    12     91.63      0.00     20.61
 1494823725.21     0    104.45      0.00     20.97    12    103.04      0.00     21.32
 1494823725.31     0     98.08      0.00     19.73    12     96.44      0.00     19.94
 1494823725.41     0     92.76      0.00     18.88    12     92.11      0.00     18.96
 1494823725.51     0     99.02      0.00     20.80    12     97.64      0.00     21.25
 1494823725.61     0    100.84      0.00     20.74    12     99.15      0.00     21.20
 1494823725.71     0     94.14      0.00     18.79    12     93.17      0.00     19.03
 1494823725.81     0    100.06      0.00     20.60    12     99.65      0.00     21.36
 1494823725.91     0     89.78      0.00     18.58    12     87.27      0.00     18.89
 1494823726.01     0     73.46      0.00     13.16    12     72.83      0.00     13.68
 1494823726.11     0     85.29      0.00     18.16    12     84.85      0.00     19.26
 1494823726.21     0     99.54      0.00     20.93    12     98.21      0.00     20.90
 1494823726.31     0     98.86      0.00     19.82    12     97.46      0.00     20.46
 1494823726.41     0     98.51      0.00     19.43    12     96.62      0.00     19.44
 1494823726.51     0     98.04      0.00     20.32    12     96.65      0.00     20.71
 1494823726.61     0     97.99      0.00     20.78    12     96.89      0.00     21.33
 1494823726.71     0     95.36      0.00     18.93    12     93.64      0.00     19.33
 1494823726.81     0     98.64      0.00     20.36    12     97.52      0.00     21.09
 1494823726.91     0     95.26      0.00     20.27    12     93.83      0.00     20.75
 1494823727.01     0     81.70      0.00     15.15    12     80.74      0.00     15.95
 1494823727.11     0     73.78      0.00     14.53    12     73.63      0.00     15.25
 1494823727.21     0     92.72      0.00     20.58    12     91.89      0.00     20.68
 1494823727.31     0    104.75      0.00     21.18    12    103.70      0.00     21.38
 1494823727.41     0     96.70      0.00     19.55    12     95.06      0.00     20.06
 1494823727.51     0     94.33      0.00     19.49    12     93.08      0.00     19.29
 1494823727.61     0     98.76      0.00     20.99    12     97.92      0.00     21.29
 1494823727.71     0    100.42      0.00     20.70    12     98.75      0.00     21.25
 1494823727.81     0     93.87      0.00     18.85    12     92.90      0.00     18.89
 1494823727.91     0     99.83      0.00     20.14    12     98.78      0.00     20.69
 1494823728.01     0     90.37      0.00     19.19    12     89.34      0.00     19.62
 1494823728.11     0     74.21      0.00     13.26    12     73.65      0.00     13.93
 1494823728.21     0     84.54      0.00     18.22    12     83.46      0.00     18.76
 1494823728.31     0     97.88      0.00     20.09    12     98.60      0.00     20.69
 1494823728.41     0    101.46      0.00     20.49    12     99.45      0.00     20.86
 1494823728.51     0     99.35      0.00     20.03    12     97.97      0.00     19.82
 1494823728.61     0     95.07      0.00     19.47    12     94.06      0.00     19.60
 1494823728.71     0     98.29      0.00     20.79    12     97.35      0.00     21.28
 1494823728.81     0     95.26      0.00     19.04    12     93.80      0.00     19.02
 1494823728.91     0     98.71      0.00     20.67    12     97.68      0.00     20.80
 1494823729.01     0     95.60      0.00     19.93    12     94.34      0.00     20.80
 1494823729.11     0     82.26      0.00     15.48    12     81.38      0.00     16.14
 1494823729.21     0     71.75      0.00     13.48    12     71.44      0.00     14.11
 1494823729.31     0     91.47      0.00     20.42    12     90.74      0.00     21.13
 1494823729.41     0    104.73      0.00     21.14    12    103.77      0.00     21.04
 1494823729.52     0     96.88      0.00     19.51    12     95.44      0.00     19.79
 1494823729.62     0     94.00      0.00     19.26    12     93.01      0.00     18.88
 1494823729.72     0     99.88      0.00     21.21    12     98.70      0.00     21.54
 1494823729.82     0    100.00      0.00     20.39    12     98.80      0.00     20.92
 1494823729.92     0     93.71      0.00     18.72    12     92.48      0.00     19.23
 1494823730.02     0    100.74      0.00     20.54    12     99.53      0.00     20.79
 1494823730.12     0     93.96      0.00     20.34    12     92.59      0.00     20.91
 1494823730.22     0     73.57      0.00     12.73    12     72.92      0.00     13.43
 1494823730.32     0     81.86      0.00     17.26    12     81.89      0.00     18.00
 1494823730.42     0     97.54      0.00     20.69    12     96.54      0.00     21.00
 1494823730.52     0    102.39      0.00     20.75    12    101.29      0.00     21.18
 1494823730.62     0     98.43      0.00     20.02    12     96.77      0.00     19.58
 1494823730.72     0     94.39      0.00     19.28    12     93.52      0.00     19.65
 1494823730.82     0     99.20      0.00     20.90    12     98.03      0.00     21.53
 1494823730.92     0     97.35      0.00     19.59    12     96.00      0.00     20.34
 1494823731.02     0     96.53      0.00     19.49    12     96.32      0.00     20.44
 1494823731.12     0     97.33      0.00     20.30    12     95.68      0.00     21.07
 1494823731.22     0     84.34      0.00     16.52    12     83.41      0.00     16.96
 1494823731.32     0     72.13      0.00     13.31    12     71.85      0.00     14.07
 1494823731.42     0     90.97      0.00     20.24    12     90.23      0.00     20.75
 1494823731.52     0    103.71      0.00     21.00    12    102.85      0.00     21.61
 1494823731.62     0     96.99      0.00     19.82    12     95.63      0.00     20.00
 1494823731.72     0     96.26      0.00     19.63    12     94.98      0.00     19.64
 1494823731.82     0     98.80      0.00     20.49    12     97.91      0.00     21.20
 1494823731.92     0     99.51      0.00     20.71    12     98.29      0.00     21.10
 1494823732.02     0     94.27      0.00     18.76    12     93.03      0.00     19.15
 1494823732.12     0    100.83      0.00     20.35    12     99.78      0.00     21.15
 1494823732.22     0     94.48      0.00     20.32    12     93.25      0.00     20.92
 1494823732.32     0     73.78      0.00     12.63    12     73.99      0.00     13.21
 1494823732.42     0     81.62      0.00     17.18    12     81.00      0.00     17.69
 1494823732.52     0     96.67      0.00     20.12    12     95.48      0.00     20.74
 1494823732.62     0    102.63      0.00     20.39    12    101.60      0.00     21.03
 1494823732.72     0     98.34      0.00     19.95    12     96.40      0.00     19.45
 1494823732.82     0     94.62      0.00     18.97    12     93.77      0.00     19.73
 1494823732.92     0     99.52      0.00     20.93    12     98.12      0.00     21.49
 1494823733.02     0     99.77      0.00     20.59    12     98.42      0.00     21.09
 1494823733.12     0     94.57      0.00     19.24    12     93.30      0.00     19.81
 1494823733.22     0     97.18      0.00     20.48    12     96.12      0.00     21.08
 1494823733.32     0     95.30      0.00     20.25    12     94.00      0.00     20.98
 1494823733.42     0     74.67      0.00     12.71    12     73.94      0.00     13.64
 1494823733.52     0     80.04      0.00     16.67    12     79.95      0.00     17.31
 1494823733.62     0     96.11      0.00     20.30    12     95.19      0.00     21.02
 1494823733.72     0    103.29      0.00     20.74    12    103.04      0.00     21.04
 1494823733.82     0     98.19      0.00     20.12    12     95.67      0.00     19.74
 1494823733.92     0     95.57      0.00     19.99    12     94.80      0.00     20.09
 1494823734.02     0     98.48      0.00     20.71    12     97.41      0.00     20.88
 1494823734.12     0    100.42      0.00     20.42    12     99.22      0.00     20.98
 1494823734.22     0     94.27      0.00     18.72    12     93.32      0.00     19.25
 1494823734.32     0     98.57      0.00     20.39    12     97.74      0.00     20.95
 1494823734.42     0     85.41      0.00     16.80    12     84.40      0.00     17.56
 1494823734.52     0     72.33      0.00     13.07    12     71.84      0.00     14.07
 1494823734.62     0     88.38      0.00     19.52    12     88.23      0.00     20.04
 1494823734.72     0    102.52      0.00     20.44    12    101.50      0.00     20.94
 1494823734.82     0     97.64      0.00     19.75    12     96.48      0.00     19.65
 1494823734.92     0     96.91      0.00     19.42    12     95.48      0.00     19.40
 1494823735.02     0     99.71      0.00     20.39    12     98.61      0.00     21.04
 1494823735.12     0     98.58      0.00     20.64    12     97.49      0.00     20.80
 1494823735.22     0     95.26      0.00     19.03    12     94.10      0.00     19.16
 1494823735.32     0     98.99      0.00     20.46    12     98.06      0.00     20.88
 1494823735.43     0     94.96      0.00     20.43    12     93.66      0.00     20.80
 1494823735.53     0     76.37      0.00     13.47    12     75.90      0.00     14.27
 1494823735.63     0     77.82      0.00     15.93    12     77.88      0.00     16.72
 1494823735.73     0     95.32      0.00     20.45    12     94.64      0.00     21.01
 1494823735.83     0    103.64      0.00     20.70    12    102.47      0.00     20.74
 1494823735.93     0     98.21      0.00     19.86    12     96.85      0.00     20.39
 1494823736.03     0     94.59      0.00     19.49    12     93.71      0.00     19.93
 1494823736.13     0     98.79      0.00     20.75    12     97.54      0.00     21.33
 1494823736.23     0    100.66      0.00     20.76    12     99.52      0.00     21.12
 1494823736.33     0     94.41      0.00     18.69    12     94.47      0.00     19.21
 1494823736.43     0    100.39      0.00     20.67    12     98.27      0.00     21.15
 1494823736.53     0     86.40      0.00     17.47    12     85.44      0.00     17.84
 1494823736.63     0     72.58      0.00     13.02    12     72.11      0.00     13.98
 1494823736.73     0     87.44      0.00     19.14    12     87.04      0.00     19.60
 1494823736.83     0    100.85      0.00     19.70    12     99.62      0.00     20.42
 1494823736.93     0     98.35      0.00     19.71    12     97.02      0.00     19.90
 1494823737.03     0     96.85      0.00     19.18    12     95.32      0.00     19.32
 1494823737.13     0     99.72      0.00     20.79    12     98.55      0.00     21.25
 1494823737.23     0     98.11      0.00     20.78    12     97.02      0.00     21.18
 1494823737.33     0     94.79      0.00     18.84    12     93.59      0.00     19.19
 1494823737.43     0     98.93      0.00     20.66    12     97.93      0.00     20.90
 1494823737.53     0     95.24      0.00     20.36    12     93.96      0.00     20.92
 1494823737.63     0     79.59      0.00     14.45    12     78.47      0.00     15.11
 1494823737.73     0     74.93      0.00     14.73    12     76.11      0.00     15.96
 1494823737.83     0     94.77      0.00     20.62    12     93.32      0.00     20.94
 1494823737.93     0    104.46      0.00     20.86    12    103.24      0.00     20.50
 1494823738.03     0     97.87      0.00     20.06    12     96.77      0.00     20.21
 1494823738.13     0     94.54      0.00     19.62    12     93.51      0.00     19.78
 1494823738.23     0     99.11      0.00     20.82    12     98.10      0.00     21.34
 1494823738.33     0    100.88      0.00     20.64    12     99.62      0.00     21.20
 1494823738.43     0     93.99      0.00     18.70    12     92.97      0.00     18.94
 1494823738.53     0     99.79      0.00     20.30    12     98.94      0.00     20.70
 1494823738.63     0     89.48      0.00     18.51    12     88.40      0.00     19.16
 1494823738.73     0     73.46      0.00     12.83    12     73.03      0.00     13.94
 1494823738.83     0     84.15      0.00     18.23    12     83.95      0.00     18.88
 1494823738.93     0     99.03      0.00     20.43    12     98.27      0.00     20.50
 1494823739.03     0    100.43      0.00     20.51    12     99.59      0.00     20.63
 1494823739.13     0     99.67      0.00     20.03    12     98.29      0.00     20.58
 1494823739.23     0     95.17      0.00     19.65    12     94.13      0.00     20.02
 1494823739.33     0     98.49      0.00     20.85    12     97.55      0.00     21.10
 1494823739.43     0     96.14      0.00     19.01    12     94.81      0.00     19.41
 1494823739.53     0     98.78      0.00     20.68    12     97.63      0.00     20.55
 1494823739.63     0     95.37      0.00     20.09    12     94.53      0.00     20.59
 1494823739.73     0     83.10      0.00     15.91    12     82.29      0.00     16.57
 1494823739.83     0     72.06      0.00     13.50    12     71.90      0.00     14.02
 1494823739.93     0     91.35      0.00     20.29    12     90.86      0.00     20.69
 1494823740.03     0    104.98      0.00     21.18    12    104.13      0.00     20.92
 1494823740.13     0     97.22      0.00     20.14    12     96.10      0.00     20.48
 1494823740.23     0     95.42      0.00     19.79    12     94.29      0.00     20.17
 1494823740.33     0     99.24      0.00     21.05    12     98.28      0.00     21.47
 1494823740.43     0    100.04      0.00     20.46    12     98.63      0.00     21.05
 1494823740.53     0     95.23      0.00     18.33    12     94.30      0.00     19.38
 1494823740.63     0    100.58      0.00     20.35    12     99.59      0.00     20.93
 1494823740.73     0     93.23      0.00     19.71    12     92.08      0.00     20.34
 1494823740.83     0     73.15      0.00     12.60    12     72.58      0.00     13.36
 1494823740.93     0     81.26      0.00     17.13    12     81.29      0.00     17.89
 1494823741.03     0     97.31      0.00     19.86    12     96.46      0.00     20.24
 1494823741.13     0    102.35      0.00     20.67    12    101.27      0.00     20.77
 1494823741.24     0     98.50      0.00     20.05    12     97.11      0.00     20.42
 1494823741.34     0     94.52      0.00     19.44    12     93.51      0.00     19.87
 1494823741.44     0     99.44      0.00     20.90    12     98.43      0.00     21.15
 1494823741.54     0     99.37      0.00     20.04    12     98.14      0.00     20.75
 1494823741.64     0     94.36      0.00     18.71    12     93.39      0.00     19.63
 1494823741.74     0     97.28      0.00     20.34    12     96.28      0.00     20.89
 1494823741.84     0     85.22      0.00     16.87    12     85.18      0.00     17.64
 1494823741.94     0     72.02      0.00     13.12    12     71.70      0.00     13.94
 1494823742.04     0     89.64      0.00     19.60    12     88.92      0.00     20.23
 1494823742.14     0    102.89      0.00     20.49    12    102.01      0.00     20.01
 1494823742.24     0     97.67      0.00     19.89    12     96.42      0.00     20.27
 1494823742.34     0     97.03      0.00     19.89    12     95.82      0.00     20.31
 1494823742.44     0     99.05      0.00     20.92    12     98.08      0.00     21.31
 1494823742.54     0     98.86      0.00     20.61    12     97.93      0.00     20.95
 1494823742.64     0     94.16      0.00     18.69    12     93.09      0.00     18.86
 1494823742.74     0    100.25      0.00     20.23    12     99.66      0.00     20.96
 1494823742.84     0     95.37      0.00     20.27    12     94.30      0.00     20.67
 1494823742.94     0     75.75      0.00     13.32    12     75.28      0.00     13.95
 1494823743.04     0     77.54      0.00     15.69    12     77.86      0.00     16.51
 1494823743.14     0     95.39      0.00     20.32    12     95.79      0.00     21.08
 1494823743.24     0    104.43      0.00     21.01    12    102.36      0.00     20.39
 1494823743.34     0     98.57      0.00     20.11    12     97.41      0.00     20.35
 1494823743.44     0     93.72      0.00     19.19    12     92.98      0.00     19.71
 1494823743.54     0     99.85      0.00     20.86    12     98.88      0.00     21.35
 1494823743.64     0    100.48      0.00     20.45    12     99.23      0.00     21.01
 1494823743.74     0     92.64      0.00     18.36    12     92.12      0.00     19.04
 1494823743.84     0     98.24      0.00     20.37    12     97.22      0.00     21.11
 1494823743.94     0     94.74      0.00     20.02    12     93.55      0.00     20.33
 1494823744.04     0     77.44      0.00     13.83    12     76.79      0.00     14.52
 1494823744.14     0     76.15      0.00     15.09    12     76.50      0.00     16.23
 1494823744.24     0     94.50      0.00     20.50    12     95.03      0.00     20.67
 1494823744.34     0    105.12      0.00     21.07    12    101.85      0.00     20.83
 1494823744.44     0     98.58      0.00     20.24    12     98.45      0.00     20.96
 1494823744.54     0     94.40      0.00     19.49    12     93.83      0.00     20.15
 1494823744.64     0     98.92      0.00     20.65    12     97.94      0.00     21.36
 1494823744.74     0    100.86      0.00     20.83    12     99.64      0.00     21.38
 1494823744.84     0     93.71      0.00     18.66    12     93.19      0.00     19.10
 1494823744.94     0    100.16      0.00     20.38    12     99.01      0.00     20.50
 1494823745.04     0     87.71      0.00     17.84    12     86.97      0.00     18.62
 1494823745.14     0     72.64      0.00     12.86    12     72.54      0.00     13.73
 1494823745.24     0     84.96      0.00     18.24    12     85.44      0.00     18.69
 1494823745.34     0     99.93      0.00     20.00    12     98.96      0.00     20.56
 1494823745.44     0     98.85      0.00     20.09    12     97.68      0.00     20.34
 1494823745.54     0     98.14      0.00     19.90    12     97.52      0.00     20.44
 1494823745.64     0     98.34      0.00     20.56    12     96.85      0.00     20.55
 1494823745.74     0     98.54      0.00     20.60    12     97.75      0.00     21.30
 1494823745.84     0     94.58      0.00     18.52    12     93.66      0.00     19.32
 1494823745.94     0     99.05      0.00     20.59    12     98.16      0.00     20.73
 1494823746.04     0     95.80      0.00     19.94    12     94.74      0.00     20.97
 1494823746.14     0     81.80      0.00     15.15    12     81.09      0.00     15.76
 1494823746.24     0     71.60      0.00     13.37    12     72.08      0.00     14.49
 1494823746.34     0     91.68      0.00     20.30    12     90.84      0.00     20.01
 1494823746.44     0    105.17      0.00     21.19    12    104.38      0.00     21.34
 1494823746.54     0     97.02      0.00     19.95    12     95.67      0.00     19.96
 1494823746.64     0     95.50      0.00     19.75    12     94.42      0.00     20.11
 1494823746.74     0     99.39      0.00     20.96    12     99.38      0.00     21.69
 1494823746.84     0    100.81      0.00     20.46    12     99.60      0.00     21.37
 1494823746.95     0     94.48      0.00     18.63    12     92.64      0.00     19.03
 1494823747.05     0    101.06      0.00     20.44    12     99.88      0.00     21.28
 1494823747.15     0     92.19      0.00     19.40    12     91.13      0.00     20.10
 1494823747.25     0     73.09      0.00     12.55    12     72.99      0.00     13.57
 1494823747.35     0     81.23      0.00     17.10    12     81.66      0.00     17.76
 1494823747.45     0     97.42      0.00     20.53    12     96.76      0.00     20.37
 1494823747.55     0    102.70      0.00     21.04    12    101.70      0.00     21.21
 1494823747.65     0     98.78      0.00     20.19    12     97.32      0.00     20.52
 1494823747.75     0     93.85      0.00     19.11    12     93.09      0.00     19.60
 1494823747.85     0     99.50      0.00     20.66    12     98.52      0.00     21.15
 1494823747.95     0     98.67      0.00     20.11    12     97.72      0.00     20.75
 1494823748.05     0     94.14      0.00     19.30    12     93.30      0.00     19.43
 1494823748.15     0     96.81      0.00     20.17    12     96.37      0.00     20.79
 1494823748.25     0     85.80      0.00     16.45    12     84.91      0.00     17.50
 1494823748.35     0     71.56      0.00     12.99    12     72.40      0.00     13.82
 1494823748.45     0     88.66      0.00     19.37    12     88.53      0.00     19.68
 1494823748.55     0    102.94      0.00     20.83    12    102.16      0.00     20.83
 1494823748.65     0     98.80      0.00     20.29    12     96.46      0.00     20.62
 1494823748.75     0     97.00      0.00     19.75    12     96.02      0.00     20.21
 1494823748.85     0     98.91      0.00     20.89    12     97.92      0.00     21.10
 1494823748.95     0     99.21      0.00     20.53    12     98.09      0.00     21.36
 1494823749.05     0     93.14      0.00     18.27    12     92.16      0.00     18.55
 1494823749.15     0    100.88      0.00     20.65    12     99.81      0.00     21.04
 1494823749.25     0     95.90      0.00     20.26    12     94.31      0.00     20.88
 1494823749.35     0     75.53      0.00     13.03    12     75.25      0.00     13.90
 1494823749.45     0     76.70      0.00     15.61    12     77.24      0.00     15.92
 1494823749.55     0     95.10      0.00     20.33    12     94.37      0.00     20.53
 1494823749.65     0    104.11      0.00     20.90    12    102.56      0.00     21.23
 1494823749.75     0     99.89      0.00     20.40    12     98.34      0.00     21.05
 1494823749.85     0     93.34      0.00     19.06    12     92.57      0.00     19.44
 1494823749.95     0    100.37      0.00     20.73    12     99.11      0.00     21.29
 1494823750.05     0    100.91      0.00     20.62    12     99.41      0.00     21.05
 1494823750.15     0     92.42      0.00     18.46    12     91.62      0.00     18.88
 1494823750.25     0     98.54      0.00     20.39    12     97.60      0.00     20.89
 1494823750.35     0     88.91      0.00     18.15    12     87.81      0.00     18.64
 1494823750.45     0     72.43      0.00     12.69    12     72.51      0.00     13.56
 1494823750.55     0     84.92      0.00     18.64    12     85.30      0.00     18.28
 1494823750.65     0     99.95      0.00     20.59    12     98.92      0.00     21.02
 1494823750.75     0     99.40      0.00     19.94    12     98.09      0.00     20.39
 1494823750.85     0     98.24      0.00     19.90    12     96.93      0.00     20.39
 1494823750.95     0     98.88      0.00     20.97    12     97.89      0.00     21.33
 1494823751.05     0     97.77      0.00     20.48    12     96.98      0.00     21.17
 1494823751.15     0     96.21      0.00     18.67    12     94.91      0.00     19.29
 1494823751.25     0    100.52      0.00     20.51    12     99.37      0.00     20.83
 1494823751.35     0     96.56      0.00     20.15    12     95.51      0.00     20.17
 1494823751.45     0     80.64      0.00     14.86    12     80.33      0.00     15.69
 1494823751.55     0     71.73      0.00     13.66    12     71.74      0.00     14.13
 1494823751.65     0     88.93      0.00     19.84    12     88.47      0.00     19.63
 1494823751.75     0    105.03      0.00     20.95    12    104.03      0.00     21.25
 1494823751.85     0     95.96      0.00     19.75    12     94.36      0.00     20.10
 1494823751.95     0     94.61      0.00     19.21    12     93.67      0.00     19.46
 1494823752.05     0     99.82      0.00     20.73    12     99.92      0.00     21.21
 1494823752.15     0    101.06      0.00     20.61    12     98.65      0.00     20.97
 1494823752.25     0     92.59      0.00     18.46    12     91.70      0.00     19.13
 1494823752.35     0     99.43      0.00     20.64    12     98.33      0.00     20.91
 1494823752.45     0     94.74      0.00     20.10    12     93.13      0.00     20.88
 1494823752.55     0     72.90      0.00     12.26    12     72.87      0.00     12.91
 1494823752.65     0     79.25      0.00     16.57    12     79.40      0.00     16.60
 1494823752.76     0     96.48      0.00     20.70    12     95.92      0.00     20.82
 1494823752.86     0    103.29      0.00     20.96    12    102.36      0.00     21.54
 1494823752.96     0     98.29      0.00     20.24    12     96.82      0.00     20.83
 1494823753.06     0     94.81      0.00     19.54    12     94.38      0.00     20.17
 1494823753.16     0     98.71      0.00     20.75    12     97.61      0.00     20.86
 1494823753.26     0    101.03      0.00     20.54    12     99.75      0.00     20.62
 1494823753.36     0     93.82      0.00     18.31    12     94.01      0.00     19.02
 1494823753.46     0     99.12      0.00     20.01    12     97.92      0.00     20.82
 1494823753.56     0     85.99      0.00     16.81    12     84.20      0.00     17.39
 1494823753.66     0     71.33      0.00     12.75    12     71.50      0.00     13.11
 1494823753.76     0     87.03      0.00     19.33    12     87.11      0.00     19.28
 1494823753.86     0    101.76      0.00     20.94    12    100.66      0.00     21.28
 1494823753.96     0     98.50      0.00     20.14    12     97.54      0.00     20.61
 1494823754.06     0     96.44      0.00     19.09    12     94.54      0.00     19.35
 1494823754.16     0     99.63      0.00     20.55    12     98.86      0.00     21.09
 1494823754.26     0     98.10      0.00     20.34    12     97.12      0.00     20.98
 1494823754.36     0     93.83      0.00     18.44    12     92.77      0.00     19.17
 1494823754.46     0     98.62      0.00     20.05    12     98.78      0.00     20.96
 1494823754.56     0     95.91      0.00     20.34    12     93.84      0.00     20.56
 1494823754.66     0     91.34      0.00     17.46    12     90.29      0.00     18.56
 1494823754.76     0     72.03      0.00     13.05    12     72.17      0.00     13.10
 1494823754.86     0     85.38      0.00     18.68    12     85.13      0.00     19.17
 1494823754.96     0     99.76      0.00     20.31    12     98.89      0.00     21.16
 1494823755.06     0     99.01      0.00     20.25    12     97.82      0.00     20.55
 1494823755.16     0     96.79      0.00     19.62    12     95.68      0.00     20.23
 1494823755.26     0     98.57      0.00     20.86    12     97.80      0.00     21.48
 1494823755.36     0     97.62      0.00     20.63    12     96.65      0.00     21.38
 1494823755.46     0     95.92      0.00     18.50    12     94.21      0.00     19.19
 1494823755.56     0    100.21      0.00     20.52    12    100.11      0.00     21.12
 1494823755.66     0     96.92      0.00     20.30    12     95.12      0.00     20.87
 1494823755.76     0     79.70      0.00     14.37    12     79.47      0.00     15.09
 1494823755.86     0     71.52      0.00     13.33    12     71.56      0.00     14.09
 1494823755.96     0     91.80      0.00     20.60    12     91.34      0.00     20.90
 1494823756.06     0    105.31      0.00     21.16    12    104.10      0.00     21.68
 1494823756.16     0     97.07      0.00     20.01    12     95.67      0.00     20.33
 1494823756.26     0     94.08      0.00     19.01    12     93.21      0.00     19.31
 1494823756.36     0     99.61      0.00     20.75    12     99.11      0.00     21.34
 1494823756.46     0    100.76      0.00     20.60    12     99.48      0.00     21.17
 1494823756.56     0     91.21      0.00     18.33    12     91.06      0.00     18.73
 1494823756.66     0     99.08      0.00     20.31    12     98.99      0.00     20.82
 1494823756.76     0     92.81      0.00     19.50    12     91.38      0.00     20.49
 1494823756.86     0     72.92      0.00     12.42    12     72.81      0.00     12.93
 1494823756.96     0     80.70      0.00     17.02    12     81.17      0.00     17.51
 1494823757.06     0     98.08      0.00     20.93    12     96.67      0.00     21.15
 1494823757.16     0    102.62      0.00     21.14    12    101.53      0.00     21.29
 1494823757.26     0     97.95      0.00     20.25    12     96.52      0.00     20.55
 1494823757.36     0     94.73      0.00     19.69    12     93.87      0.00     20.09
 1494823757.46     0     98.26      0.00     20.75    12     97.30      0.00     21.25
 1494823757.56     0     97.69      0.00     19.39    12     96.27      0.00     19.97
 1494823757.66     0     96.52      0.00     19.47    12     95.61      0.00     19.84
 1494823757.76     0     98.20      0.00     20.28    12     97.02      0.00     20.48
 1494823757.86     0     83.82      0.00     16.04    12     83.04      0.00     16.94
 1494823757.96     0     71.08      0.00     12.77    12     70.75      0.00     13.19
 1494823758.06     0     87.63      0.00     19.23    12     87.40      0.00     19.50
 1494823758.16     0    102.11      0.00     20.88    12    101.59      0.00     20.91
 1494823758.26     0     97.55      0.00     19.89    12     97.35      0.00     20.52
 1494823758.36     0     96.61      0.00     19.23    12     94.29      0.00     19.80
 1494823758.47     0     99.48      0.00     20.64    12     98.62      0.00     21.04
 1494823758.57     0     98.05      0.00     20.66    12     97.06      0.00     21.07
 1494823758.67     0     93.70      0.00     18.20    12     92.67      0.00     18.96
 1494823758.77     0     98.61      0.00     20.39    12     97.72      0.00     20.92
 1494823758.87     0     95.13      0.00     20.00    12     93.52      0.00     20.56
 1494823758.97     0     77.32      0.00     13.55    12     76.92      0.00     14.24
 1494823759.07     0     75.26      0.00     14.90    12     75.14      0.00     15.58
 1494823759.17     0     93.73      0.00     20.27    12     92.91      0.00     20.85
 1494823759.27     0    104.08      0.00     20.61    12    102.92      0.00     21.43
 1494823759.37     0     98.18      0.00     20.01    12     97.49      0.00     20.74
 1494823759.47     0     95.46      0.00     19.67    12     93.65      0.00     19.96
 1494823759.57     0     98.95      0.00     20.46    12     97.69      0.00     21.01
 1494823759.67     0    100.27      0.00     20.52    12     98.70      0.00     21.09
 1494823759.77     0     92.99      0.00     18.49    12     92.43      0.00     18.77
 1494823759.87     0    100.14      0.00     20.01    12     98.50      0.00     20.75
 1494823759.97     0     88.09      0.00     17.76    12     87.24      0.00     18.94
 1494823760.07     0     72.51      0.00     12.80    12     72.03      0.00     13.13
 1494823760.17     0     82.45      0.00     17.66    12     82.10      0.00     17.89
 1494823760.27     0     97.73      0.00     20.22    12     96.79      0.00     20.88
 1494823760.37     0    101.93      0.00     20.60    12    101.07      0.00     21.63
 1494823760.47     0     98.59      0.00     20.11    12     96.76      0.00     20.58
 1494823760.57     0     92.93      0.00     18.56    12     93.16      0.00     19.37
 1494823760.67     0     97.10      0.00     20.22    12     94.94      0.00     20.26
 1494823760.77     0     98.52      0.00     19.96    12     97.32      0.00     20.52
 1494823760.87     0     96.35      0.00     19.69    12     95.38      0.00     20.34
 1494823760.97     0     96.74      0.00     19.99    12     95.47      0.00     20.47
 1494823761.07     0     84.46      0.00     16.30    12     83.62      0.00     16.89
 1494823761.17     0     70.91      0.00     12.90    12     70.63      0.00     13.38
 1494823761.27     0     88.95      0.00     19.96    12     88.84      0.00     20.49
 1494823761.37     0    103.09      0.00     20.92    12    101.84      0.00     21.50
 1494823761.47     0     97.18      0.00     19.91    12     95.83      0.00     20.45
 1494823761.57     0     96.83      0.00     19.67    12     95.55      0.00     20.22
 1494823761.67     0     98.87      0.00     20.73    12     97.82      0.00     21.25
 1494823761.77     0     98.98      0.00     20.53    12     97.79      0.00     20.77
 1494823761.87     0     92.73      0.00     18.01    12     92.68      0.00     19.04
 1494823761.97     0    101.59      0.00     20.39    12     99.52      0.00     20.74
 1494823762.07     0     95.35      0.00     19.99    12     93.94      0.00     20.72
 1494823762.17     0     73.79      0.00     12.65    12     73.23      0.00     12.84
 1494823762.27     0     76.34      0.00     15.50    12     76.19      0.00     15.92
 1494823762.37     0     94.58      0.00     20.37    12     93.69      0.00     21.08
 1494823762.47     0    103.70      0.00     20.85    12    102.60      0.00     21.22
 1494823762.57     0     98.45      0.00     20.07    12     97.08      0.00     20.75
 1494823762.67     0     92.24      0.00     18.93    12     91.44      0.00     19.38
 1494823762.77     0    100.03      0.00     20.83    12     98.82      0.00     21.36
 1494823762.87     0    100.68      0.00     20.60    12     99.14      0.00     21.28
 1494823762.97     0     91.82      0.00     18.13    12     92.05      0.00     18.99
 1494823763.07     0     98.58      0.00     20.10    12     97.34      0.00     21.04
 1494823763.17     0     90.14      0.00     18.50    12     88.22      0.00     18.43
 1494823763.27     0     72.32      0.00     12.76    12     71.93      0.00     13.16
 1494823763.37     0     83.58      0.00     17.89    12     83.23      0.00     18.55
 1494823763.47     0     98.71      0.00     19.96    12     97.65      0.00     21.08
 1494823763.57     0    100.75      0.00     20.25    12     99.50      0.00     21.10
 1494823763.67     0     98.42      0.00     20.08    12     97.06      0.00     19.68
 1494823763.77     0     95.89      0.00     19.96    12     94.76      0.00     20.65
 1494823763.87     0     97.75      0.00     20.62    12     96.80      0.00     21.31
 1494823763.97     0     94.79      0.00     18.35    12     93.42      0.00     18.90
 1494823764.07     0     99.81      0.00     20.30    12     98.85      0.00     20.65
 1494823764.18     0     97.09      0.00     19.65    12     95.54      0.00     20.45
 1494823764.28     0     81.56      0.00     15.39    12     81.52      0.00     15.61
 1494823764.38     0     70.52      0.00     12.78    12     70.15      0.00     13.61
 1494823764.48     0     90.79      0.00     20.03    12     89.00      0.00     20.56
 1494823764.58     0    103.81      0.00     20.70    12    102.94      0.00     21.54
 1494823764.68     0     97.37      0.00     19.99    12     96.04      0.00     20.59
 1494823764.78     0     94.58      0.00     18.68    12     93.55      0.00     19.38
 1494823764.88     0     99.36      0.00     20.35    12     98.39      0.00     20.61
 1494823764.98     0     99.43      0.00     20.65    12     98.02      0.00     21.15
 1494823765.08     0     91.82      0.00     17.60    12     91.05      0.00     18.47
 1494823765.18     0     99.42      0.00     20.16    12     98.19      0.00     21.28
 1494823765.28     0     94.70      0.00     20.10    12     93.44      0.00     20.70
 1494823765.38     0     89.11      0.00     17.26    12     88.70      0.00     17.30
 1494823765.48     0     71.24      0.00     12.73    12     70.81      0.00     13.49
 1494823765.58     0     87.05      0.00     19.00    12     86.74      0.00     19.93
 1494823765.68     0    102.80      0.00     20.67    12    100.88      0.00     21.33
 1494823765.78     0     97.77      0.00     20.06    12     96.79      0.00     20.62
 1494823765.88     0     96.89      0.00     19.33    12     95.42      0.00     20.04
 1494823765.98     0     98.92      0.00     20.75    12     97.86      0.00     21.29
 1494823766.08     0     98.15      0.00     20.46    12     96.92      0.00     20.93
 1494823766.18     0     94.46      0.00     18.38    12     93.26      0.00     18.61
 1494823766.28     0    100.25      0.00     19.76    12     99.15      0.00     20.97
 1494823766.38     0     95.47      0.00     19.98    12     94.18      0.00     20.10
 1494823766.48     0     76.62      0.00     13.46    12     76.01      0.00     13.47
 1494823766.58     0     73.69      0.00     14.32    12     73.45      0.00     15.16
 1494823766.68     0     93.20      0.00     20.35    12     92.34      0.00     20.96
 1494823766.78     0    105.08      0.00     20.82    12    104.94      0.00     21.75
 1494823766.88     0     94.08      0.00     18.93    12     92.46      0.00     19.70
 1494823766.98     0     96.50      0.00     19.49    12     94.25      0.00     19.92
 1494823767.08     0     98.09      0.00     20.26    12     97.08      0.00     20.42
 1494823767.18     0    100.86      0.00     20.53    12     99.23      0.00     21.17
 1494823767.28     0     80.85      0.00     14.55    12     79.82      0.00     15.47
 1494823767.38     0     96.23      0.00     19.69    12     95.28      0.00     19.96
 1494823767.48     0     92.69      0.00     19.56    12     90.84      0.00     19.45
 1494823767.58     0     71.46      0.00     12.89    12     70.37      0.00     13.29
 1494823767.68     0     62.98      0.00     10.74    12     61.91      0.00     11.35
 1494823767.78     0     67.86      0.00     12.61    12     66.41      0.00     13.19
 1494823767.88     0     91.60      0.00     19.59    12     90.48      0.00     20.52
 1494823767.98     0    104.18      0.00     20.80    12    102.71      0.00     20.92
 1494823768.08     0     99.45      0.00     20.32    12     96.91      0.00     20.39
 1494823768.18     0     93.85      0.00     19.31    12     93.05      0.00     20.05
 1494823768.28     0     98.88      0.00     20.26    12     97.65      0.00     21.44
 1494823768.38     0    100.75      0.00     20.23    12     99.18      0.00     21.30
 1494823768.48     0     92.22      0.00     18.13    12     91.51      0.00     17.96
 1494823768.58     0    100.24      0.00     20.54    12     98.88      0.00     20.29
 1494823768.68     0     87.44      0.00     17.74    12     86.20      0.00     18.40
 1494823768.78     0     71.70      0.00     12.67    12     71.45      0.00     13.05
 1494823768.88     0     82.28      0.00     17.41    12     81.71      0.00     18.01
 1494823768.98     0     98.19      0.00     20.36    12     97.32      0.00     21.03
 1494823769.08     0    102.29      0.00     20.95    12    101.95      0.00     21.61
 1494823769.18     0     99.87      0.00     20.30    12     97.19      0.00     20.53
 1494823769.28     0     92.97      0.00     18.64    12     92.09      0.00     18.87
 1494823769.38     0     99.39      0.00     20.18    12     98.00      0.00     21.14
 1494823769.48     0     96.48      0.00     18.80    12     95.04      0.00     19.53
 1494823769.58     0     95.42      0.00     19.29    12     94.37      0.00     18.99
 1494823769.69     0     97.03      0.00     20.13    12     95.86      0.00     20.59
 1494823769.79     0     84.80      0.00     16.53    12     83.85      0.00     17.17
 1494823769.89     0     70.94      0.00     12.74    12     70.41      0.00     13.66
 1494823769.99     0     87.91      0.00     19.61    12     87.64      0.00     19.93
 1494823770.09     0    102.66      0.00     20.90    12    101.40      0.00     21.38
 1494823770.19     0     97.67      0.00     20.09    12     97.53      0.00     20.57
 1494823770.29     0     97.97      0.00     19.50    12     95.54      0.00     20.34
 1494823770.39     0     98.03      0.00     20.67    12     97.90      0.00     21.28
 1494823770.49     0     99.60      0.00     19.78    12     97.38      0.00     20.92
 1494823770.59     0     93.49      0.00     18.02    12     92.33      0.00     18.11
 1494823770.69     0    100.56      0.00     19.92    12     99.43      0.00     20.42
 1494823770.79     0     95.55      0.00     20.07    12     94.04      0.00     20.84
 1494823770.89     0     74.53      0.00     12.70    12     73.74      0.00     13.32
 1494823770.99     0     74.96      0.00     14.82    12     74.63      0.00     15.54
 1494823771.09     0     93.54      0.00     20.59    12     92.63      0.00     20.60
 1494823771.19     0    104.33      0.00     20.46    12    103.09      0.00     21.43
 1494823771.29     0     97.97      0.00     19.80    12     96.70      0.00     20.24
 1494823771.39     0     92.27      0.00     18.34    12     92.35      0.00     19.21
 1494823771.49     0    101.06      0.00     20.54    12     98.94      0.00     21.21
 1494823771.59     0    100.99      0.00     20.28    12     99.25      0.00     20.81
 1494823771.69     0     90.60      0.00     17.77    12     89.80      0.00     17.89
 1494823771.79     0     98.87      0.00     20.49    12     97.53      0.00     20.28
 1494823771.89     0     91.30      0.00     19.08    12     90.09      0.00     19.60
 1494823771.99     0     72.86      0.00     12.40    12     72.36      0.00     13.28
 1494823772.09     0     81.42      0.00     17.11    12     81.04      0.00     17.88
 1494823772.19     0     97.58      0.00     20.58    12     96.62      0.00     21.00
 1494823772.29     0    102.62      0.00     20.65    12    101.29      0.00     21.43
 1494823772.39     0     98.16      0.00     19.99    12     96.51      0.00     20.52
 1494823772.49     0     83.12      0.00     15.70    12     82.18      0.00     16.87
 1494823772.59     0     87.12      0.00     17.23    12     87.58      0.00     18.25
 1494823772.69     0     90.38      0.00     17.73    12     88.97      0.00     18.05
 1494823772.79     0     76.49      0.00     14.06    12     72.75      0.00     13.32
 1494823772.89     0     80.75      0.00     14.96    12     79.62      0.00     15.48
 1494823772.99     0     82.02      0.00     16.09    12     80.34      0.00     15.89
 1494823773.09     0     82.92      0.00     16.62    12     81.32      0.00     16.89
 1494823773.19     0     72.97      0.00     13.16    12     72.00      0.00     13.12
 1494823773.29     0     55.35      0.00      9.06    12     53.17      0.00      8.97
 1494823773.39     0     62.25      0.00     10.85    12     61.24      0.00     11.30
 1494823773.49     0     52.82      0.00     10.50    12     50.24      0.00      9.88
 1494823773.59     0     68.78      0.00     14.39    12     66.76      0.00     14.28
 1494823773.69     0     84.57      0.00     16.56    12     83.99      0.00     16.88
 1494823773.79     0     81.66      0.00     15.86    12     79.66      0.00     14.89
 1494823773.89     0     78.68      0.00     15.18    12     76.87      0.00     14.70
 1494823773.99     0     82.48      0.00     15.77    12     81.04      0.00     15.83
 1494823774.09     0     59.56      0.00     10.06    12     57.05      0.00     10.01
 1494823774.19     0     85.40      0.00     17.23    12     83.24      0.00     17.40
 1494823774.29     0     82.46      0.00     16.12    12     79.85      0.00     16.04
 1494823774.39     0     86.90      0.00     17.23    12     84.62      0.00     16.88
 1494823774.49     0     70.46      0.00     12.26    12     69.41      0.00     12.20
 1494823774.59     0     76.70      0.00     15.23    12     75.55      0.00     15.61
 1494823774.69     0     87.80      0.00     17.49    12     88.06      0.00     17.91
 1494823774.79     0     80.36      0.00     16.58    12     79.19      0.00     15.97
 1494823774.89     0     66.79      0.00     11.43    12     64.09      0.00     11.34
 1494823774.99     0     55.57      0.00      8.93    12     53.18      0.00      9.00
 1494823775.09     0     66.96      0.00     11.94    12     65.36      0.00     12.60
 1494823775.20     0     57.51      0.00     10.94    12     54.02      0.00     10.44
 1494823775.30     0     68.50      0.00     14.79    12     65.91      0.00     14.35
 1494823775.40     0     90.43      0.00     18.19    12     90.07      0.00     18.15
 1494823775.50     0     80.53      0.00     15.38    12     78.30      0.00     15.34
 1494823775.60     0     65.89      0.00     11.73    12     63.61      0.00     11.63
 1494823775.70     0     85.49      0.00     16.87    12     85.21      0.00     17.83
 1494823775.80     0     54.09      0.00      8.23    12     51.30      0.00      7.90
 1494823775.90     0     71.27      0.00     15.30    12     70.08      0.00     15.47
 1494823776.00     0     81.43      0.00     16.95    12     80.04      0.00     16.83
 1494823776.10     0     93.19      0.00     18.86    12     92.23      0.00     19.06
 1494823776.20     0     71.39      0.00     12.99    12     70.72      0.00     12.52
 1494823776.30     0     80.89      0.00     16.07    12     80.51      0.00     15.78
 1494823776.40     0     80.41      0.00     14.57    12     79.13      0.00     14.78
 1494823776.50     0     82.10      0.00     15.68    12     80.24      0.00     15.95
 1494823776.60     0     74.12      0.00     14.02    12     72.18      0.00     14.14
 1494823776.70     0     62.33      0.00     10.39    12     60.90      0.00     10.72
 1494823776.80     0     57.61      0.00      9.74    12     56.63      0.00      9.62
 1494823776.90     0     49.58      0.00      8.12    12     47.27      0.00      8.13
 1494823777.00     0     77.50      0.00     17.09    12     74.83      0.00     17.49
 1494823777.10     0     84.15      0.00     17.52    12     83.27      0.00     17.56
 1494823777.20     0     86.41      0.00     15.89    12     85.99      0.00     16.06
 1494823777.30     0     69.05      0.00     12.30    12     66.80      0.00     11.99
 1494823777.40     0     83.87      0.00     17.24    12     82.45      0.00     17.21
 1494823777.50     0     58.77      0.00      9.26    12     57.89      0.00      9.34
 1494823777.60     0     68.66      0.00     15.10    12     66.34      0.00     15.34
 1494823777.70     0     86.53      0.00     17.73    12     85.33      0.00     18.19
 1494823777.80     0     75.01      0.00     14.16    12     73.90      0.00     14.67
 1494823777.90     0     86.86      0.00     16.90    12     83.94      0.00     16.85
 1494823778.00     0     67.15      0.00     12.47    12     64.71      0.00     12.11
 1494823778.10     0     80.05      0.00     15.77    12     79.06      0.00     15.63
 1494823778.20     0     89.32      0.00     18.09    12     88.07      0.00     18.65
 1494823778.30     0     80.33      0.00     16.30    12     78.34      0.00     15.93
 1494823778.40     0     66.06      0.00     10.99    12     64.55      0.00     11.15
 1494823778.50     0     58.82      0.00     10.27    12     56.89      0.00     10.35
 1494823778.60     0     64.54      0.00     11.46    12     62.99      0.00     11.98
 1494823778.70     0     52.14      0.00      8.99    12     49.76      0.00      8.76
 1494823778.80     0     72.38      0.00     15.00    12     69.68      0.00     15.63
 1494823778.90     0     83.99      0.00     17.15    12     82.26      0.00     17.04
 1494823779.00     0     84.82      0.00     15.61    12     83.56      0.00     15.08
 1494823779.10     0     69.02      0.00     12.65    12     67.03      0.00     11.96
 1494823779.20     0     82.63      0.00     16.10    12     82.96      0.00     16.68
 1494823779.30     0     62.83      0.00     10.39    12     61.08      0.00     10.06
 1494823779.40     0     80.93      0.00     17.49    12     80.04      0.00     17.82
 1494823779.50     0     78.14      0.00     15.50    12     76.75      0.00     15.24
 1494823779.60     0     77.87      0.00     14.77    12     77.05      0.00     15.61
 1494823779.70     0     85.05      0.00     16.15    12     82.57      0.00     16.47
 1494823779.80     0     61.49      0.00     10.03    12     58.17      0.00      9.99
 1494823779.90     0     85.07      0.00     17.20    12     86.14      0.00     17.35
 1494823780.00     0     82.36      0.00     16.25    12     81.66      0.00     15.82
 1494823780.10     0     80.92      0.00     16.72    12     79.32      0.00     16.69
 1494823780.20     0     65.20      0.00     10.50    12     63.46      0.00     10.82
 1494823780.30     0     49.27      0.00      7.70    12     46.36      0.00      7.57
 1494823780.40     0     59.17      0.00     10.07    12     59.38      0.00     10.29
 1494823780.51     0     69.45      0.00     14.59    12     68.59      0.00     13.83
 1494823780.61     0     63.76      0.00     13.02    12     61.42      0.00     13.34
 1494823780.71     0     87.95      0.00     17.71    12     87.35      0.00     17.73
 1494823780.81     0     81.57      0.00     15.35    12     80.38      0.00     15.85
 1494823780.91     0     64.37      0.00     11.34    12     63.74      0.00     11.17
 1494823781.01     0     86.83      0.00     16.47    12     85.88      0.00     16.57
 1494823781.11     0     55.08      0.00      9.19    12     52.15      0.00      9.41
 1494823781.21     0     75.56      0.00     15.41    12     75.69      0.00     15.87
 1494823781.31     0     75.42      0.00     14.72    12     75.60      0.00     15.01
 1494823781.41     0     88.09      0.00     17.47    12     85.43      0.00     17.82
 1494823781.51     0     72.41      0.00     13.40    12     71.38      0.00     13.17
 1494823781.61     0     61.25      0.00     10.83    12     61.61      0.00     10.97
 1494823781.71     0     77.49      0.00     15.27    12     75.77      0.00     14.87
 1494823781.81     0     78.57      0.00     14.94    12     76.98      0.00     15.07
 1494823781.91     0     83.02      0.00     17.31    12     81.77      0.00     17.68
 1494823782.01     0     65.06      0.00     10.70    12     64.57      0.00     10.99
 1494823782.11     0     54.27      0.00      9.24    12     54.40      0.00      9.47
 1494823782.21     0     52.23      0.00      9.00    12     50.49      0.00      8.84
 1494823782.31     0     68.95      0.00     14.19    12     67.05      0.00     14.06
 1494823782.41     0     75.33      0.00     16.09    12     74.49      0.00     15.86
 1494823782.51     0     97.28      0.00     19.04    12     96.82      0.00     19.48
 1494823782.61     0     77.90      0.00     14.66    12     76.32      0.00     14.11
 1494823782.71     0     71.90      0.00     13.48    12     69.73      0.00     13.61
 1494823782.81     0     70.81      0.00     12.52    12     69.62      0.00     12.78
 1494823782.91     0     70.15      0.00     14.02    12     69.57      0.00     13.93
 1494823783.01     0     79.27      0.00     16.03    12     78.67      0.00     15.31
 1494823783.11     0     88.74      0.00     18.30    12     88.62      0.00     18.15
 1494823783.21     0     77.13      0.00     14.73    12     74.71      0.00     14.73
 1494823783.31     0     63.23      0.00     10.42    12     63.34      0.00     10.77
 1494823783.41     0     77.39      0.00     14.95    12     76.53      0.00     15.31
 1494823783.51     0     80.17      0.00     15.58    12     79.20      0.00     15.26
 1494823783.61     0     81.16      0.00     16.58    12     79.36      0.00     16.33
 1494823783.71     0     57.47      0.00      9.81    12     53.26      0.00      9.78
 1494823783.81     0     41.10      0.00      5.91    12     39.24      0.00      5.90
 1494823783.91     0     41.62      0.00      5.36    12     39.41      0.00      5.29
 1494823784.01     0     41.46      0.00      5.32    12     38.67      0.00      5.35
 1494823784.11     0     41.02      0.00      5.47    12     39.14      0.00      5.44
 1494823784.21     0     41.21      0.00      5.52    12     39.10      0.00      5.60
 1494823784.31     0     41.89      0.00      5.49    12     40.44      0.00      5.57
 1494823784.41     0     41.59      0.00      5.47    12     40.22      0.00      5.52
 1494823784.51     0     41.33      0.00      5.41    12     39.63      0.00      5.56
 1494823784.61     0     41.67      0.00      5.43    12     40.17      0.00      5.59
 1494823784.71     0     41.04      0.00      5.46    12     39.82      0.00      5.54
 1494823784.81     0     42.43      0.00      5.56    12     40.52      0.00      5.62
 1494823784.91     0     41.95      0.00      5.46    12     40.48      0.00      5.47
 1494823785.01     0     41.72      0.00      5.38    12     40.24      0.00      5.61
 1494823785.11     0     41.94      0.00      5.43    12     40.61      0.00      5.64
 1494823785.21     0     41.75      0.00      5.44    12     40.43      0.00      5.61
 1494823785.31     0     41.47      0.00      5.32    12     39.81      0.00      5.57
 1494823785.41     0     41.52      0.00      5.32    12     40.17      0.00      5.56
 1494823785.51     0     40.95      0.00      5.24    12     39.24      0.00      5.34
 1494823785.61     0     41.42      0.00      5.39    12     39.69      0.00      5.46
 1494823785.71     0     40.90      0.00      5.37    12     38.84      0.00      5.38
 1494823785.81     0     41.69      0.00      5.46    12     40.00      0.00      5.54
 1494823785.91     0     41.56      0.00      5.34    12     39.96      0.00      5.51
 1494823786.01     0     41.31      0.00      5.46    12     39.46      0.00      5.49
 1494823786.11     0     41.33      0.00      5.47    12     39.61      0.00      5.44
 1494823786.21     0     40.80      0.00      5.22    12     39.12      0.00      5.47
 1494823786.31     0     40.81      0.00      5.28    12     39.27      0.00      5.47
 1494823786.41     0     40.64      0.00      5.15    12     39.22      0.00      5.52
 1494823786.51     0     40.71      0.00      5.34    12     39.35      0.00      5.36
 1494823786.61     0     40.36      0.00      5.38    12     38.95      0.00      5.47
 1494823786.71     0     40.72      0.00      5.24    12     39.49      0.00      5.45
 1494823786.81     0     40.63      0.00      5.25    12     39.52      0.00      5.49
 1494823786.91     0     41.07      0.00      5.30    12     39.52      0.00      5.46
 1494823787.01     0     41.08      0.00      5.31    12     39.58      0.00      5.50
 1494823787.12     0     40.90      0.00      5.26    12     38.99      0.00      5.54
 1494823787.22     0     41.31      0.00      5.37    12     39.59      0.00      5.54
 1494823787.32     0     41.02      0.00      5.40    12     38.95      0.00      5.56
 1494823787.42     0     40.75      0.00      5.26    12     38.61      0.00      5.56
 1494823787.52     0     40.27      0.00      5.39    12     37.95      0.00      5.34
 1494823787.62     0     40.50      0.00      5.35    12     38.47      0.00      5.49
 1494823787.72     0     40.12      0.00      5.35    12     38.08      0.00      5.44
 1494823787.82     0     40.31      0.00      5.23    12     38.23      0.00      5.47
 1494823787.92     0     39.15      0.00      5.20    12     36.94      0.00      5.33
 1494823788.02     0     39.23      0.00      5.29    12     37.61      0.00      5.59
 1494823788.12     0     39.06      0.00      5.22    12     37.06      0.00      5.60
 1494823788.22     0     39.43      0.00      5.45    12     37.74      0.00      5.46
 1494823788.32     0     39.63      0.00      5.45    12     38.23      0.00      5.62
 1494823788.42     0     39.26      0.00      5.39    12     37.84      0.00      5.61
 1494823788.52     0     39.43      0.00      5.41    12     37.95      0.00      5.55
 1494823788.62     0     39.20      0.00      5.28    12     37.87      0.00      5.56
 1494823788.72     0     39.62      0.00      5.36    12     38.31      0.00      5.56
 1494823788.82     0     39.32      0.00      5.34    12     37.61      0.00      5.48
 1494823788.92     0     39.59      0.00      5.27    12     38.27      0.00      5.45
 1494823789.02     0     39.35      0.00      5.28    12     37.92      0.00      5.52
 1494823789.12     0     39.58      0.00      5.32    12     38.21      0.00      5.53
 1494823789.22     0     39.86      0.00      5.21    12     38.34      0.00      5.62
 1494823789.32     0     39.60      0.00      5.31    12     38.15      0.00      5.58
 1494823789.42     0     39.88      0.00      5.42    12     38.24      0.00      5.56
 1494823789.52     0     39.46      0.00      5.38    12     37.87      0.00      5.56
 1494823789.62     0     39.67      0.00      5.36    12     38.03      0.00      5.40
 1494823789.72     0     39.77      0.00      5.32    12     38.13      0.00      5.47
 1494823789.82     0     39.31      0.00      5.24    12     37.94      0.00      5.40
 1494823789.92     0     39.65      0.00      5.37    12     37.72      0.00      5.44
 1494823790.02     0     39.59      0.00      5.35    12     37.82      0.00      5.51
 1494823790.12     0     39.79      0.00      5.37    12     38.34      0.00      5.55
 1494823790.22     0     39.50      0.00      5.53    12     37.92      0.00      5.52
 1494823790.32     0     28.97      0.00      4.72    12     28.28      0.00      4.73
 1494823790.42     0     20.04      0.00      3.09    12     21.98      0.00      4.51
 1494823790.52     0     17.26      0.00      3.18    12     18.75      0.00      3.85
