         #Time  Core     P_PKG     P_PP0    P_DRAM  Core     P_PKG     P_PP0    P_DRAM
 1494474756.34     0     23.39      0.00      4.93    12     20.96      0.00      4.95
 1494474756.44     0     26.19      0.00      4.51    12     22.50      0.00      4.31
 1494474756.54     0     31.02      0.00      4.74    12     25.08      0.00      4.46
 1494474756.64     0     36.01      0.00      6.18    12     30.51      0.00      5.51
 1494474756.74     0     37.41      0.00      5.45    12     34.16      0.00      5.64
 1494474756.84     0     35.27      0.00      5.39    12     32.23      0.00      5.54
 1494474756.94     0     35.21      0.00      5.37    12     32.33      0.00      5.56
 1494474757.04     0     35.26      0.00      5.39    12     32.34      0.00      5.63
 1494474757.14     0     35.14      0.00      5.31    12     32.33      0.00      5.48
 1494474757.24     0     35.21      0.00      5.43    12     32.38      0.00      5.56
 1494474757.34     0     35.26      0.00      5.30    12     32.39      0.00      5.51
 1494474757.44     0     35.22      0.00      5.46    12     32.46      0.00      5.55
 1494474757.54     0     35.25      0.00      5.43    12     32.44      0.00      5.57
 1494474757.64     0     34.91      0.00      5.29    12     31.95      0.00      5.48
 1494474757.74     0     35.29      0.00      5.40    12     32.48      0.00      5.57
 1494474757.84     0     35.27      0.00      5.37    12     32.52      0.00      5.55
 1494474757.94     0     35.21      0.00      5.36    12     32.44      0.00      5.51
 1494474758.04     0     35.25      0.00      5.43    12     32.41      0.00      5.60
 1494474758.14     0     35.31      0.00      5.37    12     32.38      0.00      5.55
 1494474758.24     0     35.29      0.00      5.42    12     32.58      0.00      5.55
 1494474758.34     0     34.21      0.00      5.29    12     30.99      0.00      5.60
 1494474758.44     0     35.29      0.00      5.32    12     32.69      0.00      5.56
 1494474758.54     0     35.19      0.00      5.55    12     33.01      0.00      5.59
 1494474758.64     0     35.16      0.00      5.36    12     33.03      0.00      5.66
 1494474758.74     0     35.12      0.00      5.40    12     32.88      0.00      5.58
 1494474758.84     0     35.13      0.00      5.38    12     32.67      0.00      5.57
 1494474758.94     0     35.22      0.00      5.33    12     32.75      0.00      5.63
 1494474759.04     0     35.21      0.00      5.33    12     32.76      0.00      5.63
 1494474759.14     0     35.14      0.00      5.36    12     32.66      0.00      5.58
 1494474759.24     0     35.21      0.00      5.34    12     32.81      0.00      5.65
 1494474759.34     0     35.15      0.00      5.33    12     32.77      0.00      5.58
 1494474759.44     0     35.20      0.00      5.33    12     32.83      0.00      5.62
 1494474759.54     0     35.14      0.00      5.36    12     32.76      0.00      5.64
 1494474759.64     0     35.22      0.00      5.47    12     32.91      0.00      5.60
 1494474759.74     0     35.17      0.00      5.38    12     32.80      0.00      5.64
 1494474759.84     0     35.20      0.00      5.37    12     32.82      0.00      5.61
 1494474759.94     0     35.20      0.00      5.35    12     32.87      0.00      5.58
 1494474760.04     0     35.13      0.00      5.39    12     32.88      0.00      5.64
 1494474760.14     0     35.12      0.00      5.32    12     32.80      0.00      5.63
 1494474760.24     0     35.15      0.00      5.37    12     32.71      0.00      5.61
 1494474760.34     0     35.23      0.00      5.29    12     32.82      0.00      5.57
 1494474760.44     0     35.18      0.00      5.30    12     32.86      0.00      5.60
 1494474760.54     0     35.21      0.00      5.35    12     32.78      0.00      5.61
 1494474760.64     0     35.11      0.00      5.48    12     32.74      0.00      5.58
 1494474760.74     0     35.18      0.00      5.42    12     32.75      0.00      5.62
 1494474760.84     0     35.20      0.00      5.34    12     32.70      0.00      5.69
 1494474760.94     0     35.14      0.00      5.32    12     32.74      0.00      5.62
 1494474761.04     0     35.13      0.00      5.30    12     32.71      0.00      5.58
 1494474761.14     0     35.19      0.00      5.30    12     32.82      0.00      5.56
 1494474761.24     0     35.14      0.00      5.33    12     32.69      0.00      5.57
 1494474761.34     0     35.21      0.00      5.32    12     32.81      0.00      5.59
 1494474761.44     0     35.16      0.00      5.19    12     32.69      0.00      5.56
 1494474761.54     0     35.28      0.00      5.38    12     32.84      0.00      5.62
 1494474761.64     0     35.17      0.00      5.41    12     32.84      0.00      5.63
 1494474761.74     0     35.23      0.00      5.47    12     32.78      0.00      5.58
 1494474761.84     0     35.17      0.00      5.46    12     32.84      0.00      5.64
 1494474761.94     0     35.16      0.00      5.32    12     32.72      0.00      5.61
 1494474762.04     0     35.08      0.00      5.33    12     32.67      0.00      5.62
 1494474762.14     0     35.21      0.00      5.34    12     32.91      0.00      5.57
 1494474762.24     0     35.19      0.00      5.38    12     32.83      0.00      5.58
 1494474762.34     0     35.18      0.00      5.35    12     32.79      0.00      5.63
 1494474762.44     0     35.16      0.00      5.37    12     32.76      0.00      5.65
 1494474762.54     0     35.57      0.00      5.36    12     33.13      0.00      5.60
 1494474762.64     0     34.82      0.00      5.35    12     32.76      0.00      5.67
 1494474762.74     0     35.18      0.00      5.36    12     32.39      0.00      5.56
 1494474762.84     0     35.26      0.00      5.55    12     33.20      0.00      5.64
 1494474762.94     0     35.57      0.00      5.44    12     32.59      0.00      5.64
 1494474763.04     0     34.92      0.00      5.35    12     32.71      0.00      5.65
 1494474763.14     0     35.18      0.00      5.35    12     33.03      0.00      5.63
 1494474763.25     0     35.62      0.00      5.45    12     32.83      0.00      5.63
 1494474763.35     0     34.89      0.00      5.33    12     32.81      0.00      5.63
 1494474763.45     0     35.57      0.00      5.36    12     32.75      0.00      5.58
 1494474763.55     0     35.25      0.00      5.31    12     32.84      0.00      5.61
 1494474763.65     0     34.85      0.00      5.31    12     32.87      0.00      5.60
 1494474763.75     0     35.27      0.00      5.39    12     32.85      0.00      5.62
 1494474763.85     0     35.49      0.00      5.42    12     32.68      0.00      5.65
 1494474763.95     0     35.18      0.00      5.38    12     32.43      0.00      5.60
 1494474764.05     0     35.11      0.00      5.39    12     33.04      0.00      5.66
 1494474764.15     0     35.16      0.00      5.38    12     32.81      0.00      5.62
 1494474764.25     0     35.17      0.00      5.39    12     32.85      0.00      5.62
 1494474764.35     0     35.12      0.00      5.39    12     32.66      0.00      5.61
 1494474764.45     0     35.14      0.00      5.22    12     32.63      0.00      5.56
 1494474764.55     0     35.11      0.00      5.31    12     32.60      0.00      5.55
 1494474764.65     0     35.02      0.00      5.27    12     32.47      0.00      5.55
 1494474764.75     0     35.27      0.00      5.36    12     32.73      0.00      5.60
 1494474764.85     0     35.18      0.00      5.35    12     32.69      0.00      5.61
 1494474764.95     0     35.25      0.00      5.45    12     32.68      0.00      5.61
 1494474765.05     0     35.17      0.00      5.44    12     32.75      0.00      5.66
 1494474765.15     0     35.18      0.00      5.33    12     32.66      0.00      5.56
 1494474765.25     0     35.23      0.00      5.23    12     32.87      0.00      5.56
 1494474765.35     0     35.24      0.00      5.35    12     32.81      0.00      5.57
 1494474765.45     0     35.22      0.00      5.27    12     32.66      0.00      5.59
 1494474765.55     0     35.15      0.00      5.39    12     32.69      0.00      5.61
 1494474765.65     0     35.24      0.00      5.43    12     32.72      0.00      5.62
 1494474765.75     0     35.26      0.00      5.28    12     32.77      0.00      5.51
 1494474765.85     0     35.12      0.00      5.29    12     32.62      0.00      5.56
 1494474765.95     0     35.19      0.00      5.32    12     32.76      0.00      5.61
 1494474766.05     0     35.18      0.00      5.43    12     32.81      0.00      5.60
 1494474766.15     0     35.24      0.00      5.37    12     32.68      0.00      5.63
 1494474766.25     0     34.75      0.00      5.24    12     31.86      0.00      5.51
 1494474766.35     0     35.23      0.00      5.33    12     32.74      0.00      5.61
 1494474766.45     0     35.20      0.00      5.42    12     32.77      0.00      5.65
 1494474766.55     0     35.22      0.00      5.40    12     32.82      0.00      5.58
 1494474766.65     0     35.17      0.00      5.25    12     32.80      0.00      5.57
 1494474766.75     0     35.18      0.00      5.33    12     32.73      0.00      5.62
 1494474766.85     0     35.17      0.00      5.35    12     32.86      0.00      5.60
 1494474766.95     0     35.31      0.00      5.28    12     32.69      0.00      5.58
 1494474767.05     0     35.19      0.00      5.32    12     32.86      0.00      5.54
 1494474767.15     0     35.15      0.00      5.49    12     32.64      0.00      5.65
 1494474767.25     0     35.27      0.00      5.44    12     32.94      0.00      5.64
 1494474767.35     0     35.24      0.00      5.37    12     32.77      0.00      5.62
 1494474767.45     0     35.21      0.00      5.37    12     32.72      0.00      5.59
 1494474767.55     0     35.21      0.00      5.33    12     32.73      0.00      5.57
 1494474767.65     0     35.27      0.00      5.32    12     32.78      0.00      5.56
 1494474767.75     0     35.28      0.00      5.32    12     32.88      0.00      5.59
 1494474767.85     0     35.21      0.00      5.34    12     32.74      0.00      5.66
 1494474767.95     0     35.26      0.00      5.33    12     32.78      0.00      5.63
 1494474768.05     0     35.12      0.00      5.33    12     32.50      0.00      5.58
 1494474768.15     0     35.14      0.00      5.35    12     32.55      0.00      5.62
 1494474768.25     0     35.18      0.00      5.49    12     32.72      0.00      5.61
 1494474768.35     0     35.23      0.00      5.37    12     32.76      0.00      5.60
 1494474768.45     0     35.14      0.00      5.36    12     32.59      0.00      5.62
 1494474768.55     0     35.15      0.00      5.32    12     32.66      0.00      5.56
 1494474768.65     0     35.23      0.00      5.31    12     32.78      0.00      5.55
 1494474768.75     0     35.18      0.00      5.25    12     32.76      0.00      5.58
 1494474768.85     0     35.21      0.00      5.32    12     32.79      0.00      5.60
 1494474768.95     0     35.23      0.00      5.32    12     32.83      0.00      5.63
 1494474769.05     0     35.33      0.00      5.32    12     32.73      0.00      5.64
 1494474769.15     0     35.23      0.00      5.32    12     32.75      0.00      5.60
 1494474769.25     0     35.22      0.00      5.39    12     32.68      0.00      5.57
 1494474769.35     0     35.27      0.00      5.46    12     32.59      0.00      5.64
 1494474769.45     0     35.24      0.00      5.35    12     32.75      0.00      5.62
 1494474769.55     0     35.25      0.00      5.38    12     32.73      0.00      5.63
 1494474769.65     0     35.25      0.00      5.40    12     32.77      0.00      5.62
 1494474769.75     0     35.20      0.00      5.34    12     32.81      0.00      5.59
 1494474769.85     0     35.53      0.00      5.42    12     32.78      0.00      5.61
 1494474769.95     0     35.17      0.00      5.38    12     32.63      0.00      5.56
 1494474770.05     0     34.84      0.00      5.29    12     32.82      0.00      5.58
 1494474770.15     0     35.22      0.00      5.34    12     33.03      0.00      5.67
 1494474770.25     0     35.34      0.00      5.34    12     32.06      0.00      5.52
 1494474770.35     0     34.68      0.00      5.20    12     31.00      0.00      5.33
 1494474770.45     0     35.19      0.00      5.48    12     32.24      0.00      5.55
 1494474770.55     0     35.20      0.00      5.34    12     32.40      0.00      5.61
 1494474770.65     0     35.21      0.00      5.39    12     32.32      0.00      5.55
 1494474770.75     0     35.14      0.00      5.35    12     32.52      0.00      5.61
 1494474770.85     0     35.19      0.00      5.36    12     32.34      0.00      5.52
 1494474770.95     0     35.19      0.00      5.41    12     32.35      0.00      5.53
 1494474771.05     0     35.14      0.00      5.38    12     32.24      0.00      5.50
 1494474771.15     0     35.25      0.00      5.38    12     32.31      0.00      5.55
 1494474771.25     0     34.92      0.00      5.28    12     31.98      0.00      5.51
 1494474771.35     0     35.21      0.00      5.37    12     32.07      0.00      5.52
 1494474771.45     0     35.15      0.00      5.53    12     32.59      0.00      5.66
 1494474771.55     0     35.22      0.00      5.36    12     32.31      0.00      5.53
 1494474771.65     0     35.18      0.00      5.39    12     32.35      0.00      5.58
 1494474771.75     0     35.22      0.00      5.38    12     32.32      0.00      5.53
 1494474771.85     0     35.15      0.00      5.31    12     32.30      0.00      5.51
 1494474771.95     0     35.22      0.00      5.39    12     32.32      0.00      5.55
 1494474772.05     0     35.18      0.00      5.37    12     32.35      0.00      5.56
 1494474772.15     0     35.17      0.00      5.35    12     32.39      0.00      5.50
 1494474772.25     0     35.21      0.00      5.36    12     32.17      0.00      5.50
 1494474772.35     0     35.18      0.00      5.37    12     32.37      0.00      5.54
 1494474772.45     0     35.20      0.00      5.44    12     32.27      0.00      5.62
 1494474772.55     0     35.11      0.00      5.51    12     32.23      0.00      5.55
 1494474772.66     0     35.13      0.00      5.40    12     32.35      0.00      5.54
 1494474772.76     0     35.15      0.00      5.36    12     32.31      0.00      5.56
 1494474772.86     0     35.23      0.00      5.36    12     32.42      0.00      5.56
 1494474772.96     0     35.20      0.00      5.43    12     32.42      0.00      5.59
 1494474773.06     0     35.14      0.00      5.36    12     32.31      0.00      5.54
 1494474773.16     0     35.17      0.00      5.40    12     32.33      0.00      5.61
 1494474773.26     0     35.28      0.00      5.37    12     32.43      0.00      5.58
 1494474773.36     0     35.11      0.00      5.40    12     32.36      0.00      5.55
 1494474773.46     0     35.18      0.00      5.44    12     32.28      0.00      5.58
 1494474773.56     0     35.24      0.00      5.50    12     32.42      0.00      5.58
 1494474773.66     0     35.24      0.00      5.40    12     32.32      0.00      5.58
 1494474773.76     0     35.15      0.00      5.29    12     32.26      0.00      5.53
 1494474773.86     0     35.20      0.00      5.43    12     32.32      0.00      5.53
 1494474773.96     0     35.20      0.00      5.38    12     32.39      0.00      5.58
 1494474774.06     0     35.15      0.00      5.30    12     32.24      0.00      5.52
 1494474774.16     0     35.16      0.00      5.36    12     32.38      0.00      5.55
 1494474774.26     0     35.24      0.00      5.35    12     32.25      0.00      5.52
 1494474774.36     0     35.20      0.00      5.43    12     32.36      0.00      5.57
 1494474774.46     0     35.15      0.00      5.44    12     32.35      0.00      5.60
 1494474774.56     0     35.14      0.00      5.45    12     32.35      0.00      5.58
 1494474774.66     0     35.16      0.00      5.49    12     32.33      0.00      5.58
 1494474774.76     0     35.07      0.00      5.35    12     32.22      0.00      5.56
 1494474774.86     0     35.16      0.00      5.46    12     32.35      0.00      5.55
 1494474774.96     0     35.12      0.00      5.46    12     32.27      0.00      5.57
 1494474775.06     0     35.20      0.00      5.37    12     32.46      0.00      5.57
 1494474775.16     0     35.19      0.00      5.36    12     32.39      0.00      5.56
 1494474775.26     0     35.13      0.00      5.24    12     32.09      0.00      5.53
 1494474775.36     0     35.10      0.00      5.41    12     32.27      0.00      5.53
 1494474775.46     0     35.19      0.00      5.36    12     32.26      0.00      5.60
 1494474775.56     0     35.19      0.00      5.38    12     32.35      0.00      5.61
 1494474775.66     0     35.22      0.00      5.36    12     32.41      0.00      5.56
 1494474775.76     0     35.22      0.00      5.46    12     32.26      0.00      5.58
 1494474775.86     0     35.25      0.00      5.42    12     32.40      0.00      5.58
 1494474775.96     0     35.23      0.00      5.33    12     32.28      0.00      5.51
 1494474776.06     0     35.16      0.00      5.41    12     32.23      0.00      5.54
 1494474776.16     0     35.10      0.00      5.41    12     32.25      0.00      5.51
 1494474776.26     0     34.92      0.00      5.39    12     31.86      0.00      5.47
 1494474776.36     0     35.19      0.00      5.48    12     32.35      0.00      5.50
 1494474776.46     0     35.18      0.00      5.38    12     32.30      0.00      5.54
 1494474776.56     0     35.19      0.00      5.38    12     32.38      0.00      5.55
 1494474776.66     0     35.21      0.00      5.36    12     32.43      0.00      5.53
 1494474776.76     0     35.15      0.00      5.46    12     32.25      0.00      5.55
 1494474776.86     0     35.16      0.00      5.46    12     32.29      0.00      5.53
 1494474776.96     0     35.17      0.00      5.35    12     32.41      0.00      5.60
 1494474777.06     0     35.16      0.00      5.36    12     32.29      0.00      5.53
 1494474777.16     0     35.13      0.00      5.31    12     32.32      0.00      5.54
 1494474777.26     0     34.80      0.00      5.19    12     31.61      0.00      5.44
 1494474777.36     0     35.59      0.00      5.44    12     32.32      0.00      5.54
 1494474777.46     0     35.22      0.00      5.39    12     32.64      0.00      5.57
 1494474777.56     0     34.92      0.00      5.34    12     32.34      0.00      5.58
 1494474777.66     0     35.19      0.00      5.34    12     32.00      0.00      5.54
 1494474777.76     0     35.55      0.00      5.42    12     32.29      0.00      5.49
 1494474777.86     0     35.20      0.00      5.49    12     32.39      0.00      5.59
 1494474777.96     0     35.21      0.00      5.45    12     32.44      0.00      5.58
 1494474778.06     0     35.20      0.00      5.33    12     32.66      0.00      5.52
 1494474778.16     0     35.25      0.00      5.36    12     32.34      0.00      5.63
 1494474778.26     0     34.36      0.00      5.56    12     31.66      0.00      5.77
 1494474778.36     0     35.21      0.00      5.35    12     32.36      0.00      5.60
 1494474778.46     0     35.29      0.00      5.34    12     32.37      0.00      5.56
 1494474778.56     0     35.15      0.00      5.38    12     32.18      0.00      5.53
 1494474778.66     0     35.15      0.00      5.34    12     32.42      0.00      5.61
 1494474778.76     0     35.17      0.00      5.28    12     32.03      0.00      5.55
 1494474778.86     0     35.18      0.00      5.45    12     32.65      0.00      5.60
 1494474778.96     0     35.13      0.00      5.45    12     32.26      0.00      5.61
 1494474779.06     0     35.19      0.00      5.40    12     32.35      0.00      5.58
 1494474779.16     0     35.17      0.00      5.33    12     32.31      0.00      5.45
 1494474779.26     0     35.12      0.00      5.37    12     32.30      0.00      5.53
 1494474779.36     0     35.22      0.00      5.39    12     32.36      0.00      5.49
 1494474779.46     0     35.17      0.00      5.39    12     32.33      0.00      5.59
 1494474779.56     0     35.16      0.00      5.36    12     32.38      0.00      5.57
 1494474779.66     0     35.15      0.00      5.41    12     32.25      0.00      5.49
 1494474779.76     0     35.14      0.00      5.39    12     32.40      0.00      5.52
 1494474779.86     0     35.11      0.00      5.39    12     32.42      0.00      5.53
 1494474779.96     0     35.18      0.00      5.49    12     32.28      0.00      5.57
 1494474780.06     0     35.07      0.00      5.46    12     32.38      0.00      5.57
 1494474780.16     0     35.12      0.00      5.45    12     32.41      0.00      5.55
 1494474780.26     0     34.52      0.00      5.47    12     31.72      0.00      5.59
 1494474780.36     0     35.13      0.00      5.41    12     32.34      0.00      5.60
 1494474780.46     0     35.15      0.00      5.40    12     32.28      0.00      5.63
 1494474780.56     0     35.13      0.00      5.36    12     32.20      0.00      5.54
 1494474780.66     0     35.21      0.00      5.29    12     32.18      0.00      5.50
 1494474780.76     0     35.11      0.00      5.39    12     32.17      0.00      5.54
 1494474780.86     0     35.14      0.00      5.35    12     32.26      0.00      5.58
 1494474780.96     0     35.19      0.00      5.41    12     32.22      0.00      5.59
 1494474781.06     0     35.14      0.00      5.50    12     32.17      0.00      5.58
 1494474781.16     0     34.95      0.00      5.35    12     31.80      0.00      5.48
 1494474781.26     0     34.70      0.00      5.18    12     31.59      0.00      5.45
 1494474781.36     0     34.64      0.00      4.85    12     30.38      0.00      5.19
 1494474781.46     0     29.99      0.00      5.00    12     26.61      0.00      5.22
 1494474781.56     0     34.79      0.00      5.14    12     30.57      0.00      5.51
 1494474781.66     0     35.17      0.00      5.28    12     31.71      0.00      5.52
 1494474781.76     0     34.90      0.00      5.16    12     31.26      0.00      5.41
 1494474781.87     0     35.16      0.00      5.36    12     32.34      0.00      5.63
 1494474781.97     0     35.24      0.00      5.34    12     32.26      0.00      5.57
 1494474782.07     0     35.04      0.00      5.29    12     32.10      0.00      5.55
 1494474782.17     0     35.22      0.00      5.52    12     32.32      0.00      5.55
 1494474782.27     0     35.19      0.00      5.40    12     32.27      0.00      5.51
 1494474782.37     0     35.18      0.00      5.41    12     32.31      0.00      5.59
 1494474782.47     0     35.26      0.00      5.42    12     32.38      0.00      5.57
 1494474782.57     0     35.24      0.00      5.36    12     32.33      0.00      5.58
 1494474782.67     0     35.21      0.00      5.40    12     32.34      0.00      5.60
 1494474782.77     0     35.24      0.00      5.45    12     32.36      0.00      5.57
 1494474782.87     0     35.31      0.00      5.28    12     32.37      0.00      5.52
 1494474782.97     0     35.19      0.00      5.38    12     32.23      0.00      5.51
 1494474783.07     0     35.30      0.00      5.37    12     32.32      0.00      5.53
 1494474783.17     0     35.32      0.00      5.45    12     32.33      0.00      5.61
 1494474783.27     0     35.56      0.00      5.61    12     32.32      0.00      5.56
 1494474783.37     0     35.26      0.00      5.38    12     32.27      0.00      5.51
 1494474783.47     0     35.32      0.00      5.46    12     32.35      0.00      5.57
 1494474783.57     0     35.30      0.00      5.32    12     32.41      0.00      5.56
 1494474783.67     0     35.18      0.00      5.42    12     32.35      0.00      5.58
 1494474783.77     0     35.31      0.00      5.32    12     32.19      0.00      5.57
 1494474783.87     0     35.22      0.00      5.39    12     32.21      0.00      5.57
 1494474783.97     0     35.30      0.00      5.38    12     32.37      0.00      5.54
 1494474784.07     0     35.21      0.00      5.35    12     32.25      0.00      5.59
 1494474784.17     0     35.34      0.00      5.32    12     32.32      0.00      5.54
 1494474784.27     0     35.22      0.00      5.49    12     32.32      0.00      5.53
 1494474784.37     0     35.28      0.00      5.46    12     32.39      0.00      5.62
 1494474784.47     0     35.17      0.00      5.31    12     32.22      0.00      5.61
 1494474784.57     0     35.28      0.00      5.36    12     32.50      0.00      5.59
 1494474784.67     0     35.27      0.00      5.33    12     32.27      0.00      5.59
 1494474784.77     0     35.29      0.00      5.38    12     32.35      0.00      5.56
 1494474784.87     0     35.22      0.00      5.39    12     32.26      0.00      5.59
 1494474784.97     0     35.27      0.00      5.38    12     32.23      0.00      5.55
 1494474785.07     0     35.27      0.00      5.37    12     31.94      0.00      5.51
 1494474785.17     0     35.29      0.00      5.44    12     32.60      0.00      5.64
 1494474785.27     0     35.30      0.00      5.35    12     32.29      0.00      5.54
 1494474785.37     0     35.26      0.00      5.46    12     32.19      0.00      5.60
 1494474785.47     0     35.30      0.00      5.42    12     32.28      0.00      5.56
 1494474785.57     0     35.22      0.00      5.38    12     32.30      0.00      5.55
 1494474785.67     0     35.32      0.00      5.38    12     32.33      0.00      5.49
 1494474785.77     0     35.33      0.00      5.38    12     32.40      0.00      5.63
 1494474785.87     0     35.22      0.00      5.30    12     32.15      0.00      5.60
 1494474785.97     0     35.29      0.00      5.48    12     32.35      0.00      5.54
 1494474786.07     0     35.24      0.00      5.39    12     32.22      0.00      5.59
 1494474786.17     0     35.20      0.00      5.43    12     32.30      0.00      5.52
 1494474786.27     0     35.23      0.00      5.34    12     32.29      0.00      5.57
 1494474786.37     0     35.29      0.00      5.40    12     32.27      0.00      5.60
 1494474786.47     0     35.25      0.00      5.55    12     32.33      0.00      5.56
 1494474786.57     0     35.19      0.00      5.43    12     32.15      0.00      5.55
 1494474786.67     0     35.26      0.00      5.39    12     32.23      0.00      5.58
 1494474786.77     0     35.21      0.00      5.36    12     32.20      0.00      5.63
 1494474786.87     0     35.23      0.00      5.39    12     32.21      0.00      5.61
 1494474786.97     0     35.19      0.00      5.37    12     32.25      0.00      5.58
 1494474787.07     0     35.32      0.00      5.37    12     32.32      0.00      5.55
 1494474787.17     0     35.27      0.00      5.38    12     32.36      0.00      5.56
 1494474787.27     0     35.12      0.00      5.30    12     32.12      0.00      5.51
 1494474787.37     0     35.28      0.00      5.35    12     32.30      0.00      5.57
 1494474787.47     0     35.22      0.00      5.47    12     32.21      0.00      5.61
 1494474787.57     0     35.27      0.00      5.51    12     32.23      0.00      5.51
 1494474787.67     0     35.26      0.00      5.40    12     32.17      0.00      5.49
 1494474787.77     0     35.26      0.00      5.43    12     32.30      0.00      5.53
 1494474787.87     0     35.26      0.00      5.40    12     32.20      0.00      5.58
 1494474787.97     0     35.25      0.00      5.37    12     32.21      0.00      5.50
 1494474788.07     0     35.40      0.00      5.42    12     32.25      0.00      5.55
 1494474788.17     0     35.36      0.00      5.38    12     32.31      0.00      5.49
 1494474788.27     0     35.21      0.00      5.37    12     32.25      0.00      5.58
 1494474788.37     0     35.28      0.00      5.40    12     32.29      0.00      5.54
 1494474788.47     0     35.28      0.00      5.41    12     32.32      0.00      5.59
 1494474788.57     0     35.25      0.00      5.49    12     32.14      0.00      5.57
 1494474788.67     0     35.22      0.00      5.45    12     32.08      0.00      5.60
 1494474788.77     0     35.45      0.00      5.46    12     32.26      0.00      5.53
 1494474788.87     0     35.38      0.00      5.42    12     32.22      0.00      5.60
 1494474788.97     0     35.29      0.00      5.36    12     32.24      0.00      5.50
 1494474789.07     0     35.28      0.00      5.40    12     32.11      0.00      5.54
 1494474789.17     0     35.26      0.00      5.36    12     32.25      0.00      5.55
 1494474789.27     0     35.31      0.00      5.32    12     32.28      0.00      5.54
 1494474789.37     0     35.23      0.00      5.38    12     32.27      0.00      5.52
 1494474789.47     0     35.33      0.00      5.32    12     32.23      0.00      5.55
 1494474789.57     0     35.32      0.00      5.39    12     32.27      0.00      5.57
 1494474789.67     0     35.28      0.00      5.50    12     32.21      0.00      5.65
 1494474789.77     0     35.22      0.00      5.41    12     32.19      0.00      5.51
 1494474789.87     0     35.25      0.00      5.42    12     32.37      0.00      5.54
 1494474789.97     0     35.23      0.00      5.41    12     32.25      0.00      5.60
 1494474790.07     0     35.18      0.00      5.39    12     32.20      0.00      5.60
 1494474790.17     0     35.32      0.00      5.39    12     32.26      0.00      5.61
 1494474790.27     0     35.15      0.00      5.41    12     32.07      0.00      5.55
 1494474790.37     0     35.29      0.00      5.40    12     32.28      0.00      5.52
 1494474790.47     0     35.26      0.00      5.40    12     32.32      0.00      5.57
 1494474790.57     0     35.23      0.00      5.39    12     32.20      0.00      5.63
 1494474790.67     0     35.23      0.00      5.39    12     32.33      0.00      5.64
 1494474790.77     0     35.24      0.00      5.54    12     32.23      0.00      5.53
 1494474790.87     0     35.54      0.00      5.42    12     32.10      0.00      5.59
 1494474790.97     0     35.03      0.00      5.31    12     32.16      0.00      5.61
 1494474791.07     0     35.57      0.00      5.40    12     32.20      0.00      5.61
 1494474791.18     0     35.29      0.00      5.40    12     32.19      0.00      5.54
 1494474791.28     0     34.68      0.00      5.21    12     31.68      0.00      5.51
 1494474791.38     0     35.18      0.00      5.38    12     32.40      0.00      5.57
 1494474791.48     0     35.69      0.00      5.39    12     31.87      0.00      5.49
 1494474791.58     0     35.24      0.00      5.47    12     32.50      0.00      5.59
 1494474791.68     0     35.20      0.00      5.42    12     31.94      0.00      5.50
 1494474791.78     0     35.31      0.00      5.47    12     32.60      0.00      5.59
 1494474791.88     0     35.30      0.00      5.51    12     32.19      0.00      5.68
 1494474791.98     0     35.23      0.00      5.41    12     32.16      0.00      5.62
 1494474792.08     0     35.21      0.00      5.38    12     32.37      0.00      5.57
 1494474792.18     0     35.15      0.00      5.38    12     32.14      0.00      5.55
 1494474792.28     0     35.36      0.00      5.32    12     32.33      0.00      5.52
 1494474792.38     0     35.30      0.00      5.33    12     32.37      0.00      5.54
 1494474792.48     0     35.21      0.00      5.38    12     32.16      0.00      5.55
 1494474792.58     0     35.37      0.00      5.33    12     32.29      0.00      5.58
 1494474792.68     0     35.30      0.00      5.35    12     32.34      0.00      5.49
 1494474792.78     0     35.26      0.00      5.39    12     32.27      0.00      5.56
 1494474792.88     0     35.22      0.00      5.45    12     32.16      0.00      5.64
 1494474792.98     0     35.37      0.00      5.48    12     32.34      0.00      5.56
 1494474793.08     0     35.22      0.00      5.48    12     32.30      0.00      5.60
 1494474793.18     0     35.22      0.00      5.36    12     32.27      0.00      5.61
 1494474793.28     0     35.28      0.00      5.31    12     32.19      0.00      5.57
 1494474793.38     0     35.28      0.00      5.38    12     32.21      0.00      5.60
 1494474793.48     0     35.22      0.00      5.36    12     32.33      0.00      5.66
 1494474793.58     0     35.14      0.00      5.30    12     32.08      0.00      5.57
 1494474793.68     0     35.20      0.00      5.35    12     32.27      0.00      5.50
 1494474793.78     0     35.23      0.00      5.39    12     32.30      0.00      5.60
 1494474793.88     0     35.34      0.00      5.39    12     32.29      0.00      5.63
 1494474793.98     0     35.18      0.00      5.56    12     32.11      0.00      5.60
 1494474794.08     0     35.20      0.00      5.47    12     32.14      0.00      5.60
 1494474794.18     0     35.25      0.00      5.40    12     32.29      0.00      5.60
 1494474794.28     0     35.34      0.00      5.43    12     32.31      0.00      5.55
 1494474794.38     0     35.24      0.00      5.35    12     32.27      0.00      5.57
 1494474794.48     0     35.37      0.00      5.39    12     32.47      0.00      5.57
 1494474794.58     0     35.22      0.00      5.39    12     32.32      0.00      5.59
 1494474794.68     0     35.25      0.00      5.37    12     32.24      0.00      5.57
 1494474794.78     0     35.25      0.00      5.42    12     32.19      0.00      5.60
 1494474794.88     0     35.32      0.00      5.38    12     32.24      0.00      5.60
 1494474794.98     0     35.30      0.00      5.43    12     32.22      0.00      5.64
 1494474795.08     0     35.25      0.00      5.48    12     32.22      0.00      5.63
 1494474795.18     0     35.30      0.00      5.40    12     32.29      0.00      5.66
 1494474795.28     0     34.90      0.00      5.30    12     31.62      0.00      5.54
 1494474795.38     0     35.05      0.00      5.30    12     31.86      0.00      5.50
 1494474795.48     0     35.19      0.00      5.33    12     32.30      0.00      5.62
 1494474795.58     0     35.17      0.00      5.37    12     32.29      0.00      5.61
 1494474795.68     0     35.14      0.00      5.42    12     32.24      0.00      5.58
 1494474795.78     0     35.17      0.00      5.35    12     32.27      0.00      5.60
 1494474795.88     0     35.17      0.00      5.32    12     32.29      0.00      5.60
 1494474795.98     0     35.18      0.00      5.39    12     32.35      0.00      5.58
 1494474796.08     0     35.19      0.00      5.45    12     32.23      0.00      5.63
 1494474796.18     0     35.24      0.00      5.52    12     32.27      0.00      5.61
 1494474796.28     0     35.23      0.00      5.42    12     32.23      0.00      5.60
 1494474796.38     0     35.24      0.00      5.37    12     32.29      0.00      5.57
 1494474796.48     0     35.13      0.00      5.37    12     32.24      0.00      5.60
 1494474796.58     0     35.23      0.00      5.39    12     32.31      0.00      5.58
 1494474796.68     0     35.21      0.00      5.35    12     32.38      0.00      5.54
 1494474796.78     0     35.17      0.00      5.35    12     32.40      0.00      5.57
 1494474796.88     0     35.17      0.00      5.35    12     32.28      0.00      5.57
 1494474796.98     0     35.20      0.00      5.34    12     32.25      0.00      5.62
 1494474797.08     0     35.25      0.00      5.47    12     32.26      0.00      5.65
 1494474797.18     0     35.19      0.00      5.45    12     32.19      0.00      5.66
 1494474797.28     0     35.22      0.00      5.42    12     32.26      0.00      5.62
 1494474797.38     0     35.19      0.00      5.38    12     32.24      0.00      5.61
 1494474797.48     0     35.14      0.00      5.32    12     32.26      0.00      5.62
 1494474797.58     0     35.51      0.00      5.30    12     32.21      0.00      5.66
 1494474797.68     0     34.92      0.00      5.38    12     32.33      0.00      5.54
 1494474797.78     0     35.14      0.00      5.36    12     32.34      0.00      5.63
 1494474797.88     0     35.17      0.00      5.37    12     32.27      0.00      5.53
 1494474797.98     0     35.17      0.00      5.34    12     32.36      0.00      5.59
 1494474798.08     0     35.21      0.00      5.34    12     32.37      0.00      5.63
 1494474798.18     0     35.48      0.00      5.48    12     32.30      0.00      5.62
 1494474798.28     0     35.14      0.00      5.59    12     32.25      0.00      5.61
 1494474798.38     0     35.17      0.00      5.44    12     32.72      0.00      5.60
 1494474798.48     0     35.14      0.00      5.44    12     31.97      0.00      5.62
 1494474798.58     0     35.12      0.00      5.45    12     32.59      0.00      5.64
 1494474798.68     0     35.19      0.00      5.44    12     32.33      0.00      5.62
 1494474798.78     0     35.19      0.00      5.33    12     32.31      0.00      5.63
 1494474798.88     0     35.19      0.00      5.36    12     32.34      0.00      5.61
 1494474798.98     0     35.14      0.00      5.35    12     31.98      0.00      5.50
 1494474799.08     0     35.20      0.00      5.32    12     32.62      0.00      5.62
 1494474799.18     0     35.27      0.00      5.41    12     32.33      0.00      5.55
 1494474799.28     0     35.12      0.00      5.46    12     32.15      0.00      5.60
 1494474799.38     0     35.28      0.00      5.46    12     32.34      0.00      5.62
 1494474799.48     0     35.23      0.00      5.43    12     32.25      0.00      5.61
 1494474799.58     0     35.17      0.00      5.37    12     32.21      0.00      5.65
 1494474799.68     0     35.17      0.00      5.42    12     32.24      0.00      5.64
 1494474799.78     0     35.29      0.00      5.39    12     32.25      0.00      5.63
 1494474799.88     0     35.19      0.00      5.34    12     32.29      0.00      5.63
 1494474799.98     0     35.11      0.00      5.42    12     32.34      0.00      5.57
 1494474800.08     0     35.05      0.00      5.35    12     32.22      0.00      5.59
 1494474800.18     0     35.30      0.00      5.37    12     32.27      0.00      5.62
 1494474800.28     0     35.16      0.00      5.44    12     32.09      0.00      5.60
 1494474800.38     0     34.12      0.00      4.96    12     29.34      0.00      5.35
 1494474800.49     0     27.93      0.00      4.91    12     24.95      0.00      5.20
 1494474800.59     0     14.50      0.00      2.21    12     13.75      0.00      2.74
 1494474800.69     0     22.93      0.00      4.67    12     20.77      0.00      4.70
