         #Time  Core     P_PKG     P_PP0    P_DRAM  Core     P_PKG     P_PP0    P_DRAM
 1493057112.90     0     23.44      0.00      5.57    12     25.27      0.00      5.94
 1493057113.00     0     47.76      0.00     13.27    12     53.87      0.00     14.14
 1493057113.10     0     57.21      0.00     13.44    12     65.32      0.00     14.25
 1493057113.20     0     63.17      0.00     12.54    12     65.61      0.00     12.77
 1493057113.30     0     55.97      0.00     10.47    12     56.96      0.00     11.18
 1493057113.40     0     66.18      0.00     12.66    12     69.55      0.00     13.50
 1493057113.50     0     69.74      0.00     13.43    12     68.86      0.00     14.33
 1493057113.60     0     66.72      0.00     12.41    12     68.33      0.00     13.29
 1493057113.70     0     68.53      0.00     13.35    12     68.18      0.00     13.91
 1493057113.80     0     64.31      0.00     12.06    12     66.82      0.00     12.75
 1493057113.90     0     70.15      0.00     13.94    12     69.82      0.00     14.53
 1493057114.01     0     68.19      0.00     12.36    12     72.53      0.00     12.97
 1493057114.11     0     72.14      0.00     13.30    12     72.61      0.00     13.92
 1493057114.21     0     67.68      0.00     13.35    12     66.83      0.00     14.01
 1493057114.31     0     65.87      0.00     12.59    12     66.12      0.00     13.34
 1493057114.41     0     68.71      0.00     14.18    12     70.74      0.00     14.88
 1493057114.51     0     65.75      0.00     12.15    12     65.10      0.00     12.46
 1493057114.61     0     70.86      0.00     13.59    12     72.13      0.00     14.78
 1493057114.71     0     67.78      0.00     11.65    12     71.84      0.00     12.21
 1493057114.81     0     70.23      0.00     13.96    12     68.97      0.00     14.03
 1493057114.91     0     68.86      0.00     12.89    12     66.85      0.00     13.33
 1493057115.01     0     68.22      0.00     13.01    12     68.74      0.00     13.34
 1493057115.11     0     68.80      0.00     13.81    12     70.35      0.00     14.53
 1493057115.21     0     68.04      0.00     12.47    12     68.65      0.00     12.89
 1493057115.31     0     67.95      0.00     12.76    12     67.08      0.00     13.55
 1493057115.41     0     70.89      0.00     12.74    12     71.04      0.00     13.58
 1493057115.51     0     67.33      0.00     13.35    12     68.19      0.00     13.94
 1493057115.61     0     67.30      0.00     12.34    12     69.12      0.00     13.24
 1493057115.72     0     66.53      0.00     12.48    12     66.46      0.00     13.26
 1493057115.82     0     68.34      0.00     12.86    12     67.99      0.00     13.33
 1493057115.92     0     67.71      0.00     12.84    12     69.21      0.00     13.69
 1493057116.02     0     71.12      0.00     12.55    12     71.65      0.00     12.88
 1493057116.12     0     71.22      0.00     12.83    12     71.85      0.00     13.65
 1493057116.22     0     70.56      0.00     13.52    12     68.51      0.00     14.31
 1493057116.32     0     63.04      0.00     11.70    12     64.43      0.00     12.22
 1493057116.42     0     69.08      0.00     14.13    12     69.75      0.00     14.87
 1493057116.52     0     67.80      0.00     12.04    12     67.44      0.00     12.70
 1493057116.62     0     70.78      0.00     14.01    12     70.70      0.00     14.72
 1493057116.72     0     70.25      0.00     11.96    12     72.99      0.00     12.58
 1493057116.82     0     71.08      0.00     13.24    12     70.25      0.00     14.20
 1493057116.92     0     65.40      0.00     12.67    12     66.37      0.00     13.12
 1493057117.02     0     68.06      0.00     12.44    12     67.64      0.00     12.98
 1493057117.12     0     71.66      0.00     14.33    12     70.98      0.00     15.03
 1493057117.22     0     64.92      0.00     12.54    12     68.22      0.00     13.16
 1493057117.32     0     70.28      0.00     13.69    12     69.57      0.00     14.33
 1493057117.42     0     67.85      0.00     11.56    12     70.39      0.00     12.00
 1493057117.52     0     68.35      0.00     13.12    12     69.12      0.00     14.25
 1493057117.62     0     68.15      0.00     12.81    12     68.89      0.00     13.67
 1493057117.72     0     66.74      0.00     12.32    12     67.58      0.00     13.23
 1493057117.82     0     71.29      0.00     13.61    12     71.83      0.00     14.58
 1493057117.92     0     65.80      0.00     12.03    12     65.24      0.00     12.50
 1493057118.02     0     67.77      0.00     12.97    12     69.58      0.00     13.28
 1493057118.13     0     70.75      0.00     12.42    12     72.18      0.00     13.27
 1493057118.23     0     69.35      0.00     13.35    12     68.97      0.00     14.18
 1493057118.33     0     69.26      0.00     13.21    12     68.82      0.00     13.66
 1493057118.43     0     65.81      0.00     12.74    12     67.26      0.00     13.28
 1493057118.53     0     67.17      0.00     13.14    12     68.30      0.00     13.67
 1493057118.63     0     66.00      0.00     12.50    12     68.74      0.00     13.77
 1493057118.73     0     72.03      0.00     12.63    12     68.97      0.00     13.16
 1493057118.83     0     70.76      0.00     13.05    12     72.25      0.00     13.81
 1493057118.93     0     69.92      0.00     13.59    12     69.31      0.00     14.46
 1493057119.03     0     63.02      0.00     11.59    12     63.61      0.00     11.99
 1493057119.13     0     72.84      0.00     13.81    12     72.45      0.00     14.44
 1493057119.23     0     65.13      0.00     12.16    12     66.29      0.00     12.87
 1493057119.33     0     68.99      0.00     14.15    12     70.37      0.00     14.57
 1493057119.43     0     70.65      0.00     12.47    12     72.54      0.00     13.14
 1493057119.53     0     68.57      0.00     13.27    12     68.70      0.00     13.85
 1493057119.63     0     68.37      0.00     12.72    12     68.06      0.00     13.00
 1493057119.73     0     69.12      0.00     12.08    12     69.00      0.00     12.83
 1493057119.83     0     69.08      0.00     14.00    12     68.44      0.00     14.48
 1493057119.93     0     62.41      0.00     12.00    12     66.59      0.00     12.43
 1493057120.03     0     70.33      0.00     13.69    12     69.94      0.00     13.91
 1493057120.13     0     66.12      0.00     11.07    12     60.87      0.00     12.19
 1493057120.23     0     65.92      0.00     12.29    12     64.06      0.00     13.12
 1493057120.33     0     68.45      0.00     13.33    12     68.30      0.00     14.08
 1493057120.43     0     64.05      0.00     11.42    12     65.26      0.00     12.17
 1493057120.53     0     71.14      0.00     13.96    12     68.07      0.00     14.75
 1493057120.64     0     66.49      0.00     12.23    12     67.23      0.00     12.83
 1493057120.74     0     69.93      0.00     14.25    12     71.00      0.00     14.45
 1493057120.84     0     71.15      0.00     12.28    12     71.44      0.00     12.89
 1493057120.94     0     71.00      0.00     13.29    12     71.35      0.00     13.94
 1493057121.04     0     64.40      0.00     12.18    12     64.09      0.00     12.69
 1493057121.14     0     66.23      0.00     12.66    12     67.03      0.00     12.71
 1493057121.24     0     73.87      0.00     14.01    12     70.18      0.00     14.56
 1493057121.34     0     64.12      0.00     12.37    12     65.70      0.00     12.97
 1493057121.44     0     70.21      0.00     14.24    12     71.17      0.00     14.54
 1493057121.54     0     66.37      0.00     11.23    12     65.74      0.00     12.02
 1493057121.64     0     70.15      0.00     13.77    12     70.15      0.00     14.61
 1493057121.74     0     68.80      0.00     13.16    12     67.48      0.00     13.78
 1493057121.84     0     64.79      0.00     12.54    12     69.54      0.00     13.32
 1493057121.94     0     69.32      0.00     13.70    12     71.65      0.00     14.69
 1493057122.04     0     68.70      0.00     12.11    12     66.43      0.00     12.94
 1493057122.14     0     67.61      0.00     13.77    12     69.07      0.00     14.16
 1493057122.24     0     73.04      0.00     12.25    12     72.42      0.00     13.21
 1493057122.34     0     69.50      0.00     13.37    12     67.65      0.00     14.34
 1493057122.44     0     67.62      0.00     12.76    12     68.81      0.00     13.79
 1493057122.54     0     64.66      0.00     11.97    12     67.25      0.00     13.33
 1493057122.64     0     67.98      0.00     13.98    12     70.70      0.00     14.69
 1493057122.75     0     67.13      0.00     12.75    12     67.46      0.00     13.21
 1493057122.85     0     67.07      0.00     13.10    12     67.78      0.00     13.51
 1493057122.95     0     70.88      0.00     13.11    12     72.68      0.00     13.88
 1493057123.05     0     68.93      0.00     13.42    12     69.84      0.00     14.22
 1493057123.15     0     63.70      0.00     11.98    12     63.29      0.00     11.73
 1493057123.25     0     72.38      0.00     13.90    12     71.27      0.00     14.06
 1493057123.35     0     65.39      0.00     11.81    12     67.63      0.00     12.90
 1493057123.45     0     70.50      0.00     13.59    12     72.06      0.00     14.81
 1493057123.55     0     69.36      0.00     12.16    12     70.93      0.00     12.76
 1493057123.65     0     69.08      0.00     13.13    12     69.58      0.00     13.91
 1493057123.75     0     65.53      0.00     12.45    12     65.26      0.00     13.42
 1493057123.85     0     65.95      0.00     12.44    12     67.88      0.00     13.15
 1493057123.95     0     72.42      0.00     14.31    12     71.66      0.00     14.83
 1493057124.05     0     66.69      0.00     11.75    12     66.43      0.00     12.93
 1493057124.15     0     67.78      0.00     13.86    12     70.35      0.00     14.23
 1493057124.25     0     71.04      0.00     12.43    12     73.36      0.00     12.54
 1493057124.35     0     71.80      0.00     13.71    12     69.05      0.00     14.17
 1493057124.45     0     70.90      0.00     12.92    12     67.38      0.00     13.76
 1493057124.55     0     64.68      0.00     12.24    12     68.63      0.00     13.17
 1493057124.66     0     70.37      0.00     13.89    12     70.16      0.00     14.78
 1493057124.76     0     68.79      0.00     12.00    12     66.60      0.00     12.71
 1493057124.86     0     68.93      0.00     13.52    12     67.30      0.00     14.29
 1493057124.96     0     69.92      0.00     12.37    12     69.98      0.00     13.03
 1493057125.06     0     70.22      0.00     14.06    12     70.61      0.00     14.76
 1493057125.16     0     66.31      0.00     12.60    12     67.09      0.00     13.36
 1493057125.26     0     65.79      0.00     12.68    12     66.74      0.00     13.27
 1493057125.36     0     70.84      0.00     13.22    12     71.26      0.00     14.37
 1493057125.46     0     67.61      0.00     12.03    12     67.85      0.00     13.15
 1493057125.56     0     69.49      0.00     12.50    12     67.95      0.00     12.98
 1493057125.66     0     69.71      0.00     12.91    12     71.38      0.00     13.73
 1493057125.76     0     68.16      0.00     13.37    12     69.40      0.00     14.23
 1493057125.86     0     63.87      0.00     11.82    12     64.53      0.00     12.29
 1493057125.96     0     70.29      0.00     13.54    12     70.87      0.00     14.08
 1493057126.06     0     67.51      0.00     12.72    12     68.33      0.00     13.27
 1493057126.16     0     70.94      0.00     14.18    12     69.11      0.00     14.53
 1493057126.26     0     70.91      0.00     12.43    12     72.29      0.00     12.45
 1493057126.36     0     72.64      0.00     13.26    12     70.66      0.00     14.07
 1493057126.46     0     65.91      0.00     12.62    12     67.26      0.00     13.70
 1493057126.56     0     66.27      0.00     12.71    12     69.74      0.00     13.47
 1493057126.66     0     67.61      0.00     13.91    12     69.84      0.00     14.45
 1493057126.76     0     63.83      0.00     12.19    12     64.90      0.00     12.66
 1493057126.86     0     70.27      0.00     13.99    12     70.35      0.00     14.46
 1493057126.96     0     66.54      0.00     11.64    12     69.18      0.00     12.01
 1493057127.07     0     70.41      0.00     12.96    12     71.21      0.00     13.80
 1493057127.17     0     69.87      0.00     13.34    12     68.54      0.00     14.19
 1493057127.27     0     64.81      0.00     12.32    12     65.30      0.00     12.37
 1493057127.37     0     70.56      0.00     14.16    12     71.53      0.00     14.72
 1493057127.47     0     70.34      0.00     12.22    12     68.69      0.00     13.13
 1493057127.57     0     69.06      0.00     13.75    12     70.73      0.00     14.54
 1493057127.67     0     68.97      0.00     11.69    12     71.57      0.00     12.37
 1493057127.77     0     68.21      0.00     13.45    12     68.25      0.00     14.03
 1493057127.87     0     66.01      0.00     12.65    12     64.70      0.00     13.35
 1493057127.97     0     67.02      0.00     12.56    12     70.21      0.00     13.23
 1493057128.07     0     72.84      0.00     14.22    12     71.29      0.00     14.83
 1493057128.17     0     63.11      0.00     12.32    12     64.69      0.00     13.18
 1493057128.27     0     68.88      0.00     13.80    12     69.14      0.00     14.02
 1493057128.37     0     69.57      0.00     12.25    12     70.19      0.00     12.61
 1493057128.47     0     70.85      0.00     13.65    12     70.13      0.00     14.39
 1493057128.57     0     67.30      0.00     12.59    12     66.77      0.00     13.03
 1493057128.67     0     64.25      0.00     12.59    12     65.13      0.00     13.31
 1493057128.77     0     65.84      0.00     13.12    12     69.24      0.00     14.49
 1493057128.87     0     70.38      0.00     12.64    12     69.71      0.00     13.14
 1493057128.97     0     68.18      0.00     13.48    12     69.76      0.00     13.90
 1493057129.07     0     72.09      0.00     12.85    12     73.42      0.00     13.69
 1493057129.17     0     69.71      0.00     13.82    12     68.56      0.00     14.49
 1493057129.28     0     68.01      0.00     12.50    12     67.62      0.00     12.43
 1493057129.38     0     68.03      0.00     12.98    12     66.09      0.00     13.39
 1493057129.48     0     68.34      0.00     13.17    12     69.34      0.00     14.03
 1493057129.58     0     68.28      0.00     12.86    12     67.47      0.00     13.45
 1493057129.68     0     65.87      0.00     12.49    12     64.29      0.00     13.12
 1493057129.78     0     69.13      0.00     12.90    12     70.22      0.00     13.72
 1493057129.88     0     67.93      0.00     13.38    12     67.82      0.00     14.34
 1493057129.98     0     63.31      0.00     11.42    12     64.82      0.00     11.95
 1493057130.08     0     70.18      0.00     14.05    12     69.74      0.00     14.50
 1493057130.18     0     64.95      0.00     12.23    12     67.46      0.00     12.55
 1493057130.28     0     71.30      0.00     13.73    12     69.65      0.00     14.19
 1493057130.38     0     71.81      0.00     12.61    12     72.18      0.00     13.01
 1493057130.48     0     73.93      0.00     13.53    12     72.40      0.00     14.22
 1493057130.58     0     66.21      0.00     12.88    12     65.61      0.00     13.44
 1493057130.68     0     64.55      0.00     12.08    12     66.31      0.00     12.90
 1493057130.78     0     67.94      0.00     13.89    12     69.93      0.00     14.47
 1493057130.88     0     63.39      0.00     11.99    12     63.99      0.00     12.39
 1493057130.98     0     70.48      0.00     13.95    12     71.37      0.00     14.99
 1493057131.08     0     68.71      0.00     11.79    12     71.13      0.00     12.20
 1493057131.18     0     72.07      0.00     14.05    12     72.03      0.00     14.66
 1493057131.28     0     65.44      0.00     12.65    12     64.55      0.00     13.48
 1493057131.38     0     65.57      0.00     12.84    12     67.44      0.00     12.77
 1493057131.48     0     70.30      0.00     13.87    12     70.72      0.00     14.77
 1493057131.58     0     70.17      0.00     11.99    12     67.01      0.00     12.56
 1493057131.68     0     68.58      0.00     13.74    12     69.84      0.00     14.36
 1493057131.78     0     70.72      0.00     11.92    12     71.32      0.00     12.54
 1493057131.88     0     66.54      0.00     13.54    12     66.60      0.00     14.03
 1493057131.98     0     69.49      0.00     12.71    12     68.40      0.00     13.38
 1493057132.09     0     65.86      0.00     12.43    12     68.76      0.00     13.09
 1493057132.19     0     70.63      0.00     13.55    12     70.40      0.00     14.87
 1493057132.29     0     67.45      0.00     12.24    12     65.51      0.00     12.76
 1493057132.39     0     68.93      0.00     13.24    12     66.27      0.00     13.41
 1493057132.49     0     71.59      0.00     12.58    12     71.44      0.00     13.49
 1493057132.59     0     70.54      0.00     13.13    12     68.55      0.00     13.89
 1493057132.69     0     65.66      0.00     12.05    12     67.57      0.00     13.35
 1493057132.79     0     64.51      0.00     12.49    12     67.08      0.00     12.86
 1493057132.89     0     67.74      0.00     13.61    12     70.24      0.00     14.44
 1493057132.99     0     67.44      0.00     12.32    12     66.53      0.00     13.08
 1493057133.09     0     67.79      0.00     12.81    12     72.74      0.00     13.56
 1493057133.19     0     71.59      0.00     13.11    12     72.29      0.00     13.70
 1493057133.29     0     68.56      0.00     13.57    12     68.75      0.00     14.07
 1493057133.39     0     64.79      0.00     11.16    12     64.49      0.00     11.66
 1493057133.49     0     69.21      0.00     14.06    12     70.56      0.00     13.81
 1493057133.59     0     67.32      0.00     11.69    12     66.69      0.00     12.99
 1493057133.69     0     71.30      0.00     13.83    12     70.88      0.00     14.38
 1493057133.79     0     67.28      0.00     12.49    12     66.80      0.00     13.00
 1493057133.89     0     61.98      0.00     11.89    12     61.39      0.00     12.92
 1493057134.00     0     69.10      0.00     13.83    12     69.82      0.00     14.44
 1493057134.10     0     66.67      0.00     12.25    12     67.92      0.00     13.15
 1493057134.20     0     68.69      0.00     12.50    12     66.31      0.00     13.07
 1493057134.30     0     69.23      0.00     13.60    12     70.54      0.00     14.70
 1493057134.40     0     65.72      0.00     12.16    12     67.38      0.00     12.96
 1493057134.50     0     67.77      0.00     13.00    12     69.22      0.00     12.62
 1493057134.60     0     71.98      0.00     12.63    12     71.80      0.00     13.53
 1493057134.70     0     69.74      0.00     13.61    12     69.23      0.00     14.35
 1493057134.80     0     68.18      0.00     12.90    12     68.12      0.00     13.43
 1493057134.90     0     65.02      0.00     12.46    12     66.28      0.00     13.05
 1493057135.00     0     67.22      0.00     13.36    12     68.42      0.00     14.38
 1493057135.10     0     65.90      0.00     12.69    12     66.79      0.00     12.98
 1493057135.20     0     69.33      0.00     12.83    12     70.10      0.00     13.29
 1493057135.30     0     71.34      0.00     13.22    12     72.72      0.00     14.03
 1493057135.40     0     68.72      0.00     13.67    12     69.13      0.00     14.53
 1493057135.50     0     63.74      0.00     11.27    12     63.53      0.00     11.51
 1493057135.60     0     72.27      0.00     13.92    12     71.53      0.00     14.31
 1493057135.70     0     66.70      0.00     12.13    12     66.95      0.00     12.99
 1493057135.80     0     69.90      0.00     13.57    12     71.29      0.00     14.49
 1493057135.90     0     66.55      0.00     11.37    12     65.84      0.00     12.14
 1493057136.00     0     65.97      0.00     12.11    12     66.57      0.00     12.76
 1493057136.11     0     68.47      0.00     13.62    12     68.15      0.00     14.34
 1493057136.21     0     66.29      0.00     11.89    12     66.65      0.00     12.28
 1493057136.31     0     69.23      0.00     13.69    12     69.42      0.00     14.19
 1493057136.41     0     63.29      0.00     12.12    12     67.35      0.00     13.03
 1493057136.51     0     69.40      0.00     13.21    12     68.36      0.00     14.05
 1493057136.61     0     69.53      0.00     12.00    12     70.37      0.00     12.61
 1493057136.71     0     71.62      0.00     12.98    12     71.35      0.00     14.09
 1493057136.81     0     69.26      0.00     13.12    12     69.00      0.00     14.58
 1493057136.91     0     61.52      0.00     11.37    12     62.19      0.00     11.56
 1493057137.01     0     70.36      0.00     13.49    12     71.09      0.00     14.94
 1493057137.11     0     65.62      0.00     12.50    12     65.41      0.00     12.74
 1493057137.21     0     69.66      0.00     13.63    12     70.23      0.00     14.83
 1493057137.31     0     71.90      0.00     12.48    12     71.88      0.00     13.23
 1493057137.41     0     69.34      0.00     13.06    12     71.46      0.00     14.01
 1493057137.51     0     66.53      0.00     12.34    12     64.25      0.00     13.19
 1493057137.61     0     64.55      0.00     12.01    12     65.82      0.00     12.55
 1493057137.71     0     70.91      0.00     13.27    12     70.73      0.00     14.19
 1493057137.81     0     62.88      0.00     11.32    12     64.96      0.00     12.41
 1493057137.91     0     70.08      0.00     13.81    12     70.69      0.00     14.58
 1493057138.01     0     65.15      0.00     11.04    12     66.31      0.00     11.53
 1493057138.11     0     67.52      0.00     12.40    12     68.00      0.00     12.78
 1493057138.21     0     68.80      0.00     13.69    12     68.83      0.00     14.21
 1493057138.31     0     63.61      0.00     11.29    12     64.23      0.00     12.39
 1493057138.41     0     72.11      0.00     13.93    12     72.01      0.00     14.52
 1493057138.51     0     66.72      0.00     12.32    12     68.21      0.00     12.82
 1493057138.61     0     69.05      0.00     13.46    12     69.55      0.00     14.81
 1493057138.71     0     68.73      0.00     11.87    12     69.71      0.00     12.35
 1493057138.81     0     73.34      0.00     13.55    12     72.40      0.00     13.90
 1493057138.92     0     65.36      0.00     12.40    12     67.26      0.00     13.54
 1493057139.02     0     64.93      0.00     12.24    12     66.09      0.00     12.96
 1493057139.12     0     68.59      0.00     13.82    12     70.00      0.00     14.97
 1493057139.22     0     65.19      0.00     11.93    12     66.53      0.00     13.06
 1493057139.32     0     71.46      0.00     13.95    12     71.62      0.00     14.42
 1493057139.42     0     66.70      0.00     11.74    12     67.61      0.00     12.36
 1493057139.52     0     70.17      0.00     13.21    12     71.34      0.00     14.11
 1493057139.62     0     68.21      0.00     12.33    12     66.48      0.00     13.71
 1493057139.72     0     63.10      0.00     11.74    12     65.69      0.00     12.10
 1493057139.82     0     73.44      0.00     13.40    12     71.61      0.00     14.44
 1493057139.92     0     65.01      0.00     11.31    12     69.15      0.00     11.94
 1493057140.02     0     68.47      0.00     13.49    12     68.32      0.00     14.28
 1493057140.12     0     63.87      0.00     10.75    12     65.94      0.00     11.31
 1493057140.22     0     67.99      0.00     12.23    12     66.93      0.00     13.14
 1493057140.32     0     64.82      0.00     12.40    12     67.52      0.00     12.98
 1493057140.42     0     64.06      0.00     11.88    12     66.98      0.00     12.84
 1493057140.52     0     70.37      0.00     13.46    12     71.86      0.00     14.92
 1493057140.62     0     62.57      0.00     11.79    12     65.44      0.00     12.58
 1493057140.72     0     74.36      0.00     13.82    12     72.29      0.00     14.58
 1493057140.82     0     66.90      0.00     11.15    12     62.56      0.00     11.57
 1493057140.92     0     60.19      0.00     11.70    12     60.66      0.00     12.22
 1493057141.02     0     67.44      0.00     13.26    12     68.00      0.00     13.51
 1493057141.13     0     67.94      0.00     12.19    12     66.50      0.00     12.89
 1493057141.23     0     64.97      0.00     11.58    12     66.86      0.00     13.14
 1493057141.33     0     72.22      0.00     13.48    12     70.50      0.00     14.66
 1493057141.43     0     67.58      0.00     11.99    12     67.68      0.00     13.15
 1493057141.53     0     65.96      0.00     12.47    12     69.13      0.00     12.98
 1493057141.63     0     71.29      0.00     11.93    12     72.64      0.00     13.40
 1493057141.73     0     71.10      0.00     13.54    12     68.94      0.00     14.51
 1493057141.83     0     68.83      0.00     12.22    12     68.27      0.00     13.20
 1493057141.93     0     63.87      0.00     12.01    12     68.28      0.00     12.31
 1493057142.03     0     67.86      0.00     13.80    12     71.76      0.00     14.33
 1493057142.13     0     66.77      0.00     11.88    12     66.33      0.00     13.02
 1493057142.23     0     67.93      0.00     13.39    12     72.02      0.00     13.80
 1493057142.33     0     70.47      0.00     12.48    12     70.60      0.00     13.07
 1493057142.43     0     69.99      0.00     13.59    12     69.67      0.00     14.43
 1493057142.53     0     63.94      0.00     11.14    12     68.10      0.00     12.75
 1493057142.63     0     68.93      0.00     12.64    12     69.00      0.00     13.49
 1493057142.73     0     68.58      0.00     13.45    12     71.07      0.00     13.87
 1493057142.83     0     71.55      0.00     13.13    12     68.38      0.00     13.13
 1493057142.93     0     69.09      0.00     12.46    12     71.25      0.00     12.19
 1493057143.03     0     69.83      0.00     12.93    12     72.71      0.00     13.26
 1493057143.13     0     69.67      0.00     13.52    12     70.22      0.00     14.04
 1493057143.23     0     65.46      0.00     10.87    12     65.67      0.00     12.43
 1493057143.33     0     68.74      0.00     13.01    12     68.03      0.00     13.71
 1493057143.44     0     66.44      0.00     11.99    12     67.88      0.00     13.05
 1493057143.54     0     68.29      0.00     13.33    12     70.47      0.00     13.65
 1493057143.64     0     69.67      0.00     12.40    12     70.85      0.00     13.52
 1493057143.74     0     70.90      0.00     12.68    12     71.26      0.00     14.14
 1493057143.84     0     70.09      0.00     12.91    12     68.61      0.00     14.01
 1493057143.94     0     63.51      0.00     10.79    12     62.57      0.00     11.07
 1493057144.04     0     70.15      0.00     14.05    12     72.38      0.00     13.94
 1493057144.14     0     65.30      0.00     12.00    12     64.61      0.00     12.98
 1493057144.24     0     70.81      0.00     13.07    12     71.65      0.00     14.60
 1493057144.34     0     64.82      0.00     11.33    12     69.20      0.00     12.13
 1493057144.44     0     67.07      0.00     11.94    12     68.85      0.00     12.72
 1493057144.54     0     70.34      0.00     13.47    12     69.54      0.00     14.25
 1493057144.64     0     67.16      0.00     11.17    12     68.21      0.00     12.24
 1493057144.74     0     69.58      0.00     13.27    12     69.84      0.00     14.14
 1493057144.84     0     67.26      0.00     12.12    12     67.66      0.00     13.20
 1493057144.94     0     71.64      0.00     13.63    12     70.46      0.00     13.83
 1493057145.04     0     64.84      0.00     10.55    12     66.04      0.00     11.30
 1493057145.14     0     64.26      0.00     11.44    12     66.58      0.00     12.09
 1493057145.24     0     68.84      0.00     13.14    12     69.29      0.00     14.09
 1493057145.34     0     67.58      0.00     12.18    12     67.15      0.00     13.25
 1493057145.44     0     65.15      0.00     12.92    12     68.08      0.00     13.61
 1493057145.54     0     71.72      0.00     13.08    12     67.89      0.00     14.23
 1493057145.64     0     67.75      0.00     13.14    12     69.54      0.00     13.48
 1493057145.74     0     65.62      0.00     12.14    12     69.50      0.00     13.04
 1493057145.84     0     69.84      0.00     12.43    12     70.44      0.00     13.31
 1493057145.95     0     68.82      0.00     12.88    12     68.72      0.00     13.77
 1493057146.05     0     67.32      0.00     12.09    12     68.96      0.00     12.23
 1493057146.15     0     67.60      0.00     12.73    12     69.33      0.00     13.97
 1493057146.25     0     66.02      0.00     12.54    12     68.25      0.00     13.69
 1493057146.35     0     68.68      0.00     12.62    12     67.77      0.00     13.79
 1493057146.45     0     64.10      0.00     12.10    12     70.12      0.00     13.14
 1493057146.55     0     70.42      0.00     12.50    12     72.29      0.00     13.60
 1493057146.65     0     68.66      0.00     13.32    12     68.91      0.00     14.30
 1493057146.75     0     63.00      0.00     11.21    12     64.25      0.00     12.44
 1493057146.85     0     70.36      0.00     13.06    12     69.09      0.00     13.73
 1493057146.95     0     69.59      0.00     12.25    12     66.97      0.00     13.53
 1493057147.05     0     71.80      0.00     13.13    12     71.37      0.00     13.72
 1493057147.15     0     64.95      0.00     11.11    12     67.66      0.00     12.11
 1493057147.25     0     56.25      0.00     11.30    12     60.67      0.00     11.49
 1493057147.35     0     70.17      0.00     13.34    12     70.33      0.00     14.51
 1493057147.45     0     65.82      0.00     11.78    12     65.28      0.00     12.68
 1493057147.55     0     58.64      0.00     12.42    12     68.42      0.00     12.88
 1493057147.65     0     70.36      0.00     13.35    12     71.09      0.00     14.46
 1493057147.75     0     59.20      0.00     11.33    12     65.24      0.00     12.71
 1493057147.85     0     69.16      0.00     12.61    12     70.82      0.00     14.39
 1493057147.95     0     67.88      0.00     11.65    12     71.04      0.00     12.65
 1493057148.05     0     73.03      0.00     13.38    12     68.98      0.00     13.62
 1493057148.15     0     68.39      0.00     12.46    12     67.68      0.00     12.98
 1493057148.26     0     62.25      0.00     11.78    12     67.78      0.00     13.04
 1493057148.36     0     70.00      0.00     13.64    12     70.06      0.00     14.57
 1493057148.46     0     67.31      0.00     12.02    12     70.43      0.00     12.17
 1493057148.56     0     65.88      0.00     13.48    12     71.07      0.00     14.42
 1493057148.66     0     69.69      0.00     12.37    12     72.55      0.00     12.74
 1493057148.76     0     68.22      0.00     13.01    12     71.21      0.00     13.82
 1493057148.86     0     70.98      0.00     12.55    12     68.14      0.00     13.38
 1493057148.96     0     63.69      0.00     12.05    12     67.76      0.00     12.62
 1493057149.06     0     71.73      0.00     13.70    12     70.14      0.00     14.01
 1493057149.16     0     69.83      0.00     12.10    12     66.09      0.00     12.78
 1493057149.26     0     73.21      0.00     12.79    12     71.35      0.00     13.96
 1493057149.36     0     69.50      0.00     12.00    12     70.97      0.00     12.80
 1493057149.46     0     70.50      0.00     13.59    12     69.72      0.00     14.31
 1493057149.56     0     69.19      0.00     12.44    12     68.88      0.00     13.45
 1493057149.66     0     64.54      0.00     12.13    12     66.38      0.00     13.08
 1493057149.76     0     67.33      0.00     13.42    12     69.56      0.00     14.34
 1493057149.86     0     70.13      0.00     12.56    12     71.13      0.00     12.97
 1493057149.96     0     67.50      0.00     12.66    12     67.84      0.00     13.11
 1493057150.06     0     69.17      0.00     11.91    12     71.03      0.00     12.55
 1493057150.16     0     71.06      0.00     13.32    12     69.16      0.00     13.70
 1493057150.26     0     67.87      0.00     12.58    12     68.37      0.00     12.88
 1493057150.36     0     64.82      0.00     11.78    12     66.97      0.00     13.21
 1493057150.46     0     68.20      0.00     13.89    12     70.36      0.00     14.69
 1493057150.57     0     68.54      0.00     12.06    12     64.71      0.00     12.66
 1493057150.67     0     73.09      0.00     13.09    12     70.23      0.00     13.64
 1493057150.77     0     67.11      0.00     11.34    12     69.21      0.00     12.07
 1493057150.87     0     69.38      0.00     13.16    12     69.50      0.00     14.06
 1493057150.97     0     68.50      0.00     12.08    12     68.33      0.00     13.37
 1493057151.07     0     63.96      0.00     12.75    12     65.81      0.00     12.89
 1493057151.17     0     72.74      0.00     13.51    12     68.03      0.00     14.05
 1493057151.27     0     68.47      0.00     12.07    12     68.83      0.00     12.57
 1493057151.37     0     65.29      0.00     12.18    12     66.06      0.00     12.94
 1493057151.47     0     71.43      0.00     12.98    12     71.89      0.00     13.75
 1493057151.57     0     69.91      0.00     13.35    12     68.61      0.00     14.29
 1493057151.67     0     70.84      0.00     12.96    12     69.07      0.00     13.29
 1493057151.77     0     67.60      0.00     12.31    12     68.69      0.00     12.91
 1493057151.87     0     69.49      0.00     13.08    12     71.32      0.00     13.88
 1493057151.97     0     67.43      0.00     12.34    12     69.00      0.00     13.03
 1493057152.07     0     71.06      0.00     12.29    12     69.41      0.00     13.60
 1493057152.17     0     68.34      0.00     11.65    12     68.31      0.00     12.68
 1493057152.27     0     67.48      0.00     12.99    12     67.78      0.00     13.35
 1493057152.37     0     64.41      0.00     12.35    12     69.73      0.00     13.14
 1493057152.47     0     60.83      0.00     12.59    12     69.31      0.00     13.17
 1493057152.57     0     71.13      0.00     13.56    12     70.25      0.00     13.87
 1493057152.67     0     68.26      0.00     12.61    12     68.39      0.00     13.22
 1493057152.77     0     67.89      0.00     12.95    12     71.91      0.00     13.33
 1493057152.87     0     70.52      0.00     13.13    12     71.87      0.00     13.17
 1493057152.97     0     70.01      0.00     13.49    12     71.03      0.00     14.05
 1493057153.07     0     68.81      0.00     12.23    12     66.98      0.00     12.50
 1493057153.17     0     68.97      0.00     13.16    12     68.78      0.00     14.33
 1493057153.28     0     66.46      0.00     11.87    12     68.15      0.00     13.07
 1493057153.38     0     70.69      0.00     13.73    12     72.76      0.00     14.41
 1493057153.48     0     61.10      0.00     11.43    12     64.19      0.00     12.76
 1493057153.58     0     71.76      0.00     13.22    12     72.03      0.00     14.07
 1493057153.68     0     70.08      0.00     13.02    12     68.36      0.00     14.22
 1493057153.78     0     62.80      0.00     12.19    12     64.96      0.00     12.21
 1493057153.88     0     71.07      0.00     13.33    12     71.40      0.00     14.55
 1493057153.98     0     65.75      0.00     12.50    12     69.20      0.00     12.63
 1493057154.08     0     69.56      0.00     13.62    12     70.46      0.00     13.98
 1493057154.18     0     69.54      0.00     12.19    12     72.90      0.00     13.08
 1493057154.28     0     72.75      0.00     12.99    12     70.18      0.00     13.09
 1493057154.38     0     64.81      0.00     12.52    12     65.46      0.00     12.32
 1493057154.48     0     65.31      0.00     12.50    12     68.22      0.00     13.09
 1493057154.58     0     71.78      0.00     13.42    12     71.81      0.00     14.54
 1493057154.68     0     68.56      0.00     12.47    12     69.82      0.00     12.82
 1493057154.78     0     71.77      0.00     13.03    12     72.60      0.00     14.09
 1493057154.88     0     66.72      0.00     12.52    12     68.75      0.00     13.35
 1493057154.98     0     66.50      0.00     12.37    12     70.99      0.00     13.00
 1493057155.08     0     70.48      0.00     13.16    12     69.52      0.00     14.36
 1493057155.18     0     68.49      0.00     12.25    12     67.49      0.00     12.94
 1493057155.28     0     67.49      0.00     13.28    12     68.26      0.00     13.31
 1493057155.38     0     67.05      0.00     11.97    12     68.43      0.00     12.57
 1493057155.48     0     69.28      0.00     13.44    12     70.59      0.00     14.03
 1493057155.59     0     65.96      0.00     12.40    12     67.41      0.00     13.51
 1493057155.69     0     71.26      0.00     12.70    12     71.13      0.00     13.84
 1493057155.79     0     71.24      0.00     13.11    12     70.72      0.00     14.28
 1493057155.89     0     65.62      0.00     11.33    12     65.59      0.00     12.06
 1493057155.99     0     67.12      0.00     13.38    12     72.13      0.00     14.43
 1493057156.09     0     64.91      0.00     12.06    12     68.54      0.00     12.79
 1493057156.19     0     71.59      0.00     13.79    12     70.78      0.00     14.56
 1493057156.29     0     72.01      0.00     12.28    12     69.74      0.00     13.16
 1493057156.39     0     73.34      0.00     13.09    12     71.01      0.00     13.46
 1493057156.49     0     66.06      0.00     13.14    12     67.16      0.00     13.39
 1493057156.59     0     63.94      0.00     11.82    12     65.41      0.00     12.76
 1493057156.69     0     72.06      0.00     13.61    12     72.12      0.00     14.61
 1493057156.79     0     65.84      0.00     12.16    12     67.19      0.00     13.09
 1493057156.89     0     69.18      0.00     13.44    12     71.49      0.00     14.35
 1493057156.99     0     69.76      0.00     12.24    12     72.29      0.00     12.76
 1493057157.09     0     71.70      0.00     13.20    12     73.21      0.00     14.11
 1493057157.19     0     66.88      0.00     12.30    12     66.23      0.00     13.18
 1493057157.30     0     67.72      0.00     12.64    12     67.64      0.00     12.57
 1493057157.40     0     69.79      0.00     13.72    12     66.99      0.00     13.80
 1493057157.50     0     65.28      0.00     11.27    12     66.48      0.00     12.22
 1493057157.60     0     71.97      0.00     13.67    12     72.99      0.00     14.66
 1493057157.70     0     67.31      0.00     11.80    12     67.81      0.00     12.83
 1493057157.80     0     71.87      0.00     13.34    12     70.98      0.00     14.28
 1493057157.90     0     66.36      0.00     12.80    12     66.90      0.00     13.69
 1493057158.00     0     64.26      0.00     11.74    12     67.52      0.00     13.21
 1493057158.10     0     72.73      0.00     14.03    12     73.54      0.00     14.24
 1493057158.20     0     68.35      0.00     12.01    12     68.07      0.00     12.67
 1493057158.30     0     69.98      0.00     13.27    12     69.57      0.00     14.33
 1493057158.40     0     69.88      0.00     12.13    12     72.69      0.00     12.28
 1493057158.50     0     71.43      0.00     13.36    12     70.13      0.00     13.48
 1493057158.60     0     66.37      0.00     12.67    12     64.76      0.00     13.40
 1493057158.70     0     64.63      0.00     12.13    12     66.87      0.00     12.93
 1493057158.80     0     72.50      0.00     13.42    12     71.72      0.00     14.42
 1493057158.90     0     71.44      0.00     12.56    12     70.33      0.00     12.92
 1493057159.00     0     69.22      0.00     13.27    12     69.14      0.00     14.80
 1493057159.10     0     70.33      0.00     11.75    12     72.24      0.00     12.54
 1493057159.20     0     71.25      0.00     13.38    12     72.46      0.00     14.40
 1493057159.30     0     68.91      0.00     12.81    12     66.68      0.00     12.98
 1493057159.40     0     59.67      0.00     12.57    12     65.78      0.00     13.13
 1493057159.50     0     73.50      0.00     14.22    12     71.66      0.00     13.88
 1493057159.61     0     57.47      0.00     10.87    12     64.06      0.00     11.52
 1493057159.71     0     71.11      0.00     13.32    12     70.63      0.00     14.47
 1493057159.81     0     65.56      0.00     11.42    12     65.67      0.00     12.59
 1493057159.91     0     71.91      0.00     12.78    12     69.93      0.00     14.30
 1493057160.01     0     71.40      0.00     13.00    12     70.89      0.00     13.37
 1493057160.11     0     63.67      0.00     12.20    12     64.83      0.00     13.09
 1493057160.21     0     69.91      0.00     13.83    12     72.93      0.00     14.04
 1493057160.31     0     72.08      0.00     12.92    12     68.70      0.00     12.83
 1493057160.41     0     69.01      0.00     13.39    12     69.73      0.00     14.60
 1493057160.51     0     71.95      0.00     12.38    12     73.12      0.00     12.43
 1493057160.61     0     67.88      0.00     13.31    12     69.65      0.00     14.00
 1493057160.71     0     69.72      0.00     13.03    12     68.28      0.00     12.92
 1493057160.81     0     66.34      0.00     12.64    12     68.32      0.00     12.90
 1493057160.91     0     72.75      0.00     13.53    12     70.59      0.00     14.62
 1493057161.01     0     68.89      0.00     12.13    12     68.86      0.00     13.40
 1493057161.11     0     72.26      0.00     13.89    12     73.59      0.00     13.64
 1493057161.22     0     70.84      0.00     12.24    12     71.15      0.00     12.62
 1493057161.32     0     69.52      0.00     13.11    12     70.85      0.00     14.10
 1493057161.42     0     70.92      0.00     13.54    12     69.21      0.00     12.73
 1493057161.52     0     67.44      0.00     12.78    12     67.07      0.00     13.04
 1493057161.62     0     69.07      0.00     13.77    12     69.41      0.00     13.68
 1493057161.72     0     63.80      0.00     12.02    12     61.91      0.00     13.02
 1493057161.82     0     69.57      0.00     13.24    12     74.03      0.00     14.57
 1493057161.92     0     67.99      0.00     11.49    12     68.01      0.00     11.98
 1493057162.02     0     69.32      0.00     12.76    12     68.59      0.00     13.41
 1493057162.12     0     65.77      0.00     12.99    12     66.68      0.00     13.23
 1493057162.22     0     64.08      0.00     12.96    12     67.30      0.00     12.51
 1493057162.32     0     73.49      0.00     13.94    12     72.58      0.00     14.33
 1493057162.42     0     66.57      0.00     11.79    12     69.33      0.00     12.87
 1493057162.52     0     70.11      0.00     13.18    12     69.50      0.00     14.06
 1493057162.62     0     70.55      0.00     12.38    12     68.01      0.00     12.45
 1493057162.72     0     69.13      0.00     13.16    12     70.09      0.00     13.35
 1493057162.82     0     67.58      0.00     12.08    12     65.92      0.00     13.76
 1493057162.92     0     66.37      0.00     12.00    12     70.38      0.00     13.14
 1493057163.02     0     74.69      0.00     13.96    12     71.96      0.00     14.50
 1493057163.13     0     65.23      0.00     12.02    12     65.24      0.00     13.12
 1493057163.23     0     72.95      0.00     14.16    12     72.68      0.00     14.19
 1493057163.33     0     67.88      0.00     11.57    12     70.09      0.00     12.36
 1493057163.43     0     72.56      0.00     13.08    12     72.42      0.00     14.03
 1493057163.53     0     68.81      0.00     13.02    12     66.62      0.00     13.37
 1493057163.63     0     64.71      0.00     12.62    12     67.59      0.00     13.16
 1493057163.73     0     70.75      0.00     13.60    12     73.06      0.00     14.12
 1493057163.83     0     60.66      0.00     11.02    12     57.09      0.00     10.88
 1493057163.93     0     70.93      0.00     13.32    12     70.80      0.00     14.47
 1493057164.03     0     68.85      0.00     11.44    12     67.22      0.00     11.77
 1493057164.13     0     68.35      0.00     12.33    12     69.59      0.00     13.30
 1493057164.23     0     65.53      0.00     12.98    12     65.39      0.00     12.86
 1493057164.33     0     65.01      0.00     11.71    12     68.08      0.00     13.01
 1493057164.43     0     68.64      0.00     13.70    12     69.87      0.00     14.12
 1493057164.53     0     70.07      0.00     12.73    12     67.48      0.00     12.91
 1493057164.63     0     71.14      0.00     14.15    12     69.14      0.00     14.29
 1493057164.73     0     69.79      0.00     11.82    12     69.60      0.00     12.08
 1493057164.83     0     69.61      0.00     13.28    12     66.95      0.00     13.41
 1493057164.93     0     67.70      0.00     12.80    12     67.62      0.00     13.84
 1493057165.03     0     67.31      0.00     12.68    12     69.09      0.00     12.91
 1493057165.13     0     73.57      0.00     14.22    12     71.83      0.00     14.69
 1493057165.23     0     69.06      0.00     12.54    12     65.94      0.00     13.14
 1493057165.33     0     68.73      0.00     13.94    12     70.73      0.00     13.74
 1493057165.43     0     68.22      0.00     11.46    12     68.67      0.00     12.25
 1493057165.53     0     73.24      0.00     13.56    12     72.54      0.00     14.00
 1493057165.64     0     65.90      0.00     13.02    12     65.31      0.00     13.10
 1493057165.74     0     63.91      0.00     12.08    12     62.80      0.00     12.39
 1493057165.84     0     68.29      0.00     13.90    12     72.31      0.00     13.73
 1493057165.94     0     61.97      0.00     12.08    12     63.31      0.00     12.96
 1493057166.04     0     74.01      0.00     13.54    12     72.21      0.00     14.81
 1493057166.14     0     69.34      0.00     12.03    12     70.09      0.00     12.50
 1493057166.24     0     71.97      0.00     13.68    12     70.03      0.00     14.02
 1493057166.34     0     67.27      0.00     12.57    12     67.54      0.00     13.59
 1493057166.44     0     64.11      0.00     12.15    12     66.71      0.00     13.23
 1493057166.54     0     74.53      0.00     14.33    12     70.64      0.00     13.67
 1493057166.64     0     70.90      0.00     12.31    12     69.46      0.00     12.71
 1493057166.74     0     65.98      0.00     13.81    12     68.91      0.00     13.77
 1493057166.84     0     69.00      0.00     11.51    12     71.30      0.00     11.96
 1493057166.94     0     69.33      0.00     13.20    12     73.59      0.00     14.32
 1493057167.04     0     68.97      0.00     12.22    12     67.04      0.00     13.49
 1493057167.14     0     68.43      0.00     12.87    12     68.41      0.00     12.66
 1493057167.24     0     69.70      0.00     13.68    12     70.16      0.00     14.50
 1493057167.34     0     64.13      0.00     11.89    12     66.65      0.00     12.87
 1493057167.44     0     72.09      0.00     13.59    12     73.23      0.00     14.33
 1493057167.55     0     69.86      0.00     12.28    12     71.60      0.00     12.56
 1493057167.65     0     72.89      0.00     14.20    12     69.58      0.00     13.90
 1493057167.75     0     69.45      0.00     13.34    12     69.40      0.00     13.41
 1493057167.85     0     64.87      0.00     12.46    12     66.91      0.00     12.47
 1493057167.95     0     70.07      0.00     13.96    12     71.34      0.00     14.37
 1493057168.05     0     59.30      0.00     10.75    12     60.12      0.00     11.47
 1493057168.15     0     73.15      0.00     14.09    12     72.22      0.00     13.83
 1493057168.25     0     64.28      0.00     10.50    12     64.41      0.00     11.21
 1493057168.35     0     71.25      0.00     13.69    12     71.79      0.00     14.38
 1493057168.45     0     67.41      0.00     13.01    12     67.36      0.00     13.50
 1493057168.55     0     66.58      0.00     11.84    12     69.24      0.00     12.91
 1493057168.65     0     71.15      0.00     13.84    12     69.83      0.00     13.78
 1493057168.75     0     71.11      0.00     12.69    12     68.46      0.00     12.89
 1493057168.85     0     67.53      0.00     13.75    12     70.53      0.00     14.10
 1493057168.95     0     57.02      0.00     11.33    12     59.41      0.00     11.62
 1493057169.05     0     61.60      0.00     13.23    12     63.06      0.00     13.54
 1493057169.15     0     72.67      0.00     13.83    12     71.83      0.00     14.89
 1493057169.25     0     65.86      0.00     11.59    12     64.46      0.00     11.64
 1493057169.35     0     70.19      0.00     13.86    12     70.48      0.00     14.32
 1493057169.46     0     68.13      0.00     12.58    12     69.19      0.00     12.53
 1493057169.56     0     69.65      0.00     13.16    12     71.65      0.00     13.75
 1493057169.66     0     69.33      0.00     12.67    12     71.64      0.00     13.37
 1493057169.76     0     65.46      0.00     11.58    12     66.94      0.00     11.86
 1493057169.86     0     69.87      0.00     14.12    12     68.64      0.00     14.04
 1493057169.96     0     66.21      0.00     12.66    12     67.32      0.00     11.89
 1493057170.06     0     63.01      0.00     12.58    12     67.13      0.00     12.62
 1493057170.16     0     72.36      0.00     13.98    12     68.80      0.00     14.17
 1493057170.26     0     68.03      0.00     12.46    12     67.72      0.00     13.01
 1493057170.36     0     69.47      0.00     12.92    12     68.91      0.00     13.38
 1493057170.46     0     70.60      0.00     12.87    12     71.82      0.00     12.69
 1493057170.56     0     69.47      0.00     13.01    12     69.04      0.00     14.04
 1493057170.66     0     65.42      0.00     12.18    12     68.33      0.00     12.51
 1493057170.76     0     64.37      0.00     13.19    12     68.62      0.00     13.54
 1493057170.86     0     69.19      0.00     12.98    12     66.49      0.00     13.51
 1493057170.96     0     68.57      0.00     12.88    12     70.01      0.00     13.01
 1493057171.06     0     63.90      0.00     12.45    12     65.80      0.00     12.38
 1493057171.16     0     70.31      0.00     13.17    12     73.11      0.00     13.38
 1493057171.26     0     73.20      0.00     13.93    12     69.92      0.00     14.47
 1493057171.36     0     66.85      0.00     12.12    12     68.20      0.00     13.10
 1493057171.46     0     67.25      0.00     12.77    12     69.33      0.00     13.69
 1493057171.56     0     69.74      0.00     13.25    12     68.99      0.00     13.28
 1493057171.66     0     70.38      0.00     12.99    12     70.58      0.00     13.76
 1493057171.76     0     71.69      0.00     12.95    12     73.22      0.00     13.47
 1493057171.87     0     69.65      0.00     12.54    12     69.66      0.00     13.28
 1493057171.97     0     69.26      0.00     13.41    12     70.11      0.00     14.09
 1493057172.07     0     63.07      0.00     11.17    12     64.17      0.00     11.44
 1493057172.17     0     71.51      0.00     13.86    12     72.67      0.00     14.31
 1493057172.27     0     67.62      0.00     12.31    12     66.87      0.00     13.31
 1493057172.37     0     69.69      0.00     13.67    12     70.96      0.00     14.43
 1493057172.47     0     68.04      0.00     12.43    12     67.59      0.00     12.36
 1493057172.57     0     66.26      0.00     11.79    12     68.49      0.00     11.96
 1493057172.67     0     70.76      0.00     13.82    12     71.76      0.00     14.01
 1493057172.77     0     67.47      0.00     12.56    12     68.00      0.00     12.48
 1493057172.87     0     67.30      0.00     13.16    12     67.88      0.00     13.19
 1493057172.97     0     68.11      0.00     13.56    12     69.09      0.00     13.72
 1493057173.07     0     68.39      0.00     12.79    12     68.88      0.00     12.73
 1493057173.17     0     68.12      0.00     12.49    12     67.86      0.00     12.45
 1493057173.27     0     70.26      0.00     12.92    12     73.04      0.00     13.22
 1493057173.37     0     71.78      0.00     13.51    12     69.30      0.00     14.38
 1493057173.47     0     62.46      0.00     11.58    12     65.83      0.00     12.22
 1493057173.57     0     69.19      0.00     13.63    12     70.93      0.00     14.37
 1493057173.67     0     64.97      0.00     12.33    12     67.98      0.00     12.87
 1493057173.78     0     71.40      0.00     13.72    12     72.12      0.00     14.69
 1493057173.88     0     67.55      0.00     12.32    12     66.58      0.00     12.28
 1493057173.98     0     27.48      0.00      3.83    12     30.96      0.00      4.63
 1493057174.08     0     16.06      0.00      2.53    12     18.86      0.00      3.01
 1493057174.18     0     19.32      0.00      4.00    12     21.71      0.00      4.40
