         #Time  Core     P_PKG     P_PP0    P_DRAM  Core     P_PKG     P_PP0    P_DRAM
 1492876501.94     0     23.43      0.00      5.15    12     22.81      0.00      5.33
 1492876502.04     0     25.67      0.00      4.46    12     22.62      0.00      4.35
 1492876502.14     0     30.44      0.00      4.57    12     26.00      0.00      4.28
 1492876502.24     0     34.32      0.00      5.65    12     29.30      0.00      4.80
 1492876502.34     0     38.42      0.00      5.65    12     35.91      0.00      5.86
 1492876502.44     0     35.38      0.00      5.42    12     33.47      0.00      5.62
 1492876502.54     0     35.35      0.00      5.32    12     33.50      0.00      5.59
 1492876502.64     0     35.44      0.00      5.31    12     33.63      0.00      5.50
 1492876502.74     0     35.44      0.00      5.40    12     33.60      0.00      5.69
 1492876502.84     0     35.39      0.00      5.42    12     33.73      0.00      5.72
 1492876502.94     0     35.39      0.00      5.53    12     33.64      0.00      5.70
 1492876503.04     0     35.48      0.00      5.41    12     33.73      0.00      5.72
 1492876503.14     0     35.44      0.00      5.44    12     33.72      0.00      5.57
 1492876503.24     0     35.30      0.00      5.30    12     33.50      0.00      5.52
 1492876503.34     0     35.41      0.00      5.27    12     33.63      0.00      5.56
 1492876503.44     0     35.43      0.00      5.34    12     33.68      0.00      5.56
 1492876503.54     0     35.52      0.00      5.32    12     33.79      0.00      5.59
 1492876503.64     0     35.47      0.00      5.39    12     33.78      0.00      5.56
 1492876503.74     0     35.48      0.00      5.38    12     33.77      0.00      5.57
 1492876503.84     0     35.43      0.00      5.36    12     33.51      0.00      5.53
 1492876503.94     0     34.95      0.00      5.59    12     33.40      0.00      5.83
 1492876504.04     0     34.84      0.00      5.42    12     32.78      0.00      5.46
 1492876504.14     0     35.36      0.00      5.49    12     33.82      0.00      5.51
 1492876504.24     0     35.39      0.00      5.40    12     33.74      0.00      5.49
 1492876504.34     0     35.30      0.00      5.44    12     33.68      0.00      5.46
 1492876504.44     0     35.38      0.00      5.47    12     33.61      0.00      5.48
 1492876504.54     0     35.50      0.00      5.40    12     33.66      0.00      5.40
 1492876504.64     0     35.39      0.00      5.36    12     33.56      0.00      5.46
 1492876504.74     0     35.40      0.00      5.40    12     33.67      0.00      5.49
 1492876504.84     0     35.45      0.00      5.45    12     33.72      0.00      5.41
 1492876504.94     0     35.42      0.00      5.39    12     33.54      0.00      5.45
 1492876505.04     0     35.40      0.00      5.43    12     33.95      0.00      5.54
 1492876505.14     0     35.36      0.00      5.45    12     33.54      0.00      5.46
 1492876505.24     0     35.44      0.00      5.45    12     33.39      0.00      5.47
 1492876505.34     0     35.46      0.00      5.36    12     33.64      0.00      5.51
 1492876505.44     0     35.75      0.00      5.47    12     33.84      0.00      5.55
 1492876505.55     0     35.09      0.00      5.32    12     33.72      0.00      5.40
 1492876505.65     0     35.73      0.00      5.46    12     33.63      0.00      5.53
 1492876505.75     0     35.37      0.00      5.38    12     33.54      0.00      5.51
 1492876505.85     0     35.38      0.00      5.41    12     33.56      0.00      5.50
 1492876505.95     0     35.46      0.00      5.37    12     33.68      0.00      5.47
 1492876506.05     0     35.32      0.00      5.43    12     33.55      0.00      5.51
 1492876506.15     0     35.50      0.00      5.55    12     33.62      0.00      5.61
 1492876506.25     0     35.34      0.00      5.42    12     33.65      0.00      5.44
 1492876506.35     0     35.38      0.00      5.48    12     33.62      0.00      5.60
 1492876506.45     0     35.39      0.00      5.43    12     33.52      0.00      5.51
 1492876506.55     0     35.36      0.00      5.34    12     33.47      0.00      5.54
 1492876506.65     0     35.42      0.00      5.38    12     33.60      0.00      5.51
 1492876506.75     0     35.42      0.00      5.42    12     33.63      0.00      5.48
 1492876506.85     0     35.15      0.00      5.38    12     33.23      0.00      5.44
 1492876506.95     0     35.39      0.00      5.39    12     33.63      0.00      5.50
 1492876507.05     0     35.43      0.00      5.33    12     33.57      0.00      5.44
 1492876507.15     0     35.35      0.00      5.41    12     33.68      0.00      5.50
 1492876507.25     0     35.43      0.00      5.53    12     33.68      0.00      5.55
 1492876507.35     0     35.39      0.00      5.46    12     33.57      0.00      5.58
 1492876507.45     0     35.36      0.00      5.35    12     33.60      0.00      5.44
 1492876507.55     0     35.20      0.00      5.41    12     33.28      0.00      5.39
 1492876507.65     0     35.41      0.00      5.46    12     33.59      0.00      5.49
 1492876507.75     0     35.39      0.00      5.45    12     33.61      0.00      5.47
 1492876507.85     0     35.41      0.00      5.35    12     33.57      0.00      5.52
 1492876507.95     0     35.39      0.00      5.39    12     33.67      0.00      5.49
 1492876508.05     0     35.43      0.00      5.43    12     33.60      0.00      5.50
 1492876508.15     0     35.39      0.00      5.37    12     33.55      0.00      5.47
 1492876508.25     0     35.44      0.00      5.50    12     33.57      0.00      5.55
 1492876508.35     0     35.41      0.00      5.48    12     33.74      0.00      5.54
 1492876508.45     0     35.33      0.00      5.43    12     33.58      0.00      5.58
 1492876508.55     0     35.37      0.00      5.38    12     33.72      0.00      5.51
 1492876508.65     0     35.48      0.00      5.45    12     33.70      0.00      5.51
 1492876508.75     0     35.36      0.00      5.44    12     33.60      0.00      5.52
 1492876508.85     0     35.45      0.00      5.36    12     33.74      0.00      5.46
 1492876508.95     0     35.37      0.00      5.43    12     33.63      0.00      5.50
 1492876509.05     0     35.37      0.00      5.37    12     33.63      0.00      5.45
 1492876509.15     0     35.44      0.00      5.40    12     33.70      0.00      5.51
 1492876509.25     0     35.36      0.00      5.39    12     33.56      0.00      5.46
 1492876509.35     0     35.43      0.00      5.61    12     33.66      0.00      5.51
 1492876509.45     0     35.42      0.00      5.46    12     33.70      0.00      5.55
 1492876509.55     0     35.36      0.00      5.40    12     33.50      0.00      5.52
 1492876509.65     0     35.45      0.00      5.43    12     33.70      0.00      5.47
 1492876509.75     0     35.40      0.00      5.42    12     33.61      0.00      5.51
 1492876509.85     0     35.18      0.00      5.25    12     33.20      0.00      5.34
 1492876509.95     0     35.19      0.00      5.35    12     33.39      0.00      5.49
 1492876510.05     0     35.19      0.00      5.55    12     33.51      0.00      5.69
 1492876510.15     0     35.33      0.00      5.34    12     33.63      0.00      5.58
 1492876510.25     0     35.41      0.00      5.34    12     33.57      0.00      5.56
 1492876510.35     0     35.23      0.00      5.32    12     33.40      0.00      5.52
 1492876510.45     0     35.41      0.00      5.59    12     33.81      0.00      5.62
 1492876510.55     0     35.41      0.00      5.41    12     33.59      0.00      5.60
 1492876510.65     0     35.48      0.00      5.37    12     33.69      0.00      5.59
 1492876510.75     0     35.39      0.00      5.36    12     33.63      0.00      5.57
 1492876510.85     0     35.06      0.00      5.17    12     32.99      0.00      5.47
 1492876510.95     0     35.41      0.00      5.22    12     33.45      0.00      5.52
 1492876511.05     0     35.39      0.00      5.32    12     33.61      0.00      5.53
 1492876511.15     0     35.38      0.00      5.34    12     33.65      0.00      5.59
 1492876511.25     0     35.41      0.00      5.32    12     33.59      0.00      5.55
 1492876511.35     0     35.35      0.00      5.32    12     33.69      0.00      5.58
 1492876511.45     0     35.39      0.00      5.31    12     33.63      0.00      5.54
 1492876511.55     0     35.37      0.00      5.47    12     33.72      0.00      5.62
 1492876511.65     0     35.40      0.00      5.38    12     33.97      0.00      5.58
 1492876511.75     0     35.43      0.00      5.25    12     33.38      0.00      5.56
 1492876511.85     0     35.77      0.00      5.44    12     33.88      0.00      5.66
 1492876511.95     0     35.40      0.00      5.31    12     33.33      0.00      5.49
 1492876512.05     0     35.42      0.00      5.41    12     33.91      0.00      5.63
 1492876512.15     0     35.33      0.00      5.39    12     33.22      0.00      5.54
 1492876512.25     0     35.44      0.00      5.48    12     33.66      0.00      5.58
 1492876512.35     0     35.11      0.00      5.31    12     33.98      0.00      5.61
 1492876512.45     0     35.63      0.00      5.35    12     33.42      0.00      5.55
 1492876512.55     0     35.36      0.00      5.48    12     33.61      0.00      5.55
 1492876512.65     0     35.46      0.00      5.41    12     33.55      0.00      5.59
 1492876512.75     0     35.39      0.00      5.32    12     33.54      0.00      5.55
 1492876512.85     0     35.45      0.00      5.31    12     33.61      0.00      5.50
 1492876512.95     0     35.52      0.00      5.36    12     33.65      0.00      5.59
 1492876513.05     0     35.42      0.00      5.35    12     33.65      0.00      5.54
 1492876513.15     0     35.40      0.00      5.32    12     33.66      0.00      5.56
 1492876513.25     0     35.43      0.00      5.31    12     33.72      0.00      5.56
 1492876513.35     0     35.47      0.00      5.37    12     33.57      0.00      5.49
 1492876513.45     0     35.43      0.00      5.34    12     33.64      0.00      5.50
 1492876513.55     0     35.45      0.00      5.46    12     33.64      0.00      5.62
 1492876513.65     0     35.38      0.00      5.49    12     33.60      0.00      5.59
 1492876513.75     0     35.46      0.00      5.36    12     33.63      0.00      5.64
 1492876513.85     0     35.20      0.00      5.28    12     33.38      0.00      5.57
 1492876513.95     0     35.39      0.00      5.38    12     33.75      0.00      5.59
 1492876514.05     0     35.27      0.00      5.34    12     33.50      0.00      5.52
 1492876514.15     0     35.39      0.00      5.36    12     33.73      0.00      5.63
 1492876514.25     0     35.44      0.00      5.36    12     33.64      0.00      5.61
 1492876514.35     0     35.43      0.00      5.39    12     33.58      0.00      5.54
 1492876514.45     0     35.42      0.00      5.37    12     33.62      0.00      5.55
 1492876514.55     0     35.42      0.00      5.37    12     33.67      0.00      5.58
 1492876514.65     0     35.36      0.00      5.40    12     33.67      0.00      5.61
 1492876514.76     0     35.45      0.00      5.46    12     33.62      0.00      5.62
 1492876514.86     0     35.34      0.00      5.39    12     33.51      0.00      5.60
 1492876514.96     0     35.33      0.00      5.35    12     33.60      0.00      5.59
 1492876515.06     0     35.42      0.00      5.40    12     33.71      0.00      5.56
 1492876515.16     0     35.40      0.00      5.36    12     33.74      0.00      5.55
 1492876515.26     0     35.36      0.00      5.35    12     33.57      0.00      5.59
 1492876515.36     0     35.42      0.00      5.33    12     33.62      0.00      5.54
 1492876515.46     0     35.52      0.00      5.33    12     33.73      0.00      5.56
 1492876515.56     0     35.39      0.00      5.31    12     33.55      0.00      5.54
 1492876515.66     0     35.50      0.00      5.41    12     33.77      0.00      5.55
 1492876515.76     0     35.45      0.00      5.53    12     33.64      0.00      5.61
 1492876515.86     0     35.46      0.00      5.37    12     33.67      0.00      5.59
 1492876515.96     0     35.42      0.00      5.33    12     33.74      0.00      5.57
 1492876516.06     0     35.40      0.00      5.30    12     33.66      0.00      5.57
 1492876516.16     0     35.48      0.00      5.38    12     33.75      0.00      5.60
 1492876516.26     0     35.42      0.00      5.35    12     33.69      0.00      5.60
 1492876516.36     0     35.39      0.00      5.32    12     33.62      0.00      5.58
 1492876516.46     0     35.36      0.00      5.36    12     33.51      0.00      5.59
 1492876516.56     0     35.50      0.00      5.34    12     33.67      0.00      5.57
 1492876516.66     0     35.46      0.00      5.38    12     33.69      0.00      5.63
 1492876516.76     0     35.38      0.00      5.34    12     33.63      0.00      5.56
 1492876516.86     0     34.93      0.00      5.30    12     32.73      0.00      5.49
 1492876516.96     0     35.67      0.00      5.36    12     33.62      0.00      5.59
 1492876517.06     0     35.53      0.00      5.38    12     33.62      0.00      5.64
 1492876517.16     0     35.43      0.00      5.38    12     33.70      0.00      5.58
 1492876517.26     0     35.43      0.00      5.42    12     33.69      0.00      5.56
 1492876517.36     0     35.41      0.00      5.35    12     33.64      0.00      5.57
 1492876517.46     0     35.43      0.00      5.26    12     33.65      0.00      5.57
 1492876517.56     0     35.54      0.00      5.37    12     33.50      0.00      5.60
 1492876517.66     0     35.39      0.00      5.34    12     33.62      0.00      5.60
 1492876517.76     0     35.45      0.00      5.30    12     33.69      0.00      5.62
 1492876517.86     0     35.26      0.00      5.52    12     33.50      0.00      5.69
 1492876517.96     0     35.33      0.00      5.46    12     33.43      0.00      5.59
 1492876518.06     0     35.40      0.00      5.36    12     33.64      0.00      5.63
 1492876518.16     0     35.44      0.00      5.41    12     33.65      0.00      5.61
 1492876518.26     0     35.37      0.00      5.29    12     33.66      0.00      5.54
 1492876518.36     0     35.29      0.00      5.34    12     33.56      0.00      5.57
 1492876518.46     0     35.48      0.00      5.32    12     33.69      0.00      5.56
 1492876518.56     0     35.46      0.00      5.35    12     33.66      0.00      5.61
 1492876518.66     0     35.52      0.00      5.35    12     33.75      0.00      5.55
 1492876518.76     0     35.41      0.00      5.40    12     33.64      0.00      5.60
 1492876518.86     0     35.38      0.00      5.32    12     33.66      0.00      5.63
 1492876518.96     0     35.42      0.00      5.45    12     33.71      0.00      5.60
 1492876519.06     0     35.46      0.00      5.41    12     33.72      0.00      5.64
 1492876519.16     0     35.38      0.00      5.31    12     33.56      0.00      5.59
 1492876519.26     0     35.48      0.00      5.36    12     33.65      0.00      5.54
 1492876519.36     0     35.39      0.00      5.37    12     33.61      0.00      5.62
 1492876519.46     0     35.44      0.00      5.39    12     33.66      0.00      5.60
 1492876519.56     0     35.36      0.00      5.36    12     33.52      0.00      5.59
 1492876519.66     0     35.49      0.00      5.29    12     33.69      0.00      5.51
 1492876519.76     0     35.40      0.00      5.36    12     33.97      0.00      5.60
 1492876519.86     0     35.50      0.00      5.29    12     33.34      0.00      5.59
 1492876519.96     0     35.46      0.00      5.33    12     33.65      0.00      5.58
 1492876520.06     0     35.80      0.00      5.59    12     33.97      0.00      5.66
 1492876520.16     0     35.46      0.00      5.37    12     33.70      0.00      5.65
 1492876520.26     0     35.49      0.00      5.36    12     33.60      0.00      5.62
 1492876520.36     0     35.49      0.00      5.39    12     33.70      0.00      5.59
 1492876520.46     0     35.45      0.00      5.30    12     33.75      0.00      5.60
 1492876520.56     0     35.41      0.00      5.35    12     33.55      0.00      5.65
 1492876520.66     0     35.53      0.00      5.28    12     33.73      0.00      5.59
 1492876520.76     0     35.16      0.00      5.31    12     33.61      0.00      5.62
 1492876520.86     0     35.76      0.00      5.41    12     33.73      0.00      5.61
 1492876520.96     0     35.45      0.00      5.24    12     33.68      0.00      5.56
 1492876521.06     0     35.41      0.00      5.34    12     33.62      0.00      5.61
 1492876521.16     0     35.48      0.00      5.52    12     33.70      0.00      5.67
 1492876521.26     0     35.48      0.00      5.40    12     33.71      0.00      5.64
 1492876521.36     0     35.40      0.00      5.32    12     33.64      0.00      5.57
 1492876521.46     0     35.52      0.00      5.26    12     33.70      0.00      5.59
 1492876521.56     0     35.44      0.00      5.30    12     33.67      0.00      5.58
 1492876521.66     0     35.45      0.00      5.38    12     33.66      0.00      5.64
 1492876521.76     0     35.49      0.00      5.38    12     33.70      0.00      5.65
 1492876521.86     0     35.44      0.00      5.32    12     33.64      0.00      5.62
 1492876521.96     0     35.40      0.00      5.30    12     33.70      0.00      5.58
 1492876522.06     0     35.45      0.00      5.20    12     33.69      0.00      5.61
 1492876522.16     0     35.32      0.00      5.39    12     33.59      0.00      5.57
 1492876522.26     0     35.49      0.00      5.52    12     33.73      0.00      5.66
 1492876522.36     0     35.44      0.00      5.36    12     33.81      0.00      5.61
 1492876522.46     0     35.40      0.00      5.38    12     33.63      0.00      5.61
 1492876522.56     0     35.44      0.00      5.24    12     33.80      0.00      5.55
 1492876522.66     0     35.42      0.00      5.34    12     33.70      0.00      5.59
 1492876522.76     0     35.47      0.00      5.35    12     33.84      0.00      5.60
 1492876522.86     0     35.43      0.00      5.35    12     33.77      0.00      5.64
 1492876522.96     0     35.39      0.00      5.32    12     33.70      0.00      5.55
 1492876523.06     0     35.41      0.00      5.34    12     33.71      0.00      5.62
 1492876523.16     0     35.45      0.00      5.34    12     33.63      0.00      5.54
 1492876523.26     0     35.39      0.00      5.49    12     33.66      0.00      5.61
 1492876523.36     0     35.44      0.00      5.42    12     33.73      0.00      5.64
 1492876523.46     0     35.41      0.00      5.32    12     33.64      0.00      5.61
 1492876523.56     0     35.40      0.00      5.36    12     33.71      0.00      5.62
 1492876523.66     0     35.42      0.00      5.33    12     33.73      0.00      5.62
 1492876523.76     0     35.45      0.00      5.41    12     33.73      0.00      5.74
 1492876523.86     0     35.46      0.00      5.37    12     33.64      0.00      5.58
 1492876523.96     0     35.38      0.00      5.38    12     33.76      0.00      5.61
 1492876524.06     0     35.37      0.00      5.37    12     33.64      0.00      5.66
 1492876524.16     0     35.46      0.00      5.33    12     33.72      0.00      5.59
 1492876524.27     0     35.51      0.00      5.36    12     33.76      0.00      5.61
 1492876524.37     0     35.38      0.00      5.42    12     33.69      0.00      5.65
 1492876524.47     0     35.49      0.00      5.36    12     33.70      0.00      5.63
 1492876524.57     0     35.42      0.00      5.27    12     33.65      0.00      5.61
 1492876524.67     0     35.39      0.00      5.35    12     33.68      0.00      5.66
 1492876524.77     0     35.44      0.00      5.33    12     33.74      0.00      5.53
 1492876524.87     0     35.36      0.00      5.33    12     33.64      0.00      5.60
 1492876524.97     0     35.45      0.00      5.29    12     33.55      0.00      5.58
 1492876525.07     0     35.33      0.00      5.29    12     33.54      0.00      5.61
 1492876525.17     0     35.52      0.00      5.30    12     33.73      0.00      5.62
 1492876525.27     0     35.46      0.00      5.32    12     33.67      0.00      5.58
 1492876525.37     0     35.51      0.00      5.38    12     33.76      0.00      5.60
 1492876525.47     0     35.43      0.00      5.51    12     33.71      0.00      5.63
 1492876525.57     0     35.47      0.00      5.40    12     33.68      0.00      5.64
 1492876525.67     0     35.50      0.00      5.31    12     33.76      0.00      5.63
 1492876525.77     0     35.54      0.00      5.28    12     33.75      0.00      5.66
 1492876525.87     0     35.35      0.00      5.31    12     33.70      0.00      5.59
 1492876525.97     0     35.45      0.00      5.33    12     33.79      0.00      5.61
 1492876526.07     0     35.39      0.00      5.35    12     33.55      0.00      5.62
 1492876526.17     0     35.32      0.00      5.36    12     33.64      0.00      5.61
 1492876526.27     0     35.41      0.00      5.38    12     33.72      0.00      5.55
 1492876526.37     0     35.44      0.00      5.34    12     33.83      0.00      5.62
 1492876526.47     0     35.38      0.00      5.42    12     33.59      0.00      5.63
 1492876526.57     0     35.47      0.00      5.48    12     33.71      0.00      5.62
 1492876526.67     0     35.42      0.00      5.34    12     33.61      0.00      5.55
 1492876526.77     0     35.45      0.00      5.37    12     33.65      0.00      5.64
 1492876526.87     0     35.24      0.00      5.27    12     33.41      0.00      5.56
 1492876526.97     0     35.40      0.00      5.29    12     33.62      0.00      5.60
 1492876527.07     0     35.44      0.00      5.35    12     33.69      0.00      5.63
 1492876527.17     0     35.49      0.00      5.31    12     34.03      0.00      5.68
 1492876527.27     0     35.34      0.00      5.34    12     33.64      0.00      5.61
 1492876527.37     0     35.49      0.00      5.32    12     33.60      0.00      5.63
 1492876527.47     0     35.74      0.00      5.41    12     33.30      0.00      5.49
 1492876527.57     0     35.18      0.00      5.38    12     33.96      0.00      5.67
 1492876527.67     0     35.78      0.00      5.43    12     33.68      0.00      5.62
 1492876527.77     0     35.42      0.00      5.37    12     33.60      0.00      5.64
 1492876527.87     0     35.49      0.00      5.29    12     33.65      0.00      5.59
 1492876527.97     0     35.47      0.00      5.34    12     33.60      0.00      5.62
 1492876528.07     0     35.08      0.00      5.24    12     33.62      0.00      5.59
 1492876528.17     0     35.56      0.00      5.37    12     33.67      0.00      5.66
 1492876528.27     0     35.77      0.00      5.41    12     33.51      0.00      5.64
 1492876528.37     0     35.44      0.00      5.36    12     33.68      0.00      5.62
 1492876528.47     0     35.46      0.00      5.32    12     33.67      0.00      5.62
 1492876528.57     0     35.39      0.00      5.36    12     33.61      0.00      5.62
 1492876528.67     0     35.49      0.00      5.51    12     33.67      0.00      5.62
 1492876528.77     0     35.41      0.00      5.38    12     33.67      0.00      5.64
 1492876528.87     0     35.33      0.00      5.32    12     33.50      0.00      5.57
 1492876528.97     0     35.47      0.00      5.35    12     33.73      0.00      5.60
 1492876529.07     0     35.47      0.00      5.34    12     33.63      0.00      5.56
 1492876529.17     0     35.48      0.00      5.32    12     33.60      0.00      5.63
 1492876529.27     0     35.48      0.00      5.28    12     33.70      0.00      5.59
 1492876529.37     0     35.46      0.00      5.36    12     33.69      0.00      5.62
 1492876529.47     0     35.46      0.00      5.21    12     33.72      0.00      5.53
 1492876529.57     0     35.49      0.00      5.35    12     33.68      0.00      5.61
 1492876529.67     0     35.37      0.00      5.28    12     33.68      0.00      5.61
 1492876529.77     0     35.53      0.00      5.46    12     33.81      0.00      5.60
 1492876529.87     0     35.37      0.00      5.31    12     33.61      0.00      5.66
 1492876529.97     0     35.35      0.00      5.35    12     33.67      0.00      5.64
 1492876530.07     0     35.46      0.00      5.32    12     33.78      0.00      5.62
 1492876530.17     0     35.46      0.00      5.33    12     33.78      0.00      5.63
 1492876530.27     0     35.43      0.00      5.38    12     33.65      0.00      5.60
 1492876530.37     0     35.50      0.00      5.42    12     33.76      0.00      5.62
 1492876530.47     0     35.48      0.00      5.34    12     33.74      0.00      5.54
 1492876530.57     0     35.45      0.00      5.38    12     33.77      0.00      5.63
 1492876530.67     0     35.49      0.00      5.37    12     33.81      0.00      5.57
 1492876530.77     0     35.45      0.00      5.53    12     33.72      0.00      5.57
 1492876530.87     0     35.27      0.00      5.32    12     33.43      0.00      5.58
 1492876530.97     0     35.29      0.00      5.23    12     33.11      0.00      5.57
 1492876531.07     0     35.44      0.00      5.24    12     33.64      0.00      5.61
 1492876531.17     0     35.50      0.00      5.35    12     33.68      0.00      5.59
 1492876531.27     0     35.41      0.00      5.32    12     33.55      0.00      5.66
 1492876531.37     0     35.39      0.00      5.26    12     33.57      0.00      5.60
 1492876531.47     0     35.48      0.00      5.36    12     33.72      0.00      5.64
 1492876531.57     0     35.45      0.00      5.34    12     33.61      0.00      5.64
 1492876531.67     0     35.38      0.00      5.29    12     33.59      0.00      5.56
 1492876531.77     0     35.50      0.00      5.36    12     33.73      0.00      5.56
 1492876531.87     0     34.43      0.00      5.62    12     32.72      0.00      5.75
 1492876531.97     0     35.49      0.00      5.49    12     33.74      0.00      5.57
 1492876532.07     0     35.42      0.00      5.37    12     33.64      0.00      5.55
 1492876532.17     0     35.49      0.00      5.39    12     33.77      0.00      5.57
 1492876532.27     0     35.42      0.00      5.42    12     33.65      0.00      5.64
 1492876532.37     0     35.48      0.00      5.30    12     33.62      0.00      5.47
 1492876532.47     0     35.51      0.00      5.40    12     33.69      0.00      5.59
 1492876532.57     0     35.44      0.00      5.39    12     33.59      0.00      5.47
 1492876532.67     0     35.45      0.00      5.36    12     33.73      0.00      5.56
 1492876532.77     0     35.41      0.00      5.31    12     33.49      0.00      5.59
 1492876532.87     0     35.41      0.00      5.33    12     33.56      0.00      5.54
 1492876532.97     0     35.47      0.00      5.50    12     33.70      0.00      5.59
 1492876533.07     0     35.45      0.00      5.36    12     33.69      0.00      5.59
 1492876533.17     0     35.43      0.00      5.31    12     33.57      0.00      5.57
 1492876533.27     0     35.44      0.00      5.34    12     33.65      0.00      5.51
 1492876533.37     0     35.40      0.00      5.32    12     33.60      0.00      5.58
 1492876533.47     0     35.53      0.00      5.34    12     33.55      0.00      5.57
 1492876533.58     0     35.40      0.00      5.36    12     33.62      0.00      5.57
 1492876533.68     0     35.42      0.00      5.36    12     33.58      0.00      5.60
 1492876533.78     0     35.44      0.00      5.38    12     33.66      0.00      5.58
 1492876533.88     0     35.46      0.00      5.37    12     33.66      0.00      5.57
 1492876533.98     0     35.41      0.00      5.41    12     33.56      0.00      5.58
 1492876534.08     0     35.38      0.00      5.50    12     33.54      0.00      5.58
 1492876534.18     0     35.55      0.00      5.38    12     33.76      0.00      5.59
 1492876534.28     0     35.34      0.00      5.38    12     33.65      0.00      5.63
 1492876534.38     0     35.47      0.00      5.24    12     33.70      0.00      5.54
 1492876534.48     0     35.38      0.00      5.38    12     33.73      0.00      5.62
 1492876534.58     0     35.50      0.00      5.34    12     33.68      0.00      5.55
 1492876534.68     0     35.45      0.00      5.35    12     34.00      0.00      5.53
 1492876534.78     0     35.42      0.00      5.29    12     33.64      0.00      5.52
 1492876534.88     0     35.40      0.00      5.34    12     33.41      0.00      5.63
 1492876534.98     0     35.38      0.00      5.34    12     34.00      0.00      5.59
 1492876535.08     0     35.74      0.00      5.57    12     33.60      0.00      5.58
 1492876535.18     0     35.49      0.00      5.39    12     33.74      0.00      5.61
 1492876535.28     0     35.44      0.00      5.37    12     33.64      0.00      5.57
 1492876535.38     0     35.48      0.00      5.36    12     33.70      0.00      5.59
 1492876535.48     0     35.46      0.00      5.34    12     33.64      0.00      5.58
 1492876535.58     0     35.50      0.00      5.21    12     33.65      0.00      5.57
 1492876535.68     0     35.44      0.00      5.47    12     33.77      0.00      5.63
 1492876535.78     0     35.51      0.00      5.40    12     33.71      0.00      5.58
 1492876535.88     0     35.39      0.00      5.31    12     33.68      0.00      5.51
 1492876535.98     0     35.47      0.00      5.35    12     33.66      0.00      5.52
 1492876536.08     0     35.41      0.00      5.39    12     33.58      0.00      5.55
 1492876536.18     0     35.51      0.00      5.51    12     33.70      0.00      5.59
 1492876536.28     0     35.45      0.00      5.42    12     33.66      0.00      5.57
 1492876536.38     0     35.40      0.00      5.35    12     33.68      0.00      5.57
 1492876536.48     0     35.47      0.00      5.37    12     33.69      0.00      5.55
 1492876536.58     0     35.48      0.00      5.37    12     33.63      0.00      5.60
 1492876536.68     0     35.35      0.00      5.32    12     33.48      0.00      5.58
 1492876536.78     0     35.44      0.00      5.38    12     33.73      0.00      5.58
 1492876536.88     0     35.33      0.00      5.34    12     33.66      0.00      5.58
 1492876536.98     0     35.39      0.00      5.26    12     33.58      0.00      5.56
 1492876537.08     0     35.42      0.00      5.38    12     33.60      0.00      5.59
 1492876537.18     0     35.42      0.00      5.42    12     33.64      0.00      5.56
 1492876537.28     0     35.41      0.00      5.50    12     33.57      0.00      5.55
 1492876537.38     0     35.49      0.00      5.32    12     33.63      0.00      5.56
 1492876537.48     0     35.41      0.00      5.34    12     33.62      0.00      5.58
 1492876537.58     0     35.45      0.00      5.40    12     33.59      0.00      5.60
 1492876537.68     0     35.45      0.00      5.32    12     33.61      0.00      5.55
 1492876537.78     0     35.43      0.00      5.39    12     33.61      0.00      5.56
 1492876537.88     0     35.33      0.00      5.29    12     33.58      0.00      5.52
 1492876537.98     0     35.45      0.00      5.37    12     33.67      0.00      5.54
 1492876538.08     0     35.51      0.00      5.31    12     33.78      0.00      5.57
 1492876538.18     0     35.47      0.00      5.37    12     33.68      0.00      5.58
 1492876538.28     0     35.40      0.00      5.48    12     33.67      0.00      5.57
 1492876538.38     0     35.41      0.00      5.43    12     33.64      0.00      5.60
 1492876538.48     0     35.44      0.00      5.40    12     33.71      0.00      5.63
 1492876538.58     0     35.47      0.00      5.36    12     33.76      0.00      5.59
 1492876538.68     0     35.35      0.00      5.34    12     33.58      0.00      5.56
 1492876538.78     0     35.47      0.00      5.30    12     33.61      0.00      5.56
 1492876538.88     0     35.13      0.00      5.29    12     33.21      0.00      5.47
 1492876538.98     0     35.28      0.00      5.31    12     33.47      0.00      5.57
 1492876539.08     0     35.46      0.00      5.34    12     33.82      0.00      5.59
 1492876539.18     0     35.40      0.00      5.32    12     33.68      0.00      5.56
 1492876539.28     0     35.39      0.00      5.34    12     33.59      0.00      5.57
 1492876539.38     0     35.40      0.00      5.49    12     33.68      0.00      5.57
 1492876539.48     0     35.47      0.00      5.35    12     33.75      0.00      5.57
 1492876539.58     0     35.37      0.00      5.32    12     33.71      0.00      5.58
 1492876539.68     0     35.50      0.00      5.35    12     33.76      0.00      5.51
 1492876539.78     0     35.44      0.00      5.41    12     33.63      0.00      5.59
 1492876539.88     0     35.44      0.00      5.35    12     33.68      0.00      5.56
 1492876539.98     0     35.43      0.00      5.39    12     33.67      0.00      5.58
 1492876540.08     0     35.36      0.00      5.37    12     33.69      0.00      5.55
 1492876540.18     0     35.46      0.00      5.30    12     33.66      0.00      5.55
 1492876540.28     0     35.43      0.00      5.35    12     33.56      0.00      5.53
 1492876540.38     0     35.43      0.00      5.39    12     33.64      0.00      5.59
 1492876540.48     0     35.42      0.00      5.48    12     33.73      0.00      5.65
 1492876540.58     0     35.39      0.00      5.34    12     33.63      0.00      5.52
 1492876540.68     0     35.44      0.00      5.39    12     33.75      0.00      5.61
 1492876540.78     0     35.47      0.00      5.22    12     33.71      0.00      5.50
 1492876540.88     0     35.37      0.00      5.29    12     33.68      0.00      5.52
 1492876540.98     0     35.45      0.00      5.38    12     33.64      0.00      5.56
 1492876541.08     0     35.45      0.00      5.32    12     33.72      0.00      5.54
 1492876541.18     0     35.42      0.00      5.34    12     33.74      0.00      5.57
 1492876541.28     0     35.44      0.00      5.37    12     33.68      0.00      5.48
 1492876541.38     0     35.48      0.00      5.30    12     33.69      0.00      5.43
 1492876541.48     0     35.34      0.00      5.45    12     33.55      0.00      5.57
 1492876541.58     0     35.50      0.00      5.49    12     33.69      0.00      5.63
 1492876541.68     0     35.36      0.00      5.38    12     33.59      0.00      5.59
 1492876541.78     0     35.45      0.00      5.30    12     33.63      0.00      5.56
 1492876541.88     0     35.38      0.00      5.29    12     33.71      0.00      5.57
 1492876541.98     0     35.46      0.00      5.36    12     33.64      0.00      5.56
 1492876542.08     0     35.49      0.00      5.32    12     33.79      0.00      5.54
 1492876542.18     0     35.47      0.00      5.35    12     33.72      0.00      5.56
 1492876542.28     0     35.38      0.00      5.31    12     33.73      0.00      5.51
 1492876542.38     0     35.46      0.00      5.38    12     33.75      0.00      5.57
 1492876542.48     0     35.39      0.00      5.33    12     33.96      0.00      5.56
 1492876542.58     0     35.51      0.00      5.52    12     33.76      0.00      5.70
 1492876542.68     0     35.48      0.00      5.35    12     33.73      0.00      5.51
 1492876542.78     0     35.70      0.00      5.35    12     33.21      0.00      5.55
 1492876542.88     0     35.47      0.00      5.28    12     33.98      0.00      5.62
 1492876542.99     0     35.36      0.00      5.31    12     33.02      0.00      5.42
 1492876543.09     0     35.12      0.00      5.30    12     33.65      0.00      5.57
 1492876543.19     0     35.42      0.00      5.29    12     33.62      0.00      5.56
 1492876543.29     0     35.84      0.00      5.41    12     33.52      0.00      5.51
 1492876543.39     0     35.54      0.00      5.31    12     34.01      0.00      5.53
 1492876543.49     0     35.46      0.00      5.34    12     33.64      0.00      5.58
 1492876543.59     0     35.49      0.00      5.40    12     33.69      0.00      5.59
 1492876543.69     0     35.47      0.00      5.53    12     33.70      0.00      5.58
 1492876543.79     0     35.43      0.00      5.37    12     33.65      0.00      5.59
 1492876543.89     0     35.52      0.00      5.39    12     33.77      0.00      5.56
 1492876543.99     0     35.35      0.00      5.31    12     33.60      0.00      5.56
 1492876544.09     0     35.44      0.00      5.31    12     33.68      0.00      5.51
 1492876544.19     0     35.39      0.00      5.35    12     33.72      0.00      5.60
 1492876544.29     0     35.52      0.00      5.31    12     33.76      0.00      5.52
 1492876544.39     0     35.47      0.00      5.29    12     33.69      0.00      5.50
 1492876544.49     0     35.46      0.00      5.31    12     33.72      0.00      5.48
 1492876544.59     0     35.48      0.00      5.33    12     33.68      0.00      5.54
 1492876544.69     0     35.49      0.00      5.57    12     33.73      0.00      5.62
 1492876544.79     0     35.42      0.00      5.55    12     33.67      0.00      5.59
 1492876544.89     0     35.52      0.00      5.39    12     33.78      0.00      5.56
 1492876544.99     0     35.49      0.00      5.40    12     33.67      0.00      5.58
 1492876545.09     0     35.52      0.00      5.40    12     33.79      0.00      5.58
 1492876545.19     0     35.47      0.00      5.46    12     33.70      0.00      5.57
 1492876545.29     0     35.41      0.00      5.38    12     33.66      0.00      5.57
 1492876545.39     0     33.91      0.00      4.68    12     30.66      0.00      5.09
 1492876545.49     0     24.27      0.00      4.11    12     22.98      0.00      4.38
 1492876545.59     0     14.03      0.00      1.68    12     14.27      0.00      2.31
 1492876545.69     0     18.25      0.00      3.12    12     18.64      0.00      3.56
