         #Time  Core     P_PKG     P_PP0    P_DRAM  Core     P_PKG     P_PP0    P_DRAM
 1494875730.39     0     31.12      0.00      8.69    12     32.39      0.00      8.91
 1494875730.49     0     61.28      0.00     13.82    12     61.42      0.00     13.95
 1494875730.59     0     59.27      0.00     12.46    12     62.52      0.00     13.73
 1494875730.69     0     59.11      0.00     13.18    12     63.17      0.00     14.15
 1494875730.79     0     60.10      0.00     12.29    12     60.98      0.00     12.96
 1494875730.89     0     44.04      0.00      9.46    12     44.20      0.00      9.83
 1494875730.99     0     59.34      0.00     12.07    12     55.67      0.00     12.43
 1494875731.09     0     61.41      0.00     12.23    12     62.93      0.00     13.42
 1494875731.19     0     60.56      0.00     13.82    12     62.37      0.00     14.68
 1494875731.29     0     56.18      0.00     11.91    12     60.66      0.00     13.01
 1494875731.39     0     59.24      0.00     13.16    12     60.98      0.00     14.01
 1494875731.49     0     58.88      0.00     12.40    12     58.37      0.00     12.56
 1494875731.59     0     59.94      0.00     13.50    12     62.69      0.00     13.91
 1494875731.69     0     61.26      0.00     13.75    12     61.63      0.00     14.58
 1494875731.79     0     57.94      0.00     12.27    12     60.44      0.00     12.67
 1494875731.90     0     59.98      0.00     13.44    12     62.60      0.00     14.19
 1494875732.00     0     57.49      0.00     13.31    12     60.01      0.00     14.22
 1494875732.10     0     54.83      0.00     10.87    12     52.56      0.00     11.44
 1494875732.20     0     58.74      0.00     12.49    12     60.89      0.00     14.23
 1494875732.30     0     61.12      0.00     13.55    12     63.70      0.00     14.18
 1494875732.40     0     57.16      0.00     12.15    12     60.52      0.00     12.71
 1494875732.50     0     59.14      0.00     13.20    12     60.40      0.00     14.25
 1494875732.60     0     58.07      0.00     12.59    12     60.93      0.00     12.98
 1494875732.70     0     61.59      0.00     13.87    12     61.74      0.00     14.15
 1494875732.80     0     56.69      0.00     11.75    12     57.80      0.00     12.85
 1494875732.90     0     59.26      0.00     13.01    12     60.71      0.00     13.74
 1494875733.00     0     61.60      0.00     13.99    12     62.00      0.00     14.22
 1494875733.10     0     55.15      0.00     11.21    12     55.25      0.00     11.96
 1494875733.20     0     60.72      0.00     11.54    12     59.36      0.00     12.73
 1494875733.30     0     57.91      0.00     13.45    12     58.65      0.00     14.36
 1494875733.40     0     58.69      0.00     13.36    12     62.12      0.00     13.79
 1494875733.50     0     57.31      0.00     12.01    12     60.30      0.00     13.16
 1494875733.60     0     56.80      0.00     12.08    12     57.70      0.00     13.15
 1494875733.70     0     60.77      0.00     13.85    12     62.74      0.00     13.84
 1494875733.80     0     60.75      0.00     13.75    12     62.57      0.00     14.72
 1494875733.90     0     57.40      0.00     12.10    12     58.30      0.00     12.79
 1494875734.00     0     61.25      0.00     13.39    12     63.75      0.00     14.68
 1494875734.11     0     61.90      0.00     13.48    12     61.80      0.00     14.48
 1494875734.21     0     50.17      0.00     10.94    12     53.62      0.00     11.31
 1494875734.31     0     61.68      0.00     13.17    12     61.73      0.00     13.40
 1494875734.41     0     59.01      0.00     13.88    12     61.52      0.00     14.57
 1494875734.51     0     58.85      0.00     12.93    12     61.36      0.00     13.87
 1494875734.61     0     57.33      0.00     12.84    12     59.48      0.00     13.70
 1494875734.71     0     57.96      0.00     12.22    12     59.84      0.00     12.41
 1494875734.81     0     62.00      0.00     14.05    12     62.25      0.00     14.11
 1494875734.91     0     61.69      0.00     14.03    12     60.76      0.00     14.30
 1494875735.01     0     56.98      0.00     11.77    12     59.86      0.00     12.87
 1494875735.11     0     59.72      0.00     12.93    12     62.33      0.00     14.33
 1494875735.21     0     58.18      0.00     12.41    12     58.34      0.00     13.43
 1494875735.31     0     61.03      0.00     11.48    12     61.06      0.00     12.43
 1494875735.41     0     58.68      0.00     13.55    12     59.90      0.00     14.43
 1494875735.51     0     61.03      0.00     13.79    12     62.65      0.00     13.83
 1494875735.61     0     56.02      0.00     11.99    12     59.72      0.00     12.99
 1494875735.71     0     58.77      0.00     12.12    12     57.24      0.00     12.77
 1494875735.81     0     60.47      0.00     13.64    12     62.85      0.00     13.88
 1494875735.91     0     59.53      0.00     13.66    12     61.94      0.00     14.60
 1494875736.01     0     59.77      0.00     12.19    12     59.00      0.00     13.30
 1494875736.11     0     60.63      0.00     13.50    12     62.77      0.00     14.60
 1494875736.21     0     60.59      0.00     14.01    12     62.60      0.00     14.46
 1494875736.31     0     55.87      0.00     10.36    12     54.35      0.00     11.74
 1494875736.41     0     62.80      0.00     12.94    12     62.15      0.00     13.49
 1494875736.51     0     60.26      0.00     13.30    12     60.28      0.00     13.77
 1494875736.61     0     58.33      0.00     12.86    12     61.61      0.00     13.56
 1494875736.71     0     59.26      0.00     12.77    12     59.89      0.00     13.49
 1494875736.81     0     57.06      0.00     12.00    12     59.69      0.00     12.36
 1494875736.92     0     61.70      0.00     13.71    12     61.71      0.00     13.89
 1494875737.02     0     59.86      0.00     13.64    12     61.41      0.00     14.55
 1494875737.12     0     58.85      0.00     12.43    12     61.86      0.00     12.95
 1494875737.22     0     59.10      0.00     12.85    12     61.06      0.00     14.37
 1494875737.32     0     58.60      0.00     12.91    12     58.96      0.00     13.95
 1494875737.42     0     56.62      0.00     11.06    12     52.63      0.00     11.41
 1494875737.52     0     56.71      0.00     12.68    12     59.86      0.00     13.65
 1494875737.62     0     59.88      0.00     13.64    12     63.80      0.00     14.34
 1494875737.72     0     57.36      0.00     12.03    12     60.03      0.00     12.95
 1494875737.82     0     59.32      0.00     12.66    12     60.54      0.00     14.04
 1494875737.92     0     59.87      0.00     13.02    12     60.78      0.00     12.71
 1494875738.02     0     60.03      0.00     13.20    12     61.27      0.00     14.09
 1494875738.12     0     56.95      0.00     12.60    12     62.75      0.00     14.16
 1494875738.22     0     59.00      0.00     12.64    12     60.07      0.00     13.45
 1494875738.32     0     60.12      0.00     13.42    12     61.73      0.00     14.33
 1494875738.42     0     60.05      0.00     11.82    12     57.78      0.00     12.75
 1494875738.52     0     61.32      0.00     11.10    12     60.07      0.00     12.58
 1494875738.62     0     56.14      0.00     13.22    12     57.50      0.00     14.37
 1494875738.72     0     59.79      0.00     13.37    12     63.08      0.00     13.88
 1494875738.83     0     57.82      0.00     12.29    12     60.40      0.00     13.22
 1494875738.93     0     58.76      0.00     11.81    12     58.08      0.00     12.82
 1494875739.03     0     60.09      0.00     13.50    12     62.89      0.00     14.22
 1494875739.13     0     60.18      0.00     13.86    12     62.17      0.00     14.47
 1494875739.23     0     57.35      0.00     11.96    12     59.53      0.00     12.97
 1494875739.33     0     59.14      0.00     13.34    12     61.74      0.00     14.48
 1494875739.43     0     61.52      0.00     12.78    12     61.10      0.00     14.48
 1494875739.53     0     55.73      0.00     10.52    12     55.99      0.00     11.77
 1494875739.63     0     61.28      0.00     12.96    12     62.70      0.00     13.73
 1494875739.73     0     58.39      0.00     13.25    12     60.15      0.00     14.34
 1494875739.83     0     57.98      0.00     12.11    12     60.29      0.00     13.71
 1494875739.93     0     58.52      0.00     12.64    12     59.55      0.00     13.69
 1494875740.03     0     57.72      0.00     11.84    12     58.90      0.00     12.40
 1494875740.13     0     59.95      0.00     13.58    12     62.36      0.00     14.23
 1494875740.23     0     59.52      0.00     13.06    12     62.75      0.00     14.43
 1494875740.33     0     57.88      0.00     11.63    12     59.78      0.00     12.78
 1494875740.43     0     60.61      0.00     13.42    12     62.05      0.00     14.49
 1494875740.53     0     60.42      0.00     13.05    12     60.21      0.00     14.19
 1494875740.63     0     57.85      0.00     10.21    12     54.21      0.00     11.29
 1494875740.73     0     58.27      0.00     12.45    12     60.04      0.00     13.76
 1494875740.83     0     60.46      0.00     13.01    12     62.08      0.00     14.42
 1494875740.93     0     59.02      0.00     11.84    12     60.90      0.00     13.12
 1494875741.03     0     59.37      0.00     12.99    12     60.04      0.00     13.55
 1494875741.13     0     57.39      0.00     11.59    12     60.21      0.00     12.32
 1494875741.23     0     61.75      0.00     13.40    12     61.94      0.00     14.49
 1494875741.34     0     58.67      0.00     13.54    12     61.14      0.00     14.17
 1494875741.44     0     58.01      0.00     11.97    12     59.11      0.00     12.75
 1494875741.54     0     60.01      0.00     12.81    12     61.01      0.00     13.99
 1494875741.64     0     59.55      0.00     12.54    12     60.87      0.00     13.77
 1494875741.74     0     49.87      0.00     10.96    12     55.34      0.00     11.87
 1494875741.84     0     60.48      0.00     13.25    12     61.62      0.00     13.70
 1494875741.94     0     59.67      0.00     12.85    12     59.82      0.00     14.30
 1494875742.04     0     57.96      0.00     12.48    12     60.23      0.00     13.26
 1494875742.14     0     59.74      0.00     12.61    12     59.92      0.00     12.96
 1494875742.24     0     57.04      0.00     11.60    12     58.91      0.00     11.92
 1494875742.34     0     58.63      0.00     13.92    12     62.57      0.00     14.34
 1494875742.44     0     61.82      0.00     12.93    12     62.02      0.00     14.30
 1494875742.54     0     58.36      0.00     11.91    12     58.35      0.00     12.97
 1494875742.64     0     62.88      0.00     13.49    12     62.70      0.00     14.70
 1494875742.74     0     58.68      0.00     13.57    12     61.34      0.00     14.72
 1494875742.84     0     60.08      0.00     11.19    12     59.07      0.00     11.78
 1494875742.94     0     57.69      0.00     12.70    12     59.28      0.00     14.37
 1494875743.04     0     61.47      0.00     13.34    12     62.16      0.00     14.17
 1494875743.14     0     56.80      0.00     11.67    12     59.27      0.00     12.24
 1494875743.25     0     59.76      0.00     12.30    12     59.99      0.00     13.77
 1494875743.35     0     59.44      0.00     13.42    12     62.33      0.00     13.78
 1494875743.45     0     61.91      0.00     13.88    12     61.82      0.00     14.25
 1494875743.55     0     59.14      0.00     12.56    12     58.47      0.00     14.08
 1494875743.65     0     58.42      0.00     12.38    12     60.67      0.00     13.09
 1494875743.75     0     60.45      0.00     13.32    12     61.79      0.00     14.43
 1494875743.85     0     61.95      0.00     12.45    12     58.61      0.00     12.78
 1494875743.95     0     57.99      0.00     11.59    12     62.59      0.00     13.07
 1494875744.05     0     58.94      0.00     12.78    12     58.59      0.00     14.26
 1494875744.15     0     58.12      0.00     12.81    12     61.95      0.00     13.30
 1494875744.25     0     57.60      0.00     12.60    12     59.09      0.00     12.72
 1494875744.35     0     56.36      0.00     12.15    12     60.34      0.00     13.36
 1494875744.45     0     59.98      0.00     13.10    12     61.43      0.00     14.61
 1494875744.55     0     61.15      0.00     13.26    12     61.35      0.00     14.37
 1494875744.65     0     56.72      0.00     11.42    12     57.71      0.00     12.84
 1494875744.75     0     60.88      0.00     13.54    12     63.22      0.00     14.44
 1494875744.85     0     59.43      0.00     13.44    12     62.70      0.00     14.12
 1494875744.95     0     57.81      0.00     11.27    12     61.68      0.00     11.97
 1494875745.05     0     61.92      0.00     12.85    12     60.13      0.00     13.56
 1494875745.15     0     61.12      0.00     13.22    12     61.88      0.00     13.73
 1494875745.25     0     59.71      0.00     12.92    12     62.57      0.00     13.69
 1494875745.35     0     59.48      0.00     13.00    12     60.68      0.00     13.22
 1494875745.46     0     57.26      0.00     12.05    12     61.69      0.00     13.05
 1494875745.56     0     59.85      0.00     13.29    12     62.47      0.00     14.40
 1494875745.66     0     62.77      0.00     13.81    12     61.61      0.00     14.65
 1494875745.76     0     59.10      0.00     12.09    12     59.36      0.00     12.72
 1494875745.86     0     59.35      0.00     13.28    12     61.22      0.00     14.37
 1494875745.96     0     55.74      0.00     12.25    12     60.81      0.00     13.42
 1494875746.06     0     61.84      0.00     12.08    12     63.52      0.00     12.70
 1494875746.16     0     60.23      0.00     12.97    12     59.43      0.00     14.59
 1494875746.26     0     59.92      0.00     13.73    12     62.07      0.00     13.55
 1494875746.36     0     57.51      0.00     11.89    12     61.08      0.00     13.51
 1494875746.46     0     57.33      0.00     11.97    12     59.12      0.00     12.40
 1494875746.56     0     61.27      0.00     13.60    12     63.45      0.00     14.54
 1494875746.66     0     60.95      0.00     12.67    12     61.03      0.00     14.39
 1494875746.76     0     56.87      0.00     11.98    12     60.19      0.00     13.42
 1494875746.86     0     61.79      0.00     13.84    12     63.23      0.00     14.87
 1494875746.96     0     61.15      0.00     13.79    12     63.19      0.00     14.40
 1494875747.06     0     57.58      0.00     10.25    12     56.92      0.00     11.54
 1494875747.16     0     59.60      0.00     12.53    12     61.22      0.00     13.84
 1494875747.26     0     59.79      0.00     13.12    12     61.08      0.00     13.97
 1494875747.36     0     59.59      0.00     12.76    12     62.43      0.00     13.41
 1494875747.46     0     58.32      0.00     12.72    12     60.13      0.00     13.68
 1494875747.57     0     58.98      0.00     12.44    12     60.93      0.00     12.63
 1494875747.67     0     61.48      0.00     12.99    12     60.92      0.00     14.23
 1494875747.77     0     59.25      0.00     13.15    12     62.60      0.00     14.57
 1494875747.87     0     60.63      0.00     12.21    12     60.36      0.00     13.04
 1494875747.97     0     59.20      0.00     12.72    12     61.24      0.00     13.99
 1494875748.07     0     57.50      0.00     13.19    12     62.00      0.00     13.35
 1494875748.17     0     62.19      0.00     11.96    12     64.73      0.00     13.01
 1494875748.27     0     60.73      0.00     13.46    12     58.37      0.00     13.94
 1494875748.37     0     59.70      0.00     13.68    12     62.99      0.00     13.63
 1494875748.47     0     56.87      0.00     11.86    12     60.46      0.00     13.02
 1494875748.57     0     55.80      0.00     11.78    12     58.28      0.00     13.03
 1494875748.67     0     62.02      0.00     13.88    12     63.89      0.00     14.48
 1494875748.77     0     61.01      0.00     13.21    12     61.52      0.00     14.65
 1494875748.87     0     59.13      0.00     12.73    12     59.86      0.00     12.98
 1494875748.97     0     60.24      0.00     13.49    12     62.33      0.00     14.19
 1494875749.07     0     60.74      0.00     13.69    12     62.57      0.00     14.14
 1494875749.17     0     57.53      0.00     11.85    12     60.39      0.00     12.61
 1494875749.27     0     61.79      0.00     12.77    12     62.04      0.00     13.40
 1494875749.37     0     59.36      0.00     13.19    12     61.56      0.00     13.74
 1494875749.47     0     59.55      0.00     12.79    12     62.14      0.00     13.14
 1494875749.57     0     57.67      0.00     12.51    12     59.48      0.00     13.44
 1494875749.68     0     58.37      0.00     12.51    12     61.05      0.00     13.30
 1494875749.78     0     61.66      0.00     12.94    12     61.58      0.00     14.20
 1494875749.88     0     57.84      0.00     12.80    12     60.67      0.00     14.67
 1494875749.98     0     59.90      0.00     12.71    12     60.75      0.00     13.27
 1494875750.08     0     59.52      0.00     13.15    12     61.04      0.00     14.45
 1494875750.18     0     59.98      0.00     13.20    12     62.14      0.00     13.60
 1494875750.28     0     60.78      0.00     11.81    12     64.05      0.00     12.97
 1494875750.38     0     61.60      0.00     13.19    12     58.81      0.00     13.94
 1494875750.48     0     59.91      0.00     13.39    12     62.39      0.00     13.85
 1494875750.58     0     55.76      0.00     11.08    12     59.10      0.00     12.31
 1494875750.68     0     58.08      0.00     11.96    12     58.98      0.00     12.42
 1494875750.78     0     61.06      0.00     13.46    12     63.81      0.00     14.39
 1494875750.88     0     60.62      0.00     13.30    12     61.46      0.00     14.30
 1494875750.98     0     57.94      0.00     12.28    12     58.39      0.00     13.27
 1494875751.08     0     60.06      0.00     13.67    12     62.48      0.00     14.62
 1494875751.18     0     61.52      0.00     13.66    12     63.17      0.00     14.18
 1494875751.28     0     62.76      0.00     11.76    12     63.61      0.00     12.35
 1494875751.38     0     59.45      0.00     12.54    12     59.97      0.00     13.47
 1494875751.48     0     59.58      0.00     12.97    12     61.48      0.00     14.03
 1494875751.58     0     59.79      0.00     12.96    12     62.05      0.00     13.56
 1494875751.68     0     58.25      0.00     12.83    12     60.51      0.00     13.88
 1494875751.78     0     59.32      0.00     12.63    12     61.36      0.00     12.89
 1494875751.88     0     62.09      0.00     13.13    12     61.23      0.00     14.34
 1494875751.99     0     59.23      0.00     13.41    12     61.70      0.00     14.51
 1494875752.09     0     61.04      0.00     12.56    12     60.65      0.00     13.16
 1494875752.19     0     58.83      0.00     12.76    12     61.52      0.00     14.32
 1494875752.29     0     59.63      0.00     13.29    12     63.06      0.00     14.40
 1494875752.39     0     51.72      0.00     11.14    12     54.15      0.00     11.76
 1494875752.49     0     59.19      0.00     12.45    12     59.03      0.00     13.40
 1494875752.59     0     59.80      0.00     13.52    12     60.06      0.00     13.94
 1494875752.69     0     57.75      0.00     12.71    12     60.60      0.00     13.21
 1494875752.79     0     58.44      0.00     12.47    12     59.95      0.00     13.45
 1494875752.89     0     59.90      0.00     12.21    12     61.55      0.00     12.70
 1494875752.99     0     60.43      0.00     13.38    12     62.14      0.00     14.63
 1494875753.09     0     59.85      0.00     12.66    12     61.18      0.00     14.46
 1494875753.19     0     57.72      0.00     12.70    12     60.33      0.00     12.60
 1494875753.29     0     60.81      0.00     13.67    12     62.67      0.00     14.11
 1494875753.39     0     63.24      0.00     13.64    12     62.94      0.00     14.45
 1494875753.49     0     58.14      0.00     11.23    12     60.67      0.00     12.18
 1494875753.59     0     61.12      0.00     13.16    12     60.83      0.00     13.72
 1494875753.69     0     59.91      0.00     13.64    12     62.55      0.00     13.06
 1494875753.79     0     58.43      0.00     12.07    12     59.65      0.00     12.95
 1494875753.90     0     59.16      0.00     13.61    12     62.16      0.00     14.13
 1494875754.00     0     58.74      0.00     12.26    12     60.53      0.00     13.32
 1494875754.10     0     60.68      0.00     12.91    12     61.09      0.00     14.54
 1494875754.20     0     61.12      0.00     13.56    12     62.17      0.00     14.62
 1494875754.30     0     58.30      0.00     12.44    12     61.56      0.00     12.66
 1494875754.40     0     59.80      0.00     13.01    12     61.68      0.00     14.54
 1494875754.50     0     58.10      0.00     11.96    12     59.05      0.00     12.94
 1494875754.60     0     62.29      0.00     12.31    12     62.69      0.00     13.10
 1494875754.70     0     57.66      0.00     13.33    12     59.98      0.00     14.33
 1494875754.80     0     57.74      0.00     12.60    12     61.43      0.00     13.36
 1494875754.90     0     58.95      0.00     13.19    12     60.47      0.00     13.63
 1494875755.00     0     59.48      0.00     12.67    12     62.50      0.00     13.19
 1494875755.10     0     59.73      0.00     13.54    12     60.64      0.00     13.94
 1494875755.20     0     62.00      0.00     13.73    12     61.78      0.00     14.18
 1494875755.30     0     55.03      0.00     12.05    12     59.07      0.00     12.68
 1494875755.40     0     61.03      0.00     13.83    12     62.60      0.00     13.91
 1494875755.50     0     60.84      0.00     13.88    12     63.48      0.00     14.20
 1494875755.60     0     61.07      0.00     11.41    12     59.88      0.00     12.19
 1494875755.70     0     58.60      0.00     12.73    12     60.53      0.00     13.79
 1494875755.80     0     59.80      0.00     13.57    12     62.28      0.00     13.05
 1494875755.90     0     57.20      0.00     12.08    12     60.28      0.00     13.15
 1494875756.00     0     61.46      0.00     13.85    12     62.50      0.00     14.46
 1494875756.10     0     58.76      0.00     12.92    12     61.13      0.00     13.08
 1494875756.20     0     61.32      0.00     13.30    12     61.50      0.00     14.22
 1494875756.31     0     60.65      0.00     13.93    12     62.32      0.00     14.37
 1494875756.41     0     59.66      0.00     12.72    12     61.02      0.00     12.76
 1494875756.51     0     60.73      0.00     12.76    12     61.93      0.00     14.21
 1494875756.61     0     60.43      0.00     12.53    12     59.81      0.00     12.69
 1494875756.71     0     62.87      0.00     12.21    12     63.10      0.00     13.41
 1494875756.81     0     57.64      0.00     13.24    12     59.75      0.00     13.99
 1494875756.91     0     58.37      0.00     12.82    12     61.77      0.00     13.34
 1494875757.01     0     58.61      0.00     12.90    12     60.33      0.00     13.57
 1494875757.11     0     60.70      0.00     12.84    12     61.54      0.00     13.13
 1494875757.21     0     59.67      0.00     13.49    12     61.38      0.00     14.81
 1494875757.31     0     61.80      0.00     13.43    12     61.29      0.00     14.25
 1494875757.41     0     55.24      0.00     12.32    12     61.08      0.00     12.89
 1494875757.51     0     61.66      0.00     13.48    12     63.43      0.00     14.47
 1494875757.61     0     63.12      0.00     13.76    12     62.03      0.00     14.22
 1494875757.71     0     59.40      0.00     11.98    12     62.04      0.00     12.53
 1494875757.81     0     57.79      0.00     12.86    12     58.23      0.00     13.86
 1494875757.91     0     59.86      0.00     13.52    12     62.30      0.00     13.93
 1494875758.01     0     56.32      0.00     11.49    12     59.79      0.00     12.71
 1494875758.12     0     60.76      0.00     13.99    12     63.73      0.00     14.36
 1494875758.22     0     61.24      0.00     12.61    12     60.09      0.00     13.05
 1494875758.32     0     59.88      0.00     13.58    12     61.35      0.00     14.62
 1494875758.42     0     59.83      0.00     13.61    12     59.98      0.00     14.32
 1494875758.52     0     58.93      0.00     12.60    12     61.35      0.00     12.58
 1494875758.62     0     60.47      0.00     12.88    12     61.46      0.00     14.46
 1494875758.72     0     58.30      0.00     12.59    12     59.88      0.00     12.81
 1494875758.82     0     61.43      0.00     12.48    12     62.68      0.00     13.42
 1494875758.92     0     59.63      0.00     13.83    12     60.37      0.00     14.18
 1494875759.02     0     58.31      0.00     12.71    12     61.57      0.00     13.34
 1494875759.12     0     60.54      0.00     12.69    12     60.43      0.00     13.43
 1494875759.22     0     58.19      0.00     12.96    12     62.34      0.00     13.08
 1494875759.32     0     60.41      0.00     13.73    12     60.71      0.00     14.51
 1494875759.42     0     61.41      0.00     13.59    12     62.01      0.00     14.73
 1494875759.52     0     57.69      0.00     11.90    12     59.68      0.00     12.92
 1494875759.62     0     62.95      0.00     14.00    12     63.02      0.00     13.80
 1494875759.72     0     59.61      0.00     13.65    12     62.65      0.00     14.50
 1494875759.82     0     60.57      0.00     10.70    12     58.82      0.00     11.47
 1494875759.92     0     57.63      0.00     12.97    12     60.27      0.00     14.09
 1494875760.02     0     59.82      0.00     13.27    12     61.94      0.00     13.31
 1494875760.12     0     58.07      0.00     11.58    12     60.92      0.00     13.00
 1494875760.22     0     60.98      0.00     13.73    12     63.38      0.00     14.38
 1494875760.32     0     57.61      0.00     11.71    12     59.16      0.00     12.64
 1494875760.42     0     60.46      0.00     13.32    12     61.34      0.00     14.80
 1494875760.52     0     60.74      0.00     13.81    12     62.94      0.00     14.83
 1494875760.62     0     57.58      0.00     11.63    12     58.44      0.00     12.50
 1494875760.73     0     61.60      0.00     12.64    12     62.42      0.00     14.60
 1494875760.83     0     57.70      0.00     12.06    12     58.53      0.00     12.74
 1494875760.93     0     61.72      0.00     12.12    12     62.65      0.00     13.18
 1494875761.03     0     58.11      0.00     13.34    12     59.15      0.00     14.39
 1494875761.13     0     59.26      0.00     13.17    12     62.05      0.00     13.31
 1494875761.23     0     59.47      0.00     12.42    12     60.50      0.00     12.95
 1494875761.33     0     58.75      0.00     12.32    12     59.58      0.00     12.21
 1494875761.43     0     60.05      0.00     13.50    12     62.05      0.00     14.60
 1494875761.53     0     61.62      0.00     14.05    12     60.59      0.00     14.42
 1494875761.63     0     58.08      0.00     12.07    12     61.54      0.00     13.02
 1494875761.73     0     60.03      0.00     13.10    12     62.58      0.00     14.19
 1494875761.83     0     60.95      0.00     13.49    12     62.20      0.00     14.83
 1494875761.93     0     58.27      0.00     10.30    12     55.20      0.00     11.26
 1494875762.03     0     59.34      0.00     12.83    12     61.93      0.00     13.92
 1494875762.13     0     59.85      0.00     13.33    12     62.42      0.00     13.78
 1494875762.23     0     59.52      0.00     12.54    12     61.05      0.00     13.21
 1494875762.33     0     60.36      0.00     12.91    12     61.01      0.00     13.50
 1494875762.43     0     59.26      0.00     11.80    12     60.85      0.00     12.74
 1494875762.53     0     59.79      0.00     13.44    12     60.16      0.00     14.13
 1494875762.63     0     60.25      0.00     13.64    12     61.68      0.00     14.79
 1494875762.73     0     59.15      0.00     12.52    12     60.10      0.00     12.60
 1494875762.84     0     59.66      0.00     13.70    12     62.46      0.00     14.03
 1494875762.94     0     62.95      0.00     13.86    12     62.47      0.00     14.26
 1494875763.04     0     49.07      0.00     11.18    12     52.45      0.00     11.93
 1494875763.14     0     60.21      0.00     13.23    12     60.68      0.00     13.91
 1494875763.24     0     58.64      0.00     13.16    12     60.59      0.00     13.38
 1494875763.34     0     57.48      0.00     12.50    12     60.48      0.00     13.14
 1494875763.44     0     59.85      0.00     13.01    12     59.69      0.00     13.17
 1494875763.54     0     59.88      0.00     12.04    12     59.67      0.00     13.22
 1494875763.64     0     59.80      0.00     13.78    12     61.76      0.00     14.38
 1494875763.74     0     60.03      0.00     13.55    12     62.29      0.00     14.10
 1494875763.84     0     58.97      0.00     12.39    12     61.47      0.00     12.88
 1494875763.94     0     60.19      0.00     13.47    12     61.32      0.00     14.38
 1494875764.04     0     63.45      0.00     13.87    12     61.08      0.00     14.00
 1494875764.14     0     61.50      0.00     11.81    12     62.20      0.00     12.13
 1494875764.24     0     57.49      0.00     12.90    12     58.43      0.00     13.47
 1494875764.34     0     61.79      0.00     13.58    12     63.15      0.00     13.71
 1494875764.44     0     56.51      0.00     11.48    12     59.38      0.00     13.05
 1494875764.54     0     59.40      0.00     12.76    12     60.68      0.00     13.56
 1494875764.64     0     60.18      0.00     13.32    12     61.10      0.00     13.88
 1494875764.74     0     61.21      0.00     14.29    12     61.91      0.00     14.44
 1494875764.84     0     59.12      0.00     12.53    12     61.06      0.00     13.26
 1494875764.94     0     61.66      0.00     13.46    12     62.65      0.00     13.81
 1494875765.04     0     61.04      0.00     13.59    12     61.46      0.00     14.41
 1494875765.14     0     56.54      0.00     11.48    12     56.84      0.00     12.13
 1494875765.25     0     62.13      0.00     12.52    12     62.51      0.00     13.55
 1494875765.35     0     58.80      0.00     12.87    12     59.93      0.00     13.37
 1494875765.45     0     56.90      0.00     11.99    12     59.63      0.00     12.98
 1494875765.55     0     59.98      0.00     12.68    12     61.63      0.00     13.67
 1494875765.65     0     57.16      0.00     12.46    12     59.53      0.00     13.06
 1494875765.75     0     59.49      0.00     13.59    12     60.71      0.00     14.56
 1494875765.85     0     60.85      0.00     13.33    12     62.00      0.00     14.35
 1494875765.95     0     59.10      0.00     12.44    12     61.97      0.00     12.90
 1494875766.05     0     60.94      0.00     13.24    12     62.28      0.00     14.36
 1494875766.15     0     61.09      0.00     14.13    12     61.18      0.00     14.35
 1494875766.25     0     60.36      0.00     10.52    12     56.49      0.00     11.55
 1494875766.35     0     60.57      0.00     12.89    12     61.61      0.00     13.53
 1494875766.45     0     60.10      0.00     13.11    12     62.02      0.00     13.61
 1494875766.55     0     58.23      0.00     12.52    12     60.83      0.00     13.27
 1494875766.65     0     59.60      0.00     13.00    12     61.25      0.00     13.84
 1494875766.75     0     58.01      0.00     12.56    12     59.30      0.00     13.09
 1494875766.85     0     60.65      0.00     13.38    12     60.98      0.00     14.19
 1494875766.95     0     59.10      0.00     13.48    12     63.04      0.00     14.54
 1494875767.05     0     58.46      0.00     11.23    12     59.73      0.00     12.36
 1494875767.15     0     59.02      0.00     12.60    12     61.03      0.00     14.10
 1494875767.25     0     57.99      0.00     12.32    12     59.00      0.00     13.49
 1494875767.36     0     61.60      0.00     11.31    12     60.90      0.00     12.26
 1494875767.46     0     60.02      0.00     13.45    12     60.04      0.00     13.41
 1494875767.56     0     60.17      0.00     13.47    12     62.85      0.00     14.19
 1494875767.66     0     57.26      0.00     12.42    12     60.40      0.00     12.98
 1494875767.76     0     57.55      0.00     12.52    12     59.16      0.00     13.24
 1494875767.86     0     61.49      0.00     13.87    12     62.81      0.00     14.67
 1494875767.96     0     61.72      0.00     13.32    12     61.59      0.00     14.16
 1494875768.06     0     55.60      0.00     12.32    12     60.06      0.00     13.10
 1494875768.16     0     61.68      0.00     13.46    12     63.00      0.00     14.28
 1494875768.26     0     62.34      0.00     13.75    12     61.95      0.00     14.58
 1494875768.36     0     50.70      0.00     10.79    12     53.74      0.00     11.72
 1494875768.46     0     61.92      0.00     12.77    12     62.09      0.00     13.06
 1494875768.56     0     60.37      0.00     13.30    12     61.92      0.00     14.00
 1494875768.66     0     58.98      0.00     13.24    12     61.60      0.00     13.57
 1494875768.76     0     58.39      0.00     12.58    12     59.71      0.00     13.22
 1494875768.86     0     59.07      0.00     12.85    12     58.55      0.00     12.88
 1494875768.96     0     62.20      0.00     13.57    12     62.26      0.00     14.87
 1494875769.06     0     60.08      0.00     13.47    12     62.84      0.00     14.57
 1494875769.16     0     60.55      0.00     12.43    12     60.38      0.00     12.63
 1494875769.26     0     59.39      0.00     13.19    12     62.02      0.00     14.39
 1494875769.36     0     59.54      0.00     12.55    12     59.24      0.00     13.81
 1494875769.46     0     60.90      0.00     11.17    12     57.91      0.00     12.01
 1494875769.56     0     60.25      0.00     13.14    12     60.83      0.00     13.29
 1494875769.66     0     61.04      0.00     13.42    12     62.84      0.00     14.16
 1494875769.77     0     56.78      0.00     11.78    12     59.97      0.00     12.45
 1494875769.87     0     57.46      0.00     12.98    12     60.35      0.00     12.94
 1494875769.97     0     59.89      0.00     12.89    12     60.46      0.00     13.55
 1494875770.07     0     61.67      0.00     13.63    12     61.37      0.00     14.51
 1494875770.17     0     59.56      0.00     12.41    12     62.18      0.00     13.15
 1494875770.27     0     60.00      0.00     13.05    12     62.09      0.00     14.55
 1494875770.37     0     59.53      0.00     13.50    12     61.95      0.00     14.22
 1494875770.47     0     56.89      0.00     11.38    12     55.38      0.00     11.93
 1494875770.57     0     60.19      0.00     11.37    12     60.36      0.00     12.57
 1494875770.67     0     60.88      0.00     13.21    12     59.61      0.00     13.39
 1494875770.77     0     58.09      0.00     12.80    12     61.44      0.00     14.09
 1494875770.87     0     58.33      0.00     12.63    12     60.25      0.00     13.57
 1494875770.97     0     57.04      0.00     10.90    12     56.88      0.00     12.00
 1494875771.07     0     60.89      0.00     13.38    12     62.72      0.00     14.24
 1494875771.17     0     62.26      0.00     13.79    12     62.52      0.00     14.56
 1494875771.27     0     53.64      0.00     11.08    12     56.80      0.00     11.68
 1494875771.37     0     59.98      0.00     13.13    12     63.18      0.00     14.43
 1494875771.47     0     62.00      0.00     13.40    12     61.39      0.00     14.18
 1494875771.57     0     53.88      0.00     11.23    12     55.14      0.00     12.05
 1494875771.67     0     61.77      0.00     12.58    12     63.21      0.00     13.34
 1494875771.77     0     59.12      0.00     13.72    12     60.65      0.00     13.59
 1494875771.87     0     59.10      0.00     12.70    12     61.48      0.00     13.92
 1494875771.98     0     58.90      0.00     12.95    12     59.93      0.00     13.55
 1494875772.08     0     56.90      0.00     12.15    12     59.77      0.00     12.52
 1494875772.18     0     60.28      0.00     13.64    12     61.29      0.00     14.56
 1494875772.28     0     62.56      0.00     13.73    12     63.75      0.00     14.55
 1494875772.38     0     58.59      0.00     11.99    12     58.57      0.00     12.62
 1494875772.48     0     60.90      0.00     13.90    12     62.50      0.00     14.39
 1494875772.58     0     57.97      0.00     12.12    12     58.67      0.00     13.26
 1494875772.68     0     61.38      0.00     11.21    12     58.40      0.00     11.69
 1494875772.78     0     59.78      0.00     13.39    12     61.91      0.00     14.22
 1494875772.88     0     60.07      0.00     13.47    12     62.70      0.00     13.88
 1494875772.98     0     57.17      0.00     11.88    12     59.22      0.00     13.11
 1494875773.08     0     58.61      0.00     12.16    12     58.78      0.00     13.35
 1494875773.18     0     61.09      0.00     13.65    12     61.39      0.00     14.11
 1494875773.28     0     60.39      0.00     13.58    12     63.24      0.00     14.66
 1494875773.38     0     57.07      0.00     11.43    12     60.01      0.00     12.34
 1494875773.48     0     61.02      0.00     13.20    12     61.62      0.00     14.34
 1494875773.59     0     60.64      0.00     12.88    12     61.37      0.00     14.22
 1494875773.69     0     61.38      0.00     13.55    12     61.58      0.00     13.89
 1494875773.79     0     55.71      0.00     10.69    12     54.55      0.00     11.12
 1494875773.89     0     58.57      0.00     13.23    12     61.01      0.00     14.09
 1494875773.99     0     61.26      0.00     13.74    12     62.48      0.00     14.23
 1494875774.09     0     56.78      0.00     11.59    12     59.40      0.00     13.18
 1494875774.19     0     59.54      0.00     12.69    12     60.86      0.00     13.95
 1494875774.29     0     58.55      0.00     12.79    12     60.95      0.00     13.15
 1494875774.39     0     59.00      0.00     13.33    12     60.41      0.00     13.95
 1494875774.49     0     58.66      0.00     13.07    12     63.22      0.00     14.54
 1494875774.59     0     58.93      0.00     12.52    12     59.81      0.00     13.26
 1494875774.69     0     62.01      0.00     13.96    12     61.31      0.00     14.51
 1494875774.79     0     56.65      0.00     11.19    12     56.79      0.00     11.05
 1494875774.89     0     58.65      0.00     12.13    12     61.04      0.00     12.68
 1494875774.99     0     57.20      0.00     13.47    12     57.87      0.00     13.97
 1494875775.09     0     61.47      0.00     13.98    12     62.45      0.00     14.38
 1494875775.19     0     57.08      0.00     11.28    12     59.89      0.00     13.40
 1494875775.29     0     59.71      0.00     12.17    12     60.57      0.00     13.13
 1494875775.39     0     61.02      0.00     14.05    12     61.88      0.00     14.46
 1494875775.49     0     61.07      0.00     14.30    12     62.65      0.00     14.42
 1494875775.59     0     57.20      0.00     11.21    12     58.00      0.00     11.86
 1494875775.69     0     60.02      0.00     13.24    12     61.37      0.00     14.21
 1494875775.79     0     64.04      0.00     13.54    12     63.03      0.00     14.06
 1494875775.89     0     54.88      0.00     11.24    12     55.75      0.00     11.57
 1494875775.99     0     60.78      0.00     13.26    12     62.30      0.00     13.77
 1494875776.10     0     59.07      0.00     13.90    12     61.41      0.00     14.11
 1494875776.20     0     58.87      0.00     12.38    12     61.02      0.00     13.61
 1494875776.30     0     58.70      0.00     12.51    12     60.10      0.00     13.64
 1494875776.40     0     60.42      0.00     12.63    12     61.82      0.00     13.11
 1494875776.50     0     59.85      0.00     13.86    12     62.00      0.00     14.32
 1494875776.60     0     59.82      0.00     13.34    12     61.70      0.00     14.60
 1494875776.70     0     59.95      0.00     12.02    12     58.72      0.00     12.74
 1494875776.80     0     60.35      0.00     13.43    12     62.80      0.00     14.58
 1494875776.90     0     61.01      0.00     11.92    12     57.90      0.00     11.64
 1494875777.00     0     60.59      0.00     11.04    12     55.85      0.00     12.07
 1494875777.10     0     56.63      0.00     13.14    12     58.59      0.00     13.48
 1494875777.20     0     61.69      0.00     13.79    12     63.14      0.00     14.30
 1494875777.30     0     58.33      0.00     11.67    12     59.86      0.00     13.02
 1494875777.40     0     57.98      0.00     12.58    12     61.28      0.00     13.37
 1494875777.50     0     60.50      0.00     13.55    12     61.63      0.00     13.82
 1494875777.60     0     61.73      0.00     13.92    12     62.75      0.00     14.67
 1494875777.70     0     58.64      0.00     12.15    12     59.32      0.00     13.38
 1494875777.80     0     60.64      0.00     12.09    12     61.69      0.00     13.72
 1494875777.90     0     62.96      0.00     13.93    12     62.89      0.00     14.06
 1494875778.01     0     59.70      0.00     11.55    12     57.88      0.00     12.00
 1494875778.11     0     60.66      0.00     12.18    12     62.69      0.00     13.29
 1494875778.21     0     59.44      0.00     13.23    12     59.57      0.00     14.12
 1494875778.31     0     57.92      0.00     12.54    12     61.32      0.00     14.00
 1494875778.41     0     59.12      0.00     13.02    12     60.50      0.00     13.41
 1494875778.51     0     56.68      0.00     11.98    12     59.89      0.00     12.75
 1494875778.61     0     61.41      0.00     13.72    12     61.26      0.00     13.89
 1494875778.71     0     61.97      0.00     12.83    12     62.14      0.00     14.43
 1494875778.81     0     57.50      0.00     11.87    12     58.46      0.00     12.86
 1494875778.91     0     61.69      0.00     13.85    12     63.35      0.00     13.66
 1494875779.01     0     62.60      0.00     14.02    12     62.13      0.00     13.77
 1494875779.11     0     53.59      0.00     10.61    12     56.65      0.00     10.75
 1494875779.21     0     60.17      0.00     12.87    12     60.66      0.00     14.29
 1494875779.31     0     60.44      0.00     13.34    12     61.61      0.00     13.77
 1494875779.41     0     59.11      0.00     12.52    12     61.21      0.00     13.69
 1494875779.51     0     60.01      0.00     13.19    12     61.05      0.00     14.03
 1494875779.61     0     56.41      0.00     12.15    12     60.38      0.00     12.90
 1494875779.71     0     60.58      0.00     13.93    12     62.14      0.00     14.77
 1494875779.81     0     62.48      0.00     13.54    12     61.17      0.00     14.79
 1494875779.91     0     56.59      0.00     11.26    12     59.29      0.00     11.86
 1494875780.01     0     60.20      0.00     13.60    12     62.46      0.00     14.16
 1494875780.11     0     60.20      0.00     12.00    12     58.68      0.00     12.05
 1494875780.21     0     61.59      0.00     11.30    12     59.57      0.00     12.55
 1494875780.31     0     60.42      0.00     13.04    12     58.64      0.00     14.56
 1494875780.41     0     60.23      0.00     13.54    12     62.61      0.00     14.12
 1494875780.51     0     54.71      0.00     10.72    12     58.73      0.00     12.04
 1494875780.62     0     57.38      0.00     12.40    12     58.78      0.00     13.06
 1494875780.72     0     59.80      0.00     13.57    12     62.72      0.00     13.80
 1494875780.82     0     60.37      0.00     13.77    12     61.84      0.00     14.21
 1494875780.92     0     59.34      0.00     11.94    12     58.42      0.00     12.85
 1494875781.02     0     62.32      0.00     13.85    12     63.02      0.00     13.46
 1494875781.12     0     61.17      0.00     13.76    12     62.95      0.00     14.06
 1494875781.22     0     54.33      0.00     10.34    12     55.68      0.00     10.87
 1494875781.32     0     60.47      0.00     12.36    12     60.39      0.00     13.42
 1494875781.42     0     58.97      0.00     12.46    12     58.74      0.00     13.69
 1494875781.52     0     58.41      0.00     13.23    12     61.91      0.00     14.26
 1494875781.62     0     57.59      0.00     12.56    12     59.91      0.00     12.96
 1494875781.72     0     58.30      0.00     12.11    12     61.34      0.00     12.86
 1494875781.82     0     61.53      0.00     13.91    12     61.77      0.00     14.53
 1494875781.92     0     60.36      0.00     13.90    12     62.79      0.00     14.82
 1494875782.02     0     56.36      0.00     11.03    12     57.35      0.00     10.97
 1494875782.12     0     61.00      0.00     13.25    12     62.71      0.00     13.95
 1494875782.22     0     60.35      0.00     13.86    12     62.73      0.00     14.16
 1494875782.32     0     56.38      0.00     11.18    12     56.72      0.00     11.98
 1494875782.42     0     60.87      0.00     12.74    12     61.00      0.00     14.05
 1494875782.52     0     59.56      0.00     13.34    12     60.98      0.00     13.91
 1494875782.63     0     57.71      0.00     12.20    12     61.76      0.00     13.98
 1494875782.73     0     58.73      0.00     12.67    12     59.83      0.00     13.36
 1494875782.83     0     59.11      0.00     12.65    12     60.04      0.00     13.31
 1494875782.93     0     57.90      0.00     12.83    12     61.07      0.00     13.99
 1494875783.03     0     61.58      0.00     13.56    12     62.06      0.00     14.60
 1494875783.13     0     60.49      0.00     12.38    12     60.77      0.00     12.50
 1494875783.23     0     61.17      0.00     13.79    12     62.58      0.00     14.15
 1494875783.33     0     58.78      0.00     12.02    12     58.78      0.00     13.08
 1494875783.43     0     61.90      0.00     11.38    12     60.93      0.00     12.56
 1494875783.53     0     57.43      0.00     13.27    12     59.87      0.00     14.37
 1494875783.63     0     60.55      0.00     13.68    12     62.44      0.00     13.93
 1494875783.73     0     55.42      0.00     12.00    12     60.63      0.00     12.94
 1494875783.83     0     60.02      0.00     11.63    12     59.62      0.00     12.73
 1494875783.93     0     60.92      0.00     13.46    12     62.82      0.00     14.93
 1494875784.03     0     62.75      0.00     13.20    12     61.14      0.00     14.66
 1494875784.13     0     57.04      0.00     11.66    12     59.62      0.00     12.41
 1494875784.23     0     61.88      0.00     13.74    12     62.75      0.00     14.11
 1494875784.33     0     61.84      0.00     13.40    12     62.57      0.00     14.44
 1494875784.43     0     57.73      0.00     12.01    12     59.10      0.00     13.13
 1494875784.54     0     57.47      0.00     11.19    12     56.94      0.00     12.37
 1494875784.64     0     58.23      0.00     13.37    12     58.57      0.00     14.22
 1494875784.74     0     61.69      0.00     13.83    12     63.53      0.00     14.02
 1494875784.84     0     55.92      0.00     11.38    12     59.03      0.00     11.75
 1494875784.94     0     59.21      0.00     12.27    12     61.14      0.00     13.85
 1494875785.04     0     60.56      0.00     12.91    12     60.90      0.00     13.82
 1494875785.14     0     59.90      0.00     13.26    12     61.71      0.00     14.03
 1494875785.24     0     58.92      0.00     12.54    12     61.56      0.00     13.12
 1494875785.34     0     60.43      0.00     13.65    12     61.04      0.00     14.07
 1494875785.44     0     63.35      0.00     13.52    12     61.56      0.00     14.49
 1494875785.54     0     58.39      0.00     11.90    12     57.59      0.00     12.16
 1494875785.64     0     60.61      0.00     11.95    12     62.68      0.00     12.89
 1494875785.74     0     58.39      0.00     12.93    12     58.96      0.00     13.87
 1494875785.84     0     57.57      0.00     12.55    12     60.77      0.00     13.71
 1494875785.94     0     59.92      0.00     12.89    12     61.31      0.00     13.39
 1494875786.04     0     61.01      0.00     12.08    12     59.78      0.00     13.24
 1494875786.14     0     61.07      0.00     13.94    12     62.08      0.00     14.16
 1494875786.24     0     62.72      0.00     13.73    12     62.71      0.00     13.64
 1494875786.34     0     56.09      0.00     11.13    12     59.25      0.00     11.99
 1494875786.44     0     60.81      0.00     13.60    12     61.60      0.00     14.03
 1494875786.54     0     60.76      0.00     13.34    12     60.83      0.00     13.65
 1494875786.64     0     53.98      0.00     11.17    12     55.45      0.00     12.16
 1494875786.74     0     59.44      0.00     13.12    12     60.34      0.00     13.52
 1494875786.85     0     60.20      0.00     13.42    12     62.51      0.00     14.27
 1494875786.95     0     59.63      0.00     12.49    12     60.96      0.00     13.10
 1494875787.05     0     60.38      0.00     13.36    12     60.83      0.00     13.99
 1494875787.15     0     59.52      0.00     12.64    12-2602611.28      0.00     13.08
 1494875787.25     0     59.03      0.00     13.20    12     61.38      0.00     14.06
 1494875787.35     0     61.19      0.00     13.40    12     61.88      0.00     13.67
 1494875787.45     0     59.05      0.00     11.37    12     60.37      0.00     12.72
 1494875787.55     0     61.06      0.00     13.59    12     61.83      0.00     14.54
 1494875787.65     0     56.84      0.00     12.35    12     58.12      0.00     12.59
 1494875787.75     0     60.23      0.00     12.26    12     61.40      0.00     13.00
 1494875787.85     0     59.30      0.00     13.35    12     59.57      0.00     14.09
 1494875787.95     0     59.72      0.00     13.35    12     61.96      0.00     13.96
 1494875788.05     0     60.12      0.00     11.64    12     60.18      0.00     13.37
 1494875788.15     0     57.31      0.00     12.55    12     59.95      0.00     13.10
 1494875788.25     0     61.34      0.00     13.97    12     61.96      0.00     14.37
 1494875788.35     0     61.20      0.00     13.63    12     63.03      0.00     13.38
 1494875788.45     0     58.50      0.00     11.77    12     60.08      0.00     11.60
 1494875788.55     0     60.41      0.00     13.05    12     61.22      0.00     14.32
 1494875788.65     0     61.91      0.00     13.70    12     61.65      0.00     14.45
 1494875788.76     0     55.53      0.00     10.43    12     53.41      0.00     11.74
 1494875788.86     0     60.39      0.00     12.37    12     61.66      0.00     13.69
 1494875788.96     0     61.54      0.00     13.52    12     61.92      0.00     13.94
 1494875789.06     0     58.81      0.00     12.56    12     61.82      0.00     13.86
 1494875789.16     0     59.17      0.00     12.56    12     59.14      0.00     13.27
 1494875789.26     0     59.13      0.00     12.27    12     58.92      0.00     12.51
 1494875789.36     0     60.85      0.00     13.64    12     62.79      0.00     13.84
 1494875789.46     0     59.16      0.00     13.84    12     61.76      0.00     14.07
 1494875789.56     0     57.89      0.00     11.39    12     58.92      0.00     12.30
 1494875789.66     0     60.56      0.00     13.08    12     61.71      0.00     14.41
 1494875789.76     0     58.15      0.00     12.76    12     60.10      0.00     13.40
 1494875789.86     0     59.28      0.00     11.25    12     59.84      0.00     12.06
 1494875789.96     0     56.83      0.00     13.27    12     58.79      0.00     13.97
 1494875790.06     0     60.77      0.00     13.38    12     63.27      0.00     14.27
 1494875790.16     0     58.33      0.00     11.93    12     60.07      0.00     13.25
 1494875790.26     0     57.43      0.00     12.05    12     58.50      0.00     13.20
 1494875790.36     0     58.62      0.00     13.24    12     61.49      0.00     14.10
 1494875790.46     0     61.36      0.00     13.99    12     61.90      0.00     14.05
 1494875790.56     0     58.24      0.00     11.90    12     57.33      0.00     12.70
 1494875790.66     0     60.39      0.00     13.85    12     63.01      0.00     14.86
 1494875790.76     0     59.64      0.00     13.42    12     61.57      0.00     14.51
 1494875790.86     0     59.30      0.00     11.71    12     56.29      0.00     12.31
 1494875790.96     0     58.61      0.00     11.42    12     60.35      0.00     13.13
 1494875791.06     0     60.48      0.00     12.99    12     59.12      0.00     14.00
 1494875791.16     0     57.71      0.00     12.63    12     61.27      0.00     13.94
 1494875791.26     0     57.86      0.00     12.48    12     60.01      0.00     13.43
 1494875791.36     0     56.38      0.00     12.49    12     57.69      0.00     13.01
 1494875791.46     0     59.42      0.00     13.82    12     62.22      0.00     14.35
 1494875791.57     0     61.25      0.00     13.63    12     62.62      0.00     14.38
 1494875791.67     0     57.31      0.00     11.70    12     56.79      0.00     12.70
 1494875791.77     0     61.13      0.00     13.07    12     63.31      0.00     14.49
 1494875791.87     0     58.98      0.00     13.55    12     61.64      0.00     14.27
 1494875791.97     0     52.19      0.00     10.39    12     52.56      0.00     11.46
 1494875792.07     0     61.21      0.00     12.59    12     60.34      0.00     13.51
 1494875792.17     0     59.11      0.00     13.57    12     60.31      0.00     14.46
 1494875792.27     0     59.27      0.00     13.02    12     61.84      0.00     13.90
 1494875792.37     0     57.25      0.00     12.59    12     59.30      0.00     13.35
 1494875792.47     0     57.69      0.00     12.37    12     59.44      0.00     13.18
 1494875792.57     0     60.46      0.00     14.14    12     62.10      0.00     14.36
 1494875792.67     0     59.18      0.00     13.51    12     60.44      0.00     14.17
 1494875792.77     0     58.19      0.00     12.08    12     59.35      0.00     12.20
 1494875792.87     0     59.27      0.00     13.35    12     61.33      0.00     14.30
 1494875792.97     0     58.33      0.00     12.98    12     60.27      0.00     14.15
 1494875793.07     0     58.04      0.00     11.15    12     55.62      0.00     11.52
 1494875793.17     0     60.48      0.00     13.06    12     61.98      0.00     14.15
 1494875793.27     0     60.83      0.00     13.29    12     63.11      0.00     14.33
 1494875793.37     0     57.22      0.00     11.53    12     59.37      0.00     12.38
 1494875793.47     0     58.64      0.00     12.81    12     58.63      0.00     13.74
 1494875793.57     0     58.61      0.00     12.98    12     61.08      0.00     13.73
 1494875793.67     0     59.42      0.00     13.54    12     62.35      0.00     14.18
 1494875793.77     0     59.50      0.00     12.45    12     58.52      0.00     13.26
 1494875793.87     0     59.45      0.00     13.25    12     61.59      0.00     14.01
 1494875793.98     0     61.64      0.00     13.48    12     62.66      0.00     14.61
 1494875794.08     0     56.08      0.00     11.11    12     55.18      0.00     11.62
 1494875794.18     0     60.12      0.00     11.78    12     60.06      0.00     12.87
 1494875794.28     0     57.87      0.00     13.64    12     58.89      0.00     14.31
 1494875794.38     0     58.31      0.00     13.14    12     61.78      0.00     14.05
 1494875794.48     0     59.84      0.00     12.89    12     60.50      0.00     13.19
 1494875794.58     0     54.28      0.00     11.10    12     56.90      0.00     12.59
 1494875794.68     0     60.94      0.00     13.92    12     62.64      0.00     14.58
 1494875794.78     0     61.99      0.00     13.79    12     62.67      0.00     14.16
 1494875794.88     0     55.38      0.00     11.52    12     56.92      0.00     12.29
 1494875794.98     0     60.01      0.00     13.35    12     63.11      0.00     14.13
 1494875795.08     0     60.86      0.00     13.53    12     61.50      0.00     14.62
 1494875795.18     0     55.24      0.00     11.81    12     57.56      0.00     13.18
 1494875795.28     0     54.03      0.00     11.74    12     57.20      0.00     12.35
 1494875795.38     0     57.41      0.00     13.39    12     58.39      0.00     13.76
 1494875795.48     0     59.62      0.00     13.41    12     63.35      0.00     14.40
 1494875795.58     0     56.73      0.00     12.20    12     60.02      0.00     12.92
 1494875795.68     0     56.61      0.00     11.82    12     58.12      0.00     12.91
 1494875795.78     0     62.01      0.00     13.57    12     64.25      0.00     14.61
 1494875795.88     0     59.61      0.00     13.93    12     62.45      0.00     14.22
 1494875795.99     0     56.81      0.00     11.50    12     56.47      0.00     12.28
 1494875796.09     0     59.54      0.00     13.12    12     61.87      0.00     13.86
 1494875796.19     0     61.98      0.00     13.85    12     62.98      0.00     14.73
 1494875796.29     0     58.60      0.00     11.46    12     54.60      0.00     11.83
 1494875796.39     0     58.48      0.00     12.14    12     61.42      0.00     13.40
 1494875796.49     0     58.88      0.00     12.88    12     58.28      0.00     14.16
 1494875796.59     0     58.31      0.00     13.14    12     61.88      0.00     14.09
 1494875796.69     0     58.60      0.00     12.54    12     60.51      0.00     13.58
 1494875796.79     0     56.54      0.00     12.16    12     58.18      0.00     13.08
 1494875796.89     0     62.41      0.00     13.92    12     62.44      0.00     14.31
 1494875796.99     0     59.37      0.00     13.41    12     61.65      0.00     13.97
 1494875797.09     0     58.06      0.00     11.26    12     57.39      0.00     12.04
 1494875797.19     0     60.01      0.00     13.35    12     61.81      0.00     14.43
 1494875797.29     0     60.11      0.00     13.28    12     61.17      0.00     14.32
 1494875797.39     0     60.80      0.00     10.45    12     56.46      0.00     11.80
 1494875797.49     0     58.77      0.00     12.94    12     60.63      0.00     14.06
 1494875797.59     0     59.00      0.00     13.39    12     62.06      0.00     14.30
 1494875797.69     0     57.23      0.00     12.03    12     61.23      0.00     13.29
 1494875797.79     0     57.95      0.00     13.60    12     58.61      0.00     13.99
 1494875797.90     0     58.03      0.00     12.10    12     60.04      0.00     13.06
 1494875798.00     0     59.60      0.00     13.39    12     61.79      0.00     13.72
 1494875798.10     0     61.35      0.00     13.75    12     61.71      0.00     14.51
 1494875798.20     0     56.90      0.00     11.38    12     59.47      0.00     12.72
 1494875798.30     0     60.83      0.00     13.70    12     62.13      0.00     14.62
 1494875798.40     0     58.08      0.00     11.77    12     57.70      0.00     12.84
 1494875798.50     0     60.32      0.00     11.59    12     60.34      0.00     12.77
 1494875798.60     0     57.41      0.00     13.45    12     57.91      0.00     14.39
 1494875798.70     0     59.42      0.00     13.64    12     62.60      0.00     14.05
 1494875798.80     0     55.57      0.00     11.70    12     59.39      0.00     13.01
 1494875798.90     0     58.16      0.00     12.27    12     57.94      0.00     13.07
 1494875799.00     0     61.59      0.00     13.64    12     64.20      0.00     14.15
 1494875799.10     0     60.92      0.00     13.92    12     62.24      0.00     14.18
 1494875799.20     0     56.22      0.00     11.16    12     55.83      0.00     12.25
 1494875799.30     0     60.13      0.00     13.60    12     62.26      0.00     14.58
 1494875799.40     0     62.26      0.00     13.26    12     62.69      0.00     14.66
 1494875799.50     0     56.40      0.00     10.53    12     56.18      0.00     12.10
 1494875799.60     0     62.00      0.00     13.21    12     62.61      0.00     13.91
 1494875799.70     0     59.86      0.00     13.20    12     60.86      0.00     14.45
 1494875799.80     0     58.50      0.00     12.51    12     61.64      0.00     13.92
 1494875799.90     0     57.78      0.00     12.55    12     59.35      0.00     13.52
 1494875800.00     0     59.20      0.00     12.11    12     59.91      0.00     12.95
 1494875800.10     0     59.68      0.00     13.76    12     62.33      0.00     14.17
 1494875800.20     0     61.32      0.00     13.79    12     61.42      0.00     14.66
 1494875800.31     0     57.23      0.00     11.73    12     58.32      0.00     12.30
 1494875800.41     0     59.45      0.00     13.21    12     61.36      0.00     14.00
 1494875800.51     0     60.88      0.00     12.77    12     60.81      0.00     13.90
 1494875800.61     0     56.22      0.00     11.52    12     58.45      0.00     12.14
 1494875800.71     0     58.20      0.00     13.62    12     59.72      0.00     14.32
 1494875800.81     0     61.21      0.00     13.55    12     63.60      0.00     14.31
 1494875800.91     0     55.05      0.00     11.59    12     59.03      0.00     12.69
 1494875801.01     0     57.91      0.00     12.12    12     59.44      0.00     13.54
 1494875801.11     0     60.75      0.00     13.53    12     61.86      0.00     14.00
 1494875801.21     0     60.58      0.00     13.66    12     62.51      0.00     14.16
 1494875801.31     0     55.57      0.00     11.49    12     55.72      0.00     12.12
 1494875801.41     0     61.49      0.00     13.78    12     62.04      0.00     14.42
 1494875801.51     0     61.52      0.00     12.89    12     61.77      0.00     14.40
 1494875801.61     0     59.23      0.00     11.85    12     56.85      0.00     12.60
 1494875801.71     0     59.14      0.00     11.82    12     61.44      0.00     13.33
 1494875801.81     0     57.12      0.00     12.82    12     57.76      0.00     14.20
 1494875801.91     0     58.41      0.00     12.70    12     61.56      0.00     13.72
 1494875802.01     0     61.00      0.00     12.74    12     60.53      0.00     13.70
 1494875802.11     0     57.15      0.00     12.18    12     59.20      0.00     13.25
 1494875802.21     0     60.44      0.00     13.75    12     62.91      0.00     13.92
 1494875802.31     0     60.22      0.00     14.05    12     63.32      0.00     14.66
 1494875802.41     0     56.42      0.00     11.20    12     57.96      0.00     11.62
 1494875802.52     0     61.09      0.00     13.48    12     62.24      0.00     14.78
 1494875802.62     0     61.26      0.00     13.07    12     61.58      0.00     14.47
 1494875802.72     0     48.51      0.00      9.85    12     51.86      0.00     11.26
 1494875802.82     0     60.13      0.00     13.15    12     62.20      0.00     14.06
 1494875802.92     0     60.57      0.00     13.41    12     62.18      0.00     14.20
 1494875803.02     0     59.85      0.00     12.66    12     61.47      0.00     13.86
 1494875803.12     0     57.73      0.00     12.67    12     59.48      0.00     13.83
 1494875803.22     0     57.30      0.00     11.97    12     60.58      0.00     12.57
 1494875803.32     0     60.07      0.00     13.83    12     60.60      0.00     13.41
 1494875803.42     0     58.98      0.00     13.50    12     61.47      0.00     14.45
 1494875803.52     0     58.41      0.00     11.54    12     60.32      0.00     12.78
 1494875803.62     0     60.29      0.00     13.14    12     61.03      0.00     14.35
 1494875803.72     0     60.38      0.00     12.60    12     60.94      0.00     13.45
 1494875803.82     0     62.74      0.00     11.19    12     62.23      0.00     12.63
 1494875803.92     0     57.69      0.00     12.96    12     57.49      0.00     14.19
 1494875804.03     0     61.09      0.00     13.33    12     63.73      0.00     14.52
 1494875804.13     0     56.55      0.00     11.32    12     59.51      0.00     12.89
 1494875804.23     0     56.69      0.00     12.04    12     57.84      0.00     12.84
 1494875804.33     0     61.77      0.00     14.02    12     63.72      0.00     14.05
 1494875804.43     0     62.67      0.00     13.40    12     62.50      0.00     14.47
 1494875804.53     0     58.62      0.00     11.87    12     58.66      0.00     12.36
 1494875804.63     0     60.19      0.00     13.04    12     61.58      0.00     14.57
 1494875804.73     0     63.40      0.00     13.90    12     62.16      0.00     14.64
 1494875804.83     0     52.46      0.00     10.60    12     58.00      0.00     11.10
 1494875804.93     0     61.86      0.00     12.96    12     62.30      0.00     13.53
 1494875805.03     0     59.49      0.00     13.35    12     61.18      0.00     13.90
 1494875805.13     0     58.63      0.00     12.53    12     61.67      0.00     13.84
 1494875805.23     0     59.47      0.00     12.69    12     59.62      0.00     13.36
 1494875805.33     0     58.23      0.00     12.52    12     60.12      0.00     12.95
 1494875805.43     0     60.39      0.00     13.86    12     61.53      0.00     13.73
 1494875805.53     0     61.57      0.00     13.42    12     61.62      0.00     14.02
 1494875805.63     0     52.68      0.00     10.82    12     55.50      0.00     11.36
 1494875805.73     0     60.42      0.00     13.21    12     62.35      0.00     14.55
 1494875805.83     0     60.46      0.00     13.74    12     62.11      0.00     14.38
 1494875805.94     0     58.24      0.00     11.63    12     64.31      0.00     12.56
 1494875806.04     0     62.00      0.00     12.20    12     59.99      0.00     13.07
 1494875806.14     0     58.19      0.00     13.05    12     58.21      0.00     13.49
 1494875806.24     0     57.61      0.00     12.75    12     62.09      0.00     13.95
 1494875806.34     0     57.89      0.00     12.51    12     60.39      0.00     13.85
 1494875806.44     0     59.86      0.00     11.98    12     58.09      0.00     11.69
 1494875806.54     0     59.74      0.00     13.24    12     62.19      0.00     14.23
 1494875806.64     0     62.45      0.00     13.39    12     62.56      0.00     14.59
 1494875806.74     0     55.74      0.00     11.69    12     58.85      0.00     12.36
 1494875806.84     0     60.95      0.00     13.82    12     63.44      0.00     14.49
 1494875806.94     0     62.93      0.00     14.24    12     63.48      0.00     14.01
 1494875807.04     0     57.45      0.00     10.85    12     60.82      0.00     11.28
 1494875807.14     0     57.49      0.00     12.48    12     58.25      0.00     14.14
 1494875807.24     0     59.52      0.00     13.58    12     62.09      0.00     13.88
 1494875807.34     0     58.48      0.00     12.61    12     61.32      0.00     13.52
 1494875807.44     0     61.32      0.00     13.28    12     63.07      0.00     13.95
 1494875807.54     0     55.82      0.00     10.87    12     57.89      0.00     11.53
 1494875807.64     0     60.71      0.00     13.52    12     60.81      0.00     14.19
 1494875807.74     0     60.23      0.00     13.83    12     61.01      0.00     14.39
 1494875807.84     0     59.05      0.00     12.52    12     60.93      0.00     12.84
 1494875807.94     0     60.47      0.00     13.45    12     62.76      0.00     14.29
 1494875808.04     0     58.72      0.00     12.90    12     61.30      0.00     13.16
 1494875808.14     0     61.55      0.00     11.38    12     62.37      0.00     11.90
 1494875808.24     0     56.25      0.00     13.21    12     59.05      0.00     14.12
 1494875808.35     0     60.50      0.00     13.84    12     63.03      0.00     13.97
 1494875808.45     0     57.22      0.00     12.78    12     60.49      0.00     13.21
 1494875808.55     0     60.50      0.00     11.78    12     59.22      0.00     12.13
 1494875808.65     0     60.69      0.00     13.40    12     61.97      0.00     14.11
 1494875808.75     0     61.84      0.00     13.34    12     61.18      0.00     14.51
 1494875808.85     0     57.41      0.00     12.61    12     60.72      0.00     13.32
 1494875808.95     0     61.15      0.00     14.07    12     62.93      0.00     14.21
 1494875809.05     0     62.80      0.00     13.53    12     62.88      0.00     14.31
 1494875809.15     0     53.89      0.00     10.01    12     55.59      0.00     10.60
 1494875809.25     0     63.46      0.00     12.94    12     61.22      0.00     13.39
 1494875809.35     0     58.93      0.00     13.36    12     61.17      0.00     13.75
 1494875809.45     0     58.46      0.00     13.16    12     61.41      0.00     13.66
 1494875809.55     0     60.42      0.00     12.56    12     60.35      0.00     12.76
 1494875809.65     0     57.21      0.00     11.40    12     59.84      0.00     11.78
 1494875809.75     0     60.75      0.00     13.83    12     61.97      0.00     15.32
 1494875809.85     0     61.29      0.00     13.56    12     61.90      0.00     14.38
 1494875809.95     0     54.39      0.00     11.60    12     56.82      0.00     11.28
 1494875810.05     0     60.84      0.00     14.12    12     63.18      0.00     14.37
 1494875810.16     0     62.99      0.00     13.53    12     62.50      0.00     13.93
 1494875810.26     0     58.82      0.00     10.38    12     60.29      0.00     10.96
 1494875810.36     0     56.64      0.00     12.50    12     57.80      0.00     14.23
 1494875810.46     0     60.53      0.00     13.80    12     62.21      0.00     13.81
 1494875810.56     0     57.48      0.00     11.74    12     60.17      0.00     13.40
 1494875810.66     0     61.44      0.00     12.89    12     60.05      0.00     13.27
 1494875810.76     0     60.93      0.00     12.59    12     60.86      0.00     12.72
 1494875810.86     0     58.67      0.00     12.72    12     61.46      0.00     14.54
 1494875810.96     0     60.68      0.00     13.44    12     60.88      0.00     14.53
 1494875811.06     0     59.29      0.00     12.74    12     60.98      0.00     13.22
 1494875811.16     0     61.78      0.00     13.66    12     61.74      0.00     14.24
 1494875811.26     0     56.78      0.00     11.50    12     57.73      0.00     12.56
 1494875811.36     0     60.49      0.00     11.99    12     61.42      0.00     12.94
 1494875811.46     0     59.25      0.00     13.88    12     58.26      0.00     13.85
 1494875811.56     0     59.13      0.00     13.43    12     62.50      0.00     13.94
 1494875811.66     0     58.66      0.00     12.12    12     59.67      0.00     12.74
 1494875811.76     0     55.91      0.00     11.74    12     58.03      0.00     11.95
 1494875811.86     0     62.29      0.00     13.79    12     63.05      0.00     14.21
 1494875811.96     0     60.34      0.00     13.29    12     61.44      0.00     14.37
 1494875812.06     0     57.59      0.00     11.61    12     58.17      0.00     12.09
 1494875812.16     0     60.98      0.00     13.66    12     62.59      0.00     14.15
 1494875812.26     0     60.56      0.00     13.80    12     62.47      0.00     14.06
 1494875812.36     0     58.63      0.00     10.82    12     56.88      0.00     12.07
 1494875812.46     0     58.89      0.00     12.33    12     60.91      0.00     13.34
 1494875812.57     0     59.03      0.00     13.70    12     61.27      0.00     13.94
 1494875812.67     0     58.82      0.00     12.61    12     61.04      0.00     13.58
 1494875812.77     0     60.00      0.00     12.95    12     60.69      0.00     13.42
 1494875812.87     0     60.51      0.00     12.02    12     60.15      0.00     12.30
 1494875812.97     0     59.60      0.00     13.30    12     61.71      0.00     14.21
 1494875813.07     0     59.59      0.00     13.49    12     61.96      0.00     14.58
 1494875813.17     0     57.97      0.00     12.29    12     59.83      0.00     12.55
 1494875813.27     0     60.90      0.00     13.63    12     62.85      0.00     14.70
 1494875813.37     0     60.30      0.00     12.11    12     60.15      0.00     13.05
 1494875813.47     0     61.81      0.00     10.94    12     58.37      0.00     11.94
 1494875813.57     0     54.89      0.00     12.74    12     58.30      0.00     13.71
 1494875813.67     0     60.93      0.00     13.74    12     61.94      0.00     13.92
 1494875813.77     0     58.24      0.00     12.36    12     60.26      0.00     12.89
 1494875813.87     0     59.66      0.00     12.09    12     60.97      0.00     12.65
 1494875813.97     0     59.69      0.00     12.96    12     61.86      0.00     13.47
 1494875814.07     0     61.01      0.00     13.81    12     60.79      0.00     14.65
 1494875814.17     0     58.50      0.00     12.95    12     59.05      0.00     12.89
 1494875814.27     0     58.98      0.00     12.72    12     60.30      0.00     13.26
 1494875814.37     0     60.12      0.00     13.63    12     62.35      0.00     14.12
 1494875814.47     0     58.49      0.00     12.23    12     58.47      0.00     12.62
 1494875814.57     0     61.52      0.00     12.52    12     62.69      0.00     13.26
 1494875814.67     0     58.68      0.00     13.90    12     59.56      0.00     13.99
 1494875814.77     0     57.82      0.00     12.61    12     61.76      0.00     14.01
 1494875814.88     0     60.85      0.00     12.78    12     60.73      0.00     13.41
 1494875814.98     0     58.94      0.00     12.47    12     60.69      0.00     12.47
 1494875815.08     0     59.23      0.00     14.40    12     60.41      0.00     14.31
 1494875815.18     0     61.73      0.00     13.82    12     62.38      0.00     14.77
 1494875815.28     0     60.21      0.00     11.88    12     60.66      0.00     13.16
 1494875815.38     0     60.36      0.00     13.71    12     62.57      0.00     14.64
 1494875815.48     0     60.29      0.00     13.74    12     61.70      0.00     14.28
 1494875815.58     0     53.26      0.00      9.83    12     54.25      0.00     10.42
 1494875815.68     0     60.43      0.00     13.10    12     59.69      0.00     14.05
 1494875815.78     0     60.40      0.00     13.80    12     63.43      0.00     13.75
 1494875815.88     0     58.95      0.00     12.23    12     61.06      0.00     13.44
 1494875815.98     0     60.01      0.00     12.99    12     60.60      0.00     12.88
 1494875816.08     0     56.97      0.00     11.65    12     58.92      0.00     12.40
 1494875816.18     0     58.41      0.00     13.17    12     59.89      0.00     14.25
 1494875816.28     0     61.12      0.00     13.78    12     62.61      0.00     14.25
 1494875816.38     0     59.23      0.00     12.61    12     59.96      0.00     13.08
 1494875816.48     0     59.54      0.00     13.21    12     62.77      0.00     14.36
 1494875816.58     0     60.11      0.00     13.38    12     62.53      0.00     14.64
 1494875816.68     0     55.92      0.00     10.58    12     54.64      0.00     11.93
 1494875816.78     0     60.61      0.00     12.95    12     61.50      0.00     13.79
 1494875816.88     0     60.83      0.00     13.46    12     61.08      0.00     14.09
 1494875816.98     0     58.86      0.00     12.67    12     61.60      0.00     12.79
 1494875817.09     0     58.52      0.00     12.35    12     59.62      0.00     12.75
 1494875817.19     0     58.27      0.00     12.28    12     59.60      0.00     13.30
 1494875817.29     0     59.31      0.00     13.63    12     61.66      0.00     13.94
 1494875817.39     0     61.63      0.00     13.34    12     62.96      0.00     14.33
 1494875817.49     0     59.52      0.00     12.42    12     61.34      0.00     12.76
 1494875817.59     0     58.96      0.00     13.87    12     61.82      0.00     14.31
 1494875817.69     0     62.23      0.00     13.26    12     60.06      0.00     13.84
 1494875817.79     0     53.21      0.00     10.56    12     54.56      0.00     10.94
 1494875817.89     0     60.07      0.00     13.29    12     61.33      0.00     14.01
 1494875817.99     0     60.96      0.00     13.39    12     62.23      0.00     13.28
 1494875818.09     0     56.96      0.00     11.96    12     59.91      0.00     12.27
 1494875818.19     0     59.05      0.00     13.32    12     60.52      0.00     14.41
 1494875818.29     0     60.07      0.00     12.22    12     59.42      0.00     12.99
 1494875818.39     0     61.66      0.00     13.69    12     62.76      0.00     14.75
 1494875818.49     0     58.49      0.00     12.85    12     61.57      0.00     13.32
 1494875818.59     0     58.32      0.00     12.42    12     60.03      0.00     12.91
 1494875818.69     0     59.78      0.00     13.13    12     61.96      0.00     14.52
 1494875818.79     0     59.68      0.00     11.78    12     58.00      0.00     13.01
 1494875818.89     0     61.34      0.00     11.98    12     62.32      0.00     13.18
 1494875818.99     0     60.61      0.00     13.28    12     60.50      0.00     13.90
 1494875819.09     0     58.01      0.00     12.89    12     61.25      0.00     13.84
 1494875819.19     0     56.78      0.00     12.37    12     58.69      0.00     12.77
 1494875819.29     0     59.73      0.00     12.65    12     59.94      0.00     12.80
 1494875819.40     0     59.47      0.00     12.82    12     62.59      0.00     14.59
 1494875819.50     0     62.40      0.00     13.43    12     63.40      0.00     14.53
 1494875819.60     0     57.67      0.00     12.09    12     60.30      0.00     12.89
 1494875819.70     0     61.12      0.00     14.07    12     63.02      0.00     14.32
 1494875819.80     0     63.41      0.00     13.60    12     61.63      0.00     14.47
 1494875819.90     0     50.72      0.00      9.63    12     51.20      0.00     10.61
 1494875820.00     0     60.69      0.00     12.77    12     61.35      0.00     13.11
 1494875820.10     0     59.69      0.00     13.66    12     60.46      0.00     13.18
 1494875820.20     0     57.91      0.00     12.41    12     60.69      0.00     13.35
 1494875820.30     0     59.07      0.00     12.68    12     59.61      0.00     13.31
 1494875820.40     0     60.02      0.00     11.82    12     60.20      0.00     12.79
 1494875820.50     0     60.75      0.00     13.60    12     61.86      0.00     14.87
 1494875820.60     0     59.13      0.00     13.06    12     62.36      0.00     14.45
 1494875820.70     0     56.09      0.00     10.71    12     58.05      0.00     11.55
 1494875820.80     0     60.68      0.00     13.67    12     61.80      0.00     13.89
 1494875820.90     0     63.12      0.00     13.41    12     61.09      0.00     14.42
 1494875821.00     0     60.81      0.00     10.87    12     57.84      0.00     11.93
 1494875821.10     0     57.70      0.00     12.45    12     59.81      0.00     12.98
 1494875821.20     0     61.85      0.00     13.82    12     63.44      0.00     14.08
 1494875821.31     0     57.01      0.00     11.24    12     57.48      0.00     12.04
 1494875821.41     0     60.96      0.00     12.95    12     61.57      0.00     14.04
 1494875821.51     0     57.68      0.00     12.19    12     58.85      0.00     12.70
 1494875821.61     0     61.38      0.00     14.18    12     63.62      0.00     14.47
 1494875821.71     0     57.06      0.00     13.01    12     62.72      0.00     14.23
 1494875821.81     0     60.52      0.00     12.52    12     58.90      0.00     12.78
 1494875821.91     0     62.76      0.00     13.76    12     62.32      0.00     14.77
 1494875822.01     0     55.12      0.00     10.71    12     54.97      0.00     11.39
 1494875822.11     0     53.68      0.00     11.55    12     55.90      0.00     11.86
 1494875822.21     0     58.67      0.00     13.27    12     60.05      0.00     13.38
 1494875822.31     0     62.34      0.00     13.65    12     62.14      0.00     14.27
 1494875822.41     0     56.45      0.00     11.58    12     59.60      0.00     13.64
 1494875822.51     0     57.39      0.00     11.64    12     58.81      0.00     12.92
 1494875822.61     0     60.20      0.00     13.75    12     63.16      0.00     14.20
 1494875822.71     0     60.35      0.00     13.72    12     61.61      0.00     14.31
 1494875822.81     0     58.02      0.00     12.15    12     58.93      0.00     12.34
 1494875822.91     0     60.62      0.00     12.63    12     61.71      0.00     13.97
 1494875823.01     0     63.15      0.00     13.61    12     62.55      0.00     14.34
 1494875823.11     0     57.63      0.00     11.92    12     57.35      0.00     12.38
 1494875823.21     0     60.61      0.00     12.39    12     62.83      0.00     12.70
 1494875823.31     0     60.88      0.00     13.40    12     59.59      0.00     13.56
 1494875823.42     0     57.01      0.00     12.51    12     60.23      0.00     13.60
 1494875823.52     0     59.50      0.00     12.74    12     59.20      0.00     13.44
 1494875823.62     0     59.14      0.00     12.53    12     60.86      0.00     12.60
 1494875823.72     0     59.22      0.00     13.84    12     62.85      0.00     14.70
 1494875823.82     0     61.55      0.00     13.05    12     62.60      0.00     14.59
 1494875823.92     0     59.60      0.00     11.91    12     58.77      0.00     12.77
 1494875824.02     0     61.63      0.00     13.52    12     63.12      0.00     14.24
 1494875824.12     0     61.67      0.00     13.79    12     61.52      0.00     14.48
 1494875824.22     0     40.08      0.00      7.29    12     44.04      0.00      7.78
 1494875824.32     0     16.43      0.00      2.38    12     18.61      0.00      2.78
 1494875824.42     0     17.21      0.00      2.95    12     19.86      0.00      3.31
