         #Time  Core     P_PKG     P_PP0    P_DRAM  Core     P_PKG     P_PP0    P_DRAM
 1494855651.35     0     22.62      0.00      4.66    12     23.10      0.00      4.63
 1494855651.45     0     25.22      0.00      4.63    12     24.46      0.00      4.42
 1494855651.55     0     29.54      0.00      4.48    12     27.68      0.00      4.07
 1494855651.65     0     29.92      0.00      5.09    12     27.87      0.00      4.47
 1494855651.75     0     37.28      0.00      5.34    12     36.35      0.00      5.30
 1494855651.85     0     44.69      0.00      4.83    12     44.68      0.00      5.11
 1494855651.95     0     44.99      0.00      4.75    12     46.55      0.00      5.19
 1494855652.05     0     45.37      0.00      4.75    12     46.09      0.00      5.12
 1494855652.15     0     45.81      0.00      4.81    12     46.13      0.00      5.09
 1494855652.25     0     45.38      0.00      4.78    12     46.18      0.00      5.13
 1494855652.35     0     45.22      0.00      4.76    12     45.80      0.00      5.18
 1494855652.45     0     44.76      0.00      4.91    12     45.35      0.00      5.06
 1494855652.55     0     45.57      0.00      4.71    12     46.19      0.00      5.12
 1494855652.65     0     45.58      0.00      4.77    12     46.19      0.00      5.12
 1494855652.75     0     44.27      0.00      5.01    12     44.89      0.00      5.17
 1494855652.85     0     45.53      0.00      4.80    12     46.16      0.00      5.15
 1494855652.95     0     45.43      0.00      4.76    12     46.13      0.00      5.16
 1494855653.05     0     45.48      0.00      4.76    12     46.10      0.00      5.06
 1494855653.15     0     45.42      0.00      4.80    12     46.15      0.00      5.15
 1494855653.25     0     45.39      0.00      4.75    12     46.21      0.00      5.15
 1494855653.35     0     45.39      0.00      4.87    12     46.09      0.00      5.09
 1494855653.45     0     45.47      0.00      4.79    12     46.14      0.00      5.08
 1494855653.55     0     45.68      0.00      4.81    12     46.16      0.00      5.10
 1494855653.65     0     45.95      0.00      4.73    12     46.19      0.00      5.01
 1494855653.75     0     45.80      0.00      4.77    12     46.14      0.00      5.03
 1494855653.85     0     45.69      0.00      4.61    12     46.15      0.00      5.03
 1494855653.95     0     45.39      0.00      4.53    12     46.17      0.00      5.04
 1494855654.05     0     45.43      0.00      4.81    12     46.19      0.00      4.97
 1494855654.15     0     45.35      0.00      4.80    12     46.24      0.00      4.99
 1494855654.25     0     45.23      0.00      4.83    12     46.20      0.00      5.13
 1494855654.35     0     45.04      0.00      4.92    12     46.19      0.00      5.08
 1494855654.45     0     45.25      0.00      4.82    12     46.21      0.00      5.08
 1494855654.55     0     45.44      0.00      4.75    12     46.22      0.00      5.11
 1494855654.65     0     45.48      0.00      4.79    12     46.72      0.00      4.98
 1494855654.75     0     45.46      0.00      4.84    12     46.15      0.00      5.21
 1494855654.85     0     45.41      0.00      4.79    12     46.24      0.00      4.97
 1494855654.95     0     45.34      0.00      4.72    12     46.20      0.00      5.16
 1494855655.05     0     45.27      0.00      4.71    12     46.30      0.00      5.16
 1494855655.15     0     45.36      0.00      4.72    12     46.21      0.00      5.08
 1494855655.25     0     45.43      0.00      4.92    12     46.26      0.00      5.02
 1494855655.35     0     45.47      0.00      4.88    12     46.26      0.00      5.11
 1494855655.45     0     45.53      0.00      4.77    12     46.24      0.00      5.12
 1494855655.55     0     45.46      0.00      4.78    12     46.25      0.00      5.15
 1494855655.65     0     45.41      0.00      4.79    12     46.24      0.00      5.15
 1494855655.75     0     45.58      0.00      4.72    12     46.25      0.00      5.05
 1494855655.85     0     45.50      0.00      4.82    12     46.22      0.00      5.12
 1494855655.96     0     45.51      0.00      4.57    12     46.23      0.00      5.13
 1494855656.06     0     45.58      0.00      4.77    12     46.26      0.00      5.10
 1494855656.16     0     45.60      0.00      4.86    12     46.26      0.00      5.12
 1494855656.26     0     45.43      0.00      4.88    12     46.21      0.00      5.16
 1494855656.36     0     45.87      0.00      4.78    12     46.28      0.00      5.05
 1494855656.46     0     45.42      0.00      4.74    12     46.24      0.00      5.09
 1494855656.56     0     45.49      0.00      4.81    12     46.23      0.00      5.12
 1494855656.66     0     44.97      0.00      4.75    12     46.28      0.00      5.10
 1494855656.76     0     45.54      0.00      4.82    12     46.11      0.00      5.05
 1494855656.86     0     45.21      0.00      4.72    12     46.31      0.00      5.17
 1494855656.96     0     45.30      0.00      4.84    12     46.00      0.00      5.10
 1494855657.06     0     45.39      0.00      4.85    12     46.27      0.00      5.04
 1494855657.16     0     45.36      0.00      4.89    12     46.29      0.00      5.03
 1494855657.26     0     45.35      0.00      4.75    12     46.29      0.00      5.13
 1494855657.36     0     45.48      0.00      4.79    12     46.23      0.00      5.09
 1494855657.46     0     45.41      0.00      4.75    12     46.29      0.00      5.06
 1494855657.56     0     45.70      0.00      4.83    12     46.34      0.00      5.05
 1494855657.66     0     45.82      0.00      4.77    12     46.67      0.00      5.17
 1494855657.76     0     45.81      0.00      4.72    12     46.27      0.00      4.99
 1494855657.86     0     45.61      0.00      4.78    12     46.25      0.00      5.13
 1494855657.96     0     45.51      0.00      4.76    12     46.27      0.00      5.12
 1494855658.06     0     45.14      0.00      4.88    12     46.12      0.00      5.07
 1494855658.16     0     45.30      0.00      4.80    12     46.28      0.00      5.08
 1494855658.26     0     45.25      0.00      4.80    12     46.30      0.00      5.11
 1494855658.36     0     44.96      0.00      4.76    12     46.29      0.00      5.00
 1494855658.46     0     44.71      0.00      4.69    12     46.33      0.00      5.13
 1494855658.56     0     44.71      0.00      4.78    12     46.26      0.00      5.09
 1494855658.66     0     44.54      0.00      4.77    12     46.32      0.00      5.13
 1494855658.76     0     44.64      0.00      4.70    12     46.34      0.00      5.04
 1494855658.86     0     44.55      0.00      4.78    12     46.35      0.00      5.06
 1494855658.96     0     44.69      0.00      4.93    12     46.34      0.00      5.10
 1494855659.06     0     44.81      0.00      4.87    12     46.33      0.00      5.17
 1494855659.16     0     45.29      0.00      4.73    12     46.22      0.00      5.04
 1494855659.26     0     45.37      0.00      4.79    12     46.35      0.00      5.16
 1494855659.36     0     45.32      0.00      4.63    12     46.31      0.00      5.12
 1494855659.46     0     45.39      0.00      4.71    12     46.28      0.00      5.17
 1494855659.56     0     45.47      0.00      4.77    12     46.42      0.00      5.01
 1494855659.66     0     45.44      0.00      4.81    12     46.20      0.00      5.18
 1494855659.76     0     45.38      0.00      4.74    12     46.31      0.00      5.15
 1494855659.86     0     45.36      0.00      4.78    12     46.36      0.00      5.17
 1494855659.96     0     45.42      0.00      4.94    12     46.23      0.00      5.18
 1494855660.06     0     45.38      0.00      4.72    12     46.33      0.00      5.13
 1494855660.16     0     45.34      0.00      4.73    12     46.31      0.00      5.17
 1494855660.26     0     45.53      0.00      4.76    12     46.36      0.00      5.16
 1494855660.36     0     45.40      0.00      4.81    12     46.83      0.00      5.24
 1494855660.46     0     45.33      0.00      4.75    12     46.32      0.00      5.18
 1494855660.56     0     45.39      0.00      4.67    12     46.30      0.00      5.16
 1494855660.66     0     45.39      0.00      4.81    12     45.88      0.00      5.11
 1494855660.76     0     45.52      0.00      4.70    12     46.85      0.00      5.21
 1494855660.86     0     45.46      0.00      4.91    12     46.31      0.00      5.18
 1494855660.96     0     45.48      0.00      4.74    12     46.30      0.00      5.16
 1494855661.06     0     45.74      0.00      4.80    12     46.27      0.00      5.11
 1494855661.16     0     45.33      0.00      4.74    12     46.30      0.00      5.17
 1494855661.26     0     45.73      0.00      5.04    12     46.44      0.00      5.40
 1494855661.36     0     45.10      0.00      4.98    12     46.02      0.00      5.18
 1494855661.46     0     45.26      0.00      4.83    12     46.30      0.00      5.19
 1494855661.56     0     45.47      0.00      4.77    12     46.24      0.00      5.13
 1494855661.66     0     45.77      0.00      4.78    12     46.32      0.00      5.10
 1494855661.76     0     45.75      0.00      4.72    12     46.33      0.00      5.18
 1494855661.86     0     45.61      0.00      4.92    12     46.23      0.00      5.15
 1494855661.96     0     45.55      0.00      4.70    12     46.33      0.00      5.15
 1494855662.06     0     45.38      0.00      4.82    12     46.30      0.00      5.13
 1494855662.16     0     45.19      0.00      4.74    12     46.31      0.00      5.15
 1494855662.26     0     45.14      0.00      4.80    12     46.34      0.00      5.11
 1494855662.36     0     44.88      0.00      4.77    12     46.29      0.00      5.16
 1494855662.46     0     44.52      0.00      4.77    12     46.35      0.00      5.14
 1494855662.56     0     44.51      0.00      4.76    12     46.24      0.00      5.14
 1494855662.66     0     44.59      0.00      4.75    12     46.35      0.00      5.16
 1494855662.76     0     44.64      0.00      4.90    12     46.37      0.00      5.13
 1494855662.86     0     44.56      0.00      4.78    12     46.25      0.00      4.97
 1494855662.96     0     44.55      0.00      4.68    12     46.37      0.00      5.19
 1494855663.06     0     44.52      0.00      4.72    12     46.26      0.00      5.18
 1494855663.16     0     45.18      0.00      4.82    12     46.33      0.00      5.11
 1494855663.26     0     45.48      0.00      4.81    12     46.77      0.00      5.27
 1494855663.36     0     45.34      0.00      4.64    12     46.27      0.00      5.14
 1494855663.46     0     45.40      0.00      4.79    12     46.28      0.00      5.09
 1494855663.56     0     45.30      0.00      4.73    12     46.32      0.00      5.14
 1494855663.67     0     45.35      0.00      4.95    12     46.29      0.00      5.12
 1494855663.77     0     45.31      0.00      4.84    12     46.29      0.00      5.15
 1494855663.87     0     45.26      0.00      4.62    12     46.23      0.00      5.15
 1494855663.97     0     45.31      0.00      4.80    12     46.32      0.00      5.10
 1494855664.07     0     45.40      0.00      4.75    12     46.26      0.00      5.17
 1494855664.17     0     45.32      0.00      4.86    12     46.38      0.00      5.19
 1494855664.27     0     45.37      0.00      4.81    12     46.29      0.00      5.11
 1494855664.37     0     45.28      0.00      4.79    12     46.36      0.00      4.97
 1494855664.47     0     45.32      0.00      4.80    12     46.29      0.00      5.13
 1494855664.57     0     45.31      0.00      4.86    12     46.35      0.00      5.13
 1494855664.67     0     45.29      0.00      4.88    12     46.26      0.00      5.13
 1494855664.77     0     45.38      0.00      4.78    12     46.33      0.00      5.04
 1494855664.87     0     45.32      0.00      4.67    12     46.31      0.00      5.11
 1494855664.97     0     45.37      0.00      4.77    12     46.27      0.00      5.05
 1494855665.07     0     45.33      0.00      4.76    12     46.35      0.00      5.16
 1494855665.17     0     45.32      0.00      4.69    12     46.30      0.00      5.16
 1494855665.27     0     45.21      0.00      4.70    12     46.12      0.00      5.15
 1494855665.37     0     45.30      0.00      4.76    12     46.33      0.00      5.15
 1494855665.47     0     45.27      0.00      4.85    12     46.28      0.00      5.09
 1494855665.57     0     45.51      0.00      4.92    12     46.30      0.00      5.15
 1494855665.67     0     45.89      0.00      4.71    12     46.36      0.00      5.12
 1494855665.77     0     46.11      0.00      4.82    12     46.34      0.00      5.07
 1494855665.87     0     45.71      0.00      4.80    12     46.79      0.00      5.18
 1494855665.97     0     45.05      0.00      4.70    12     46.35      0.00      5.12
 1494855666.07     0     45.63      0.00      4.84    12     46.36      0.00      5.16
 1494855666.17     0     45.20      0.00      4.72    12     46.38      0.00      5.10
 1494855666.27     0     45.01      0.00      4.76    12     46.40      0.00      5.15
 1494855666.37     0     44.94      0.00      4.84    12     46.27      0.00      5.14
 1494855666.47     0     44.81      0.00      4.81    12     46.36      0.00      5.13
 1494855666.57     0     44.77      0.00      4.94    12     46.33      0.00      5.08
 1494855666.67     0     44.83      0.00      4.79    12     46.30      0.00      5.16
 1494855666.77     0     44.85      0.00      4.73    12     46.37      0.00      5.08
 1494855666.87     0     44.78      0.00      4.74    12     46.35      0.00      5.14
 1494855666.97     0     44.82      0.00      4.76    12     46.32      0.00      5.16
 1494855667.07     0     44.76      0.00      4.75    12     46.36      0.00      5.17
 1494855667.17     0     45.24      0.00      4.79    12     46.39      0.00      5.10
 1494855667.27     0     45.32      0.00      4.65    12     46.33      0.00      5.14
 1494855667.37     0     45.31      0.00      4.76    12     46.35      0.00      5.09
 1494855667.47     0     45.27      0.00      4.91    12     46.34      0.00      5.04
 1494855667.57     0     45.34      0.00      4.79    12     46.33      0.00      5.14
 1494855667.67     0     45.33      0.00      4.80    12     46.31      0.00      5.12
 1494855667.77     0     45.36      0.00      4.75    12     46.31      0.00      5.10
 1494855667.87     0     45.36      0.00      4.80    12     46.34      0.00      5.09
 1494855667.97     0     45.39      0.00      4.82    12     46.36      0.00      5.13
 1494855668.07     0     45.36      0.00      4.76    12     46.31      0.00      5.08
 1494855668.17     0     45.26      0.00      4.81    12     46.21      0.00      5.09
 1494855668.27     0     45.34      0.00      4.78    12     46.43      0.00      5.15
 1494855668.37     0     45.36      0.00      4.71    12     46.26      0.00      5.16
 1494855668.47     0     45.36      0.00      4.94    12     46.33      0.00      5.15
 1494855668.57     0     45.50      0.00      4.78    12     46.77      0.00      5.16
 1494855668.67     0     45.52      0.00      4.74    12     46.55      0.00      5.21
 1494855668.77     0     45.48      0.00      4.81    12     46.32      0.00      5.08
 1494855668.87     0     45.45      0.00      4.79    12     46.72      0.00      5.21
 1494855668.97     0     45.36      0.00      4.76    12     46.40      0.00      5.03
 1494855669.07     0     45.30      0.00      4.78    12     46.33      0.00      5.15
 1494855669.17     0     45.28      0.00      4.78    12     46.38      0.00      5.16
 1494855669.27     0     45.34      0.00      4.76    12     45.93      0.00      5.11
 1494855669.37     0     45.25      0.00      4.88    12     46.82      0.00      5.17
 1494855669.47     0     45.31      0.00      4.84    12     46.33      0.00      5.13
 1494855669.57     0     45.42      0.00      4.80    12     46.32      0.00      5.12
 1494855669.67     0     45.73      0.00      4.82    12     46.35      0.00      5.05
 1494855669.77     0     45.80      0.00      4.63    12     46.30      0.00      5.11
 1494855669.87     0     46.03      0.00      4.81    12     46.31      0.00      5.08
 1494855669.97     0     44.99      0.00      4.74    12     46.33      0.00      5.16
 1494855670.07     0     45.30      0.00      4.80    12     46.33      0.00      5.16
 1494855670.17     0     45.64      0.00      4.78    12     46.34      0.00      5.06
 1494855670.27     0     45.02      0.00      4.89    12     46.37      0.00      5.13
 1494855670.37     0     44.98      0.00      4.82    12     46.36      0.00      5.05
 1494855670.47     0     44.73      0.00      4.83    12     46.42      0.00      5.12
 1494855670.57     0     44.64      0.00      4.78    12     46.25      0.00      5.15
 1494855670.67     0     44.78      0.00      4.72    12     46.35      0.00      5.11
 1494855670.77     0     44.84      0.00      4.78    12     46.36      0.00      5.09
 1494855670.87     0     44.77      0.00      4.77    12     46.25      0.00      5.13
 1494855670.97     0     44.79      0.00      4.80    12     46.34      0.00      5.14
 1494855671.07     0     44.82      0.00      4.80    12     46.32      0.00      5.12
 1494855671.17     0     45.26      0.00      4.79    12     46.26      0.00      5.07
 1494855671.27     0     45.34      0.00      5.08    12     46.38      0.00      5.10
 1494855671.37     0     45.40      0.00      4.89    12     46.32      0.00      5.15
 1494855671.48     0     45.34      0.00      4.79    12     46.38      0.00      5.10
 1494855671.58     0     45.39      0.00      4.74    12     46.32      0.00      5.13
 1494855671.68     0     45.29      0.00      4.67    12     46.77      0.00      5.13
 1494855671.78     0     45.40      0.00      4.79    12     46.35      0.00      5.11
 1494855671.88     0     45.33      0.00      4.73    12     46.34      0.00      5.06
 1494855671.98     0     44.99      0.00      4.63    12     45.95      0.00      5.17
 1494855672.08     0     45.34      0.00      4.79    12     46.33      0.00      5.16
 1494855672.18     0     45.32      0.00      4.92    12     46.35      0.00      5.20
 1494855672.28     0     45.36      0.00      4.79    12     46.33      0.00      4.99
 1494855672.38     0     45.37      0.00      4.72    12     46.31      0.00      5.09
 1494855672.48     0     45.47      0.00      4.76    12     46.32      0.00      5.17
 1494855672.58     0     45.53      0.00      4.68    12     46.40      0.00      5.11
 1494855672.68     0     45.33      0.00      4.79    12     46.31      0.00      5.14
 1494855672.78     0     45.37      0.00      4.72    12     46.32      0.00      5.14
 1494855672.88     0     45.39      0.00      4.75    12     46.29      0.00      5.08
 1494855672.98     0     45.31      0.00      4.73    12     46.34      0.00      5.17
 1494855673.08     0     45.32      0.00      4.78    12     46.33      0.00      5.10
 1494855673.18     0     45.39      0.00      4.91    12     46.30      0.00      5.08
 1494855673.28     0     45.37      0.00      4.78    12     46.32      0.00      5.17
 1494855673.38     0     45.34      0.00      4.80    12     46.29      0.00      5.17
 1494855673.48     0     45.34      0.00      4.64    12     46.40      0.00      5.16
 1494855673.58     0     45.64      0.00      4.75    12     46.41      0.00      5.18
 1494855673.68     0     45.77      0.00      4.85    12     46.30      0.00      5.18
 1494855673.78     0     45.74      0.00      4.83    12     46.34      0.00      5.10
 1494855673.88     0     45.66      0.00      4.78    12     46.35      0.00      5.18
 1494855673.98     0     45.45      0.00      4.79    12     46.37      0.00      5.06
 1494855674.08     0     45.20      0.00      4.92    12     46.28      0.00      5.04
 1494855674.18     0     45.20      0.00      4.77    12     46.36      0.00      5.08
 1494855674.28     0     45.04      0.00      4.76    12     46.37      0.00      5.06
 1494855674.38     0     45.39      0.00      4.84    12     46.35      0.00      5.11
 1494855674.48     0     44.12      0.00      4.79    12     46.82      0.00      5.07
 1494855674.58     0     44.65      0.00      4.80    12     46.41      0.00      5.06
 1494855674.68     0     45.00      0.00      4.78    12     45.93      0.00      5.17
 1494855674.78     0     44.55      0.00      4.81    12     46.81      0.00      5.11
 1494855674.88     0     44.61      0.00      4.75    12     46.34      0.00      5.05
 1494855674.98     0     44.57      0.00      4.85    12     46.36      0.00      5.12
 1494855675.08     0     44.61      0.00      4.95    12     46.35      0.00      5.11
 1494855675.18     0     45.39      0.00      4.82    12     46.39      0.00      5.04
 1494855675.28     0     45.36      0.00      4.83    12     46.32      0.00      5.14
 1494855675.38     0     45.38      0.00      4.64    12     46.36      0.00      5.04
 1494855675.48     0     45.43      0.00      4.72    12     46.36      0.00      5.12
 1494855675.58     0     45.32      0.00      4.78    12     46.41      0.00      5.06
 1494855675.68     0     45.36      0.00      4.80    12     46.36      0.00      5.04
 1494855675.78     0     45.34      0.00      4.84    12     46.48      0.00      5.09
 1494855675.88     0     45.40      0.00      4.76    12     46.28      0.00      5.12
 1494855675.98     0     45.35      0.00      4.85    12     46.38      0.00      5.10
 1494855676.08     0     45.38      0.00      4.88    12     46.39      0.00      5.14
 1494855676.18     0     45.38      0.00      4.77    12     46.36      0.00      5.08
 1494855676.28     0     45.36      0.00      4.75    12     46.38      0.00      5.14
 1494855676.38     0     45.43      0.00      4.74    12     46.39      0.00      5.17
 1494855676.48     0     45.38      0.00      4.82    12     46.29      0.00      5.09
 1494855676.58     0     45.40      0.00      4.74    12     46.37      0.00      5.10
 1494855676.68     0     45.40      0.00      4.71    12     46.40      0.00      5.05
 1494855676.78     0     45.39      0.00      4.83    12     46.43      0.00      5.16
 1494855676.88     0     45.33      0.00      4.79    12     46.41      0.00      5.07
 1494855676.98     0     45.38      0.00      4.97    12     46.32      0.00      5.09
 1494855677.08     0     45.39      0.00      4.76    12     46.38      0.00      5.15
 1494855677.18     0     45.40      0.00      4.84    12     46.35      0.00      5.07
 1494855677.28     0     45.31      0.00      4.84    12     46.33      0.00      5.07
 1494855677.38     0     45.45      0.00      4.77    12     46.83      0.00      5.10
 1494855677.48     0     45.36      0.00      4.83    12     46.35      0.00      5.11
 1494855677.58     0     45.53      0.00      4.80    12     46.32      0.00      5.07
 1494855677.68     0     45.88      0.00      4.77    12     46.39      0.00      5.13
 1494855677.78     0     45.72      0.00      4.79    12     46.36      0.00      5.16
 1494855677.88     0     45.74      0.00      4.86    12     46.36      0.00      5.09
 1494855677.98     0     45.39      0.00      4.93    12     46.42      0.00      5.12
 1494855678.08     0     45.31      0.00      4.79    12     46.34      0.00      5.14
 1494855678.18     0     45.16      0.00      4.66    12     46.36      0.00      5.14
 1494855678.28     0     45.00      0.00      4.79    12     46.45      0.00      5.10
 1494855678.38     0     44.95      0.00      4.78    12     46.36      0.00      5.08
 1494855678.48     0     44.58      0.00      4.84    12     46.43      0.00      5.03
 1494855678.58     0     44.65      0.00      4.75    12     46.37      0.00      5.10
 1494855678.68     0     44.61      0.00      4.75    12     46.36      0.00      5.07
 1494855678.78     0     44.56      0.00      4.79    12     46.38      0.00      5.02
 1494855678.88     0     45.00      0.00      4.90    12     46.46      0.00      5.00
 1494855678.98     0     44.53      0.00      4.79    12     46.29      0.00      5.11
 1494855679.08     0     44.55      0.00      4.83    12     46.23      0.00      5.10
 1494855679.18     0     44.92      0.00      4.64    12     46.39      0.00      5.11
 1494855679.29     0     45.90      0.00      4.80    12     46.32      0.00      5.10
 1494855679.39     0     45.33      0.00      4.76    12     46.34      0.00      5.08
 1494855679.49     0     45.34      0.00      4.74    12     46.34      0.00      5.06
 1494855679.59     0     45.36      0.00      4.80    12     46.32      0.00      5.01
 1494855679.69     0     45.33      0.00      4.77    12     46.33      0.00      5.11
 1494855679.79     0     45.32      0.00      4.86    12     46.38      0.00      5.10
 1494855679.89     0     45.35      0.00      4.88    12     46.32      0.00      5.08
 1494855679.99     0     45.36      0.00      4.80    12     46.36      0.00      5.08
 1494855680.09     0     45.35      0.00      4.66    12     46.43      0.00      5.12
 1494855680.19     0     45.34      0.00      4.73    12     46.31      0.00      5.10
 1494855680.29     0     45.41      0.00      4.77    12     46.82      0.00      5.04
 1494855680.39     0     45.30      0.00      4.83    12     46.38      0.00      5.15
 1494855680.49     0     45.34      0.00      4.72    12     46.36      0.00      5.16
 1494855680.59     0     45.33      0.00      4.75    12     46.38      0.00      5.14
 1494855680.69     0     45.32      0.00      4.74    12     46.39      0.00      5.10
 1494855680.79     0     45.32      0.00      4.92    12     46.34      0.00      5.12
 1494855680.89     0     45.34      0.00      4.78    12     46.34      0.00      5.13
 1494855680.99     0     45.35      0.00      4.65    12     46.34      0.00      5.16
 1494855681.09     0     45.36      0.00      4.77    12     46.41      0.00      5.15
 1494855681.19     0     45.44      0.00      4.81    12     46.35      0.00      5.10
 1494855681.29     0     45.36      0.00      4.92    12     46.29      0.00      5.13
 1494855681.39     0     45.39      0.00      4.85    12     46.37      0.00      5.10
 1494855681.49     0     45.40      0.00      4.73    12     46.36      0.00      5.09
 1494855681.59     0     45.67      0.00      4.76    12     46.37      0.00      5.12
 1494855681.69     0     45.90      0.00      4.98    12     46.37      0.00      5.08
 1494855681.79     0     45.77      0.00      4.85    12     46.37      0.00      5.04
 1494855681.89     0     45.59      0.00      4.76    12     46.32      0.00      5.19
 1494855681.99     0     45.50      0.00      4.78    12     46.37      0.00      5.05
 1494855682.09     0     45.31      0.00      4.77    12     46.38      0.00      5.06
 1494855682.19     0     45.32      0.00      4.83    12     46.44      0.00      5.12
 1494855682.29     0     45.24      0.00      4.90    12     46.37      0.00      5.22
 1494855682.39     0     44.86      0.00      4.76    12     46.38      0.00      5.09
 1494855682.49     0     44.58      0.00      4.87    12     46.39      0.00      5.06
 1494855682.59     0     44.61      0.00      4.79    12     46.39      0.00      5.10
 1494855682.69     0     44.59      0.00      4.93    12     46.35      0.00      5.14
 1494855682.79     0     44.62      0.00      4.93    12     46.40      0.00      5.15
 1494855682.89     0     44.58      0.00      4.76    12     46.43      0.00      5.15
 1494855682.99     0     44.60      0.00      4.78    12     46.40      0.00      5.06
 1494855683.09     0     44.71      0.00      4.81    12     46.37      0.00      5.11
 1494855683.19     0     45.33      0.00      4.79    12     46.41      0.00      5.13
 1494855683.29     0     45.37      0.00      4.79    12     46.39      0.00      5.07
 1494855683.39     0     45.80      0.00      4.85    12     46.81      0.00      5.18
 1494855683.49     0     45.39      0.00      4.82    12     46.43      0.00      5.11
 1494855683.59     0     45.39      0.00      4.82    12     46.36      0.00      5.08
 1494855683.69     0     45.37      0.00      4.97    12     46.35      0.00      5.12
 1494855683.79     0     45.39      0.00      4.79    12     46.39      0.00      5.07
 1494855683.89     0     45.40      0.00      4.85    12     46.40      0.00      5.14
 1494855683.99     0     45.32      0.00      4.80    12     46.32      0.00      5.14
 1494855684.09     0     45.43      0.00      4.75    12     46.44      0.00      5.10
 1494855684.19     0     45.33      0.00      4.83    12     46.39      0.00      5.07
 1494855684.29     0     45.36      0.00      4.77    12     46.38      0.00      5.11
 1494855684.39     0     45.38      0.00      4.82    12     46.41      0.00      5.10
 1494855684.49     0     45.33      0.00      4.72    12     46.33      0.00      5.11
 1494855684.59     0     45.37      0.00      4.97    12     46.40      0.00      5.09
 1494855684.69     0     45.42      0.00      4.82    12     46.37      0.00      5.09
 1494855684.79     0     45.36      0.00      4.69    12     46.38      0.00      5.09
 1494855684.89     0     45.35      0.00      4.89    12     46.43      0.00      5.21
 1494855684.99     0     45.44      0.00      4.74    12     46.35      0.00      5.05
 1494855685.09     0     45.34      0.00      4.82    12     46.40      0.00      5.12
 1494855685.19     0     45.33      0.00      4.84    12     46.33      0.00      5.12
 1494855685.29     0     45.37      0.00      4.77    12     46.39      0.00      5.17
 1494855685.39     0     45.32      0.00      4.82    12     46.42      0.00      5.13
 1494855685.49     0     45.38      0.00      4.89    12     46.36      0.00      5.11
 1494855685.59     0     45.64      0.00      4.94    12     46.41      0.00      5.17
 1494855685.69     0     45.90      0.00      4.83    12     46.37      0.00      5.11
 1494855685.79     0     45.74      0.00      4.86    12     46.37      0.00      5.18
 1494855685.89     0     45.63      0.00      4.68    12     46.36      0.00      5.17
 1494855685.99     0     45.48      0.00      4.88    12     46.45      0.00      5.07
 1494855686.09     0     45.25      0.00      4.84    12     46.38      0.00      5.13
 1494855686.19     0     45.19      0.00      4.83    12     46.82      0.00      5.21
 1494855686.29     0     44.97      0.00      4.79    12     46.42      0.00      5.15
 1494855686.39     0     44.81      0.00      4.76    12     46.35      0.00      5.16
 1494855686.49     0     44.57      0.00      4.95    12     46.48      0.00      5.13
 1494855686.59     0     44.60      0.00      4.86    12     46.37      0.00      5.15
 1494855686.69     0     44.55      0.00      4.78    12     46.36      0.00      5.05
 1494855686.79     0     44.57      0.00      4.80    12     46.37      0.00      5.06
 1494855686.89     0     44.66      0.00      4.87    12     46.45      0.00      5.20
 1494855686.99     0     44.50      0.00      4.85    12     46.42      0.00      5.16
 1494855687.10     0     43.45      0.00      4.81    12     44.81      0.00      5.06
 1494855687.20     0     29.18      0.00      4.55    12     27.60      0.00      4.05
 1494855687.30     0     24.18      0.00      4.71    12     24.37      0.00      4.57
 1494855687.40     0     23.03      0.00      4.34    12     23.66      0.00      4.13
 1494855687.50     0     23.52      0.00      4.49    12     23.96      0.00      4.32
 1494855687.60     0     23.20      0.00      4.84    12     23.71      0.00      4.81
