         #Time  Core     P_PKG     P_PP0    P_DRAM  Core     P_PKG     P_PP0    P_DRAM
 1494527694.98     0     24.71      0.00      5.76    12     25.66      0.00      5.77
 1494527695.08     0     52.59      0.00     15.86    12     56.49      0.00     17.06
 1494527695.18     0     60.86      0.00     12.67    12     64.94      0.00     13.48
 1494527695.28     0     63.67      0.00     13.86    12     64.79      0.00     14.28
 1494527695.38     0     67.13      0.00     15.57    12     69.59      0.00     16.22
 1494527695.48     0     71.85      0.00     15.72    12     75.25      0.00     16.49
 1494527695.58     0     69.19      0.00     14.12    12     72.65      0.00     15.39
 1494527695.68     0     76.82      0.00     17.52    12     78.00      0.00     18.05
 1494527695.78     0     68.53      0.00     16.97    12     74.05      0.00     18.00
 1494527695.88     0     70.41      0.00     15.37    12     73.91      0.00     15.87
 1494527695.98     0     73.32      0.00     15.91    12     76.32      0.00     16.63
 1494527696.08     0     70.85      0.00     15.23    12     73.25      0.00     15.90
 1494527696.18     0     71.25      0.00     16.45    12     75.99      0.00     17.59
 1494527696.28     0     68.38      0.00     13.51    12     70.31      0.00     14.22
 1494527696.38     0     71.15      0.00     15.91    12     73.73      0.00     16.33
 1494527696.48     0     68.41      0.00     16.30    12     72.59      0.00     16.31
 1494527696.58     0     73.91      0.00     15.43    12     76.62      0.00     16.52
 1494527696.68     0     76.09      0.00     17.01    12     77.15      0.00     17.86
 1494527696.78     0     69.04      0.00     16.62    12     72.56      0.00     17.75
 1494527696.88     0     71.32      0.00     15.33    12     73.53      0.00     15.90
 1494527696.98     0     75.87      0.00     16.16    12     76.26      0.00     17.22
 1494527697.08     0     68.89      0.00     15.77    12     70.48      0.00     16.58
 1494527697.18     0     70.74      0.00     17.05    12     77.85      0.00     17.71
 1494527697.28     0     71.64      0.00     15.14    12     74.76      0.00     15.57
 1494527697.38     0     70.86      0.00     15.73    12     72.56      0.00     15.99
 1494527697.48     0     71.67      0.00     16.28    12     75.40      0.00     16.82
 1494527697.58     0     72.23      0.00     14.54    12     73.82      0.00     14.96
 1494527697.68     0     75.35      0.00     17.24    12     76.24      0.00     18.08
 1494527697.78     0     71.59      0.00     17.23    12     74.07      0.00     17.97
 1494527697.88     0     66.69      0.00     15.73    12     72.60      0.00     16.08
 1494527697.98     0     76.70      0.00     17.04    12     76.41      0.00     17.84
 1494527698.08     0     66.81      0.00     15.72    12     70.70      0.00     16.39
 1494527698.18     0     74.77      0.00     16.96    12     77.15      0.00     17.78
 1494527698.28     0     66.19      0.00     12.71    12     69.23      0.00     13.07
 1494527698.38     0     71.31      0.00     15.89    12     72.63      0.00     16.39
 1494527698.48     0     70.43      0.00     16.68    12     77.55      0.00     17.52
 1494527698.58     0     75.53      0.00     15.89    12     72.63      0.00     16.37
 1494527698.68     0     72.83      0.00     15.07    12     70.71      0.00     16.28
 1494527698.78     0     67.04      0.00     15.65    12     68.72      0.00     16.02
 1494527698.88     0     74.37      0.00     16.65    12     76.98      0.00     17.51
 1494527698.98     0     67.73      0.00     14.17    12     69.65      0.00     14.81
 1494527699.08     0     72.18      0.00     15.32    12     71.89      0.00     16.12
 1494527699.18     0     73.76      0.00     16.32    12     72.63      0.00     17.11
 1494527699.28     0     70.29      0.00     15.13    12     69.18      0.00     16.42
 1494527699.38     0     75.24      0.00     16.66    12     74.09      0.00     17.13
 1494527699.48     0     67.24      0.00     16.30    12     73.89      0.00     16.70
 1494527699.58     0     73.87      0.00     16.57    12     73.81      0.00     17.05
 1494527699.68     0     69.19      0.00     13.67    12     68.85      0.00     14.51
 1494527699.79     0     67.38      0.00     15.55    12     67.94      0.00     16.24
 1494527699.89     0     70.91      0.00     16.26    12     74.01      0.00     17.35
 1494527699.99     0     64.84      0.00     14.49    12     72.25      0.00     15.39
 1494527700.09     0     74.64      0.00     16.98    12     72.48      0.00     17.43
 1494527700.19     0     68.67      0.00     17.09    12     76.66      0.00     17.62
 1494527700.29     0     71.09      0.00     15.26    12     72.95      0.00     16.35
 1494527700.39     0     74.26      0.00     16.15    12     75.97      0.00     17.00
 1494527700.49     0     65.37      0.00     15.02    12     68.80      0.00     16.05
 1494527700.59     0     73.12      0.00     16.84    12     76.11      0.00     17.36
 1494527700.69     0     66.31      0.00     13.39    12     69.09      0.00     13.81
 1494527700.79     0     73.38      0.00     16.83    12     75.04      0.00     17.57
 1494527700.89     0     66.74      0.00     15.58    12     70.95      0.00     16.10
 1494527700.99     0     69.48      0.00     15.31    12     74.40      0.00     15.96
 1494527701.09     0     73.05      0.00     15.71    12     74.48      0.00     16.29
 1494527701.19     0     66.12      0.00     15.17    12     72.03      0.00     15.58
 1494527701.29     0     72.66      0.00     16.86    12     74.20      0.00     17.84
 1494527701.39     0     70.76      0.00     15.22    12     74.10      0.00     15.46
 1494527701.49     0     69.30      0.00     15.83    12     73.29      0.00     16.57
 1494527701.59     0     70.62      0.00     15.73    12     75.13      0.00     16.77
 1494527701.69     0     68.60      0.00     14.52    12     74.21      0.00     14.80
 1494527701.79     0     75.31      0.00     16.72    12     76.42      0.00     17.02
 1494527701.89     0     69.80      0.00     16.89    12     75.43      0.00     17.59
 1494527701.99     0     72.63      0.00     16.32    12     74.76      0.00     16.97
 1494527702.09     0     67.38      0.00     12.36    12     61.70      0.00     13.60
 1494527702.19     0     72.38      0.00     16.62    12     72.42      0.00     17.28
 1494527702.29     0     68.42      0.00     15.82    12     70.47      0.00     16.18
 1494527702.39     0     71.59      0.00     15.82    12     70.61      0.00     16.44
 1494527702.49     0     75.54      0.00     16.52    12     72.78      0.00     17.59
 1494527702.59     0     71.08      0.00     15.16    12     68.40      0.00     15.80
 1494527702.69     0     74.65      0.00     15.92    12     73.72      0.00     16.75
 1494527702.79     0     67.41      0.00     13.18    12     65.21      0.00     14.18
 1494527702.89     0     71.05      0.00     15.86    12     73.67      0.00     16.35
 1494527702.99     0     67.75      0.00     15.80    12     73.57      0.00     16.37
 1494527703.09     0     70.98      0.00     15.05    12     74.08      0.00     16.12
 1494527703.19     0     75.53      0.00     16.63    12     77.27      0.00     17.79
 1494527703.29     0     71.10      0.00     16.02    12     73.77      0.00     16.76
 1494527703.39     0     67.52      0.00     16.06    12     72.20      0.00     16.32
 1494527703.49     0     71.44      0.00     13.50    12     69.83      0.00     14.74
 1494527703.59     0     70.08      0.00     15.16    12     67.46      0.00     15.75
 1494527703.69     0     70.66      0.00     16.20    12     69.69      0.00     17.11
 1494527703.79     0     68.21      0.00     15.49    12     73.22      0.00     15.57
 1494527703.89     0     75.60      0.00     16.56    12     76.24      0.00     17.32
 1494527703.99     0     69.18      0.00     16.87    12     76.13      0.00     17.29
 1494527704.09     0     71.97      0.00     16.02    12     73.05      0.00     17.02
 1494527704.19     0     73.30      0.00     15.71    12     75.20      0.00     16.72
 1494527704.29     0     71.33      0.00     15.54    12     73.54      0.00     16.21
 1494527704.39     0     76.19      0.00     17.17    12     77.00      0.00     17.66
 1494527704.49     0     68.64      0.00     13.19    12     69.17      0.00     13.82
 1494527704.59     0     74.27      0.00     16.46    12     73.46      0.00     17.18
 1494527704.69     0     69.94      0.00     14.71    12     70.83      0.00     15.84
 1494527704.79     0     72.08      0.00     15.34    12     74.66      0.00     15.84
 1494527704.89     0     72.54      0.00     15.94    12     73.80      0.00     16.45
 1494527704.99     0     69.51      0.00     15.03    12     68.61      0.00     16.02
 1494527705.09     0     73.28      0.00     16.22    12     74.81      0.00     17.04
 1494527705.19     0     67.79      0.00     13.68    12     67.55      0.00     15.23
 1494527705.29     0     71.09      0.00     16.18    12     74.54      0.00     16.42
 1494527705.39     0     68.57      0.00     15.04    12     72.58      0.00     16.28
 1494527705.49     0     71.68      0.00     16.71    12     74.93      0.00     17.10
 1494527705.59     0     67.71      0.00     14.75    12     67.40      0.00     15.52
 1494527705.70     0     65.00      0.00     14.45    12     69.42      0.00     14.97
 1494527705.80     0     74.21      0.00     16.14    12     76.23      0.00     16.88
 1494527705.90     0     67.04      0.00     13.48    12     64.23      0.00     14.11
 1494527706.00     0     76.17      0.00     16.47    12     75.64      0.00     17.54
 1494527706.10     0     72.55      0.00     16.55    12     73.27      0.00     17.33
 1494527706.20     0     65.45      0.00     15.56    12     72.26      0.00     16.28
 1494527706.30     0     73.29      0.00     16.16    12     77.01      0.00     16.71
 1494527706.40     0     69.70      0.00     15.43    12     73.42      0.00     16.21
 1494527706.50     0     73.92      0.00     17.06    12     76.50      0.00     17.72
 1494527706.60     0     59.93      0.00     13.46    12     69.58      0.00     13.80
 1494527706.70     0     74.33      0.00     16.96    12     74.50      0.00     18.22
 1494527706.80     0     65.77      0.00     15.07    12     69.50      0.00     15.63
 1494527706.90     0     70.53      0.00     15.16    12     69.42      0.00     15.46
 1494527707.00     0     72.45      0.00     15.85    12     73.78      0.00     17.24
 1494527707.10     0     65.82      0.00     15.16    12     66.03      0.00     15.70
 1494527707.20     0     76.01      0.00     16.44    12     77.39      0.00     17.52
 1494527707.30     0     67.98      0.00     13.48    12     69.16      0.00     14.18
 1494527707.40     0     71.64      0.00     16.13    12     74.25      0.00     16.70
 1494527707.50     0     66.05      0.00     15.65    12     73.02      0.00     16.22
 1494527707.60     0     73.20      0.00     15.83    12     75.44      0.00     16.47
 1494527707.70     0     75.45      0.00     16.66    12     76.03      0.00     17.43
 1494527707.80     0     67.30      0.00     15.73    12     71.10      0.00     17.31
 1494527707.90     0     72.82      0.00     16.92    12     77.20      0.00     16.79
 1494527708.00     0     66.62      0.00     14.25    12     70.86      0.00     14.33
 1494527708.10     0     67.60      0.00     15.15    12     72.28      0.00     15.97
 1494527708.20     0     73.86      0.00     17.02    12     77.84      0.00     17.48
 1494527708.30     0     69.20      0.00     14.26    12     73.14      0.00     15.52
 1494527708.40     0     74.52      0.00     17.38    12     76.67      0.00     18.30
 1494527708.50     0     69.45      0.00     16.30    12     72.38      0.00     17.40
 1494527708.60     0     65.16      0.00     14.85    12     73.26      0.00     15.46
 1494527708.70     0     68.60      0.00     15.82    12     74.48      0.00     16.13
 1494527708.80     0     65.02      0.00     15.05    12     67.92      0.00     16.26
 1494527708.90     0     71.45      0.00     15.45    12     73.10      0.00     16.23
 1494527709.00     0     62.35      0.00     13.73    12     65.86      0.00     14.03
 1494527709.10     0     71.52      0.00     16.01    12     73.72      0.00     17.04
 1494527709.20     0     69.46      0.00     17.37    12     74.63      0.00     17.97
 1494527709.30     0     71.74      0.00     16.01    12     72.52      0.00     16.50
 1494527709.40     0     66.45      0.00     12.98    12     66.54      0.00     13.75
 1494527709.50     0     68.41      0.00     15.13    12     71.74      0.00     15.76
 1494527709.60     0     70.79      0.00     16.54    12     75.57      0.00     16.65
 1494527709.70     0     70.23      0.00     15.28    12     74.98      0.00     16.18
 1494527709.80     0     75.63      0.00     16.44    12     75.34      0.00     18.02
 1494527709.90     0     70.79      0.00     16.05    12     73.37      0.00     17.65
 1494527710.00     0     73.37      0.00     15.22    12     70.52      0.00     15.38
 1494527710.10     0     68.98      0.00     12.92    12     66.51      0.00     13.95
 1494527710.20     0     68.61      0.00     14.64    12     70.66      0.00     15.44
 1494527710.30     0     74.79      0.00     16.28    12     72.38      0.00     17.21
 1494527710.40     0     70.26      0.00     14.92    12     75.04      0.00     15.61
 1494527710.50     0     74.24      0.00     16.73    12     73.53      0.00     17.41
 1494527710.60     0     68.63      0.00     16.84    12     72.89      0.00     17.79
 1494527710.70     0     67.61      0.00     15.44    12     72.16      0.00     16.38
 1494527710.80     0     64.90      0.00     14.22    12     72.84      0.00     14.92
 1494527710.90     0     65.91      0.00     14.02    12     68.78      0.00     14.59
 1494527711.00     0     71.54      0.00     17.18    12     77.39      0.00     16.82
 1494527711.10     0     70.38      0.00     14.49    12     73.14      0.00     15.23
 1494527711.20     0     74.37      0.00     17.66    12     76.88      0.00     18.26
 1494527711.30     0     72.69      0.00     16.14    12     72.18      0.00     17.04
 1494527711.40     0     70.94      0.00     15.28    12     70.02      0.00     16.14
 1494527711.50     0     72.81      0.00     15.46    12     73.42      0.00     17.09
 1494527711.60     0     62.22      0.00     14.41    12     65.43      0.00     15.01
 1494527711.70     0     70.20      0.00     15.62    12     70.06      0.00     16.16
 1494527711.80     0     66.10      0.00     12.74    12     68.51      0.00     13.80
 1494527711.91     0     76.87      0.00     16.68    12     75.73      0.00     18.31
 1494527712.01     0     65.46      0.00     15.29    12     70.20      0.00     15.38
 1494527712.11     0     68.81      0.00     16.11    12     72.92      0.00     16.23
 1494527712.21     0     61.99      0.00     13.25    12     66.95      0.00     13.71
 1494527712.31     0     71.19      0.00     15.34    12     71.97      0.00     15.50
 1494527712.41     0     73.02      0.00     15.87    12     74.31      0.00     16.65
 1494527712.51     0     70.06      0.00     15.67    12     70.68      0.00     17.49
 1494527712.61     0     70.92      0.00     15.76    12     73.55      0.00     16.58
 1494527712.71     0     69.16      0.00     15.36    12     72.36      0.00     15.57
 1494527712.81     0     74.66      0.00     16.81    12     76.79      0.00     17.84
 1494527712.91     0     66.89      0.00     12.48    12     68.86      0.00     13.27
 1494527713.01     0     75.48      0.00     16.81    12     73.63      0.00     16.80
 1494527713.11     0     69.84      0.00     15.67    12     70.74      0.00     16.14
 1494527713.21     0     67.73      0.00     15.35    12     74.48      0.00     16.50
 1494527713.31     0     73.91      0.00     16.22    12     77.29      0.00     17.27
 1494527713.41     0     65.07      0.00     15.05    12     67.36      0.00     15.64
 1494527713.51     0     72.47      0.00     16.95    12     77.37      0.00     17.27
 1494527713.61     0     59.27      0.00     13.41    12     68.56      0.00     13.34
 1494527713.71     0     71.48      0.00     16.11    12     72.94      0.00     17.19
 1494527713.81     0     68.33      0.00     15.31    12     71.06      0.00     16.14
 1494527713.91     0     71.63      0.00     15.37    12     73.85      0.00     16.57
 1494527714.01     0     76.06      0.00     16.49    12     76.32      0.00     17.39
 1494527714.11     0     73.33      0.00     16.27    12     75.11      0.00     16.04
 1494527714.21     0     71.08      0.00     16.46    12     67.82      0.00     17.19
 1494527714.31     0     68.42      0.00     14.08    12     71.89      0.00     14.71
 1494527714.41     0     66.52      0.00     14.18    12     69.80      0.00     15.10
 1494527714.51     0     71.28      0.00     16.03    12     73.81      0.00     17.18
 1494527714.61     0     70.24      0.00     14.90    12     68.10      0.00     15.60
 1494527714.71     0     73.52      0.00     15.66    12     74.61      0.00     17.44
 1494527714.81     0     74.83      0.00     16.95    12     73.99      0.00     17.40
 1494527714.91     0     70.68      0.00     16.43    12     76.38      0.00     17.60
 1494527715.01     0     64.26      0.00     13.85    12     69.63      0.00     14.03
 1494527715.11     0     70.82      0.00     14.92    12     72.14      0.00     14.99
 1494527715.21     0     70.65      0.00     15.91    12     70.91      0.00     16.55
 1494527715.31     0     72.69      0.00     15.12    12     76.54      0.00     16.12
 1494527715.41     0     73.80      0.00     17.53    12     76.97      0.00     18.25
 1494527715.51     0     73.91      0.00     16.73    12     74.42      0.00     16.90
 1494527715.61     0     70.32      0.00     15.01    12     73.61      0.00     15.95
 1494527715.71     0     74.63      0.00     16.10    12     74.58      0.00     16.47
 1494527715.81     0     69.04      0.00     14.73    12     70.75      0.00     15.82
 1494527715.91     0     70.13      0.00     16.96    12     75.96      0.00     17.79
 1494527716.01     0     61.86      0.00     12.95    12     70.24      0.00     13.17
 1494527716.11     0     75.05      0.00     17.05    12     75.79      0.00     17.65
 1494527716.21     0     69.76      0.00     16.94    12     76.33      0.00     16.35
 1494527716.31     0     67.93      0.00     13.98    12     70.59      0.00     14.80
 1494527716.41     0     73.64      0.00     15.59    12     74.10      0.00     16.19
 1494527716.51     0     67.82      0.00     14.49    12     66.84      0.00     15.32
 1494527716.61     0     70.05      0.00     16.72    12     76.07      0.00     17.46
 1494527716.71     0     67.32      0.00     13.27    12     64.02      0.00     14.51
 1494527716.81     0     77.72      0.00     17.89    12     78.92      0.00     18.41
 1494527716.91     0     71.69      0.00     15.78    12     73.13      0.00     17.17
 1494527717.01     0     73.72      0.00     15.73    12     72.43      0.00     16.18
 1494527717.11     0     76.78      0.00     16.66    12     76.08      0.00     17.14
 1494527717.21     0     71.40      0.00     14.87    12     71.93      0.00     15.51
 1494527717.31     0     73.72      0.00     16.63    12     74.75      0.00     17.32
 1494527717.41     0     64.00      0.00     14.22    12     72.46      0.00     14.63
 1494527717.51     0     70.17      0.00     15.90    12     71.39      0.00     16.43
 1494527717.61     0     74.79      0.00     17.21    12     76.85      0.00     17.97
 1494527717.71     0     66.68      0.00     13.59    12     69.08      0.00     14.58
 1494527717.81     0     76.00      0.00     16.51    12     75.87      0.00     17.51
 1494527717.92     0     71.85      0.00     16.03    12     72.10      0.00     17.34
 1494527718.02     0     73.01      0.00     15.94    12     75.67      0.00     17.49
 1494527718.12     0     73.61      0.00     15.20    12     75.04      0.00     15.84
 1494527718.22     0     67.18      0.00     15.48    12     72.67      0.00     15.56
 1494527718.32     0     75.06      0.00     17.31    12     77.90      0.00     17.36
 1494527718.42     0     67.97      0.00     13.75    12     71.12      0.00     14.00
 1494527718.52     0     74.73      0.00     16.83    12     75.31      0.00     17.67
 1494527718.62     0     69.21      0.00     15.37    12     73.13      0.00     16.18
 1494527718.72     0     72.07      0.00     15.75    12     73.44      0.00     16.33
 1494527718.82     0     75.46      0.00     16.62    12     77.20      0.00     17.43
 1494527718.92     0     67.99      0.00     15.90    12     70.34      0.00     16.81
 1494527719.02     0     73.21      0.00     15.70    12     75.89      0.00     17.34
 1494527719.12     0     71.05      0.00     14.44    12     73.72      0.00     15.39
 1494527719.22     0     71.17      0.00     15.36    12     71.60      0.00     15.26
 1494527719.32     0     75.63      0.00     15.71    12     72.35      0.00     16.64
 1494527719.42     0     71.64      0.00     16.01    12     76.62      0.00     16.83
 1494527719.52     0     74.25      0.00     16.66    12     77.57      0.00     17.15
 1494527719.62     0     69.54      0.00     16.85    12     75.62      0.00     17.45
 1494527719.72     0     71.62      0.00     16.12    12     75.85      0.00     16.97
 1494527719.82     0     64.13      0.00     13.45    12     70.30      0.00     13.91
 1494527719.92     0     68.24      0.00     13.96    12     69.16      0.00     14.38
 1494527720.02     0     73.01      0.00     16.25    12     72.42      0.00     17.52
 1494527720.12     0     72.81      0.00     15.42    12     74.76      0.00     16.29
 1494527720.22     0     75.93      0.00     16.99    12     77.55      0.00     17.65
 1494527720.32     0     68.64      0.00     16.95    12     75.24      0.00     17.06
 1494527720.42     0     67.98      0.00     14.76    12     72.43      0.00     15.30
 1494527720.52     0     68.83      0.00     14.80    12     72.87      0.00     15.66
 1494527720.62     0     72.15      0.00     15.27    12     72.98      0.00     15.72
 1494527720.72     0     72.81      0.00     15.10    12     73.47      0.00     16.09
 1494527720.82     0     70.67      0.00     15.03    12     73.17      0.00     15.40
 1494527720.92     0     75.43      0.00     17.79    12     77.79      0.00     18.13
 1494527721.02     0     67.59      0.00     15.69    12     73.01      0.00     16.48
 1494527721.12     0     69.81      0.00     14.52    12     73.44      0.00     15.81
 1494527721.22     0     76.54      0.00     16.84    12     77.28      0.00     17.77
 1494527721.32     0     65.81      0.00     15.53    12     70.18      0.00     15.70
 1494527721.42     0     67.36      0.00     14.47    12     69.63      0.00     14.80
 1494527721.52     0     72.25      0.00     14.98    12     73.67      0.00     15.54
 1494527721.62     0     70.90      0.00     15.80    12     73.36      0.00     16.90
 1494527721.72     0     69.45      0.00     16.05    12     75.18      0.00     16.90
 1494527721.82     0     69.70      0.00     14.76    12     72.95      0.00     15.72
 1494527721.92     0     75.89      0.00     16.87    12     76.74      0.00     17.35
 1494527722.02     0     66.20      0.00     15.42    12     73.55      0.00     16.74
 1494527722.12     0     74.62      0.00     16.77    12     73.67      0.00     17.66
 1494527722.22     0     67.92      0.00     13.03    12     65.57      0.00     14.16
 1494527722.32     0     70.18      0.00     15.07    12     72.02      0.00     15.75
 1494527722.42     0     76.25      0.00     16.97    12     76.11      0.00     17.22
 1494527722.52     0     62.50      0.00     14.62    12     72.17      0.00     14.89
 1494527722.62     0     73.13      0.00     16.43    12     74.86      0.00     16.99
 1494527722.72     0     66.99      0.00     15.89    12     71.23      0.00     17.25
 1494527722.82     0     72.52      0.00     16.47    12     73.65      0.00     17.46
 1494527722.92     0     67.69      0.00     12.95    12     67.85      0.00     14.33
 1494527723.02     0     70.65      0.00     15.81    12     72.64      0.00     16.07
 1494527723.12     0     70.38      0.00     16.55    12     76.19      0.00     17.52
 1494527723.22     0     69.15      0.00     14.42    12     72.33      0.00     15.40
 1494527723.32     0     74.34      0.00     16.19    12     74.41      0.00     17.23
 1494527723.42     0     67.33      0.00     16.02    12     73.70      0.00     16.59
 1494527723.52     0     69.84      0.00     16.22    12     73.65      0.00     16.18
 1494527723.62     0     62.14      0.00     13.65    12     68.82      0.00     13.55
 1494527723.72     0     71.83      0.00     15.71    12     73.38      0.00     16.32
 1494527723.82     0     72.93      0.00     16.70    12     76.93      0.00     17.31
 1494527723.93     0     70.57      0.00     14.25    12     73.11      0.00     14.53
 1494527724.03     0     73.98      0.00     15.93    12     74.81      0.00     16.69
 1494527724.13     0     68.50      0.00     16.59    12     71.86      0.00     17.54
 1494527724.23     0     71.29      0.00     15.29    12     72.17      0.00     16.15
 1494527724.33     0     60.64      0.00     13.54    12     68.69      0.00     14.10
 1494527724.43     0     71.82      0.00     15.45    12     73.37      0.00     15.62
 1494527724.53     0     72.87      0.00     16.46    12     72.28      0.00     17.18
 1494527724.63     0     65.97      0.00     14.70    12     72.52      0.00     15.21
 1494527724.73     0     74.03      0.00     16.37    12     73.95      0.00     17.10
 1494527724.83     0     70.66      0.00     16.97    12     77.04      0.00     17.61
 1494527724.93     0     67.95      0.00     14.30    12     70.24      0.00     15.24
 1494527725.03     0     70.58      0.00     14.95    12     74.18      0.00     15.62
 1494527725.13     0     69.76      0.00     15.31    12     70.27      0.00     16.61
 1494527725.23     0     73.27      0.00     16.42    12     75.98      0.00     17.65
 1494527725.33     0     53.48      0.00     12.20    12     61.51      0.00     13.10
 1494527725.43     0     15.14      0.00      1.94    12     19.07      0.00      2.35
 1494527725.53     0     14.20      0.00      1.87    12     16.30      0.00      2.08
 1494527725.63     0     16.55      0.00      2.51    12     19.87      0.00      2.94
