         #Time  Core     P_PKG     P_PP0    P_DRAM  Core     P_PKG     P_PP0    P_DRAM
 1493028141.60     0     26.02      0.00      5.48    12     25.87      0.00      5.48
 1493028141.70     0     33.91      0.00      6.58    12     34.35      0.00      7.32
 1493028141.80     0     33.65      0.00      6.07    12     33.28      0.00      7.11
 1493028141.90     0     31.66      0.00      4.61    12     29.44      0.00      4.30
 1493028142.00     0     32.72      0.00      5.52    12     33.26      0.00      6.53
 1493028142.10     0     34.06      0.00      5.42    12     34.08      0.00      6.25
 1493028142.20     0     32.71      0.00      5.31    12     32.03      0.00      6.10
 1493028142.30     0     32.31      0.00      5.21    12     32.76      0.00      6.00
 1493028142.40     0     33.71      0.00      5.94    12     33.74      0.00      6.93
 1493028142.51     0     33.17      0.00      5.21    12     33.20      0.00      6.11
 1493028142.61     0     31.59      0.00      5.05    12     31.17      0.00      5.63
 1493028142.71     0     33.46      0.00      5.59    12     33.77      0.00      6.39
 1493028142.81     0     32.86      0.00      5.20    12     31.36      0.00      6.25
 1493028142.91     0     33.05      0.00      5.27    12     33.11      0.00      6.17
 1493028143.01     0     31.92      0.00      5.47    12     32.47      0.00      6.23
 1493028143.11     0     34.01      0.00      5.74    12     34.39      0.00      7.12
 1493028143.21     0     32.18      0.00      5.13    12     32.30      0.00      6.04
 1493028143.31     0     31.59      0.00      5.23    12     32.57      0.00      6.10
 1493028143.41     0     32.87      0.00      5.54    12     32.77      0.00      6.66
 1493028143.51     0     33.25      0.00      5.41    12     34.17      0.00      6.48
 1493028143.61     0     31.92      0.00      5.34    12     33.30      0.00      6.05
 1493028143.71     0     31.19      0.00      5.20    12     31.69      0.00      5.74
 1493028143.81     0     33.91      0.00      5.75    12     34.14      0.00      6.82
 1493028143.91     0     32.13      0.00      5.14    12     32.46      0.00      5.95
 1493028144.01     0     30.70      0.00      5.03    12     31.30      0.00      5.70
 1493028144.11     0     33.05      0.00      5.34    12     33.17      0.00      6.74
 1493028144.21     0     33.67      0.00      5.24    12     33.27      0.00      5.84
 1493028144.31     0     32.55      0.00      4.96    12     32.64      0.00      5.84
 1493028144.41     0     32.80      0.00      5.43    12     32.47      0.00      6.44
 1493028144.51     0     34.08      0.00      5.42    12     34.42      0.00      6.49
 1493028144.61     0     33.11      0.00      5.03    12     32.03      0.00      5.65
 1493028144.71     0     32.34      0.00      5.34    12     32.45      0.00      6.27
 1493028144.81     0     33.52      0.00      5.68    12     34.07      0.00      6.82
 1493028144.91     0     32.86      0.00      5.15    12     32.30      0.00      6.04
 1493028145.01     0     32.31      0.00      5.00    12     32.96      0.00      5.80
 1493028145.11     0     33.33      0.00      5.52    12     33.50      0.00      6.79
 1493028145.21     0     33.63      0.00      5.29    12     33.42      0.00      6.19
 1493028145.31     0     31.86      0.00      5.14    12     32.81      0.00      5.98
 1493028145.41     0     32.32      0.00      5.39    12     32.33      0.00      6.54
 1493028145.51     0     33.98      0.00      5.46    12     34.11      0.00      6.54
 1493028145.61     0     31.24      0.00      4.91    12     32.97      0.00      5.67
 1493028145.71     0     30.47      0.00      5.17    12     31.69      0.00      6.16
 1493028145.81     0     33.85      0.00      5.50    12     34.15      0.00      6.47
 1493028145.91     0     32.05      0.00      5.03    12     30.67      0.00      5.94
 1493028146.01     0     32.50      0.00      5.17    12     32.24      0.00      5.58
 1493028146.11     0     33.34      0.00      5.34    12     33.41      0.00      6.48
 1493028146.21     0     33.84      0.00      5.50    12     33.94      0.00      6.39
 1493028146.31     0     30.58      0.00      4.99    12     28.63      0.00      5.14
 1493028146.41     0     32.61      0.00      5.33    12     33.01      0.00      6.25
 1493028146.51     0     34.33      0.00      5.33    12     34.31      0.00      6.52
 1493028146.61     0     32.21      0.00      5.01    12     32.91      0.00      5.73
 1493028146.71     0     31.94      0.00      5.13    12     32.66      0.00      6.08
 1493028146.81     0     33.86      0.00      5.64    12     33.73      0.00      6.44
 1493028146.91     0     32.75      0.00      5.07    12     31.81      0.00      5.94
 1493028147.02     0     32.33      0.00      4.90    12     32.29      0.00      5.78
 1493028147.12     0     32.52      0.00      5.34    12     32.81      0.00      6.29
 1493028147.22     0     33.77      0.00      5.31    12     33.96      0.00      6.33
 1493028147.32     0     32.03      0.00      5.20    12     32.13      0.00      5.75
 1493028147.42     0     32.13      0.00      5.14    12     32.48      0.00      5.98
 1493028147.52     0     33.85      0.00      5.68    12     33.78      0.00      7.10
 1493028147.62     0     32.16      0.00      4.98    12     33.35      0.00      6.01
 1493028147.72     0     32.27      0.00      5.19    12     33.09      0.00      5.82
 1493028147.82     0     32.31      0.00      5.46    12     32.40      0.00      6.39
 1493028147.92     0     32.68      0.00      5.27    12     33.84      0.00      6.41
 1493028148.02     0     32.43      0.00      5.17    12     32.62      0.00      5.85
 1493028148.12     0     32.43      0.00      5.19    12     32.70      0.00      6.31
 1493028148.22     0     33.55      0.00      5.98    12     34.10      0.00      6.41
 1493028148.32     0     32.13      0.00      5.33    12     33.24      0.00      5.85
 1493028148.42     0     31.97      0.00      5.34    12     32.03      0.00      5.84
 1493028148.52     0     34.34      0.00      5.83    12     33.98      0.00      6.57
 1493028148.62     0     32.33      0.00      5.18    12     33.21      0.00      5.78
 1493028148.72     0     32.27      0.00      5.42    12     32.49      0.00      5.72
 1493028148.82     0     32.68      0.00      5.88    12     32.40      0.00      5.90
 1493028148.92     0     33.94      0.00      5.66    12     34.10      0.00      6.22
 1493028149.02     0     32.67      0.00      5.20    12     33.03      0.00      5.53
 1493028149.12     0     31.86      0.00      5.47    12     32.34      0.00      5.85
 1493028149.22     0     34.14      0.00      5.67    12     33.90      0.00      6.62
 1493028149.32     0     32.73      0.00      5.27    12     33.33      0.00      5.72
 1493028149.42     0     32.35      0.00      5.26    12     32.37      0.00      5.70
 1493028149.52     0     33.48      0.00      5.60    12     32.86      0.00      6.32
 1493028149.62     0     32.93      0.00      5.48    12     33.74      0.00      5.92
 1493028149.72     0     31.26      0.00      5.35    12     32.73      0.00      5.76
 1493028149.82     0     32.98      0.00      5.46    12     32.55      0.00      6.03
 1493028149.92     0     33.69      0.00      5.56    12     34.25      0.00      6.26
 1493028150.02     0     32.45      0.00      5.10    12     33.18      0.00      5.51
 1493028150.12     0     32.06      0.00      5.39    12     32.27      0.00      5.70
 1493028150.22     0     34.13      0.00      6.05    12     33.61      0.00      6.38
 1493028150.32     0     33.63      0.00      5.19    12     33.34      0.00      5.83
 1493028150.42     0     31.85      0.00      5.18    12     32.04      0.00      5.64
 1493028150.52     0     33.09      0.00      5.66    12     32.72      0.00      6.28
 1493028150.62     0     33.66      0.00      5.37    12     33.07      0.00      6.00
 1493028150.72     0     32.62      0.00      5.37    12     33.11      0.00      5.73
 1493028150.82     0     32.39      0.00      5.56    12     32.01      0.00      6.07
 1493028150.92     0     34.26      0.00      6.13    12     34.24      0.00      6.01
 1493028151.02     0     33.10      0.00      5.33    12     32.24      0.00      5.70
 1493028151.12     0     31.67      0.00      5.49    12     32.00      0.00      5.64
 1493028151.22     0     32.37      0.00      5.72    12     32.56      0.00      6.16
 1493028151.32     0     34.03      0.00      5.82    12     34.38      0.00      6.41
 1493028151.43     0     32.77      0.00      5.21    12     33.07      0.00      5.77
 1493028151.53     0     31.96      0.00      5.49    12     32.83      0.00      5.51
 1493028151.63     0     33.58      0.00      5.98    12     32.76      0.00      6.47
 1493028151.73     0     33.63      0.00      5.27    12     33.70      0.00      5.94
 1493028151.83     0     32.26      0.00      5.30    12     33.04      0.00      5.62
 1493028151.93     0     32.43      0.00      5.71    12     32.30      0.00      5.83
 1493028152.03     0     33.77      0.00      5.96    12     33.86      0.00      6.39
 1493028152.13     0     33.44      0.00      5.39    12     32.71      0.00      5.79
 1493028152.23     0     32.21      0.00      5.45    12     32.65      0.00      5.63
 1493028152.33     0     33.44      0.00      5.82    12     33.09      0.00      6.26
 1493028152.43     0     33.50      0.00      5.35    12     33.74      0.00      5.89
 1493028152.53     0     32.35      0.00      5.33    12     33.02      0.00      5.75
 1493028152.63     0     32.84      0.00      5.59    12     32.52      0.00      6.00
 1493028152.73     0     33.81      0.00      5.55    12     33.90      0.00      6.24
 1493028152.83     0     32.78      0.00      5.23    12     32.83      0.00      5.84
 1493028152.93     0     31.50      0.00      5.33    12     32.45      0.00      5.58
 1493028153.03     0     34.32      0.00      6.18    12     33.53      0.00      6.19
 1493028153.13     0     33.31      0.00      5.22    12     33.51      0.00      5.81
 1493028153.23     0     32.00      0.00      5.21    12     32.78      0.00      5.66
 1493028153.33     0     32.92      0.00      5.93    12     32.34      0.00      6.04
 1493028153.43     0     33.97      0.00      5.61    12     34.19      0.00      6.23
 1493028153.53     0     32.05      0.00      5.38    12     32.33      0.00      5.63
 1493028153.63     0     31.69      0.00      5.40    12     31.25      0.00      5.64
 1493028153.73     0     34.21      0.00      5.84    12     34.23      0.00      6.46
 1493028153.83     0     33.94      0.00      5.38    12     33.05      0.00      5.73
 1493028153.93     0     31.58      0.00      5.31    12     32.51      0.00      5.47
 1493028154.03     0     33.20      0.00      5.91    12     32.78      0.00      6.22
 1493028154.13     0     33.90      0.00      5.71    12     33.95      0.00      6.18
 1493028154.23     0     32.55      0.00      5.10    12     32.28      0.00      5.52
 1493028154.33     0     32.25      0.00      5.48    12     32.92      0.00      5.88
 1493028154.43     0     33.16      0.00      5.69    12     33.89      0.00      6.56
 1493028154.53     0     32.92      0.00      5.22    12     32.98      0.00      5.67
 1493028154.63     0     32.15      0.00      5.31    12     32.20      0.00      5.63
 1493028154.73     0     33.69      0.00      6.01    12     33.23      0.00      6.27
 1493028154.83     0     33.63      0.00      5.29    12     33.91      0.00      5.94
 1493028154.93     0     32.70      0.00      5.62    12     32.97      0.00      5.80
 1493028155.03     0     32.34      0.00      5.76    12     32.86      0.00      5.87
 1493028155.13     0     33.49      0.00      5.92    12     32.64      0.00      6.26
 1493028155.23     0     33.45      0.00      5.88    12     33.96      0.00      6.23
 1493028155.33     0     32.90      0.00      5.64    12     33.14      0.00      6.08
 1493028155.43     0     32.76      0.00      5.46    12     32.98      0.00      5.78
 1493028155.53     0     33.13      0.00      5.78    12     32.64      0.00      6.09
 1493028155.63     0     33.07      0.00      5.49    12     32.62      0.00      6.23
 1493028155.73     0     34.02      0.00      5.61    12     34.28      0.00      6.07
 1493028155.83     0     32.43      0.00      5.32    12     33.04      0.00      5.68
 1493028155.93     0     31.93      0.00      5.51    12     32.23      0.00      5.68
 1493028156.03     0     34.00      0.00      6.08    12     33.41      0.00      6.41
 1493028156.13     0     33.40      0.00      5.36    12     33.60      0.00      5.73
 1493028156.24     0     31.83      0.00      5.15    12     31.99      0.00      5.51
 1493028156.34     0     33.86      0.00      5.85    12     33.10      0.00      6.12
 1493028156.44     0     33.93      0.00      5.28    12     33.83      0.00      5.85
 1493028156.54     0     32.57      0.00      5.21    12     32.88      0.00      5.85
 1493028156.64     0     32.62      0.00      5.60    12     32.53      0.00      6.14
 1493028156.74     0     33.87      0.00      5.74    12     33.91      0.00      6.31
 1493028156.84     0     32.76      0.00      5.43    12     33.20      0.00      5.78
 1493028156.94     0     31.87      0.00      5.32    12     31.49      0.00      5.75
 1493028157.04     0     34.44      0.00      6.40    12     34.16      0.00      6.48
 1493028157.14     0     33.41      0.00      5.33    12     33.50      0.00      5.49
 1493028157.24     0     31.66      0.00      5.35    12     32.58      0.00      5.64
 1493028157.34     0     33.30      0.00      5.75    12     32.57      0.00      6.21
 1493028157.44     0     33.42      0.00      5.41    12     33.92      0.00      5.89
 1493028157.54     0     32.82      0.00      5.26    12     33.42      0.00      5.82
 1493028157.64     0     32.61      0.00      5.62    12     32.18      0.00      5.95
 1493028157.74     0     33.95      0.00      5.52    12     34.00      0.00      6.14
 1493028157.84     0     31.94      0.00      5.35    12     31.45      0.00      5.66
 1493028157.94     0     32.39      0.00      5.23    12     32.55      0.00      5.65
 1493028158.04     0     33.80      0.00      5.86    12     33.86      0.00      6.51
 1493028158.14     0     32.96      0.00      5.32    12     31.32      0.00      5.55
 1493028158.24     0     31.96      0.00      5.25    12     32.61      0.00      5.64
 1493028158.34     0     33.21      0.00      5.48    12     32.74      0.00      6.09
 1493028158.44     0     33.43      0.00      5.30    12     33.97      0.00      5.89
 1493028158.54     0     32.52      0.00      5.21    12     32.86      0.00      5.66
 1493028158.64     0     32.83      0.00      5.33    12     32.65      0.00      5.80
 1493028158.74     0     34.64      0.00      5.93    12     34.23      0.00      6.28
 1493028158.84     0     32.68      0.00      5.17    12     32.51      0.00      5.43
 1493028158.94     0     32.31      0.00      5.52    12     32.30      0.00      5.76
 1493028159.04     0     33.30      0.00      5.94    12     33.30      0.00      6.26
 1493028159.14     0     33.37      0.00      5.47    12     33.69      0.00      5.78
 1493028159.24     0     32.60      0.00      5.65    12     33.08      0.00      5.73
 1493028159.34     0     31.87      0.00      5.56    12     32.23      0.00      5.66
 1493028159.44     0     34.28      0.00      5.93    12     33.53      0.00      6.27
 1493028159.54     0     33.41      0.00      5.44    12     33.56      0.00      5.83
 1493028159.64     0     32.45      0.00      5.43    12     33.11      0.00      5.69
 1493028159.74     0     32.43      0.00      5.72    12     32.16      0.00      5.95
 1493028159.84     0     33.70      0.00      5.98    12     34.16      0.00      6.20
 1493028159.94     0     32.37      0.00      5.49    12     33.18      0.00      5.84
 1493028160.04     0     32.17      0.00      5.42    12     32.29      0.00      5.55
 1493028160.14     0     33.99      0.00      6.21    12     33.37      0.00      6.43
 1493028160.24     0     33.57      0.00      5.36    12     33.34      0.00      5.54
 1493028160.34     0     31.92      0.00      5.34    12     32.81      0.00      5.62
 1493028160.44     0     33.31      0.00      5.87    12     32.53      0.00      6.11
 1493028160.54     0     34.08      0.00      5.58    12     34.22      0.00      5.93
 1493028160.64     0     32.28      0.00      5.13    12     32.98      0.00      5.40
 1493028160.74     0     32.62      0.00      5.56    12     32.35      0.00      5.91
 1493028160.84     0     34.19      0.00      5.68    12     33.97      0.00      6.01
 1493028160.94     0     32.42      0.00      5.28    12     32.83      0.00      5.57
 1493028161.04     0     31.68      0.00      5.57    12     32.34      0.00      5.87
 1493028161.15     0     34.50      0.00      5.97    12     33.88      0.00      6.37
 1493028161.25     0     32.96      0.00      5.01    12     32.62      0.00      5.49
 1493028161.35     0     32.16      0.00      5.07    12     31.61      0.00      5.37
 1493028161.45     0     33.75      0.00      6.01    12     34.48      0.00      6.29
 1493028161.55     0     34.12      0.00      5.33    12     33.60      0.00      5.70
 1493028161.65     0     32.64      0.00      5.42    12     32.93      0.00      5.56
 1493028161.75     0     32.26      0.00      5.76    12     32.35      0.00      5.93
 1493028161.85     0     33.84      0.00      5.74    12     33.99      0.00      5.95
 1493028161.95     0     32.26      0.00      5.54    12     33.16      0.00      5.71
 1493028162.05     0     32.34      0.00      5.64    12     32.25      0.00      5.74
 1493028162.15     0     34.20      0.00      6.21    12     33.52      0.00      6.34
 1493028162.25     0     33.23      0.00      5.20    12     33.20      0.00      5.75
 1493028162.35     0     30.99      0.00      5.27    12     29.88      0.00      5.59
 1493028162.45     0     33.19      0.00      5.75    12     33.45      0.00      6.00
 1493028162.55     0     33.98      0.00      5.35    12     33.72      0.00      5.93
 1493028162.65     0     32.71      0.00      5.31    12     32.65      0.00      5.70
 1493028162.75     0     32.90      0.00      6.00    12     32.70      0.00      6.02
 1493028162.85     0     33.83      0.00      5.75    12     33.91      0.00      5.98
 1493028162.95     0     33.11      0.00      5.66    12     33.09      0.00      5.68
 1493028163.05     0     32.57      0.00      5.67    12     32.52      0.00      5.72
 1493028163.15     0     33.33      0.00      5.95    12     33.46      0.00      6.44
 1493028163.25     0     32.98      0.00      5.44    12     33.26      0.00      6.03
 1493028163.35     0     32.16      0.00      5.68    12     33.22      0.00      5.78
 1493028163.45     0     32.80      0.00      5.49    12     32.09      0.00      5.82
 1493028163.55     0     34.04      0.00      6.03    12     34.27      0.00      6.27
 1493028163.65     0     32.69      0.00      5.29    12     33.05      0.00      5.83
 1493028163.75     0     32.04      0.00      5.50    12     31.78      0.00      5.62
 1493028163.85     0     32.85      0.00      5.75    12     32.59      0.00      6.25
 1493028163.95     0     34.04      0.00      5.88    12     33.69      0.00      6.07
 1493028164.05     0     32.78      0.00      5.33    12     32.24      0.00      5.61
 1493028164.15     0     31.93      0.00      5.77    12     32.31      0.00      6.10
 1493028164.25     0     34.28      0.00      5.73    12     34.39      0.00      6.46
 1493028164.35     0     32.26      0.00      4.94    12     32.98      0.00      5.43
 1493028164.45     0     32.00      0.00      5.15    12     32.68      0.00      5.46
 1493028164.55     0     33.95      0.00      6.01    12     33.16      0.00      6.43
 1493028164.65     0     33.62      0.00      5.39    12     33.72      0.00      5.62
 1493028164.75     0     32.17      0.00      5.26    12     32.67      0.00      5.41
 1493028164.85     0     33.34      0.00      5.96    12     32.70      0.00      6.22
 1493028164.95     0     33.68      0.00      5.64    12     33.69      0.00      6.21
 1493028165.05     0     32.33      0.00      5.07    12     33.07      0.00      5.49
 1493028165.15     0     32.59      0.00      5.44    12     32.04      0.00      6.14
 1493028165.25     0     34.24      0.00      5.76    12     34.24      0.00      6.59
 1493028165.35     0     32.62      0.00      5.00    12     32.75      0.00      5.33
 1493028165.45     0     31.88      0.00      5.62    12     32.78      0.00      5.63
 1493028165.55     0     34.47      0.00      6.01    12     33.78      0.00      6.31
 1493028165.65     0     33.10      0.00      5.08    12     33.27      0.00      5.75
 1493028165.75     0     31.38      0.00      5.40    12     31.88      0.00      5.49
 1493028165.85     0     34.37      0.00      6.31    12     33.48      0.00      6.08
 1493028165.95     0     33.79      0.00      5.53    12     33.89      0.00      5.71
 1493028166.05     0     32.08      0.00      5.36    12     31.82      0.00      5.25
 1493028166.15     0     33.10      0.00      5.76    12     33.13      0.00      5.96
 1493028166.26     0     34.07      0.00      5.68    12     33.95      0.00      5.94
 1493028166.36     0     32.54      0.00      5.26    12     33.00      0.00      5.33
 1493028166.46     0     32.15      0.00      5.69    12     32.43      0.00      5.75
 1493028166.56     0     33.85      0.00      6.00    12     33.99      0.00      5.94
 1493028166.66     0     32.77      0.00      5.37    12     32.39      0.00      5.66
 1493028166.76     0     32.29      0.00      5.59    12     32.08      0.00      5.39
 1493028166.86     0     34.04      0.00      6.36    12     33.98      0.00      6.09
 1493028166.96     0     33.51      0.00      5.73    12     33.53      0.00      5.83
 1493028167.06     0     32.44      0.00      5.29    12     31.80      0.00      5.20
 1493028167.16     0     32.39      0.00      5.74    12     32.66      0.00      5.90
 1493028167.26     0     34.52      0.00      6.11    12     34.19      0.00      6.42
 1493028167.36     0     33.19      0.00      5.35    12     33.28      0.00      5.40
 1493028167.46     0     31.54      0.00      5.73    12     31.97      0.00      5.48
 1493028167.56     0     34.07      0.00      6.06    12     33.74      0.00      5.97
 1493028167.66     0     33.48      0.00      5.98    12     33.55      0.00      6.11
 1493028167.76     0     31.83      0.00      5.40    12     32.35      0.00      5.77
 1493028167.86     0     31.93      0.00      5.68    12     32.64      0.00      5.32
 1493028167.96     0     34.39      0.00      6.06    12     34.07      0.00      6.01
 1493028168.06     0     33.22      0.00      5.52    12     33.03      0.00      5.84
 1493028168.16     0     32.41      0.00      5.47    12     31.78      0.00      5.41
 1493028168.26     0     33.04      0.00      5.92    12     33.03      0.00      6.01
 1493028168.36     0     33.81      0.00      5.53    12     33.71      0.00      5.97
 1493028168.46     0     32.66      0.00      5.61    12     33.12      0.00      5.49
 1493028168.56     0     32.49      0.00      5.84    12     32.27      0.00      5.90
 1493028168.66     0     33.88      0.00      5.63    12     34.26      0.00      5.99
 1493028168.76     0     32.63      0.00      5.20    12     33.12      0.00      5.43
 1493028168.86     0     32.18      0.00      5.83    12     32.29      0.00      5.72
 1493028168.96     0     34.10      0.00      6.04    12     33.76      0.00      6.27
 1493028169.06     0     32.94      0.00      5.09    12     33.01      0.00      5.36
 1493028169.16     0     32.08      0.00      5.80    12     32.07      0.00      5.33
 1493028169.26     0     33.82      0.00      6.07    12     33.71      0.00      6.29
 1493028169.36     0     33.89      0.00      5.30    12     33.61      0.00      5.81
 1493028169.46     0     32.11      0.00      5.49    12     32.23      0.00      5.23
 1493028169.56     0     33.02      0.00      5.96    12     33.23      0.00      5.78
 1493028169.66     0     34.25      0.00      5.87    12     33.95      0.00      5.93
 1493028169.76     0     32.16      0.00      5.27    12     32.51      0.00      5.57
 1493028169.86     0     32.42      0.00      5.67    12     32.74      0.00      5.57
 1493028169.96     0     34.06      0.00      5.66    12     33.85      0.00      5.97
 1493028170.06     0     32.99      0.00      5.40    12     33.37      0.00      5.42
 1493028170.16     0     31.84      0.00      5.68    12     31.75      0.00      5.34
 1493028170.26     0     34.52      0.00      6.54    12     33.65      0.00      6.17
 1493028170.36     0     33.35      0.00      5.22    12     33.41      0.00      5.57
 1493028170.46     0     32.35      0.00      5.42    12     31.18      0.00      5.33
 1493028170.56     0     33.48      0.00      6.36    12     34.30      0.00      6.14
 1493028170.66     0     33.24      0.00      5.78    12     33.85      0.00      5.75
 1493028170.76     0     32.21      0.00      5.50    12     32.55      0.00      5.41
 1493028170.86     0     33.05      0.00      5.99    12     32.37      0.00      5.95
 1493028170.96     0     34.07      0.00      5.78    12     33.95      0.00      6.04
 1493028171.06     0     33.17      0.00      5.24    12     33.05      0.00      5.59
 1493028171.16     0     33.24      0.00      5.70    12     32.54      0.00      5.42
 1493028171.26     0     32.62      0.00      6.29    12     33.18      0.00      5.87
 1493028171.37     0     33.50      0.00      5.71    12     33.42      0.00      5.78
 1493028171.47     0     33.28      0.00      5.66    12     33.33      0.00      5.76
 1493028171.57     0     31.41      0.00      5.90    12     32.38      0.00      5.78
 1493028171.67     0     33.91      0.00      6.48    12     33.38      0.00      5.92
 1493028171.77     0     33.73      0.00      5.76    12     33.45      0.00      5.75
 1493028171.87     0     32.63      0.00      5.32    12     33.13      0.00      5.23
 1493028171.97     0     32.54      0.00      5.85    12     32.24      0.00      5.99
 1493028172.07     0     33.78      0.00      5.71    12     33.92      0.00      6.04
 1493028172.17     0     32.45      0.00      5.26    12     32.30      0.00      5.42
 1493028172.27     0     32.71      0.00      5.69    12     32.27      0.00      5.77
 1493028172.37     0     34.57      0.00      5.85    12     34.00      0.00      6.03
 1493028172.47     0     33.10      0.00      5.55    12     32.91      0.00      5.80
 1493028172.57     0     32.34      0.00      5.50    12     32.36      0.00      5.64
 1493028172.67     0     33.72      0.00      6.36    12     33.92      0.00      5.86
 1493028172.77     0     33.04      0.00      5.79    12     32.93      0.00      5.79
 1493028172.87     0     32.72      0.00      5.41    12     32.95      0.00      5.41
 1493028172.97     0     33.19      0.00      5.89    12     33.14      0.00      6.05
 1493028173.07     0     33.49      0.00      5.64    12     33.59      0.00      5.77
 1493028173.17     0     32.79      0.00      5.49    12     32.86      0.00      5.48
 1493028173.27     0     32.43      0.00      6.04    12     32.62      0.00      5.95
 1493028173.37     0     33.80      0.00      5.66    12     33.72      0.00      5.91
 1493028173.47     0     32.29      0.00      5.49    12     33.21      0.00      5.70
 1493028173.57     0     32.75      0.00      5.53    12     32.30      0.00      5.55
 1493028173.67     0     34.17      0.00      6.29    12     33.45      0.00      6.19
 1493028173.77     0     33.27      0.00      5.29    12     32.82      0.00      5.81
 1493028173.87     0     31.80      0.00      5.52    12     32.79      0.00      5.25
 1493028173.97     0     33.20      0.00      5.83    12     32.61      0.00      6.01
 1493028174.07     0     33.75      0.00      5.46    12     33.85      0.00      5.65
 1493028174.17     0     32.25      0.00      5.31    12     32.45      0.00      5.24
 1493028174.27     0     32.75      0.00      5.81    12     32.42      0.00      5.79
 1493028174.37     0     34.12      0.00      5.68    12     34.04      0.00      5.99
 1493028174.47     0     32.72      0.00      5.32    12     33.17      0.00      5.54
 1493028174.57     0     31.86      0.00      5.62    12     32.18      0.00      5.35
 1493028174.67     0     34.27      0.00      6.11    12     33.37      0.00      6.01
 1493028174.77     0     33.71      0.00      5.69    12     33.63      0.00      5.53
 1493028174.87     0     32.08      0.00      5.46    12     32.81      0.00      5.51
 1493028174.97     0     32.94      0.00      5.70    12     32.74      0.00      5.94
 1493028175.07     0     33.91      0.00      5.81    12     33.80      0.00      5.96
 1493028175.17     0     32.99      0.00      5.50    12     32.98      0.00      5.53
 1493028175.27     0     31.76      0.00      5.59    12     33.00      0.00      5.50
 1493028175.37     0     33.44      0.00      6.13    12     32.69      0.00      6.15
 1493028175.47     0     32.95      0.00      5.50    12     33.54      0.00      5.86
 1493028175.57     0     32.72      0.00      5.74    12     32.95      0.00      5.78
 1493028175.67     0     31.90      0.00      5.60    12     32.12      0.00      5.59
 1493028175.77     0     34.67      0.00      6.37    12     33.96      0.00      5.99
 1493028175.87     0     33.32      0.00      5.25    12     33.52      0.00      5.81
 1493028175.97     0     32.13      0.00      5.13    12     31.10      0.00      5.34
 1493028176.07     0     33.52      0.00      5.98    12     33.96      0.00      5.98
 1493028176.17     0     33.27      0.00      5.80    12     33.73      0.00      5.85
 1493028176.27     0     32.49      0.00      5.40    12     32.66      0.00      5.41
 1493028176.37     0     32.94      0.00      6.06    12     32.65      0.00      5.71
 1493028176.47     0     33.81      0.00      5.84    12     33.83      0.00      6.04
 1493028176.57     0     32.63      0.00      5.44    12     32.78      0.00      5.51
 1493028176.68     0     32.37      0.00      5.58    12     32.10      0.00      5.79
 1493028176.78     0     34.32      0.00      5.94    12     34.34      0.00      5.81
 1493028176.88     0     33.52      0.00      5.32    12     33.33      0.00      5.50
 1493028176.98     0     31.93      0.00      5.33    12     32.51      0.00      5.29
 1493028177.08     0     33.76      0.00      6.69    12     33.37      0.00      6.29
 1493028177.18     0     33.57      0.00      5.25    12     33.46      0.00      5.68
 1493028177.28     0     31.76      0.00      5.36    12     32.42      0.00      5.20
 1493028177.38     0     18.50      0.00      2.58    12     17.77      0.00      2.79
 1493028177.48     0     14.16      0.00      1.83    12     14.68      0.00      2.10
 1493028177.58     0     14.09      0.00      1.80    12     14.21      0.00      2.03
 1493028177.68     0     13.95      0.00      1.84    12     15.34      0.00      2.27
 1493028177.78     0     14.27      0.00      1.63    12     14.99      0.00      2.14
 1493028177.88     0     13.89      0.00      1.82    12     14.64      0.00      2.13
 1493028177.98     0     13.54      0.00      1.82    12     14.90      0.00      2.10
 1493028178.08     0     17.65      0.00      2.62    12     17.09      0.00      2.77
