         #Time  Core     P_PKG     P_PP0    P_DRAM  Core     P_PKG     P_PP0    P_DRAM
 1494559660.60     0     22.03      0.00      5.42    12     24.61      0.00      5.78
 1494559660.70     0     42.30      0.00     13.53    12     43.41      0.00     13.87
 1494559660.80     0     56.30      0.00     15.52    12     58.20      0.00     16.09
 1494559660.90     0     61.15      0.00     11.16    12     60.54      0.00     11.50
 1494559661.00     0     66.02      0.00     13.73    12     66.08      0.00     14.50
 1494559661.10     0     62.27      0.00     11.46    12     61.22      0.00     11.70
 1494559661.20     0     71.87      0.00     15.09    12     72.78      0.00     15.64
 1494559661.30     0     70.14      0.00     14.86    12     70.47      0.00     14.66
 1494559661.40     0     69.62      0.00     12.65    12     68.43      0.00     13.12
 1494559661.50     0     69.66      0.00     14.61    12     70.93      0.00     14.69
 1494559661.60     0     74.51      0.00     15.62    12     72.41      0.00     15.61
 1494559661.70     0     72.99      0.00     14.81    12     72.21      0.00     15.07
 1494559661.80     0     61.58      0.00      8.93    12     59.42      0.00      9.23
 1494559661.90     0     65.74      0.00     14.55    12     67.04      0.00     14.88
 1494559662.00     0     71.09      0.00     14.11    12     69.82      0.00     14.64
 1494559662.10     0     65.95      0.00     11.49    12     64.78      0.00     11.89
 1494559662.20     0     72.20      0.00     14.68    12     71.02      0.00     14.77
 1494559662.30     0     71.63      0.00     14.69    12     72.23      0.00     14.95
 1494559662.40     0     64.33      0.00     12.05    12     64.65      0.00     12.30
 1494559662.50     0     74.57      0.00     15.77    12     73.43      0.00     16.20
 1494559662.60     0     72.97      0.00     14.58    12     71.35      0.00     14.70
 1494559662.71     0     64.94      0.00      9.94    12     63.37      0.00     10.05
 1494559662.81     0     63.71      0.00     13.14    12     64.55      0.00     13.15
 1494559662.91     0     71.12      0.00     15.02    12     71.16      0.00     15.34
 1494559663.01     0     69.08      0.00     13.07    12     68.85      0.00     13.27
 1494559663.11     0     70.50      0.00     13.12    12     69.27      0.00     13.75
 1494559663.21     0     67.37      0.00     13.33    12     66.09      0.00     13.55
 1494559663.31     0     64.11      0.00     12.10    12     63.43      0.00     12.41
 1494559663.41     0     73.05      0.00     16.02    12     71.28      0.00     16.07
 1494559663.51     0     71.66      0.00     14.60    12     70.01      0.00     14.93
 1494559663.61     0     65.19      0.00     10.28    12     63.47      0.00     10.55
 1494559663.71     0     64.98      0.00     12.84    12     66.43      0.00     13.02
 1494559663.81     0     72.81      0.00     15.81    12     73.13      0.00     15.76
 1494559663.91     0     68.73      0.00     12.62    12     67.13      0.00     13.04
 1494559664.01     0     72.85      0.00     13.89    12     72.08      0.00     14.34
 1494559664.11     0     68.10      0.00     13.84    12     67.94      0.00     13.67
 1494559664.21     0     67.77      0.00     13.35    12     67.15      0.00     13.18
 1494559664.31     0     67.82      0.00     12.82    12     68.25      0.00     13.84
 1494559664.41     0     73.22      0.00     15.04    12     72.98      0.00     15.46
 1494559664.51     0     70.96      0.00     13.86    12     70.31      0.00     13.81
 1494559664.61     0     64.94      0.00     12.92    12     66.89      0.00     13.17
 1494559664.71     0     74.65      0.00     15.85    12     74.74      0.00     16.13
 1494559664.81     0     71.41      0.00     14.54    12     71.65      0.00     14.69
 1494559664.91     0     62.97      0.00      9.44    12     60.42      0.00      9.47
 1494559665.01     0     66.66      0.00     14.10    12     68.03      0.00     14.54
 1494559665.11     0     70.93      0.00     15.11    12     70.06      0.00     15.27
 1494559665.21     0     64.48      0.00     11.18    12     65.86      0.00     11.52
 1494559665.31     0     71.44      0.00     14.80    12     71.52      0.00     15.45
 1494559665.41     0     63.71      0.00     11.07    12     62.76      0.00     11.39
 1494559665.51     0     70.49      0.00     14.54    12     71.60      0.00     14.97
 1494559665.61     0     71.52      0.00     15.47    12     70.98      0.00     15.74
 1494559665.71     0     73.73      0.00     15.18    12     73.54      0.00     15.28
 1494559665.81     0     62.82      0.00      8.96    12     60.94      0.00      9.29
 1494559665.91     0     66.58      0.00     13.15    12     67.09      0.00     13.83
 1494559666.01     0     66.53      0.00     13.61    12     66.96      0.00     13.61
 1494559666.11     0     67.95      0.00     13.16    12     65.84      0.00     13.04
 1494559666.21     0     71.39      0.00     14.89    12     72.39      0.00     15.08
 1494559666.31     0     63.98      0.00     10.90    12     62.91      0.00     11.19
 1494559666.41     0     69.15      0.00     14.36    12     69.00      0.00     14.69
 1494559666.51     0     72.25      0.00     16.20    12     74.35      0.00     16.76
 1494559666.61     0     70.62      0.00     14.48    12     70.75      0.00     14.34
 1494559666.71     0     65.26      0.00      9.49    12     63.78      0.00     10.06
 1494559666.81     0     66.06      0.00     13.72    12     66.34      0.00     13.91
 1494559666.91     0     69.50      0.00     13.86    12     69.20      0.00     14.16
 1494559667.01     0     69.43      0.00     13.66    12     68.61      0.00     14.20
 1494559667.11     0     73.83      0.00     14.69    12     72.97      0.00     15.00
 1494559667.21     0     64.61      0.00     12.46    12     64.17      0.00     12.79
 1494559667.31     0     63.57      0.00     13.49    12     66.47      0.00     13.39
 1494559667.41     0     73.52      0.00     16.00    12     74.04      0.00     16.54
 1494559667.51     0     70.52      0.00     14.28    12     70.80      0.00     14.37
 1494559667.61     0     65.65      0.00     10.01    12     64.00      0.00     10.30
 1494559667.71     0     66.17      0.00     13.44    12     66.84      0.00     13.61
 1494559667.81     0     73.28      0.00     16.06    12     73.32      0.00     15.41
 1494559667.91     0     68.16      0.00     12.30    12     67.23      0.00     12.43
 1494559668.01     0     71.53      0.00     13.79    12     70.74      0.00     13.70
 1494559668.11     0     70.35      0.00     14.00    12     70.02      0.00     14.17
 1494559668.21     0     62.92      0.00     11.75    12     63.53      0.00     11.88
 1494559668.31     0     72.43      0.00     14.69    12     72.89      0.00     15.23
 1494559668.41     0     73.32      0.00     14.63    12     72.49      0.00     14.97
 1494559668.51     0     64.31      0.00     11.42    12     64.64      0.00     11.72
 1494559668.61     0     70.05      0.00     15.62    12     72.57      0.00     15.37
 1494559668.71     0     69.60      0.00     15.19    12     70.93      0.00     15.28
 1494559668.81     0     74.96      0.00     15.92    12     75.57      0.00     15.71
 1494559668.92     0     61.13      0.00      8.37    12     58.60      0.00      8.55
 1494559669.02     0     68.02      0.00     14.87    12     69.81      0.00     14.84
 1494559669.12     0     70.98      0.00     15.38    12     71.19      0.00     15.46
 1494559669.22     0     68.90      0.00     12.67    12     66.12      0.00     12.99
 1494559669.32     0     69.62      0.00     13.15    12     68.43      0.00     13.25
 1494559669.42     0     66.53      0.00     12.69    12     65.16      0.00     13.11
 1494559669.52     0     65.20      0.00     13.31    12     67.31      0.00     13.64
 1494559669.62     0     74.18      0.00     16.14    12     74.09      0.00     16.11
 1494559669.72     0     75.25      0.00     15.36    12     73.67      0.00     15.69
 1494559669.82     0     63.53      0.00      9.37    12     61.65      0.00      9.53
 1494559669.92     0     69.99      0.00     14.82    12     70.54      0.00     14.43
 1494559670.02     0     71.04      0.00     14.77    12     69.88      0.00     14.65
 1494559670.12     0     70.73      0.00     13.62    12     70.23      0.00     13.30
 1494559670.22     0     71.41      0.00     13.31    12     70.25      0.00     13.97
 1494559670.32     0     69.53      0.00     14.55    12     68.96      0.00     14.59
 1494559670.42     0     61.36      0.00     10.40    12     60.93      0.00     10.60
 1494559670.52     0     73.77      0.00     16.00    12     74.40      0.00     16.35
 1494559670.62     0     71.02      0.00     14.59    12     72.31      0.00     15.03
 1494559670.72     0     66.45      0.00     10.89    12     64.46      0.00     11.40
 1494559670.82     0     69.77      0.00     15.00    12     69.13      0.00     15.20
 1494559670.92     0     72.56      0.00     16.26    12     72.68      0.00     15.90
 1494559671.02     0     69.37      0.00     13.54    12     68.08      0.00     13.47
 1494559671.12     0     64.97      0.00     10.35    12     64.06      0.00     10.72
 1494559671.22     0     65.82      0.00     13.59    12     66.16      0.00     13.99
 1494559671.32     0     69.31      0.00     14.10    12     70.17      0.00     14.12
 1494559671.42     0     67.30      0.00     12.53    12     66.56      0.00     12.75
 1494559671.52     0     70.61      0.00     15.23    12     72.81      0.00     15.37
 1494559671.62     0     63.64      0.00     11.10    12     61.66      0.00     11.09
 1494559671.72     0     71.33      0.00     15.20    12     70.37      0.00     15.38
 1494559671.82     0     70.87      0.00     14.87    12     71.34      0.00     15.27
 1494559671.92     0     68.98      0.00     13.61    12     68.91      0.00     13.35
 1494559672.02     0     66.01      0.00     10.42    12     65.18      0.00     10.46
 1494559672.12     0     67.19      0.00     14.37    12     67.01      0.00     13.96
 1494559672.22     0     69.58      0.00     14.35    12     70.55      0.00     14.43
 1494559672.32     0     65.53      0.00     11.81    12     65.02      0.00     12.13
 1494559672.42     0     74.36      0.00     15.03    12     74.23      0.00     15.27
 1494559672.52     0     67.78      0.00     13.46    12     67.46      0.00     13.92
 1494559672.62     0     66.53      0.00     13.13    12     67.38      0.00     13.39
 1494559672.72     0     74.09      0.00     15.98    12     74.13      0.00     16.25
 1494559672.82     0     70.82      0.00     14.57    12     72.01      0.00     15.00
 1494559672.92     0     65.96      0.00     10.11    12     64.79      0.00     10.26
 1494559673.02     0     67.92      0.00     13.74    12     66.94      0.00     13.23
 1494559673.12     0     74.82      0.00     16.62    12     75.00      0.00     16.74
 1494559673.22     0     65.44      0.00     11.73    12     65.01      0.00     11.94
 1494559673.32     0     73.09      0.00     13.77    12     70.64      0.00     14.16
 1494559673.42     0     66.12      0.00     13.57    12     67.47      0.00     13.59
 1494559673.52     0     64.50      0.00     12.33    12     62.97      0.00     12.67
 1494559673.62     0     70.07      0.00     14.52    12     68.20      0.00     14.59
 1494559673.72     0     71.82      0.00     14.81    12     72.57      0.00     14.69
 1494559673.82     0     71.37      0.00     13.65    12     70.63      0.00     14.16
 1494559673.92     0     69.34      0.00     13.64    12     69.52      0.00     13.83
 1494559674.02     0     73.30      0.00     15.90    12     74.11      0.00     15.67
 1494559674.12     0     74.49      0.00     15.56    12     72.51      0.00     15.10
 1494559674.22     0     63.47      0.00      9.22    12     63.15      0.00      9.73
 1494559674.32     0     67.40      0.00     13.38    12     67.07      0.00     13.89
 1494559674.42     0     64.37      0.00     11.93    12     63.45      0.00     12.48
 1494559674.52     0     70.63      0.00     14.13    12     70.84      0.00     14.27
 1494559674.62     0     71.73      0.00     14.33    12     72.37      0.00     15.09
 1494559674.72     0     66.61      0.00     12.12    12     63.99      0.00     11.88
 1494559674.82     0     69.18      0.00     14.48    12     69.07      0.00     14.77
 1494559674.93     0     70.87      0.00     15.47    12     70.08      0.00     15.57
 1494559675.03     0     74.34      0.00     15.49    12     71.94      0.00     14.96
 1494559675.13     0     62.09      0.00      9.04    12     61.94      0.00      9.37
 1494559675.23     0     68.04      0.00     14.40    12     69.02      0.00     14.56
 1494559675.33     0     68.15      0.00     14.06    12     69.31      0.00     14.00
 1494559675.43     0     66.01      0.00     12.28    12     66.43      0.00     12.68
 1494559675.53     0     72.89      0.00     14.06    12     72.03      0.00     14.31
 1494559675.63     0     73.82      0.00     15.13    12     74.36      0.00     15.79
 1494559675.73     0     59.78      0.00     10.76    12     59.72      0.00     10.98
 1494559675.83     0     73.03      0.00     15.91    12     74.53      0.00     16.32
 1494559675.93     0     71.43      0.00     14.82    12     71.56      0.00     14.79
 1494559676.03     0     65.06      0.00     10.10    12     64.24      0.00     10.48
 1494559676.13     0     68.99      0.00     14.19    12     69.68      0.00     14.16
 1494559676.23     0     72.30      0.00     15.94    12     73.53      0.00     16.14
 1494559676.33     0     68.14      0.00     13.28    12     67.68      0.00     13.26
 1494559676.43     0     69.69      0.00     11.94    12     68.59      0.00     12.55
 1494559676.53     0     67.28      0.00     14.05    12     67.78      0.00     14.56
 1494559676.63     0     62.15      0.00     11.91    12     61.77      0.00     11.65
 1494559676.73     0     72.11      0.00     14.56    12     72.18      0.00     14.84
 1494559676.83     0     73.15      0.00     14.52    12     72.08      0.00     14.89
 1494559676.93     0     68.20      0.00     12.68    12     68.04      0.00     12.77
 1494559677.03     0     71.21      0.00     14.82    12     69.69      0.00     14.32
 1494559677.13     0     73.61      0.00     16.26    12     74.46      0.00     16.20
 1494559677.23     0     71.49      0.00     14.66    12     72.24      0.00     15.04
 1494559677.33     0     59.90      0.00      7.86    12     58.86      0.00      8.33
 1494559677.43     0     67.04      0.00     14.37    12     67.18      0.00     14.55
 1494559677.53     0     67.97      0.00     13.54    12     67.69      0.00     13.71
 1494559677.63     0     68.24      0.00     13.35    12     67.41      0.00     13.81
 1494559677.73     0     74.90      0.00     15.02    12     74.67      0.00     15.48
 1494559677.83     0     65.71      0.00     12.01    12     65.21      0.00     12.39
 1494559677.93     0     68.92      0.00     13.61    12     68.75      0.00     13.48
 1494559678.03     0     74.10      0.00     15.88    12     72.61      0.00     16.12
 1494559678.13     0     71.93      0.00     14.80    12     73.21      0.00     14.64
 1494559678.23     0     66.19      0.00     10.69    12     63.78      0.00     10.63
 1494559678.33     0     69.19      0.00     13.74    12     67.92      0.00     13.90
 1494559678.43     0     72.22      0.00     15.85    12     72.96      0.00     16.33
 1494559678.53     0     66.83      0.00     11.80    12     65.86      0.00     12.14
 1494559678.63     0     72.40      0.00     13.94    12     72.19      0.00     14.17
 1494559678.73     0     68.42      0.00     12.89    12     67.67      0.00     13.13
 1494559678.83     0     65.28      0.00     12.81    12     65.13      0.00     13.06
 1494559678.93     0     73.58      0.00     15.86    12     74.53      0.00     16.24
 1494559679.03     0     71.06      0.00     14.88    12     71.65      0.00     14.87
 1494559679.13     0     65.55      0.00     10.22    12     64.63      0.00     10.18
 1494559679.23     0     67.04      0.00     14.16    12     67.45      0.00     13.95
 1494559679.33     0     73.25      0.00     16.12    12     73.28      0.00     16.16
 1494559679.43     0     67.44      0.00     12.28    12     64.17      0.00     12.34
 1494559679.53     0     70.92      0.00     12.74    12     70.90      0.00     13.24
 1494559679.63     0     69.18      0.00     13.84    12     69.00      0.00     14.33
 1494559679.73     0     63.87      0.00     12.01    12     64.64      0.00     12.36
 1494559679.83     0     71.31      0.00     13.88    12     70.29      0.00     14.56
 1494559679.93     0     72.05      0.00     14.39    12     73.11      0.00     15.07
 1494559680.03     0     64.31      0.00     10.93    12     63.63      0.00     11.20
 1494559680.13     0     72.43      0.00     15.17    12     71.82      0.00     14.59
 1494559680.23     0     72.45      0.00     15.62    12     71.85      0.00     15.76
 1494559680.33     0     70.58      0.00     13.53    12     70.60      0.00     14.16
 1494559680.43     0     66.74      0.00     10.48    12     64.65      0.00     10.40
 1494559680.53     0     67.32      0.00     14.17    12     67.49      0.00     14.21
 1494559680.63     0     66.23      0.00     13.36    12     64.85      0.00     13.80
 1494559680.73     0     66.71      0.00     13.46    12     68.78      0.00     14.09
 1494559680.83     0     69.99      0.00     13.71    12     69.41      0.00     14.31
 1494559680.94     0     65.50      0.00     12.26    12     63.82      0.00     12.44
 1494559681.04     0     70.95      0.00     14.72    12     72.75      0.00     15.16
 1494559681.14     0     73.57      0.00     15.99    12     74.09      0.00     16.41
 1494559681.24     0     72.43      0.00     14.67    12     71.46      0.00     14.52
 1494559681.34     0     60.20      0.00      8.08    12     60.18      0.00      8.48
 1494559681.44     0     66.73      0.00     14.10    12     67.00      0.00     14.29
 1494559681.54     0     66.66      0.00     13.33    12     67.56      0.00     13.59
 1494559681.64     0     67.58      0.00     12.78    12     67.22      0.00     12.90
 1494559681.74     0     72.08      0.00     14.89    12     72.50      0.00     15.04
 1494559681.84     0     71.13      0.00     13.85    12     71.48      0.00     14.00
 1494559681.94     0     66.36      0.00     13.23    12     68.39      0.00     13.45
 1494559682.04     0     73.50      0.00     15.94    12     73.08      0.00     16.02
 1494559682.14     0     69.56      0.00     14.00    12     70.70      0.00     13.99
 1494559682.24     0     67.78      0.00     11.21    12     67.26      0.00     11.30
 1494559682.34     0     71.64      0.00     14.97    12     71.83      0.00     14.43
 1494559682.44     0     72.55      0.00     16.51    12     76.43      0.00     16.78
 1494559682.54     0     64.38      0.00     10.40    12     62.38      0.00     10.54
 1494559682.64     0     70.10      0.00     12.75    12     68.85      0.00     12.96
 1494559682.74     0     64.74      0.00     12.93    12     65.96      0.00     13.30
 1494559682.84     0     63.30      0.00     11.79    12     62.24      0.00     12.27
 1494559682.94     0     72.22      0.00     15.60    12     74.10      0.00     16.29
 1494559683.04     0     71.33      0.00     14.94    12     72.89      0.00     15.18
 1494559683.14     0     64.34      0.00      9.91    12     63.79      0.00      9.94
 1494559683.24     0     64.81      0.00     13.70    12     66.76      0.00     13.34
 1494559683.34     0     68.81      0.00     14.03    12     68.21      0.00     13.77
 1494559683.44     0     67.82      0.00     14.09    12     69.41      0.00     13.56
 1494559683.54     0     71.87      0.00     13.96    12     71.40      0.00     14.23
 1494559683.64     0     63.24      0.00     11.72    12     61.95      0.00     12.15
 1494559683.74     0     67.95      0.00     13.98    12     69.28      0.00     14.61
 1494559683.84     0     71.95      0.00     15.93    12     72.85      0.00     16.17
 1494559683.94     0     68.00      0.00     13.21    12     68.47      0.00     13.04
 1494559684.04     0     64.41      0.00     10.03    12     63.62      0.00     10.41
 1494559684.14     0     65.89      0.00     14.42    12     67.72      0.00     14.82
 1494559684.24     0     71.60      0.00     14.92    12     70.51      0.00     14.73
 1494559684.34     0     71.22      0.00     13.88    12     70.27      0.00     14.08
 1494559684.44     0     68.42      0.00     13.02    12     68.91      0.00     13.35
 1494559684.54     0     68.38      0.00     13.63    12     67.48      0.00     13.70
 1494559684.64     0     61.71      0.00     12.59    12     64.05      0.00     12.38
 1494559684.74     0     73.25      0.00     15.89    12     72.93      0.00     16.04
 1494559684.84     0     67.41      0.00     12.75    12     67.09      0.00     12.95
 1494559684.94     0     64.70      0.00      9.84    12     63.52      0.00     10.24
 1494559685.04     0     66.77      0.00     13.37    12     65.86      0.00     13.70
 1494559685.14     0     65.69      0.00     12.64    12     65.02      0.00     13.00
 1494559685.24     0     68.43      0.00     13.81    12     70.58      0.00     14.01
 1494559685.34     0     73.56      0.00     14.75    12     73.12      0.00     14.39
 1494559685.44     0     65.31      0.00     11.65    12     64.47      0.00     12.19
 1494559685.54     0     68.46      0.00     14.47    12     70.67      0.00     14.89
 1494559685.64     0     70.88      0.00     15.48    12     71.70      0.00     15.68
 1494559685.74     0     64.86      0.00     11.17    12     64.70      0.00     11.41
 1494559685.84     0     70.30      0.00     12.20    12     69.64      0.00     12.60
 1494559685.94     0     67.24      0.00     13.59    12     68.07      0.00     13.42
 1494559686.04     0     68.33      0.00     13.06    12     66.79      0.00     13.15
 1494559686.14     0     69.71      0.00     13.18    12     68.86      0.00     13.90
 1494559686.24     0     75.19      0.00     15.09    12     74.68      0.00     15.56
 1494559686.34     0     67.69      0.00     12.91    12     67.15      0.00     12.51
 1494559686.44     0     67.72      0.00     13.47    12     68.55      0.00     13.82
 1494559686.54     0     72.88      0.00     15.84    12     73.02      0.00     16.22
 1494559686.64     0     70.13      0.00     13.63    12     70.20      0.00     13.64
 1494559686.74     0     62.69      0.00      9.00    12     60.42      0.00      9.36
 1494559686.84     0     63.65      0.00     12.96    12     64.86      0.00     13.56
 1494559686.95     0     69.88      0.00     14.21    12     69.42      0.00     14.56
 1494559687.05     0     65.74      0.00     12.08    12     66.46      0.00     12.46
 1494559687.15     0     71.90      0.00     14.66    12     72.74      0.00     14.83
 1494559687.25     0     69.39      0.00     13.14    12     68.64      0.00     13.11
 1494559687.35     0     69.17      0.00     13.97    12     69.53      0.00     13.88
 1494559687.45     0     72.69      0.00     15.93    12     73.30      0.00     15.71
 1494559687.55     0     68.74      0.00     13.83    12     71.36      0.00     14.31
 1494559687.65     0     66.86      0.00     10.70    12     65.87      0.00     10.75
 1494559687.75     0     65.07      0.00     13.61    12     66.96      0.00     13.56
 1494559687.85     0     59.37      0.00     11.13    12     60.92      0.00     11.12
 1494559687.95     0     72.78      0.00     14.99    12     73.09      0.00     15.68
 1494559688.05     0     73.15      0.00     14.42    12     72.50      0.00     15.07
 1494559688.15     0     66.50      0.00     11.88    12     65.87      0.00     12.34
 1494559688.25     0     70.30      0.00     14.67    12     72.02      0.00     14.63
 1494559688.35     0     71.98      0.00     15.82    12     71.19      0.00     16.04
 1494559688.45     0     70.43      0.00     14.00    12     72.56      0.00     14.16
 1494559688.55     0     62.93      0.00      9.20    12     60.52      0.00      9.14
 1494559688.65     0     64.22      0.00     13.32    12     66.51      0.00     13.53
 1494559688.75     0     68.69      0.00     14.08    12     69.31      0.00     14.29
 1494559688.85     0     66.27      0.00     12.26    12     67.44      0.00     13.00
 1494559688.95     0     71.28      0.00     14.36    12     72.52      0.00     14.87
 1494559689.05     0     64.83      0.00     11.23    12     64.50      0.00     11.20
 1494559689.15     0     69.93      0.00     14.31    12     71.96      0.00     14.78
 1494559689.25     0     72.89      0.00     16.01    12     71.61      0.00     16.40
 1494559689.35     0     67.63      0.00     12.28    12     67.20      0.00     12.22
 1494559689.45     0     68.81      0.00     11.78    12     68.79      0.00     12.34
 1494559689.55     0     67.08      0.00     13.50    12     67.34      0.00     13.46
 1494559689.65     0     65.50      0.00     12.31    12     64.61      0.00     12.34
 1494559689.75     0     68.60      0.00     14.04    12     70.19      0.00     14.57
 1494559689.85     0     71.94      0.00     14.41    12     72.29      0.00     15.14
 1494559689.95     0     65.89      0.00     11.20    12     65.09      0.00     11.31
 1494559690.05     0     71.65      0.00     14.25    12     71.85      0.00     14.83
 1494559690.15     0     72.62      0.00     15.66    12     72.87      0.00     16.12
 1494559690.25     0     68.32      0.00     13.18    12     68.53      0.00     13.42
 1494559690.35     0     67.97      0.00     11.20    12     67.16      0.00     11.38
 1494559690.45     0     66.62      0.00     13.51    12     68.01      0.00     13.54
 1494559690.55     0     69.35      0.00     14.15    12     69.88      0.00     14.26
 1494559690.65     0     65.41      0.00     11.90    12     64.58      0.00     12.55
 1494559690.75     0     72.40      0.00     14.61    12     71.54      0.00     15.08
 1494559690.85     0     68.96      0.00     13.42    12     69.52      0.00     13.99
 1494559690.95     0     65.84      0.00     13.82    12     68.04      0.00     14.24
 1494559691.05     0     72.62      0.00     15.59    12     73.68      0.00     16.38
 1494559691.15     0     69.28      0.00     14.27    12     71.66      0.00     14.49
 1494559691.25     0     66.64      0.00     11.08    12     65.94      0.00     11.28
 1494559691.35     0     69.72      0.00     14.45    12     69.57      0.00     14.44
 1494559691.45     0     71.80      0.00     15.85    12     73.10      0.00     15.34
 1494559691.55     0     73.50      0.00     14.42    12     71.77      0.00     14.81
 1494559691.65     0     65.96      0.00     10.62    12     66.23      0.00     11.11
 1494559691.75     0     66.99      0.00     13.48    12     67.94      0.00     13.36
 1494559691.85     0     67.33      0.00     13.05    12     68.17      0.00     13.83
 1494559691.95     0     67.74      0.00     12.79    12     67.22      0.00     13.51
 1494559692.05     0     73.48      0.00     15.69    12     75.60      0.00     16.86
 1494559692.15     0     65.07      0.00     10.39    12     64.64      0.00     10.75
 1494559692.25     0     68.13      0.00     13.65    12     68.73      0.00     13.57
 1494559692.35     0     72.71      0.00     16.51    12     74.44      0.00     16.65
 1494559692.45     0     67.62      0.00     11.95    12     66.20      0.00     11.38
 1494559692.55     0     71.11      0.00     13.39    12     70.43      0.00     13.16
 1494559692.65     0     71.07      0.00     14.15    12     71.19      0.00     14.47
 1494559692.75     0     68.71      0.00     13.52    12     67.25      0.00     13.40
 1494559692.85     0     67.93      0.00     13.03    12     67.60      0.00     13.54
 1494559692.95     0     71.89      0.00     14.37    12     71.67      0.00     14.78
 1494559693.05     0     65.19      0.00     11.40    12     65.79      0.00     11.79
 1494559693.16     0     71.70      0.00     15.00    12     72.87      0.00     15.17
 1494559693.26     0     71.71      0.00     15.70    12     71.40      0.00     15.95
 1494559693.36     0     69.70      0.00     13.20    12     67.73      0.00     13.65
 1494559693.46     0     66.28      0.00     10.49    12     65.84      0.00     10.51
 1494559693.56     0     71.26      0.00     14.64    12     71.91      0.00     14.77
 1494559693.66     0     70.98      0.00     14.93    12     71.34      0.00     14.70
 1494559693.76     0     68.56      0.00     12.73    12     67.50      0.00     12.94
 1494559693.86     0     71.25      0.00     13.47    12     70.01      0.00     13.72
 1494559693.96     0     69.95      0.00     14.03    12     69.22      0.00     14.23
 1494559694.06     0     63.61      0.00     11.80    12     63.47      0.00     11.98
 1494559694.16     0     73.89      0.00     16.20    12     75.26      0.00     16.42
 1494559694.26     0     72.64      0.00     14.56    12     71.90      0.00     15.01
 1494559694.36     0     64.90      0.00     10.34    12     64.36      0.00     10.47
 1494559694.46     0     68.45      0.00     14.04    12     69.04      0.00     13.96
 1494559694.56     0     72.68      0.00     16.03    12     72.90      0.00     16.48
 1494559694.66     0     68.99      0.00     13.53    12     69.70      0.00     13.71
 1494559694.76     0     67.94      0.00     11.49    12     66.59      0.00     12.01
 1494559694.86     0     67.91      0.00     13.74    12     68.08      0.00     14.15
 1494559694.96     0     69.45      0.00     13.97    12     69.77      0.00     14.19
 1494559695.06     0     67.57      0.00     12.22    12     65.49      0.00     12.77
 1494559695.16     0     72.06      0.00     14.57    12     72.46      0.00     15.24
 1494559695.26     0     65.81      0.00     11.64    12     65.05      0.00     12.18
 1494559695.36     0     70.71      0.00     15.40    12     71.23      0.00     15.34
 1494559695.46     0     72.00      0.00     15.70    12     71.96      0.00     16.04
 1494559695.56     0     68.08      0.00     12.17    12     68.04      0.00     12.82
 1494559695.66     0     73.37      0.00     12.83    12     71.80      0.00     12.93
 1494559695.76     0     67.24      0.00     12.81    12     67.30      0.00     13.16
 1494559695.86     0     73.17      0.00     15.16    12     73.12      0.00     16.13
 1494559695.96     0     65.14      0.00     10.98    12     64.07      0.00     11.39
 1494559696.06     0     69.53      0.00     13.57    12     70.11      0.00     13.56
 1494559696.16     0     65.70      0.00     12.41    12     64.88      0.00     12.81
 1494559696.26     0     67.66      0.00     13.56    12     69.21      0.00     13.95
 1494559696.36     0     73.48      0.00     15.65    12     72.66      0.00     16.56
 1494559696.46     0     70.71      0.00     14.23    12     72.34      0.00     14.69
 1494559696.56     0     64.88      0.00     10.31    12     64.19      0.00     10.60
 1494559696.66     0     67.34      0.00     13.58    12     67.69      0.00     13.78
 1494559696.76     0     68.35      0.00     14.35    12     70.37      0.00     13.96
 1494559696.86     0     67.04      0.00     11.83    12     65.97      0.00     12.58
 1494559696.96     0     71.79      0.00     14.57    12     72.61      0.00     15.13
 1494559697.06     0     64.96      0.00     11.19    12     64.56      0.00     11.29
 1494559697.16     0     69.88      0.00     14.61    12     70.27      0.00     14.81
 1494559697.26     0     71.70      0.00     15.92    12     71.05      0.00     15.97
 1494559697.36     0     66.22      0.00     11.41    12     65.13      0.00     12.03
 1494559697.46     0     70.36      0.00     12.38    12     70.12      0.00     12.95
 1494559697.56     0     70.83      0.00     15.05    12     72.65      0.00     15.44
 1494559697.66     0     69.91      0.00     13.76    12     69.70      0.00     13.73
 1494559697.76     0     70.46      0.00     13.89    12     70.51      0.00     13.62
 1494559697.86     0     70.66      0.00     13.49    12     70.50      0.00     13.51
 1494559697.96     0     69.46      0.00     13.84    12     69.98      0.00     14.20
 1494559698.06     0     64.01      0.00     11.63    12     63.94      0.00     11.74
 1494559698.16     0     73.15      0.00     15.84    12     73.06      0.00     16.20
 1494559698.26     0     72.90      0.00     14.67    12     72.90      0.00     14.99
 1494559698.36     0     63.76      0.00     10.24    12     63.35      0.00     10.56
 1494559698.46     0     68.70      0.00     13.85    12     68.22      0.00     13.81
 1494559698.56     0     74.77      0.00     16.38    12     74.55      0.00     17.17
 1494559698.66     0     65.27      0.00     11.08    12     66.52      0.00     11.57
 1494559698.76     0     68.89      0.00     12.29    12     67.73      0.00     12.58
 1494559698.86     0     66.55      0.00     13.98    12     66.06      0.00     14.08
 1494559698.97     0     60.73      0.00     11.45    12     61.87      0.00     11.84
 1494559699.07     0     71.53      0.00     15.60    12     74.29      0.00     16.24
 1494559699.17     0     69.84      0.00     13.62    12     69.49      0.00     14.10
 1494559699.27     0     62.13      0.00     10.05    12     62.63      0.00     10.26
 1494559699.37     0     68.39      0.00     14.43    12     67.48      0.00     14.65
 1494559699.47     0     67.33      0.00     13.94    12     68.10      0.00     14.14
 1494559699.57     0     67.10      0.00     12.36    12     67.02      0.00     12.94
 1494559699.67     0     66.94      0.00     13.61    12     66.80      0.00     14.39
 1494559699.77     0     23.59      0.00      3.92    12     26.29      0.00      4.21
 1494559699.87     0     13.04      0.00      2.04    12     16.64      0.00      2.42
 1494559699.97     0     14.19      0.00      2.10    12     16.93      0.00      2.39
 1494559700.07     0     13.13      0.00      2.10    12     16.41      0.00      2.28
 1494559700.17     0     22.51      0.00      4.64    12     23.70      0.00      3.90
 1494559700.27     0     21.89      0.00      4.69    12     23.42      0.00      4.05
