         #Time  Core     P_PKG     P_PP0    P_DRAM  Core     P_PKG     P_PP0    P_DRAM
 1494553350.94     0     22.59      0.00      4.64    12     20.52      0.00      4.80
 1494553351.04     0     46.59      0.00     13.89    12     43.04      0.00     14.24
 1494553351.14     0     62.63      0.00     15.65    12     56.84      0.00     14.63
 1494553351.24     0     64.41      0.00     11.94    12     60.33      0.00     12.50
 1494553351.34     0     74.94      0.00     17.61    12     74.92      0.00     18.29
 1494553351.44     0     74.42      0.00     16.55    12     72.85      0.00     17.18
 1494553351.54     0     73.93      0.00     15.90    12     72.84      0.00     16.01
 1494553351.64     0     74.97      0.00     15.12    12     72.95      0.00     15.83
 1494553351.74     0     72.56      0.00     14.89    12     68.97      0.00     15.76
 1494553351.84     0     74.55      0.00     16.74    12     71.90      0.00     17.33
 1494553351.94     0     71.97      0.00     13.21    12     68.42      0.00     13.82
 1494553352.04     0     75.22      0.00     17.12    12     75.08      0.00     17.35
 1494553352.14     0     73.58      0.00     16.34    12     71.25      0.00     16.24
 1494553352.24     0     73.89      0.00     15.56    12     72.38      0.00     15.75
 1494553352.34     0     72.29      0.00     14.82    12     71.47      0.00     15.56
 1494553352.44     0     71.71      0.00     14.75    12     67.13      0.00     15.84
 1494553352.54     0     74.67      0.00     16.43    12     72.21      0.00     16.78
 1494553352.64     0     72.15      0.00     13.22    12     69.71      0.00     13.86
 1494553352.74     0     74.32      0.00     16.96    12     75.11      0.00     17.94
 1494553352.84     0     74.27      0.00     16.51    12     72.03      0.00     17.55
 1494553352.94     0     74.29      0.00     16.14    12     71.77      0.00     16.35
 1494553353.04     0     73.09      0.00     13.97    12     70.88      0.00     14.63
 1494553353.14     0     68.42      0.00     14.69    12     65.99      0.00     14.63
 1494553353.24     0     72.57      0.00     16.06    12     72.08      0.00     16.47
 1494553353.34     0     75.12      0.00     15.14    12     71.37      0.00     15.75
 1494553353.44     0     74.20      0.00     16.41    12     73.55      0.00     16.72
 1494553353.54     0     73.97      0.00     17.21    12     73.50      0.00     17.71
 1494553353.64     0     73.50      0.00     15.94    12     71.88      0.00     16.59
 1494553353.75     0     68.06      0.00     12.00    12     64.77      0.00     12.50
 1494553353.85     0     69.14      0.00     15.81    12     68.98      0.00     16.13
 1494553353.95     0     72.51      0.00     16.67    12     70.96      0.00     17.77
 1494553354.05     0     73.10      0.00     14.81    12     70.27      0.00     15.59
 1494553354.15     0     75.10      0.00     16.69    12     72.95      0.00     15.67
 1494553354.25     0     74.56      0.00     16.40    12     71.67      0.00     17.19
 1494553354.35     0     72.89      0.00     16.77    12     72.04      0.00     16.98
 1494553354.45     0     70.47      0.00     12.70    12     68.27      0.00     13.59
 1494553354.55     0     73.03      0.00     15.93    12     70.56      0.00     16.54
 1494553354.65     0     72.64      0.00     15.42    12     71.22      0.00     16.44
 1494553354.75     0     74.41      0.00     17.30    12     73.52      0.00     17.34
 1494553354.85     0     71.03      0.00     13.99    12     68.27      0.00     14.80
 1494553354.95     0     71.94      0.00     14.93    12     70.29      0.00     15.77
 1494553355.05     0     74.51      0.00     16.21    12     72.20      0.00     17.40
 1494553355.15     0     72.98      0.00     13.65    12     69.31      0.00     14.52
 1494553355.25     0     72.94      0.00     15.98    12     72.46      0.00     16.01
 1494553355.35     0     74.75      0.00     16.55    12     71.41      0.00     16.10
 1494553355.45     0     73.00      0.00     16.63    12     73.84      0.00     17.16
 1494553355.55     0     71.60      0.00     13.33    12     66.96      0.00     13.81
 1494553355.65     0     73.31      0.00     15.75    12     69.82      0.00     16.26
 1494553355.75     0     73.58      0.00     16.44    12     73.24      0.00     16.62
 1494553355.85     0     71.84      0.00     14.80    12     69.62      0.00     15.08
 1494553355.95     0     76.06      0.00     16.05    12     76.22      0.00     17.60
 1494553356.05     0     72.37      0.00     15.23    12     70.04      0.00     15.82
 1494553356.15     0     72.07      0.00     15.77    12     71.16      0.00     17.03
 1494553356.25     0     72.44      0.00     13.28    12     68.10      0.00     12.99
 1494553356.35     0     74.36      0.00     17.14    12     71.68      0.00     16.80
 1494553356.45     0     73.30      0.00     16.14    12     72.01      0.00     16.44
 1494553356.55     0     72.13      0.00     14.71    12     69.89      0.00     15.55
 1494553356.65     0     73.20      0.00     14.15    12     69.47      0.00     14.77
 1494553356.75     0     72.23      0.00     15.24    12     69.16      0.00     15.86
 1494553356.85     0     70.22      0.00     16.08    12     70.84      0.00     16.03
 1494553356.95     0     72.52      0.00     13.94    12     69.47      0.00     14.59
 1494553357.05     0     73.14      0.00     15.76    12     72.43      0.00     16.71
 1494553357.15     0     74.56      0.00     16.55    12     72.88      0.00     17.06
 1494553357.25     0     74.96      0.00     16.63    12     71.99      0.00     16.87
 1494553357.35     0     69.98      0.00     12.91    12     67.13      0.00     12.73
 1494553357.45     0     70.97      0.00     15.97    12     68.93      0.00     15.96
 1494553357.55     0     71.23      0.00     15.82    12     70.11      0.00     16.48
 1494553357.65     0     75.20      0.00     15.10    12     72.18      0.00     16.60
 1494553357.75     0     73.63      0.00     15.39    12     72.41      0.00     16.27
 1494553357.85     0     73.01      0.00     14.90    12     69.28      0.00     15.90
 1494553357.95     0     73.13      0.00     15.83    12     71.89      0.00     16.89
 1494553358.05     0     70.91      0.00     12.49    12     67.60      0.00     13.08
 1494553358.15     0     76.14      0.00     17.15    12     74.85      0.00     18.08
 1494553358.25     0     75.39      0.00     16.61    12     71.12      0.00     17.15
 1494553358.35     0     73.72      0.00     16.36    12     73.61      0.00     16.55
 1494553358.45     0     67.69      0.00     12.48    12     64.14      0.00     12.09
 1494553358.55     0     71.01      0.00     15.02    12     69.43      0.00     16.37
 1494553358.65     0     74.22      0.00     15.85    12     72.46      0.00     16.83
 1494553358.76     0     75.35      0.00     15.95    12     73.99      0.00     16.22
 1494553358.86     0     70.40      0.00     13.70    12     68.31      0.00     14.85
 1494553358.96     0     72.69      0.00     14.75    12     69.92      0.00     15.53
 1494553359.06     0     72.89      0.00     15.98    12     69.68      0.00     16.37
 1494553359.16     0     74.17      0.00     14.37    12     70.19      0.00     15.20
 1494553359.26     0     72.15      0.00     16.40    12     71.14      0.00     16.76
 1494553359.36     0     71.03      0.00     16.43    12     68.49      0.00     17.03
 1494553359.46     0     69.49      0.00     15.67    12     68.61      0.00     15.48
 1494553359.56     0     75.20      0.00     14.80    12     73.11      0.00     14.98
 1494553359.66     0     67.78      0.00     14.94    12     67.11      0.00     15.56
 1494553359.76     0     70.49      0.00     16.04    12     69.04      0.00     16.45
 1494553359.86     0     73.02      0.00     14.56    12     70.58      0.00     15.54
 1494553359.96     0     75.16      0.00     16.27    12     73.11      0.00     16.73
 1494553360.06     0     71.52      0.00     16.02    12     69.91      0.00     16.17
 1494553360.16     0     71.87      0.00     15.58    12     69.39      0.00     16.15
 1494553360.26     0     73.59      0.00     14.16    12     71.92      0.00     15.13
 1494553360.36     0     71.17      0.00     15.87    12     69.73      0.00     16.23
 1494553360.46     0     70.83      0.00     15.97    12     69.19      0.00     15.14
 1494553360.56     0     75.17      0.00     16.23    12     73.95      0.00     16.63
 1494553360.66     0     74.33      0.00     16.20    12     74.97      0.00     17.61
 1494553360.76     0     73.08      0.00     16.78    12     70.46      0.00     17.54
 1494553360.86     0     68.22      0.00     14.29    12     65.18      0.00     14.89
 1494553360.96     0     74.99      0.00     14.73    12     74.27      0.00     15.19
 1494553361.06     0     73.75      0.00     16.06    12     72.23      0.00     16.47
 1494553361.16     0     73.23      0.00     15.88    12     70.08      0.00     16.56
 1494553361.26     0     75.35      0.00     16.04    12     73.59      0.00     16.64
 1494553361.36     0     73.44      0.00     15.13    12     71.64      0.00     15.78
 1494553361.46     0     70.53      0.00     14.69    12     68.26      0.00     15.16
 1494553361.56     0     73.72      0.00     16.70    12     70.81      0.00     16.63
 1494553361.66     0     71.98      0.00     13.04    12     69.28      0.00     13.61
 1494553361.76     0     76.04      0.00     17.31    12     75.45      0.00     18.26
 1494553361.86     0     73.76      0.00     15.49    12     68.58      0.00     16.35
 1494553361.96     0     74.51      0.00     16.54    12     73.65      0.00     17.84
 1494553362.06     0     67.40      0.00     11.89    12     62.51      0.00     12.15
 1494553362.16     0     73.77      0.00     16.18    12     73.20      0.00     17.28
 1494553362.26     0     72.93      0.00     16.44    12     71.02      0.00     16.55
 1494553362.36     0     74.77      0.00     15.64    12     73.55      0.00     16.15
 1494553362.46     0     72.45      0.00     14.33    12     69.73      0.00     14.37
 1494553362.56     0     70.77      0.00     15.16    12     69.87      0.00     15.34
 1494553362.66     0     75.28      0.00     16.61    12     71.06      0.00     17.82
 1494553362.76     0     74.79      0.00     14.29    12     70.99      0.00     15.26
 1494553362.86     0     75.09      0.00     17.70    12     73.43      0.00     17.84
 1494553362.96     0     69.73      0.00     16.20    12     68.61      0.00     16.94
 1494553363.06     0     71.27      0.00     15.14    12     68.86      0.00     15.34
 1494553363.16     0     75.32      0.00     14.64    12     72.23      0.00     15.25
 1494553363.26     0     69.25      0.00     15.44    12     66.05      0.00     16.03
 1494553363.36     0     73.08      0.00     16.81    12     72.51      0.00     16.98
 1494553363.46     0     72.80      0.00     13.66    12     68.22      0.00     13.92
 1494553363.56     0     73.51      0.00     16.18    12     72.38      0.00     16.76
 1494553363.66     0     74.60      0.00     16.07    12     72.38      0.00     17.87
 1494553363.76     0     71.70      0.00     15.72    12     70.31      0.00     16.12
 1494553363.86     0     74.30      0.00     14.13    12     73.79      0.00     15.14
 1494553363.96     0     66.21      0.00     13.77    12     62.71      0.00     14.34
 1494553364.06     0     73.84      0.00     16.55    12     71.69      0.00     17.51
 1494553364.16     0     73.94      0.00     15.29    12     71.19      0.00     15.99
 1494553364.27     0     74.03      0.00     16.39    12     73.47      0.00     17.13
 1494553364.37     0     73.66      0.00     16.98    12     72.11      0.00     16.91
 1494553364.47     0     72.46      0.00     16.06    12     70.93      0.00     15.99
 1494553364.57     0     71.60      0.00     12.77    12     69.19      0.00     13.08
 1494553364.67     0     73.91      0.00     15.89    12     72.00      0.00     16.75
 1494553364.77     0     74.66      0.00     16.43    12     70.59      0.00     17.34
 1494553364.87     0     73.37      0.00     15.62    12     71.99      0.00     16.18
 1494553364.97     0     75.10      0.00     16.41    12     74.39      0.00     17.08
 1494553365.07     0     72.48      0.00     15.55    12     68.92      0.00     16.41
 1494553365.17     0     71.24      0.00     15.30    12     69.75      0.00     15.87
 1494553365.27     0     75.17      0.00     14.50    12     72.85      0.00     15.01
 1494553365.37     0     71.58      0.00     16.71    12     70.30      0.00     16.95
 1494553365.47     0     70.56      0.00     16.04    12     69.63      0.00     16.23
 1494553365.57     0     74.27      0.00     15.99    12     73.15      0.00     16.90
 1494553365.67     0     71.47      0.00     13.29    12     69.34      0.00     14.37
 1494553365.77     0     74.03      0.00     16.09    12     71.39      0.00     16.46
 1494553365.87     0     73.76      0.00     16.98    12     71.18      0.00     16.49
 1494553365.97     0     71.86      0.00     14.04    12     71.00      0.00     14.47
 1494553366.07     0     74.00      0.00     15.62    12     73.58      0.00     16.65
 1494553366.17     0     70.84      0.00     15.84    12     69.46      0.00     16.44
 1494553366.27     0     74.85      0.00     17.18    12     74.35      0.00     17.37
 1494553366.37     0     74.16      0.00     14.28    12     72.56      0.00     14.80
 1494553366.47     0     72.82      0.00     15.44    12     69.68      0.00     15.99
 1494553366.57     0     73.72      0.00     16.28    12     72.84      0.00     16.86
 1494553366.67     0     72.78      0.00     14.26    12     69.60      0.00     14.86
 1494553366.77     0     75.04      0.00     16.59    12     74.59      0.00     16.76
 1494553366.87     0     72.99      0.00     15.79    12     69.38      0.00     16.10
 1494553366.97     0     72.32      0.00     15.96    12     71.53      0.00     15.98
 1494553367.07     0     72.93      0.00     14.66    12     72.80      0.00     15.17
 1494553367.17     0     73.70      0.00     16.28    12     72.41      0.00     17.03
 1494553367.27     0     73.46      0.00     16.05    12     71.96      0.00     16.48
 1494553367.37     0     75.80      0.00     16.02    12     74.03      0.00     16.67
 1494553367.47     0     73.28      0.00     14.84    12     71.94      0.00     15.74
 1494553367.57     0     71.17      0.00     15.38    12     69.04      0.00     14.77
 1494553367.67     0     73.43      0.00     16.69    12     70.58      0.00     16.75
 1494553367.77     0     72.23      0.00     12.99    12     68.40      0.00     13.48
 1494553367.87     0     75.47      0.00     18.13    12     75.81      0.00     18.53
 1494553367.97     0     68.60      0.00     16.18    12     69.85      0.00     16.14
 1494553368.07     0     70.80      0.00     15.05    12     69.19      0.00     16.15
 1494553368.17     0     71.31      0.00     13.20    12     69.38      0.00     14.03
 1494553368.27     0     69.39      0.00     15.05    12     67.90      0.00     14.83
 1494553368.37     0     70.73      0.00     15.67    12     69.92      0.00     16.34
 1494553368.47     0     74.85      0.00     15.89    12     73.85      0.00     16.44
 1494553368.57     0     75.90      0.00     16.53    12     75.66      0.00     17.18
 1494553368.67     0     70.19      0.00     17.17    12     71.48      0.00     16.64
 1494553368.77     0     71.59      0.00     15.26    12     69.55      0.00     15.79
 1494553368.87     0     71.13      0.00     12.91    12     67.82      0.00     13.31
 1494553368.97     0     72.71      0.00     16.65    12     71.51      0.00     17.36
 1494553369.07     0     69.63      0.00     15.66    12     68.87      0.00     16.60
 1494553369.17     0     72.37      0.00     16.45    12     71.77      0.00     16.94
 1494553369.27     0     71.13      0.00     13.24    12     67.83      0.00     13.60
 1494553369.37     0     69.85      0.00     15.29    12     68.64      0.00     16.06
 1494553369.47     0     75.34      0.00     16.63    12     73.41      0.00     17.55
 1494553369.57     0     71.42      0.00     13.49    12     68.38      0.00     14.29
 1494553369.67     0     74.25      0.00     16.32    12     74.17      0.00     16.18
 1494553369.78     0     72.56      0.00     15.54    12     68.04      0.00     15.65
 1494553369.88     0     75.21      0.00     16.73    12     74.09      0.00     17.44
 1494553369.98     0     71.32      0.00     13.62    12     70.74      0.00     14.21
 1494553370.08     0     69.48      0.00     15.81    12     68.06      0.00     16.72
 1494553370.18     0     71.35      0.00     15.93    12     69.85      0.00     16.48
 1494553370.28     0     74.22      0.00     14.94    12     71.70      0.00     15.99
 1494553370.38     0     72.00      0.00     14.60    12     69.82      0.00     14.93
 1494553370.48     0     72.38      0.00     14.59    12     69.13      0.00     15.78
 1494553370.58     0     72.31      0.00     15.50    12     70.21      0.00     16.06
 1494553370.68     0     72.71      0.00     14.16    12     70.39      0.00     14.68
 1494553370.78     0     72.30      0.00     15.80    12     72.78      0.00     16.40
 1494553370.88     0     76.42      0.00     17.18    12     74.71      0.00     17.95
 1494553370.98     0     72.64      0.00     15.32    12     70.22      0.00     15.97
 1494553371.08     0     72.32      0.00     13.32    12     70.14      0.00     13.91
 1494553371.18     0     73.51      0.00     15.22    12     71.69      0.00     15.47
 1494553371.28     0     74.73      0.00     16.47    12     71.87      0.00     16.96
 1494553371.38     0     74.31      0.00     15.40    12     71.59      0.00     16.49
 1494553371.48     0     75.76      0.00     16.09    12     75.76      0.00     17.54
 1494553371.58     0     73.44      0.00     15.47    12     68.79      0.00     16.39
 1494553371.68     0     70.85      0.00     15.07    12     69.91      0.00     15.23
 1494553371.78     0     74.92      0.00     14.31    12     73.09      0.00     14.67
 1494553371.88     0     71.83      0.00     16.68    12     70.36      0.00     17.44
 1494553371.98     0     70.64      0.00     15.47    12     69.29      0.00     16.76
 1494553372.08     0     74.72      0.00     15.74    12     73.61      0.00     16.56
 1494553372.18     0     74.58      0.00     16.46    12     75.25      0.00     16.83
 1494553372.28     0     72.73      0.00     15.81    12     70.22      0.00     16.41
 1494553372.38     0     73.26      0.00     15.69    12     70.04      0.00     16.75
 1494553372.48     0     74.36      0.00     13.22    12     70.15      0.00     14.34
 1494553372.58     0     74.70      0.00     16.31    12     74.33      0.00     17.55
 1494553372.68     0     70.45      0.00     15.29    12     68.60      0.00     15.37
 1494553372.78     0     75.23      0.00     17.83    12     75.41      0.00     17.65
 1494553372.88     0     69.86      0.00     12.30    12     65.05      0.00     12.81
 1494553372.98     0     73.43      0.00     15.06    12     71.40      0.00     16.06
 1494553373.08     0     74.43      0.00     16.50    12     72.89      0.00     17.40
 1494553373.18     0     71.34      0.00     14.47    12     69.64      0.00     15.07
 1494553373.28     0     75.08      0.00     15.85    12     74.05      0.00     16.74
 1494553373.38     0     68.21      0.00     14.80    12     67.71      0.00     15.61
 1494553373.48     0     71.84      0.00     15.53    12     69.89      0.00     17.28
 1494553373.58     0     74.08      0.00     14.03    12     72.05      0.00     14.99
 1494553373.68     0     74.02      0.00     16.44    12     72.64      0.00     17.13
 1494553373.78     0     72.50      0.00     16.10    12     70.57      0.00     16.06
 1494553373.88     0     76.47      0.00     16.11    12     73.63      0.00     16.63
 1494553373.98     0     75.69      0.00     15.51    12     73.63      0.00     17.03
 1494553374.08     0     70.43      0.00     14.45    12     69.85      0.00     15.05
 1494553374.18     0     76.02      0.00     16.37    12     71.91      0.00     17.27
 1494553374.28     0     71.24      0.00     13.54    12     69.86      0.00     13.89
 1494553374.38     0     75.11      0.00     17.40    12     74.51      0.00     18.30
 1494553374.48     0     71.02      0.00     15.49    12     68.97      0.00     16.61
 1494553374.58     0     73.24      0.00     15.39    12     70.09      0.00     15.71
 1494553374.68     0     76.21      0.00     16.06    12     75.04      0.00     16.49
 1494553374.78     0     71.44      0.00     15.39    12     66.92      0.00     15.50
 1494553374.88     0     73.72      0.00     15.87    12     69.97      0.00     16.29
 1494553374.98     0     73.34      0.00     13.71    12     69.39      0.00     14.29
 1494553375.08     0     75.11      0.00     17.28    12     75.88      0.00     17.99
 1494553375.18     0     73.40      0.00     16.50    12     71.34      0.00     16.76
 1494553375.29     0     70.54      0.00     15.14    12     70.26      0.00     15.32
 1494553375.39     0     70.51      0.00     12.64    12     67.97      0.00     13.04
 1494553375.49     0     68.35      0.00     15.20    12     68.23      0.00     16.26
 1494553375.59     0     71.00      0.00     15.86    12     70.22      0.00     16.45
 1494553375.69     0     73.27      0.00     16.19    12     73.87      0.00     16.60
 1494553375.79     0     74.71      0.00     15.68    12     73.45      0.00     16.06
 1494553375.89     0     73.03      0.00     15.35    12     70.51      0.00     16.36
 1494553375.99     0     72.56      0.00     15.68    12     72.66      0.00     16.14
 1494553376.09     0     72.57      0.00     13.39    12     70.46      0.00     13.53
 1494553376.19     0     73.96      0.00     17.14    12     72.61      0.00     17.67
 1494553376.29     0     72.93      0.00     15.43    12     70.70      0.00     16.50
 1494553376.39     0     75.79      0.00     16.69    12     76.18      0.00     18.25
 1494553376.49     0     65.43      0.00     12.61    12     63.03      0.00     13.36
 1494553376.59     0     72.89      0.00     15.25    12     69.73      0.00     16.37
 1494553376.69     0     74.93      0.00     16.91    12     73.34      0.00     17.53
 1494553376.79     0     71.86      0.00     13.77    12     69.04      0.00     14.24
 1494553376.89     0     76.36      0.00     16.90    12     73.94      0.00     16.59
 1494553376.99     0     72.71      0.00     15.16    12     68.44      0.00     15.95
 1494553377.09     0     72.86      0.00     15.86    12     71.60      0.00     16.73
 1494553377.19     0     74.76      0.00     14.46    12     72.81      0.00     14.92
 1494553377.29     0     71.64      0.00     16.25    12     70.65      0.00     16.87
 1494553377.39     0     71.18      0.00     15.18    12     70.81      0.00     16.62
 1494553377.49     0     74.83      0.00     15.51    12     72.60      0.00     16.28
 1494553377.59     0     74.71      0.00     15.34    12     73.48      0.00     16.24
 1494553377.69     0     71.77      0.00     15.24    12     69.58      0.00     15.76
 1494553377.79     0     73.83      0.00     15.51    12     70.97      0.00     16.49
 1494553377.89     0     71.90      0.00     13.40    12     69.10      0.00     13.95
 1494553377.99     0     75.66      0.00     17.46    12     75.82      0.00     17.92
 1494553378.09     0     73.88      0.00     15.74    12     71.77      0.00     17.07
 1494553378.19     0     73.45      0.00     15.84    12     73.07      0.00     16.70
 1494553378.29     0     72.34      0.00     13.35    12     70.85      0.00     14.39
 1494553378.39     0     71.76      0.00     14.59    12     69.78      0.00     15.80
 1494553378.49     0     75.50      0.00     16.64    12     73.26      0.00     17.33
 1494553378.59     0     73.59      0.00     14.71    12     70.82      0.00     14.91
 1494553378.69     0     72.84      0.00     16.16    12     72.75      0.00     16.37
 1494553378.79     0     76.20      0.00     16.65    12     74.57      0.00     17.60
 1494553378.89     0     72.46      0.00     15.84    12     71.23      0.00     15.64
 1494553378.99     0     72.11      0.00     13.30    12     70.80      0.00     13.96
 1494553379.09     0     72.15      0.00     15.62    12     70.95      0.00     15.81
 1494553379.19     0     71.36      0.00     15.23    12     70.48      0.00     16.20
 1494553379.29     0     74.95      0.00     15.43    12     72.62      0.00     16.65
 1494553379.39     0     74.51      0.00     15.38    12     73.49      0.00     16.20
 1494553379.49     0     72.18      0.00     15.29    12     67.91      0.00     16.09
 1494553379.59     0     72.03      0.00     16.03    12     72.30      0.00     16.47
 1494553379.69     0     71.35      0.00     12.85    12     67.61      0.00     13.44
 1494553379.79     0     73.05      0.00     16.00    12     73.06      0.00     17.13
 1494553379.89     0     69.79      0.00     14.99    12     69.56      0.00     14.89
 1494553379.99     0     76.88      0.00     17.58    12     74.59      0.00     17.88
 1494553380.09     0     71.16      0.00     13.05    12     68.71      0.00     13.54
 1494553380.19     0     75.06      0.00     16.62    12     74.37      0.00     17.71
 1494553380.29     0     73.03      0.00     15.56    12     69.38      0.00     16.34
 1494553380.39     0     75.45      0.00     15.63    12     71.61      0.00     16.35
 1494553380.49     0     73.22      0.00     14.79    12     71.13      0.00     15.30
 1494553380.59     0     71.46      0.00     14.85    12     69.47      0.00     15.22
 1494553380.69     0     73.16      0.00     15.79    12     72.67      0.00     16.48
 1494553380.80     0     71.92      0.00     13.65    12     69.90      0.00     14.38
 1494553380.90     0     73.11      0.00     16.30    12     72.38      0.00     16.64
 1494553381.00     0     73.45      0.00     16.04    12     69.08      0.00     16.78
 1494553381.10     0     73.41      0.00     15.53    12     70.68      0.00     16.02
 1494553381.20     0     71.85      0.00     13.07    12     67.49      0.00     13.72
 1494553381.30     0     71.33      0.00     15.43    12     70.99      0.00     16.43
 1494553381.40     0     71.81      0.00     15.93    12     69.89      0.00     16.47
 1494553381.50     0     73.77      0.00     15.59    12     73.72      0.00     16.21
 1494553381.60     0     72.98      0.00     14.95    12     71.04      0.00     15.72
 1494553381.70     0     72.83      0.00     15.28    12     70.68      0.00     15.60
 1494553381.80     0     72.55      0.00     15.84    12     70.49      0.00     16.40
 1494553381.90     0     73.52      0.00     13.50    12     69.47      0.00     14.14
 1494553382.00     0     71.37      0.00     16.27    12     71.03      0.00     16.07
 1494553382.10     0     69.03      0.00     15.89    12     67.97      0.00     16.16
 1494553382.20     0     73.95      0.00     16.61    12     72.16      0.00     17.53
 1494553382.30     0     71.17      0.00     13.01    12     71.45      0.00     14.29
 1494553382.40     0     70.09      0.00     15.57    12     68.66      0.00     16.46
 1494553382.50     0     71.04      0.00     16.14    12     70.72      0.00     16.08
 1494553382.60     0     67.47      0.00     14.35    12     64.91      0.00     14.85
 1494553382.70     0     20.75      0.00      2.72    12     18.64      0.00      3.26
 1494553382.80     0     23.01      0.00      3.72    12     21.30      0.00      4.32
