         #Time  Core     P_PKG     P_PP0    P_DRAM  Core     P_PKG     P_PP0    P_DRAM
 1494816904.71     0     24.41      0.00      5.44    12     24.12      0.00      5.00
 1494816904.81     0     27.88      0.00      5.06    12     26.11      0.00      4.54
 1494816904.91     0     31.01      0.00      4.88    12     28.16      0.00      4.30
 1494816905.01     0     31.03      0.00      4.96    12     28.15      0.00      4.34
 1494816905.11     0     30.97      0.00      4.92    12     28.12      0.00      4.18
 1494816905.21     0     31.04      0.00      5.03    12     28.19      0.00      4.35
 1494816905.31     0     31.05      0.00      4.87    12     28.16      0.00      4.20
 1494816905.41     0     31.16      0.00      5.30    12     28.19      0.00      4.37
 1494816905.51     0     31.19      0.00      5.89    12     28.46      0.00      4.35
 1494816905.61     0     31.76      0.00      6.71    12     28.17      0.00      4.28
 1494816905.71     0     38.04      0.00      6.81    12     35.36      0.00      6.04
 1494816905.81     0     40.08      0.00      6.64    12     41.52      0.00      6.50
 1494816905.91     0     38.57      0.00      6.32    12     39.58      0.00      6.44
 1494816906.01     0     38.67      0.00      6.31    12     39.70      0.00      6.63
 1494816906.11     0     38.70      0.00      6.35    12     39.86      0.00      6.37
 1494816906.21     0     38.66      0.00      6.36    12     39.75      0.00      6.49
 1494816906.31     0     38.75      0.00      6.20    12     39.97      0.00      6.41
 1494816906.41     0     38.81      0.00      6.24    12     40.04      0.00      6.37
 1494816906.51     0     38.77      0.00      6.40    12     40.08      0.00      6.36
 1494816906.61     0     38.71      0.00      6.32    12     40.16      0.00      6.24
 1494816906.71     0     38.71      0.00      6.31    12     40.24      0.00      6.52
 1494816906.81     0     38.83      0.00      6.32    12     40.24      0.00      6.45
 1494816906.91     0     38.85      0.00      6.39    12     40.25      0.00      6.26
 1494816907.01     0     38.11      0.00      6.34    12     40.07      0.00      6.73
 1494816907.11     0     38.49      0.00      6.07    12     40.19      0.00      6.23
 1494816907.21     0     39.15      0.00      6.22    12     40.53      0.00      6.47
 1494816907.31     0     38.03      0.00      6.04    12     38.88      0.00      6.07
 1494816907.41     0     39.53      0.00      6.38    12     41.27      0.00      6.34
 1494816907.51     0     39.65      0.00      6.36    12     41.32      0.00      6.52
 1494816907.61     0     39.46      0.00      6.30    12     41.65      0.00      6.59
 1494816907.71     0     39.56      0.00      6.33    12     41.39      0.00      6.32
 1494816907.81     0     39.52      0.00      6.26    12     40.89      0.00      6.33
 1494816907.91     0     39.95      0.00      6.42    12     41.69      0.00      6.54
 1494816908.01     0     39.60      0.00      6.53    12     41.40      0.00      6.52
 1494816908.11     0     39.61      0.00      6.33    12     41.33      0.00      6.48
 1494816908.21     0     39.67      0.00      6.54    12     41.47      0.00      6.61
 1494816908.31     0     39.87      0.00      6.39    12     41.65      0.00      6.45
 1494816908.41     0     40.01      0.00      6.30    12     41.56      0.00      6.41
 1494816908.51     0     40.39      0.00      6.44    12     41.71      0.00      6.60
 1494816908.61     0     40.30      0.00      6.40    12     41.81      0.00      6.29
 1494816908.71     0     40.32      0.00      6.27    12     41.66      0.00      6.26
 1494816908.81     0     40.17      0.00      6.26    12     41.47      0.00      6.12
 1494816908.91     0     40.31      0.00      6.34    12     41.74      0.00      6.39
 1494816909.01     0     40.32      0.00      6.54    12     41.64      0.00      6.29
 1494816909.11     0     40.26      0.00      6.68    12     41.51      0.00      6.65
 1494816909.21     0     40.36      0.00      6.49    12     41.65      0.00      6.50
 1494816909.31     0     40.35      0.00      6.25    12     41.56      0.00      6.37
 1494816909.41     0     40.06      0.00      6.28    12     41.33      0.00      6.31
 1494816909.51     0     40.33      0.00      6.53    12     41.57      0.00      6.55
 1494816909.61     0     40.36      0.00      6.31    12     41.62      0.00      6.39
 1494816909.71     0     40.17      0.00      6.29    12     41.56      0.00      6.40
 1494816909.82     0     40.21      0.00      6.42    12     41.54      0.00      6.51
 1494816909.92     0     40.21      0.00      6.37    12     41.63      0.00      6.45
 1494816910.02     0     40.19      0.00      6.32    12     41.56      0.00      6.57
 1494816910.12     0     40.18      0.00      6.52    12     41.62      0.00      6.63
 1494816910.22     0     40.16      0.00      6.41    12     41.64      0.00      6.39
 1494816910.32     0     40.56      0.00      6.33    12     42.00      0.00      6.45
 1494816910.42     0     40.14      0.00      6.42    12     41.63      0.00      6.35
 1494816910.52     0     39.86      0.00      6.56    12     41.07      0.00      6.54
 1494816910.62     0     40.68      0.00      6.47    12     41.64      0.00      6.45
 1494816910.72     0     40.69      0.00      6.42    12     41.61      0.00      6.52
 1494816910.82     0     40.67      0.00      6.40    12     41.60      0.00      6.50
 1494816910.92     0     40.65      0.00      6.47    12     41.72      0.00      6.58
 1494816911.02     0     40.72      0.00      6.37    12     41.63      0.00      6.49
 1494816911.12     0     40.69      0.00      6.40    12     41.59      0.00      6.34
 1494816911.22     0     40.66      0.00      6.40    12     41.66      0.00      6.43
 1494816911.32     0     40.67      0.00      6.41    12     41.60      0.00      6.51
 1494816911.42     0     40.61      0.00      6.44    12     41.58      0.00      6.46
 1494816911.52     0     40.69      0.00      6.46    12     41.73      0.00      6.48
 1494816911.62     0     40.65      0.00      6.26    12     41.64      0.00      6.33
 1494816911.72     0     40.63      0.00      6.53    12     41.63      0.00      6.52
 1494816911.82     0     40.66      0.00      6.37    12     41.66      0.00      6.32
 1494816911.92     0     40.71      0.00      6.50    12     41.65      0.00      6.46
 1494816912.02     0     40.65      0.00      6.30    12     41.73      0.00      6.46
 1494816912.12     0     40.46      0.00      6.37    12     41.29      0.00      6.38
 1494816912.22     0     40.67      0.00      6.36    12     41.67      0.00      6.36
 1494816912.32     0     40.67      0.00      6.44    12     41.65      0.00      6.48
 1494816912.42     0     40.58      0.00      6.53    12     41.58      0.00      6.71
 1494816912.52     0     40.71      0.00      6.36    12     41.64      0.00      6.45
 1494816912.62     0     40.67      0.00      6.40    12     41.63      0.00      6.46
 1494816912.72     0     40.64      0.00      6.34    12     41.60      0.00      6.48
 1494816912.82     0     40.78      0.00      6.35    12     41.67      0.00      6.42
 1494816912.92     0     40.67      0.00      6.43    12     42.11      0.00      6.49
 1494816913.02     0     40.67      0.00      6.49    12     41.28      0.00      6.47
 1494816913.12     0     40.64      0.00      6.48    12     41.70      0.00      6.34
 1494816913.22     0     41.08      0.00      6.58    12     42.10      0.00      6.58
 1494816913.32     0     40.65      0.00      6.38    12     41.71      0.00      6.47
 1494816913.42     0     40.70      0.00      6.31    12     41.66      0.00      6.41
 1494816913.52     0     40.70      0.00      6.43    12     41.72      0.00      6.49
 1494816913.62     0     40.69      0.00      6.48    12     41.71      0.00      6.58
 1494816913.72     0     40.64      0.00      6.39    12     41.61      0.00      6.53
 1494816913.82     0     40.71      0.00      6.35    12     41.71      0.00      6.38
 1494816913.92     0     40.76      0.00      6.39    12     41.69      0.00      6.47
 1494816914.02     0     40.67      0.00      6.41    12     41.67      0.00      6.58
 1494816914.12     0     40.67      0.00      6.38    12     41.65      0.00      6.40
 1494816914.22     0     40.63      0.00      6.43    12     41.77      0.00      6.39
 1494816914.32     0     40.65      0.00      6.44    12     41.71      0.00      6.56
 1494816914.42     0     40.70      0.00      6.46    12     41.71      0.00      6.61
 1494816914.52     0     40.70      0.00      6.44    12     41.61      0.00      6.49
 1494816914.62     0     40.70      0.00      6.30    12     41.64      0.00      6.38
 1494816914.72     0     40.67      0.00      6.30    12     41.68      0.00      6.34
 1494816914.82     0     40.69      0.00      6.41    12     41.61      0.00      6.55
 1494816914.92     0     40.42      0.00      6.35    12     41.34      0.00      6.38
 1494816915.02     0     40.78      0.00      6.45    12     41.66      0.00      6.54
 1494816915.12     0     40.68      0.00      6.49    12     41.65      0.00      6.47
 1494816915.22     0     40.64      0.00      6.44    12     41.75      0.00      6.40
 1494816915.32     0     40.68      0.00      6.38    12     41.57      0.00      6.48
 1494816915.42     0     40.67      0.00      6.34    12     41.64      0.00      6.46
 1494816915.52     0     40.65      0.00      6.47    12     42.02      0.00      6.58
 1494816915.62     0     41.10      0.00      6.46    12     41.66      0.00      6.40
 1494816915.72     0     40.67      0.00      6.38    12     41.69      0.00      6.49
 1494816915.82     0     40.71      0.00      6.38    12     41.73      0.00      6.59
 1494816915.92     0     40.31      0.00      6.39    12     41.64      0.00      6.52
 1494816916.02     0     41.17      0.00      6.48    12     41.66      0.00      6.55
 1494816916.12     0     40.70      0.00      6.43    12     41.68      0.00      6.39
 1494816916.22     0     40.75      0.00      6.29    12     41.74      0.00      6.46
 1494816916.32     0     40.74      0.00      6.35    12     41.68      0.00      6.49
 1494816916.42     0     40.70      0.00      6.55    12     41.67      0.00      6.67
 1494816916.52     0     40.69      0.00      6.32    12     41.62      0.00      6.34
 1494816916.62     0     40.69      0.00      6.28    12     41.68      0.00      6.41
 1494816916.72     0     40.70      0.00      6.45    12     41.65      0.00      6.56
 1494816916.82     0     40.73      0.00      6.21    12     41.67      0.00      6.55
 1494816916.92     0     40.68      0.00      6.34    12     41.71      0.00      6.49
 1494816917.02     0     40.49      0.00      6.23    12     41.46      0.00      6.52
 1494816917.12     0     40.69      0.00      6.28    12     41.62      0.00      6.44
 1494816917.22     0     40.72      0.00      6.29    12     41.69      0.00      6.48
 1494816917.33     0     40.74      0.00      6.38    12     41.72      0.00      6.51
 1494816917.43     0     40.69      0.00      6.30    12     41.65      0.00      6.46
 1494816917.53     0     40.71      0.00      6.38    12     41.71      0.00      6.46
 1494816917.63     0     40.70      0.00      6.31    12     41.71      0.00      6.45
 1494816917.73     0     40.74      0.00      6.30    12     41.66      0.00      6.53
 1494816917.83     0     40.65      0.00      6.24    12     41.73      0.00      6.40
 1494816917.93     0     40.71      0.00      6.36    12     41.71      0.00      6.42
 1494816918.03     0     41.11      0.00      6.50    12     41.71      0.00      6.52
 1494816918.13     0     40.40      0.00      6.23    12     42.04      0.00      6.54
 1494816918.23     0     41.01      0.00      6.52    12     41.74      0.00      6.55
 1494816918.33     0     40.71      0.00      6.13    12     41.83      0.00      6.46
 1494816918.43     0     40.71      0.00      6.38    12     41.69      0.00      6.57
 1494816918.53     0     40.69      0.00      6.32    12     41.71      0.00      6.56
 1494816918.63     0     40.70      0.00      6.38    12     41.71      0.00      6.54
 1494816918.73     0     40.70      0.00      6.28    12     41.68      0.00      6.44
 1494816918.83     0     40.62      0.00      6.32    12     41.59      0.00      6.37
 1494816918.93     0     40.66      0.00      6.40    12     41.67      0.00      6.48
 1494816919.03     0     40.73      0.00      6.34    12     41.74      0.00      6.32
 1494816919.13     0     40.74      0.00      6.30    12     41.70      0.00      6.44
 1494816919.23     0     40.69      0.00      6.42    12     41.75      0.00      6.51
 1494816919.33     0     40.66      0.00      6.34    12     41.69      0.00      6.43
 1494816919.43     0     40.68      0.00      6.49    12     41.70      0.00      6.53
 1494816919.53     0     40.76      0.00      6.32    12     41.69      0.00      6.47
 1494816919.63     0     40.61      0.00      6.33    12     41.71      0.00      6.41
 1494816919.73     0     40.73      0.00      6.43    12     41.72      0.00      6.55
 1494816919.83     0     40.66      0.00      6.28    12     41.71      0.00      6.39
 1494816919.93     0     40.68      0.00      6.44    12     41.66      0.00      6.56
 1494816920.03     0     40.69      0.00      6.56    12     41.71      0.00      6.67
 1494816920.13     0     40.44      0.00      6.21    12     41.43      0.00      6.30
 1494816920.23     0     40.66      0.00      6.35    12     41.57      0.00      6.43
 1494816920.33     0     40.69      0.00      6.28    12     41.71      0.00      6.43
 1494816920.43     0     40.66      0.00      6.45    12     41.80      0.00      6.58
 1494816920.53     0     39.72      0.00      6.24    12     40.53      0.00      6.43
 1494816920.63     0     41.35      0.00      6.35    12     42.44      0.00      6.39
 1494816920.73     0     41.64      0.00      6.49    12     42.83      0.00      6.64
 1494816920.83     0     41.71      0.00      6.33    12     42.83      0.00      6.43
 1494816920.93     0     41.59      0.00      6.43    12     43.24      0.00      6.59
 1494816921.03     0     42.01      0.00      6.22    12     42.80      0.00      6.56
 1494816921.13     0     41.57      0.00      6.28    12     42.72      0.00      6.28
 1494816921.23     0     41.16      0.00      6.47    12     42.82      0.00      6.61
 1494816921.33     0     42.13      0.00      6.35    12     42.85      0.00      6.55
 1494816921.43     0     41.65      0.00      6.43    12     42.80      0.00      6.29
 1494816921.53     0     41.68      0.00      6.41    12     42.87      0.00      6.82
 1494816921.63     0     41.64      0.00      6.41    12     42.86      0.00      6.46
 1494816921.73     0     41.52      0.00      6.35    12     42.80      0.00      6.49
 1494816921.83     0     41.52      0.00      6.33    12     42.76      0.00      6.56
 1494816921.93     0     41.69      0.00      6.36    12     42.87      0.00      6.52
 1494816922.03     0     41.67      0.00      6.25    12     42.83      0.00      6.41
 1494816922.13     0     41.66      0.00      6.44    12     42.77      0.00      6.48
 1494816922.23     0     41.62      0.00      6.50    12     42.83      0.00      6.59
 1494816922.33     0     41.61      0.00      6.20    12     42.80      0.00      6.26
 1494816922.43     0     41.68      0.00      6.36    12     42.77      0.00      6.50
 1494816922.53     0     41.66      0.00      6.52    12     42.90      0.00      6.40
 1494816922.63     0     41.70      0.00      6.34    12     42.92      0.00      6.18
 1494816922.73     0     41.57      0.00      6.26    12     42.79      0.00      6.23
 1494816922.83     0     41.63      0.00      6.26    12     42.78      0.00      6.33
 1494816922.93     0     41.52      0.00      6.47    12     42.91      0.00      6.70
 1494816923.03     0     41.34      0.00      6.30    12     42.91      0.00      6.41
 1494816923.13     0     41.34      0.00      6.09    12     42.84      0.00      6.35
 1494816923.23     0     41.35      0.00      6.33    12     42.77      0.00      6.50
 1494816923.33     0     41.41      0.00      6.53    12     42.91      0.00      6.64
 1494816923.43     0     41.39      0.00      6.45    12     42.83      0.00      6.59
 1494816923.53     0     41.47      0.00      6.36    12     42.89      0.00      6.56
 1494816923.63     0     41.45      0.00      6.63    12     43.04      0.00      6.80
 1494816923.73     0     41.39      0.00      6.59    12     42.82      0.00      6.58
 1494816923.83     0     41.44      0.00      6.37    12     42.79      0.00      6.48
 1494816923.93     0     41.39      0.00      6.59    12     42.91      0.00      6.79
 1494816924.03     0     41.32      0.00      6.25    12     42.90      0.00      6.47
 1494816924.13     0     41.47      0.00      6.53    12     43.20      0.00      6.78
 1494816924.23     0     41.77      0.00      6.22    12     42.85      0.00      6.15
 1494816924.33     0     41.35      0.00      6.59    12     42.80      0.00      6.79
 1494816924.43     0     41.39      0.00      6.33    12     42.87      0.00      6.48
 1494816924.53     0     41.19      0.00      6.39    12     42.91      0.00      6.61
 1494816924.63     0     42.12      0.00      6.37    12     42.86      0.00      6.47
 1494816924.73     0     41.66      0.00      6.44    12     42.94      0.00      6.50
 1494816924.83     0     41.65      0.00      6.39    12     42.77      0.00      6.45
 1494816924.93     0     41.70      0.00      6.41    12     42.92      0.00      6.55
 1494816925.03     0     41.65      0.00      6.27    12     42.92      0.00      6.54
 1494816925.14     0     41.67      0.00      6.49    12     42.77      0.00      6.69
 1494816925.24     0     41.62      0.00      6.31    12     42.83      0.00      6.37
 1494816925.34     0     41.61      0.00      6.55    12     42.79      0.00      6.70
 1494816925.44     0     41.64      0.00      6.25    12     42.98      0.00      6.42
 1494816925.54     0     41.69      0.00      6.42    12     42.93      0.00      6.62
 1494816925.64     0     41.47      0.00      6.45    12     42.56      0.00      6.58
 1494816925.74     0     41.43      0.00      6.29    12     42.92      0.00      6.31
 1494816925.84     0     41.34      0.00      6.40    12     42.99      0.00      6.45
 1494816925.94     0     41.39      0.00      6.47    12     42.85      0.00      6.55
 1494816926.04     0     41.42      0.00      6.30    12     42.87      0.00      6.30
 1494816926.14     0     41.38      0.00      6.25    12     42.94      0.00      6.52
 1494816926.24     0     41.40      0.00      6.50    12     42.80      0.00      6.68
 1494816926.34     0     41.39      0.00      6.24    12     42.76      0.00      6.38
 1494816926.44     0     41.40      0.00      6.15    12     42.84      0.00      5.95
 1494816926.54     0     41.40      0.00      6.23    12     42.83      0.00      6.50
 1494816926.64     0     41.38      0.00      6.53    12     42.91      0.00      6.69
 1494816926.74     0     41.41      0.00      6.24    12     42.91      0.00      6.31
 1494816926.84     0     41.43      0.00      6.54    12     42.87      0.00      6.66
 1494816926.94     0     41.63      0.00      6.37    12     42.77      0.00      6.35
 1494816927.04     0     41.47      0.00      6.32    12     42.68      0.00      6.54
 1494816927.14     0     41.62      0.00      6.57    12     42.78      0.00      6.68
 1494816927.24     0     41.65      0.00      6.53    12     42.81      0.00      6.63
 1494816927.34     0     42.08      0.00      6.18    12     42.89      0.00      6.15
 1494816927.44     0     41.71      0.00      6.61    12     43.28      0.00      6.78
 1494816927.54     0     41.66      0.00      6.30    12     42.86      0.00      6.43
 1494816927.64     0     41.59      0.00      6.41    12     42.84      0.00      6.46
 1494816927.74     0     41.32      0.00      6.17    12     42.86      0.00      6.38
 1494816927.84     0     42.14      0.00      6.22    12     42.91      0.00      6.20
 1494816927.94     0     41.61      0.00      6.39    12     42.90      0.00      6.71
 1494816928.04     0     41.58      0.00      6.28    12     42.82      0.00      6.22
 1494816928.14     0     41.65      0.00      6.38    12     42.87      0.00      6.44
 1494816928.24     0     41.69      0.00      6.21    12     42.87      0.00      6.23
 1494816928.34     0     41.69      0.00      6.37    12     42.96      0.00      6.62
 1494816928.44     0     41.71      0.00      6.26    12     42.84      0.00      6.37
 1494816928.54     0     41.69      0.00      6.38    12     42.88      0.00      6.49
 1494816928.64     0     41.61      0.00      6.12    12     42.88      0.00      6.25
 1494816928.74     0     41.74      0.00      6.56    12     42.91      0.00      6.68
 1494816928.84     0     41.45      0.00      6.12    12     42.70      0.00      6.35
 1494816928.94     0     41.67      0.00      6.48    12     42.80      0.00      6.58
 1494816929.04     0     41.62      0.00      6.60    12     42.95      0.00      6.70
 1494816929.14     0     41.67      0.00      6.26    12     42.93      0.00      6.36
 1494816929.24     0     41.62      0.00      6.30    12     42.75      0.00      6.40
 1494816929.34     0     41.69      0.00      6.13    12     42.84      0.00      6.17
 1494816929.44     0     41.66      0.00      6.26    12     42.95      0.00      6.32
 1494816929.54     0     41.65      0.00      6.15    12     42.93      0.00      6.21
 1494816929.64     0     41.67      0.00      6.13    12     42.86      0.00      6.20
 1494816929.74     0     41.53      0.00      6.33    12     42.68      0.00      6.68
 1494816929.84     0     41.67      0.00      6.30    12     42.88      0.00      6.34
 1494816929.94     0     41.59      0.00      6.50    12     42.97      0.00      6.54
 1494816930.04     0     41.62      0.00      6.27    12     42.96      0.00      6.33
 1494816930.14     0     41.59      0.00      6.30    12     42.89      0.00      6.45
 1494816930.24     0     41.61      0.00      6.31    12     42.90      0.00      6.42
 1494816930.34     0     41.57      0.00      6.34    12     42.80      0.00      6.35
 1494816930.44     0     41.69      0.00      6.35    12     42.86      0.00      6.65
 1494816930.54     0     41.24      0.00      6.17    12     42.42      0.00      6.24
 1494816930.64     0     41.67      0.00      6.67    12     42.86      0.00      6.76
 1494816930.74     0     42.11      0.00      6.38    12     43.38      0.00      6.56
 1494816930.84     0     41.59      0.00      6.16    12     42.88      0.00      6.32
 1494816930.94     0     41.32      0.00      6.22    12     42.78      0.00      6.32
 1494816931.04     0     41.92      0.00      6.63    12     42.46      0.00      6.63
 1494816931.14     0     41.44      0.00      6.42    12     43.30      0.00      6.57
 1494816931.24     0     41.31      0.00      6.24    12     42.82      0.00      6.30
 1494816931.34     0     41.34      0.00      6.41    12     42.94      0.00      6.72
 1494816931.44     0     41.24      0.00      6.21    12     42.80      0.00      6.37
 1494816931.54     0     41.37      0.00      6.23    12     42.88      0.00      6.48
 1494816931.64     0     41.47      0.00      6.49    12     42.93      0.00      6.64
 1494816931.74     0     41.34      0.00      6.19    12     42.89      0.00      6.35
 1494816931.84     0     41.30      0.00      6.22    12     42.85      0.00      6.18
 1494816931.94     0     41.47      0.00      6.37    12     42.81      0.00      6.55
 1494816932.04     0     41.32      0.00      6.15    12     42.89      0.00      6.31
 1494816932.14     0     41.39      0.00      6.49    12     42.88      0.00      6.62
 1494816932.24     0     41.41      0.00      6.54    12     42.76      0.00      6.70
 1494816932.34     0     41.45      0.00      6.32    12     42.81      0.00      6.35
 1494816932.44     0     41.38      0.00      6.46    12     42.85      0.00      6.63
 1494816932.54     0     41.18      0.00      6.15    12     42.61      0.00      6.25
 1494816932.64     0     41.39      0.00      6.18    12     42.72      0.00      6.28
 1494816932.74     0     41.41      0.00      6.15    12     42.90      0.00      6.32
 1494816932.84     0     41.42      0.00      6.61    12     42.84      0.00      6.85
 1494816932.94     0     41.38      0.00      6.21    12     42.84      0.00      6.19
 1494816933.05     0     41.40      0.00      6.44    12     42.81      0.00      6.57
 1494816933.15     0     41.34      0.00      6.30    12     42.96      0.00      6.41
 1494816933.25     0     41.47      0.00      6.57    12     42.85      0.00      6.69
 1494816933.35     0     41.45      0.00      6.39    12     42.87      0.00      6.34
 1494816933.45     0     41.37      0.00      6.39    12     42.83      0.00      6.57
 1494816933.55     0     41.45      0.00      6.31    12     42.76      0.00      6.48
 1494816933.65     0     41.85      0.00      6.20    12     43.29      0.00      6.40
 1494816933.75     0     41.40      0.00      6.26    12     42.82      0.00      6.17
 1494816933.85     0     41.32      0.00      6.24    12     42.87      0.00      6.29
 1494816933.95     0     41.43      0.00      6.63    12     42.90      0.00      6.79
 1494816934.05     0     41.32      0.00      6.35    12     42.87      0.00      6.48
 1494816934.15     0     41.40      0.00      6.32    12     42.94      0.00      6.40
 1494816934.25     0     41.34      0.00      6.35    12     42.90      0.00      6.73
 1494816934.35     0     41.37      0.00      6.48    12     42.76      0.00      6.40
 1494816934.45     0     41.61      0.00      6.35    12     42.91      0.00      6.50
 1494816934.55     0     41.73      0.00      6.43    12     42.88      0.00      6.79
 1494816934.65     0     41.71      0.00      6.11    12     42.84      0.00      6.29
 1494816934.75     0     41.72      0.00      6.55    12     42.93      0.00      6.68
 1494816934.85     0     41.62      0.00      6.26    12     42.83      0.00      6.40
 1494816934.95     0     41.65      0.00      6.12    12     42.88      0.00      6.27
 1494816935.05     0     41.63      0.00      6.29    12     42.84      0.00      6.38
 1494816935.15     0     41.75      0.00      6.58    12     42.92      0.00      6.59
 1494816935.25     0     41.55      0.00      6.23    12     42.83      0.00      6.35
 1494816935.35     0     41.59      0.00      6.36    12     42.86      0.00      6.57
 1494816935.45     0     41.54      0.00      6.22    12     42.77      0.00      6.30
 1494816935.55     0     41.59      0.00      6.29    12     42.92      0.00      6.50
 1494816935.65     0     41.54      0.00      6.45    12     42.83      0.00      6.64
 1494816935.75     0     41.67      0.00      6.13    12     42.77      0.00      6.22
 1494816935.85     0     41.53      0.00      6.42    12     42.86      0.00      6.60
 1494816935.95     0     41.64      0.00      6.38    12     42.85      0.00      6.58
 1494816936.05     0     41.67      0.00      6.30    12     42.80      0.00      6.41
 1494816936.15     0     41.50      0.00      6.34    12     42.64      0.00      6.45
 1494816936.25     0     41.48      0.00      6.33    12     42.73      0.00      6.39
 1494816936.35     0     41.36      0.00      6.37    12     42.88      0.00      6.49
 1494816936.45     0     41.42      0.00      6.56    12     42.88      0.00      6.69
 1494816936.55     0     41.39      0.00      6.52    12     42.91      0.00      6.78
 1494816936.65     0     41.40      0.00      6.49    12     42.91      0.00      6.59
 1494816936.75     0     41.36      0.00      6.47    12     42.81      0.00      6.72
 1494816936.85     0     41.36      0.00      6.36    12     42.87      0.00      6.50
 1494816936.95     0     41.40      0.00      6.09    12     42.87      0.00      6.25
 1494816937.05     0     41.15      0.00      6.10    12     42.71      0.00      6.34
 1494816937.15     0     41.79      0.00      6.37    12     43.21      0.00      6.53
 1494816937.25     0     41.07      0.00      6.11    12     42.94      0.00      6.15
 1494816937.35     0     41.77      0.00      6.35    12     42.77      0.00      6.45
 1494816937.45     0     41.53      0.00      6.46    12     42.94      0.00      6.71
 1494816937.55     0     41.35      0.00      6.35    12     42.75      0.00      6.38
 1494816937.65     0     41.35      0.00      6.24    12     42.76      0.00      6.25
 1494816937.75     0     41.37      0.00      6.45    12     42.86      0.00      6.46
 1494816937.85     0     41.45      0.00      6.38    12     42.90      0.00      6.63
 1494816937.95     0     41.40      0.00      6.26    12     42.91      0.00      6.54
 1494816938.05     0     41.37      0.00      6.39    12     42.86      0.00      6.44
 1494816938.15     0     41.31      0.00      6.44    12     42.80      0.00      6.64
 1494816938.25     0     41.36      0.00      6.52    12     42.67      0.00      6.69
 1494816938.35     0     41.45      0.00      6.54    12     42.92      0.00      6.73
 1494816938.45     0     41.40      0.00      6.25    12     42.94      0.00      6.38
 1494816938.55     0     41.38      0.00      6.26    12     42.71      0.00      6.41
 1494816938.65     0     41.41      0.00      6.59    12     42.88      0.00      6.74
 1494816938.75     0     41.37      0.00      6.38    12     42.84      0.00      6.26
 1494816938.85     0     41.22      0.00      6.56    12     42.79      0.00      6.68
 1494816938.95     0     41.36      0.00      6.35    12     42.88      0.00      6.55
 1494816939.05     0     41.34      0.00      6.25    12     42.90      0.00      6.46
 1494816939.15     0     41.41      0.00      6.16    12     42.74      0.00      6.19
 1494816939.25     0     41.35      0.00      6.52    12     42.86      0.00      6.61
 1494816939.35     0     41.38      0.00      6.47    12     42.86      0.00      6.65
 1494816939.45     0     41.46      0.00      6.32    12     42.81      0.00      6.43
 1494816939.55     0     41.44      0.00      6.55    12     42.97      0.00      6.75
 1494816939.65     0     41.44      0.00      6.38    12     42.82      0.00      6.39
 1494816939.75     0     41.38      0.00      6.19    12     42.84      0.00      6.26
 1494816939.85     0     41.40      0.00      6.36    12     42.80      0.00      6.29
 1494816939.95     0     41.34      0.00      6.37    12     42.87      0.00      6.58
 1494816940.05     0     41.65      0.00      6.31    12     43.12      0.00      6.41
 1494816940.15     0     41.37      0.00      6.31    12     42.81      0.00      6.62
 1494816940.25     0     41.39      0.00      6.53    12     42.85      0.00      6.29
 1494816940.35     0     41.37      0.00      6.33    12     42.79      0.00      6.67
 1494816940.45     0     41.44      0.00      6.34    12     42.90      0.00      6.59
 1494816940.55     0     41.13      0.00      6.16    12     42.60      0.00      6.24
 1494816940.65     0     41.39      0.00      6.49    12     42.79      0.00      6.56
 1494816940.75     0     41.39      0.00      6.38    12     42.80      0.00      6.45
 1494816940.85     0     41.40      0.00      6.49    12     42.90      0.00      6.51
 1494816940.95     0     41.37      0.00      6.17    12     42.92      0.00      6.22
 1494816941.06     0     41.33      0.00      6.39    12     42.86      0.00      6.32
 1494816941.16     0     41.41      0.00      6.26    12     42.82      0.00      6.43
 1494816941.26     0     41.38      0.00      6.38    12     42.81      0.00      6.48
 1494816941.36     0     41.48      0.00      6.20    12     42.93      0.00      6.24
 1494816941.46     0     41.47      0.00      6.31    12     42.75      0.00      6.35
 1494816941.56     0     41.32      0.00      6.41    12     42.81      0.00      6.48
 1494816941.66     0     41.43      0.00      6.31    12     42.85      0.00      6.44
 1494816941.76     0     41.34      0.00      6.16    12     42.89      0.00      6.45
 1494816941.86     0     41.38      0.00      6.36    12     42.84      0.00      6.57
 1494816941.96     0     41.37      0.00      6.31    12     42.83      0.00      6.40
 1494816942.06     0     41.39      0.00      6.26    12     42.91      0.00      6.45
 1494816942.16     0     41.37      0.00      6.14    12     42.91      0.00      6.31
 1494816942.26     0     41.35      0.00      6.59    12     42.76      0.00      6.74
 1494816942.36     0     41.38      0.00      6.36    12     42.90      0.00      6.38
 1494816942.46     0     41.41      0.00      6.34    12     42.80      0.00      6.43
 1494816942.56     0     41.35      0.00      6.34    12     42.95      0.00      6.40
 1494816942.66     0     41.31      0.00      6.40    12     42.86      0.00      6.50
 1494816942.76     0     41.37      0.00      6.13    12     42.90      0.00      6.48
 1494816942.86     0     41.43      0.00      6.56    12     42.83      0.00      6.60
 1494816942.96     0     41.27      0.00      6.31    12     42.87      0.00      6.50
 1494816943.06     0     41.77      0.00      6.36    12     42.75      0.00      6.41
 1494816943.16     0     41.39      0.00      6.34    12     43.34      0.00      6.59
 1494816943.26     0     41.32      0.00      6.39    12     42.79      0.00      6.56
 1494816943.36     0     41.26      0.00      6.23    12     42.81      0.00      6.36
 1494816943.46     0     41.41      0.00      6.50    12     42.94      0.00      6.58
 1494816943.56     0     41.38      0.00      6.41    12     42.79      0.00      6.52
 1494816943.66     0     41.37      0.00      6.15    12     42.92      0.00      6.09
 1494816943.76     0     41.26      0.00      6.13    12     42.92      0.00      6.50
 1494816943.86     0     41.33      0.00      6.35    12     42.76      0.00      6.60
 1494816943.96     0     41.27      0.00      6.23    12     42.90      0.00      6.46
 1494816944.06     0     41.38      0.00      6.56    12     42.81      0.00      6.73
 1494816944.16     0     41.41      0.00      6.18    12     42.80      0.00      6.38
 1494816944.26     0     41.27      0.00      6.36    12     42.91      0.00      6.41
 1494816944.36     0     41.21      0.00      6.52    12     42.90      0.00      6.70
 1494816944.46     0     41.43      0.00      6.19    12     42.84      0.00      6.20
 1494816944.56     0     40.42      0.00      6.34    12     42.01      0.00      6.42
 1494816944.66     0     40.29      0.00      6.36    12     41.27      0.00      6.52
 1494816944.76     0     41.22      0.00      6.36    12     42.26      0.00      6.39
 1494816944.86     0     41.34      0.00      6.51    12     42.32      0.00      6.63
 1494816944.96     0     41.32      0.00      6.33    12     42.36      0.00      6.44
 1494816945.06     0     41.28      0.00      6.40    12     42.32      0.00      6.47
 1494816945.16     0     41.27      0.00      6.46    12     42.34      0.00      6.38
 1494816945.26     0     41.19      0.00      6.44    12     42.32      0.00      6.67
 1494816945.36     0     41.19      0.00      6.34    12     42.39      0.00      6.40
 1494816945.46     0     41.22      0.00      6.39    12     42.32      0.00      6.51
 1494816945.56     0     40.87      0.00      6.48    12     41.87      0.00      6.43
 1494816945.66     0     41.16      0.00      6.37    12     42.46      0.00      6.45
 1494816945.76     0     41.35      0.00      6.28    12     42.41      0.00      6.41
 1494816945.86     0     41.65      0.00      6.38    12     42.37      0.00      6.55
 1494816945.96     0     41.21      0.00      6.45    12     42.37      0.00      6.48
 1494816946.06     0     41.25      0.00      6.37    12     42.34      0.00      6.25
 1494816946.16     0     41.22      0.00      6.47    12     42.40      0.00      6.48
 1494816946.26     0     41.22      0.00      6.40    12     42.46      0.00      6.58
 1494816946.36     0     41.31      0.00      6.32    12     42.38      0.00      6.54
 1494816946.46     0     41.21      0.00      6.17    12     42.32      0.00      6.27
 1494816946.56     0     41.15      0.00      6.42    12     42.34      0.00      6.52
 1494816946.66     0     41.23      0.00      6.29    12     42.42      0.00      6.56
 1494816946.76     0     41.25      0.00      6.40    12     42.37      0.00      6.66
 1494816946.86     0     41.22      0.00      6.37    12     42.29      0.00      6.44
 1494816946.96     0     41.26      0.00      6.46    12     42.23      0.00      6.56
 1494816947.06     0     41.09      0.00      6.57    12     42.11      0.00      6.38
 1494816947.16     0     41.29      0.00      6.38    12     42.27      0.00      6.54
 1494816947.26     0     41.18      0.00      6.24    12     42.34      0.00      6.22
 1494816947.36     0     41.17      0.00      6.37    12     42.30      0.00      6.33
 1494816947.46     0     41.18      0.00      6.33    12     42.32      0.00      6.33
 1494816947.56     0     41.28      0.00      6.35    12     42.38      0.00      6.43
 1494816947.66     0     41.19      0.00      6.16    12     42.26      0.00      6.52
 1494816947.76     0     41.20      0.00      6.43    12     42.35      0.00      6.61
 1494816947.86     0     41.23      0.00      6.29    12     42.32      0.00      6.31
 1494816947.96     0     41.16      0.00      6.36    12     42.34      0.00      6.43
 1494816948.06     0     41.14      0.00      6.40    12     42.38      0.00      6.64
 1494816948.16     0     41.16      0.00      6.35    12     42.40      0.00      6.31
 1494816948.26     0     41.18      0.00      6.37    12     42.29      0.00      6.51
 1494816948.36     0     41.25      0.00      6.49    12     42.28      0.00      6.74
 1494816948.46     0     41.24      0.00      6.32    12     42.85      0.00      6.29
 1494816948.56     0     41.24      0.00      6.34    12     42.35      0.00      6.54
 1494816948.66     0     41.24      0.00      6.27    12     42.32      0.00      6.45
 1494816948.77     0     41.63      0.00      6.38    12     42.33      0.00      6.49
 1494816948.87     0     41.03      0.00      6.39    12     42.26      0.00      6.26
 1494816948.97     0     41.19      0.00      6.34    12     42.32      0.00      6.53
 1494816949.07     0     41.16      0.00      6.40    12     42.41      0.00      6.36
 1494816949.17     0     41.15      0.00      6.44    12     42.43      0.00      6.29
 1494816949.27     0     41.31      0.00      6.17    12     42.43      0.00      6.43
 1494816949.37     0     41.33      0.00      6.37    12     42.32      0.00      6.49
 1494816949.47     0     41.20      0.00      6.33    12     42.35      0.00      6.33
 1494816949.57     0     41.22      0.00      6.35    12     42.31      0.00      6.67
 1494816949.67     0     41.13      0.00      6.46    12     42.35      0.00      6.66
 1494816949.77     0     41.25      0.00      6.58    12     42.32      0.00      6.49
 1494816949.87     0     41.22      0.00      6.35    12     42.31      0.00      6.27
 1494816949.97     0     41.09      0.00      6.26    12     42.39      0.00      6.46
 1494816950.07     0     41.12      0.00      6.10    12     42.42      0.00      6.32
 1494816950.17     0     41.37      0.00      6.42    12     42.38      0.00      6.56
 1494816950.27     0     41.34      0.00      6.42    12     42.22      0.00      6.42
 1494816950.37     0     41.37      0.00      6.37    12     42.31      0.00      6.54
 1494816950.47     0     41.40      0.00      6.42    12     42.42      0.00      6.56
 1494816950.57     0     41.22      0.00      6.28    12     42.33      0.00      6.43
 1494816950.67     0     41.15      0.00      6.30    12     42.32      0.00      6.36
 1494816950.77     0     41.25      0.00      6.22    12     42.40      0.00      6.32
 1494816950.87     0     41.20      0.00      6.32    12     42.34      0.00      6.42
 1494816950.97     0     41.25      0.00      6.47    12     42.39      0.00      6.69
 1494816951.07     0     41.08      0.00      6.28    12     42.35      0.00      6.52
 1494816951.17     0     41.19      0.00      6.43    12     42.29      0.00      6.56
 1494816951.27     0     41.20      0.00      6.21    12     42.34      0.00      6.30
 1494816951.37     0     41.14      0.00      6.32    12     42.39      0.00      6.42
 1494816951.47     0     41.16      0.00      6.30    12     42.40      0.00      6.41
 1494816951.57     0     41.53      0.00      6.53    12     42.71      0.00      6.68
 1494816951.67     0     41.18      0.00      6.30    12     42.39      0.00      6.38
 1494816951.77     0     41.20      0.00      6.25    12     42.38      0.00      6.38
 1494816951.87     0     41.16      0.00      6.35    12     42.36      0.00      6.41
 1494816951.97     0     41.13      0.00      6.37    12     42.34      0.00      6.51
 1494816952.07     0     41.24      0.00      6.28    12     42.41      0.00      6.44
 1494816952.17     0     41.16      0.00      6.49    12     42.32      0.00      6.56
 1494816952.27     0     41.18      0.00      6.31    12     42.38      0.00      6.48
 1494816952.37     0     41.19      0.00      6.33    12     42.41      0.00      6.39
 1494816952.47     0     41.19      0.00      6.38    12     42.34      0.00      6.61
 1494816952.57     0     41.18      0.00      6.41    12     42.33      0.00      6.43
 1494816952.67     0     41.18      0.00      6.30    12     42.38      0.00      6.30
 1494816952.77     0     41.14      0.00      6.39    12     42.36      0.00      6.47
 1494816952.87     0     41.21      0.00      6.28    12     42.33      0.00      6.37
 1494816952.97     0     41.16      0.00      6.29    12     42.35      0.00      6.36
 1494816953.07     0     41.20      0.00      6.38    12     42.43      0.00      6.39
 1494816953.17     0     41.18      0.00      6.27    12     42.32      0.00      6.33
 1494816953.27     0     41.39      0.00      6.40    12     42.33      0.00      6.49
 1494816953.37     0     41.38      0.00      6.31    12     42.29      0.00      6.39
 1494816953.47     0     41.40      0.00      6.39    12     42.44      0.00      6.57
 1494816953.57     0     41.40      0.00      6.35    12     42.39      0.00      6.51
 1494816953.67     0     41.46      0.00      6.41    12     42.38      0.00      6.49
 1494816953.77     0     41.55      0.00      6.36    12     42.36      0.00      6.39
 1494816953.87     0     41.49      0.00      6.38    12     42.36      0.00      6.34
 1494816953.97     0     41.37      0.00      6.32    12     42.36      0.00      6.48
 1494816954.07     0     41.35      0.00      6.31    12     42.26      0.00      6.40
 1494816954.17     0     41.37      0.00      6.31    12     42.67      0.00      6.56
 1494816954.27     0     41.38      0.00      6.25    12     42.28      0.00      6.28
 1494816954.37     0     41.74      0.00      6.31    12     42.41      0.00      6.47
 1494816954.47     0     41.08      0.00      6.49    12     42.47      0.00      6.42
 1494816954.57     0     41.82      0.00      6.40    12     42.32      0.00      6.45
 1494816954.67     0     41.46      0.00      6.38    12     42.33      0.00      6.53
 1494816954.77     0     41.53      0.00      6.42    12     42.36      0.00      6.65
 1494816954.87     0     41.50      0.00      6.31    12     42.39      0.00      6.49
 1494816954.97     0     41.57      0.00      6.30    12     42.30      0.00      6.28
 1494816955.07     0     41.39      0.00      6.41    12     42.39      0.00      6.60
 1494816955.17     0     41.39      0.00      6.35    12     42.30      0.00      6.48
 1494816955.27     0     41.42      0.00      6.30    12     42.37      0.00      6.40
 1494816955.37     0     41.47      0.00      6.36    12     42.34      0.00      6.45
 1494816955.47     0     41.38      0.00      6.38    12     42.35      0.00      6.55
 1494816955.57     0     41.03      0.00      6.27    12     41.79      0.00      6.29
 1494816955.67     0     41.89      0.00      6.31    12     42.59      0.00      6.48
 1494816955.77     0     42.03      0.00      6.38    12     42.94      0.00      6.50
 1494816955.87     0     42.07      0.00      6.44    12     42.83      0.00      6.67
 1494816955.97     0     42.03      0.00      6.41    12     42.94      0.00      6.33
 1494816956.07     0     41.74      0.00      6.37    12     42.92      0.00      6.48
 1494816956.17     0     41.59      0.00      6.37    12     42.77      0.00      6.59
 1494816956.27     0     41.73      0.00      6.56    12     42.89      0.00      6.73
 1494816956.37     0     41.78      0.00      6.45    12     42.77      0.00      6.52
 1494816956.48     0     41.73      0.00      6.38    12     42.85      0.00      6.51
 1494816956.58     0     41.59      0.00      6.29    12     42.78      0.00      6.31
 1494816956.68     0     41.74      0.00      6.41    12     42.91      0.00      6.42
 1494816956.78     0     41.72      0.00      6.36    12     42.78      0.00      6.50
 1494816956.88     0     41.85      0.00      6.24    12     42.91      0.00      6.45
 1494816956.98     0     41.80      0.00      6.38    12     42.96      0.00      6.64
 1494816957.08     0     41.54      0.00      6.40    12     42.72      0.00      6.55
 1494816957.18     0     41.79      0.00      6.17    12     42.94      0.00      6.24
 1494816957.28     0     41.80      0.00      6.38    12     42.88      0.00      6.74
 1494816957.38     0     42.15      0.00      6.44    12     43.24      0.00      6.73
 1494816957.48     0     41.40      0.00      6.17    12     42.80      0.00      6.35
 1494816957.58     0     42.14      0.00      6.52    12     42.88      0.00      6.62
 1494816957.68     0     41.79      0.00      6.10    12     43.04      0.00      6.05
 1494816957.78     0     41.64      0.00      6.41    12     42.90      0.00      6.73
 1494816957.88     0     41.24      0.00      6.46    12     42.82      0.00      6.54
 1494816957.98     0     41.18      0.00      6.28    12     42.82      0.00      6.39
 1494816958.08     0     41.21      0.00      6.30    12     42.94      0.00      6.33
 1494816958.18     0     41.24      0.00      6.32    12     42.88      0.00      6.42
 1494816958.28     0     41.28      0.00      6.40    12     42.94      0.00      6.62
 1494816958.38     0     41.20      0.00      6.25    12     42.90      0.00      6.33
 1494816958.48     0     41.29      0.00      6.22    12     42.92      0.00      6.30
 1494816958.58     0     41.17      0.00      6.44    12     42.90      0.00      6.54
 1494816958.68     0     41.27      0.00      6.31    12     42.81      0.00      6.33
 1494816958.78     0     41.44      0.00      6.41    12     43.00      0.00      6.38
 1494816958.88     0     41.27      0.00      6.26    12     42.67      0.00      6.48
 1494816958.98     0     41.45      0.00      6.28    12     42.84      0.00      6.39
 1494816959.08     0     41.39      0.00      6.31    12     42.96      0.00      6.40
 1494816959.18     0     41.50      0.00      6.33    12     42.97      0.00      6.59
 1494816959.28     0     41.41      0.00      6.27    12     42.88      0.00      6.37
 1494816959.38     0     41.52      0.00      6.28    12     42.86      0.00      6.52
 1494816959.48     0     41.36      0.00      6.40    12     42.87      0.00      6.52
 1494816959.58     0     41.53      0.00      6.33    12     42.85      0.00      6.54
 1494816959.68     0     41.44      0.00      6.36    12     42.83      0.00      6.53
 1494816959.78     0     41.52      0.00      6.46    12     43.01      0.00      6.35
 1494816959.88     0     41.51      0.00      6.41    12     42.88      0.00      6.41
 1494816959.98     0     41.43      0.00      6.36    12     42.84      0.00      6.49
 1494816960.08     0     41.41      0.00      6.42    12     42.84      0.00      6.50
 1494816960.18     0     41.45      0.00      6.34    12     42.90      0.00      6.53
 1494816960.28     0     41.48      0.00      6.36    12     42.93      0.00      6.43
 1494816960.38     0     41.39      0.00      6.33    12     42.87      0.00      6.44
 1494816960.48     0     41.45      0.00      6.56    12     43.31      0.00      6.79
 1494816960.58     0     41.81      0.00      6.37    12     42.84      0.00      6.43
 1494816960.68     0     41.16      0.00      6.27    12     42.88      0.00      6.54
 1494816960.78     0     41.76      0.00      6.32    12     42.85      0.00      6.50
 1494816960.88     0     41.20      0.00      6.44    12     42.96      0.00      6.33
 1494816960.98     0     41.21      0.00      6.27    12     42.77      0.00      6.48
 1494816961.08     0     41.20      0.00      6.39    12     42.90      0.00      6.59
 1494816961.18     0     41.19      0.00      6.43    12     42.81      0.00      6.61
 1494816961.28     0     41.18      0.00      6.23    12     42.86      0.00      6.31
 1494816961.38     0     41.26      0.00      6.28    12     42.80      0.00      6.27
 1494816961.48     0     41.22      0.00      6.30    12     42.88      0.00      6.42
 1494816961.58     0     41.25      0.00      6.34    12     42.92      0.00      6.47
 1494816961.68     0     41.19      0.00      6.28    12     42.87      0.00      6.45
 1494816961.78     0     41.23      0.00      6.31    12     42.93      0.00      6.29
 1494816961.88     0     41.24      0.00      6.46    12     42.94      0.00      6.52
 1494816961.98     0     41.19      0.00      6.33    12     42.89      0.00      6.64
 1494816962.08     0     41.14      0.00      6.51    12     42.88      0.00      6.57
 1494816962.18     0     41.24      0.00      6.24    12     42.87      0.00      6.25
 1494816962.28     0     41.18      0.00      6.28    12     42.86      0.00      6.54
 1494816962.38     0     41.22      0.00      6.42    12     42.78      0.00      6.45
 1494816962.48     0     41.27      0.00      6.32    12     42.87      0.00      6.56
 1494816962.58     0     41.23      0.00      6.55    12     42.86      0.00      6.64
 1494816962.68     0     41.21      0.00      6.34    12     42.99      0.00      6.43
 1494816962.78     0     41.21      0.00      6.32    12     42.92      0.00      6.50
 1494816962.88     0     41.22      0.00      6.44    12     42.89      0.00      6.60
 1494816962.98     0     41.30      0.00      6.34    12     42.93      0.00      6.19
 1494816963.08     0     41.17      0.00      6.38    12     42.79      0.00      6.58
 1494816963.18     0     41.17      0.00      6.35    12     42.84      0.00      6.46
 1494816963.28     0     41.19      0.00      6.30    12     42.83      0.00      6.46
 1494816963.38     0     41.24      0.00      6.50    12     42.95      0.00      6.70
 1494816963.48     0     41.16      0.00      6.39    12     42.93      0.00      6.41
 1494816963.58     0     41.23      0.00      6.25    12     43.26      0.00      6.53
 1494816963.68     0     41.18      0.00      6.31    12     42.92      0.00      6.41
 1494816963.78     0     41.20      0.00      6.07    12     42.90      0.00      6.48
 1494816963.88     0     41.27      0.00      6.30    12     42.93      0.00      6.59
 1494816963.98     0     41.18      0.00      6.37    12     42.82      0.00      6.43
 1494816964.08     0     41.63      0.00      6.41    12     42.89      0.00      6.59
 1494816964.18     0     40.79      0.00      6.35    12     43.05      0.00      6.64
 1494816964.28     0     41.61      0.00      6.33    12     42.89      0.00      6.38
 1494816964.38     0     41.18      0.00      6.37    12     42.92      0.00      6.55
 1494816964.49     0     41.14      0.00      6.30    12     42.89      0.00      6.50
 1494816964.59     0     41.12      0.00      6.20    12     42.84      0.00      6.43
 1494816964.69     0     41.21      0.00      6.36    12     42.82      0.00      6.36
 1494816964.79     0     41.23      0.00      6.34    12     42.84      0.00      6.50
 1494816964.89     0     41.47      0.00      6.57    12     42.79      0.00      6.58
 1494816964.99     0     41.48      0.00      6.38    12     42.82      0.00      6.53
 1494816965.09     0     41.40      0.00      6.41    12     42.90      0.00      6.63
 1494816965.19     0     41.53      0.00      6.28    12     42.87      0.00      6.38
 1494816965.29     0     41.42      0.00      6.41    12     42.99      0.00      6.36
 1494816965.39     0     41.48      0.00      6.29    12     42.87      0.00      6.36
 1494816965.49     0     41.33      0.00      6.44    12     42.89      0.00      6.52
 1494816965.59     0     41.36      0.00      6.32    12     42.82      0.00      6.49
 1494816965.69     0     41.00      0.00      6.46    12     41.81      0.00      6.37
 1494816965.79     0     41.44      0.00      6.39    12     42.81      0.00      6.50
 1494816965.89     0     41.48      0.00      6.38    12     42.84      0.00      6.50
 1494816965.99     0     41.43      0.00      6.31    12     42.91      0.00      6.52
 1494816966.09     0     41.44      0.00      6.28    12     42.83      0.00      6.56
 1494816966.19     0     41.49      0.00      6.44    12     42.98      0.00      6.34
 1494816966.29     0     41.15      0.00      6.26    12     42.85      0.00      6.61
 1494816966.39     0     41.21      0.00      6.33    12     42.81      0.00      6.37
 1494816966.49     0     41.13      0.00      6.44    12     42.82      0.00      6.50
 1494816966.59     0     41.32      0.00      6.20    12     42.92      0.00      6.38
 1494816966.69     0     41.20      0.00      6.39    12     43.31      0.00      6.54
 1494816966.79     0     41.25      0.00      6.32    12     42.91      0.00      6.29
 1494816966.89     0     41.26      0.00      6.33    12     42.95      0.00      6.50
 1494816966.99     0     41.11      0.00      6.33    12     42.87      0.00      6.62
 1494816967.09     0     40.92      0.00      6.27    12     42.71      0.00      6.46
 1494816967.19     0     41.62      0.00      6.36    12     42.90      0.00      6.41
 1494816967.29     0     41.20      0.00      6.57    12     42.94      0.00      6.44
 1494816967.39     0     41.31      0.00      6.12    12     42.86      0.00      6.55
 1494816967.49     0     41.23      0.00      6.46    12     42.92      0.00      6.40
 1494816967.59     0     41.46      0.00      6.39    12     42.90      0.00      6.64
 1494816967.69     0     41.47      0.00      6.31    12     42.92      0.00      6.44
 1494816967.79     0     41.39      0.00      6.33    12     42.79      0.00      6.55
 1494816967.89     0     41.40      0.00      6.40    12     42.81      0.00      6.43
 1494816967.99     0     41.42      0.00      6.37    12     42.88      0.00      6.67
 1494816968.09     0     41.43      0.00      6.38    12     42.89      0.00      6.54
 1494816968.19     0     41.46      0.00      6.49    12     42.79      0.00      6.32
 1494816968.29     0     41.40      0.00      6.25    12     42.86      0.00      6.49
 1494816968.39     0     41.40      0.00      6.44    12     42.95      0.00      6.65
 1494816968.49     0     41.44      0.00      6.49    12     42.86      0.00      6.53
 1494816968.59     0     41.52      0.00      6.30    12     42.87      0.00      6.34
 1494816968.69     0     41.52      0.00      6.27    12     42.82      0.00      6.35
 1494816968.79     0     41.30      0.00      6.30    12     42.76      0.00      6.54
 1494816968.89     0     41.51      0.00      6.33    12     42.86      0.00      6.55
 1494816968.99     0     41.52      0.00      6.42    12     42.88      0.00      6.63
 1494816969.09     0     41.51      0.00      6.38    12     42.77      0.00      6.57
 1494816969.19     0     41.45      0.00      6.17    12     42.82      0.00      6.27
 1494816969.29     0     41.57      0.00      6.46    12     42.88      0.00      6.49
 1494816969.39     0     41.49      0.00      6.41    12     42.95      0.00      6.53
 1494816969.49     0     41.46      0.00      6.40    12     42.79      0.00      6.47
 1494816969.59     0     41.51      0.00      6.26    12     42.93      0.00      6.54
 1494816969.69     0     41.48      0.00      6.27    12     42.95      0.00      6.40
 1494816969.79     0     41.56      0.00      6.44    12     42.92      0.00      6.42
 1494816969.89     0     41.50      0.00      6.31    12     43.27      0.00      6.73
 1494816969.99     0     41.48      0.00      6.42    12     42.82      0.00      6.61
 1494816970.09     0     41.46      0.00      6.53    12     42.85      0.00      6.37
 1494816970.19     0     41.43      0.00      6.26    12     42.88      0.00      6.46
 1494816970.29     0     41.92      0.00      6.37    12     42.91      0.00      6.60
 1494816970.39     0     41.53      0.00      6.30    12     42.87      0.00      6.34
 1494816970.49     0     41.49      0.00      6.38    12     42.85      0.00      6.35
 1494816970.59     0     41.48      0.00      6.27    12     42.80      0.00      6.60
 1494816970.69     0     41.50      0.00      6.40    12     42.97      0.00      6.46
 1494816970.79     0     41.45      0.00      6.49    12     42.87      0.00      6.39
 1494816970.89     0     41.42      0.00      6.30    12     42.87      0.00      6.38
 1494816970.99     0     41.38      0.00      6.40    12     42.83      0.00      6.45
 1494816971.09     0     41.32      0.00      6.35    12     42.82      0.00      6.47
 1494816971.19     0     41.30      0.00      6.34    12     42.81      0.00      6.64
 1494816971.29     0     41.22      0.00      6.26    12     42.92      0.00      6.40
 1494816971.39     0     41.22      0.00      6.42    12     42.86      0.00      6.64
 1494816971.49     0     41.28      0.00      6.41    12     42.96      0.00      6.44
 1494816971.59     0     41.15      0.00      6.36    12     42.80      0.00      6.38
 1494816971.69     0     41.23      0.00      6.47    12     42.84      0.00      6.40
 1494816971.79     0     41.20      0.00      6.24    12     42.84      0.00      6.49
 1494816971.89     0     41.21      0.00      6.41    12     42.89      0.00      6.50
 1494816971.99     0     41.22      0.00      6.22    12     42.85      0.00      6.39
 1494816972.09     0     41.25      0.00      6.29    12     42.85      0.00      6.45
 1494816972.19     0     41.27      0.00      6.38    12     42.94      0.00      6.31
 1494816972.29     0     41.35      0.00      6.33    12     42.75      0.00      6.44
 1494816972.40     0     41.18      0.00      6.23    12     42.88      0.00      6.41
 1494816972.50     0     41.33      0.00      6.41    12     42.89      0.00      6.28
 1494816972.60     0     41.25      0.00      6.41    12     42.81      0.00      6.37
 1494816972.70     0     38.94      0.00      5.93    12     40.32      0.00      6.22
 1494816972.80     0     36.97      0.00      4.88    12     37.13      0.00      5.21
 1494816972.90     0     37.56      0.00      5.19    12     37.90      0.00      5.25
 1494816973.00     0     34.88      0.00      5.35    12     34.51      0.00      5.31
 1494816973.10     0     27.18      0.00      4.93    12     26.49      0.00      4.22
 1494816973.20     0     20.92      0.00      4.51    12     22.41      0.00      3.99
 1494816973.30     0     13.18      0.00      2.40    12     16.64      0.00      2.63
 1494816973.40     0     12.99      0.00      2.17    12     15.82      0.00      2.37
 1494816973.50     0     18.64      0.00      3.70    12     20.95      0.00      4.17
 1494816973.60     0     22.26      0.00      5.25    12     24.32      0.00      5.20
