time	PKG-0	Dram-0	PKG-1	Dram-1	
0.0	13.49	2.14	15.93	2.72	
0.5	13.03	2.04	15.55	2.50	
1.0	13.08	2.03	15.44	2.60	
1.5	13.00	2.01	15.46	2.58	
2.0	13.06	1.89	15.45	2.62	
2.5	13.01	1.99	15.40	2.53	
3.0	13.23	2.05	15.70	2.64	
3.5	13.02	2.00	15.40	2.58	
4.0	13.20	1.97	15.50	2.62	
4.5	18.50	3.71	20.30	4.29	
5.0	19.27	3.87	20.94	4.30	
5.5	13.24	2.14	15.69	2.80	
6.0	13.22	2.03	15.50	2.65	
6.5	18.38	3.63	21.13	4.36	
7.0	18.59	3.59	21.23	4.32	
7.5	13.27	2.11	15.72	2.75	
8.0	13.07	2.05	15.59	2.54	
8.5	18.96	3.60	20.86	4.20	
9.0	20.24	4.14	21.84	4.70	
9.5	39.06	7.78	39.71	7.94	
10.0	46.13	9.08	46.17	9.02	
10.5	46.44	8.59	47.19	8.75	
11.0	56.74	12.11	56.96	12.48	
11.5	63.11	12.65	64.00	13.30	
12.0	57.59	12.50	56.85	12.68	
12.5	62.09	12.35	63.69	13.19	
13.0	84.58	13.64	83.47	14.26	
13.5	81.68	14.05	81.02	14.65	
14.0	82.64	13.37	81.50	13.82	
14.5	86.49	14.34	85.01	14.84	
15.0	81.97	14.07	80.23	14.65	
15.5	72.61	10.62	71.48	11.07	
16.0	62.37	11.56	61.88	12.08	
16.5	82.29	15.21	80.78	15.65	
17.0	82.13	12.45	81.13	12.98	
17.5	83.16	12.09	81.96	12.83	
18.0	86.66	13.94	85.16	14.58	
18.5	68.49	13.20	66.94	13.64	
19.0	72.45	11.77	71.72	12.35	
19.5	84.67	13.98	82.90	14.38	
20.0	81.50	12.77	79.89	13.29	
20.5	86.91	13.20	85.30	13.90	
21.0	77.03	14.03	75.07	14.62	
21.5	65.30	12.28	64.81	12.82	
22.0	75.79	10.62	74.75	11.08	
22.5	85.83	12.69	84.32	13.32	
23.0	85.61	15.13	84.08	15.83	
23.5	77.55	11.59	75.28	12.03	
24.0	62.23	11.21	61.79	11.65	
24.5	73.18	13.58	72.78	14.32	
25.0	82.46	12.71	81.25	13.41	
25.5	85.02	13.05	83.38	13.56	
26.0	84.91	14.05	84.24	14.52	
26.5	73.68	10.93	71.51	11.35	
27.0	67.85	12.81	64.35	13.47	
27.5	80.15	15.25	79.36	15.66	
28.0	81.94	12.87	81.02	13.17	
28.5	75.33	11.12	74.64	11.27	
29.0	85.81	13.23	84.75	13.63	
29.5	83.30	15.06	81.26	15.28	
30.0	61.41	9.75	61.42	10.41	
30.5	83.58	12.01	82.26	12.63	
31.0	86.72	14.03	84.92	14.64	
31.5	79.37	12.81	78.00	13.20	
32.0	77.00	13.15	81.93	13.80	
32.5	66.83	13.75	66.33	14.55	
33.0	73.23	10.19	72.66	10.62	
33.5	85.89	13.38	84.76	13.96	
34.0	88.55	15.53	87.43	16.24	
34.5	82.31	12.67	81.08	13.13	
35.0	55.91	9.45	55.33	9.83	
35.5	80.54	13.01	80.10	13.89	
36.0	88.57	15.72	87.40	16.52	
36.5	82.82	12.19	81.53	12.49	
37.0	79.60	12.04	78.23	12.50	
37.5	68.87	12.72	67.25	13.29	
38.0	74.10	13.28	73.37	14.31	
38.5	82.62	12.23	81.57	13.04	
39.0	84.55	12.18	83.02	12.65	
39.5	85.30	14.41	84.07	14.85	
40.0	68.62	-131060.49	69.43	12.26	
40.5	67.92	13.08	67.12	13.64	
41.0	83.96	13.23	82.25	13.62	
41.5	80.76	11.93	79.40	12.40	
42.0	87.08	13.26	85.95	14.00	
42.5	85.37	14.72	84.45	15.59	
43.0	63.37	12.33	62.86	12.82	
43.5	68.35	9.77	68.02	10.26	
44.0	86.05	13.05	84.45	13.59	
44.5	88.39	15.33	86.74	15.90	
45.0	81.63	11.80	79.48	12.45	
45.5	65.76	10.53	64.18	11.10	
46.0	73.24	12.41	72.56	13.00	
46.5	87.39	14.50	85.68	15.20	
47.0	82.42	11.72	80.77	12.24	
47.5	83.85	11.75	82.62	12.31	
48.0	72.79	13.59	70.18	14.08	
48.5	63.65	10.75	63.56	11.67	
49.0	89.25	14.34	87.67	14.93	
49.5	83.92	13.55	82.11	14.04	
50.0	78.48	10.77	77.86	11.62	
50.5	80.88	13.62	80.41	14.35	
51.0	67.12	13.62	66.52	14.37	
51.5	78.46	12.81	77.33	13.63	
52.0	76.63	10.12	75.61	10.78	
52.5	84.87	12.04	83.19	12.75	
53.0	89.68	16.77	88.22	17.73	
53.5	62.62	10.40	63.89	11.11	
54.0	64.71	10.21	64.40	10.82	
54.5	86.24	14.46	84.99	15.19	
55.0	81.92	11.43	81.09	12.28	
55.5	87.18	13.90	86.27	14.56	
56.0	74.89	12.78	73.97	13.42	
56.5	56.38	10.08	56.79	10.71	
57.0	85.58	13.48	84.64	14.02	
57.5	90.78	15.38	88.96	16.02	
58.0	84.45	13.41	83.35	14.16	
58.5	72.56	9.58	71.18	10.16	
59.0	65.00	12.85	64.42	13.10	
59.5	82.96	14.96	82.22	16.11	
60.0	81.93	12.06	80.76	12.69	
60.5	79.43	11.24	78.93	11.84	
61.0	86.64	13.15	84.90	13.70	
61.5	74.45	15.47	72.07	16.19	
62.0	63.11	10.17	62.79	10.81	
62.5	80.87	11.46	80.01	12.34	
63.0	86.75	12.95	85.23	13.53	
63.5	88.26	14.76	86.68	15.61	
64.0	73.83	11.79	73.44	12.45	
64.5	60.18	11.02	60.13	11.70	
65.0	85.34	14.20	84.38	14.78	
65.5	81.68	12.45	80.87	13.16	
66.0	86.57	12.40	85.07	13.17	
66.5	83.77	12.98	82.67	13.88	
67.0	60.61	12.10	60.70	12.69	
67.5	65.91	11.48	65.70	11.94	
68.0	88.51	14.27	87.00	14.93	
68.5	86.24	13.04	84.93	13.89	
69.0	77.27	10.42	76.74	11.34	
69.5	80.65	13.21	79.97	13.65	
70.0	69.01	15.24	68.66	15.88	
70.5	76.29	11.71	75.41	12.71	
71.0	79.01	10.62	78.19	11.40	
71.5	85.89	13.22	84.90	13.92	
72.0	90.50	15.56	88.84	16.22	
72.5	68.42	12.05	67.16	12.88	
73.0	59.44	8.84	59.73	9.65	
73.5	85.98	13.04	84.98	13.65	
74.0	87.46	15.58	86.48	16.41	
74.5	81.98	11.66	81.09	12.23	
75.0	78.86	11.48	76.30	12.16	
75.5	58.63	11.96	58.91	12.50	
76.0	85.32	12.00	84.53	12.49	
76.5	87.80	14.67	86.89	15.45	
77.0	84.97	13.21	83.53	14.12	
77.5	73.19	10.03	73.46	10.85	
78.0	64.25	12.79	64.00	13.22	
78.5	84.98	15.36	84.25	16.32	
79.0	79.82	11.74	78.46	12.51	
79.5	79.37	11.18	79.05	11.95	
80.0	85.26	13.11	84.12	13.62	
80.5	73.85	14.84	72.76	15.60	
81.0	62.79	10.60	62.96	11.37	
81.5	78.75	10.87	78.54	11.38	
82.0	85.54	12.82	84.52	13.25	
82.5	85.83	15.24	85.23	16.22	
83.0	72.37	10.62	71.76	11.30	
83.5	62.14	11.42	61.59	12.16	
84.0	82.13	13.37	81.98	14.13	
84.5	82.98	11.23	82.19	11.91	
85.0	88.48	14.41	87.22	15.10	
85.5	84.43	13.19	83.31	13.97	
86.0	57.24	9.81	57.29	10.55	
86.5	74.61	13.11	74.76	13.65	
87.0	90.38	14.81	89.14	15.40	
87.5	84.79	13.09	83.64	13.81	
88.0	76.30	9.83	75.88	10.49	
88.5	72.85	12.41	71.88	12.82	
89.0	69.72	14.71	69.22	15.32	
89.5	82.87	12.01	82.39	12.66	
90.0	78.26	10.56	77.79	11.14	
90.5	86.31	13.00	85.51	13.67	
91.0	86.41	15.91	84.25	16.44	
91.5	57.32	9.99	56.74	10.67	
92.0	72.64	10.72	72.53	11.21	
92.5	85.76	13.35	84.96	14.02	
93.0	84.89	13.42	84.18	14.11	
93.5	84.90	13.17	83.68	13.79	
94.0	67.18	11.06	65.64	11.63	
94.5	73.13	13.80	73.07	14.42	
95.0	81.21	12.64	81.05	13.25	
95.5	86.29	12.42	85.19	12.95	
96.0	88.94	14.67	88.18	15.53	
96.5	63.24	9.03	63.03	9.57	
97.0	63.22	12.33	63.45	12.75	
97.5	90.00	15.49	89.43	15.99	
98.0	82.48	12.38	81.51	13.03	
98.5	76.93	9.90	76.62	10.56	
99.0	84.52	13.40	83.61	13.85	
99.5	68.20	15.16	67.68	15.73	
100.0	69.89	10.33	69.76	11.25	
100.5	81.92	11.27	81.48	11.99	
101.0	86.32	13.58	85.34	13.98	
101.5	87.66	14.80	86.93	15.56	
102.0	61.59	10.11	62.10	10.82	
102.5	69.19	12.11	69.14	12.79	
103.0	86.62	14.74	85.85	15.21	
103.5	81.92	12.49	80.77	13.15	
104.0	85.61	12.35	84.52	13.08	
104.5	76.17	12.64	76.12	13.25	
105.0	61.56	12.85	61.73	13.42	
105.5	81.60	10.88	81.43	11.70	
106.0	88.17	14.51	87.00	15.00	
106.5	84.54	13.13	83.60	13.60	
107.0	75.10	10.62	73.94	11.08	
107.5	65.08	12.17	63.83	12.82	
108.0	83.53	15.66	83.28	16.45	
108.5	81.47	11.89	80.44	12.57	
109.0	79.05	10.86	78.29	11.55	
109.5	85.81	12.69	84.49	13.31	
110.0	75.49	15.03	73.51	15.77	
110.5	64.34	10.98	64.99	11.54	
111.0	78.91	10.49	78.73	11.33	
111.5	86.84	13.66	86.09	13.96	
112.0	88.89	15.74	88.58	16.68	
112.5	75.94	11.66	74.79	11.94	
113.0	56.20	9.16	56.26	9.80	
113.5	80.58	13.33	80.35	13.97	
114.0	86.94	14.43	86.14	15.00	
114.5	83.07	12.38	82.41	12.99	
115.0	82.15	12.04	81.32	12.36	
115.5	67.16	13.06	67.46	13.66	
116.0	67.89	11.63	68.24	12.43	
116.5	85.01	12.30	84.37	12.80	
117.0	88.11	14.57	86.94	15.00	
117.5	75.11	10.53	74.42	11.09	
118.0	74.40	12.55	73.73	13.35	
118.5	68.36	14.90	68.41	15.49	
119.0	82.60	12.51	81.60	12.67	
119.5	77.34	9.97	77.06	10.49	
120.0	85.33	12.68	84.57	13.18	
120.5	87.97	16.35	86.53	16.91	
121.0	59.59	10.93	58.94	11.17	
121.5	67.75	10.00	67.77	10.45	
122.0	86.89	13.27	85.86	13.69	
122.5	89.03	15.09	88.42	15.63	
123.0	81.81	11.87	80.92	12.41	
123.5	67.37	11.23	66.32	11.34	
124.0	68.38	12.03	68.52	12.79	
124.5	85.35	14.84	84.66	15.39	
125.0	80.10	11.31	79.13	11.79	
125.5	83.18	12.16	82.20	12.44	
126.0	78.13	14.19	77.55	14.70	
126.5	60.09	10.92	60.34	11.45	
127.0	82.47	12.71	82.04	13.24	
127.5	84.86	13.24	83.68	13.64	
128.0	84.14	13.68	82.69	14.37	
128.5	79.95	12.10	79.44	12.51	
129.0	68.44	12.79	68.53	13.65	
129.5	72.33	12.67	71.49	13.12	
130.0	79.42	11.79	78.86	12.35	
130.5	87.21	13.23	86.09	13.31	
131.0	88.56	14.82	87.70	15.60	
131.5	71.35	12.52	70.35	13.05	
132.0	56.73	9.39	57.44	10.17	
132.5	85.95	13.49	84.44	13.82	
133.0	90.85	15.76	89.51	16.28	
133.5	80.60	11.81	79.39	12.16	
134.0	73.98	10.67	72.72	11.28	
134.5	62.14	11.06	62.09	11.65	
135.0	84.40	15.24	83.98	15.91	
135.5	81.52	12.10	81.06	12.54	
136.0	80.01	10.92	79.12	11.66	
136.5	85.55	13.26	84.02	13.73	
137.0	68.29	14.01	67.19	14.49	
137.5	66.70	9.90	66.39	10.82	
138.0	88.54	13.93	87.31	14.50	
138.5	75.19	10.62	74.25	11.12	
139.0	89.17	14.54	87.83	15.15	
139.5	74.41	13.86	73.96	14.40	
140.0	65.50	12.63	65.32	13.02	
140.5	75.70	9.72	75.25	10.30	
141.0	86.55	13.49	85.05	14.09	
141.5	91.44	16.43	90.11	16.99	
142.0	76.24	12.26	75.72	12.75	
142.5	54.45	9.24	54.62	9.93	
143.0	81.80	12.53	80.45	12.85	
143.5	91.48	15.63	89.76	16.57	
144.0	83.83	12.68	82.58	13.15	
144.5	76.67	10.65	76.20	11.41	
145.0	68.10	12.44	67.72	12.85	
145.5	73.88	14.87	73.86	15.53	
146.0	81.21	11.51	80.01	12.06	
146.5	81.23	11.36	80.28	12.01	
147.0	86.93	13.16	85.29	13.77	
147.5	79.34	14.59	77.04	14.99	
148.0	58.66	10.83	59.20	11.45	
148.5	79.92	11.59	79.18	12.21	
149.0	85.80	13.57	84.64	14.29	
149.5	83.80	14.00	83.04	14.62	
150.0	80.55	11.62	79.83	12.21	
150.5	63.46	11.50	62.87	11.96	
151.0	72.42	13.97	72.56	14.81	
151.5	81.21	11.41	81.19	12.00	
152.0	86.53	12.98	85.84	13.39	
152.5	85.17	13.30	84.79	14.01	
153.0	69.84	12.33	68.43	12.84	
153.5	61.83	11.63	62.55	12.23	
154.0	88.34	14.17	87.93	14.68	
154.5	83.06	13.30	82.19	13.75	
155.0	78.52	11.07	77.89	11.68	
155.5	82.73	13.78	82.84	14.24	
156.0	65.81	13.78	65.80	14.03	
156.5	73.61	13.00	73.61	13.52	
157.0	77.15	10.34	77.15	10.89	
157.5	85.91	13.59	85.33	14.30	
158.0	90.76	15.99	89.75	16.53	
158.5	68.48	12.75	68.13	13.28	
159.0	53.14	7.46	53.75	8.13	
159.5	85.56	12.94	85.01	13.43	
160.0	85.07	14.22	84.63	14.75	
160.5	85.08	13.28	84.87	13.75	
161.0	79.52	11.95	79.10	12.45	
161.5	63.67	12.78	64.02	13.48	
162.0	78.67	13.43	78.79	14.01	
162.5	81.06	11.45	80.20	11.85	
163.0	85.33	13.29	84.81	13.74	
163.5	83.26	13.96	82.57	14.68	
164.0	62.64	10.50	63.12	11.17	
164.5	71.62	13.74	71.96	14.03	
165.0	84.36	12.95	83.74	13.75	
165.5	81.14	12.57	80.56	13.18	
166.0	84.00	12.71	83.64	13.39	
166.5	77.66	14.10	76.79	14.65	
167.0	61.42	12.35	61.27	12.67	
167.5	72.37	10.27	72.38	10.85	
168.0	88.01	14.07	87.12	14.49	
168.5	89.83	15.04	89.01	15.61	
169.0	82.03	12.88	81.14	13.62	
169.5	57.16	9.17	57.36	9.57	
170.0	74.73	11.78	74.88	12.39	
170.5	91.00	16.87	90.32	17.34	
171.0	80.64	11.43	79.89	12.01	
171.5	79.13	11.15	78.55	11.74	
172.0	69.56	12.25	69.22	12.64	
172.5	70.89	14.49	70.97	15.08	
173.0	81.36	12.15	80.79	12.62	
173.5	80.11	11.30	79.73	11.98	
174.0	85.10	13.37	84.56	13.48	
174.5	81.10	15.27	80.67	15.67	
175.0	55.99	9.88	56.14	10.50	
175.5	78.65	11.85	78.47	12.52	
176.0	87.23	14.29	86.16	14.80	
176.5	84.09	12.96	83.70	13.79	
177.0	82.03	12.34	81.33	12.97	
177.5	65.68	11.78	65.76	12.46	
178.0	70.60	13.95	70.45	14.48	
178.5	81.03	12.32	80.63	12.83	
179.0	87.40	13.01	86.41	13.62	
179.5	87.99	14.92	86.71	15.46	
180.0	63.92	9.21	63.82	9.77	
180.5	63.01	12.29	63.59	12.66	
181.0	90.44	15.75	89.55	16.19	
181.5	82.71	12.07	81.82	12.85	
182.0	77.58	10.59	77.18	11.37	
182.5	83.60	12.88	82.58	13.16	
183.0	67.87	15.26	67.39	15.86	
183.5	69.58	10.53	69.21	11.10	
184.0	80.77	11.22	80.44	11.78	
184.5	85.53	13.03	84.83	13.36	
185.0	87.12	14.64	86.16	15.26	
185.5	67.08	11.63	66.17	12.13	
186.0	63.58	10.90	63.26	11.56	
186.5	86.97	14.15	86.18	14.58	
187.0	83.31	13.67	83.05	14.29	
187.5	81.26	11.43	80.52	12.10	
188.0	80.55	12.53	78.73	12.97	
188.5	64.13	13.89	63.90	14.13	
189.0	76.66	10.84	76.92	11.45	
189.5	86.59	13.56	85.74	14.24	
190.0	85.42	13.35	84.37	13.59	
190.5	79.81	12.81	79.02	13.41	
191.0	63.72	11.49	63.95	12.12	
191.5	76.32	14.25	76.38	14.59	
192.0	83.78	13.01	82.46	13.47	
192.5	78.27	11.36	77.83	11.78	
193.0	87.99	13.77	87.60	14.55	
193.5	75.02	14.03	74.72	14.70	
194.0	62.77	12.50	62.78	12.65	
194.5	74.05	10.17	73.58	10.54	
195.0	86.17	13.58	85.02	13.82	
195.5	90.88	15.88	89.91	16.55	
196.0	79.50	12.36	78.73	12.80	
196.5	54.86	8.97	55.75	9.64	
197.0	75.23	12.02	74.99	12.53	
197.5	90.63	15.87	90.04	16.47	
198.0	81.58	12.21	80.85	12.71	
198.5	78.42	10.76	77.97	11.24	
199.0	69.21	12.36	69.42	12.83	
199.5	71.26	14.97	71.34	15.40	
200.0	79.50	11.11	79.08	11.89	
200.5	82.45	11.35	81.58	11.67	
201.0	81.12	13.30	80.39	13.88	
201.5	75.82	11.54	75.81	11.92	
202.0	65.17	13.52	65.58	14.41	
202.5	79.69	13.23	79.09	13.33	
203.0	76.18	10.32	76.04	11.03	
203.5	85.65	13.58	84.87	14.13	
204.0	88.26	15.82	87.41	16.48	
204.5	63.28	11.73	63.37	11.96	
205.0	59.98	9.34	60.75	9.89	
205.5	84.82	12.53	83.83	12.96	
206.0	91.01	15.70	90.09	16.33	
206.5	82.47	12.43	82.33	12.95	
207.0	70.17	9.91	70.15	10.36	
207.5	63.25	12.01	63.53	12.40	
208.0	83.31	15.39	82.84	16.04	
208.5	80.81	11.52	80.14	12.19	
209.0	81.00	11.38	80.58	11.75	
209.5	84.59	13.30	84.27	14.11	
210.0	68.02	13.30	68.11	13.91	
210.5	61.80	10.68	62.24	11.53	
211.0	83.62	12.36	83.06	12.59	
211.5	86.87	14.30	86.16	15.16	
212.0	81.74	12.90	81.40	13.50	
212.5	77.49	11.46	76.70	12.26	
213.0	63.45	12.41	63.39	12.83	
213.5	76.14	13.23	76.06	13.95	
214.0	82.89	11.65	82.64	12.25	
214.5	87.57	13.79	86.97	14.53	
215.0	84.73	13.64	84.03	14.16	
215.5	61.72	11.26	62.05	12.01	
216.0	68.40	12.06	69.13	12.93	
216.5	88.38	13.93	87.96	14.76	
217.0	82.67	13.20	81.80	13.71	
217.5	76.87	10.57	77.07	11.43	
218.0	79.59	13.93	78.72	14.51	
218.5	66.51	13.43	66.56	14.02	
219.0	78.79	13.09	78.66	13.76	
219.5	75.67	9.40	75.77	10.04	
220.0	85.50	13.73	84.79	14.37	
220.5	89.10	16.25	88.24	16.67	
221.0	63.37	11.33	63.39	11.72	
221.5	54.17	8.35	54.12	8.91	
222.0	86.28	13.97	85.68	14.85	
222.5	85.01	13.29	84.54	14.13	
223.0	81.59	11.70	81.03	12.71	
223.5	80.85	12.38	80.55	12.93	
224.0	64.39	13.87	65.03	14.48	
224.5	73.94	11.69	74.30	12.18	
225.0	85.99	12.87	85.31	13.24	
225.5	83.92	13.52	82.99	14.09	
226.0	81.69	12.92	81.74	13.61	
226.5	66.44	11.19	67.16	11.79	
227.0	71.22	13.89	71.53	14.30	
227.5	84.39	13.19	83.66	13.59	
228.0	78.39	11.68	78.29	12.12	
228.5	85.70	13.56	85.23	14.26	
229.0	80.30	14.02	79.64	14.12	
229.5	61.15	12.16	61.05	12.79	
230.0	72.70	10.16	72.79	10.56	
230.5	86.74	13.42	85.94	14.13	
231.0	90.57	15.47	89.46	15.87	
231.5	81.07	12.60	80.65	13.25	
232.0	56.20	9.17	57.20	9.59	
232.5	71.40	12.08	71.66	13.08	
233.0	91.13	16.66	90.26	16.93	
233.5	80.72	11.30	80.15	12.19	
234.0	77.68	10.60	77.52	11.19	
234.5	73.33	12.23	73.17	12.75	
235.0	67.56	14.47	67.48	15.02	
235.5	76.81	11.29	76.73	11.85	
236.0	80.36	11.02	79.96	11.69	
236.5	85.71	13.24	85.03	13.80	
237.0	83.78	15.17	83.65	15.87	
237.5	57.79	9.63	57.65	10.27	
238.0	73.37	11.35	73.34	12.09	
238.5	86.18	14.59	85.40	15.00	
239.0	82.06	11.80	81.65	12.61	
239.5	86.74	13.03	86.10	13.47	
240.0	69.57	12.27	68.87	13.11	
240.5	62.68	12.46	63.18	12.92	
241.0	81.91	11.90	81.82	12.86	
241.5	88.31	14.16	87.68	14.60	
242.0	86.34	14.69	85.27	15.47	
242.5	67.13	9.18	66.18	9.44	
243.0	61.55	11.16	62.16	11.87	
243.5	82.97	15.27	83.03	15.85	
244.0	81.56	11.89	80.81	12.55	
244.5	80.59	11.38	80.05	11.86	
245.0	86.06	13.73	85.21	14.34	
245.5	69.49	14.24	69.81	14.78	
246.0	59.58	10.20	60.33	10.66	
246.5	81.92	11.61	81.53	12.08	
247.0	85.98	13.39	85.10	13.92	
247.5	85.72	13.95	85.64	14.76	
248.0	78.19	12.30	77.98	12.71	
248.5	60.00	10.79	60.25	11.53	
249.0	79.68	14.03	79.21	14.45	
249.5	82.03	13.01	81.86	13.81	
250.0	82.45	11.48	81.93	12.20	
250.5	84.75	13.30	84.44	14.01	
251.0	66.33	13.00	66.77	13.41	
251.5	65.66	10.66	66.26	11.37	
252.0	86.54	14.00	86.24	14.66	
252.5	84.77	13.30	83.96	13.72	
253.0	78.65	11.78	78.47	12.30	
253.5	78.03	13.13	77.21	13.69	
254.0	67.18	13.67	67.73	14.25	
254.5	77.59	13.15	77.11	13.98	
255.0	77.69	10.58	77.67	10.89	
255.5	87.36	13.77	86.58	14.17	
256.0	89.55	15.45	89.40	16.12	
256.5	65.88	12.42	67.66	12.99	
257.0	61.01	9.09	62.08	9.60	
257.5	84.97	13.05	84.60	13.37	
258.0	90.90	16.59	90.29	17.35	
258.5	79.83	11.25	79.43	12.04	
259.0	69.56	10.78	69.54	11.22	
259.5	62.70	11.72	63.24	11.89	
260.0	84.67	15.04	84.54	15.87	
260.5	80.71	12.10	80.65	12.28	
261.0	80.46	11.31	80.46	12.11	
261.5	84.77	13.39	85.05	13.82	
262.0	69.63	14.94	69.91	15.67	
262.5	64.03	10.22	64.14	10.86	
263.0	84.10	11.74	84.14	12.53	
263.5	81.99	13.58	81.56	14.01	
264.0	83.55	11.89	83.14	12.65	
264.5	75.77	13.28	75.66	13.99	
265.0	62.18	12.51	62.80	13.26	
265.5	76.50	11.13	76.58	11.86	
266.0	85.75	13.81	85.37	14.13	
266.5	88.78	14.16	88.11	15.16	
267.0	80.96	13.03	80.28	13.58	
267.5	53.99	9.43	55.02	10.25	
268.0	82.36	14.20	82.52	14.66	
268.5	88.40	14.14	87.58	15.02	
269.0	84.85	13.29	84.71	13.51	
269.5	74.23	9.54	73.96	10.39	
270.0	67.06	12.33	66.98	13.04	
270.5	76.21	15.90	76.37	16.53	
271.0	79.70	11.41	79.22	11.73	
271.5	78.61	11.16	78.56	11.66	
272.0	84.53	12.18	83.98	13.04	
272.5	81.09	15.75	80.71	16.29	
273.0	58.55	11.11	58.86	11.52	
273.5	71.47	10.45	71.68	10.85	
274.0	85.50	13.03	85.17	13.66	
274.5	88.18	15.87	87.71	16.52	
275.0	78.94	11.58	78.68	12.03	
275.5	62.11	10.54	62.80	10.85	
276.0	71.32	12.47	71.92	13.10	
276.5	85.18	13.80	85.17	14.23	
277.0	82.59	12.71	82.56	13.18	
277.5	83.02	12.10	82.63	12.77	
278.0	74.38	13.20	73.80	14.05	
278.5	59.79	11.25	60.98	11.62	
279.0	85.56	12.66	85.21	13.20	
279.5	84.00	13.17	83.30	13.60	
280.0	83.17	13.59	82.72	14.29	
280.5	78.74	11.31	78.65	11.83	
281.0	65.25	13.30	65.62	14.06	
281.5	75.98	12.78	76.04	13.35	
282.0	78.64	11.76	78.76	12.41	
282.5	85.03	13.15	84.32	13.60	
283.0	88.76	14.66	87.98	15.19	
283.5	69.30	13.64	68.90	14.21	
284.0	52.69	7.33	53.80	7.99	
284.5	85.56	13.08	84.87	13.82	
285.0	89.14	15.08	88.45	15.55	
285.5	81.64	11.89	81.80	12.48	
286.0	73.99	11.09	74.28	11.44	
286.5	63.18	12.22	63.68	13.22	
287.0	82.95	14.33	83.23	14.73	
287.5	81.16	11.73	80.56	12.27	
288.0	83.19	12.07	82.93	12.64	
288.5	84.76	14.23	84.33	15.26	
289.0	60.86	11.34	61.35	11.62	
289.5	72.98	12.02	73.50	12.84	
290.0	83.91	12.96	83.44	13.40	
290.5	83.32	13.46	82.78	14.23	
291.0	81.49	12.10	81.24	12.32	
291.5	73.93	13.37	73.50	13.83	
292.0	63.16	12.50	63.45	12.96	
292.5	77.49	11.36	77.06	11.91	
293.0	86.99	13.28	86.41	13.83	
293.5	88.24	14.89	88.11	15.45	
294.0	79.62	12.78	79.24	13.55	
294.5	54.35	9.54	55.25	10.13	
295.0	77.83	13.57	78.12	14.15	
295.5	89.77	15.36	89.18	15.84	
296.0	83.14	13.02	82.46	13.74	
296.5	76.12	9.81	76.25	10.39	
297.0	68.38	12.45	68.80	12.97	
297.5	69.24	14.60	69.86	14.91	
298.0	80.77	11.72	80.14	12.32	
298.5	79.07	11.11	78.90	11.69	
299.0	84.67	12.61	84.95	13.39	
299.5	86.41	16.47	85.12	16.66	
300.0	56.65	10.04	57.05	10.95	
300.5	72.71	10.78	72.84	11.28	
301.0	85.37	12.90	84.97	13.53	
301.5	88.69	15.04	87.97	15.83	
302.0	80.81	12.17	80.88	12.59	
302.5	63.60	10.34	63.95	11.14	
303.0	71.59	13.02	72.10	13.46	
303.5	83.29	13.98	83.12	14.63	
304.0	81.59	11.82	80.98	12.00	
304.5	88.09	13.69	87.60	14.61	
305.0	64.41	10.82	64.66	11.29	
305.5	65.60	12.46	65.85	13.39	
306.0	87.70	14.56	87.51	14.95	
306.5	85.03	13.10	84.57	13.73	
307.0	76.90	10.48	77.01	10.86	
307.5	83.16	13.49	82.07	14.21	
308.0	68.10	14.64	68.37	14.96	
308.5	70.18	12.48	69.95	13.31	
309.0	76.33	9.72	76.90	10.03	
309.5	85.82	13.44	84.97	14.01	
310.0	91.67	16.06	91.05	16.63	
310.5	72.06	12.33	71.53	12.96	
311.0	54.38	9.41	55.30	9.78	
311.5	84.55	12.50	84.15	13.12	
312.0	90.65	16.67	89.82	17.27	
312.5	82.12	12.11	81.24	12.66	
313.0	74.97	10.59	74.85	10.86	
313.5	63.11	11.89	63.41	12.49	
314.0	78.64	14.52	78.82	15.21	
314.5	82.23	12.45	82.15	12.94	
315.0	80.66	11.22	80.25	11.94	
315.5	85.31	13.04	84.81	13.22	
316.0	72.56	14.60	72.90	15.73	
316.5	60.63	10.55	61.27	11.38	
317.0	82.41	11.85	82.19	12.32	
317.5	86.11	13.91	85.52	14.07	
318.0	85.47	13.67	84.88	14.32	
318.5	76.25	11.46	76.71	12.23	
319.0	61.74	11.55	62.20	12.18	
319.5	80.74	14.32	80.55	14.71	
320.0	80.92	12.36	80.81	12.99	
320.5	85.65	12.37	85.02	13.20	
321.0	83.28	13.28	82.78	14.06	
321.5	63.05	12.49	63.89	13.04	
322.0	67.91	10.76	68.52	11.25	
322.5	87.64	14.09	86.92	14.90	
323.0	84.68	13.22	84.13	13.52	
323.5	79.56	12.22	79.24	12.85	
324.0	76.11	12.88	75.54	13.44	
324.5	66.62	13.41	66.91	14.07	
325.0	76.81	14.13	76.09	14.43	
325.5	72.88	8.39	73.02	9.32	
326.0	87.11	13.41	85.95	13.57	
326.5	89.59	15.19	88.84	16.11	
327.0	65.85	11.66	66.10	12.15	
327.5	61.21	9.97	62.14	10.57	
328.0	85.78	12.84	85.20	13.55	
328.5	88.17	16.00	87.24	16.72	
329.0	80.18	11.28	79.57	11.85	
329.5	75.35	11.56	75.21	11.92	
330.0	63.05	12.28	63.68	13.09	
330.5	82.89	13.54	83.09	14.09	
331.0	82.26	12.23	81.64	12.88	
331.5	83.32	12.22	82.85	12.51	
332.0	84.58	14.48	84.06	15.09	
332.5	59.63	11.58	60.30	12.08	
333.0	74.65	11.84	74.71	12.54	
333.5	83.98	13.06	83.44	13.54	
334.0	82.04	13.02	81.78	13.79	
334.5	84.07	12.06	83.82	12.50	
335.0	70.97	13.72	71.11	14.20	
335.5	63.66	12.51	63.92	12.99	
336.0	76.64	10.90	76.66	11.57	
336.5	86.50	14.02	85.89	14.28	
337.0	89.22	14.39	88.45	15.26	
337.5	78.01	12.89	76.79	12.97	
338.0	52.49	8.70	53.41	9.32	
338.5	76.80	12.91	77.12	13.72	
339.0	90.45	15.64	89.82	16.24	
339.5	83.12	12.61	82.58	13.17	
340.0	77.60	10.79	77.75	11.40	
340.5	68.00	11.18	67.92	12.05	
341.0	72.06	15.79	72.92	16.00	
341.5	78.29	11.06	77.68	11.40	
342.0	79.90	11.13	79.71	11.59	
342.5	85.44	12.79	84.97	13.70	
343.0	81.57	15.31	81.25	15.60	
343.5	56.94	10.46	57.68	11.11	
344.0	78.23	11.28	78.26	11.95	
344.5	86.01	13.74	85.51	14.31	
345.0	83.44	14.10	83.24	14.43	
345.5	79.82	11.44	79.53	12.08	
346.0	68.79	13.32	68.47	13.93	
346.5	63.09	10.29	63.36	10.77	
347.0	87.60	13.65	87.34	14.22	
347.5	88.03	14.49	87.54	15.21	
348.0	84.35	13.53	83.90	13.99	
348.5	64.55	9.77	64.96	10.39	
349.0	62.67	12.00	63.47	12.67	
349.5	88.83	16.14	89.19	16.46	
350.0	82.13	12.16	81.74	12.83	
350.5	77.53	10.25	77.61	10.90	
351.0	83.16	13.23	82.86	13.84	
351.5	69.10	14.91	68.98	15.44	
352.0	66.32	10.75	67.05	11.57	
352.5	79.67	11.50	79.46	11.94	
353.0	85.38	12.92	85.04	13.40	
353.5	87.77	15.88	87.52	16.40	
354.0	70.02	11.16	69.67	11.82	
354.5	56.46	9.84	57.15	10.54	
355.0	84.68	12.92	84.77	13.39	
355.5	88.39	15.21	87.86	15.62	
356.0	81.97	12.22	82.23	12.76	
356.5	79.59	11.58	79.69	12.29	
357.0	63.81	12.65	64.40	13.15	
357.5	74.63	13.87	75.23	14.43	
358.0	80.13	11.25	79.96	11.74	
358.5	83.84	12.52	83.76	13.13	
359.0	86.79	14.78	86.49	15.22	
359.5	67.53	11.39	67.78	12.25	
360.0	64.90	11.86	65.74	12.11	
360.5	84.19	12.99	84.02	13.67	
361.0	83.21	13.62	82.90	14.12	
361.5	82.02	12.26	81.79	13.23	
362.0	82.20	13.37	82.00	13.59	
362.5	61.05	12.36	61.49	12.90	
363.0	70.65	11.35	70.99	11.64	
363.5	86.40	13.30	86.16	13.77	
364.0	87.80	14.53	87.40	15.03	
364.5	84.16	13.47	83.89	14.10	
365.0	59.49	9.67	60.05	9.82	
365.5	69.45	12.90	69.96	13.72	
366.0	89.90	15.46	89.41	15.93	
366.5	83.53	13.38	83.25	13.98	
367.0	73.58	8.91	73.48	9.38	
367.5	76.40	12.69	75.56	13.04	
368.0	67.11	14.35	67.39	14.86	
368.5	75.61	11.42	75.91	12.01	
369.0	82.14	11.98	82.03	12.17	
369.5	85.37	13.44	85.29	13.90	
370.0	83.78	14.81	84.05	15.61	
370.5	59.42	10.24	59.62	10.58	
371.0	69.47	11.62	69.76	12.09	
371.5	86.45	14.58	86.26	14.99	
372.0	82.34	12.19	82.06	12.67	
372.5	84.70	12.51	84.90	12.98	
373.0	72.53	12.74	72.34	13.19	
373.5	62.25	12.90	63.49	13.25	
374.0	81.18	11.65	81.83	12.27	
374.5	88.05	13.77	87.59	14.46	
375.0	83.18	13.24	82.63	13.77	
375.5	72.98	11.70	72.41	11.98	
376.0	64.09	12.04	64.75	12.69	
376.5	77.31	13.81	77.67	14.65	
377.0	83.49	13.44	83.19	13.71	
377.5	76.31	10.34	76.70	10.89	
378.0	85.95	13.91	85.61	14.43	
378.5	75.46	14.52	75.05	15.44	
379.0	60.35	12.14	60.70	12.73	
379.5	75.62	9.56	75.84	10.29	
380.0	85.57	13.42	84.97	13.65	
380.5	90.40	15.35	90.14	16.45	
381.0	79.19	12.58	78.67	13.02	
381.5	53.33	9.05	54.17	9.63	
382.0	77.88	12.79	78.27	12.97	
382.5	89.63	16.41	89.10	17.11	
383.0	80.63	11.51	80.48	12.09	
383.5	78.08	10.95	77.61	11.54	
384.0	67.35	11.59	67.29	12.28	
384.5	69.73	14.60	70.49	15.14	
385.0	80.91	12.07	81.21	12.36	
385.5	81.57	11.65	81.28	12.18	
386.0	86.37	13.39	85.91	14.09	
386.5	80.99	15.28	80.17	15.70	
387.0	56.10	10.20	56.43	10.70	
387.5	79.31	12.61	79.58	13.11	
388.0	76.20	11.53	76.06	12.28	
388.5	86.59	13.25	86.14	13.75	
389.0	87.49	14.61	87.30	15.39	
389.5	67.64	12.50	67.40	12.80	
390.0	60.91	9.83	61.65	10.45	
390.5	85.64	13.64	85.23	14.33	
391.0	90.18	15.44	89.44	16.17	
391.5	82.36	13.38	82.00	13.53	
392.0	67.27	9.25	67.51	9.71	
392.5	62.47	11.99	63.31	12.83	
393.0	87.12	15.73	86.95	16.28	
393.5	82.44	12.47	82.32	12.78	
394.0	78.68	11.00	78.68	11.74	
394.5	83.41	12.42	83.19	13.20	
395.0	70.89	15.92	70.36	16.55	
395.5	67.56	10.63	67.83	11.17	
396.0	78.24	10.87	78.35	11.20	
396.5	86.43	13.33	86.30	14.18	
397.0	89.38	15.44	88.83	15.80	
397.5	68.78	11.42	68.10	11.89	
398.0	58.19	10.16	58.46	10.63	
398.5	85.24	13.18	84.90	13.71	
399.0	85.37	15.09	85.30	15.49	
399.5	80.28	11.35	79.89	12.14	
400.0	80.97	12.18	80.63	12.69	
400.5	63.72	12.99	64.18	13.58	
401.0	74.48	12.37	75.16	12.83	
401.5	82.96	12.19	82.60	12.28	
402.0	85.25	13.02	84.62	13.85	
402.5	83.22	14.10	82.47	14.87	
403.0	64.35	11.20	64.94	11.62	
403.5	70.92	13.14	71.38	13.82	
404.0	82.48	12.78	81.50	13.56	
404.5	80.78	12.33	80.45	13.11	
405.0	85.34	12.56	85.10	13.26	
405.5	79.21	14.08	78.67	14.54	
406.0	63.00	12.20	63.14	12.81	
406.5	55.21	9.93	56.02	10.50	
407.0	86.10	13.84	85.64	14.59	
407.5	88.92	14.61	88.33	14.97	
408.0	84.28	13.90	83.46	14.71	
408.5	68.61	8.57	68.30	9.08	
409.0	63.41	12.17	63.82	12.86	
409.5	76.55	14.16	76.55	14.66	
410.0	82.67	12.71	82.64	13.14	
410.5	80.69	11.36	80.37	12.14	
411.0	85.72	13.29	85.37	14.01	
411.5	71.64	14.16	72.00	14.75	
412.0	58.46	10.32	58.96	10.88	
412.5	84.34	12.62	83.73	13.07	
413.0	86.55	14.15	85.70	14.61	
413.5	83.20	12.83	83.00	13.51	
414.0	79.61	11.85	78.68	12.21	
414.5	62.88	12.16	63.10	12.93	
415.0	74.91	13.96	75.21	14.62	
415.5	80.73	12.25	80.45	12.90	
416.0	85.98	12.77	85.19	12.99	
416.5	84.93	13.56	84.41	14.19	
417.0	69.21	13.35	68.55	13.78	
417.5	60.05	10.03	61.13	10.59	
418.0	87.37	14.45	86.86	14.63	
418.5	84.59	13.36	83.95	13.63	
419.0	80.33	12.61	80.00	13.11	
419.5	80.23	12.84	79.88	13.34	
420.0	66.52	13.31	66.92	14.11	
420.5	74.65	12.87	73.85	13.44	
421.0	76.42	10.60	76.54	10.98	
421.5	87.42	14.14	86.85	14.82	
422.0	88.97	15.18	88.46	15.61	
422.5	79.24	14.19	79.56	14.67	
423.0	53.02	8.60	53.78	9.15	
423.5	60.33	11.33	61.13	11.78	
424.0	67.33	16.56	67.45	17.36	
424.5	58.55	11.74	58.18	12.23	
425.0	53.03	9.35	53.63	10.03	
425.5	61.09	12.70	61.47	12.95	
426.0	66.49	15.33	66.33	15.83	
426.5	57.06	11.65	56.70	12.06	
427.0	53.19	9.26	53.76	9.90	
427.5	62.88	12.86	62.68	13.12	
428.0	65.72	15.14	65.84	16.00	
428.5	59.22	11.99	58.78	12.44	
429.0	50.82	8.39	50.95	8.79	
429.5	60.73	12.45	61.06	12.61	
430.0	63.22	14.15	63.59	14.92	
430.5	54.86	10.76	54.89	11.40	
431.0	59.00	11.24	58.89	11.67	
431.5	60.92	12.75	61.19	13.15	
432.0	58.15	12.73	58.87	13.37	
432.5	59.84	11.60	59.21	11.92	
433.0	63.80	12.11	61.05	12.54	
433.5	63.40	12.90	61.17	13.61	
434.0	63.23	12.57	61.02	13.12	
434.5	58.32	10.99	55.81	11.39	
435.0	63.32	12.18	60.26	12.31	
435.5	64.33	13.16	61.97	13.98	
436.0	58.74	11.67	56.90	11.93	
436.5	62.05	11.35	59.42	11.95	
437.0	62.65	12.22	59.97	12.61	
437.5	60.24	12.32	58.10	12.94	
438.0	61.98	11.18	59.85	11.62	
438.5	64.69	13.24	62.32	13.75	
439.0	61.94	13.20	58.35	12.88	
439.5	58.18	12.27	55.27	11.63	
440.0	63.28	13.25	60.60	13.00	
440.5	67.06	14.63	64.20	14.19	
441.0	61.46	13.22	58.60	12.93	
441.5	55.44	11.27	53.38	10.67	
442.0	76.80	15.20	74.56	13.88	
442.5	82.29	15.52	80.33	14.41	
443.0	57.20	10.84	54.49	11.25	
443.5	69.79	12.51	67.57	10.01	
444.0	80.98	12.38	80.41	12.56	
444.5	80.61	14.42	80.34	14.22	
445.0	77.33	12.02	76.79	12.05	
445.5	79.77	12.83	79.38	12.40	
446.0	79.26	13.76	79.18	14.27	
446.5	61.91	11.95	59.77	12.37	
447.0	59.22	10.99	56.73	11.36	
447.5	67.22	13.67	64.74	13.74	
448.0	67.86	12.97	69.70	12.87	
448.5	62.15	12.02	59.92	12.52	
449.0	81.72	15.47	80.18	15.39	
449.5	81.37	14.11	80.68	14.30	
450.0	67.99	8.43	68.38	8.79	
450.5	81.52	13.53	81.10	13.79	
451.0	86.30	15.45	85.99	15.87	
451.5	73.00	11.21	74.19	11.94	
452.0	71.82	12.53	70.58	12.92	
452.5	63.12	11.67	61.48	12.49	
453.0	62.37	13.54	60.38	13.81	
453.5	66.28	12.74	64.41	13.33	
454.0	78.52	12.01	77.99	12.22	
454.5	82.28	14.21	82.07	14.90	
455.0	79.84	12.51	80.04	12.88	
455.5	78.12	11.97	77.82	12.37	
456.0	79.29	13.78	78.18	14.40	
456.5	60.57	12.20	58.75	12.84	
457.0	60.04	11.15	58.12	11.38	
457.5	72.28	14.83	70.21	15.74	
458.0	79.16	13.00	78.75	13.11	
458.5	71.91	9.53	72.25	10.01	
459.0	83.07	13.88	82.99	14.28	
459.5	86.03	15.33	85.76	15.74	
460.0	76.04	12.30	75.38	12.69	
460.5	56.89	9.79	55.20	10.29	
461.0	62.80	11.49	60.57	12.25	
461.5	64.59	14.12	62.39	14.30	
462.0	72.90	11.61	72.31	12.35	
462.5	79.27	12.07	79.10	12.11	
463.0	81.59	13.49	81.39	14.23	
463.5	81.56	13.35	81.59	13.55	
464.0	74.27	11.23	74.28	11.94	
464.5	74.71	13.82	73.60	13.99	
465.0	61.49	12.68	59.03	13.31	
465.5	59.03	10.61	57.01	11.00	
466.0	66.50	13.69	64.08	14.23	
466.5	65.40	13.91	62.66	13.96	
467.0	72.43	10.29	72.60	10.85	
467.5	83.08	13.61	82.82	14.08	
468.0	85.13	14.92	85.07	15.44	
468.5	77.19	12.25	76.84	12.71	
469.0	72.48	9.63	72.95	10.07	
469.5	68.29	11.98	66.27	12.59	
470.0	66.13	14.45	63.58	14.66	
470.5	66.22	11.48	63.89	11.99	
471.0	66.01	12.86	63.68	12.98	
471.5	71.62	11.08	71.59	11.63	
472.0	83.67	13.44	83.40	13.80	
472.5	83.44	14.13	83.27	14.83	
473.0	78.78	13.18	78.60	13.42	
473.5	73.55	10.10	73.26	10.71	
474.0	65.15	12.88	62.89	13.50	
474.5	65.83	13.97	63.38	14.75	
475.0	57.48	10.38	54.57	10.62	
475.5	69.72	11.43	69.08	12.03	
476.0	81.24	13.09	81.21	13.47	
476.5	80.89	13.09	80.69	13.70	
477.0	75.94	11.18	75.63	11.81	
477.5	80.92	13.16	80.95	13.71	
478.0	72.22	13.86	70.69	14.29	
478.5	59.28	10.74	57.16	11.31	
479.0	66.70	13.37	64.09	14.17	
479.5	59.15	12.21	55.55	12.59	
480.0	65.47	9.90	64.75	10.66	
480.5	80.51	13.07	80.50	13.46	
481.0	87.27	15.79	87.05	16.59	
481.5	75.53	11.30	75.28	11.75	
482.0	73.12	9.97	73.63	10.58	
482.5	81.11	14.11	80.21	14.57	
483.0	63.80	13.74	61.35	14.52	
483.5	54.62	9.48	51.74	9.95	
484.0	62.76	12.06	59.98	12.63	
484.5	79.98	14.25	79.87	14.57	
485.0	78.50	11.73	78.67	12.40	
485.5	81.29	12.82	81.08	13.23	
486.0	79.50	13.10	79.04	13.55	
486.5	73.40	11.07	73.46	11.63	
487.0	74.26	14.36	72.78	15.01	
487.5	66.58	13.48	64.17	13.83	
488.0	58.80	12.10	55.39	12.52	
488.5	54.58	8.81	52.54	8.99	
489.0	71.55	13.82	70.52	14.37	
489.5	86.11	15.06	86.14	15.57	
490.0	74.39	11.28	74.00	11.69	
490.5	75.38	10.81	75.45	11.27	
491.0	80.68	12.37	80.71	12.89	
491.5	76.30	13.69	76.09	14.28	
492.0	60.31	11.37	57.67	11.50	
492.5	73.41	13.70	71.20	14.17	
493.0	51.41	10.04	48.67	10.43	
493.5	81.48	13.61	81.29	14.32	
494.0	86.77	15.58	86.46	16.01	
494.5	74.86	11.06	74.56	11.70	
495.0	73.41	9.90	73.72	10.51	
495.5	81.93	13.20	81.90	13.89	
496.0	79.38	15.29	78.44	15.79	
496.5	60.78	11.64	57.92	12.20	
497.0	55.49	9.16	52.64	9.36	
497.5	69.14	14.38	66.99	14.97	
498.0	78.30	11.98	78.35	12.63	
498.5	79.47	12.23	79.30	12.68	
499.0	80.41	13.05	80.14	13.64	
499.5	76.85	12.44	76.80	12.98	
500.0	81.75	12.80	81.45	13.38	
500.5	69.80	13.69	67.72	14.33	
501.0	61.69	12.12	58.78	12.63	
501.5	51.73	8.70	49.19	9.10	
502.0	65.23	13.40	63.01	14.21	
502.5	86.55	16.31	85.52	16.70	
503.0	71.31	10.56	70.76	11.06	
503.5	74.14	10.22	74.65	10.85	
504.0	80.73	12.54	80.53	13.00	
504.5	81.19	14.21	81.10	15.13	
505.0	68.37	12.28	66.36	12.95	
505.5	60.30	10.75	57.76	11.43	
506.0	62.77	12.97	60.53	13.58	
506.5	62.16	11.73	59.74	12.14	
507.0	63.11	12.77	60.89	13.16	
507.5	81.64	12.97	81.30	13.64	
508.0	73.02	11.72	72.83	12.16	
508.5	80.88	12.85	80.97	13.71	
509.0	84.64	14.13	84.30	14.49	
509.5	80.60	13.89	80.17	14.24	
510.0	49.19	7.47	46.72	8.04	
510.5	63.14	11.54	60.75	12.18	
511.0	68.04	14.90	65.38	15.36	
511.5	66.11	11.75	64.81	12.14	
512.0	80.65	12.31	80.39	12.75	
512.5	81.66	13.46	81.61	14.07	
513.0	77.53	12.58	77.90	13.11	
513.5	79.53	12.11	79.00	12.69	
514.0	76.82	13.67	75.84	14.21	
514.5	54.77	10.52	52.59	11.03	
515.0	73.22	13.70	72.18	14.06	
515.5	66.68	14.21	64.33	14.79	
516.0	77.32	13.38	76.38	13.58	
516.5	74.32	10.59	74.50	11.08	
517.0	81.53	12.94	81.42	13.58	
517.5	84.96	15.41	84.98	15.95	
518.0	76.42	11.66	75.82	12.33	
518.5	62.57	10.59	61.27	10.91	
519.0	63.03	11.94	60.76	12.53	
519.5	67.99	14.78	65.35	15.21	
520.0	69.39	11.92	68.45	12.63	
520.5	79.44	11.84	79.39	12.06	
521.0	81.57	13.33	81.35	13.98	
521.5	78.77	13.26	78.91	13.61	
522.0	76.94	11.26	76.65	11.87	
522.5	74.44	13.56	73.16	14.07	
523.0	62.74	13.03	60.36	13.58	
523.5	59.73	10.14	57.59	10.47	
524.0	65.21	13.56	62.88	14.26	
524.5	77.83	14.02	76.34	14.34	
525.0	70.21	9.81	70.49	10.34	
525.5	82.12	13.57	81.76	14.06	
526.0	85.93	15.31	85.70	15.99	
526.5	77.27	12.15	77.15	12.47	
527.0	65.84	10.62	64.86	11.03	
527.5	62.95	11.65	60.87	12.44	
528.0	68.20	14.60	65.52	15.26	
528.5	63.11	11.56	61.28	12.11	
529.0	75.41	10.70	75.18	10.85	
529.5	81.42	13.35	81.59	14.16	
530.0	77.07	12.47	77.16	12.93	
530.5	80.00	11.98	79.81	12.52	
531.0	81.76	13.71	81.35	14.20	
531.5	62.84	13.24	60.68	13.79	
532.0	59.29	10.01	57.18	10.51	
532.5	66.97	14.62	64.60	15.09	
533.0	79.20	14.00	78.18	14.07	
533.5	71.88	9.50	72.45	10.02	
534.0	82.05	13.41	81.83	14.20	
534.5	85.23	15.36	85.24	15.88	
535.0	78.17	12.34	77.88	12.67	
535.5	58.30	8.87	56.42	9.31	
536.0	70.15	12.97	68.56	13.50	
536.5	63.69	12.55	61.59	13.24	
537.0	73.95	12.46	72.77	13.01	
537.5	79.90	13.20	79.52	13.45	
538.0	76.39	12.06	76.58	12.77	
538.5	79.73	12.40	79.51	12.82	
539.0	84.88	14.24	84.65	14.93	
539.5	74.00	13.86	72.44	14.02	
540.0	54.61	9.48	52.64	10.02	
540.5	64.29	12.34	61.79	13.18	
541.0	74.30	15.14	72.10	15.66	
541.5	75.16	11.03	74.92	11.55	
542.0	74.69	10.60	74.87	11.05	
542.5	81.35	12.71	81.49	13.21	
543.0	81.62	14.43	81.31	14.74	
543.5	77.71	13.30	77.07	13.67	
544.0	61.94	11.07	59.84	11.47	
544.5	62.64	12.30	60.48	12.66	
545.0	62.86	12.53	60.62	13.18	
545.5	77.79	12.42	77.35	12.83	
546.0	79.13	13.21	78.71	13.60	
546.5	74.81	11.42	74.86	11.97	
547.0	81.09	13.18	81.06	13.67	
547.5	86.39	15.06	86.01	15.52	
548.0	68.40	12.69	66.51	13.28	
548.5	53.51	8.68	51.47	9.17	
549.0	64.48	13.12	62.17	13.61	
549.5	67.92	14.81	65.17	15.43	
550.0	70.22	13.00	68.52	13.17	
550.5	70.49	9.25	70.60	9.74	
551.0	80.72	12.06	80.34	12.60	
551.5	81.91	14.67	81.84	15.15	
552.0	77.61	11.80	77.42	12.35	
552.5	74.58	12.69	73.43	13.42	
553.0	63.55	12.75	61.16	13.24	
553.5	59.95	11.27	58.23	11.90	
554.0	61.99	11.85	59.45	12.35	
554.5	76.83	14.10	75.30	14.51	
555.0	72.55	10.91	72.58	11.43	
555.5	82.16	13.73	81.89	14.19	
556.0	84.63	14.12	84.55	14.74	
556.5	81.48	14.02	80.75	14.41	
557.0	61.93	8.31	61.79	8.95	
557.5	63.30	11.73	61.02	12.16	
558.0	72.29	14.58	70.62	14.91	
558.5	61.54	11.35	59.18	11.72	
559.0	81.52	13.27	81.22	13.67	
559.5	74.98	12.17	74.89	12.68	
560.0	79.85	12.56	79.79	13.02	
560.5	84.53	13.79	84.33	14.31	
561.0	79.69	13.86	79.13	14.47	
561.5	56.35	9.95	54.68	10.60	
562.0	64.01	12.38	61.64	13.01	
562.5	67.92	14.48	65.27	14.78	
563.0	67.53	12.01	65.69	12.41	
563.5	72.09	9.65	72.21	10.21	
564.0	80.84	12.43	80.74	12.98	
564.5	80.37	13.81	80.74	14.44	
565.0	77.67	11.63	77.47	12.31	
565.5	77.68	13.12	76.98	13.83	
566.0	62.58	13.14	60.92	13.53	
566.5	60.40	10.03	58.16	10.62	
567.0	65.13	13.47	62.82	14.14	
567.5	74.87	14.04	73.23	14.32	
568.0	70.84	9.47	71.19	10.00	
568.5	81.79	13.52	81.77	14.02	
569.0	85.74	15.54	85.58	15.93	
569.5	77.39	11.86	77.10	12.40	
570.0	65.52	10.31	64.95	10.75	
570.5	64.37	12.63	62.01	13.29	
571.0	65.50	13.34	63.04	13.73	
571.5	60.25	11.59	58.15	12.14	
572.0	77.47	11.56	77.06	11.83	
572.5	80.28	13.48	80.23	14.06	
573.0	76.54	11.02	76.76	11.47	
573.5	84.60	14.13	84.43	14.70	
574.0	80.00	13.94	79.21	14.25	
574.5	57.98	10.52	56.44	11.20	
575.0	64.70	12.54	62.23	12.98	
575.5	66.50	14.03	63.91	14.45	
576.0	74.83	14.13	73.79	14.30	
576.5	68.44	8.14	68.82	8.69	
577.0	82.30	13.12	81.96	13.67	
577.5	82.66	14.36	82.57	14.95	
578.0	76.99	11.88	76.97	12.65	
578.5	68.80	11.13	67.46	11.46	
579.0	57.33	11.55	54.85	12.14	
579.5	72.12	12.92	70.51	13.20	
580.0	65.90	14.02	63.48	14.42	
580.5	78.17	14.28	77.29	14.95	
581.0	70.26	8.85	70.67	9.40	
581.5	82.51	12.91	82.48	13.24	
582.0	84.02	15.09	83.88	15.72	
582.5	76.59	11.67	76.43	12.37	
583.0	64.41	11.35	62.78	11.70	
583.5	62.87	11.80	60.65	11.92	
584.0	63.64	13.05	61.38	13.59	
584.5	57.20	10.49	54.90	11.16	
585.0	80.97	13.20	80.12	14.03	
585.5	76.40	12.50	76.40	12.88	
586.0	79.06	12.06	79.17	12.59	
586.5	84.75	14.11	84.54	14.68	
587.0	80.84	13.78	80.10	14.25	
587.5	61.40	10.23	60.27	10.63	
588.0	66.51	13.53	63.99	13.82	
588.5	65.86	13.60	63.35	14.19	
589.0	70.37	12.81	68.61	13.32	
589.5	69.94	8.73	70.24	9.33	
590.0	82.94	13.33	82.86	13.76	
590.5	83.79	15.20	83.65	15.67	
591.0	76.28	11.40	76.03	11.86	
591.5	76.05	12.58	75.43	12.96	
592.0	62.75	11.91	60.89	12.25	
592.5	62.79	12.73	60.75	13.33	
593.0	62.57	12.10	60.59	12.56	
593.5	81.06	12.96	80.81	13.61	
594.0	75.42	12.14	75.39	12.61	
594.5	79.76	12.43	79.83	13.04	
595.0	84.75	14.12	84.39	14.67	
595.5	80.11	13.81	79.29	14.40	
596.0	56.11	9.82	54.46	10.45	
596.5	63.76	12.08	61.16	12.49	
597.0	68.21	15.20	65.45	15.92	
597.5	75.20	12.66	74.47	12.84	
598.0	72.77	9.71	72.93	10.21	
598.5	82.32	13.15	82.11	13.72	
599.0	82.27	14.38	82.20	15.11	
599.5	77.22	12.11	77.18	12.58	
600.0	63.84	10.77	61.79	11.21	
600.5	59.97	11.72	58.08	12.17	
601.0	69.72	12.43	67.83	13.18	
601.5	76.16	14.81	74.41	14.96	
602.0	79.98	13.05	79.49	13.49	
602.5	71.60	9.40	71.83	9.93	
603.0	82.14	13.61	81.51	14.19	
603.5	85.95	15.59	85.62	16.03	
604.0	75.47	12.47	74.28	13.07	
604.5	55.50	9.44	53.42	9.76	
605.0	62.90	11.75	60.46	12.38	
605.5	67.18	14.38	64.67	14.84	
606.0	75.35	11.62	74.81	12.20	
606.5	78.25	11.65	78.01	12.08	
607.0	81.64	13.31	81.42	13.96	
607.5	77.15	12.59	77.07	13.15	
608.0	79.88	12.51	79.41	13.03	
608.5	70.69	13.17	69.50	13.69	
609.0	56.96	10.88	54.78	11.52	
609.5	64.45	12.19	61.81	12.80	
610.0	78.74	14.85	77.73	15.33	
610.5	77.87	13.01	77.02	13.45	
611.0	71.70	9.45	71.93	9.99	
611.5	81.30	13.00	81.13	13.68	
612.0	85.89	15.73	85.42	15.98	
612.5	71.37	12.69	69.50	13.21	
613.0	54.75	8.82	52.58	9.20	
613.5	64.00	12.56	61.40	13.25	
614.0	80.88	16.43	78.89	16.56	
614.5	68.70	9.37	68.22	10.11	
615.0	79.87	12.41	79.48	12.88	
615.5	81.46	13.43	81.17	14.07	
616.0	76.01	11.77	76.21	12.35	
616.5	77.02	13.21	75.63	14.01	
617.0	62.67	12.28	59.74	12.84	
617.5	57.76	11.26	55.56	11.87	
618.0	69.16	13.27	67.07	13.93	
618.5	83.32	14.05	83.03	14.53	
619.0	78.07	13.05	77.24	13.61	
619.5	71.93	9.38	71.89	10.00	
620.0	82.07	13.52	81.73	14.08	
620.5	84.28	15.45	83.84	16.05	
621.0	61.05	11.43	58.19	11.71	
621.5	57.95	9.34	55.72	9.59	
622.0	64.99	13.22	63.13	13.91	
622.5	76.91	12.54	76.48	13.21	
623.0	82.73	13.47	82.35	14.02	
623.5	79.39	13.18	78.58	13.66	
624.0	72.86	10.68	72.97	11.12	
624.5	82.23	14.00	82.17	14.73	
625.0	77.07	14.88	74.90	15.29	
625.5	61.56	12.37	58.35	12.76	
626.0	49.22	7.01	46.96	7.45	
626.5	76.63	13.16	75.61	13.61	
627.0	85.18	14.97	84.49	15.44	
627.5	74.55	11.35	74.26	11.87	
628.0	79.60	12.04	79.25	12.42	
628.5	80.65	13.45	80.40	14.15	
629.0	70.88	12.29	69.80	12.67	
629.5	64.46	12.35	61.68	12.80	
630.0	61.24	12.39	57.78	12.53	
630.5	66.54	11.36	65.23	11.96	
631.0	84.20	14.07	83.82	14.73	
631.5	83.94	14.13	83.51	14.75	
632.0	79.21	13.16	78.57	13.35	
632.5	71.84	9.54	72.04	10.10	
633.0	76.26	13.91	74.92	14.53	
633.5	67.39	15.05	64.71	15.72	
634.0	56.23	10.05	52.91	10.42	
634.5	61.69	11.23	59.49	11.54	
635.0	80.57	12.28	80.65	12.76	
635.5	83.65	14.37	83.21	15.00	
636.0	74.57	11.26	74.20	11.71	
636.5	80.47	12.47	80.23	12.88	
637.0	82.85	14.55	82.12	14.94	
637.5	58.46	10.99	56.58	11.60	
638.0	64.43	12.31	61.63	12.89	
638.5	60.95	12.52	57.46	12.71	
639.0	72.86	11.95	72.33	12.45	
639.5	83.76	13.59	83.27	14.07	
640.0	83.89	14.14	83.52	14.78	
640.5	79.32	13.09	78.60	13.43	
641.0	71.95	9.79	72.15	10.58	
641.5	69.05	12.64	67.17	13.06	
642.0	70.16	15.29	67.75	16.09	
642.5	60.13	10.30	57.41	10.52	
643.0	67.40	11.49	65.47	11.96	
643.5	77.00	12.66	76.75	13.26	
644.0	80.94	12.16	80.62	12.66	
644.5	83.24	13.96	82.80	14.54	
645.0	79.78	12.91	78.96	13.47	
645.5	69.03	11.62	68.01	12.20	
646.0	65.12	13.27	62.58	14.04	
646.5	66.51	13.58	63.77	14.20	
647.0	62.56	12.12	59.61	12.55	
647.5	70.64	8.87	70.79	9.51	
648.0	82.54	13.41	82.22	13.82	
648.5	86.96	15.55	86.38	16.06	
649.0	73.72	10.97	73.25	11.63	
649.5	77.07	12.21	76.64	12.47	
650.0	65.40	12.19	63.17	12.72	
650.5	61.56	13.06	59.40	13.74	
651.0	59.17	11.14	56.46	11.70	
651.5	79.51	12.94	78.66	13.55	
652.0	78.28	13.08	78.05	13.37	
652.5	80.69	12.19	80.63	12.75	
653.0	82.60	13.45	82.19	14.13	
653.5	78.72	13.07	78.03	13.71	
654.0	65.32	11.71	64.14	12.01	
654.5	64.90	13.51	62.38	13.78	
655.0	66.36	13.46	63.75	14.11	
655.5	72.85	13.49	71.43	13.95	
656.0	68.89	8.36	68.96	8.97	
656.5	82.45	13.25	82.06	13.72	
657.0	87.12	15.68	86.63	16.34	
657.5	73.22	10.85	72.76	11.43	
658.0	73.88	12.28	73.13	12.71	
658.5	63.12	11.83	60.67	12.32	
659.0	58.63	11.84	56.52	12.36	
659.5	68.63	13.48	66.21	13.62	
660.0	80.68	12.93	80.19	13.41	
660.5	76.24	12.32	76.09	12.77	
661.0	81.40	12.04	81.03	12.79	
661.5	83.67	14.32	82.97	14.69	
662.0	76.19	13.12	75.54	13.69	
662.5	54.68	9.55	52.60	10.09	
663.0	71.22	12.87	69.52	13.33	
663.5	67.55	14.91	64.80	15.51	
664.0	79.00	12.86	78.16	13.31	
664.5	74.04	10.26	73.72	10.71	
665.0	81.63	13.41	81.32	13.93	
665.5	78.80	12.06	78.82	12.82	
666.0	80.50	13.49	80.07	13.44	
666.5	65.48	12.44	63.37	13.25	
667.0	55.48	10.35	53.38	10.63	
667.5	63.96	13.07	61.65	13.83	
668.0	83.29	15.48	82.24	15.65	
668.5	78.34	12.80	77.56	13.32	
669.0	71.21	9.14	71.62	9.67	
669.5	81.35	12.74	81.10	13.46	
670.0	88.00	15.93	87.55	16.59	
670.5	67.92	11.95	65.65	12.50	
671.0	56.26	9.66	53.87	10.12	
671.5	62.96	11.66	60.62	12.37	
672.0	72.08	15.37	70.42	15.84	
672.5	75.34	11.01	74.81	11.28	
673.0	80.87	12.71	80.53	13.31	
673.5	81.35	13.51	81.04	14.10	
674.0	78.58	12.05	78.64	12.64	
674.5	80.68	13.20	80.07	13.54	
675.0	62.63	12.48	59.52	12.96	
675.5	56.75	10.94	54.35	11.49	
676.0	66.65	13.63	64.30	14.31	
676.5	85.13	14.09	84.60	14.51	
677.0	79.73	12.86	79.16	13.47	
677.5	71.56	9.41	71.68	9.96	
678.0	82.62	13.55	82.28	14.11	
678.5	86.11	15.61	85.42	15.94	
679.0	64.23	12.70	61.84	13.38	
679.5	52.27	8.23	49.96	8.52	
680.0	64.34	12.59	61.77	13.23	
680.5	75.91	14.57	75.22	15.04	
681.0	77.41	11.65	77.06	12.04	
681.5	80.04	11.89	79.75	12.38	
682.0	81.28	13.41	81.06	13.95	
682.5	80.02	12.80	79.88	13.45	
683.0	68.10	11.15	66.69	11.59	
683.5	62.94	12.44	59.93	12.79	
684.0	63.26	12.14	61.64	12.44	
684.5	71.42	13.68	69.03	14.33	
685.0	85.21	14.11	84.85	14.42	
685.5	82.62	14.45	82.03	14.99	
686.0	61.30	6.51	60.23	7.03	
686.5	51.76	6.29	49.55	6.95	
687.0	49.55	7.56	46.90	8.14	
687.5	29.94	4.57	28.27	4.27	
688.0	44.18	7.10	44.51	7.51	
688.5	48.02	5.64	49.14	6.19	
689.0	48.01	5.77	49.13	6.29	
689.5	47.94	5.64	49.06	6.18	
690.0	48.79	6.79	50.08	7.31	
690.5	37.99	6.55	37.42	6.79	
691.0	48.91	6.52	50.28	7.23	
691.5	47.91	5.66	49.09	6.18	
692.0	47.81	5.69	48.99	6.27	
692.5	47.87	5.63	49.06	6.16	
693.0	47.95	6.76	48.89	7.35	
693.5	39.00	6.92	38.79	7.44	
694.0	47.82	5.67	49.06	6.25	
694.5	47.89	5.68	49.10	6.18	
695.0	47.91	5.67	48.95	6.25	
695.5	47.82	5.69	49.03	6.20	
696.0	40.89	6.65	41.14	7.06	
696.5	53.90	7.81	53.09	7.19	
697.0	58.98	7.87	56.81	6.21	
697.5	72.51	12.42	68.38	6.43	
698.0	72.42	11.09	70.67	8.88	
698.5	76.43	12.45	75.84	12.69	
699.0	78.71	12.37	76.38	12.61	
699.5	69.73	12.04	66.66	12.54	
700.0	84.01	12.87	82.69	13.55	
700.5	88.25	13.17	86.97	13.76	
701.0	86.34	12.53	85.92	13.67	
701.5	85.16	12.58	84.73	13.40	
702.0	85.25	13.37	82.84	13.71	
702.5	78.26	13.21	76.08	14.00	
703.0	68.52	11.04	65.08	11.83	
703.5	70.27	12.32	66.35	13.00	
704.0	82.13	12.97	79.90	13.13	
704.5	85.98	13.17	84.51	13.72	
705.0	86.34	13.18	84.69	13.58	
705.5	86.18	13.25	84.53	13.33	
706.0	86.09	13.16	84.33	13.46	
706.5	78.69	13.91	78.03	14.26	
707.0	67.16	11.41	65.86	11.92	
707.5	68.43	12.28	66.98	12.80	
708.0	77.13	13.02	76.04	13.52	
708.5	88.17	13.15	87.13	13.68	
709.0	87.16	12.90	86.62	13.27	
709.5	83.78	12.92	83.20	13.43	
710.0	84.13	13.04	82.32	13.54	
710.5	85.38	13.70	83.58	14.38	
711.0	69.96	12.35	67.13	12.58	
711.5	67.74	11.48	66.14	12.05	
712.0	72.92	13.68	71.61	14.03	
712.5	84.82	12.39	85.40	12.85	
713.0	85.55	13.04	86.19	13.52	
713.5	86.38	13.00	87.00	13.62	
714.0	86.67	13.29	87.64	13.52	
714.5	86.63	13.75	85.68	14.52	
715.0	74.34	13.22	71.06	13.26	
715.5	68.54	11.48	64.66	12.00	
716.0	70.12	13.02	66.64	13.56	
716.5	87.00	12.89	86.28	13.25	
717.0	88.36	13.22	87.52	13.67	
717.5	88.44	13.29	87.62	13.48	
718.0	86.20	13.06	87.44	13.68	
718.5	85.07	13.40	85.29	14.09	
719.0	72.93	12.07	69.55	12.62	
719.5	77.01	12.39	74.49	13.14	
720.0	70.51	12.41	67.52	13.09	
720.5	85.05	13.36	84.59	13.80	
721.0	86.55	13.14	86.72	13.66	
721.5	86.77	13.48	86.80	13.81	
722.0	86.69	13.11	86.62	13.67	
722.5	86.18	13.93	86.65	14.26	
723.0	71.41	13.07	70.93	13.52	
723.5	66.44	11.44	63.76	12.13	
724.0	67.92	12.45	65.12	13.20	
724.5	84.69	13.32	83.38	13.86	
725.0	88.52	13.28	87.72	13.72	
725.5	88.38	13.05	87.81	14.04	
726.0	87.20	12.73	87.17	13.42	
726.5	85.69	13.55	86.81	14.16	
727.0	74.75	13.67	71.30	13.77	
727.5	66.36	11.35	62.25	12.07	
728.0	68.04	12.34	63.69	12.96	
728.5	79.72	13.10	77.49	13.80	
729.0	88.69	13.19	87.88	13.74	
729.5	88.57	13.30	87.67	13.64	
730.0	88.15	13.16	87.94	13.78	
730.5	85.09	13.13	86.95	13.59	
731.0	78.94	14.16	79.08	14.11	
731.5	67.02	11.75	64.26	12.57	
732.0	66.85	11.86	64.03	12.45	
732.5	74.60	13.01	72.72	13.60	
733.0	87.44	12.80	87.46	13.44	
733.5	86.80	12.88	87.75	13.74	
734.0	86.79	12.99	87.74	13.61	
734.5	87.80	13.26	87.32	13.79	
735.0	80.43	13.78	80.01	14.56	
735.5	65.50	12.11	61.96	12.95	
736.0	66.88	11.63	62.54	12.24	
736.5	71.71	13.57	67.60	14.08	
737.0	87.01	12.54	86.38	12.58	
737.5	88.47	12.68	87.78	13.49	
738.0	88.31	13.09	87.81	13.61	
738.5	86.55	13.17	87.56	13.43	
739.0	84.83	13.18	84.65	13.94	
739.5	69.49	12.44	65.35	13.00	
740.0	76.52	12.45	73.72	13.11	
740.5	70.16	12.25	67.45	12.56	
741.0	86.78	13.36	85.75	13.72	
741.5	88.70	13.28	87.91	13.67	
742.0	88.76	13.11	87.83	13.74	
742.5	85.19	13.31	87.52	13.64	
743.0	85.67	13.91	85.45	14.49	
743.5	73.13	13.04	69.36	13.37	
744.0	66.81	11.37	62.26	12.31	
744.5	68.53	12.35	64.08	12.74	
745.0	84.45	13.48	82.99	13.71	
745.5	88.60	13.03	87.57	13.47	
746.0	88.73	12.93	87.88	13.45	
746.5	86.75	13.08	87.63	13.77	
747.0	85.25	13.08	86.42	13.30	
747.5	75.92	14.08	72.75	14.27	
748.0	65.06	11.41	60.63	11.95	
748.5	67.73	12.23	63.04	12.82	
749.0	81.61	13.54	79.25	13.34	
749.5	86.83	12.99	84.93	13.65	
750.0	86.78	12.82	85.01	13.65	
750.5	86.92	13.07	84.73	13.65	
751.0	86.76	13.00	84.74	13.50	
751.5	79.73	13.84	79.96	14.42	
752.0	67.72	11.37	66.12	11.88	
752.5	68.85	12.20	67.31	12.84	
753.0	81.26	12.95	80.08	13.40	
753.5	88.53	12.94	87.31	13.55	
754.0	88.82	13.11	87.69	13.66	
754.5	87.12	13.06	87.45	13.62	
755.0	85.25	13.20	86.23	13.90	
755.5	79.23	14.07	78.53	14.46	
756.0	65.55	11.35	62.17	11.91	
756.5	68.30	12.35	63.51	12.82	
757.0	69.43	11.25	66.60	11.60	
757.5	84.98	12.89	83.86	13.58	
758.0	86.07	13.16	84.99	13.81	
758.5	86.02	12.79	85.43	13.92	
759.0	86.88	13.15	86.59	13.85	
759.5	81.24	12.84	79.70	13.36	
760.0	74.40	12.38	71.49	12.85	
760.5	73.42	12.85	69.65	13.31	
761.0	80.92	13.40	78.67	13.85	
761.5	88.42	12.81	87.28	13.53	
762.0	88.78	13.34	87.66	13.70	
762.5	85.99	12.91	87.58	13.67	
763.0	85.23	13.34	85.99	13.85	
763.5	78.00	14.17	77.47	14.35	
764.0	64.42	11.63	62.26	12.14	
764.5	67.79	12.30	63.24	12.76	
765.0	77.70	13.38	74.72	13.81	
765.5	88.75	13.43	87.52	13.53	
766.0	88.08	12.90	86.92	13.45	
766.5	86.22	12.82	84.85	13.40	
767.0	87.06	12.93	85.21	13.66	
767.5	82.21	14.00	83.08	14.42	
768.0	70.40	12.14	67.19	12.81	
768.5	69.56	11.51	65.48	11.94	
769.0	75.47	13.54	71.93	13.81	
769.5	87.68	12.52	86.50	13.07	
770.0	88.59	13.38	87.37	13.50	
770.5	88.24	13.27	87.40	13.56	
771.0	85.21	13.03	87.46	13.54	
771.5	84.36	14.02	84.16	14.48	
772.0	68.31	12.57	65.65	13.35	
772.5	66.00	11.47	62.31	12.11	
773.0	70.89	13.12	66.24	13.57	
773.5	87.16	12.81	86.21	13.28	
774.0	88.76	13.21	87.62	13.82	
774.5	88.68	13.07	87.50	13.72	
775.0	86.29	13.04	87.38	13.70	
775.5	85.09	13.90	85.76	14.58	
776.0	69.77	12.94	68.58	13.29	
776.5	64.83	11.75	62.16	11.95	
777.0	66.53	12.65	63.48	13.20	
777.5	85.82	13.37	85.63	13.86	
778.0	86.99	13.32	87.69	13.45	
778.5	87.09	13.14	87.68	13.73	
779.0	87.92	13.20	87.66	13.57	
779.5	85.71	12.81	85.72	13.48	
780.0	73.65	12.03	73.05	12.61	
780.5	75.26	12.18	73.67	12.68	
781.0	71.55	12.49	68.26	12.80	
781.5	81.86	12.80	79.92	13.55	
782.0	88.23	12.65	87.25	13.36	
782.5	88.32	12.99	87.21	13.17	
783.0	86.68	12.96	86.34	13.11	
783.5	85.23	12.95	86.18	13.29	
784.0	76.62	13.79	76.52	14.14	
784.5	64.57	11.44	62.30	12.15	
785.0	66.52	11.97	62.89	12.66	
785.5	75.68	12.90	72.35	13.21	
786.0	88.10	12.67	86.93	12.98	
786.5	88.22	12.74	87.17	13.22	
787.0	87.97	12.74	87.08	13.29	
787.5	86.45	13.12	87.23	13.14	
788.0	83.37	13.70	84.00	14.13	
788.5	68.52	12.33	67.03	12.00	
789.0	67.35	11.59	65.03	11.72	
789.5	68.61	12.10	65.89	12.51	
790.0	87.18	13.20	86.17	13.41	
790.5	88.42	12.95	87.03	13.26	
791.0	88.41	12.84	87.24	13.41	
791.5	86.76	12.77	87.01	13.07	
792.0	85.28	13.81	86.57	14.09	
792.5	68.58	12.99	67.65	12.71	
793.0	61.92	11.45	60.33	11.70	
793.5	62.82	12.39	61.43	12.66	
794.0	74.09	12.91	72.88	13.20	
794.5	88.21	12.79	85.91	13.27	
795.0	88.29	12.68	86.27	13.52	
795.5	88.21	12.70	86.27	13.40	
796.0	86.99	12.72	86.14	13.19	
796.5	82.60	13.77	83.29	14.41	
797.0	68.74	11.99	66.97	12.77	
797.5	67.53	11.29	65.90	11.89	
798.0	73.02	13.31	71.58	13.84	
798.5	87.28	12.09	86.16	12.76	
799.0	88.36	12.62	87.21	13.64	
799.5	86.71	12.47	86.04	13.44	
800.0	86.59	12.77	86.34	13.39	
800.5	85.08	12.80	85.69	14.01	
801.0	69.86	11.78	68.55	12.56	
801.5	76.95	12.35	74.68	12.90	
802.0	70.23	12.41	66.01	12.61	
802.5	85.37	13.07	82.90	13.64	
803.0	88.30	12.57	86.31	13.42	
803.5	88.40	12.42	86.32	13.49	
804.0	86.02	12.30	85.98	13.04	
804.5	85.63	13.25	86.48	13.55	
805.0	75.78	12.88	75.58	13.26	
805.5	67.68	11.14	66.23	11.99	
806.0	68.51	11.62	66.91	12.32	
806.5	76.72	13.10	75.19	13.28	
807.0	87.97	12.48	86.67	13.13	
807.5	88.50	12.89	87.34	13.28	
808.0	88.31	12.52	87.22	13.26	
808.5	85.48	12.85	87.29	13.25	
809.0	81.66	13.77	80.81	14.20	
809.5	64.59	12.32	61.71	12.62	
810.0	63.35	10.94	60.45	11.85	
810.5	65.84	12.69	63.12	13.18	
811.0	87.30	12.71	85.92	13.38	
811.5	88.50	12.61	87.35	13.53	
812.0	88.43	12.52	87.24	13.31	
812.5	87.66	12.56	87.24	13.26	
813.0	85.21	13.50	86.96	14.20	
813.5	73.35	12.38	72.18	12.90	
814.0	67.49	11.02	65.97	11.82	
814.5	68.90	12.20	67.30	12.55	
815.0	82.54	12.88	81.32	13.22	
815.5	88.14	12.40	87.14	13.34	
816.0	88.55	12.96	87.27	13.48	
816.5	87.56	12.46	87.15	13.06	
817.0	84.92	12.57	86.60	13.07	
817.5	73.98	13.50	73.28	13.81	
818.0	62.56	11.45	60.84	12.14	
818.5	62.62	11.65	61.07	11.98	
819.0	71.42	12.98	70.21	13.44	
819.5	87.97	12.53	86.09	13.08	
820.0	88.51	12.76	86.20	13.46	
820.5	88.10	12.41	86.00	13.15	
821.0	87.37	12.84	86.39	13.15	
821.5	82.76	12.77	82.51	13.30	
822.0	70.12	11.98	66.82	12.41	
822.5	77.10	12.21	74.74	12.56	
823.0	70.55	12.35	67.36	12.70	
823.5	86.78	12.87	85.35	13.20	
824.0	88.37	12.89	87.26	12.98	
824.5	88.26	12.83	87.35	13.04	
825.0	85.78	12.94	87.15	13.02	
825.5	85.80	13.78	86.18	13.92	
826.0	71.06	12.82	68.92	12.70	
826.5	63.24	11.41	60.45	11.59	
827.0	64.63	12.22	61.72	12.53	
827.5	74.57	12.86	72.57	13.32	
828.0	88.27	12.84	86.91	12.88	
828.5	88.51	13.04	87.31	13.13	
829.0	88.55	13.04	87.36	13.21	
829.5	86.30	13.25	87.31	12.98	
830.0	80.88	13.95	81.67	13.83	
830.5	64.24	12.24	62.74	12.30	
831.0	55.80	10.10	53.40	10.16	
831.5	75.31	13.10	74.08	13.22	
832.0	88.25	12.90	87.22	13.20	
832.5	88.54	13.10	87.29	13.29	
833.0	88.40	13.04	86.98	13.32	
833.5	86.79	13.12	87.29	13.37	
834.0	80.83	14.00	81.39	14.38	
834.5	68.41	12.21	66.85	12.51	
835.0	67.86	11.60	66.02	11.96	
835.5	74.49	13.54	72.80	13.91	
836.0	87.64	12.56	86.44	13.12	
836.5	88.55	12.88	87.31	13.43	
837.0	88.33	13.15	87.04	13.62	
837.5	85.74	12.96	84.73	13.42	
838.0	85.06	13.82	85.26	14.30	
838.5	69.75	12.55	68.27	12.99	
839.0	67.37	11.37	65.23	12.08	
839.5	67.72	11.81	64.60	12.34	
840.0	86.21	13.20	84.77	13.69	
840.5	88.46	13.23	87.19	13.70	
841.0	88.37	12.93	87.18	13.44	
841.5	87.05	13.12	87.09	13.58	
842.0	85.28	13.27	86.72	13.68	
842.5	75.07	12.16	72.60	12.81	
843.0	73.82	12.32	71.03	12.64	
843.5	73.53	12.57	69.58	13.19	
844.0	80.14	13.02	77.55	13.39	
844.5	88.40	13.23	86.26	13.45	
845.0	88.51	12.90	86.36	13.71	
845.5	86.56	13.08	86.24	13.51	
846.0	85.42	13.23	86.22	13.35	
846.5	81.00	13.84	81.43	14.01	
847.0	68.62	12.24	67.00	12.59	
847.5	67.19	11.50	64.88	11.81	
848.0	71.20	13.14	67.89	13.10	
848.5	87.23	12.82	86.13	13.12	
849.0	88.52	13.05	87.26	13.20	
849.5	88.73	13.29	87.22	13.15	
850.0	86.11	13.13	87.30	13.35	
850.5	84.60	13.97	85.32	14.03	
851.0	66.89	12.59	65.82	12.99	
851.5	61.98	11.56	60.49	11.93	
852.0	63.05	12.40	61.50	12.52	
852.5	79.75	13.06	78.12	13.03	
853.0	87.06	12.99	86.59	13.62	
853.5	87.16	12.83	86.69	13.66	
854.0	87.15	13.33	86.67	13.58	
854.5	87.07	13.11	86.54	13.48	
855.0	79.44	13.91	79.43	14.38	
855.5	68.25	11.81	66.47	12.58	
856.0	68.87	12.00	66.18	12.72	
856.5	77.87	12.82	75.89	13.64	
857.0	88.95	13.00	87.63	13.55	
857.5	89.05	13.33	87.74	13.88	
858.0	87.66	13.22	87.60	13.82	
858.5	85.12	13.34	86.71	13.53	
859.0	81.27	14.05	79.86	14.31	
859.5	66.31	12.36	61.86	12.54	
860.0	65.97	11.69	61.33	12.43	
860.5	74.74	13.20	70.96	13.69	
861.0	88.27	12.75	87.05	13.43	
861.5	88.70	13.16	87.50	13.61	
862.0	88.22	12.91	87.49	13.64	
862.5	85.89	13.20	87.80	13.57	
863.0	85.30	13.25	84.82	13.61	
863.5	70.64	12.31	66.53	12.74	
864.0	70.36	12.24	66.00	12.76	
864.5	68.16	12.60	66.84	13.16	
865.0	68.40	12.82	67.80	13.06	
865.5	68.22	12.58	67.65	12.84	
866.0	68.26	12.41	67.63	12.93	
866.5	68.32	12.69	67.68	12.87	
867.0	68.40	13.07	67.79	12.59	
867.5	68.46	12.88	67.82	12.91	
868.0	69.10	12.98	68.76	12.99	
868.5	69.20	13.09	69.02	13.21	
869.0	68.39	12.90	67.80	12.89	
869.5	68.48	13.01	67.69	12.86	
870.0	68.19	12.62	67.73	13.03	
870.5	68.45	13.01	67.87	12.91	
871.0	68.42	12.90	67.78	12.98	
871.5	68.52	12.88	67.91	13.09	
872.0	68.43	13.18	67.83	12.78	
872.5	68.33	12.92	67.72	12.75	
873.0	68.35	12.72	67.54	12.65	
873.5	68.49	12.95	67.84	13.14	
874.0	68.45	12.87	69.94	13.51	
874.5	83.23	13.46	84.25	14.43	
875.0	81.52	13.20	81.16	14.43	
875.5	77.28	13.90	76.80	14.42	
876.0	76.22	13.36	76.66	14.13	
876.5	77.38	13.71	77.31	14.53	
877.0	77.40	13.34	77.36	13.98	
877.5	76.86	13.42	76.76	14.36	
878.0	77.02	13.40	76.70	14.14	
878.5	76.74	13.69	76.97	14.22	
879.0	77.03	13.73	77.07	14.48	
879.5	77.06	13.57	77.00	14.35	
880.0	77.23	13.48	77.50	14.51	
880.5	76.78	13.49	76.80	14.00	
881.0	76.90	13.46	76.50	14.09	
881.5	77.10	13.39	77.32	13.92	
882.0	76.57	13.78	76.51	14.26	
882.5	76.97	13.49	77.32	14.12	
883.0	77.03	13.66	76.73	14.20	
883.5	77.23	13.96	77.07	14.16	
884.0	76.79	13.72	76.95	14.35	
884.5	76.86	14.06	77.00	14.22	
885.0	76.93	13.56	76.90	14.25	
885.5	77.39	13.40	77.51	14.13	
886.0	77.07	13.09	76.93	13.54	
886.5	77.28	13.30	77.01	14.02	
887.0	76.06	13.18	76.27	13.85	
887.5	77.41	13.54	77.65	13.78	
888.0	77.35	13.35	76.84	13.88	
888.5	76.95	13.19	77.14	13.71	
889.0	77.05	13.54	76.65	14.11	
889.5	77.00	13.38	77.26	13.84	
890.0	77.12	13.21	76.94	14.05	
890.5	76.85	13.48	77.06	13.80	
891.0	76.87	13.25	76.96	13.47	
891.5	76.90	13.10	76.66	13.85	
892.0	76.74	13.33	76.79	13.57	
892.5	77.25	13.56	77.50	13.80	
893.0	76.72	13.24	77.13	13.70	
893.5	77.26	13.12	76.99	13.64	
894.0	77.10	13.31	76.63	13.66	
894.5	76.98	13.36	77.00	13.81	
895.0	76.58	13.35	76.84	13.52	
895.5	77.02	13.30	76.87	14.02	
896.0	77.12	13.56	77.49	13.69	
896.5	77.00	12.94	76.77	14.00	
897.0	77.01	13.61	77.00	13.77	
897.5	76.91	13.52	77.08	14.06	
898.0	77.19	13.42	77.06	13.96	
898.5	77.34	13.42	77.28	13.89	
899.0	77.05	13.44	76.92	14.02	
899.5	76.95	13.11	76.81	13.72	
900.0	76.80	13.46	76.81	13.98	
900.5	76.45	13.42	76.75	14.06	
901.0	77.42	13.04	77.47	13.72	
901.5	77.15	13.52	76.85	13.68	
902.0	76.25	13.25	76.59	13.87	
902.5	77.24	12.98	77.32	14.00	
903.0	77.45	13.38	77.37	14.07	
903.5	77.08	13.35	76.69	13.77	
904.0	76.17	13.38	76.51	14.13	
904.5	77.38	13.43	77.20	13.92	
905.0	77.33	13.34	77.34	14.23	
905.5	76.91	13.61	76.72	13.73	
906.0	75.52	12.67	75.21	13.01	
906.5	77.89	13.16	78.44	13.78	
907.0	77.04	13.58	77.07	13.92	
907.5	77.20	13.12	76.86	13.73	
908.0	76.88	13.35	76.95	14.01	
908.5	76.99	13.72	77.04	13.92	
909.0	77.00	13.30	77.18	13.94	
909.5	76.87	13.29	76.83	13.95	
910.0	77.04	13.46	77.22	14.04	
910.5	77.06	13.50	76.39	14.16	
911.0	77.14	13.50	77.17	14.10	
911.5	76.98	13.17	77.20	13.80	
912.0	76.34	13.22	76.33	13.61	
912.5	76.89	13.43	77.03	14.06	
913.0	76.97	13.37	77.36	13.91	
913.5	77.24	13.01	77.03	14.25	
914.0	77.01	13.32	76.85	13.78	
914.5	76.80	13.09	76.37	13.66	
915.0	76.96	13.42	77.24	13.90	
915.5	76.99	13.15	77.45	13.92	
916.0	76.98	13.51	76.60	13.94	
916.5	77.26	13.15	77.17	13.99	
917.0	77.04	13.46	77.19	13.85	
917.5	77.05	13.14	76.75	14.21	
918.0	77.01	13.46	77.12	13.53	
918.5	76.92	12.88	76.99	13.59	
919.0	77.33	13.22	77.02	13.81	
919.5	76.55	13.56	77.12	13.99	
920.0	77.13	13.64	77.06	13.89	
920.5	77.11	13.29	76.80	13.83	
921.0	76.97	13.15	77.00	13.99	
921.5	76.92	13.35	77.22	13.77	
922.0	76.83	13.27	76.86	14.05	
922.5	76.88	13.47	76.27	13.88	
923.0	76.95	13.31	77.10	13.54	
923.5	77.24	13.39	77.58	13.59	
924.0	77.01	13.07	76.87	13.88	
924.5	77.33	13.43	77.10	13.93	
925.0	76.70	13.33	76.76	13.99	
925.5	76.81	13.35	77.03	13.65	
926.0	77.00	13.44	77.14	14.01	
926.5	77.15	13.64	76.57	14.17	
927.0	76.54	13.21	76.93	13.89	
927.5	77.01	13.58	76.84	13.88	
928.0	77.30	13.34	77.47	13.69	
928.5	76.74	13.67	77.08	13.86	
929.0	76.98	13.48	76.80	13.87	
929.5	77.39	13.16	77.21	13.80	
930.0	76.41	13.53	76.70	13.75	
930.5	77.20	13.57	77.00	13.87	
931.0	77.13	13.60	77.24	13.47	
931.5	77.44	13.36	77.01	13.91	
932.0	76.63	13.55	77.01	13.90	
932.5	77.04	13.25	76.92	14.09	
933.0	77.04	13.59	77.08	13.71	
933.5	76.79	13.51	76.83	13.86	
934.0	76.94	13.40	76.77	13.58	
934.5	77.34	13.32	77.27	13.76	
935.0	76.90	13.53	76.97	13.39	
935.5	77.00	13.36	77.09	13.95	
936.0	77.05	13.37	76.66	13.88	
936.5	72.27	11.24	72.48	11.73	
937.0	80.01	13.23	80.15	13.87	
937.5	76.63	13.26	76.09	13.90	
938.0	77.29	12.93	77.40	13.78	
938.5	77.00	13.20	77.05	14.00	
939.0	77.09	13.25	77.12	14.10	
939.5	76.93	13.14	76.62	13.94	
940.0	76.79	13.73	76.85	13.61	
940.5	76.64	13.49	76.88	13.78	
941.0	76.93	13.38	76.98	13.90	
941.5	77.39	13.29	77.52	13.64	
942.0	77.22	13.38	76.72	13.80	
942.5	77.13	13.43	77.05	13.62	
943.0	76.68	13.33	77.40	13.89	
943.5	77.29	13.12	76.87	13.91	
944.0	76.37	13.56	76.33	13.84	
944.5	76.92	13.25	77.54	13.58	
945.0	77.01	13.30	76.58	13.87	
945.5	77.26	13.45	77.34	13.78	
946.0	77.39	13.24	76.87	13.78	
946.5	76.95	13.35	77.10	13.95	
947.0	77.01	13.16	77.06	13.79	
947.5	76.85	13.19	77.14	13.43	
948.0	76.54	13.45	76.03	13.70	
948.5	76.73	13.48	77.33	13.84	
949.0	77.19	13.33	77.03	13.77	
949.5	77.26	13.34	76.95	13.68	
950.0	76.58	13.30	76.65	13.52	
950.5	77.39	13.30	77.31	13.57	
951.0	77.23	13.32	77.45	14.00	
951.5	76.82	13.23	77.03	13.82	
952.0	76.42	13.29	76.41	13.73	
952.5	77.54	13.30	77.37	13.53	
953.0	77.11	13.36	76.75	13.73	
953.5	76.80	13.01	77.44	13.52	
954.0	77.37	13.42	76.96	13.98	
954.5	76.19	13.15	76.36	13.78	
955.0	76.98	13.42	76.92	13.98	
955.5	77.08	13.38	77.45	13.73	
956.0	77.00	13.24	76.72	13.86	
956.5	77.27	13.50	77.00	13.66	
957.0	76.93	13.58	77.24	13.81	
957.5	77.18	13.47	77.16	13.73	
958.0	77.16	13.17	76.92	13.71	
958.5	76.47	13.25	76.74	13.68	
959.0	76.98	13.33	76.71	13.98	
959.5	76.73	13.28	76.90	13.87	
960.0	77.52	13.28	77.55	13.81	
960.5	77.07	13.21	76.96	13.62	
961.0	76.88	13.20	76.93	13.80	
961.5	77.29	13.34	77.04	14.01	
962.0	76.27	13.25	76.51	13.69	
962.5	77.11	13.64	77.04	13.94	
963.0	77.25	13.54	77.39	13.66	
963.5	76.96	13.24	76.89	13.94	
964.0	71.14	10.25	71.31	10.55	
964.5	81.25	13.52	81.10	14.15	
965.0	77.21	13.33	76.90	13.56	
965.5	76.61	13.27	76.71	13.98	
966.0	77.32	13.51	77.06	13.63	
966.5	76.86	13.09	77.17	13.93	
967.0	76.65	13.21	76.23	13.38	
967.5	77.06	13.55	77.12	13.73	
968.0	76.91	13.14	77.08	13.69	
968.5	76.76	13.44	76.89	13.90	
969.0	77.16	13.47	77.21	13.81	
969.5	77.19	13.30	76.65	13.57	
970.0	76.94	13.26	77.14	13.74	
970.5	77.33	13.45	77.39	13.87	
971.0	76.32	13.27	76.50	14.10	
971.5	77.12	13.34	77.03	13.52	
972.0	77.01	13.41	77.12	14.05	
972.5	77.20	13.40	77.45	13.98	
973.0	77.08	13.38	76.79	13.73	
973.5	77.14	13.14	77.11	13.93	
974.0	76.84	13.07	76.83	13.70	
974.5	76.99	13.41	76.88	13.65	
975.0	77.08	13.47	77.20	14.00	
975.5	77.02	13.38	77.00	13.82	
976.0	76.81	13.30	76.95	13.50	
976.5	77.35	13.56	77.13	13.75	
977.0	76.62	13.24	76.35	13.90	
977.5	76.83	13.43	77.22	13.78	
978.0	77.21	13.53	77.02	13.78	
978.5	76.89	13.39	77.24	14.09	
979.0	76.86	13.40	76.81	13.86	
979.5	76.83	13.24	76.80	13.57	
980.0	76.91	13.43	77.23	13.92	
980.5	76.86	13.14	76.49	13.84	
981.0	77.50	13.29	76.98	13.74	
981.5	76.97	13.38	77.26	13.77	
982.0	76.98	13.38	77.11	13.89	
982.5	76.95	13.56	77.21	13.98	
983.0	77.07	13.20	76.82	13.89	
983.5	77.39	13.39	77.42	13.97	
984.0	76.51	13.01	76.21	13.74	
984.5	77.34	13.27	77.24	13.88	
985.0	76.43	13.50	77.14	13.83	
985.5	76.88	13.35	76.52	13.97	
986.0	77.39	13.07	77.08	13.75	
986.5	74.90	12.40	74.73	12.61	
987.0	77.83	13.41	78.31	13.81	
987.5	76.95	13.32	76.85	13.62	
988.0	77.35	13.79	76.98	13.93	
988.5	76.73	13.34	77.02	13.74	
989.0	77.14	13.53	77.26	14.03	
989.5	77.45	13.19	76.96	13.84	
990.0	76.71	13.59	76.77	14.09	
990.5	77.20	13.36	77.40	13.83	
991.0	76.98	13.29	77.11	13.89	
991.5	77.09	13.52	76.96	13.90	
992.0	76.73	13.56	76.96	14.18	
992.5	77.18	13.45	77.16	14.01	
993.0	77.17	13.22	77.11	13.86	
993.5	76.25	13.48	75.96	13.60	
994.0	77.02	13.17	77.25	14.00	
994.5	76.96	13.45	77.28	13.94	
995.0	77.16	13.17	76.49	13.72	
995.5	77.45	13.68	77.62	14.23	
996.0	76.99	12.95	77.05	13.58	
996.5	76.91	13.20	76.96	13.89	
997.0	76.95	13.26	76.69	13.68	
997.5	76.86	13.47	76.80	14.06	
998.0	77.01	13.22	77.39	13.97	
998.5	77.21	13.32	77.15	14.08	
999.0	77.24	13.38	77.09	13.59	
999.5	76.66	13.16	76.43	13.86	
1000.0	76.87	13.35	77.13	13.82	
1000.5	76.73	13.24	76.91	14.03	
1001.0	77.01	13.51	77.04	13.94	
1001.5	77.03	13.36	77.04	14.09	
1002.0	77.06	13.46	77.10	13.93	
1002.5	77.36	13.40	76.95	14.29	
1003.0	77.11	13.37	76.89	13.91	
1003.5	77.01	13.50	77.40	14.19	
1004.0	76.91	13.25	76.56	14.02	
1004.5	76.60	12.75	76.45	13.54	
1005.0	76.90	13.31	77.46	14.04	
1005.5	77.49	13.18	77.30	13.77	
1006.0	76.78	13.43	76.78	14.07	
1006.5	77.14	13.49	77.00	13.90	
1007.0	76.72	13.61	77.18	13.90	
1007.5	77.26	13.27	76.65	13.90	
1008.0	76.80	13.44	77.11	14.08	
1008.5	77.20	13.58	77.11	13.87	
1009.0	76.87	13.41	77.28	14.05	
1009.5	77.00	13.35	76.66	13.67	
1010.0	77.00	13.05	76.99	13.74	
1010.5	76.03	12.49	75.79	13.02	
1011.0	75.64	12.32	75.44	13.07	
1011.5	77.69	13.72	77.91	14.01	
1012.0	77.06	13.42	77.21	14.33	
1012.5	77.16	13.74	77.36	14.14	
1013.0	77.23	13.39	77.17	13.92	
1013.5	76.65	13.39	76.72	14.26	
1014.0	77.45	13.42	76.86	14.21	
1014.5	77.04	13.57	77.06	13.95	
1015.0	76.88	13.66	77.08	14.14	
1015.5	76.89	13.43	76.95	14.19	
1016.0	77.16	13.43	77.17	13.65	
1016.5	77.05	13.23	76.91	13.87	
1017.0	76.96	13.54	77.12	14.02	
1017.5	77.00	13.30	77.12	13.85	
1018.0	76.82	13.37	76.33	13.89	
1018.5	77.08	13.27	77.12	13.78	
1019.0	76.78	13.40	77.10	13.98	
1019.5	77.05	13.53	77.20	14.30	
1020.0	76.96	13.31	76.86	14.13	
1020.5	77.21	13.51	77.35	14.23	
1021.0	76.82	13.61	76.69	13.85	
1021.5	76.64	13.31	76.45	14.08	
1022.0	76.97	13.61	77.31	13.96	
1022.5	77.28	13.32	76.69	13.89	
1023.0	77.28	13.42	77.24	13.92	
1023.5	76.37	13.28	76.78	14.09	
1024.0	77.49	13.50	77.09	13.88	
1024.5	76.59	13.58	76.77	13.87	
1025.0	77.05	13.31	77.22	14.24	
1025.5	76.99	13.29	77.03	14.10	
1026.0	77.23	13.41	77.23	14.14	
1026.5	77.45	13.49	77.17	13.81	
1027.0	76.78	13.35	76.86	13.86	
1027.5	76.75	13.21	76.88	13.42	
1028.0	76.89	13.58	77.01	14.22	
1028.5	77.11	13.69	77.10	13.97	
1029.0	76.59	13.10	76.17	13.57	
1029.5	77.00	13.79	77.33	14.13	
1030.0	77.16	13.52	77.16	14.07	
1030.5	77.19	13.73	76.87	13.84	
1031.0	76.79	13.29	77.05	14.06	
1031.5	77.41	13.61	77.13	13.97	
1032.0	77.09	13.19	77.09	13.77	
1032.5	76.77	13.59	77.14	13.94	
1033.0	76.82	13.39	76.97	13.93	
1033.5	77.09	13.36	76.91	13.76	
1034.0	76.97	13.17	76.95	13.78	
1034.5	77.17	13.45	76.99	13.86	
1035.0	76.83	13.31	77.05	13.81	
1035.5	76.59	13.57	76.94	13.98	
1036.0	77.40	13.34	77.14	13.95	
1036.5	76.30	13.29	76.19	13.45	
1037.0	76.90	13.37	77.09	13.92	
1037.5	77.24	13.27	77.14	13.74	
1038.0	77.03	13.81	77.21	14.04	
1038.5	77.56	13.44	77.17	13.79	
1039.0	76.16	13.61	76.23	13.48	
1039.5	77.10	13.33	77.29	13.94	
1040.0	77.17	13.56	77.11	13.93	
1040.5	77.27	13.56	77.07	13.95	
1041.0	76.99	13.35	76.72	13.76	
1041.5	77.09	13.59	77.33	14.14	
1042.0	76.34	13.11	76.63	13.21	
1042.5	77.14	13.19	76.67	13.72	
1043.0	76.74	13.50	77.16	14.08	
1043.5	77.02	13.48	76.98	13.80	
1044.0	77.62	13.60	77.54	13.79	
1044.5	77.23	13.46	76.53	13.83	
1045.0	76.61	13.67	76.76	14.18	
1045.5	76.54	13.16	76.97	13.65	
1046.0	77.12	13.36	77.11	13.58	
1046.5	76.98	13.51	77.11	13.60	
1047.0	77.08	13.47	77.04	14.02	
1047.5	77.44	13.43	77.10	13.61	
1048.0	76.79	13.30	77.06	13.93	
1048.5	77.12	13.53	77.11	13.75	
1049.0	77.19	13.27	76.71	14.02	
1049.5	76.10	13.39	76.84	13.68	
1050.0	77.53	13.49	77.29	13.96	
1050.5	76.75	13.31	76.60	13.88	
1051.0	77.06	13.23	76.86	13.69	
1051.5	76.70	13.39	76.97	13.69	
1052.0	76.86	13.37	77.18	13.76	
1052.5	77.21	13.60	76.95	14.02	
1053.0	77.50	13.17	77.38	13.50	
1053.5	77.21	13.41	77.09	13.67	
1054.0	76.17	13.52	76.66	14.05	
1054.5	77.48	13.17	77.06	13.85	
1055.0	77.35	13.51	77.11	13.64	
1055.5	76.69	13.25	77.18	13.93	
1056.0	77.27	13.10	76.86	13.69	
1056.5	76.66	13.38	77.05	13.80	
1057.0	76.81	12.99	76.88	13.25	
1057.5	77.31	13.15	76.98	13.64	
1058.0	76.79	13.03	76.24	13.54	
1058.5	77.02	12.94	77.77	13.44	
1059.0	76.96	12.65	76.87	13.66	
1059.5	76.58	13.29	76.90	14.12	
1060.0	77.51	13.49	77.07	13.84	
1060.5	77.12	13.47	77.01	14.10	
1061.0	77.75	13.52	77.61	13.96	
1061.5	77.49	13.02	76.85	13.45	
1062.0	76.86	13.10	77.66	14.10	
1062.5	77.35	12.96	77.50	13.47	
1063.0	77.56	13.42	76.73	13.68	
1063.5	76.73	13.31	77.53	13.86	
1064.0	75.15	12.33	74.21	12.68	
1064.5	77.55	13.24	76.32	13.91	
1065.0	77.79	13.46	78.89	13.81	
1065.5	77.21	13.61	77.16	13.86	
1066.0	77.44	13.38	77.66	13.77	
1066.5	77.42	13.56	76.97	14.09	
1067.0	77.21	13.32	77.45	14.12	
1067.5	77.44	13.55	77.17	13.81	
1068.0	77.01	13.21	76.60	13.78	
1068.5	77.41	13.24	77.77	13.70	
1069.0	77.49	13.53	76.98	13.85	
1069.5	76.48	13.46	77.15	13.76	
1070.0	76.85	13.20	76.70	13.95	
1070.5	78.00	13.56	77.99	14.10	
1071.0	77.41	13.21	77.41	13.93	
1071.5	76.62	13.40	76.72	14.09	
1072.0	77.59	13.30	77.58	13.84	
1072.5	76.89	13.91	76.99	14.09	
1073.0	77.12	13.35	77.04	13.73	
1073.5	77.29	13.23	77.13	14.03	
1074.0	77.16	13.21	77.30	14.08	
1074.5	77.26	13.39	77.20	13.78	
1075.0	77.24	13.45	77.39	14.13	
1075.5	77.41	13.46	77.19	14.10	
1076.0	77.19	13.28	77.60	13.81	
1076.5	77.81	13.42	77.21	14.17	
1077.0	77.12	13.12	77.24	14.10	
1077.5	77.12	13.40	77.33	14.33	
1078.0	77.31	13.30	77.31	13.91	
1078.5	77.31	13.27	77.61	14.05	
1079.0	77.41	13.14	76.87	13.90	
1079.5	76.53	13.25	77.11	13.93	
1080.0	77.87	13.59	77.52	14.12	
1080.5	77.28	13.24	76.53	13.85	
1081.0	76.73	12.64	77.45	13.18	
1081.5	77.40	13.26	77.50	13.59	
1082.0	77.24	12.71	76.95	13.03	
1082.5	76.51	12.86	76.27	13.25	
1083.0	77.50	12.59	77.73	13.55	
1083.5	77.50	13.20	77.61	13.65	
1084.0	76.91	12.98	77.16	13.82	
1084.5	74.51	13.20	75.66	13.72	
1085.0	75.08	13.12	75.37	14.16	
1085.5	74.97	13.34	74.88	13.63	
1086.0	74.68	13.32	74.43	13.97	
1086.5	74.40	13.32	74.63	13.89	
1087.0	74.78	13.58	74.72	13.97	
1087.5	74.65	13.24	74.66	13.98	
1088.0	74.71	13.23	74.55	13.71	
1088.5	74.67	13.08	74.72	13.74	
1089.0	74.60	12.93	74.79	13.57	
1089.5	74.57	13.21	74.52	13.61	
1090.0	74.66	13.21	74.56	13.52	
1090.5	74.70	13.56	74.57	13.60	
1091.0	74.42	13.27	74.69	13.72	
1091.5	74.57	13.47	74.47	13.81	
1092.0	74.65	13.50	74.67	13.54	
1092.5	74.56	13.22	74.42	13.93	
1093.0	74.44	13.64	74.64	13.57	
1093.5	74.79	13.35	74.78	13.99	
1094.0	74.75	13.56	74.71	13.83	
1094.5	74.71	13.18	74.58	13.46	
1095.0	74.54	13.46	74.62	13.64	
1095.5	74.59	13.50	74.60	13.73	
1096.0	74.65	13.19	74.65	13.73	
1096.5	74.62	13.32	74.53	13.95	
1097.0	74.59	13.65	74.73	14.21	
1097.5	74.56	13.47	74.52	13.64	
1098.0	74.55	13.39	74.52	13.86	
1098.5	74.63	13.44	74.64	13.61	
1099.0	74.61	13.53	74.51	13.79	
1099.5	74.43	13.32	74.66	13.95	
1100.0	74.80	13.69	74.74	14.03	
1100.5	74.73	13.38	74.71	13.84	
1101.0	74.74	13.58	74.56	13.60	
1101.5	74.46	13.06	74.63	13.81	
1102.0	74.84	13.27	74.76	13.58	
1102.5	74.48	13.22	74.54	13.48	
1103.0	74.67	13.43	74.66	13.68	
1103.5	74.56	13.47	74.54	13.83	
1104.0	74.51	13.48	74.57	13.87	
1104.5	74.51	13.33	74.51	13.68	
1105.0	74.68	13.18	74.64	13.73	
1105.5	74.51	13.23	74.57	13.85	
1106.0	74.72	13.61	74.68	14.09	
1106.5	74.82	13.29	74.79	13.60	
1107.0	74.55	13.08	74.56	13.74	
1107.5	74.66	13.30	74.53	13.63	
1108.0	72.25	11.37	72.34	12.11	
1108.5	76.08	13.46	76.25	13.98	
1109.0	74.68	13.30	74.58	13.72	
1109.5	74.66	13.59	74.53	13.95	
1110.0	74.66	13.18	74.86	13.81	
1110.5	74.80	13.37	74.69	13.68	
1111.0	74.60	13.31	74.61	13.60	
1111.5	74.61	13.44	74.51	13.75	
1112.0	74.59	13.38	74.66	13.85	
1112.5	74.54	13.42	74.60	13.56	
1113.0	74.69	13.42	74.65	13.76	
1113.5	74.54	13.24	74.58	13.83	
1114.0	74.59	13.63	74.62	13.56	
1114.5	74.50	13.16	74.56	13.94	
1115.0	74.52	13.23	74.54	14.00	
1115.5	74.69	13.33	74.46	14.01	
1116.0	74.56	13.16	74.72	13.86	
1116.5	74.70	13.51	74.68	14.25	
1117.0	74.77	13.49	74.73	13.95	
1117.5	74.79	13.03	74.57	13.55	
1118.0	74.54	13.28	74.63	13.75	
1118.5	74.52	12.92	74.64	13.72	
1119.0	74.69	13.24	74.66	13.79	
1119.5	74.61	12.99	74.67	13.92	
1120.0	74.63	13.21	74.45	13.86	
1120.5	74.46	13.37	74.64	13.68	
1121.0	74.50	13.65	74.61	13.96	
1121.5	74.60	13.37	74.53	13.72	
1122.0	74.58	13.33	74.63	14.01	
1122.5	74.68	13.37	74.59	13.96	
1123.0	74.75	13.34	74.75	14.07	
1123.5	74.76	13.25	74.74	13.81	
1124.0	74.53	13.49	74.53	13.93	
1124.5	74.61	13.35	74.62	13.87	
1125.0	74.55	13.32	74.52	13.69	
1125.5	74.76	13.49	74.82	14.03	
1126.0	74.50	13.31	74.62	14.08	
1126.5	74.72	13.36	74.31	13.95	
1127.0	74.51	13.37	74.66	13.76	
1127.5	74.39	13.51	74.53	13.80	
1128.0	74.68	13.19	74.57	13.84	
1128.5	74.79	13.72	74.87	14.08	
1129.0	74.50	13.46	74.52	13.81	
1129.5	74.79	13.83	74.76	14.15	
1130.0	74.69	13.20	74.69	13.68	
1130.5	74.36	12.90	74.49	13.71	
1131.0	74.56	13.46	74.47	13.82	
1131.5	74.85	13.37	74.80	13.90	
1132.0	74.65	13.18	74.72	13.88	
1132.5	74.57	13.17	74.53	13.85	
1133.0	74.52	13.06	74.51	13.54	
1133.5	74.69	13.29	74.64	13.89	
1134.0	74.57	13.19	74.75	13.87	
1134.5	74.56	13.29	74.46	13.80	
1135.0	74.49	13.25	74.47	13.75	
1135.5	74.56	13.04	74.60	13.82	
1136.0	74.72	13.43	74.72	13.94	
1136.5	74.78	13.37	74.75	13.99	
1137.0	74.50	13.24	74.49	14.02	
1137.5	74.73	13.04	74.74	13.94	
1138.0	74.67	12.97	74.61	13.91	
1138.5	74.62	13.40	74.70	13.95	
1139.0	74.48	13.52	74.39	13.86	
1139.5	74.59	13.36	74.77	14.16	
1140.0	74.63	13.42	74.55	13.81	
1140.5	73.85	13.06	73.91	13.22	
1141.0	75.45	13.04	75.29	13.14	
1141.5	74.27	13.19	74.38	13.79	
1142.0	74.63	13.09	74.58	13.68	
1142.5	74.54	13.46	74.65	13.81	
1143.0	74.79	13.35	74.66	14.12	
1143.5	74.45	13.33	74.52	13.87	
1144.0	74.60	13.06	74.61	13.83	
1144.5	74.47	13.33	74.51	13.85	
1145.0	74.58	13.57	74.53	13.82	
1145.5	74.72	13.60	74.72	13.98	
1146.0	74.52	13.58	74.56	14.15	
1146.5	74.80	13.56	74.77	14.20	
1147.0	74.77	13.12	74.75	13.39	
1147.5	74.61	13.01	74.60	13.58	
1148.0	74.55	13.11	74.51	13.73	
1148.5	74.56	13.25	74.62	13.66	
1149.0	74.75	13.45	74.73	13.90	
1149.5	74.45	13.22	74.58	13.61	
1150.0	74.52	13.17	74.41	13.94	
1150.5	74.45	13.17	74.53	13.77	
1151.0	74.75	13.51	74.70	13.86	
1151.5	74.64	13.55	74.65	14.16	
1152.0	74.73	13.50	74.57	14.14	
1152.5	74.71	13.30	74.84	13.93	
1153.0	74.67	13.35	74.63	13.64	
1153.5	74.58	13.39	74.59	13.82	
1154.0	74.48	13.60	74.50	14.03	
1154.5	74.60	13.43	74.62	14.11	
1155.0	74.66	13.41	74.69	13.78	
1155.5	74.52	13.49	74.64	14.02	
1156.0	74.67	13.42	74.37	13.75	
1156.5	74.41	13.41	74.58	13.81	
1157.0	74.67	13.24	74.70	13.71	
1157.5	74.63	13.30	74.57	13.55	
1158.0	74.69	13.52	74.68	13.90	
1158.5	74.59	13.18	74.58	13.65	
1159.0	74.73	13.47	74.76	13.90	
1159.5	74.62	13.24	74.64	13.65	
1160.0	67.39	12.78	67.74	13.14	
1160.5	62.57	12.83	61.86	13.03	
1161.0	65.40	12.59	63.45	13.05	
1161.5	65.69	12.69	63.61	12.82	
1162.0	65.51	12.72	63.65	12.97	
1162.5	65.70	12.58	63.66	12.82	
1163.0	64.98	12.75	63.03	12.95	
1163.5	64.03	12.79	63.04	13.35	
1164.0	65.66	13.01	66.91	13.36	
1164.5	65.77	12.89	67.73	13.09	
1165.0	65.63	12.76	66.71	13.07	
1165.5	65.43	12.61	66.44	12.95	
1166.0	66.12	12.63	66.80	13.36	
1166.5	66.62	12.60	66.71	13.04	
1167.0	66.62	12.41	66.70	13.36	
1167.5	68.18	12.47	66.65	13.08	
1168.0	68.38	12.38	66.58	13.15	
1168.5	68.33	12.25	66.77	13.33	
1169.0	68.32	12.47	66.70	13.09	
1169.5	68.30	12.24	66.66	13.27	
1170.0	69.21	12.39	67.30	12.73	
1170.5	84.50	13.85	83.23	14.08	
1171.0	89.82	14.17	88.65	14.31	
1171.5	82.57	14.39	84.96	14.76	
1172.0	81.55	14.31	81.50	14.79	
1172.5	81.50	14.31	81.35	14.68	
1173.0	81.38	14.45	81.54	14.71	
1173.5	81.55	14.35	81.55	14.59	
1174.0	81.53	14.47	81.42	14.66	
1174.5	81.52	14.30	81.49	14.88	
1175.0	81.38	14.38	81.53	14.69	
1175.5	81.53	14.33	81.52	14.81	
1176.0	81.54	14.38	81.55	14.63	
1176.5	81.34	14.52	81.32	14.62	
1177.0	81.54	14.52	81.58	14.57	
1177.5	81.54	14.16	81.53	14.87	
1178.0	81.47	14.34	81.32	14.56	
1178.5	81.57	14.38	81.55	14.80	
1179.0	81.34	14.40	81.50	14.52	
1179.5	81.60	14.41	81.58	14.71	
1180.0	81.47	14.27	81.50	14.77	
1180.5	81.55	14.47	81.39	14.87	
1181.0	81.34	14.32	81.49	14.73	
1181.5	81.50	14.38	81.51	14.66	
1182.0	81.56	14.42	81.53	14.82	
1182.5	81.49	14.37	81.39	14.63	
1183.0	81.23	13.84	81.37	14.22	
1183.5	81.69	14.23	81.69	14.44	
1184.0	81.51	13.58	81.55	14.16	
1184.5	81.36	13.82	81.17	14.44	
1185.0	81.47	14.00	81.63	14.31	
1185.5	81.61	13.63	81.63	14.24	
1186.0	81.48	13.86	81.44	14.08	
1186.5	81.62	13.82	81.49	14.55	
1187.0	81.35	13.66	81.47	14.40	
1187.5	81.70	13.78	81.75	14.31	
1188.0	81.46	13.42	81.55	14.27	
1188.5	81.73	14.14	81.64	14.90	
1189.0	81.53	14.00	81.54	15.23	
1189.5	81.49	13.97	81.47	14.94	
1190.0	81.52	13.94	81.54	15.11	
1190.5	81.55	14.16	81.35	14.64	
1191.0	81.55	14.10	81.55	15.21	
1191.5	81.38	14.10	81.56	14.75	
1192.0	81.48	14.16	81.52	15.00	
1192.5	81.53	14.23	81.49	14.85	
1193.0	81.53	14.23	81.40	14.83	
1193.5	81.37	14.17	81.49	14.79	
1194.0	81.56	14.21	81.61	14.78	
1194.5	81.54	14.05	81.48	14.94	
1195.0	81.49	13.94	81.37	14.78	
1195.5	81.54	13.97	81.51	15.01	
1196.0	81.37	13.83	81.52	15.11	
1196.5	81.52	13.99	81.52	14.96	
1197.0	81.59	14.22	81.41	14.64	
1197.5	81.33	14.20	81.52	14.92	
1198.0	81.58	13.87	81.55	14.44	
1198.5	81.52	14.12	81.53	14.93	
1199.0	81.45	14.20	81.46	14.79	
1199.5	81.54	14.13	81.39	14.83	
1200.0	81.40	14.29	81.57	14.98	
1200.5	81.55	13.77	81.51	14.76	
1201.0	81.49	14.20	81.35	14.75	
1201.5	81.54	14.20	81.55	14.87	
1202.0	81.31	14.39	81.49	14.71	
1202.5	81.55	14.28	81.54	14.78	
1203.0	81.57	14.19	81.53	14.84	
1203.5	81.48	14.24	81.37	14.77	
1204.0	81.39	14.04	81.50	15.04	
1204.5	76.62	11.72	76.35	11.96	
1205.0	85.24	14.09	85.21	14.57	
1205.5	81.28	14.45	81.30	14.91	
1206.0	81.55	14.25	81.57	14.84	
1206.5	81.33	13.96	81.47	14.66	
1207.0	81.57	14.18	81.41	14.96	
1207.5	81.49	14.20	81.48	14.91	
1208.0	81.53	14.04	81.53	14.95	
1208.5	81.38	14.62	81.55	14.48	
1209.0	81.52	14.16	81.38	14.77	
1209.5	81.54	14.11	81.54	14.69	
1210.0	81.54	14.38	81.53	14.96	
1210.5	81.36	14.19	81.54	14.44	
1211.0	81.51	14.28	81.51	14.74	
1211.5	81.53	14.23	81.36	14.54	
1212.0	81.56	14.19	81.56	14.95	
1212.5	81.32	14.05	81.48	14.57	
1213.0	81.56	14.35	81.60	14.59	
1213.5	81.51	14.13	81.30	14.84	
1214.0	81.51	14.19	81.55	14.93	
1214.5	81.57	14.33	81.53	14.75	
1215.0	81.33	14.43	81.50	14.67	
1215.5	81.58	14.13	81.58	14.88	
1216.0	81.50	14.15	81.34	14.61	
1216.5	81.48	14.17	81.49	14.66	
1217.0	81.39	14.38	81.54	14.51	
1217.5	81.52	14.15	81.56	14.78	
1218.0	81.55	14.37	81.52	14.58	
1218.5	81.52	14.29	81.35	14.83	
1219.0	81.52	14.26	81.52	14.56	
1219.5	81.39	14.30	81.53	14.69	
1220.0	81.59	14.12	81.62	13.83	
1220.5	81.49	14.09	81.38	14.54	
1221.0	81.50	14.50	81.43	14.75	
1221.5	81.52	14.56	81.55	14.77	
1222.0	81.35	14.14	81.49	14.92	
1222.5	81.55	14.33	81.55	14.68	
1223.0	81.50	14.64	81.38	14.54	
1223.5	81.54	14.32	81.53	14.73	
1224.0	81.40	14.40	81.54	14.81	
1224.5	81.53	14.57	81.54	14.73	
1225.0	81.49	14.40	81.34	14.76	
1225.5	81.55	14.22	81.53	14.66	
1226.0	81.34	14.57	81.53	14.45	
1226.5	81.57	14.44	81.53	14.58	
1227.0	81.49	14.38	81.34	14.91	
1227.5	81.56	14.39	81.55	14.64	
1228.0	81.55	14.54	81.56	14.83	
1228.5	81.32	14.03	81.47	14.50	
1229.0	81.58	14.50	81.41	14.80	
1229.5	81.50	14.46	81.48	14.60	
1230.0	81.51	14.40	81.54	14.66	
1230.5	81.34	14.27	81.52	14.53	
1231.0	81.61	14.38	81.59	14.62	
1231.5	81.47	14.32	81.32	14.56	
1232.0	81.53	14.15	81.53	14.95	
1232.5	81.36	14.32	81.53	14.56	
1233.0	81.53	14.33	81.55	14.66	
1233.5	81.53	14.39	81.35	14.85	
1234.0	81.59	14.35	81.58	14.63	
1234.5	81.50	14.12	81.53	14.90	
1235.0	81.33	14.13	81.47	14.81	
1235.5	81.53	14.37	81.38	14.70	
1236.0	81.53	14.53	81.51	14.79	
1236.5	81.57	14.44	81.58	14.82	
1237.0	81.36	14.40	81.53	14.64	
1237.5	81.50	14.18	81.48	14.96	
1238.0	81.54	14.29	81.38	14.75	
1238.5	81.51	14.37	81.51	14.93	
1239.0	81.40	14.34	81.52	14.89	
1239.5	81.50	14.22	81.36	14.92	
1240.0	81.54	14.28	81.53	14.67	
1240.5	81.52	14.28	81.52	14.86	
1241.0	81.35	14.19	81.51	14.87	
1241.5	81.54	14.43	81.56	15.11	
1242.0	81.54	14.46	81.38	14.66	
1242.5	81.53	14.38	81.51	15.01	
1243.0	81.39	14.38	81.58	14.88	
1243.5	81.48	14.36	81.45	14.92	
1244.0	81.58	14.60	81.42	14.83	
1244.5	81.48	14.65	81.50	14.87	
1245.0	81.56	14.47	81.53	14.84	
1245.5	81.36	14.46	81.54	14.88	
1246.0	81.51	14.38	81.55	14.88	
1246.5	81.53	14.37	81.35	14.84	
1247.0	81.52	14.26	81.51	14.92	
1247.5	81.48	14.40	81.52	14.81	
1248.0	81.44	14.20	81.58	14.62	
1248.5	81.50	14.28	81.47	14.66	
1249.0	81.54	14.31	81.36	14.85	
1249.5	81.51	14.06	81.53	14.62	
1250.0	81.54	14.35	81.55	14.73	
1250.5	81.32	14.10	81.47	14.89	
1251.0	81.57	14.16	81.60	14.78	
1251.5	81.53	14.34	81.36	14.67	
1252.0	81.56	14.35	81.55	14.86	
1252.5	81.37	14.06	81.50	14.93	
1253.0	81.52	14.24	81.53	14.92	
1253.5	81.48	14.30	81.32	14.73	
1254.0	81.62	14.14	81.61	14.84	
1254.5	81.48	14.05	81.48	14.82	
1255.0	81.39	14.26	81.54	14.81	
1255.5	81.50	14.22	81.36	14.68	
1256.0	81.58	14.12	81.55	14.86	
1256.5	81.48	14.24	81.52	14.81	
1257.0	81.35	14.03	81.49	14.94	
1257.5	81.54	14.36	81.53	15.08	
1258.0	81.52	13.95	81.39	14.81	
1258.5	81.64	13.71	81.59	14.57	
1259.0	81.45	14.17	81.48	14.79	
1259.5	81.32	13.87	81.49	14.27	
1260.0	81.54	13.56	81.40	13.50	
1260.5	81.49	12.98	81.46	13.45	
1261.0	81.58	13.09	81.61	13.30	
1261.5	79.63	12.17	80.41	12.42	
1262.0	78.92	12.00	79.90	12.11	
1262.5	78.73	12.15	79.85	11.89	
1263.0	73.55	10.28	74.11	10.06	
1263.5	74.53	12.18	74.48	12.68	
1264.0	75.93	12.16	74.37	12.56	
1264.5	75.84	12.10	74.48	12.30	
1265.0	75.53	11.88	74.37	12.34	
1265.5	75.68	11.94	74.16	12.18	
1266.0	75.96	12.18	74.54	12.33	
1266.5	75.81	12.10	74.46	12.30	
1267.0	75.69	11.92	74.52	12.46	
1267.5	75.87	12.09	74.35	12.50	
1268.0	75.88	12.23	74.55	12.58	
1268.5	75.88	12.13	74.49	12.50	
1269.0	75.57	11.99	74.39	12.31	
1269.5	75.68	12.06	74.23	12.54	
1270.0	75.86	11.93	74.46	12.66	
1270.5	75.89	12.09	74.52	12.39	
1271.0	75.73	12.26	74.49	12.38	
1271.5	75.79	12.04	74.35	12.51	
1272.0	75.86	11.92	74.47	12.78	
1272.5	75.82	11.93	74.48	12.50	
1273.0	75.59	12.05	74.40	12.54	
1273.5	75.96	11.97	75.02	12.45	
1274.0	75.67	11.84	76.61	12.40	
1274.5	75.82	11.91	76.82	12.66	
1275.0	75.48	12.01	76.69	12.54	
1275.5	75.79	11.87	76.59	12.70	
1276.0	75.81	11.79	76.81	12.84	
1276.5	75.77	11.92	76.79	12.85	
1277.0	75.70	11.92	75.90	12.74	
1277.5	75.70	11.77	75.47	12.93	
1278.0	75.81	11.88	75.58	12.78	
1278.5	75.88	11.91	75.58	13.18	
1279.0	75.63	11.70	75.33	12.67	
1279.5	75.62	11.92	75.49	12.86	
1280.0	75.88	11.81	75.41	12.70	
1280.5	75.76	11.98	75.42	12.91	
1281.0	75.74	11.87	75.44	12.57	
1281.5	75.58	11.94	75.49	13.00	
1282.0	75.89	12.05	75.42	12.91	
1282.5	75.87	11.98	75.55	13.00	
1283.0	76.33	11.95	75.62	12.92	
1283.5	77.14	12.05	75.59	12.88	
1284.0	77.13	11.88	75.38	12.59	
1284.5	77.21	11.96	75.54	12.75	
1285.0	77.27	11.94	75.43	12.82	
1285.5	77.29	11.66	75.51	12.75	
1286.0	77.22	11.52	75.59	12.39	
1286.5	77.32	11.69	75.41	12.37	
1287.0	77.43	11.59	75.60	12.18	
1287.5	77.27	11.72	75.50	12.41	
1288.0	77.12	11.90	75.54	12.71	
1288.5	77.36	11.84	75.45	12.53	
1289.0	77.26	11.80	75.49	12.74	
1289.5	77.24	11.73	75.46	12.82	
1290.0	77.09	11.77	75.47	12.61	
1290.5	77.34	11.78	75.37	12.86	
1291.0	77.35	11.74	75.48	12.73	
1291.5	77.30	11.78	75.46	12.70	
1292.0	77.22	11.68	75.52	12.45	
1292.5	78.02	11.73	76.03	12.45	
1293.0	78.75	11.77	76.79	12.60	
1293.5	78.94	11.78	77.21	12.40	
1294.0	78.79	11.78	78.20	12.65	
1294.5	78.42	11.55	77.87	12.38	
1295.0	78.76	11.73	78.23	12.44	
1295.5	78.78	11.59	78.24	12.24	
1296.0	78.55	11.70	78.23	12.28	
1296.5	78.53	11.73	77.94	12.38	
1297.0	78.67	11.89	78.20	12.48	
1297.5	78.68	11.77	78.18	12.56	
1298.0	78.64	11.76	78.13	12.45	
1298.5	78.55	11.80	78.03	12.39	
1299.0	78.75	11.55	78.24	12.38	
1299.5	78.80	11.66	78.26	12.64	
1300.0	78.55	11.69	78.10	12.59	
1300.5	78.91	11.83	78.20	12.46	
1301.0	78.88	11.82	78.29	12.25	
1301.5	78.99	11.73	78.38	12.21	
1302.0	78.65	11.61	78.09	12.20	
1302.5	78.85	11.88	78.22	12.29	
1303.0	78.73	11.94	78.11	12.14	
1303.5	78.81	11.58	78.28	11.98	
1304.0	78.69	11.69	78.09	12.30	
1304.5	78.61	11.86	78.23	12.23	
1305.0	78.88	11.79	78.10	12.15	
1305.5	78.78	11.91	78.19	12.32	
1306.0	78.53	11.46	78.00	11.84	
1306.5	78.61	11.65	78.17	12.24	
1307.0	78.73	11.49	78.01	11.78	
1307.5	79.68	11.81	78.15	12.25	
1308.0	80.47	11.96	78.37	12.06	
1308.5	80.05	11.73	77.99	12.01	
1309.0	80.44	11.95	78.39	12.21	
1309.5	80.36	11.87	78.34	12.20	
1310.0	80.35	12.06	78.26	12.18	
1310.5	80.01	11.79	78.20	12.23	
1311.0	80.45	11.94	78.21	12.34	
1311.5	80.24	11.90	78.16	12.17	
1312.0	80.24	11.65	78.23	12.00	
1312.5	80.56	12.00	78.46	12.39	
1313.0	81.85	11.96	79.72	12.24	
1313.5	81.91	11.77	79.73	12.05	
1314.0	82.00	12.12	79.91	12.73	
1314.5	81.21	12.01	79.64	12.73	
1315.0	81.54	11.72	79.62	12.19	
1315.5	81.52	12.11	79.78	12.66	
1316.0	81.54	12.01	79.85	12.62	
1316.5	81.31	12.29	79.84	12.85	
1317.0	81.60	11.72	79.61	12.23	
1317.5	81.53	11.96	79.76	12.72	
1318.0	81.51	11.70	79.69	12.40	
1318.5	81.36	12.18	79.76	12.95	
1319.0	80.62	11.58	79.05	12.21	
1319.5	78.90	12.25	78.36	13.03	
1320.0	78.77	12.00	78.25	12.62	
1320.5	78.68	11.91	78.15	12.47	
1321.0	78.73	11.83	78.24	12.45	
1321.5	78.79	11.93	78.33	12.51	
1322.0	78.73	11.71	78.23	12.52	
1322.5	76.86	11.89	76.51	12.38	
1323.0	75.92	11.93	75.60	12.69	
1323.5	75.83	12.00	75.49	12.64	
1324.0	75.88	11.87	75.51	12.54	
1324.5	75.73	11.89	75.38	12.38	
1325.0	75.87	11.86	75.56	12.50	
1325.5	75.82	11.67	75.55	12.12	
1326.0	71.21	10.17	71.00	10.23	
1326.5	74.25	11.86	74.28	12.41	
1327.0	74.34	11.92	74.35	12.45	
1327.5	74.34	11.76	74.37	12.13	
1328.0	74.40	11.93	74.34	12.54	
1328.5	74.29	11.62	74.21	12.23	
1329.0	74.31	11.89	74.33	12.30	
1329.5	74.37	11.92	74.35	12.38	
1330.0	74.32	11.71	74.38	12.31	
1330.5	74.29	11.80	74.26	12.27	
1331.0	74.22	11.61	74.21	12.16	
1331.5	74.38	11.83	74.36	12.33	
1332.0	74.27	11.90	74.29	12.12	
1332.5	74.28	11.76	74.28	12.29	
1333.0	74.19	11.79	74.19	12.20	
1333.5	74.27	11.80	74.29	12.18	
1334.0	74.23	11.71	74.21	12.30	
1334.5	75.27	11.66	75.00	12.15	
1335.0	75.80	11.76	75.43	12.19	
1335.5	75.91	11.71	75.54	12.15	
1336.0	75.78	11.99	75.46	12.37	
1336.5	75.70	11.82	75.34	12.31	
1337.0	75.78	11.52	75.44	11.97	
1337.5	75.80	11.72	75.46	12.16	
1338.0	75.62	11.74	75.24	12.15	
1338.5	75.84	11.78	75.45	12.01	
1339.0	75.61	11.92	75.25	12.37	
1339.5	75.78	11.71	75.43	12.16	
1340.0	75.81	11.67	75.46	12.13	
1340.5	75.79	11.97	75.45	12.46	
1341.0	75.61	11.82	75.23	12.44	
1341.5	75.78	11.93	75.38	12.34	
1342.0	75.73	11.55	75.34	12.25	
1342.5	75.80	12.07	75.36	12.69	
1343.0	75.62	11.87	75.39	12.61	
1343.5	75.85	12.26	75.34	12.87	
1344.0	75.82	12.02	75.42	12.65	
1344.5	75.88	12.20	75.46	12.81	
1345.0	75.75	12.07	75.33	12.91	
1345.5	75.75	12.18	75.31	12.89	
1346.0	75.83	12.24	75.47	12.86	
1346.5	75.91	12.12	75.50	12.80	
1347.0	75.74	12.04	75.41	12.66	
1347.5	75.64	12.13	75.39	12.74	
1348.0	75.82	12.09	75.32	12.53	
1348.5	75.89	12.22	75.48	12.81	
1349.0	75.83	12.06	75.44	12.56	
1349.5	75.93	12.00	75.51	12.47	
1350.0	75.57	11.91	75.15	12.48	
1350.5	75.87	11.99	75.44	12.67	
1351.0	75.87	11.92	75.50	12.41	
1351.5	75.74	12.27	75.32	12.92	
1352.0	75.76	11.84	75.34	12.40	
1352.5	75.86	11.96	75.15	12.54	
1353.0	75.89	12.00	75.36	12.55	
1353.5	75.76	11.92	75.26	12.43	
1354.0	75.83	12.00	75.28	12.42	
1354.5	75.84	12.09	75.28	12.65	
1355.0	75.89	11.90	75.32	12.50	
1355.5	75.89	11.72	75.34	12.38	
1356.0	75.83	11.96	75.38	12.49	
1356.5	75.80	11.97	75.10	12.39	
1357.0	76.06	11.73	75.46	12.08	
1357.5	75.87	11.99	75.26	12.50	
1358.0	75.84	11.82	75.29	12.08	
1358.5	75.72	11.93	75.15	12.12	
1359.0	75.82	11.77	75.25	12.05	
1359.5	75.92	11.75	75.33	12.25	
1360.0	76.02	11.99	75.43	12.36	
1360.5	75.87	11.80	75.27	12.46	
1361.0	75.78	11.97	75.14	12.13	
1361.5	75.91	11.97	75.33	12.20	
1362.0	76.75	11.71	75.36	12.16	
1362.5	77.47	11.79	75.23	12.27	
1363.0	77.26	11.82	75.72	12.31	
1363.5	77.44	12.02	76.70	12.20	
1364.0	77.48	11.83	76.75	12.22	
1364.5	77.57	11.84	76.77	12.35	
1365.0	77.18	11.81	76.44	12.29	
1365.5	77.30	11.57	76.53	12.08	
1366.0	77.52	12.03	76.77	12.57	
1366.5	77.51	11.83	76.71	12.44	
1367.0	77.42	12.06	76.49	12.46	
1367.5	77.11	11.61	76.55	12.38	
1368.0	77.51	12.12	76.76	12.56	
1368.5	77.35	11.94	76.64	12.45	
1369.0	78.37	11.72	77.60	12.29	
1369.5	78.56	11.65	77.71	12.12	
1370.0	78.87	11.79	78.00	12.33	
1370.5	78.83	11.75	77.95	12.54	
1371.0	78.86	11.78	77.96	12.50	
1371.5	78.92	11.80	78.02	12.49	
1372.0	78.80	11.93	77.84	12.62	
1372.5	78.72	11.76	77.95	12.62	
1373.0	78.80	11.76	77.97	12.11	
1373.5	78.81	12.15	78.06	12.69	
1374.0	78.74	11.76	77.89	12.48	
1374.5	78.86	11.90	78.06	12.58	
1375.0	77.06	11.34	76.44	12.12	
1375.5	74.06	11.42	73.83	12.16	
1376.0	74.18	11.85	73.90	12.27	
1376.5	73.21	11.15	73.51	11.59	
1377.0	74.02	11.62	74.89	12.21	
1377.5	74.08	11.74	74.96	12.12	
1378.0	74.25	11.85	75.11	12.34	
1378.5	74.43	11.66	74.83	12.34	
1379.0	75.61	11.88	75.27	12.54	
1379.5	76.14	11.88	75.45	12.35	
1380.0	77.29	11.85	75.51	12.54	
1380.5	77.45	11.69	75.56	12.37	
1381.0	76.37	11.45	74.81	11.97	
1381.5	75.25	11.44	74.72	11.96	
1382.0	75.49	11.82	74.95	12.41	
1382.5	81.63	13.54	80.66	13.98	
1383.0	89.63	15.40	88.19	16.00	
1383.5	90.23	15.77	88.24	15.37	
1384.0	90.26	15.91	88.44	15.65	
1384.5	79.47	18.37	78.36	17.69	
1385.0	77.37	18.15	76.09	17.96	
1385.5	76.37	18.41	74.52	17.26	
1386.0	24.72	3.54	25.94	3.68	
1386.5	13.19	1.77	15.88	2.41	
1387.0	13.15	1.80	15.75	2.41	
1387.5	16.48	2.88	18.80	3.40	
1388.0	18.65	3.59	21.55	4.25	
1388.5	15.67	2.65	18.83	3.36	
1389.0	17.69	3.18	19.99	3.75	
1389.5	18.76	3.58	21.63	4.21	
1390.0	14.01	2.05	16.54	2.58	
1390.5	13.10	1.79	15.72	2.45	
1391.0	13.23	1.84	15.80	2.52	
1391.5	13.23	1.82	15.86	2.44	
1392.0	13.05	1.80	15.66	2.44	
1392.5	13.84	2.06	16.49	2.67	
1393.0	13.30	1.82	15.97	2.46	
1393.5	13.10	1.81	15.80	2.31	
1394.0	13.33	1.89	15.92	2.49	
1394.5	13.12	1.81	15.84	2.48	
1395.0	13.11	1.77	15.73	2.46	
1395.5	13.44	1.95	16.10	2.62	
1396.0	13.17	1.83	15.88	2.46	
1396.5	12.94	1.79	15.68	2.45	
1397.0	13.12	1.81	15.78	2.47	
1397.5	12.95	1.78	15.61	2.43	
1398.0	13.11	1.79	15.71	2.46	
1398.5	13.11	1.84	15.71	2.46	
1399.0	12.92	1.76	15.70	2.45	
1399.5	13.35	1.80	15.77	2.44	
1400.0	13.13	1.79	15.74	2.47	
1400.5	14.29	2.21	17.02	2.84	
1401.0	18.54	3.72	21.93	4.48	
1401.5	18.99	3.65	21.39	4.09	
