         #Time  Core     P_PKG     P_PP0    P_DRAM  Core     P_PKG     P_PP0    P_DRAM
 1494553209.52     0     22.67      0.00      4.56    12     23.26      0.00      4.34
 1494553209.62     0     25.36      0.00      4.31    12     24.62      0.00      3.64
 1494553209.72     0     29.74      0.00      4.46    12     27.79      0.00      3.69
 1494553209.82     0     35.53      0.00      5.94    12     34.54      0.00      5.32
 1494553209.92     0     36.44      0.00      5.06    12     36.85      0.00      5.02
 1494553210.02     0     34.61      0.00      5.02    12     35.11      0.00      4.97
 1494553210.12     0     34.58      0.00      5.04    12     35.20      0.00      4.95
 1494553210.22     0     34.57      0.00      5.05    12     35.28      0.00      5.00
 1494553210.32     0     34.65      0.00      4.96    12     35.25      0.00      4.82
 1494553210.42     0     34.57      0.00      5.02    12     35.29      0.00      4.98
 1494553210.52     0     34.61      0.00      5.04    12     35.36      0.00      5.04
 1494553210.62     0     34.60      0.00      5.05    12     35.27      0.00      5.00
 1494553210.72     0     34.67      0.00      5.24    12     35.30      0.00      4.94
 1494553210.82     0     34.42      0.00      4.98    12     34.72      0.00      4.88
 1494553210.92     0     34.78      0.00      5.03    12     35.39      0.00      4.99
 1494553211.02     0     34.57      0.00      4.95    12     35.19      0.00      4.97
 1494553211.12     0     34.74      0.00      5.08    12     35.33      0.00      4.96
 1494553211.22     0     34.85      0.00      5.03    12     35.37      0.00      4.94
 1494553211.32     0     34.68      0.00      5.00    12     35.37      0.00      4.98
 1494553211.42     0     33.78      0.00      5.28    12     34.78      0.00      5.19
 1494553211.52     0     33.51      0.00      4.71    12     33.41      0.00      4.74
 1494553211.62     0     34.31      0.00      5.29    12     35.42      0.00      5.24
 1494553211.72     0     34.51      0.00      5.12    12     35.38      0.00      5.02
 1494553211.82     0     34.63      0.00      5.17    12     35.47      0.00      5.07
 1494553211.92     0     34.70      0.00      5.02    12     35.46      0.00      5.00
 1494553212.02     0     34.48      0.00      4.98    12     35.30      0.00      4.94
 1494553212.12     0     34.69      0.00      5.02    12     35.35      0.00      5.01
 1494553212.22     0     34.68      0.00      4.99    12     35.40      0.00      5.05
 1494553212.32     0     34.60      0.00      4.99    12     35.24      0.00      5.03
 1494553212.42     0     34.28      0.00      4.99    12     34.84      0.00      5.03
 1494553212.52     0     34.36      0.00      4.97    12     34.89      0.00      5.00
 1494553212.63     0     34.62      0.00      4.99    12     35.29      0.00      5.00
 1494553212.73     0     34.57      0.00      4.97    12     35.24      0.00      4.96
 1494553212.83     0     34.41      0.00      5.15    12     35.15      0.00      4.98
 1494553212.93     0     34.50      0.00      5.08    12     35.30      0.00      5.06
 1494553213.03     0     34.66      0.00      5.00    12     35.28      0.00      5.04
 1494553213.13     0     34.65      0.00      4.93    12     35.25      0.00      4.95
 1494553213.23     0     34.51      0.00      5.00    12     35.24      0.00      4.98
 1494553213.33     0     34.58      0.00      4.95    12     35.28      0.00      5.03
 1494553213.43     0     34.59      0.00      4.97    12     35.19      0.00      5.01
 1494553213.53     0     34.63      0.00      4.97    12     35.14      0.00      5.03
 1494553213.63     0     34.69      0.00      4.97    12     35.29      0.00      4.96
 1494553213.73     0     34.57      0.00      5.01    12     35.28      0.00      4.98
 1494553213.83     0     34.39      0.00      5.04    12     35.21      0.00      5.03
 1494553213.93     0     34.64      0.00      5.18    12     35.25      0.00      5.05
 1494553214.03     0     34.56      0.00      5.09    12     35.19      0.00      5.10
 1494553214.13     0     34.66      0.00      4.97    12     35.25      0.00      5.02
 1494553214.23     0     34.59      0.00      5.02    12     35.14      0.00      5.03
 1494553214.33     0     34.61      0.00      4.98    12     35.29      0.00      5.01
 1494553214.43     0     34.27      0.00      4.96    12     34.84      0.00      5.01
 1494553214.53     0     34.66      0.00      4.97    12     35.30      0.00      4.93
 1494553214.63     0     34.68      0.00      4.95    12     35.21      0.00      4.99
 1494553214.73     0     34.61      0.00      5.02    12     35.24      0.00      4.99
 1494553214.83     0     34.67      0.00      5.03    12     35.31      0.00      5.06
 1494553214.93     0     34.70      0.00      5.07    12     35.27      0.00      5.05
 1494553215.03     0     34.52      0.00      5.14    12     35.25      0.00      5.05
 1494553215.13     0     34.65      0.00      4.98    12     35.17      0.00      5.03
 1494553215.23     0     34.54      0.00      4.94    12     35.03      0.00      5.01
 1494553215.33     0     34.71      0.00      5.06    12     35.31      0.00      4.98
 1494553215.43     0     34.68      0.00      4.94    12     35.22      0.00      5.01
 1494553215.53     0     34.64      0.00      4.94    12     35.48      0.00      5.03
 1494553215.63     0     34.63      0.00      4.96    12     34.95      0.00      4.93
 1494553215.73     0     35.06      0.00      5.00    12     35.60      0.00      5.08
 1494553215.83     0     34.20      0.00      4.99    12     34.91      0.00      4.96
 1494553215.93     0     34.97      0.00      5.00    12     35.42      0.00      5.01
 1494553216.03     0     34.65      0.00      5.23    12     35.22      0.00      5.10
 1494553216.13     0     34.60      0.00      5.09    12     35.21      0.00      5.02
 1494553216.23     0     34.61      0.00      4.95    12     35.20      0.00      5.00
 1494553216.33     0     34.63      0.00      4.95    12     35.18      0.00      4.99
 1494553216.43     0     34.70      0.00      4.91    12     35.26      0.00      5.00
 1494553216.53     0     34.66      0.00      4.99    12     35.27      0.00      5.00
 1494553216.63     0     34.61      0.00      4.94    12     35.20      0.00      4.94
 1494553216.73     0     34.65      0.00      4.99    12     35.25      0.00      4.99
 1494553216.83     0     34.57      0.00      5.00    12     35.07      0.00      4.97
 1494553216.93     0     34.62      0.00      4.99    12     35.21      0.00      4.98
 1494553217.03     0     34.54      0.00      5.04    12     35.16      0.00      5.01
 1494553217.13     0     34.67      0.00      5.11    12     35.28      0.00      5.02
 1494553217.23     0     34.54      0.00      5.05    12     35.07      0.00      4.97
 1494553217.33     0     34.56      0.00      4.98    12     35.03      0.00      4.99
 1494553217.43     0     34.69      0.00      4.94    12     35.26      0.00      4.97
 1494553217.53     0     34.68      0.00      4.99    12     35.26      0.00      5.00
 1494553217.63     0     34.64      0.00      5.02    12     35.19      0.00      4.99
 1494553217.73     0     34.66      0.00      4.98    12     35.14      0.00      5.03
 1494553217.83     0     34.69      0.00      4.97    12     35.28      0.00      4.95
 1494553217.93     0     34.48      0.00      4.91    12     35.05      0.00      4.98
 1494553218.03     0     34.70      0.00      5.00    12     35.30      0.00      4.95
 1494553218.13     0     34.63      0.00      5.13    12     35.13      0.00      5.00
 1494553218.23     0     34.70      0.00      5.10    12     35.28      0.00      5.03
 1494553218.33     0     34.72      0.00      5.00    12     35.25      0.00      4.96
 1494553218.43     0     34.65      0.00      5.03    12     35.21      0.00      5.00
 1494553218.53     0     34.69      0.00      4.99    12     35.22      0.00      4.97
 1494553218.63     0     34.70      0.00      5.01    12     35.31      0.00      4.98
 1494553218.73     0     34.68      0.00      5.01    12     35.21      0.00      5.06
 1494553218.83     0     34.59      0.00      5.04    12     35.17      0.00      5.01
 1494553218.93     0     34.64      0.00      5.06    12     35.30      0.00      5.00
 1494553219.03     0     34.71      0.00      4.99    12     35.27      0.00      4.94
 1494553219.13     0     34.59      0.00      5.06    12     35.17      0.00      5.01
 1494553219.23     0     34.70      0.00      5.21    12     35.32      0.00      5.01
 1494553219.33     0     34.64      0.00      5.03    12     35.25      0.00      4.99
 1494553219.43     0     34.56      0.00      5.03    12     35.08      0.00      5.00
 1494553219.53     0     34.62      0.00      4.99    12     35.22      0.00      4.99
 1494553219.63     0     34.66      0.00      5.01    12     35.22      0.00      5.07
 1494553219.73     0     34.74      0.00      5.04    12     35.33      0.00      5.04
 1494553219.83     0     34.67      0.00      5.01    12     35.21      0.00      5.02
 1494553219.93     0     34.60      0.00      5.05    12     35.17      0.00      5.00
 1494553220.03     0     34.67      0.00      4.93    12     35.23      0.00      5.01
 1494553220.13     0     34.69      0.00      5.06    12     35.27      0.00      5.01
 1494553220.23     0     34.60      0.00      5.14    12     35.12      0.00      5.01
 1494553220.33     0     34.64      0.00      5.11    12     35.25      0.00      4.92
 1494553220.43     0     34.65      0.00      5.05    12     35.23      0.00      5.05
 1494553220.53     0     34.51      0.00      4.99    12     35.12      0.00      5.04
 1494553220.63     0     34.61      0.00      4.96    12     35.24      0.00      4.97
 1494553220.73     0     34.70      0.00      5.02    12     35.26      0.00      5.00
 1494553220.83     0     34.65      0.00      4.99    12     35.23      0.00      5.01
 1494553220.93     0     34.60      0.00      4.99    12     35.18      0.00      4.98
 1494553221.03     0     34.64      0.00      4.96    12     35.13      0.00      4.98
 1494553221.13     0     34.67      0.00      5.01    12     35.24      0.00      5.04
 1494553221.23     0     34.68      0.00      4.94    12     35.31      0.00      5.00
 1494553221.33     0     34.55      0.00      5.19    12     35.07      0.00      4.96
 1494553221.43     0     34.01      0.00      5.11    12     34.53      0.00      5.03
 1494553221.53     0     34.60      0.00      4.95    12     35.18      0.00      4.97
 1494553221.63     0     34.64      0.00      4.94    12     35.29      0.00      4.99
 1494553221.73     0     34.68      0.00      4.94    12     35.25      0.00      5.01
 1494553221.83     0     34.46      0.00      4.91    12     35.02      0.00      4.93
 1494553221.93     0     34.68      0.00      4.97    12     35.21      0.00      4.98
 1494553222.04     0     34.54      0.00      4.99    12     35.14      0.00      4.99
 1494553222.14     0     34.65      0.00      5.01    12     35.32      0.00      5.03
 1494553222.24     0     34.61      0.00      5.05    12     35.18      0.00      5.02
 1494553222.34     0     34.69      0.00      5.07    12     35.32      0.00      4.99
 1494553222.44     0     34.58      0.00      5.16    12     35.17      0.00      4.99
 1494553222.54     0     34.61      0.00      5.01    12     35.22      0.00      5.05
 1494553222.64     0     34.65      0.00      4.90    12     35.29      0.00      4.91
 1494553222.74     0     34.70      0.00      5.02    12     35.24      0.00      5.00
 1494553222.84     0     34.61      0.00      4.92    12     35.22      0.00      5.00
 1494553222.94     0     34.59      0.00      4.98    12     35.21      0.00      4.94
 1494553223.04     0     34.71      0.00      4.92    12     35.26      0.00      4.95
 1494553223.14     0     34.62      0.00      5.04    12     35.27      0.00      5.03
 1494553223.24     0     34.59      0.00      4.96    12     35.14      0.00      4.99
 1494553223.34     0     34.64      0.00      5.03    12     35.25      0.00      5.01
 1494553223.44     0     34.30      0.00      5.02    12     34.69      0.00      4.93
 1494553223.54     0     34.56      0.00      5.11    12     35.18      0.00      4.99
 1494553223.64     0     34.65      0.00      5.08    12     35.23      0.00      4.99
 1494553223.74     0     34.66      0.00      5.02    12     35.26      0.00      5.03
 1494553223.84     0     34.60      0.00      5.05    12     35.50      0.00      5.06
 1494553223.94     0     34.61      0.00      5.02    12     35.24      0.00      5.00
 1494553224.04     0     34.62      0.00      5.01    12     35.17      0.00      5.00
 1494553224.14     0     34.63      0.00      4.99    12     35.20      0.00      4.99
 1494553224.24     0     34.59      0.00      5.00    12     35.18      0.00      5.02
 1494553224.34     0     34.56      0.00      5.01    12     35.26      0.00      4.99
 1494553224.44     0     34.64      0.00      4.98    12     34.88      0.00      5.01
 1494553224.54     0     34.64      0.00      5.15    12     35.21      0.00      4.97
 1494553224.64     0     34.60      0.00      5.04    12     35.15      0.00      5.00
 1494553224.74     0     34.64      0.00      4.94    12     35.25      0.00      5.00
 1494553224.84     0     34.97      0.00      4.98    12     35.21      0.00      4.98
 1494553224.94     0     34.57      0.00      4.93    12     35.52      0.00      4.95
 1494553225.04     0     34.66      0.00      4.96    12     35.25      0.00      5.07
 1494553225.14     0     34.39      0.00      4.88    12     35.20      0.00      5.00
 1494553225.24     0     34.51      0.00      4.97    12     35.17      0.00      4.96
 1494553225.34     0     34.85      0.00      5.06    12     35.10      0.00      5.00
 1494553225.44     0     34.58      0.00      5.02    12     35.19      0.00      4.99
 1494553225.54     0     34.17      0.00      5.11    12     34.58      0.00      5.00
 1494553225.64     0     34.68      0.00      5.20    12     35.27      0.00      5.05
 1494553225.74     0     34.65      0.00      5.05    12     35.26      0.00      5.03
 1494553225.84     0     34.56      0.00      4.97    12     35.11      0.00      4.99
 1494553225.94     0     34.68      0.00      4.96    12     35.28      0.00      4.96
 1494553226.04     0     34.64      0.00      5.00    12     35.22      0.00      4.99
 1494553226.14     0     34.59      0.00      5.05    12     35.18      0.00      5.00
 1494553226.24     0     34.75      0.00      4.91    12     35.26      0.00      4.96
 1494553226.34     0     34.62      0.00      5.02    12     35.22      0.00      5.04
 1494553226.44     0     34.60      0.00      4.98    12     35.22      0.00      4.94
 1494553226.54     0     34.64      0.00      5.05    12     35.19      0.00      5.05
 1494553226.64     0     34.66      0.00      5.22    12     35.26      0.00      5.00
 1494553226.74     0     34.60      0.00      5.10    12     35.24      0.00      5.07
 1494553226.84     0     34.59      0.00      5.00    12     35.19      0.00      5.03
 1494553226.94     0     34.57      0.00      4.93    12     35.14      0.00      4.98
 1494553227.04     0     34.56      0.00      4.95    12     35.10      0.00      4.95
 1494553227.14     0     34.62      0.00      5.01    12     35.23      0.00      5.02
 1494553227.24     0     34.63      0.00      5.02    12     35.19      0.00      5.02
 1494553227.34     0     33.82      0.00      4.75    12     33.50      0.00      4.75
 1494553227.44     0     35.51      0.00      4.93    12     35.71      0.00      4.92
 1494553227.54     0     34.52      0.00      4.91    12     35.08      0.00      4.96
 1494553227.64     0     34.58      0.00      5.01    12     35.09      0.00      5.03
 1494553227.74     0     34.66      0.00      5.19    12     35.22      0.00      5.05
 1494553227.84     0     34.64      0.00      5.07    12     35.18      0.00      4.99
 1494553227.94     0     34.60      0.00      4.98    12     35.14      0.00      4.99
 1494553228.04     0     34.69      0.00      4.95    12     35.25      0.00      4.95
 1494553228.14     0     34.58      0.00      4.97    12     35.17      0.00      4.98
 1494553228.24     0     34.64      0.00      4.99    12     35.19      0.00      5.00
 1494553228.34     0     34.60      0.00      5.05    12     35.11      0.00      5.03
 1494553228.44     0     34.62      0.00      5.05    12     35.18      0.00      5.00
 1494553228.54     0     34.45      0.00      4.87    12     34.91      0.00      4.96
 1494553228.64     0     34.64      0.00      5.06    12     35.24      0.00      5.00
 1494553228.74     0     34.62      0.00      5.25    12     35.23      0.00      5.07
 1494553228.84     0     34.61      0.00      5.06    12     35.20      0.00      5.07
 1494553228.94     0     34.63      0.00      5.01    12     35.12      0.00      5.06
 1494553229.04     0     34.63      0.00      4.97    12     35.23      0.00      5.02
 1494553229.14     0     34.63      0.00      5.03    12     35.21      0.00      4.98
 1494553229.24     0     34.58      0.00      4.96    12     35.11      0.00      4.98
 1494553229.34     0     34.69      0.00      5.00    12     35.20      0.00      4.97
 1494553229.44     0     34.65      0.00      4.99    12     35.23      0.00      5.05
 1494553229.54     0     34.57      0.00      5.00    12     35.11      0.00      5.00
 1494553229.64     0     34.66      0.00      5.03    12     35.23      0.00      5.01
 1494553229.74     0     34.58      0.00      5.09    12     35.21      0.00      4.95
 1494553229.84     0     34.60      0.00      5.20    12     35.18      0.00      5.02
 1494553229.94     0     34.65      0.00      5.07    12     35.18      0.00      5.08
 1494553230.04     0     34.66      0.00      4.99    12     35.23      0.00      4.97
 1494553230.14     0     34.61      0.00      5.00    12     35.24      0.00      5.01
 1494553230.24     0     34.59      0.00      4.98    12     35.12      0.00      5.01
 1494553230.34     0     34.63      0.00      4.95    12     35.19      0.00      5.00
 1494553230.44     0     34.68      0.00      4.96    12     35.21      0.00      4.99
 1494553230.54     0     34.54      0.00      4.94    12     35.13      0.00      5.01
 1494553230.64     0     34.68      0.00      5.04    12     35.19      0.00      5.03
 1494553230.74     0     34.63      0.00      5.00    12     35.25      0.00      5.00
 1494553230.84     0     34.59      0.00      5.11    12     35.13      0.00      5.06
 1494553230.94     0     34.57      0.00      5.22    12     35.13      0.00      5.00
 1494553231.04     0     34.63      0.00      5.09    12     35.16      0.00      5.05
 1494553231.14     0     34.61      0.00      5.03    12     35.50      0.00      5.03
 1494553231.24     0     34.58      0.00      4.95    12     35.11      0.00      5.09
 1494553231.34     0     34.55      0.00      4.97    12     34.78      0.00      4.92
 1494553231.45     0     34.63      0.00      4.96    12     35.22      0.00      5.01
 1494553231.55     0     34.35      0.00      4.88    12     35.11      0.00      5.02
 1494553231.65     0     34.60      0.00      4.96    12     35.26      0.00      5.04
 1494553231.75     0     34.95      0.00      5.08    12     35.20      0.00      5.04
 1494553231.85     0     34.58      0.00      5.02    12     35.13      0.00      5.01
 1494553231.95     0     34.69      0.00      5.11    12     35.26      0.00      5.06
 1494553232.05     0     34.54      0.00      5.11    12     35.13      0.00      5.03
 1494553232.15     0     34.50      0.00      5.04    12     35.04      0.00      5.00
 1494553232.25     0     34.63      0.00      4.97    12     35.24      0.00      4.97
 1494553232.35     0     34.55      0.00      5.01    12     35.11      0.00      5.02
 1494553232.45     0     34.64      0.00      5.00    12     35.20      0.00      5.01
 1494553232.55     0     34.57      0.00      5.01    12     35.18      0.00      5.05
 1494553232.65     0     34.65      0.00      4.98    12     35.17      0.00      5.01
 1494553232.75     0     34.66      0.00      4.99    12     35.15      0.00      4.96
 1494553232.85     0     34.64      0.00      5.00    12     35.26      0.00      4.99
 1494553232.95     0     34.58      0.00      4.97    12     35.16      0.00      5.03
 1494553233.05     0     34.61      0.00      5.22    12     35.12      0.00      5.01
 1494553233.15     0     34.65      0.00      5.05    12     35.18      0.00      5.05
 1494553233.25     0     34.67      0.00      4.99    12     35.23      0.00      5.03
 1494553233.35     0     34.56      0.00      5.00    12     35.10      0.00      4.99
 1494553233.45     0     34.58      0.00      5.00    12     35.13      0.00      5.01
 1494553233.55     0     34.63      0.00      4.95    12     35.23      0.00      5.04
 1494553233.65     0     34.68      0.00      4.94    12     35.21      0.00      4.96
 1494553233.75     0     34.51      0.00      5.05    12     35.05      0.00      5.02
 1494553233.85     0     34.69      0.00      5.07    12     35.25      0.00      5.05
 1494553233.95     0     34.61      0.00      5.04    12     35.16      0.00      5.03
 1494553234.05     0     34.56      0.00      5.01    12     35.09      0.00      5.01
 1494553234.15     0     34.67      0.00      5.17    12     35.15      0.00      4.94
 1494553234.25     0     34.66      0.00      5.08    12     35.21      0.00      5.03
 1494553234.35     0     34.68      0.00      4.97    12     35.20      0.00      5.03
 1494553234.45     0     34.55      0.00      4.98    12     35.10      0.00      5.01
 1494553234.55     0     34.68      0.00      5.08    12     35.24      0.00      5.04
 1494553234.65     0     34.63      0.00      5.06    12     35.17      0.00      5.03
 1494553234.75     0     34.69      0.00      4.88    12     35.13      0.00      4.97
 1494553234.85     0     34.63      0.00      4.93    12     35.22      0.00      5.00
 1494553234.95     0     34.64      0.00      5.00    12     35.26      0.00      4.96
 1494553235.05     0     34.49      0.00      4.90    12     35.05      0.00      4.97
 1494553235.15     0     34.57      0.00      5.05    12     35.11      0.00      5.00
 1494553235.25     0     34.56      0.00      5.20    12     35.09      0.00      5.02
 1494553235.35     0     34.64      0.00      5.06    12     35.24      0.00      5.04
 1494553235.45     0     34.53      0.00      4.94    12     35.08      0.00      4.96
 1494553235.55     0     34.54      0.00      5.05    12     35.04      0.00      5.06
 1494553235.65     0     34.63      0.00      5.04    12     35.21      0.00      5.03
 1494553235.75     0     34.65      0.00      5.05    12     35.16      0.00      5.01
 1494553235.85     0     34.60      0.00      4.98    12     35.21      0.00      4.98
 1494553235.95     0     34.59      0.00      4.93    12     35.18      0.00      4.96
 1494553236.05     0     34.58      0.00      4.99    12     35.19      0.00      4.95
 1494553236.15     0     34.58      0.00      5.04    12     35.21      0.00      5.08
 1494553236.25     0     34.61      0.00      5.13    12     35.22      0.00      4.98
 1494553236.35     0     34.59      0.00      5.08    12     35.18      0.00      5.03
 1494553236.45     0     34.59      0.00      5.08    12     35.21      0.00      5.05
 1494553236.55     0     34.04      0.00      4.82    12     34.22      0.00      4.93
 1494553236.65     0     34.61      0.00      5.04    12     35.22      0.00      5.05
 1494553236.75     0     34.57      0.00      5.00    12     35.18      0.00      5.01
 1494553236.85     0     34.62      0.00      5.02    12     35.17      0.00      5.03
 1494553236.95     0     34.61      0.00      4.98    12     35.23      0.00      5.02
 1494553237.05     0     34.67      0.00      4.98    12     35.17      0.00      4.97
 1494553237.15     0     34.58      0.00      4.96    12     35.18      0.00      5.03
 1494553237.25     0     34.57      0.00      4.94    12     35.09      0.00      4.92
 1494553237.35     0     34.64      0.00      5.14    12     35.21      0.00      5.07
 1494553237.45     0     34.60      0.00      5.08    12     35.18      0.00      5.02
 1494553237.55     0     34.17      0.00      4.91    12     34.48      0.00      4.96
 1494553237.65     0     34.54      0.00      4.94    12     35.12      0.00      4.97
 1494553237.75     0     34.63      0.00      4.95    12     35.25      0.00      5.06
 1494553237.85     0     34.63      0.00      5.02    12     35.17      0.00      5.03
 1494553237.95     0     34.60      0.00      4.99    12     35.13      0.00      5.05
 1494553238.05     0     34.65      0.00      5.06    12     35.24      0.00      5.00
 1494553238.15     0     34.61      0.00      5.04    12     35.26      0.00      5.03
 1494553238.25     0     34.57      0.00      5.00    12     35.14      0.00      5.06
 1494553238.35     0     34.62      0.00      5.19    12     35.11      0.00      5.02
 1494553238.45     0     34.63      0.00      5.12    12     35.25      0.00      5.08
 1494553238.55     0     34.52      0.00      5.00    12     35.01      0.00      5.03
 1494553238.65     0     34.62      0.00      4.95    12     35.50      0.00      5.03
 1494553238.75     0     34.57      0.00      4.99    12     34.85      0.00      4.97
 1494553238.85     0     34.61      0.00      5.04    12     35.19      0.00      5.04
 1494553238.95     0     34.69      0.00      5.01    12     35.58      0.00      4.98
 1494553239.05     0     34.52      0.00      4.98    12     35.13      0.00      5.09
 1494553239.15     0     34.68      0.00      4.95    12     35.20      0.00      5.08
 1494553239.25     0     34.94      0.00      4.98    12     35.22      0.00      5.03
 1494553239.35     0     34.58      0.00      5.04    12     35.15      0.00      5.03
 1494553239.45     0     34.66      0.00      5.15    12     35.27      0.00      5.03
 1494553239.55     0     34.65      0.00      5.11    12     35.23      0.00      5.11
 1494553239.65     0     34.59      0.00      5.00    12     35.16      0.00      5.03
 1494553239.75     0     34.59      0.00      4.97    12     35.14      0.00      5.03
 1494553239.85     0     34.65      0.00      4.98    12     35.24      0.00      5.05
 1494553239.95     0     34.62      0.00      4.96    12     35.22      0.00      4.99
 1494553240.05     0     34.62      0.00      4.95    12     35.13      0.00      4.98
 1494553240.15     0     34.59      0.00      4.99    12     35.21      0.00      5.04
 1494553240.25     0     34.62      0.00      4.95    12     35.25      0.00      4.98
 1494553240.35     0     34.61      0.00      5.00    12     35.11      0.00      4.96
 1494553240.45     0     34.62      0.00      5.16    12     35.12      0.00      5.04
 1494553240.55     0     34.52      0.00      5.06    12     35.01      0.00      5.06
 1494553240.65     0     34.63      0.00      4.99    12     35.20      0.00      5.09
 1494553240.76     0     34.61      0.00      4.99    12     35.22      0.00      4.98
 1494553240.86     0     34.55      0.00      5.02    12     35.14      0.00      5.06
 1494553240.96     0     34.61      0.00      4.96    12     35.18      0.00      4.97
 1494553241.06     0     34.67      0.00      5.00    12     35.15      0.00      5.00
 1494553241.16     0     34.53      0.00      5.02    12     35.19      0.00      5.00
 1494553241.26     0     34.63      0.00      5.03    12     35.18      0.00      4.95
 1494553241.36     0     34.61      0.00      4.98    12     35.23      0.00      5.00
 1494553241.46     0     34.62      0.00      5.07    12     35.19      0.00      5.00
 1494553241.56     0     34.60      0.00      5.20    12     35.16      0.00      5.03
 1494553241.66     0     34.70      0.00      5.06    12     35.20      0.00      5.04
 1494553241.76     0     34.59      0.00      4.96    12     35.19      0.00      5.05
 1494553241.86     0     34.59      0.00      4.96    12     35.11      0.00      5.04
 1494553241.96     0     34.60      0.00      5.00    12     35.18      0.00      5.03
 1494553242.06     0     34.61      0.00      5.02    12     35.15      0.00      5.00
 1494553242.16     0     34.72      0.00      4.98    12     35.17      0.00      5.00
 1494553242.26     0     34.64      0.00      4.98    12     35.11      0.00      5.00
 1494553242.36     0     34.67      0.00      5.01    12     35.30      0.00      5.02
 1494553242.46     0     34.61      0.00      5.00    12     35.19      0.00      4.97
 1494553242.56     0     34.61      0.00      5.18    12     35.13      0.00      5.02
 1494553242.66     0     34.60      0.00      5.13    12     35.22      0.00      4.99
 1494553242.76     0     34.69      0.00      5.02    12     35.22      0.00      5.07
 1494553242.86     0     34.58      0.00      5.01    12     35.16      0.00      5.01
 1494553242.96     0     34.58      0.00      4.94    12     35.15      0.00      4.98
 1494553243.06     0     34.62      0.00      5.02    12     35.20      0.00      5.06
 1494553243.16     0     34.68      0.00      5.01    12     35.16      0.00      5.02
 1494553243.26     0     34.65      0.00      4.99    12     35.16      0.00      5.03
 1494553243.36     0     34.63      0.00      5.03    12     35.18      0.00      5.01
 1494553243.46     0     34.72      0.00      4.97    12     35.18      0.00      5.03
 1494553243.56     0     34.82      0.00      5.09    12     35.28      0.00      5.04
 1494553243.66     0     34.68      0.00      5.16    12     35.04      0.00      5.00
 1494553243.76     0     34.67      0.00      4.96    12     35.22      0.00      5.03
 1494553243.86     0     34.50      0.00      4.99    12     35.05      0.00      5.08
 1494553243.96     0     34.64      0.00      5.03    12     35.22      0.00      5.02
 1494553244.06     0     34.62      0.00      4.99    12     35.13      0.00      4.97
 1494553244.16     0     34.61      0.00      4.99    12     35.14      0.00      5.08
 1494553244.26     0     34.68      0.00      5.00    12     35.18      0.00      4.94
 1494553244.36     0     34.58      0.00      5.04    12     35.17      0.00      5.01
 1494553244.46     0     34.58      0.00      4.99    12     35.12      0.00      5.04
 1494553244.56     0     34.69      0.00      5.00    12     35.27      0.00      5.01
 1494553244.66     0     34.60      0.00      5.04    12     35.16      0.00      4.98
 1494553244.76     0     34.63      0.00      5.23    12     35.18      0.00      5.02
 1494553244.86     0     34.72      0.00      5.11    12     35.13      0.00      5.10
 1494553244.96     0     34.68      0.00      5.00    12     35.17      0.00      5.07
 1494553245.06     0     34.64      0.00      5.06    12     35.15      0.00      5.06
 1494553245.16     0     34.61      0.00      4.98    12     35.13      0.00      4.92
 1494553245.26     0     34.79      0.00      5.03    12     35.22      0.00      5.00
 1494553245.36     0     34.77      0.00      5.04    12     35.20      0.00      5.03
 1494553245.46     0     34.54      0.00      4.98    12     35.15      0.00      5.04
 1494553245.56     0     34.57      0.00      5.08    12     35.03      0.00      5.04
 1494553245.66     0     34.77      0.00      5.05    12     35.32      0.00      5.00
 1494553245.76     0     34.67      0.00      5.11    12     35.22      0.00      5.02
 1494553245.86     0     34.68      0.00      5.21    12     35.16      0.00      5.03
 1494553245.96     0     34.77      0.00      5.06    12     35.13      0.00      5.04
 1494553246.06     0     34.70      0.00      5.05    12     35.59      0.00      5.00
 1494553246.16     0     34.73      0.00      5.03    12     34.84      0.00      5.00
 1494553246.26     0     34.60      0.00      4.97    12     35.42      0.00      5.08
 1494553246.36     0     35.07      0.00      5.02    12     35.20      0.00      4.99
 1494553246.46     0     34.43      0.00      4.95    12     35.23      0.00      5.04
 1494553246.56     0     34.66      0.00      4.95    12     35.06      0.00      4.99
 1494553246.66     0     34.74      0.00      5.00    12     34.84      0.00      4.96
 1494553246.76     0     34.78      0.00      5.06    12     35.59      0.00      5.03
 1494553246.86     0     34.69      0.00      5.21    12     35.18      0.00      4.99
 1494553246.96     0     34.59      0.00      5.12    12     35.15      0.00      5.10
 1494553247.06     0     35.10      0.00      5.08    12     35.23      0.00      5.05
 1494553247.16     0     34.71      0.00      5.00    12     35.18      0.00      5.03
 1494553247.26     0     34.66      0.00      4.97    12     35.09      0.00      5.00
 1494553247.36     0     34.39      0.00      4.97    12     35.18      0.00      5.00
 1494553247.46     0     34.76      0.00      4.95    12     35.19      0.00      5.03
 1494553247.56     0     34.83      0.00      4.99    12     34.90      0.00      4.94
 1494553247.66     0     34.74      0.00      4.94    12     35.22      0.00      5.05
 1494553247.76     0     34.68      0.00      4.98    12     35.14      0.00      5.05
 1494553247.86     0     34.77      0.00      5.00    12     35.24      0.00      4.99
 1494553247.96     0     34.76      0.00      5.19    12     35.18      0.00      5.08
 1494553248.06     0     34.73      0.00      5.01    12     35.19      0.00      5.06
 1494553248.16     0     34.67      0.00      4.99    12     35.07      0.00      5.04
 1494553248.26     0     34.69      0.00      4.97    12     35.19      0.00      5.01
 1494553248.36     0     34.72      0.00      5.03    12     35.20      0.00      5.04
 1494553248.46     0     34.73      0.00      4.97    12     35.12      0.00      5.05
 1494553248.56     0     34.69      0.00      4.96    12     35.24      0.00      4.99
 1494553248.66     0     34.68      0.00      5.02    12     35.16      0.00      5.06
 1494553248.76     0     34.70      0.00      4.98    12     35.16      0.00      4.99
 1494553248.86     0     34.70      0.00      5.01    12     35.16      0.00      5.01
 1494553248.96     0     34.76      0.00      5.05    12     35.24      0.00      4.98
 1494553249.06     0     34.70      0.00      5.15    12     35.17      0.00      5.01
 1494553249.16     0     34.70      0.00      5.01    12     35.11      0.00      5.01
 1494553249.26     0     34.76      0.00      5.02    12     35.23      0.00      5.06
 1494553249.36     0     34.66      0.00      4.93    12     35.05      0.00      4.96
 1494553249.46     0     34.75      0.00      4.99    12     35.19      0.00      4.98
 1494553249.56     0     34.79      0.00      4.99    12     35.17      0.00      4.93
 1494553249.66     0     34.54      0.00      4.96    12     35.13      0.00      5.02
 1494553249.76     0     34.75      0.00      5.02    12     35.28      0.00      5.05
 1494553249.86     0     34.71      0.00      5.01    12     35.15      0.00      4.99
 1494553249.96     0     34.69      0.00      5.01    12     35.06      0.00      5.00
 1494553250.07     0     34.72      0.00      5.17    12     35.24      0.00      4.96
 1494553250.17     0     34.72      0.00      5.14    12     35.16      0.00      5.11
 1494553250.27     0     34.63      0.00      5.05    12     35.04      0.00      4.93
 1494553250.37     0     34.72      0.00      5.04    12     35.18      0.00      5.03
 1494553250.47     0     34.65      0.00      5.03    12     35.13      0.00      4.98
 1494553250.57     0     34.85      0.00      5.05    12     35.21      0.00      5.01
 1494553250.67     0     34.71      0.00      5.03    12     35.20      0.00      5.02
 1494553250.77     0     34.67      0.00      4.98    12     35.05      0.00      5.03
 1494553250.87     0     34.73      0.00      5.05    12     35.25      0.00      5.05
 1494553250.97     0     34.70      0.00      5.00    12     35.13      0.00      4.95
 1494553251.07     0     34.73      0.00      5.01    12     35.11      0.00      4.99
 1494553251.17     0     34.69      0.00      5.19    12     35.13      0.00      4.92
 1494553251.27     0     34.75      0.00      5.02    12     35.15      0.00      4.98
 1494553251.37     0     34.73      0.00      5.03    12     35.19      0.00      4.99
 1494553251.47     0     34.69      0.00      5.02    12     35.11      0.00      5.03
 1494553251.57     0     34.77      0.00      4.99    12     35.18      0.00      4.99
 1494553251.67     0     34.70      0.00      5.03    12     35.18      0.00      5.00
 1494553251.77     0     34.74      0.00      5.03    12     35.15      0.00      5.01
 1494553251.87     0     34.68      0.00      4.98    12     35.14      0.00      5.01
 1494553251.97     0     34.74      0.00      4.97    12     35.22      0.00      5.03
 1494553252.07     0     34.72      0.00      5.06    12     35.15      0.00      5.02
 1494553252.17     0     34.73      0.00      5.11    12     35.15      0.00      5.01
 1494553252.27     0     34.75      0.00      5.21    12     35.23      0.00      5.06
 1494553252.37     0     34.71      0.00      5.07    12     35.20      0.00      5.00
 1494553252.47     0     34.74      0.00      5.01    12     35.19      0.00      4.99
 1494553252.57     0     34.66      0.00      4.99    12     35.15      0.00      5.02
 1494553252.67     0     34.80      0.00      4.95    12     35.21      0.00      5.01
 1494553252.77     0     34.83      0.00      5.07    12     35.20      0.00      5.02
 1494553252.87     0     34.62      0.00      4.96    12     35.12      0.00      5.03
 1494553252.97     0     34.80      0.00      4.96    12     35.27      0.00      4.99
 1494553253.07     0     34.72      0.00      5.01    12     35.13      0.00      5.03
 1494553253.17     0     34.69      0.00      5.00    12     35.17      0.00      5.02
 1494553253.27     0     34.25      0.00      5.06    12     34.23      0.00      5.00
 1494553253.37     0     32.01      0.00      4.45    12     31.14      0.00      4.58
 1494553253.47     0     19.19      0.00      3.65    12     20.10      0.00      3.57
 1494553253.57     0     21.49      0.00      3.94    12     22.06      0.00      3.41
 1494553253.67     0     19.21      0.00      3.33    12     20.05      0.00      2.99
 1494553253.77     0     17.28      0.00      3.03    12     18.73      0.00      2.85
 1494553253.87     0     15.49      0.00      2.51    12     17.17      0.00      2.75
 1494553253.97     0     12.91      0.00      1.77    12     14.63      0.00      1.91
 1494553254.07     0     13.66      0.00      2.02    12     15.51      0.00      2.21
 1494553254.17     0     12.85      0.00      1.83    12     14.59      0.00      1.89
 1494553254.27     0     12.89      0.00      1.70    12     14.66      0.00      1.85
 1494553254.37     0     12.08      0.00      1.49    12     14.56      0.00      2.03
 1494553254.47     0     16.29      0.00      2.49    12     17.12      0.00      2.75
 1494553254.57     0     20.81      0.00      3.92    12     21.95      0.00      4.34
