         #Time  Core     P_PKG     P_PP0    P_DRAM  Core     P_PKG     P_PP0    P_DRAM
 1492970319.35     0     23.15      0.00      5.11    12     24.62      0.00      5.26
 1492970319.45     0     33.97      0.00      5.99    12     34.96      0.00      6.71
 1492970319.55     0     33.28      0.00      5.56    12     34.24      0.00      6.23
 1492970319.65     0     33.16      0.00      5.54    12     33.94      0.00      6.41
 1492970319.75     0     33.28      0.00      5.53    12     33.83      0.00      6.79
 1492970319.85     0     33.43      0.00      5.61    12     34.08      0.00      6.61
 1492970319.95     0     33.26      0.00      5.61    12     33.92      0.00      6.57
 1492970320.05     0     33.35      0.00      5.70    12     34.11      0.00      6.70
 1492970320.15     0     32.85      0.00      5.45    12     33.38      0.00      6.18
 1492970320.25     0     33.12      0.00      5.66    12     33.77      0.00      6.57
 1492970320.35     0     33.36      0.00      5.64    12     33.95      0.00      6.33
 1492970320.45     0     33.54      0.00      5.55    12     34.15      0.00      6.25
 1492970320.55     0     33.33      0.00      5.54    12     33.83      0.00      6.47
 1492970320.65     0     33.50      0.00      5.59    12     34.12      0.00      6.51
 1492970320.75     0     33.03      0.00      5.75    12     33.62      0.00      6.56
 1492970320.85     0     33.16      0.00      5.94    12     33.75      0.00      6.34
 1492970320.95     0     33.13      0.00      5.74    12     33.44      0.00      6.22
 1492970321.05     0     33.22      0.00      5.79    12     33.45      0.00      6.13
 1492970321.15     0     33.80      0.00      5.78    12     33.87      0.00      5.95
 1492970321.25     0     32.85      0.00      5.83    12     33.06      0.00      6.28
 1492970321.35     0     34.16      0.00      5.92    12     34.16      0.00      6.30
 1492970321.45     0     34.08      0.00      5.78    12     33.91      0.00      6.22
 1492970321.55     0     34.28      0.00      5.78    12     34.03      0.00      6.18
 1492970321.65     0     34.48      0.00      5.79    12     34.02      0.00      6.08
 1492970321.75     0     33.71      0.00      5.78    12     33.90      0.00      5.99
 1492970321.85     0     33.95      0.00      5.93    12     33.74      0.00      6.13
 1492970321.95     0     34.29      0.00      6.00    12     34.00      0.00      6.35
 1492970322.05     0     34.31      0.00      5.92    12     34.08      0.00      6.34
 1492970322.15     0     34.31      0.00      5.80    12     34.12      0.00      6.50
 1492970322.25     0     34.00      0.00      5.80    12     33.77      0.00      6.28
 1492970322.35     0     33.67      0.00      5.70    12     33.49      0.00      6.29
 1492970322.45     0     34.05      0.00      5.98    12     33.90      0.00      6.32
 1492970322.55     0     34.33      0.00      5.96    12     34.04      0.00      6.06
 1492970322.65     0     34.32      0.00      6.04    12     34.10      0.00      6.45
 1492970322.75     0     34.33      0.00      5.90    12     34.09      0.00      6.58
 1492970322.85     0     33.85      0.00      5.81    12     33.67      0.00      5.95
 1492970322.95     0     33.73      0.00      5.74    12     33.45      0.00      6.14
 1492970323.05     0     34.08      0.00      5.89    12     33.98      0.00      6.38
 1492970323.15     0     34.30      0.00      5.98    12     34.47      0.00      6.45
 1492970323.25     0     34.36      0.00      5.80    12     34.04      0.00      6.34
 1492970323.35     0     34.30      0.00      5.77    12     34.00      0.00      6.49
 1492970323.45     0     34.30      0.00      5.93    12     33.70      0.00      5.98
 1492970323.55     0     33.98      0.00      5.85    12     33.61      0.00      6.24
 1492970323.65     0     34.44      0.00      5.86    12     33.90      0.00      6.37
 1492970323.75     0     34.81      0.00      6.03    12     34.20      0.00      6.47
 1492970323.85     0     34.87      0.00      5.78    12     34.09      0.00      6.13
 1492970323.95     0     34.97      0.00      5.90    12     34.03      0.00      6.31
 1492970324.05     0     34.45      0.00      5.84    12     33.54      0.00      6.11
 1492970324.15     0     34.47      0.00      5.82    12     33.54      0.00      6.25
 1492970324.25     0     35.03      0.00      5.96    12     33.92      0.00      6.15
 1492970324.35     0     35.16      0.00      5.93    12     34.03      0.00      6.18
 1492970324.45     0     35.11      0.00      6.02    12     34.07      0.00      6.26
 1492970324.55     0     35.06      0.00      5.90    12     34.06      0.00      6.23
 1492970324.65     0     34.60      0.00      5.81    12     33.58      0.00      6.07
 1492970324.75     0     34.65      0.00      5.73    12     33.56      0.00      6.11
 1492970324.85     0     35.11      0.00      5.88    12     34.05      0.00      6.22
 1492970324.95     0     35.05      0.00      5.94    12     34.07      0.00      6.24
 1492970325.06     0     35.04      0.00      5.84    12     34.07      0.00      6.13
 1492970325.16     0     35.06      0.00      5.86    12     34.30      0.00      6.35
 1492970325.26     0     34.62      0.00      5.63    12     33.51      0.00      5.86
 1492970325.36     0     34.90      0.00      6.03    12     33.92      0.00      6.13
 1492970325.46     0     35.19      0.00      5.79    12     34.00      0.00      6.13
 1492970325.56     0     35.13      0.00      5.96    12     34.27      0.00      6.28
 1492970325.66     0     35.10      0.00      6.00    12     34.12      0.00      6.28
 1492970325.76     0     34.60      0.00      5.77    12     33.77      0.00      6.49
 1492970325.86     0     34.60      0.00      5.46    12     33.60      0.00      6.06
 1492970325.96     0     34.56      0.00      5.58    12     33.60      0.00      6.48
 1492970326.06     0     35.02      0.00      5.65    12     33.89      0.00      6.32
 1492970326.16     0     35.13      0.00      5.47    12     34.09      0.00      6.39
 1492970326.26     0     34.78      0.00      5.67    12     34.05      0.00      6.65
 1492970326.36     0     34.97      0.00      5.59    12     34.28      0.00      6.59
 1492970326.46     0     34.74      0.00      5.70    12     33.82      0.00      6.27
 1492970326.56     0     34.63      0.00      5.58    12     33.62      0.00      6.11
 1492970326.66     0     35.02      0.00      5.67    12     33.94      0.00      6.52
 1492970326.76     0     35.11      0.00      5.57    12     34.41      0.00      6.58
 1492970326.86     0     35.16      0.00      5.65    12     34.26      0.00      6.62
 1492970326.96     0     35.44      0.00      5.55    12     34.23      0.00      6.23
 1492970327.06     0     34.76      0.00      5.49    12     33.66      0.00      6.34
 1492970327.16     0     34.67      0.00      5.56    12     33.58      0.00      6.15
 1492970327.26     0     34.69      0.00      5.56    12     33.66      0.00      6.26
 1492970327.36     0     34.95      0.00      5.56    12     33.87      0.00      6.25
 1492970327.46     0     34.89      0.00      5.62    12     34.21      0.00      6.27
 1492970327.56     0     35.22      0.00      5.79    12     34.23      0.00      6.67
 1492970327.66     0     35.03      0.00      5.59    12     34.00      0.00      6.55
 1492970327.76     0     34.59      0.00      5.45    12     33.73      0.00      6.06
 1492970327.86     0     34.65      0.00      5.59    12     33.70      0.00      6.18
 1492970327.96     0     35.06      0.00      5.64    12     34.34      0.00      6.47
 1492970328.06     0     35.29      0.00      5.61    12     34.20      0.00      6.39
 1492970328.16     0     34.99      0.00      5.58    12     34.07      0.00      6.47
 1492970328.26     0     35.07      0.00      5.68    12     34.32      0.00      6.45
 1492970328.36     0     34.75      0.00      5.58    12     33.83      0.00      6.59
 1492970328.46     0     34.61      0.00      5.60    12     33.60      0.00      6.30
 1492970328.56     0     35.12      0.00      5.72    12     34.41      0.00      6.48
 1492970328.66     0     35.18      0.00      5.66    12     34.03      0.00      6.29
 1492970328.76     0     35.59      0.00      5.78    12     34.29      0.00      6.53
 1492970328.86     0     34.87      0.00      5.62    12     34.08      0.00      6.09
 1492970328.96     0     34.56      0.00      5.61    12     33.75      0.00      6.34
 1492970329.06     0     34.70      0.00      5.52    12     33.70      0.00      6.11
 1492970329.16     0     35.13      0.00      5.63    12     34.21      0.00      6.39
 1492970329.26     0     34.94      0.00      5.74    12     34.20      0.00      6.39
 1492970329.36     0     35.06      0.00      5.59    12     34.26      0.00      6.48
 1492970329.46     0     34.94      0.00      5.63    12     33.88      0.00      6.19
 1492970329.56     0     34.50      0.00      5.58    12     33.51      0.00      6.39
 1492970329.66     0     34.90      0.00      5.70    12     33.95      0.00      6.15
 1492970329.76     0     35.20      0.00      5.66    12     34.24      0.00      6.79
 1492970329.86     0     35.18      0.00      5.67    12     34.31      0.00      6.56
 1492970329.96     0     34.74      0.00      5.60    12     33.99      0.00      6.33
 1492970330.06     0     34.65      0.00      5.66    12     33.98      0.00      6.30
 1492970330.16     0     34.38      0.00      5.64    12     33.59      0.00      6.29
 1492970330.26     0     34.93      0.00      5.60    12     33.82      0.00      6.31
 1492970330.36     0     35.04      0.00      5.65    12     34.06      0.00      6.71
 1492970330.46     0     35.07      0.00      5.62    12     34.25      0.00      6.49
 1492970330.56     0     35.08      0.00      5.71    12     34.61      0.00      6.52
 1492970330.66     0     34.74      0.00      5.70    12     33.68      0.00      6.23
 1492970330.76     0     34.58      0.00      5.67    12     33.60      0.00      6.27
 1492970330.86     0     35.26      0.00      5.79    12     34.31      0.00      6.32
 1492970330.96     0     35.16      0.00      5.64    12     34.14      0.00      6.69
 1492970331.06     0     35.58      0.00      5.74    12     34.39      0.00      6.60
 1492970331.16     0     34.93      0.00      5.66    12     34.04      0.00      6.50
 1492970331.26     0     34.58      0.00      5.51    12     33.41      0.00      6.32
 1492970331.36     0     34.82      0.00      5.61    12     33.85      0.00      6.47
 1492970331.46     0     35.27      0.00      5.72    12     34.31      0.00      6.49
 1492970331.56     0     34.82      0.00      5.65    12     34.10      0.00      6.42
 1492970331.66     0     35.22      0.00      5.61    12     34.35      0.00      6.33
 1492970331.76     0     34.77      0.00      5.64    12     33.76      0.00      6.40
 1492970331.87     0     34.52      0.00      5.49    12     33.59      0.00      6.22
 1492970331.97     0     35.08      0.00      5.75    12     34.08      0.00      6.49
 1492970332.07     0     35.14      0.00      5.56    12     34.09      0.00      6.30
 1492970332.17     0     35.11      0.00      5.64    12     34.34      0.00      6.56
 1492970332.27     0     34.98      0.00      5.66    12     34.05      0.00      6.50
 1492970332.37     0     34.61      0.00      5.42    12     33.59      0.00      6.39
 1492970332.47     0     34.82      0.00      5.62    12     34.31      0.00      6.33
 1492970332.57     0     35.26      0.00      5.56    12     34.19      0.00      6.57
 1492970332.67     0     35.28      0.00      5.72    12     34.28      0.00      6.48
 1492970332.77     0     35.25      0.00      5.66    12     34.14      0.00      6.28
 1492970332.87     0     34.91      0.00      5.85    12     33.90      0.00      6.19
 1492970332.97     0     34.67      0.00      5.60    12     33.63      0.00      6.51
 1492970333.07     0     35.03      0.00      5.82    12     34.11      0.00      6.43
 1492970333.17     0     35.19      0.00      5.70    12     34.06      0.00      6.52
 1492970333.27     0     35.28      0.00      5.72    12     34.21      0.00      6.55
 1492970333.37     0     35.04      0.00      5.54    12     34.07      0.00      6.50
 1492970333.47     0     34.65      0.00      5.61    12     33.50      0.00      6.19
 1492970333.57     0     34.96      0.00      5.65    12     33.87      0.00      6.35
 1492970333.67     0     35.10      0.00      5.65    12     34.23      0.00      6.40
 1492970333.77     0     34.93      0.00      5.68    12     34.08      0.00      6.50
 1492970333.87     0     35.21      0.00      5.66    12     34.43      0.00      6.36
 1492970333.97     0     34.62      0.00      5.65    12     34.15      0.00      6.55
 1492970334.07     0     34.20      0.00      5.61    12     33.25      0.00      6.32
 1492970334.17     0     34.97      0.00      5.75    12     34.37      0.00      6.34
 1492970334.27     0     35.01      0.00      5.54    12     34.01      0.00      6.72
 1492970334.37     0     35.08      0.00      5.77    12     34.13      0.00      6.34
 1492970334.47     0     34.92      0.00      5.72    12     34.17      0.00      6.61
 1492970334.57     0     34.83      0.00      5.75    12     33.92      0.00      6.39
 1492970334.67     0     34.34      0.00      5.39    12     33.62      0.00      6.03
 1492970334.77     0     35.32      0.00      5.83    12     34.08      0.00      6.26
 1492970334.87     0     35.16      0.00      5.78    12     34.33      0.00      6.65
 1492970334.97     0     34.85      0.00      5.71    12     33.94      0.00      6.32
 1492970335.07     0     34.90      0.00      5.74    12     34.33      0.00      6.35
 1492970335.17     0     34.58      0.00      5.60    12     33.56      0.00      6.33
 1492970335.27     0     34.61      0.00      5.78    12     33.66      0.00      6.25
 1492970335.37     0     35.02      0.00      5.77    12     34.34      0.00      6.59
 1492970335.47     0     34.93      0.00      5.65    12     34.12      0.00      6.40
 1492970335.57     0     35.35      0.00      5.74    12     34.32      0.00      6.53
 1492970335.67     0     34.81      0.00      5.45    12     33.77      0.00      6.40
 1492970335.77     0     34.56      0.00      5.57    12     33.55      0.00      6.40
 1492970335.87     0     34.93      0.00      5.75    12     34.15      0.00      6.47
 1492970335.97     0     34.95      0.00      5.59    12     34.37      0.00      6.54
 1492970336.07     0     34.90      0.00      5.74    12     33.91      0.00      6.62
 1492970336.17     0     34.91      0.00      5.63    12     34.33      0.00      6.48
 1492970336.27     0     34.54      0.00      5.64    12     33.68      0.00      6.20
 1492970336.37     0     34.73      0.00      5.41    12     33.71      0.00      6.15
 1492970336.47     0     34.67      0.00      5.70    12     34.01      0.00      6.39
 1492970336.57     0     35.76      0.00      5.94    12     34.38      0.00      6.29
 1492970336.67     0     34.89      0.00      5.67    12     34.00      0.00      6.44
 1492970336.77     0     35.06      0.00      5.77    12     34.29      0.00      6.58
 1492970336.87     0     34.61      0.00      5.49    12     33.65      0.00      6.49
 1492970336.97     0     34.76      0.00      5.68    12     33.67      0.00      6.05
 1492970337.07     0     35.41      0.00      5.78    12     34.27      0.00      6.48
 1492970337.17     0     34.81      0.00      5.74    12     34.04      0.00      6.55
 1492970337.27     0     35.19      0.00      5.52    12     34.42      0.00      6.56
 1492970337.37     0     34.70      0.00      5.68    12     33.72      0.00      6.29
 1492970337.47     0     34.59      0.00      5.65    12     33.51      0.00      6.34
 1492970337.57     0     35.13      0.00      5.73    12     34.12      0.00      6.36
 1492970337.67     0     35.18      0.00      5.72    12     34.10      0.00      6.31
 1492970337.77     0     34.93      0.00      5.78    12     34.62      0.00      6.65
 1492970337.87     0     34.81      0.00      5.70    12     33.92      0.00      6.41
 1492970337.97     0     34.45      0.00      5.59    12     33.65      0.00      6.33
 1492970338.07     0     34.75      0.00      5.80    12     33.77      0.00      6.17
 1492970338.17     0     35.17      0.00      5.68    12     34.14      0.00      6.50
 1492970338.27     0     35.39      0.00      5.76    12     34.38      0.00      6.73
 1492970338.37     0     35.04      0.00      5.61    12     34.01      0.00      6.46
 1492970338.48     0     34.90      0.00      5.70    12     34.19      0.00      6.18
 1492970338.58     0     34.40      0.00      5.52    12     33.61      0.00      6.31
 1492970338.68     0     34.91      0.00      5.70    12     33.99      0.00      6.46
 1492970338.78     0     35.18      0.00      5.74    12     34.33      0.00      6.60
 1492970338.88     0     35.21      0.00      5.64    12     34.22      0.00      6.50
 1492970338.98     0     35.05      0.00      5.70    12     34.21      0.00      6.57
 1492970339.08     0     34.40      0.00      5.63    12     33.56      0.00      6.43
 1492970339.18     0     34.72      0.00      5.61    12     33.65      0.00      6.37
 1492970339.28     0     34.95      0.00      5.77    12     34.16      0.00      6.49
 1492970339.38     0     35.08      0.00      5.92    12     34.36      0.00      6.38
 1492970339.48     0     34.96      0.00      5.69    12     34.11      0.00      6.09
 1492970339.58     0     34.82      0.00      5.64    12     33.97      0.00      6.50
 1492970339.68     0     34.53      0.00      5.68    12     33.64      0.00      6.23
 1492970339.78     0     35.26      0.00      5.77    12     34.49      0.00      6.57
 1492970339.88     0     35.16      0.00      5.62    12     34.13      0.00      6.38
 1492970339.98     0     35.31      0.00      5.76    12     34.25      0.00      6.58
 1492970340.08     0     35.00      0.00      5.55    12     33.94      0.00      6.29
 1492970340.18     0     34.63      0.00      5.69    12     33.50      0.00      6.32
 1492970340.28     0     35.32      0.00      5.76    12     33.99      0.00      6.23
 1492970340.38     0     35.04      0.00      5.75    12     34.11      0.00      6.52
 1492970340.48     0     35.02      0.00      5.71    12     34.07      0.00      6.44
 1492970340.58     0     35.27      0.00      5.65    12     34.21      0.00      6.88
 1492970340.68     0     34.72      0.00      5.58    12     33.70      0.00      6.39
 1492970340.78     0     34.54      0.00      5.66    12     33.63      0.00      6.04
 1492970340.88     0     35.27      0.00      5.85    12     34.18      0.00      6.38
 1492970340.98     0     35.30      0.00      5.81    12     34.26      0.00      6.74
 1492970341.08     0     35.09      0.00      5.66    12     34.02      0.00      6.56
 1492970341.18     0     35.11      0.00      5.77    12     34.09      0.00      6.45
 1492970341.28     0     34.63      0.00      5.71    12     33.59      0.00      6.19
 1492970341.38     0     34.93      0.00      5.74    12     33.87      0.00      6.40
 1492970341.48     0     35.40      0.00      5.77    12     34.67      0.00      6.69
 1492970341.58     0     35.16      0.00      5.75    12     34.09      0.00      6.69
 1492970341.68     0     35.17      0.00      5.70    12     34.22      0.00      6.57
 1492970341.78     0     34.69      0.00      5.61    12     33.58      0.00      6.40
 1492970341.88     0     35.03      0.00      5.78    12     33.63      0.00      6.01
 1492970341.98     0     35.23      0.00      5.75    12     34.22      0.00      6.51
 1492970342.08     0     34.93      0.00      5.73    12     34.33      0.00      6.50
 1492970342.18     0     34.92      0.00      5.77    12     34.21      0.00      6.53
 1492970342.28     0     34.54      0.00      5.80    12     33.88      0.00      6.20
 1492970342.38     0     34.33      0.00      5.78    12     33.71      0.00      6.08
 1492970342.48     0     35.21      0.00      5.80    12     34.20      0.00      6.45
 1492970342.58     0     35.15      0.00      5.80    12     34.11      0.00      6.34
 1492970342.68     0     35.20      0.00      5.63    12     34.15      0.00      6.48
 1492970342.78     0     34.76      0.00      5.80    12     33.90      0.00      6.31
 1492970342.88     0     34.29      0.00      5.56    12     33.58      0.00      6.37
 1492970342.98     0     34.82      0.00      5.71    12     33.93      0.00      6.30
 1492970343.08     0     35.27      0.00      5.78    12     34.54      0.00      6.46
 1492970343.18     0     35.02      0.00      5.71    12     34.20      0.00      6.35
 1492970343.28     0     35.04      0.00      5.81    12     34.06      0.00      6.64
 1492970343.38     0     34.61      0.00      5.64    12     33.54      0.00      6.39
 1492970343.48     0     34.87      0.00      5.62    12     33.85      0.00      6.17
 1492970343.58     0     35.63      0.00      5.85    12     34.17      0.00      6.38
 1492970343.68     0     34.94      0.00      5.79    12     34.14      0.00      6.34
 1492970343.78     0     35.12      0.00      5.80    12     34.23      0.00      6.53
 1492970343.88     0     34.73      0.00      5.75    12     33.71      0.00      6.00
 1492970343.98     0     34.57      0.00      5.53    12     33.53      0.00      6.26
 1492970344.08     0     35.08      0.00      5.85    12     34.20      0.00      6.31
 1492970344.18     0     35.08      0.00      5.68    12     34.11      0.00      6.51
 1492970344.28     0     34.99      0.00      5.82    12     34.05      0.00      6.60
 1492970344.38     0     34.94      0.00      5.82    12     34.07      0.00      6.51
 1492970344.48     0     34.64      0.00      5.66    12     33.65      0.00      6.45
 1492970344.58     0     34.81      0.00      5.71    12     33.64      0.00      6.20
 1492970344.68     0     35.23      0.00      5.80    12     34.20      0.00      6.32
 1492970344.78     0     35.18      0.00      5.82    12     34.16      0.00      6.56
 1492970344.88     0     34.99      0.00      5.80    12     34.31      0.00      6.45
 1492970344.98     0     34.80      0.00      5.73    12     34.08      0.00      6.53
 1492970345.09     0     34.68      0.00      5.75    12     33.61      0.00      6.30
 1492970345.19     0     35.19      0.00      5.71    12     34.02      0.00      6.52
 1492970345.29     0     35.35      0.00      5.82    12     34.23      0.00      6.65
 1492970345.39     0     35.41      0.00      5.78    12     34.06      0.00      6.24
 1492970345.49     0     34.92      0.00      5.91    12     34.07      0.00      6.46
 1492970345.59     0     34.65      0.00      5.59    12     33.55      0.00      6.17
 1492970345.69     0     34.85      0.00      5.82    12     34.13      0.00      6.41
 1492970345.79     0     35.18      0.00      5.74    12     34.13      0.00      6.63
 1492970345.89     0     35.02      0.00      5.81    12     34.18      0.00      6.52
 1492970345.99     0     34.87      0.00      5.75    12     33.98      0.00      6.35
 1492970346.09     0     34.62      0.00      5.60    12     33.48      0.00      6.10
 1492970346.19     0     35.02      0.00      5.86    12     34.16      0.00      6.34
 1492970346.29     0     35.07      0.00      5.76    12     34.03      0.00      6.23
 1492970346.39     0     35.18      0.00      5.76    12     34.23      0.00      6.39
 1492970346.49     0     35.19      0.00      5.74    12     34.24      0.00      6.41
 1492970346.59     0     34.59      0.00      5.69    12     33.63      0.00      6.30
 1492970346.69     0     34.85      0.00      5.66    12     33.82      0.00      6.31
 1492970346.79     0     35.23      0.00      5.79    12     34.06      0.00      6.44
 1492970346.89     0     35.13      0.00      5.81    12     34.56      0.00      6.42
 1492970346.99     0     35.20      0.00      5.75    12     34.19      0.00      6.65
 1492970347.09     0     34.69      0.00      5.83    12     33.84      0.00      6.28
 1492970347.19     0     34.65      0.00      5.61    12     33.58      0.00      6.37
 1492970347.29     0     35.29      0.00      5.86    12     34.21      0.00      6.59
 1492970347.39     0     35.50      0.00      5.77    12     34.26      0.00      6.60
 1492970347.49     0     35.12      0.00      5.72    12     34.18      0.00      6.42
 1492970347.59     0     34.93      0.00      5.87    12     34.07      0.00      6.50
 1492970347.69     0     34.57      0.00      5.69    12     33.53      0.00      6.29
 1492970347.79     0     35.02      0.00      5.71    12     33.99      0.00      6.58
 1492970347.89     0     35.29      0.00      5.69    12     34.31      0.00      6.47
 1492970347.99     0     35.11      0.00      5.74    12     34.25      0.00      6.50
 1492970348.09     0     35.08      0.00      5.75    12     34.17      0.00      6.30
 1492970348.19     0     34.49      0.00      5.66    12     33.62      0.00      6.10
 1492970348.29     0     34.55      0.00      5.73    12     33.89      0.00      6.30
 1492970348.39     0     34.61      0.00      5.54    12     33.77      0.00      6.23
 1492970348.49     0     35.14      0.00      5.78    12     34.29      0.00      6.29
 1492970348.59     0     35.00      0.00      5.94    12     34.24      0.00      6.47
 1492970348.69     0     35.28      0.00      5.82    12     34.28      0.00      6.44
 1492970348.79     0     34.57      0.00      5.72    12     33.85      0.00      6.05
 1492970348.89     0     34.66      0.00      5.81    12     33.72      0.00      6.19
 1492970348.99     0     35.16      0.00      5.81    12     34.20      0.00      6.45
 1492970349.09     0     35.00      0.00      5.74    12     34.08      0.00      6.36
 1492970349.19     0     35.57      0.00      5.86    12     34.34      0.00      6.69
 1492970349.29     0     34.57      0.00      5.72    12     33.83      0.00      6.18
 1492970349.39     0     34.76      0.00      5.72    12     33.59      0.00      6.52
 1492970349.49     0     35.23      0.00      5.74    12     34.24      0.00      6.42
 1492970349.59     0     35.18      0.00      5.87    12     34.31      0.00      6.47
 1492970349.69     0     35.21      0.00      5.72    12     34.07      0.00      6.56
 1492970349.79     0     34.78      0.00      5.68    12     33.81      0.00      6.45
 1492970349.89     0     34.56      0.00      5.57    12     33.51      0.00      6.23
 1492970349.99     0     34.95      0.00      5.80    12     34.08      0.00      6.29
 1492970350.09     0     35.00      0.00      5.70    12     34.07      0.00      6.31
 1492970350.19     0     35.36      0.00      5.82    12     34.33      0.00      6.57
 1492970350.29     0     34.78      0.00      5.74    12     33.92      0.00      6.32
 1492970350.39     0     34.53      0.00      5.64    12     33.70      0.00      6.32
 1492970350.49     0     34.86      0.00      5.82    12     34.14      0.00      6.58
 1492970350.59     0     34.79      0.00      5.69    12     34.12      0.00      6.52
 1492970350.69     0     35.13      0.00      5.93    12     34.71      0.00      6.60
 1492970350.79     0     34.91      0.00      5.73    12     33.67      0.00      6.28
 1492970350.89     0     34.58      0.00      5.63    12     33.96      0.00      6.39
 1492970350.99     0     35.05      0.00      5.77    12     33.99      0.00      6.20
 1492970351.09     0     35.20      0.00      5.72    12     34.14      0.00      6.35
 1492970351.19     0     35.73      0.00      5.85    12     34.35      0.00      6.31
 1492970351.29     0     34.87      0.00      5.51    12     34.13      0.00      6.16
 1492970351.39     0     34.71      0.00      5.71    12     33.76      0.00      6.29
 1492970351.49     0     35.23      0.00      5.85    12     33.88      0.00      6.36
 1492970351.59     0     35.24      0.00      5.84    12     34.17      0.00      6.53
 1492970351.69     0     35.38      0.00      5.86    12     34.43      0.00      6.34
 1492970351.79     0     34.90      0.00      5.79    12     33.98      0.00      6.64
 1492970351.90     0     34.35      0.00      5.78    12     33.90      0.00      6.21
 1492970352.00     0     34.78      0.00      5.79    12     33.63      0.00      6.17
 1492970352.10     0     35.21      0.00      5.83    12     34.20      0.00      6.33
 1492970352.20     0     35.22      0.00      5.78    12     34.17      0.00      6.48
 1492970352.30     0     35.27      0.00      5.87    12     34.39      0.00      6.56
 1492970352.40     0     34.48      0.00      5.69    12     33.68      0.00      6.45
 1492970352.50     0     34.47      0.00      5.74    12     33.56      0.00      6.10
 1492970352.60     0     35.19      0.00      5.93    12     34.31      0.00      6.46
 1492970352.70     0     35.11      0.00      5.76    12     34.33      0.00      6.29
 1492970352.80     0     35.09      0.00      5.91    12     34.23      0.00      6.13
 1492970352.90     0     34.77      0.00      5.74    12     34.00      0.00      6.24
 1492970353.00     0     34.45      0.00      5.59    12     33.56      0.00      6.20
 1492970353.10     0     35.33      0.00      5.92    12     34.24      0.00      6.45
 1492970353.20     0     35.14      0.00      5.87    12     34.17      0.00      6.30
 1492970353.30     0     35.33      0.00      5.78    12     34.29      0.00      6.56
 1492970353.40     0     34.98      0.00      5.70    12     34.01      0.00      6.17
 1492970353.50     0     34.58      0.00      5.70    12     33.60      0.00      6.46
 1492970353.60     0     35.30      0.00      6.03    12     34.52      0.00      6.63
 1492970353.70     0     22.68      0.00      4.40    12     23.05      0.00      4.00
 1492970353.80     0     21.35      0.00      3.16    12     23.07      0.00      4.48
 1492970353.90     0     17.00      0.00      2.42    12     20.12      0.00      3.10
 1492970354.00     0     13.53      0.00      1.71    12     14.95      0.00      1.93
 1492970354.10     0     13.88      0.00      1.75    12     15.60      0.00      2.15
 1492970354.20     0     12.53      0.00      1.48    12     14.58      0.00      2.04
 1492970354.30     0     13.36      0.00      1.66    12     14.55      0.00      2.02
 1492970354.40     0     12.85      0.00      1.57    12     14.54      0.00      1.90
 1492970354.50     0     12.22      0.00      1.75    12     14.57      0.00      2.01
 1492970354.60     0     13.44      0.00      1.66    12     14.54      0.00      1.96
 1492970354.70     0     12.11      0.00      1.65    12     14.52      0.00      2.08
 1492970354.80     0     15.79      0.00      2.44    12     17.21      0.00      2.72
 1492970354.90     0     18.35      0.00      3.33    12     18.70      0.00      3.47
